
> minakeep@0.1.0 dev
> next dev --hostname 127.0.0.1 --port 3100

[1m[38;2;173;127;168m▲ Next.js 16.2.0[39m[22m (Turbopack)
- Local:         http://127.0.0.1:3100
- Network:       http://127.0.0.1:3100
- Environments: .env
[32m[1m✓[22m[39m Ready in 194ms

 GET /api/health [32m200[39m in 93ms[2m (next.js: 83ms, application-code: 10ms)[22m
 GET / [32m200[39m in 320ms[2m (next.js: 31ms, application-code: 289ms)[22m
 GET /login [32m200[39m in 327ms[2m (next.js: 165ms, application-code: 162ms)[22m
 GET /login [32m200[39m in 328ms[2m (next.js: 175ms, application-code: 153ms)[22m
 GET /login [32m200[39m in 338ms[2m (next.js: 271ms, application-code: 67ms)[22m
 GET /login?callbackUrl=http%3A%2F%2Flocalhost%3A3100%2Fapp%2Fsearch [32m200[39m in 77ms[2m (next.js: 29ms, application-code: 48ms)[22m
 GET /app [32m200[39m in 370ms[2m (next.js: 61ms, proxy.ts: 22ms, application-code: 287ms)[22m
 GET /app [32m200[39m in 374ms[2m (next.js: 29ms, proxy.ts: 22ms, application-code: 323ms)[22m
 GET /app [32m200[39m in 367ms[2m (next.js: 16ms, proxy.ts: 74ms, application-code: 278ms)[22m
 POST /login [34m303[39m in 508ms[2m (next.js: 1917µs, application-code: 506ms)[22m
  └─ ƒ loginAction({}) in 112ms [2msrc/app/login/actions.ts[22m
 POST /login [34m303[39m in 509ms[2m (next.js: 10ms, application-code: 499ms)[22m
  └─ ƒ loginAction({}) in 111ms [2msrc/app/login/actions.ts[22m
 POST /login [34m303[39m in 509ms[2m (next.js: 42ms, application-code: 466ms)[22m
  └─ ƒ loginAction({}) in 82ms [2msrc/app/login/actions.ts[22m
 GET /login?callbackUrl=http%3A%2F%2Flocalhost%3A3100%2Fapp%2Fnotes%2Fnew [32m200[39m in 19ms[2m (next.js: 1477µs, application-code: 18ms)[22m
 GET /app/notes/new [32m200[39m in 98ms[2m (next.js: 21ms, proxy.ts: 6ms, application-code: 71ms)[22m
 GET /app [32m200[39m in 213ms[2m (next.js: 1348µs, proxy.ts: 3ms, application-code: 209ms)[22m
 POST /login?callbackUrl=http%3A%2F%2Flocalhost%3A3100%2Fapp%2Fnotes%2Fnew [34m303[39m in 251ms[2m (next.js: 1611µs, application-code: 250ms)[22m
  └─ ƒ loginAction({}) in 29ms [2msrc/app/login/actions.ts[22m
 GET /app/links [32m200[39m in 129ms[2m (next.js: 41ms, proxy.ts: 6ms, application-code: 82ms)[22m
 GET /app/notes/new [32m200[39m in 23ms[2m (next.js: 1176µs, proxy.ts: 3ms, application-code: 19ms)[22m
 GET /app/links?saved=1 [32m200[39m in 116ms[2m (next.js: 6ms, proxy.ts: 11ms, application-code: 98ms)[22m
 POST /app/links [34m303[39m in 157ms[2m (next.js: 2ms, proxy.ts: 3ms, application-code: 151ms)[22m
  └─ ƒ createLinkAction({}) in 28ms [2msrc/app/app/links/actions.ts[22m
 GET /app/notes/cmmz9chhf0001sjybggkkrwvi/edit?saved=1 [32m200[39m in 302ms[2m (next.js: 216ms, proxy.ts: 46ms, application-code: 40ms)[22m
 GET /app/notes/cmmz9chj40002sjybx83njpzj/edit?saved=1 [32m200[39m in 252ms[2m (next.js: 196ms, proxy.ts: 16ms, application-code: 40ms)[22m
 POST /app/notes/new [34m303[39m in 359ms[2m (next.js: 4ms, proxy.ts: 29ms, application-code: 326ms)[22m
  └─ ƒ createNoteAction({}) in 10ms [2msrc/app/app/notes/actions.ts[22m
 POST /app/notes/new [34m303[39m in 331ms[2m (next.js: 4ms, proxy.ts: 23ms, application-code: 304ms)[22m
  └─ ƒ createNoteAction({}) in 44ms [2msrc/app/app/notes/actions.ts[22m
 POST /app/notes/cmmz9chj40002sjybx83njpzj/edit?saved=1 [34m303[39m in 182ms[2m (next.js: 5ms, proxy.ts: 3ms, application-code: 173ms)[22m
  └─ ƒ updateNoteAction("cmmz9chj40002sjybx83njpzj", {}) in 11ms [2msrc/app/app/notes/actions.ts[22m
 GET /app/notes/cmmz9chj40002sjybx83njpzj/edit?saved=1 [32m200[39m in 199ms[2m (next.js: 143ms, proxy.ts: 17ms, application-code: 38ms)[22m
 GET /app [32m200[39m in 220ms[2m (next.js: 1481µs, proxy.ts: 12ms, application-code: 207ms)[22m
 GET /app/notes/cmmz9chj40002sjybx83njpzj/edit [32m200[39m in 20ms[2m (next.js: 2ms, proxy.ts: 3ms, application-code: 15ms)[22m
 GET /login [32m200[39m in 16ms[2m (next.js: 1038µs, application-code: 15ms)[22m
 GET /app [32m200[39m in 77ms[2m (next.js: 1026µs, proxy.ts: 2ms, application-code: 73ms)[22m
 POST /login [34m303[39m in 112ms[2m (next.js: 1124µs, application-code: 110ms)[22m
  └─ ƒ loginAction({}) in 29ms [2msrc/app/login/actions.ts[22m
 GET /app/notes/new [32m200[39m in 29ms[2m (next.js: 3ms, proxy.ts: 7ms, application-code: 19ms)[22m
 GET /app/notes/cmmz9cio90003sjybh7csx0ef/edit?saved=1 [32m200[39m in 23ms[2m (next.js: 3ms, proxy.ts: 3ms, application-code: 18ms)[22m
 POST /app/notes/new [34m303[39m in 39ms[2m (next.js: 1100µs, proxy.ts: 3ms, application-code: 35ms)[22m
  └─ ƒ createNoteAction({}) in 7ms [2msrc/app/app/notes/actions.ts[22m
 GET /app/links?saved=1 [32m200[39m in 88ms[2m (next.js: 3ms, proxy.ts: 9ms, application-code: 75ms)[22m
 GET /app/notes/cmmz9chhf0001sjybggkkrwvi/edit?saved=1 [32m200[39m in 27ms[2m (next.js: 3ms, proxy.ts: 4ms, application-code: 20ms)[22m
 GET /app [32m200[39m in 146ms[2m (next.js: 1911µs, proxy.ts: 5ms, application-code: 140ms)[22m
 POST /api/test/mina/chat/completions [32m200[39m in 1511ms[2m (next.js: 13ms, application-code: 1498ms)[22m
 GET /app/search?q=ai [32m200[39m in 129ms[2m (next.js: 18ms, proxy.ts: 4ms, application-code: 107ms)[22m
 GET /app/tags?tag=ai [32m200[39m in 126ms[2m (next.js: 14ms, proxy.ts: 3ms, application-code: 110ms)[22m
 GET /app/notes/cmmz9cio90003sjybh7csx0ef/edit?saved=1 [32m200[39m in 21ms[2m (next.js: 2ms, proxy.ts: 3ms, application-code: 16ms)[22m
 GET /app/notes/cmmz9cio90003sjybh7csx0ef/edit?retried=1 [32m200[39m in 25ms[2m (next.js: 1939µs, proxy.ts: 3ms, application-code: 20ms)[22m
 POST /app/notes/cmmz9cio90003sjybh7csx0ef/edit?saved=1 [34m303[39m in 46ms[2m (next.js: 4ms, proxy.ts: 6ms, application-code: 36ms)[22m
  └─ ƒ retryNoteEnrichmentAction("cmmz9cio90003sjybh7csx0ef") in 6ms [2msrc/app/app/notes/actions.ts[22m
 POST /api/test/mina/chat/completions [32m200[39m in 1508ms[2m (next.js: 658µs, application-code: 1507ms)[22m
 GET /app/notes/cmmz9cio90003sjybh7csx0ef/edit?retried=1 [32m200[39m in 46ms[2m (next.js: 8ms, proxy.ts: 10ms, application-code: 29ms)[22m
 GET /login [32m200[39m in 18ms[2m (next.js: 985µs, application-code: 17ms)[22m
 GET /app [32m200[39m in 99ms[2m (next.js: 835µs, proxy.ts: 2ms, application-code: 96ms)[22m
 POST /login [34m303[39m in 136ms[2m (next.js: 884µs, application-code: 135ms)[22m
  └─ ƒ loginAction({}) in 31ms [2msrc/app/login/actions.ts[22m
 GET /app/notes/new [32m200[39m in 24ms[2m (next.js: 1471µs, proxy.ts: 6ms, application-code: 16ms)[22m
 GET /app/notes/cmmz9cnw80004sjybva57rhor/edit?saved=1 [32m200[39m in 24ms[2m (next.js: 3ms, proxy.ts: 2ms, application-code: 19ms)[22m
 POST /app/notes/new [34m303[39m in 41ms[2m (next.js: 1404µs, proxy.ts: 4ms, application-code: 35ms)[22m
  └─ ƒ createNoteAction({}) in 7ms [2msrc/app/app/notes/actions.ts[22m
 GET /app/notes/cmmz9cnw80004sjybva57rhor/edit?published=1 [32m200[39m in 23ms[2m (next.js: 1324µs, proxy.ts: 2ms, application-code: 19ms)[22m
 POST /app/notes/cmmz9cnw80004sjybva57rhor/edit?saved=1 [34m303[39m in 36ms[2m (next.js: 1508µs, proxy.ts: 3ms, application-code: 31ms)[22m
  └─ ƒ publishNoteAction("cmmz9cnw80004sjybva57rhor") in 5ms [2msrc/app/app/notes/actions.ts[22m
 GET / [32m200[39m in 18ms[2m (next.js: 915µs, application-code: 17ms)[22m
 GET /notes/public-note-1774032844316 [32m200[39m in 194ms[2m (next.js: 178ms, application-code: 16ms)[22m
 GET /app [32m200[39m in 139ms[2m (next.js: 946µs, proxy.ts: 3ms, application-code: 135ms)[22m
 GET /app/notes/cmmz9cnw80004sjybva57rhor/edit [32m200[39m in 20ms[2m (next.js: 2ms, proxy.ts: 3ms, application-code: 14ms)[22m
 GET /app/notes/cmmz9cnw80004sjybva57rhor/edit?unpublished=1 [32m200[39m in 24ms[2m (next.js: 1307µs, proxy.ts: 2ms, application-code: 20ms)[22m
 POST /app/notes/cmmz9cnw80004sjybva57rhor/edit [34m303[39m in 36ms[2m (next.js: 1382µs, proxy.ts: 3ms, application-code: 32ms)[22m
  └─ ƒ unpublishNoteAction("cmmz9cnw80004sjybva57rhor") in 5ms [2msrc/app/app/notes/actions.ts[22m
 GET / [32m200[39m in 17ms[2m (next.js: 784µs, application-code: 16ms)[22m
 GET /notes/public-note-1774032844316 [33m404[39m in 25ms[2m (next.js: 1560µs, application-code: 23ms)[22m
 GET /login [32m200[39m in 24ms[2m (next.js: 892µs, application-code: 23ms)[22m
 GET /app [32m200[39m in 73ms[2m (next.js: 884µs, proxy.ts: 3ms, application-code: 69ms)[22m
 POST /login [34m303[39m in 106ms[2m (next.js: 913µs, application-code: 105ms)[22m
  └─ ƒ loginAction({}) in 29ms [2msrc/app/login/actions.ts[22m
 GET /app/links [32m200[39m in 78ms[2m (next.js: 1794µs, proxy.ts: 8ms, application-code: 68ms)[22m
 GET /app/links?saved=1 [32m200[39m in 70ms[2m (next.js: 770µs, proxy.ts: 2ms, application-code: 67ms)[22m
 POST /app/links [34m303[39m in 82ms[2m (next.js: 854µs, proxy.ts: 3ms, application-code: 78ms)[22m
  └─ ƒ createLinkAction({}) in 5ms [2msrc/app/app/links/actions.ts[22m
 POST /api/test/mina/chat/completions [32m200[39m in 2ms[2m (next.js: 640µs, application-code: 1708µs)[22m
 GET /app/links?saved=1 [32m200[39m in 71ms[2m (next.js: 1607µs, proxy.ts: 6ms, application-code: 63ms)[22m
 GET / [32m200[39m in 24ms[2m (next.js: 1794µs, application-code: 22ms)[22m
 GET /login [32m200[39m in 14ms[2m (next.js: 752µs, application-code: 14ms)[22m
 GET /app [32m200[39m in 69ms[2m (next.js: 792µs, proxy.ts: 2ms, application-code: 66ms)[22m
 POST /login [34m303[39m in 104ms[2m (next.js: 919µs, application-code: 103ms)[22m
  └─ ƒ loginAction({}) in 29ms [2msrc/app/login/actions.ts[22m
 GET /app/links [32m200[39m in 77ms[2m (next.js: 1755µs, proxy.ts: 7ms, application-code: 68ms)[22m
 GET /app/links?saved=1 [32m200[39m in 59ms[2m (next.js: 741µs, proxy.ts: 2ms, application-code: 56ms)[22m
 POST /app/links [34m303[39m in 71ms[2m (next.js: 798µs, proxy.ts: 3ms, application-code: 68ms)[22m
  └─ ƒ createLinkAction({}) in 5ms [2msrc/app/app/links/actions.ts[22m
 POST /api/test/mina/chat/completions [32m200[39m in 1511ms[2m (next.js: 598µs, application-code: 1510ms)[22m
 GET /app/links?saved=1 [32m200[39m in 106ms[2m (next.js: 3ms, proxy.ts: 11ms, application-code: 92ms)[22m
 GET /app/links?retried=1 [32m200[39m in 67ms[2m (next.js: 958µs, proxy.ts: 3ms, application-code: 63ms)[22m
 POST /app/links?saved=1 [34m303[39m in 84ms[2m (next.js: 1575µs, proxy.ts: 5ms, application-code: 78ms)[22m
  └─ ƒ retryLinkEnrichmentAction("cmmz9csem0008sjybnzxu45m6") in 5ms [2msrc/app/app/links/actions.ts[22m
 GET /app/links?retried=1 [32m200[39m in 82ms[2m (next.js: 1479µs, proxy.ts: 5ms, application-code: 75ms)[22m
 POST /api/test/mina/chat/completions [32m200[39m in 1510ms[2m (next.js: 657µs, application-code: 1510ms)[22m
 GET /app/links?retried=1 [32m200[39m in 83ms[2m (next.js: 4ms, proxy.ts: 9ms, application-code: 70ms)[22m
 GET /login [32m200[39m in 16ms[2m (next.js: 865µs, application-code: 15ms)[22m
 GET /app [32m200[39m in 102ms[2m (next.js: 785µs, proxy.ts: 2ms, application-code: 99ms)[22m
 POST /login [34m303[39m in 136ms[2m (next.js: 937µs, application-code: 135ms)[22m
  └─ ƒ loginAction({}) in 29ms [2msrc/app/login/actions.ts[22m
 GET /app/links [32m200[39m in 70ms[2m (next.js: 1559µs, proxy.ts: 7ms, application-code: 62ms)[22m
 GET /app/links?error=invalid-url [32m200[39m in 68ms[2m (next.js: 718µs, proxy.ts: 2ms, application-code: 65ms)[22m
 POST /app/links [34m303[39m in 78ms[2m (next.js: 815µs, proxy.ts: 3ms, application-code: 74ms)[22m
  └─ ƒ createLinkAction({}) in 3ms [2msrc/app/app/links/actions.ts[22m
 GET /login [32m200[39m in 15ms[2m (next.js: 733µs, application-code: 14ms)[22m
 GET /app [32m200[39m in 77ms[2m (next.js: 839µs, proxy.ts: 2ms, application-code: 74ms)[22m
 POST /login [34m303[39m in 110ms[2m (next.js: 878µs, application-code: 110ms)[22m
  └─ ƒ loginAction({}) in 29ms [2msrc/app/login/actions.ts[22m
 GET /app/notes/new [32m200[39m in 23ms[2m (next.js: 1564µs, proxy.ts: 4ms, application-code: 18ms)[22m
 GET /app/notes/cmmz9cz460009sjyb2m9k2vzl/edit?saved=1 [32m200[39m in 23ms[2m (next.js: 3ms, proxy.ts: 3ms, application-code: 18ms)[22m
 POST /app/notes/new [34m303[39m in 39ms[2m (next.js: 1158µs, proxy.ts: 4ms, application-code: 34ms)[22m
  └─ ƒ createNoteAction({}) in 7ms [2msrc/app/app/notes/actions.ts[22m
 GET /app/links [32m200[39m in 142ms[2m (next.js: 956µs, proxy.ts: 2ms, application-code: 138ms)[22m
 GET /app/links?saved=1 [32m200[39m in 70ms[2m (next.js: 747µs, proxy.ts: 2ms, application-code: 68ms)[22m
 POST /app/links [34m303[39m in 85ms[2m (next.js: 863µs, proxy.ts: 3ms, application-code: 82ms)[22m
  └─ ƒ createLinkAction({}) in 6ms [2msrc/app/app/links/actions.ts[22m
 POST /api/test/mina/chat/completions [32m200[39m in 2ms[2m (next.js: 639µs, application-code: 1485µs)[22m
 GET /app/links?saved=1 [32m200[39m in 83ms[2m (next.js: 3ms, proxy.ts: 9ms, application-code: 71ms)[22m
 GET /app/tags?tag=ai-owned [32m200[39m in 142ms[2m (next.js: 1515µs, proxy.ts: 6ms, application-code: 135ms)[22m
 GET /app/tags [32m200[39m in 206ms[2m (next.js: 864µs, proxy.ts: 3ms, application-code: 203ms)[22m
 GET /app/search?q=Filtered%20note%201774032858844 [32m200[39m in 28ms[2m (next.js: 947µs, proxy.ts: 3ms, application-code: 24ms)[22m
 GET /app/search?q=url-needle-1774032858844 [32m200[39m in 25ms[2m (next.js: 743µs, proxy.ts: 2ms, application-code: 22ms)[22m
 GET /app/search?q=ai-owned [32m200[39m in 41ms[2m (next.js: 767µs, proxy.ts: 2ms, application-code: 38ms)[22m
