
> minakeep@0.1.0 dev
> next dev --hostname 127.0.0.1 --port 3100

[1m[38;2;173;127;168m▲ Next.js 16.2.0[39m[22m (Turbopack)
- Local:         http://127.0.0.1:3100
- Network:       http://127.0.0.1:3100
- Environments: .env
[32m[1m✓[22m[39m Ready in 198ms

 GET /api/health [32m200[39m in 106ms[2m (next.js: 96ms, application-code: 10ms)[22m
 GET /login [32m200[39m in 167ms[2m (next.js: 53ms, application-code: 115ms)[22m
 GET /app [32m200[39m in 114ms[2m (next.js: 25ms, proxy.ts: 36ms, application-code: 52ms)[22m
 POST /login [34m303[39m in 222ms[2m (next.js: 1402µs, application-code: 220ms)[22m
  └─ ƒ loginAction({}) in 96ms [2msrc/app/login/actions.ts[22m
 GET / [32m200[39m in 52ms[2m (next.js: 10ms, application-code: 42ms)[22m
 GET /login?callbackUrl=http%3A%2F%2Flocalhost%3A3100%2Fapp%2Fsearch [32m200[39m in 21ms[2m (next.js: 895µs, application-code: 20ms)[22m
 GET /login?callbackUrl=http%3A%2F%2Flocalhost%3A3100%2Fapp%2Fnotes%2Fnew [32m200[39m in 31ms[2m (next.js: 882µs, application-code: 30ms)[22m
 GET /app [32m200[39m in 23ms[2m (next.js: 1196µs, proxy.ts: 3ms, application-code: 19ms)[22m
 POST /login?callbackUrl=http%3A%2F%2Flocalhost%3A3100%2Fapp%2Fnotes%2Fnew [34m303[39m in 59ms[2m (next.js: 1022µs, application-code: 58ms)[22m
  └─ ƒ loginAction({}) in 31ms [2msrc/app/login/actions.ts[22m
 GET /app/notes/new [32m200[39m in 39ms[2m (next.js: 23ms, proxy.ts: 3ms, application-code: 14ms)[22m
 GET /app/notes/cmn14h4u80000s0ybqu8ay8i6/edit?saved=1 [32m200[39m in 259ms[2m (next.js: 235ms, proxy.ts: 3ms, application-code: 21ms)[22m
 POST /app/notes/new [34m303[39m in 289ms[2m (next.js: 1076µs, proxy.ts: 3ms, application-code: 285ms)[22m
  └─ ƒ createNoteAction({}) in 20ms [2msrc/app/app/notes/actions.ts[22m
 POST /app/notes/cmn14h4u80000s0ybqu8ay8i6/edit?saved=1 [34m303[39m in 145ms[2m (next.js: 4ms, proxy.ts: 5ms, application-code: 136ms)[22m
  └─ ƒ updateNoteAction("cmn14h4u80000s0ybqu8ay8i6", {}) in 31ms [2msrc/app/app/notes/actions.ts[22m
 GET /app [32m200[39m in 192ms[2m (next.js: 1704µs, proxy.ts: 8ms, application-code: 182ms)[22m
 GET /app/notes/cmn14h4u80000s0ybqu8ay8i6/edit?saved=1 [32m200[39m in 159ms[2m (next.js: 14ms, proxy.ts: 114ms, application-code: 31ms)[22m
 GET /app/notes/cmn14h4u80000s0ybqu8ay8i6/edit [32m200[39m in 22ms[2m (next.js: 1807µs, proxy.ts: 4ms, application-code: 16ms)[22m
 GET /login [32m200[39m in 20ms[2m (next.js: 781µs, application-code: 19ms)[22m
 GET /app [32m200[39m in 29ms[2m (next.js: 1055µs, proxy.ts: 3ms, application-code: 26ms)[22m
 POST /login [34m303[39m in 65ms[2m (next.js: 909µs, application-code: 64ms)[22m
  └─ ƒ loginAction({}) in 31ms [2msrc/app/login/actions.ts[22m
 GET /app/notes/new [32m200[39m in 17ms[2m (next.js: 928µs, proxy.ts: 3ms, application-code: 12ms)[22m
 GET /app/notes/cmn14h5sd0001s0yb2er0pud6/edit?saved=1 [32m200[39m in 24ms[2m (next.js: 2ms, proxy.ts: 2ms, application-code: 20ms)[22m
 POST /app/notes/new [34m303[39m in 40ms[2m (next.js: 958µs, proxy.ts: 3ms, application-code: 36ms)[22m
  └─ ƒ createNoteAction({}) in 7ms [2msrc/app/app/notes/actions.ts[22m
 POST /api/test/mina/chat/completions [32m200[39m in 1514ms[2m (next.js: 13ms, application-code: 1501ms)[22m
 GET /app/notes/cmn14h5sd0001s0yb2er0pud6/edit?saved=1 [32m200[39m in 38ms[2m (next.js: 5ms, proxy.ts: 7ms, application-code: 25ms)[22m
 GET /app/notes/cmn14h5sd0001s0yb2er0pud6/edit?retried=1 [32m200[39m in 26ms[2m (next.js: 1690µs, proxy.ts: 3ms, application-code: 21ms)[22m
 POST /app/notes/cmn14h5sd0001s0yb2er0pud6/edit?saved=1 [34m303[39m in 46ms[2m (next.js: 4ms, proxy.ts: 7ms, application-code: 35ms)[22m
  └─ ƒ retryNoteEnrichmentAction("cmn14h5sd0001s0yb2er0pud6") in 5ms [2msrc/app/app/notes/actions.ts[22m
 POST /api/test/mina/chat/completions [32m200[39m in 1511ms[2m (next.js: 799µs, application-code: 1510ms)[22m
 GET /app/notes/cmn14h5sd0001s0yb2er0pud6/edit?retried=1 [32m200[39m in 63ms[2m (next.js: 5ms, proxy.ts: 19ms, application-code: 40ms)[22m
 GET /login [32m200[39m in 18ms[2m (next.js: 826µs, application-code: 17ms)[22m
 GET /app [32m200[39m in 23ms[2m (next.js: 879µs, proxy.ts: 3ms, application-code: 19ms)[22m
 POST /login [34m303[39m in 57ms[2m (next.js: 879µs, application-code: 56ms)[22m
  └─ ƒ loginAction({}) in 30ms [2msrc/app/login/actions.ts[22m
 GET /app/notes/new [32m200[39m in 16ms[2m (next.js: 879µs, proxy.ts: 3ms, application-code: 12ms)[22m
 GET /app/notes/cmn14hatz0002s0ybao4zxcqn/edit?saved=1 [32m200[39m in 24ms[2m (next.js: 2ms, proxy.ts: 2ms, application-code: 19ms)[22m
 POST /app/notes/new [34m303[39m in 40ms[2m (next.js: 885µs, proxy.ts: 3ms, application-code: 36ms)[22m
  └─ ƒ createNoteAction({}) in 7ms [2msrc/app/app/notes/actions.ts[22m
 GET /app/notes/cmn14hatz0002s0ybao4zxcqn/edit?published=1 [32m200[39m in 22ms[2m (next.js: 1280µs, proxy.ts: 2ms, application-code: 18ms)[22m
 POST /app/notes/cmn14hatz0002s0ybao4zxcqn/edit?saved=1 [34m303[39m in 36ms[2m (next.js: 1712µs, proxy.ts: 3ms, application-code: 31ms)[22m
  └─ ƒ publishNoteAction("cmn14hatz0002s0ybao4zxcqn") in 5ms [2msrc/app/app/notes/actions.ts[22m
 GET / [32m200[39m in 19ms[2m (next.js: 977µs, application-code: 18ms)[22m
 GET /notes/public-note-1774145595203 [32m200[39m in 201ms[2m (next.js: 185ms, application-code: 15ms)[22m
 GET /app [32m200[39m in 62ms[2m (next.js: 939µs, proxy.ts: 3ms, application-code: 58ms)[22m
 GET /app/notes/cmn14hatz0002s0ybao4zxcqn/edit [32m200[39m in 22ms[2m (next.js: 3ms, proxy.ts: 3ms, application-code: 15ms)[22m
 GET /app/notes/cmn14hatz0002s0ybao4zxcqn/edit?unpublished=1 [32m200[39m in 22ms[2m (next.js: 1252µs, proxy.ts: 2ms, application-code: 19ms)[22m
 POST /app/notes/cmn14hatz0002s0ybao4zxcqn/edit [34m303[39m in 36ms[2m (next.js: 1627µs, proxy.ts: 3ms, application-code: 31ms)[22m
  └─ ƒ unpublishNoteAction("cmn14hatz0002s0ybao4zxcqn") in 5ms [2msrc/app/app/notes/actions.ts[22m
 GET / [32m200[39m in 17ms[2m (next.js: 930µs, application-code: 16ms)[22m
 GET /notes/public-note-1774145595203 [33m404[39m in 40ms[2m (next.js: 1852µs, application-code: 38ms)[22m
 GET /login [32m200[39m in 18ms[2m (next.js: 765µs, application-code: 18ms)[22m
 GET /app [32m200[39m in 29ms[2m (next.js: 935µs, proxy.ts: 3ms, application-code: 26ms)[22m
 POST /login [34m303[39m in 64ms[2m (next.js: 952µs, application-code: 63ms)[22m
  └─ ƒ loginAction({}) in 30ms [2msrc/app/login/actions.ts[22m
 GET /app/links [32m200[39m in 40ms[2m (next.js: 19ms, proxy.ts: 3ms, application-code: 18ms)[22m
 GET /app/links?saved=1 [32m200[39m in 24ms[2m (next.js: 898µs, proxy.ts: 3ms, application-code: 21ms)[22m
 POST /app/links [34m303[39m in 40ms[2m (next.js: 901µs, proxy.ts: 3ms, application-code: 36ms)[22m
  └─ ƒ createLinkAction({}) in 8ms [2msrc/app/app/links/actions.ts[22m
 POST /api/test/mina/chat/completions [32m200[39m in 2ms[2m (next.js: 608µs, application-code: 1723µs)[22m
{"level":"warn","message":"Link favicon could not be resolved.","metadata":{"linkId":"cmn14hc2m0003s0ybpz48lnfo","url":"https://example.com/reference-1774145596841"},"timestamp":"2026-03-22T02:13:17.346Z"}
 GET /app/links?saved=1 [32m200[39m in 39ms[2m (next.js: 2ms, proxy.ts: 6ms, application-code: 31ms)[22m
 GET / [32m200[39m in 29ms[2m (next.js: 1905µs, application-code: 27ms)[22m
 GET /login [32m200[39m in 18ms[2m (next.js: 830µs, application-code: 17ms)[22m
 GET /app [32m200[39m in 56ms[2m (next.js: 935µs, proxy.ts: 2ms, application-code: 52ms)[22m
 POST /login [34m303[39m in 90ms[2m (next.js: 921µs, application-code: 89ms)[22m
  └─ ƒ loginAction({}) in 28ms [2msrc/app/login/actions.ts[22m
 GET /app/links [32m200[39m in 22ms[2m (next.js: 1158µs, proxy.ts: 4ms, application-code: 16ms)[22m
 GET /app/links?saved=1 [32m200[39m in 24ms[2m (next.js: 794µs, proxy.ts: 2ms, application-code: 21ms)[22m
 POST /app/links [34m303[39m in 38ms[2m (next.js: 859µs, proxy.ts: 3ms, application-code: 35ms)[22m
  └─ ƒ createLinkAction({}) in 7ms [2msrc/app/app/links/actions.ts[22m
 POST /api/test/mina/chat/completions [32m200[39m in 2ms[2m (next.js: 668µs, application-code: 1472µs)[22m
{"level":"warn","message":"Link favicon could not be resolved.","metadata":{"linkId":"cmn14hesl0004s0yb0by321z8","url":"https://example.com/published-link-1774145600362"},"timestamp":"2026-03-22T02:13:20.875Z"}
 GET /app/links?saved=1 [32m200[39m in 37ms[2m (next.js: 1864µs, proxy.ts: 7ms, application-code: 28ms)[22m
 GET /app/links?published=1 [32m200[39m in 30ms[2m (next.js: 1057µs, proxy.ts: 3ms, application-code: 26ms)[22m
 POST /app/links?saved=1 [34m303[39m in 51ms[2m (next.js: 1628µs, proxy.ts: 7ms, application-code: 42ms)[22m
  └─ ƒ publishLinkAction("cmn14hesl0004s0yb0by321z8") in 8ms [2msrc/app/app/links/actions.ts[22m
 GET / [32m200[39m in 18ms[2m (next.js: 834µs, application-code: 18ms)[22m
 GET /app/links [32m200[39m in 69ms[2m (next.js: 844µs, proxy.ts: 2ms, application-code: 66ms)[22m
 GET /app/links?unpublished=1 [32m200[39m in 26ms[2m (next.js: 811µs, proxy.ts: 3ms, application-code: 23ms)[22m
 POST /app/links [34m303[39m in 40ms[2m (next.js: 899µs, proxy.ts: 3ms, application-code: 36ms)[22m
  └─ ƒ unpublishLinkAction("cmn14hesl0004s0yb0by321z8") in 7ms [2msrc/app/app/links/actions.ts[22m
 GET / [32m200[39m in 18ms[2m (next.js: 869µs, application-code: 18ms)[22m
 GET /login [32m200[39m in 17ms[2m (next.js: 845µs, application-code: 16ms)[22m
 GET /app [32m200[39m in 24ms[2m (next.js: 1057µs, proxy.ts: 2ms, application-code: 21ms)[22m
 POST /login [34m303[39m in 59ms[2m (next.js: 996µs, application-code: 58ms)[22m
  └─ ƒ loginAction({}) in 30ms [2msrc/app/login/actions.ts[22m
 GET /app/links [32m200[39m in 24ms[2m (next.js: 1290µs, proxy.ts: 4ms, application-code: 19ms)[22m
 GET /app/links?saved=1 [32m200[39m in 32ms[2m (next.js: 841µs, proxy.ts: 2ms, application-code: 29ms)[22m
 POST /app/links [34m303[39m in 47ms[2m (next.js: 937µs, proxy.ts: 3ms, application-code: 43ms)[22m
  └─ ƒ createLinkAction({}) in 6ms [2msrc/app/app/links/actions.ts[22m
{"level":"warn","message":"Link favicon could not be resolved.","metadata":{"linkId":"cmn14hhwe0005s0ybwnmt6wcp","url":"https://example.com/retry-link-1774145604378"},"timestamp":"2026-03-22T02:13:24.911Z"}
 POST /api/test/mina/chat/completions [32m200[39m in 1514ms[2m (next.js: 675µs, application-code: 1513ms)[22m
 GET /app/links?saved=1 [32m200[39m in 42ms[2m (next.js: 2ms, proxy.ts: 7ms, application-code: 33ms)[22m
 GET /app/links?retried=1 [32m200[39m in 28ms[2m (next.js: 856µs, proxy.ts: 3ms, application-code: 25ms)[22m
 POST /app/links?saved=1 [34m303[39m in 44ms[2m (next.js: 1842µs, proxy.ts: 4ms, application-code: 38ms)[22m
  └─ ƒ retryLinkEnrichmentAction("cmn14hhwe0005s0ybwnmt6wcp") in 6ms [2msrc/app/app/links/actions.ts[22m
 POST /api/test/mina/chat/completions [32m200[39m in 1509ms[2m (next.js: 617µs, application-code: 1509ms)[22m
 GET /app/links?retried=1 [32m200[39m in 50ms[2m (next.js: 3ms, proxy.ts: 10ms, application-code: 37ms)[22m
 GET /login [32m200[39m in 18ms[2m (next.js: 873µs, application-code: 18ms)[22m
 GET /app [32m200[39m in 55ms[2m (next.js: 6ms, proxy.ts: 3ms, application-code: 47ms)[22m
 POST /login [34m303[39m in 91ms[2m (next.js: 908µs, application-code: 90ms)[22m
  └─ ƒ loginAction({}) in 30ms [2msrc/app/login/actions.ts[22m
 GET /app/links [32m200[39m in 25ms[2m (next.js: 1259µs, proxy.ts: 3ms, application-code: 20ms)[22m
 GET /app/links?error=invalid-url [32m200[39m in 25ms[2m (next.js: 760µs, proxy.ts: 2ms, application-code: 22ms)[22m
 POST /app/links [34m303[39m in 35ms[2m (next.js: 894µs, proxy.ts: 3ms, application-code: 31ms)[22m
  └─ ƒ createLinkAction({}) in 3ms [2msrc/app/app/links/actions.ts[22m
 GET /login [32m200[39m in 14ms[2m (next.js: 740µs, application-code: 14ms)[22m
 GET /app [32m200[39m in 23ms[2m (next.js: 1008µs, proxy.ts: 2ms, application-code: 20ms)[22m
 POST /login [34m303[39m in 57ms[2m (next.js: 1260µs, application-code: 56ms)[22m
  └─ ƒ loginAction({}) in 30ms [2msrc/app/login/actions.ts[22m
 GET /app/notes/new [32m200[39m in 16ms[2m (next.js: 920µs, proxy.ts: 3ms, application-code: 12ms)[22m
 GET /app/notes/cmn14hndd0006s0ybxj5dga51/edit?saved=1 [32m200[39m in 27ms[2m (next.js: 6ms, proxy.ts: 2ms, application-code: 18ms)[22m
 POST /app/notes/new [34m303[39m in 40ms[2m (next.js: 797µs, proxy.ts: 3ms, application-code: 36ms)[22m
  └─ ƒ createNoteAction({}) in 6ms [2msrc/app/app/notes/actions.ts[22m
 GET /app/links [32m200[39m in 60ms[2m (next.js: 892µs, proxy.ts: 2ms, application-code: 56ms)[22m
 GET /app/links?saved=1 [32m200[39m in 28ms[2m (next.js: 862µs, proxy.ts: 2ms, application-code: 24ms)[22m
 POST /app/links [34m303[39m in 42ms[2m (next.js: 1724µs, proxy.ts: 3ms, application-code: 36ms)[22m
  └─ ƒ createLinkAction({}) in 5ms [2msrc/app/app/links/actions.ts[22m
 POST /api/test/mina/chat/completions [32m200[39m in 2ms[2m (next.js: 614µs, application-code: 1537µs)[22m
{"level":"warn","message":"Link favicon could not be resolved.","metadata":{"linkId":"cmn14hnkc0007s0ybh30floki","url":"https://example.com/url-needle-1774145611456"},"timestamp":"2026-03-22T02:13:32.242Z"}
 GET /app/links?saved=1 [32m200[39m in 47ms[2m (next.js: 2ms, proxy.ts: 9ms, application-code: 36ms)[22m
 GET /app/tags?tag=ai-owned [32m200[39m in 145ms[2m (next.js: 25ms, proxy.ts: 6ms, application-code: 114ms)[22m
 GET /app/tags [32m200[39m in 62ms[2m (next.js: 718µs, proxy.ts: 3ms, application-code: 59ms)[22m
 GET /app/search?q=Filtered%20note%201774145611456 [32m200[39m in 86ms[2m (next.js: 16ms, proxy.ts: 2ms, application-code: 67ms)[22m
 GET /app/search?q=url-needle-1774145611456 [32m200[39m in 55ms[2m (next.js: 747µs, proxy.ts: 3ms, application-code: 51ms)[22m
 GET /app/search?q=ai-owned [32m200[39m in 46ms[2m (next.js: 866µs, proxy.ts: 3ms, application-code: 42ms)[22m
 GET /login [32m200[39m in 15ms[2m (next.js: 803µs, application-code: 14ms)[22m
 GET /app [32m200[39m in 25ms[2m (next.js: 921µs, proxy.ts: 3ms, application-code: 21ms)[22m
 POST /login [34m303[39m in 60ms[2m (next.js: 878µs, application-code: 59ms)[22m
  └─ ƒ loginAction({}) in 30ms [2msrc/app/login/actions.ts[22m
 GET /app/links [32m200[39m in 26ms[2m (next.js: 877µs, proxy.ts: 3ms, application-code: 23ms)[22m
 GET /app/links?saved=1 [32m200[39m in 28ms[2m (next.js: 723µs, proxy.ts: 2ms, application-code: 26ms)[22m
 POST /app/links [34m303[39m in 46ms[2m (next.js: 1036µs, proxy.ts: 8ms, application-code: 37ms)[22m
  └─ ƒ createLinkAction({}) in 6ms [2msrc/app/app/links/actions.ts[22m
{"level":"warn","message":"Link favicon could not be resolved.","metadata":{"linkId":"cmn14hqp40008s0ybkkfunb91","url":"https://example.com/ai-enriched-link-1774145615798"},"timestamp":"2026-03-22T02:13:36.296Z"}
 GET /app/links?saved=1 [32m200[39m in 52ms[2m (next.js: 3ms, proxy.ts: 10ms, application-code: 39ms)[22m
 GET /app/search?q=advancedanalytics [32m200[39m in 50ms[2m (next.js: 1788µs, proxy.ts: 6ms, application-code: 42ms)[22m
 GET /app/tags?tag=advancedanalytics [32m200[39m in 69ms[2m (next.js: 821µs, proxy.ts: 2ms, application-code: 66ms)[22m
 GET /login [32m200[39m in 16ms[2m (next.js: 1133µs, application-code: 15ms)[22m
 GET /app [32m200[39m in 24ms[2m (next.js: 904µs, proxy.ts: 3ms, application-code: 20ms)[22m
 POST /login [34m303[39m in 59ms[2m (next.js: 878µs, application-code: 58ms)[22m
  └─ ƒ loginAction({}) in 30ms [2msrc/app/login/actions.ts[22m
 GET /app/links [32m200[39m in 57ms[2m (next.js: 1043µs, proxy.ts: 2ms, application-code: 54ms)[22m
 GET /app/links?saved=1 [32m200[39m in 34ms[2m (next.js: 950µs, proxy.ts: 6ms, application-code: 27ms)[22m
 POST /app/links [34m303[39m in 47ms[2m (next.js: 956µs, proxy.ts: 3ms, application-code: 43ms)[22m
  └─ ƒ createLinkAction({}) in 4ms [2msrc/app/app/links/actions.ts[22m
 POST /api/test/mina/chat/completions [32m200[39m in 2ms[2m (next.js: 648µs, application-code: 1571µs)[22m
 GET /app/links?saved=1 [32m200[39m in 50ms[2m (next.js: 3ms, proxy.ts: 8ms, application-code: 39ms)[22m
 GET /media/46288ebe-eb67-402e-ba51-2b50aaa7d11c [32m200[39m in 438ms[2m (next.js: 427ms, application-code: 11ms)[22m
 GET /app/links?published=1 [32m200[39m in 61ms[2m (next.js: 1065µs, proxy.ts: 3ms, application-code: 57ms)[22m
 POST /app/links?saved=1 [34m303[39m in 80ms[2m (next.js: 1330µs, proxy.ts: 6ms, application-code: 72ms)[22m
  └─ ƒ publishLinkAction("cmn14htjb000as0ybsymgf4ht") in 7ms [2msrc/app/app/links/actions.ts[22m
 GET /media/46288ebe-eb67-402e-ba51-2b50aaa7d11c [32m200[39m in 12ms[2m (next.js: 2ms, application-code: 9ms)[22m
 GET / [32m200[39m in 20ms[2m (next.js: 1624µs, application-code: 18ms)[22m
 GET /media/46288ebe-eb67-402e-ba51-2b50aaa7d11c [32m200[39m in 13ms[2m (next.js: 983µs, application-code: 12ms)[22m
 GET /app/links [32m200[39m in 67ms[2m (next.js: 835µs, proxy.ts: 3ms, application-code: 63ms)[22m
 GET /media/46288ebe-eb67-402e-ba51-2b50aaa7d11c [32m200[39m in 8ms[2m (next.js: 1193µs, application-code: 7ms)[22m
 GET /app/links?saved=1 [32m200[39m in 37ms[2m (next.js: 781µs, proxy.ts: 2ms, application-code: 34ms)[22m
 POST /app/links [34m303[39m in 50ms[2m (next.js: 769µs, proxy.ts: 3ms, application-code: 46ms)[22m
  └─ ƒ createLinkAction({}) in 7ms [2msrc/app/app/links/actions.ts[22m
{"level":"warn","message":"Link favicon cache failed.","metadata":{"error":"Configured link favicon fetch failure for Playwright.","linkId":"cmn14hw44000bs0ybrap3ad06","url":"https://example.com/fallback-favicon-1774145619465"},"timestamp":"2026-03-22T02:13:43.294Z"}
 POST /api/test/mina/chat/completions [32m200[39m in 1922µs[2m (next.js: 612µs, application-code: 1310µs)[22m
 GET /media/46288ebe-eb67-402e-ba51-2b50aaa7d11c [32m200[39m in 7ms[2m (next.js: 819µs, application-code: 6ms)[22m
 GET /app/links?saved=1 [32m200[39m in 58ms[2m (next.js: 3ms, proxy.ts: 9ms, application-code: 45ms)[22m
 GET /app/links?favicon=1 [32m200[39m in 36ms[2m (next.js: 1455µs, proxy.ts: 3ms, application-code: 32ms)[22m
 POST /app/links?saved=1 [34m303[39m in 53ms[2m (next.js: 1187µs, proxy.ts: 5ms, application-code: 47ms)[22m
  └─ ƒ refreshLinkFaviconAction("cmn14hw44000bs0ybrap3ad06") in 7ms [2msrc/app/app/links/actions.ts[22m
 GET /media/46288ebe-eb67-402e-ba51-2b50aaa7d11c [32m200[39m in 9ms[2m (next.js: 3ms, application-code: 6ms)[22m
 GET /media/44462890-fb3f-4a1a-8a99-a6d3a282a562 [32m200[39m in 10ms[2m (next.js: 4ms, application-code: 5ms)[22m
 GET /media/draft-note-image-1774145626484 [33m404[39m in 4ms[2m (next.js: 783µs, application-code: 3ms)[22m
 GET /login [32m200[39m in 27ms[2m (next.js: 757µs, application-code: 26ms)[22m
 GET /app [32m200[39m in 21ms[2m (next.js: 880µs, proxy.ts: 3ms, application-code: 17ms)[22m
 POST /login [34m303[39m in 58ms[2m (next.js: 978µs, application-code: 57ms)[22m
  └─ ƒ loginAction({}) in 33ms [2msrc/app/login/actions.ts[22m
 GET /media/draft-note-image-1774145626484 [32m200[39m in 10ms[2m (next.js: 2ms, application-code: 8ms)[22m
 GET /media/draft-note-image-1774145626484 [32m200[39m in 6ms[2m (next.js: 653µs, application-code: 5ms)[22m
 GET /media/published-note-image-1774145626862 [32m200[39m in 5ms[2m (next.js: 698µs, application-code: 4ms)[22m
 GET /media/hidden-note-image-1774145626862 [33m404[39m in 4ms[2m (next.js: 634µs, application-code: 3ms)[22m
 GET /media/published-link-favicon-1774145626862 [32m200[39m in 5ms[2m (next.js: 654µs, application-code: 4ms)[22m
 GET /login [32m200[39m in 14ms[2m (next.js: 825µs, application-code: 13ms)[22m
 GET /app [32m200[39m in 23ms[2m (next.js: 1556µs, proxy.ts: 3ms, application-code: 19ms)[22m
 POST /login [34m303[39m in 60ms[2m (next.js: 951µs, application-code: 59ms)[22m
  └─ ƒ loginAction({}) in 32ms [2msrc/app/login/actions.ts[22m
 GET /media/published-note-image-1774145626862 [32m200[39m in 9ms[2m (next.js: 1208µs, application-code: 8ms)[22m
 GET /app/notes/new [32m200[39m in 16ms[2m (next.js: 1707µs, proxy.ts: 3ms, application-code: 12ms)[22m
 GET /app/notes/cmn14hzbf000cs0ybff0kzefe/edit?saved=1 [32m200[39m in 25ms[2m (next.js: 2ms, proxy.ts: 2ms, application-code: 21ms)[22m
 POST /app/notes/new [34m303[39m in 39ms[2m (next.js: 841µs, proxy.ts: 3ms, application-code: 36ms)[22m
  └─ ƒ createNoteAction({}) in 6ms [2msrc/app/app/notes/actions.ts[22m
 GET /app/notes/cmn14hzbf000cs0ybff0kzefe/edit?saved=1 [32m200[39m in 35ms[2m (next.js: 4ms, proxy.ts: 5ms, application-code: 26ms)[22m
 GET /app [32m200[39m in 59ms[2m (next.js: 2ms, proxy.ts: 6ms, application-code: 51ms)[22m
 GET /media/published-note-image-1774145626862 [32m200[39m in 15ms[2m (next.js: 3ms, application-code: 12ms)[22m
 GET /login [32m200[39m in 17ms[2m (next.js: 898µs, application-code: 16ms)[22m
 GET /app [32m200[39m in 20ms[2m (next.js: 918µs, proxy.ts: 2ms, application-code: 17ms)[22m
 POST /login [34m303[39m in 56ms[2m (next.js: 985µs, application-code: 55ms)[22m
  └─ ƒ loginAction({}) in 31ms [2msrc/app/login/actions.ts[22m
 GET /app/notes/new [32m200[39m in 54ms[2m (next.js: 1000µs, proxy.ts: 3ms, application-code: 50ms)[22m
 POST /api/notes/images [32m201[39m in 33ms[2m (next.js: 23ms, application-code: 10ms)[22m
 GET /media/52c62fd4-ebb6-458d-ad17-14f93e2d6856 [32m200[39m in 12ms[2m (next.js: 3ms, application-code: 9ms)[22m
 GET /app/notes/cmn14i26q000ds0ybd5tsreeu/edit?saved=1 [32m200[39m in 24ms[2m (next.js: 2ms, proxy.ts: 2ms, application-code: 19ms)[22m
 POST /app/notes/new [34m303[39m in 42ms[2m (next.js: 1836µs, proxy.ts: 3ms, application-code: 38ms)[22m
  └─ ƒ createNoteAction({}) in 8ms [2msrc/app/app/notes/actions.ts[22m
 GET /media/52c62fd4-ebb6-458d-ad17-14f93e2d6856 [32m200[39m in 10ms[2m (next.js: 1203µs, application-code: 9ms)[22m
 GET / [32m200[39m in 18ms[2m (next.js: 814µs, application-code: 17ms)[22m
 GET /login [32m200[39m in 15ms[2m (next.js: 732µs, application-code: 14ms)[22m
 GET /login [32m200[39m in 15ms[2m (next.js: 736µs, application-code: 14ms)[22m
 GET /login [32m200[39m in 15ms[2m (next.js: 735µs, application-code: 14ms)[22m
 GET /app [32m200[39m in 25ms[2m (next.js: 794µs, proxy.ts: 2ms, application-code: 22ms)[22m
 POST /login [34m303[39m in 59ms[2m (next.js: 869µs, application-code: 58ms)[22m
  └─ ƒ loginAction({}) in 30ms [2msrc/app/login/actions.ts[22m
 GET /app/notes/cmn14i2vl0008s2ybeafeno9b/edit [32m200[39m in 46ms[2m (next.js: 2ms, proxy.ts: 2ms, application-code: 41ms)[22m
 GET /login [32m200[39m in 14ms[2m (next.js: 749µs, application-code: 14ms)[22m
 GET /app [32m200[39m in 20ms[2m (next.js: 792µs, proxy.ts: 2ms, application-code: 17ms)[22m
 POST /login [34m303[39m in 54ms[2m (next.js: 900µs, application-code: 53ms)[22m
  └─ ƒ loginAction({}) in 30ms [2msrc/app/login/actions.ts[22m
 GET /app/notes/cmn14i3cz0009s2ybbmpd417b/edit [32m200[39m in 46ms[2m (next.js: 2ms, proxy.ts: 3ms, application-code: 41ms)[22m
 GET / [32m200[39m in 17ms[2m (next.js: 779µs, application-code: 16ms)[22m
 GET / [32m200[39m in 17ms[2m (next.js: 791µs, application-code: 17ms)[22m
 GET / [32m200[39m in 18ms[2m (next.js: 784µs, application-code: 17ms)[22m
 GET / [32m200[39m in 17ms[2m (next.js: 793µs, application-code: 16ms)[22m
 GET /login [32m200[39m in 15ms[2m (next.js: 803µs, application-code: 14ms)[22m
 GET /app [32m200[39m in 21ms[2m (next.js: 1036µs, proxy.ts: 3ms, application-code: 18ms)[22m
 POST /login [34m303[39m in 55ms[2m (next.js: 929µs, application-code: 54ms)[22m
  └─ ƒ loginAction({}) in 30ms [2msrc/app/login/actions.ts[22m
 GET /app/notes/new [32m200[39m in 27ms[2m (next.js: 920µs, proxy.ts: 3ms, application-code: 24ms)[22m
 GET /app/notes/cmn14i55t000es0ybzz0iw4ye/edit?saved=1 [32m200[39m in 22ms[2m (next.js: 2ms, proxy.ts: 2ms, application-code: 18ms)[22m
 POST /app/notes/new [34m303[39m in 36ms[2m (next.js: 967µs, proxy.ts: 3ms, application-code: 32ms)[22m
  └─ ƒ createNoteAction({}) in 6ms [2msrc/app/app/notes/actions.ts[22m
 GET /login [32m200[39m in 17ms[2m (next.js: 824µs, application-code: 16ms)[22m
 GET /app [32m200[39m in 27ms[2m (next.js: 1168µs, proxy.ts: 2ms, application-code: 24ms)[22m
 POST /login [34m303[39m in 61ms[2m (next.js: 989µs, application-code: 60ms)[22m
  └─ ƒ loginAction({}) in 30ms [2msrc/app/login/actions.ts[22m
 GET /app/notes/cmn14i58p000ts2ybby1cuyn7/edit [32m200[39m in 42ms[2m (next.js: 2ms, proxy.ts: 2ms, application-code: 37ms)[22m
 GET /login [32m200[39m in 15ms[2m (next.js: 810µs, application-code: 15ms)[22m
 GET /app [32m200[39m in 22ms[2m (next.js: 1208µs, proxy.ts: 2ms, application-code: 19ms)[22m
 POST /login [34m303[39m in 56ms[2m (next.js: 881µs, application-code: 55ms)[22m
  └─ ƒ loginAction({}) in 29ms [2msrc/app/login/actions.ts[22m
 GET /app/notes/new [32m200[39m in 27ms[2m (next.js: 909µs, proxy.ts: 3ms, application-code: 24ms)[22m
 GET /media/3b92f5a1-6c7b-417c-b948-3dfdce5a8efe-with-extra-wrap-length-for-the-gutter [33m404[39m in 8ms[2m (next.js: 3ms, application-code: 5ms)[22m
 GET /login [32m200[39m in 17ms[2m (next.js: 840µs, application-code: 16ms)[22m
 GET /app [32m200[39m in 21ms[2m (next.js: 1084µs, proxy.ts: 2ms, application-code: 18ms)[22m
 POST /login [34m303[39m in 56ms[2m (next.js: 906µs, application-code: 55ms)[22m
  └─ ƒ loginAction({}) in 30ms [2msrc/app/login/actions.ts[22m
 GET /app/notes/cmn14i62u000vs2ybymeb8shq/edit [32m200[39m in 45ms[2m (next.js: 2ms, proxy.ts: 3ms, application-code: 40ms)[22m
 GET /login [32m200[39m in 16ms[2m (next.js: 894µs, application-code: 15ms)[22m
 GET /app [32m200[39m in 27ms[2m (next.js: 1087µs, proxy.ts: 2ms, application-code: 24ms)[22m
 POST /login [34m303[39m in 62ms[2m (next.js: 938µs, application-code: 61ms)[22m
  └─ ƒ loginAction({}) in 30ms [2msrc/app/login/actions.ts[22m
 GET /app/notes/cmn14i6ib000ws2ybgw8ar6m1/edit [32m200[39m in 44ms[2m (next.js: 4ms, proxy.ts: 3ms, application-code: 38ms)[22m
 GET /app/notes/cmn14i6ib000ws2ybgw8ar6m1/edit?saved=1 [32m200[39m in 23ms[2m (next.js: 1323µs, proxy.ts: 2ms, application-code: 20ms)[22m
 POST /app/notes/cmn14i6ib000ws2ybgw8ar6m1/edit [34m303[39m in 40ms[2m (next.js: 2ms, proxy.ts: 3ms, application-code: 35ms)[22m
  └─ ƒ updateNoteAction("cmn14i6ib000ws2ybgw8ar6m1", {}) in 6ms [2msrc/app/app/notes/actions.ts[22m
 GET /login [32m200[39m in 16ms[2m (next.js: 930µs, application-code: 15ms)[22m
 GET /app [32m200[39m in 27ms[2m (next.js: 1203µs, proxy.ts: 2ms, application-code: 23ms)[22m
 POST /login [34m303[39m in 61ms[2m (next.js: 900µs, application-code: 60ms)[22m
  └─ ƒ loginAction({}) in 30ms [2msrc/app/login/actions.ts[22m
 GET /app/notes/cmn14i7co000xs2ybn6e8jvbo/edit [32m200[39m in 43ms[2m (next.js: 2ms, proxy.ts: 3ms, application-code: 38ms)[22m
 GET /login [32m200[39m in 16ms[2m (next.js: 769µs, application-code: 15ms)[22m
 GET /app [32m200[39m in 22ms[2m (next.js: 903µs, proxy.ts: 2ms, application-code: 18ms)[22m
 POST /login [34m303[39m in 55ms[2m (next.js: 975µs, application-code: 54ms)[22m
  └─ ƒ loginAction({}) in 30ms [2msrc/app/login/actions.ts[22m
 GET /app/notes/cmn14i7u0000ys2ybqq20zwb0/edit [32m200[39m in 45ms[2m (next.js: 2ms, proxy.ts: 3ms, application-code: 40ms)[22m
 GET /app/notes/cmn14i7u0000ys2ybqq20zwb0/edit?saved=1 [32m200[39m in 24ms[2m (next.js: 1269µs, proxy.ts: 2ms, application-code: 20ms)[22m
 POST /app/notes/cmn14i7u0000ys2ybqq20zwb0/edit [34m303[39m in 45ms[2m (next.js: 2ms, proxy.ts: 10ms, application-code: 33ms)[22m
  └─ ƒ updateNoteAction("cmn14i7u0000ys2ybqq20zwb0", {}) in 6ms [2msrc/app/app/notes/actions.ts[22m
 GET /app/notes/cmn14i7u0000ys2ybqq20zwb0/edit?saved=1 [32m200[39m in 42ms[2m (next.js: 1507µs, proxy.ts: 3ms, application-code: 38ms)[22m
 GET /login [32m200[39m in 16ms[2m (next.js: 824µs, application-code: 15ms)[22m
 GET /app [32m200[39m in 22ms[2m (next.js: 951µs, proxy.ts: 3ms, application-code: 18ms)[22m
 POST /login [34m303[39m in 55ms[2m (next.js: 1213µs, application-code: 54ms)[22m
  └─ ƒ loginAction({}) in 30ms [2msrc/app/login/actions.ts[22m
 GET /app/notes/cmn14i8nv000zs2ybdy86dndv/edit [32m200[39m in 51ms[2m (next.js: 2ms, proxy.ts: 3ms, application-code: 46ms)[22m
 GET /login [32m200[39m in 16ms[2m (next.js: 820µs, application-code: 15ms)[22m
 GET /app [32m200[39m in 21ms[2m (next.js: 946µs, proxy.ts: 2ms, application-code: 18ms)[22m
 POST /login [34m303[39m in 56ms[2m (next.js: 926µs, application-code: 55ms)[22m
  └─ ƒ loginAction({}) in 30ms [2msrc/app/login/actions.ts[22m
 GET /app/notes/cmn14i95i0010s2ybr7m9fsr9/edit [32m200[39m in 44ms[2m (next.js: 2ms, proxy.ts: 3ms, application-code: 39ms)[22m
 GET /app/notes/cmn14i95i0010s2ybr7m9fsr9/edit?saved=1 [32m200[39m in 29ms[2m (next.js: 1362µs, proxy.ts: 2ms, application-code: 25ms)[22m
 POST /app/notes/cmn14i95i0010s2ybr7m9fsr9/edit [34m303[39m in 45ms[2m (next.js: 2ms, proxy.ts: 3ms, application-code: 39ms)[22m
  └─ ƒ updateNoteAction("cmn14i95i0010s2ybr7m9fsr9", {}) in 6ms [2msrc/app/app/notes/actions.ts[22m
 GET /login [32m200[39m in 16ms[2m (next.js: 875µs, application-code: 15ms)[22m
 GET /app [32m200[39m in 21ms[2m (next.js: 927µs, proxy.ts: 3ms, application-code: 18ms)[22m
 POST /login [34m303[39m in 56ms[2m (next.js: 926µs, application-code: 55ms)[22m
  └─ ƒ loginAction({}) in 30ms [2msrc/app/login/actions.ts[22m
 GET /app/notes/new [32m200[39m in 34ms[2m (next.js: 1016µs, proxy.ts: 3ms, application-code: 30ms)[22m
 GET /login [32m200[39m in 16ms[2m (next.js: 854µs, application-code: 16ms)[22m
 GET /app [32m200[39m in 27ms[2m (next.js: 929µs, proxy.ts: 3ms, application-code: 23ms)[22m
 POST /login [34m303[39m in 65ms[2m (next.js: 945µs, application-code: 64ms)[22m
  └─ ƒ loginAction({}) in 34ms [2msrc/app/login/actions.ts[22m
 GET /app/notes/cmn14iaj00012s2ybvu53pmky/edit [32m200[39m in 45ms[2m (next.js: 2ms, proxy.ts: 3ms, application-code: 40ms)[22m
 GET /login [32m200[39m in 15ms[2m (next.js: 854µs, application-code: 15ms)[22m
 GET /app [32m200[39m in 21ms[2m (next.js: 990µs, proxy.ts: 2ms, application-code: 18ms)[22m
 POST /login [34m303[39m in 56ms[2m (next.js: 915µs, application-code: 55ms)[22m
  └─ ƒ loginAction({}) in 30ms [2msrc/app/login/actions.ts[22m
 GET /app/notes/cmn14iazw0013s2yb5iq3tkeu/edit [32m200[39m in 49ms[2m (next.js: 2ms, proxy.ts: 3ms, application-code: 44ms)[22m
 GET /media/ui-note-images-draft-1774145643111 [33m404[39m in 6ms[2m (next.js: 2ms, application-code: 4ms)[22m
 GET /login [32m200[39m in 21ms[2m (next.js: 1720µs, application-code: 19ms)[22m
 GET /app [32m200[39m in 22ms[2m (next.js: 1139µs, proxy.ts: 2ms, application-code: 19ms)[22m
 POST /login [34m303[39m in 57ms[2m (next.js: 922µs, application-code: 56ms)[22m
  └─ ƒ loginAction({}) in 30ms [2msrc/app/login/actions.ts[22m
 GET /media/ui-note-images-published-first-1774145643111 [32m200[39m in 8ms[2m (next.js: 907µs, application-code: 7ms)[22m
 GET /media/ui-note-images-draft-1774145643111 [32m200[39m in 9ms[2m (next.js: 2ms, application-code: 6ms)[22m
 GET / [32m200[39m in 17ms[2m (next.js: 874µs, application-code: 16ms)[22m
 GET /media/ui-note-images-published-first-1774145643111 [32m200[39m in 9ms[2m (next.js: 1344µs, application-code: 7ms)[22m
 GET /notes/published-note-image-card [32m200[39m in 43ms[2m (next.js: 3ms, application-code: 41ms)[22m
 GET /media/ui-note-images-published-first-1774145643111 [32m200[39m in 24ms[2m (next.js: 3ms, application-code: 22ms)[22m
 GET /media/ui-note-images-published-second-1774145643111 [32m200[39m in 24ms[2m (next.js: 4ms, application-code: 20ms)[22m
 GET /login [32m200[39m in 17ms[2m (next.js: 728µs, application-code: 16ms)[22m
 GET /app [32m200[39m in 24ms[2m (next.js: 1112µs, proxy.ts: 2ms, application-code: 20ms)[22m
 POST /login [34m303[39m in 58ms[2m (next.js: 931µs, application-code: 57ms)[22m
  └─ ƒ loginAction({}) in 30ms [2msrc/app/login/actions.ts[22m
 GET /login [32m200[39m in 16ms[2m (next.js: 925µs, application-code: 15ms)[22m
 GET /app [32m200[39m in 24ms[2m (next.js: 1027µs, proxy.ts: 2ms, application-code: 20ms)[22m
 POST /login [34m303[39m in 58ms[2m (next.js: 1027µs, application-code: 57ms)[22m
  └─ ƒ loginAction({}) in 30ms [2msrc/app/login/actions.ts[22m
 GET /login [32m200[39m in 22ms[2m (next.js: 994µs, application-code: 21ms)[22m
 GET /app [32m200[39m in 24ms[2m (next.js: 962µs, proxy.ts: 3ms, application-code: 20ms)[22m
 POST /login [34m303[39m in 59ms[2m (next.js: 1119µs, application-code: 58ms)[22m
  └─ ƒ loginAction({}) in 30ms [2msrc/app/login/actions.ts[22m
 GET /login [32m200[39m in 17ms[2m (next.js: 780µs, application-code: 17ms)[22m
 GET /app [32m200[39m in 22ms[2m (next.js: 876µs, proxy.ts: 2ms, application-code: 19ms)[22m
 POST /login [34m303[39m in 57ms[2m (next.js: 882µs, application-code: 56ms)[22m
  └─ ƒ loginAction({}) in 30ms [2msrc/app/login/actions.ts[22m
 GET /app/links [32m200[39m in 58ms[2m (next.js: 1582µs, proxy.ts: 2ms, application-code: 54ms)[22m
 GET /login [32m200[39m in 17ms[2m (next.js: 798µs, application-code: 16ms)[22m
 GET /app [32m200[39m in 22ms[2m (next.js: 872µs, proxy.ts: 3ms, application-code: 19ms)[22m
 POST /login [34m303[39m in 57ms[2m (next.js: 1034µs, application-code: 56ms)[22m
  └─ ƒ loginAction({}) in 30ms [2msrc/app/login/actions.ts[22m
 GET /app/links [32m200[39m in 49ms[2m (next.js: 954µs, proxy.ts: 3ms, application-code: 46ms)[22m
 GET /login [32m200[39m in 17ms[2m (next.js: 925µs, application-code: 16ms)[22m
 GET /app [32m200[39m in 22ms[2m (next.js: 1109µs, proxy.ts: 2ms, application-code: 19ms)[22m
 POST /login [34m303[39m in 56ms[2m (next.js: 992µs, application-code: 55ms)[22m
  └─ ƒ loginAction({}) in 30ms [2msrc/app/login/actions.ts[22m
 GET /app/tags?tag=studio-systems [32m200[39m in 43ms[2m (next.js: 2ms, proxy.ts: 3ms, application-code: 38ms)[22m
 GET /login [32m200[39m in 16ms[2m (next.js: 796µs, application-code: 16ms)[22m
 GET /app [32m200[39m in 27ms[2m (next.js: 6ms, proxy.ts: 2ms, application-code: 19ms)[22m
 POST /login [34m303[39m in 61ms[2m (next.js: 876µs, application-code: 61ms)[22m
  └─ ƒ loginAction({}) in 31ms [2msrc/app/login/actions.ts[22m
 GET /app/tags?tag=studio-systems [32m200[39m in 41ms[2m (next.js: 865µs, proxy.ts: 2ms, application-code: 37ms)[22m
 GET /login [32m200[39m in 16ms[2m (next.js: 798µs, application-code: 15ms)[22m
 GET /app [32m200[39m in 22ms[2m (next.js: 1049µs, proxy.ts: 2ms, application-code: 19ms)[22m
 POST /login [34m303[39m in 56ms[2m (next.js: 929µs, application-code: 55ms)[22m
  └─ ƒ loginAction({}) in 30ms [2msrc/app/login/actions.ts[22m
 GET /app/search?q=rhythm [32m200[39m in 46ms[2m (next.js: 1404µs, proxy.ts: 3ms, application-code: 42ms)[22m
 GET /login [32m200[39m in 16ms[2m (next.js: 778µs, application-code: 15ms)[22m
 GET /app [32m200[39m in 22ms[2m (next.js: 1084µs, proxy.ts: 2ms, application-code: 18ms)[22m
 POST /login [34m303[39m in 56ms[2m (next.js: 1180µs, application-code: 55ms)[22m
  └─ ƒ loginAction({}) in 30ms [2msrc/app/login/actions.ts[22m
 GET /app/search?q=rhythm [32m200[39m in 41ms[2m (next.js: 904µs, proxy.ts: 3ms, application-code: 37ms)[22m
 GET / [32m200[39m in 23ms[2m (next.js: 789µs, application-code: 22ms)[22m
 GET / [32m200[39m in 18ms[2m (next.js: 827µs, application-code: 17ms)[22m
 GET /notes/public-notes-should-read-like-finished-pages-not-dashboards [32m200[39m in 26ms[2m (next.js: 1642µs, application-code: 24ms)[22m
 GET /notes/public-notes-should-read-like-finished-pages-not-dashboards [32m200[39m in 20ms[2m (next.js: 1615µs, application-code: 18ms)[22m
 GET / [32m200[39m in 17ms[2m (next.js: 745µs, application-code: 17ms)[22m
 GET / [32m200[39m in 17ms[2m (next.js: 778µs, application-code: 16ms)[22m
 GET / [32m200[39m in 17ms[2m (next.js: 799µs, application-code: 16ms)[22m
 GET /notes/tag-chips-should-fit-a-calmer-public-hierarchy [32m200[39m in 22ms[2m (next.js: 1855µs, application-code: 20ms)[22m
 GET / [32m200[39m in 18ms[2m (next.js: 774µs, application-code: 17ms)[22m
 GET /login [32m200[39m in 16ms[2m (next.js: 792µs, application-code: 16ms)[22m
 GET /login [32m200[39m in 18ms[2m (next.js: 803µs, application-code: 17ms)[22m
 GET /app [32m200[39m in 27ms[2m (next.js: 929µs, proxy.ts: 2ms, application-code: 24ms)[22m
 POST /login [34m303[39m in 62ms[2m (next.js: 892µs, application-code: 62ms)[22m
  └─ ƒ loginAction({}) in 31ms [2msrc/app/login/actions.ts[22m
 GET /login [32m200[39m in 17ms[2m (next.js: 788µs, application-code: 16ms)[22m
 GET /app [32m200[39m in 22ms[2m (next.js: 904µs, proxy.ts: 3ms, application-code: 18ms)[22m
 POST /login [34m303[39m in 58ms[2m (next.js: 886µs, application-code: 57ms)[22m
  └─ ƒ loginAction({}) in 31ms [2msrc/app/login/actions.ts[22m
