
> minakeep@0.1.0 dev
> next dev --hostname 127.0.0.1 --port 3100

[1m[38;2;173;127;168m▲ Next.js 16.2.0[39m[22m (Turbopack)
- Local:         http://127.0.0.1:3100
- Network:       http://127.0.0.1:3100
- Environments: .env
[32m[1m✓[22m[39m Ready in 195ms

 GET /api/health [32m200[39m in 95ms[2m (next.js: 85ms, application-code: 10ms)[22m
 GET / [32m200[39m in 328ms[2m (next.js: 107ms, application-code: 220ms)[22m
 GET /login [32m200[39m in 331ms[2m (next.js: 52ms, application-code: 279ms)[22m
 GET /login [32m200[39m in 333ms[2m (next.js: 92ms, application-code: 241ms)[22m
 GET /login [32m200[39m in 339ms[2m (next.js: 280ms, application-code: 59ms)[22m
 GET /login?callbackUrl=http%3A%2F%2Flocalhost%3A3100%2Fapp%2Fsearch [32m200[39m in 79ms[2m (next.js: 29ms, application-code: 50ms)[22m
 GET /app [32m200[39m in 344ms[2m (next.js: 46ms, proxy.ts: 30ms, application-code: 268ms)[22m
 GET /app [32m200[39m in 347ms[2m (next.js: 42ms, proxy.ts: 24ms, application-code: 280ms)[22m
 GET /app [32m200[39m in 349ms[2m (next.js: 32ms, proxy.ts: 24ms, application-code: 293ms)[22m
 POST /login [34m303[39m in 478ms[2m (next.js: 3ms, application-code: 475ms)[22m
  └─ ƒ loginAction({}) in 109ms [2msrc/app/login/actions.ts[22m
 POST /login [34m303[39m in 478ms[2m (next.js: 8ms, application-code: 470ms)[22m
  └─ ƒ loginAction({}) in 109ms [2msrc/app/login/actions.ts[22m
 POST /login [34m303[39m in 478ms[2m (next.js: 10ms, application-code: 468ms)[22m
  └─ ƒ loginAction({}) in 108ms [2msrc/app/login/actions.ts[22m
 GET /login?callbackUrl=http%3A%2F%2Flocalhost%3A3100%2Fapp%2Fnotes%2Fnew [32m200[39m in 16ms[2m (next.js: 1216µs, application-code: 14ms)[22m
 GET /app [32m200[39m in 76ms[2m (next.js: 1132µs, proxy.ts: 3ms, application-code: 73ms)[22m
 POST /login?callbackUrl=http%3A%2F%2Flocalhost%3A3100%2Fapp%2Fnotes%2Fnew [34m303[39m in 113ms[2m (next.js: 1550µs, application-code: 112ms)[22m
  └─ ƒ loginAction({}) in 30ms [2msrc/app/login/actions.ts[22m
 GET /app/notes/new [32m200[39m in 106ms[2m (next.js: 29ms, proxy.ts: 12ms, application-code: 65ms)[22m
 GET /app/links [32m200[39m in 122ms[2m (next.js: 47ms, proxy.ts: 12ms, application-code: 63ms)[22m
 GET /app/notes/new [32m200[39m in 20ms[2m (next.js: 1836µs, proxy.ts: 5ms, application-code: 13ms)[22m
 GET /app/links?saved=1 [32m200[39m in 93ms[2m (next.js: 9ms, proxy.ts: 8ms, application-code: 76ms)[22m
 POST /app/links [34m303[39m in 136ms[2m (next.js: 1551µs, proxy.ts: 5ms, application-code: 129ms)[22m
  └─ ƒ createLinkAction({}) in 29ms [2msrc/app/app/links/actions.ts[22m
 GET /app/notes/cmmz90jug0001jlyb2a3ebhbt/edit?saved=1 [32m200[39m in 300ms[2m (next.js: 209ms, proxy.ts: 49ms, application-code: 42ms)[22m
 GET /app/notes/cmmz90jv30002jlyb5s0si7ub/edit?saved=1 [32m200[39m in 270ms[2m (next.js: 193ms, proxy.ts: 35ms, application-code: 42ms)[22m
 POST /app/notes/new [34m303[39m in 349ms[2m (next.js: 2ms, proxy.ts: 31ms, application-code: 316ms)[22m
  └─ ƒ createNoteAction({}) in 9ms [2msrc/app/app/notes/actions.ts[22m
 POST /app/notes/new [34m303[39m in 323ms[2m (next.js: 6ms, proxy.ts: 9ms, application-code: 307ms)[22m
  └─ ƒ createNoteAction({}) in 19ms [2msrc/app/app/notes/actions.ts[22m
 POST /app/notes/cmmz90jv30002jlyb5s0si7ub/edit?saved=1 [34m303[39m in 157ms[2m (next.js: 5ms, proxy.ts: 3ms, application-code: 149ms)[22m
  └─ ƒ updateNoteAction("cmmz90jv30002jlyb5s0si7ub", {}) in 18ms [2msrc/app/app/notes/actions.ts[22m
 GET /app/notes/cmmz90jv30002jlyb5s0si7ub/edit?saved=1 [32m200[39m in 167ms[2m (next.js: 8ms, proxy.ts: 129ms, application-code: 30ms)[22m
 GET /app [32m200[39m in 212ms[2m (next.js: 1371µs, proxy.ts: 10ms, application-code: 201ms)[22m
 GET /app/notes/cmmz90jv30002jlyb5s0si7ub/edit [32m200[39m in 21ms[2m (next.js: 3ms, proxy.ts: 3ms, application-code: 15ms)[22m
 GET /login [32m200[39m in 16ms[2m (next.js: 1279µs, application-code: 15ms)[22m
 GET /app [32m200[39m in 70ms[2m (next.js: 1180µs, proxy.ts: 2ms, application-code: 66ms)[22m
 POST /login [34m303[39m in 106ms[2m (next.js: 1232µs, application-code: 104ms)[22m
  └─ ƒ loginAction({}) in 30ms [2msrc/app/login/actions.ts[22m
 GET /app/notes/new [32m200[39m in 19ms[2m (next.js: 2ms, proxy.ts: 4ms, application-code: 12ms)[22m
 GET /app/notes/cmmz90kxy0005jlybux84h2a4/edit?saved=1 [32m200[39m in 23ms[2m (next.js: 2ms, proxy.ts: 2ms, application-code: 19ms)[22m
 POST /app/notes/new [34m303[39m in 36ms[2m (next.js: 1129µs, proxy.ts: 3ms, application-code: 33ms)[22m
  └─ ƒ createNoteAction({}) in 6ms [2msrc/app/app/notes/actions.ts[22m
 GET /app/links?saved=1 [32m200[39m in 76ms[2m (next.js: 2ms, proxy.ts: 7ms, application-code: 66ms)[22m
 GET /app/notes/cmmz90jug0001jlyb2a3ebhbt/edit?saved=1 [32m200[39m in 30ms[2m (next.js: 4ms, proxy.ts: 5ms, application-code: 21ms)[22m
 GET /app [32m200[39m in 132ms[2m (next.js: 1855µs, proxy.ts: 4ms, application-code: 126ms)[22m
 POST /api/test/mina/chat/completions [32m200[39m in 1505ms[2m (next.js: 14ms, application-code: 1490ms)[22m
 GET /app/search?q=ai [32m200[39m in 112ms[2m (next.js: 17ms, proxy.ts: 3ms, application-code: 92ms)[22m
 GET /app/tags?tag=ai [32m200[39m in 115ms[2m (next.js: 14ms, proxy.ts: 3ms, application-code: 98ms)[22m
 GET /app/notes/cmmz90kxy0005jlybux84h2a4/edit?saved=1 [32m200[39m in 29ms[2m (next.js: 3ms, proxy.ts: 5ms, application-code: 22ms)[22m
 GET /app/notes/cmmz90kxy0005jlybux84h2a4/edit?retried=1 [32m200[39m in 24ms[2m (next.js: 1685µs, proxy.ts: 3ms, application-code: 20ms)[22m
 POST /app/notes/cmmz90kxy0005jlybux84h2a4/edit?saved=1 [34m303[39m in 46ms[2m (next.js: 4ms, proxy.ts: 7ms, application-code: 35ms)[22m
  └─ ƒ retryNoteEnrichmentAction("cmmz90kxy0005jlybux84h2a4") in 6ms [2msrc/app/app/notes/actions.ts[22m
 POST /api/test/mina/chat/completions [32m200[39m in 1507ms[2m (next.js: 700µs, application-code: 1506ms)[22m
 GET /app/notes/cmmz90kxy0005jlybux84h2a4/edit?retried=1 [32m200[39m in 30ms[2m (next.js: 4ms, proxy.ts: 4ms, application-code: 22ms)[22m
 GET /login [32m200[39m in 18ms[2m (next.js: 988µs, application-code: 17ms)[22m
 GET /app [32m200[39m in 76ms[2m (next.js: 894µs, proxy.ts: 3ms, application-code: 72ms)[22m
 POST /login [34m303[39m in 113ms[2m (next.js: 898µs, application-code: 112ms)[22m
  └─ ƒ loginAction({}) in 29ms [2msrc/app/login/actions.ts[22m
 GET /app/notes/new [32m200[39m in 26ms[2m (next.js: 1772µs, proxy.ts: 7ms, application-code: 17ms)[22m
 GET /app/notes/cmmz90q6i0008jlyb653i5o59/edit?saved=1 [32m200[39m in 25ms[2m (next.js: 3ms, proxy.ts: 3ms, application-code: 19ms)[22m
 POST /app/notes/new [34m303[39m in 41ms[2m (next.js: 1080µs, proxy.ts: 4ms, application-code: 36ms)[22m
  └─ ƒ createNoteAction({}) in 7ms [2msrc/app/app/notes/actions.ts[22m
 GET /app/notes/cmmz90q6i0008jlyb653i5o59/edit?published=1 [32m200[39m in 22ms[2m (next.js: 1239µs, proxy.ts: 2ms, application-code: 18ms)[22m
 POST /app/notes/cmmz90q6i0008jlyb653i5o59/edit?saved=1 [34m303[39m in 34ms[2m (next.js: 1460µs, proxy.ts: 3ms, application-code: 30ms)[22m
  └─ ƒ publishNoteAction("cmmz90q6i0008jlyb653i5o59") in 5ms [2msrc/app/app/notes/actions.ts[22m
 GET / [32m200[39m in 16ms[2m (next.js: 869µs, application-code: 15ms)[22m
 GET /notes/public-note-1774032287386 [32m200[39m in 198ms[2m (next.js: 179ms, application-code: 19ms)[22m
 GET /app [32m200[39m in 128ms[2m (next.js: 950µs, proxy.ts: 3ms, application-code: 124ms)[22m
 GET /app/notes/cmmz90q6i0008jlyb653i5o59/edit [32m200[39m in 19ms[2m (next.js: 2ms, proxy.ts: 3ms, application-code: 14ms)[22m
 GET /app/notes/cmmz90q6i0008jlyb653i5o59/edit?unpublished=1 [32m200[39m in 20ms[2m (next.js: 1203µs, proxy.ts: 2ms, application-code: 17ms)[22m
 POST /app/notes/cmmz90q6i0008jlyb653i5o59/edit [34m303[39m in 32ms[2m (next.js: 1319µs, proxy.ts: 3ms, application-code: 28ms)[22m
  └─ ƒ unpublishNoteAction("cmmz90q6i0008jlyb653i5o59") in 5ms [2msrc/app/app/notes/actions.ts[22m
 GET / [32m200[39m in 18ms[2m (next.js: 806µs, application-code: 17ms)[22m
 GET /notes/public-note-1774032287386 [33m404[39m in 25ms[2m (next.js: 1578µs, application-code: 23ms)[22m
 GET /login [32m200[39m in 17ms[2m (next.js: 727µs, application-code: 16ms)[22m
 GET /app [32m200[39m in 69ms[2m (next.js: 850µs, proxy.ts: 2ms, application-code: 66ms)[22m
 POST /login [34m303[39m in 102ms[2m (next.js: 940µs, application-code: 101ms)[22m
  └─ ƒ loginAction({}) in 29ms [2msrc/app/login/actions.ts[22m
 GET /app/links [32m200[39m in 79ms[2m (next.js: 3ms, proxy.ts: 8ms, application-code: 68ms)[22m
 GET /app/links?saved=1 [32m200[39m in 54ms[2m (next.js: 754µs, proxy.ts: 2ms, application-code: 51ms)[22m
 POST /app/links [34m303[39m in 66ms[2m (next.js: 886µs, proxy.ts: 3ms, application-code: 63ms)[22m
  └─ ƒ createLinkAction({}) in 6ms [2msrc/app/app/links/actions.ts[22m
 POST /api/test/mina/chat/completions [32m200[39m in 2ms[2m (next.js: 585µs, application-code: 1708µs)[22m
 GET /app/links?saved=1 [32m200[39m in 75ms[2m (next.js: 1764µs, proxy.ts: 7ms, application-code: 66ms)[22m
 GET / [32m200[39m in 24ms[2m (next.js: 1707µs, application-code: 22ms)[22m
 GET /login [32m200[39m in 15ms[2m (next.js: 768µs, application-code: 15ms)[22m
 GET /app [32m200[39m in 72ms[2m (next.js: 886µs, proxy.ts: 2ms, application-code: 69ms)[22m
 POST /login [34m303[39m in 106ms[2m (next.js: 987µs, application-code: 105ms)[22m
  └─ ƒ loginAction({}) in 29ms [2msrc/app/login/actions.ts[22m
 GET /app/links [32m200[39m in 65ms[2m (next.js: 1849µs, proxy.ts: 8ms, application-code: 56ms)[22m
 GET /app/links?saved=1 [32m200[39m in 62ms[2m (next.js: 779µs, proxy.ts: 2ms, application-code: 59ms)[22m
 POST /app/links [34m303[39m in 74ms[2m (next.js: 885µs, proxy.ts: 3ms, application-code: 71ms)[22m
  └─ ƒ createLinkAction({}) in 5ms [2msrc/app/app/links/actions.ts[22m
 POST /api/test/mina/chat/completions [32m200[39m in 1510ms[2m (next.js: 610µs, application-code: 1510ms)[22m
 GET /app/links?saved=1 [32m200[39m in 73ms[2m (next.js: 2ms, proxy.ts: 6ms, application-code: 64ms)[22m
 GET /app/links?retried=1 [32m200[39m in 81ms[2m (next.js: 1046µs, proxy.ts: 4ms, application-code: 75ms)[22m
 POST /app/links?saved=1 [34m303[39m in 112ms[2m (next.js: 2ms, proxy.ts: 5ms, application-code: 105ms)[22m
  └─ ƒ retryLinkEnrichmentAction("cmmz90umb000ejlybqbnj5ki8") in 7ms [2msrc/app/app/links/actions.ts[22m
 GET /app/links?retried=1 [32m200[39m in 65ms[2m (next.js: 1229µs, proxy.ts: 5ms, application-code: 59ms)[22m
 POST /api/test/mina/chat/completions [32m200[39m in 1511ms[2m (next.js: 624µs, application-code: 1510ms)[22m
 GET /app/links?retried=1 [32m200[39m in 82ms[2m (next.js: 8ms, proxy.ts: 9ms, application-code: 65ms)[22m
 GET /login [32m200[39m in 22ms[2m (next.js: 814µs, application-code: 22ms)[22m
 GET /app [32m200[39m in 70ms[2m (next.js: 834µs, proxy.ts: 2ms, application-code: 66ms)[22m
 POST /login [34m303[39m in 104ms[2m (next.js: 990µs, application-code: 103ms)[22m
  └─ ƒ loginAction({}) in 29ms [2msrc/app/login/actions.ts[22m
 GET /app/links [32m200[39m in 71ms[2m (next.js: 1759µs, proxy.ts: 8ms, application-code: 62ms)[22m
 GET /app/links?error=invalid-url [32m200[39m in 59ms[2m (next.js: 670µs, proxy.ts: 2ms, application-code: 56ms)[22m
 POST /app/links [34m303[39m in 69ms[2m (next.js: 816µs, proxy.ts: 3ms, application-code: 65ms)[22m
  └─ ƒ createLinkAction({}) in 3ms [2msrc/app/app/links/actions.ts[22m
 GET /login [32m200[39m in 15ms[2m (next.js: 765µs, application-code: 14ms)[22m
 GET /app [32m200[39m in 68ms[2m (next.js: 802µs, proxy.ts: 2ms, application-code: 65ms)[22m
 POST /login [34m303[39m in 102ms[2m (next.js: 880µs, application-code: 101ms)[22m
  └─ ƒ loginAction({}) in 29ms [2msrc/app/login/actions.ts[22m
 GET /app/notes/new [32m200[39m in 25ms[2m (next.js: 1733µs, proxy.ts: 6ms, application-code: 16ms)[22m
 GET /app/notes/cmmz910rh000fjlybgzg1jrdt/edit?saved=1 [32m200[39m in 30ms[2m (next.js: 3ms, proxy.ts: 2ms, application-code: 25ms)[22m
 POST /app/notes/new [34m303[39m in 46ms[2m (next.js: 1480µs, proxy.ts: 4ms, application-code: 41ms)[22m
  └─ ƒ createNoteAction({}) in 7ms [2msrc/app/app/notes/actions.ts[22m
 GET /app/links [32m200[39m in 130ms[2m (next.js: 903µs, proxy.ts: 2ms, application-code: 126ms)[22m
 GET /app/links?saved=1 [32m200[39m in 57ms[2m (next.js: 780µs, proxy.ts: 2ms, application-code: 54ms)[22m
 POST /app/links [34m303[39m in 70ms[2m (next.js: 848µs, proxy.ts: 3ms, application-code: 66ms)[22m
  └─ ƒ createLinkAction({}) in 5ms [2msrc/app/app/links/actions.ts[22m
 POST /api/test/mina/chat/completions [32m200[39m in 2ms[2m (next.js: 621µs, application-code: 1519µs)[22m
 GET /app/links?saved=1 [32m200[39m in 84ms[2m (next.js: 3ms, proxy.ts: 10ms, application-code: 71ms)[22m
 GET /app/tags?tag=ai-owned [32m200[39m in 107ms[2m (next.js: 2ms, proxy.ts: 6ms, application-code: 99ms)[22m
 GET /app/tags [32m200[39m in 239ms[2m (next.js: 956µs, proxy.ts: 3ms, application-code: 235ms)[22m
 GET /app/search?q=Filtered%20note%201774032301111 [32m200[39m in 28ms[2m (next.js: 991µs, proxy.ts: 3ms, application-code: 23ms)[22m
 GET /app/search?q=url-needle-1774032301111 [32m200[39m in 23ms[2m (next.js: 734µs, proxy.ts: 3ms, application-code: 20ms)[22m
 GET /app/search?q=ai-owned [32m200[39m in 33ms[2m (next.js: 773µs, proxy.ts: 2ms, application-code: 30ms)[22m
