# Backlog

- [x] 010-bootstrap-foundation — Bootstrap foundation
- [x] 011-note-authoring — Note authoring
- [x] 012-public-note-publishing — Public note publishing
- [x] 013-link-capture — Link capture
- [x] 014-tag-filtering-and-owner-search — Tag filtering and owner search
- [x] 015-hardening-and-maintenance — Hardening and maintenance
- [x] 016-ai-enrichment-foundation — AI enrichment foundation
- [x] 017-note-ai-enrichment — Note AI enrichment
- [x] 018-link-ai-enrichment — Link AI enrichment
- [x] 019-knowledge-studio-ui-refresh — Knowledge studio UI refresh
- [x] 020-ai-ui-hardening — AI and UI hardening
- [x] 021-ui-design-system-foundation — UI design-system foundation
- [x] 022-public-home-shell-reset — Public home shell reset
- [x] 023-public-home-dynamic-grid — Public home dynamic grid
- [x] 024-public-note-reading-polish — Public note reading polish
- [x] 025-owner-shell-density-reset — Owner shell density reset
- [x] 026-owner-dashboard-density — Owner dashboard density
- [x] 027-editor-and-form-density — Editor and form density
- [x] 028-secondary-owner-surface-pass — Secondary owner surface pass
- [x] 029-mobile-responsive-polish — Mobile responsive polish
- [x] 030-ui-hardening-and-regression — UI hardening and regression
- [x] 031-public-publishing-foundation — Public publishing foundation
- [x] 032-owner-link-publish-controls — Owner link publish controls
- [x] 033-public-mixed-showroom-feed — Public mixed showroom feed
- [x] 034-public-showroom-shell-cleanup — Public showroom shell cleanup
- [x] 035-public-showroom-title-search — Public showroom title search
- [x] 036-public-link-new-tab-behavior — Public link new-tab behavior
- [x] 037-ui-hierarchy-softening — UI hierarchy softening
- [x] 038-public-showroom-responsive-polish — Public showroom responsive polish
- [x] 039-public-publishing-regression-pass — Public publishing regression pass
- [x] 040-public-wave-hardening — Public wave hardening
- [x] 041-public-search-collapsed-default — Public search collapsed default
- [x] 042-public-showroom-first-screen-priority — Public showroom first-screen priority
- [x] 043-public-home-density-regression-pass — Public home density regression pass
- [x] 044-public-home-wave-hardening — Public home wave hardening
- [x] 045-markdown-editor-foundation — Markdown editor foundation
- [x] 046-note-editor-toolbar-and-shortcuts — Note editor toolbar and shortcuts
- [x] 047-note-editor-view-modes — Note editor view modes
- [x] 048-note-editor-mobile-workflow — Note editor mobile workflow
- [x] 049-note-editor-hardening — Note editor hardening
- [x] 050-media-storage-foundation — Media storage foundation
- [x] 051-note-image-upload-and-embed — Note image upload and embed
- [x] 052-note-image-display-and-publish — Note image display and publish
- [x] 053-link-favicon-cache-and-render — Link favicon cache and render
- [x] 054-docker-packaging-and-compose — Docker packaging and Compose
- [x] 055-media-and-container-hardening — Media and container hardening
- [x] 056-public-surface-taste-foundation — Public surface taste foundation
- [x] 057-public-showroom-masonry-reset — Public showroom masonry reset
- [x] 058-public-note-human-reading-polish — Public note human reading polish
- [x] 059-tag-chip-and-public-type-fit — Tag chip and public type fit
- [x] 060-public-surface-hardening — Public surface hardening
- [x] 061-public-search-expanded-row-reset — Public search expanded row reset
- [ ] 062-owner-dashboard-notes-priority-reset — Owner dashboard notes priority reset ← current
- [ ] 063-ui-refinement-hardening — UI refinement hardening
