
> minakeep@0.1.0 dev
> next dev --hostname 127.0.0.1 --port 3100

[1m[38;2;173;127;168m▲ Next.js 16.2.0[39m[22m (Turbopack)
- Local:         http://127.0.0.1:3100
- Network:       http://127.0.0.1:3100
- Environments: .env
[32m[1m✓[22m[39m Ready in 201ms

 GET /api/health [32m200[39m in 114ms[2m (next.js: 104ms, application-code: 10ms)[22m
 GET /login [32m200[39m in 192ms[2m (next.js: 54ms, application-code: 138ms)[22m
 GET /app [32m200[39m in 119ms[2m (next.js: 25ms, proxy.ts: 40ms, application-code: 53ms)[22m
 POST /login [34m303[39m in 228ms[2m (next.js: 1367µs, application-code: 227ms)[22m
  └─ ƒ loginAction({}) in 96ms [2msrc/app/login/actions.ts[22m
 GET / [32m200[39m in 51ms[2m (next.js: 10ms, application-code: 41ms)[22m
 GET /login?callbackUrl=http%3A%2F%2Flocalhost%3A3100%2Fapp%2Fsearch [32m200[39m in 20ms[2m (next.js: 1045µs, application-code: 19ms)[22m
 GET /login?callbackUrl=http%3A%2F%2Flocalhost%3A3100%2Fapp%2Fnotes%2Fnew [32m200[39m in 18ms[2m (next.js: 823µs, application-code: 17ms)[22m
 GET /app [32m200[39m in 24ms[2m (next.js: 996µs, proxy.ts: 3ms, application-code: 20ms)[22m
 POST /login?callbackUrl=http%3A%2F%2Flocalhost%3A3100%2Fapp%2Fnotes%2Fnew [34m303[39m in 64ms[2m (next.js: 4ms, application-code: 60ms)[22m
  └─ ƒ loginAction({}) in 32ms [2msrc/app/login/actions.ts[22m
 GET /app/notes/new [32m200[39m in 38ms[2m (next.js: 20ms, proxy.ts: 4ms, application-code: 14ms)[22m
 GET /app/notes/cmn1414e10000dbybkjmarxw0/edit?saved=1 [32m200[39m in 249ms[2m (next.js: 224ms, proxy.ts: 3ms, application-code: 22ms)[22m
 POST /app/notes/new [34m303[39m in 281ms[2m (next.js: 1682µs, proxy.ts: 5ms, application-code: 274ms)[22m
  └─ ƒ createNoteAction({}) in 20ms [2msrc/app/app/notes/actions.ts[22m
 POST /app/notes/cmn1414e10000dbybkjmarxw0/edit?saved=1 [34m303[39m in 160ms[2m (next.js: 5ms, proxy.ts: 3ms, application-code: 152ms)[22m
  └─ ƒ updateNoteAction("cmn1414e10000dbybkjmarxw0", {}) in 10ms [2msrc/app/app/notes/actions.ts[22m
 GET /app/notes/cmn1414e10000dbybkjmarxw0/edit?saved=1 [32m200[39m in 184ms[2m (next.js: 115ms, proxy.ts: 28ms, application-code: 41ms)[22m
 GET /app [32m200[39m in 195ms[2m (next.js: 3ms, proxy.ts: 11ms, application-code: 181ms)[22m
 GET /app/notes/cmn1414e10000dbybkjmarxw0/edit [32m200[39m in 22ms[2m (next.js: 3ms, proxy.ts: 3ms, application-code: 15ms)[22m
 GET /login [32m200[39m in 20ms[2m (next.js: 811µs, application-code: 19ms)[22m
 GET /app [32m200[39m in 22ms[2m (next.js: 959µs, proxy.ts: 3ms, application-code: 19ms)[22m
 POST /login [34m303[39m in 58ms[2m (next.js: 925µs, application-code: 57ms)[22m
  └─ ƒ loginAction({}) in 31ms [2msrc/app/login/actions.ts[22m
 GET /app/notes/new [32m200[39m in 21ms[2m (next.js: 6ms, proxy.ts: 3ms, application-code: 12ms)[22m
 GET /app/notes/cmn1415cs0001dbybtno40b0h/edit?saved=1 [32m200[39m in 24ms[2m (next.js: 3ms, proxy.ts: 2ms, application-code: 19ms)[22m
 POST /app/notes/new [34m303[39m in 40ms[2m (next.js: 2ms, proxy.ts: 3ms, application-code: 35ms)[22m
  └─ ƒ createNoteAction({}) in 7ms [2msrc/app/app/notes/actions.ts[22m
 POST /api/test/mina/chat/completions [32m200[39m in 1513ms[2m (next.js: 13ms, application-code: 1500ms)[22m
 GET /app/notes/cmn1415cs0001dbybtno40b0h/edit?saved=1 [32m200[39m in 42ms[2m (next.js: 7ms, proxy.ts: 7ms, application-code: 28ms)[22m
 GET /app/notes/cmn1415cs0001dbybtno40b0h/edit?retried=1 [32m200[39m in 27ms[2m (next.js: 1833µs, proxy.ts: 3ms, application-code: 22ms)[22m
 POST /app/notes/cmn1415cs0001dbybtno40b0h/edit?saved=1 [34m303[39m in 48ms[2m (next.js: 4ms, proxy.ts: 6ms, application-code: 38ms)[22m
  └─ ƒ retryNoteEnrichmentAction("cmn1415cs0001dbybtno40b0h") in 5ms [2msrc/app/app/notes/actions.ts[22m
 POST /api/test/mina/chat/completions [32m200[39m in 1512ms[2m (next.js: 636µs, application-code: 1511ms)[22m
 GET /app/notes/cmn1415cs0001dbybtno40b0h/edit?retried=1 [32m200[39m in 42ms[2m (next.js: 5ms, proxy.ts: 11ms, application-code: 25ms)[22m
 GET /login [32m200[39m in 18ms[2m (next.js: 850µs, application-code: 17ms)[22m
 GET /app [32m200[39m in 24ms[2m (next.js: 926µs, proxy.ts: 3ms, application-code: 20ms)[22m
 POST /login [34m303[39m in 62ms[2m (next.js: 1007µs, application-code: 61ms)[22m
  └─ ƒ loginAction({}) in 32ms [2msrc/app/login/actions.ts[22m
 GET /app/notes/new [32m200[39m in 16ms[2m (next.js: 892µs, proxy.ts: 3ms, application-code: 12ms)[22m
 GET /app/notes/cmn141ae80002dbyb34vj8e57/edit?saved=1 [32m200[39m in 23ms[2m (next.js: 2ms, proxy.ts: 2ms, application-code: 19ms)[22m
 POST /app/notes/new [34m303[39m in 37ms[2m (next.js: 878µs, proxy.ts: 3ms, application-code: 33ms)[22m
  └─ ƒ createNoteAction({}) in 7ms [2msrc/app/app/notes/actions.ts[22m
 GET /app/notes/cmn141ae80002dbyb34vj8e57/edit?published=1 [32m200[39m in 21ms[2m (next.js: 1289µs, proxy.ts: 2ms, application-code: 18ms)[22m
 POST /app/notes/cmn141ae80002dbyb34vj8e57/edit?saved=1 [34m303[39m in 35ms[2m (next.js: 2ms, proxy.ts: 3ms, application-code: 30ms)[22m
  └─ ƒ publishNoteAction("cmn141ae80002dbyb34vj8e57") in 5ms [2msrc/app/app/notes/actions.ts[22m
 GET / [32m200[39m in 18ms[2m (next.js: 903µs, application-code: 17ms)[22m
 GET /notes/public-note-1774144848137 [32m200[39m in 201ms[2m (next.js: 187ms, application-code: 15ms)[22m
 GET /app [32m200[39m in 47ms[2m (next.js: 927µs, proxy.ts: 3ms, application-code: 43ms)[22m
 GET /app/notes/cmn141ae80002dbyb34vj8e57/edit [32m200[39m in 22ms[2m (next.js: 3ms, proxy.ts: 3ms, application-code: 17ms)[22m
 GET /app/notes/cmn141ae80002dbyb34vj8e57/edit?unpublished=1 [32m200[39m in 22ms[2m (next.js: 1334µs, proxy.ts: 2ms, application-code: 18ms)[22m
 POST /app/notes/cmn141ae80002dbyb34vj8e57/edit [34m303[39m in 35ms[2m (next.js: 1496µs, proxy.ts: 3ms, application-code: 31ms)[22m
  └─ ƒ unpublishNoteAction("cmn141ae80002dbyb34vj8e57") in 5ms [2msrc/app/app/notes/actions.ts[22m
 GET / [32m200[39m in 18ms[2m (next.js: 875µs, application-code: 17ms)[22m
 GET /notes/public-note-1774144848137 [33m404[39m in 39ms[2m (next.js: 1777µs, application-code: 38ms)[22m
 GET /login [32m200[39m in 19ms[2m (next.js: 752µs, application-code: 18ms)[22m
 GET /app [32m200[39m in 24ms[2m (next.js: 827µs, proxy.ts: 2ms, application-code: 20ms)[22m
 POST /login [34m303[39m in 57ms[2m (next.js: 856µs, application-code: 56ms)[22m
  └─ ƒ loginAction({}) in 29ms [2msrc/app/login/actions.ts[22m
 GET /app/links [32m200[39m in 43ms[2m (next.js: 20ms, proxy.ts: 3ms, application-code: 21ms)[22m
 GET /app/links?saved=1 [32m200[39m in 25ms[2m (next.js: 827µs, proxy.ts: 2ms, application-code: 22ms)[22m
 POST /app/links [34m303[39m in 41ms[2m (next.js: 1048µs, proxy.ts: 3ms, application-code: 37ms)[22m
  └─ ƒ createLinkAction({}) in 8ms [2msrc/app/app/links/actions.ts[22m
 POST /api/test/mina/chat/completions [32m200[39m in 2ms[2m (next.js: 620µs, application-code: 1790µs)[22m
{"level":"warn","message":"Link favicon could not be resolved.","metadata":{"linkId":"cmn141bmo0003dbyb33xln636","url":"https://example.com/reference-1774144849764"},"timestamp":"2026-03-22T02:00:50.560Z"}
 GET /app/links?saved=1 [32m200[39m in 38ms[2m (next.js: 1805µs, proxy.ts: 7ms, application-code: 30ms)[22m
 GET / [32m200[39m in 31ms[2m (next.js: 2ms, application-code: 29ms)[22m
 GET /login [32m200[39m in 18ms[2m (next.js: 738µs, application-code: 17ms)[22m
 GET /app [32m200[39m in 55ms[2m (next.js: 1054µs, proxy.ts: 2ms, application-code: 51ms)[22m
 POST /login [34m303[39m in 90ms[2m (next.js: 932µs, application-code: 89ms)[22m
  └─ ƒ loginAction({}) in 30ms [2msrc/app/login/actions.ts[22m
 GET /app/links [32m200[39m in 22ms[2m (next.js: 1601µs, proxy.ts: 4ms, application-code: 17ms)[22m
 GET /app/links?saved=1 [32m200[39m in 24ms[2m (next.js: 826µs, proxy.ts: 3ms, application-code: 20ms)[22m
 POST /app/links [34m303[39m in 37ms[2m (next.js: 878µs, proxy.ts: 3ms, application-code: 33ms)[22m
  └─ ƒ createLinkAction({}) in 6ms [2msrc/app/app/links/actions.ts[22m
 POST /api/test/mina/chat/completions [32m200[39m in 2ms[2m (next.js: 644µs, application-code: 1412µs)[22m
{"level":"warn","message":"Link favicon could not be resolved.","metadata":{"linkId":"cmn141ecs0004dbybexe3czv9","url":"https://example.com/published-link-1774144853299"},"timestamp":"2026-03-22T02:00:53.844Z"}
 GET /app/links?saved=1 [32m200[39m in 37ms[2m (next.js: 2ms, proxy.ts: 6ms, application-code: 29ms)[22m
 GET /app/links?published=1 [32m200[39m in 31ms[2m (next.js: 1040µs, proxy.ts: 3ms, application-code: 27ms)[22m
 POST /app/links?saved=1 [34m303[39m in 52ms[2m (next.js: 1512µs, proxy.ts: 7ms, application-code: 44ms)[22m
  └─ ƒ publishLinkAction("cmn141ecs0004dbybexe3czv9") in 8ms [2msrc/app/app/links/actions.ts[22m
 GET / [32m200[39m in 18ms[2m (next.js: 839µs, application-code: 17ms)[22m
 GET /app/links [32m200[39m in 70ms[2m (next.js: 935µs, proxy.ts: 2ms, application-code: 67ms)[22m
 GET /app/links?unpublished=1 [32m200[39m in 25ms[2m (next.js: 833µs, proxy.ts: 2ms, application-code: 22ms)[22m
 POST /app/links [34m303[39m in 38ms[2m (next.js: 857µs, proxy.ts: 3ms, application-code: 34ms)[22m
  └─ ƒ unpublishLinkAction("cmn141ecs0004dbybexe3czv9") in 6ms [2msrc/app/app/links/actions.ts[22m
 GET / [32m200[39m in 18ms[2m (next.js: 885µs, application-code: 17ms)[22m
 GET /login [32m200[39m in 18ms[2m (next.js: 842µs, application-code: 17ms)[22m
 GET /app [32m200[39m in 24ms[2m (next.js: 834µs, proxy.ts: 3ms, application-code: 21ms)[22m
 POST /login [34m303[39m in 57ms[2m (next.js: 973µs, application-code: 56ms)[22m
  └─ ƒ loginAction({}) in 29ms [2msrc/app/login/actions.ts[22m
 GET /app/links [32m200[39m in 23ms[2m (next.js: 910µs, proxy.ts: 3ms, application-code: 19ms)[22m
 GET /app/links?saved=1 [32m200[39m in 26ms[2m (next.js: 784µs, proxy.ts: 2ms, application-code: 23ms)[22m
 POST /app/links [34m303[39m in 40ms[2m (next.js: 1288µs, proxy.ts: 3ms, application-code: 36ms)[22m
  └─ ƒ createLinkAction({}) in 6ms [2msrc/app/app/links/actions.ts[22m
{"level":"warn","message":"Link favicon could not be resolved.","metadata":{"linkId":"cmn141hg40005dbyb39r6crs7","url":"https://example.com/retry-link-1774144857313"},"timestamp":"2026-03-22T02:00:57.899Z"}
 POST /api/test/mina/chat/completions [32m200[39m in 1511ms[2m (next.js: 647µs, application-code: 1511ms)[22m
 GET /app/links?saved=1 [32m200[39m in 51ms[2m (next.js: 3ms, proxy.ts: 10ms, application-code: 37ms)[22m
 GET /app/links?retried=1 [32m200[39m in 29ms[2m (next.js: 922µs, proxy.ts: 3ms, application-code: 26ms)[22m
 POST /app/links?saved=1 [34m303[39m in 50ms[2m (next.js: 1535µs, proxy.ts: 6ms, application-code: 42ms)[22m
  └─ ƒ retryLinkEnrichmentAction("cmn141hg40005dbyb39r6crs7") in 9ms [2msrc/app/app/links/actions.ts[22m
 POST /api/test/mina/chat/completions [32m200[39m in 1512ms[2m (next.js: 564µs, application-code: 1511ms)[22m
 GET /app/links?retried=1 [32m200[39m in 50ms[2m (next.js: 3ms, proxy.ts: 10ms, application-code: 37ms)[22m
 GET /login [32m200[39m in 17ms[2m (next.js: 851µs, application-code: 16ms)[22m
 GET /app [32m200[39m in 25ms[2m (next.js: 905µs, proxy.ts: 3ms, application-code: 22ms)[22m
 POST /login [34m303[39m in 61ms[2m (next.js: 951µs, application-code: 60ms)[22m
  └─ ƒ loginAction({}) in 31ms [2msrc/app/login/actions.ts[22m
 GET /app/links [32m200[39m in 37ms[2m (next.js: 1455µs, proxy.ts: 4ms, application-code: 32ms)[22m
 GET /app/links?error=invalid-url [32m200[39m in 25ms[2m (next.js: 729µs, proxy.ts: 2ms, application-code: 22ms)[22m
 POST /app/links [34m303[39m in 36ms[2m (next.js: 933µs, proxy.ts: 3ms, application-code: 33ms)[22m
  └─ ƒ createLinkAction({}) in 3ms [2msrc/app/app/links/actions.ts[22m
 GET /login [32m200[39m in 14ms[2m (next.js: 744µs, application-code: 14ms)[22m
 GET /app [32m200[39m in 23ms[2m (next.js: 768µs, proxy.ts: 2ms, application-code: 20ms)[22m
 POST /login [34m303[39m in 58ms[2m (next.js: 966µs, application-code: 57ms)[22m
  └─ ƒ loginAction({}) in 30ms [2msrc/app/login/actions.ts[22m
 GET /app/notes/new [32m200[39m in 16ms[2m (next.js: 942µs, proxy.ts: 3ms, application-code: 12ms)[22m
 GET /app/notes/cmn141mxd0006dbybjwsueqmj/edit?saved=1 [32m200[39m in 24ms[2m (next.js: 2ms, proxy.ts: 2ms, application-code: 20ms)[22m
 POST /app/notes/new [34m303[39m in 39ms[2m (next.js: 985µs, proxy.ts: 3ms, application-code: 35ms)[22m
  └─ ƒ createNoteAction({}) in 6ms [2msrc/app/app/notes/actions.ts[22m
 GET /app/links [32m200[39m in 64ms[2m (next.js: 901µs, proxy.ts: 2ms, application-code: 61ms)[22m
 GET /app/links?saved=1 [32m200[39m in 27ms[2m (next.js: 796µs, proxy.ts: 2ms, application-code: 25ms)[22m
 POST /app/links [34m303[39m in 43ms[2m (next.js: 1221µs, proxy.ts: 5ms, application-code: 37ms)[22m
  └─ ƒ createLinkAction({}) in 6ms [2msrc/app/app/links/actions.ts[22m
 POST /api/test/mina/chat/completions [32m200[39m in 2ms[2m (next.js: 643µs, application-code: 1584µs)[22m
{"level":"warn","message":"Link favicon could not be resolved.","metadata":{"linkId":"cmn141n4e0007dbybqn2yxs0u","url":"https://example.com/url-needle-1774144864385"},"timestamp":"2026-03-22T02:01:05.177Z"}
 GET /app/links?saved=1 [32m200[39m in 50ms[2m (next.js: 1969µs, proxy.ts: 6ms, application-code: 42ms)[22m
 GET /app/tags?tag=ai-owned [32m200[39m in 136ms[2m (next.js: 27ms, proxy.ts: 7ms, application-code: 103ms)[22m
 GET /app/tags [32m200[39m in 62ms[2m (next.js: 742µs, proxy.ts: 3ms, application-code: 59ms)[22m
 GET /app/search?q=Filtered%20note%201774144864385 [32m200[39m in 87ms[2m (next.js: 16ms, proxy.ts: 3ms, application-code: 68ms)[22m
 GET /app/search?q=url-needle-1774144864385 [32m200[39m in 61ms[2m (next.js: 891µs, proxy.ts: 3ms, application-code: 57ms)[22m
 GET /app/search?q=ai-owned [32m200[39m in 43ms[2m (next.js: 855µs, proxy.ts: 2ms, application-code: 39ms)[22m
 GET /login [32m200[39m in 15ms[2m (next.js: 809µs, application-code: 14ms)[22m
 GET /app [32m200[39m in 30ms[2m (next.js: 862µs, proxy.ts: 2ms, application-code: 27ms)[22m
 POST /login [34m303[39m in 65ms[2m (next.js: 925µs, application-code: 64ms)[22m
  └─ ƒ loginAction({}) in 29ms [2msrc/app/login/actions.ts[22m
 GET /app/links [32m200[39m in 27ms[2m (next.js: 1216µs, proxy.ts: 3ms, application-code: 23ms)[22m
 GET /app/links?saved=1 [32m200[39m in 29ms[2m (next.js: 801µs, proxy.ts: 2ms, application-code: 26ms)[22m
 POST /app/links [34m303[39m in 43ms[2m (next.js: 1118µs, proxy.ts: 3ms, application-code: 39ms)[22m
  └─ ƒ createLinkAction({}) in 6ms [2msrc/app/app/links/actions.ts[22m
{"level":"warn","message":"Link favicon could not be resolved.","metadata":{"linkId":"cmn141q9h0008dbybh2wc84j6","url":"https://example.com/ai-enriched-link-1774144868727"},"timestamp":"2026-03-22T02:01:09.295Z"}
 GET /app/links?saved=1 [32m200[39m in 48ms[2m (next.js: 2ms, proxy.ts: 8ms, application-code: 38ms)[22m
 GET /app/search?q=ai [32m200[39m in 83ms[2m (next.js: 1903µs, proxy.ts: 6ms, application-code: 75ms)[22m
 GET /app/tags?tag=ai [32m200[39m in 42ms[2m (next.js: 834µs, proxy.ts: 3ms, application-code: 39ms)[22m
 GET /login [32m200[39m in 16ms[2m (next.js: 788µs, application-code: 15ms)[22m
 GET /app [32m200[39m in 24ms[2m (next.js: 873µs, proxy.ts: 2ms, application-code: 21ms)[22m
 POST /login [34m303[39m in 73ms[2m (next.js: 3ms, application-code: 70ms)[22m
  └─ ƒ loginAction({}) in 40ms [2msrc/app/login/actions.ts[22m
 GET /app/links [32m200[39m in 64ms[2m (next.js: 790µs, proxy.ts: 3ms, application-code: 61ms)[22m
 GET /app/links?saved=1 [32m200[39m in 32ms[2m (next.js: 875µs, proxy.ts: 3ms, application-code: 28ms)[22m
 POST /app/links [34m303[39m in 46ms[2m (next.js: 934µs, proxy.ts: 3ms, application-code: 42ms)[22m
  └─ ƒ createLinkAction({}) in 6ms [2msrc/app/app/links/actions.ts[22m
 POST /api/test/mina/chat/completions [32m200[39m in 2ms[2m (next.js: 652µs, application-code: 1719µs)[22m
 GET /app/links?saved=1 [32m200[39m in 55ms[2m (next.js: 1912µs, proxy.ts: 7ms, application-code: 46ms)[22m
 GET /media/2d07c4ce-31a1-4bcd-a28d-36623b756cce [32m200[39m in 516ms[2m (next.js: 505ms, application-code: 12ms)[22m
 GET /app/links?published=1 [32m200[39m in 60ms[2m (next.js: 1000µs, proxy.ts: 3ms, application-code: 56ms)[22m
 POST /app/links?saved=1 [34m303[39m in 79ms[2m (next.js: 1395µs, proxy.ts: 6ms, application-code: 71ms)[22m
  └─ ƒ publishLinkAction("cmn141t57000cdbyb0j3mzcez") in 6ms [2msrc/app/app/links/actions.ts[22m
 GET /media/2d07c4ce-31a1-4bcd-a28d-36623b756cce [32m200[39m in 11ms[2m (next.js: 2ms, application-code: 9ms)[22m
 GET / [32m200[39m in 23ms[2m (next.js: 4ms, application-code: 20ms)[22m
 GET /media/2d07c4ce-31a1-4bcd-a28d-36623b756cce [32m200[39m in 15ms[2m (next.js: 1506µs, application-code: 14ms)[22m
 GET /media/2d07c4ce-31a1-4bcd-a28d-36623b756cce [32m200[39m in 17ms[2m (next.js: 6ms, application-code: 10ms)[22m
 GET /app/links [32m200[39m in 84ms[2m (next.js: 920µs, proxy.ts: 2ms, application-code: 81ms)[22m
 GET /app/links?saved=1 [32m200[39m in 36ms[2m (next.js: 776µs, proxy.ts: 2ms, application-code: 33ms)[22m
 POST /app/links [34m303[39m in 50ms[2m (next.js: 934µs, proxy.ts: 3ms, application-code: 46ms)[22m
  └─ ƒ createLinkAction({}) in 5ms [2msrc/app/app/links/actions.ts[22m
{"level":"warn","message":"Link favicon cache failed.","metadata":{"error":"Configured link favicon fetch failure for Playwright.","linkId":"cmn141vpk000ddbybieyvhmj8","url":"https://example.com/fallback-favicon-1774144872440"},"timestamp":"2026-03-22T02:01:16.272Z"}
 POST /api/test/mina/chat/completions [32m200[39m in 1807µs[2m (next.js: 568µs, application-code: 1239µs)[22m
 GET /media/2d07c4ce-31a1-4bcd-a28d-36623b756cce [32m200[39m in 7ms[2m (next.js: 925µs, application-code: 6ms)[22m
 GET /app/links?saved=1 [32m200[39m in 55ms[2m (next.js: 2ms, proxy.ts: 10ms, application-code: 43ms)[22m
 GET /app/links?favicon=1 [32m200[39m in 40ms[2m (next.js: 1088µs, proxy.ts: 3ms, application-code: 36ms)[22m
 POST /app/links?saved=1 [34m303[39m in 59ms[2m (next.js: 1457µs, proxy.ts: 5ms, application-code: 52ms)[22m
  └─ ƒ refreshLinkFaviconAction("cmn141vpk000ddbybieyvhmj8") in 8ms [2msrc/app/app/links/actions.ts[22m
 GET /media/2d07c4ce-31a1-4bcd-a28d-36623b756cce [32m200[39m in 9ms[2m (next.js: 2ms, application-code: 7ms)[22m
 GET /media/175ee257-2034-40eb-8e92-037e955061b5 [32m200[39m in 10ms[2m (next.js: 4ms, application-code: 6ms)[22m
 GET /media/draft-note-image-1774144879484 [33m404[39m in 7ms[2m (next.js: 3ms, application-code: 4ms)[22m
 GET /login [32m200[39m in 23ms[2m (next.js: 770µs, application-code: 22ms)[22m
 GET /app [32m200[39m in 22ms[2m (next.js: 1217µs, proxy.ts: 3ms, application-code: 18ms)[22m
 POST /login [34m303[39m in 58ms[2m (next.js: 943µs, application-code: 57ms)[22m
  └─ ƒ loginAction({}) in 32ms [2msrc/app/login/actions.ts[22m
 GET /media/draft-note-image-1774144879484 [32m200[39m in 10ms[2m (next.js: 3ms, application-code: 7ms)[22m
 GET /media/draft-note-image-1774144879484 [32m200[39m in 6ms[2m (next.js: 591µs, application-code: 5ms)[22m
 GET /media/published-note-image-1774144879856 [32m200[39m in 10ms[2m (next.js: 6ms, application-code: 4ms)[22m
 GET /media/hidden-note-image-1774144879856 [33m404[39m in 4ms[2m (next.js: 733µs, application-code: 3ms)[22m
 GET /media/published-link-favicon-1774144879856 [32m200[39m in 4ms[2m (next.js: 669µs, application-code: 4ms)[22m
 GET /login [32m200[39m in 15ms[2m (next.js: 825µs, application-code: 14ms)[22m
 GET /app [32m200[39m in 24ms[2m (next.js: 944µs, proxy.ts: 3ms, application-code: 20ms)[22m
 POST /login [34m303[39m in 59ms[2m (next.js: 868µs, application-code: 58ms)[22m
  └─ ƒ loginAction({}) in 31ms [2msrc/app/login/actions.ts[22m
 GET /media/published-note-image-1774144879856 [32m200[39m in 10ms[2m (next.js: 2ms, application-code: 7ms)[22m
 GET /app/notes/new [32m200[39m in 19ms[2m (next.js: 2ms, proxy.ts: 3ms, application-code: 13ms)[22m
 GET /app/notes/cmn141yxd000edbybulcabnqw/edit?saved=1 [32m200[39m in 24ms[2m (next.js: 2ms, proxy.ts: 2ms, application-code: 19ms)[22m
 POST /app/notes/new [34m303[39m in 40ms[2m (next.js: 957µs, proxy.ts: 3ms, application-code: 36ms)[22m
  └─ ƒ createNoteAction({}) in 6ms [2msrc/app/app/notes/actions.ts[22m
 GET /app/notes/cmn141yxd000edbybulcabnqw/edit?saved=1 [32m200[39m in 42ms[2m (next.js: 5ms, proxy.ts: 7ms, application-code: 30ms)[22m
 GET /app [32m200[39m in 60ms[2m (next.js: 1962µs, proxy.ts: 6ms, application-code: 52ms)[22m
 GET /media/published-note-image-1774144879856 [32m200[39m in 12ms[2m (next.js: 3ms, application-code: 9ms)[22m
 GET /login [32m200[39m in 18ms[2m (next.js: 872µs, application-code: 17ms)[22m
 GET /app [32m200[39m in 20ms[2m (next.js: 872µs, proxy.ts: 2ms, application-code: 17ms)[22m
 POST /login [34m303[39m in 53ms[2m (next.js: 1015µs, application-code: 52ms)[22m
  └─ ƒ loginAction({}) in 29ms [2msrc/app/login/actions.ts[22m
 GET /app/notes/new [32m200[39m in 61ms[2m (next.js: 1014µs, proxy.ts: 3ms, application-code: 58ms)[22m
 POST /api/notes/images [32m201[39m in 34ms[2m (next.js: 26ms, application-code: 8ms)[22m
 GET /media/2b10630d-ffde-4026-bc99-e5c3dbbc8161 [32m200[39m in 13ms[2m (next.js: 5ms, application-code: 8ms)[22m
 GET /app/notes/cmn1421rw000fdbyboq7vyx22/edit?saved=1 [32m200[39m in 23ms[2m (next.js: 2ms, proxy.ts: 2ms, application-code: 19ms)[22m
 POST /app/notes/new [34m303[39m in 40ms[2m (next.js: 1973µs, proxy.ts: 4ms, application-code: 35ms)[22m
  └─ ƒ createNoteAction({}) in 7ms [2msrc/app/app/notes/actions.ts[22m
 GET /media/2b10630d-ffde-4026-bc99-e5c3dbbc8161 [32m200[39m in 10ms[2m (next.js: 1264µs, application-code: 9ms)[22m
 GET / [32m200[39m in 20ms[2m (next.js: 1788µs, application-code: 18ms)[22m
 GET /login [32m200[39m in 15ms[2m (next.js: 747µs, application-code: 14ms)[22m
 GET /login [32m200[39m in 15ms[2m (next.js: 741µs, application-code: 14ms)[22m
 GET /login [32m200[39m in 15ms[2m (next.js: 711µs, application-code: 14ms)[22m
 GET /app [32m200[39m in 26ms[2m (next.js: 906µs, proxy.ts: 3ms, application-code: 22ms)[22m
 POST /login [34m303[39m in 60ms[2m (next.js: 898µs, application-code: 59ms)[22m
  └─ ƒ loginAction({}) in 30ms [2msrc/app/login/actions.ts[22m
 GET /app/notes/cmn1422h40008ddybgmyvqcpt/edit [32m200[39m in 44ms[2m (next.js: 2ms, proxy.ts: 2ms, application-code: 39ms)[22m
 GET /login [32m200[39m in 15ms[2m (next.js: 757µs, application-code: 15ms)[22m
 GET /app [32m200[39m in 22ms[2m (next.js: 924µs, proxy.ts: 3ms, application-code: 18ms)[22m
 POST /login [34m303[39m in 56ms[2m (next.js: 910µs, application-code: 55ms)[22m
  └─ ƒ loginAction({}) in 30ms [2msrc/app/login/actions.ts[22m
 GET /app/notes/cmn1422z10009ddybgo2ymlml/edit [32m200[39m in 51ms[2m (next.js: 2ms, proxy.ts: 3ms, application-code: 46ms)[22m
 GET / [32m200[39m in 18ms[2m (next.js: 870µs, application-code: 17ms)[22m
 GET / [32m200[39m in 18ms[2m (next.js: 880µs, application-code: 17ms)[22m
 GET / [32m200[39m in 19ms[2m (next.js: 969µs, application-code: 18ms)[22m
 GET / [32m200[39m in 17ms[2m (next.js: 773µs, application-code: 16ms)[22m
 GET /login [32m200[39m in 16ms[2m (next.js: 771µs, application-code: 15ms)[22m
 GET /app [32m200[39m in 21ms[2m (next.js: 853µs, proxy.ts: 3ms, application-code: 18ms)[22m
 POST /login [34m303[39m in 55ms[2m (next.js: 860µs, application-code: 54ms)[22m
  └─ ƒ loginAction({}) in 30ms [2msrc/app/login/actions.ts[22m
 GET /app/notes/new [32m200[39m in 27ms[2m (next.js: 910µs, proxy.ts: 3ms, application-code: 23ms)[22m
 GET /app/notes/cmn1424sd000gdbybic1u691y/edit?saved=1 [32m200[39m in 23ms[2m (next.js: 2ms, proxy.ts: 2ms, application-code: 18ms)[22m
 POST /app/notes/new [34m303[39m in 36ms[2m (next.js: 868µs, proxy.ts: 3ms, application-code: 32ms)[22m
  └─ ƒ createNoteAction({}) in 6ms [2msrc/app/app/notes/actions.ts[22m
 GET /login [32m200[39m in 18ms[2m (next.js: 800µs, application-code: 17ms)[22m
 GET /app [32m200[39m in 29ms[2m (next.js: 1312µs, proxy.ts: 2ms, application-code: 25ms)[22m
 POST /login [34m303[39m in 62ms[2m (next.js: 889µs, application-code: 61ms)[22m
  └─ ƒ loginAction({}) in 30ms [2msrc/app/login/actions.ts[22m
 GET /app/notes/cmn1424v7000tddybd4vvgyib/edit [32m200[39m in 43ms[2m (next.js: 2ms, proxy.ts: 3ms, application-code: 38ms)[22m
 GET /login [32m200[39m in 16ms[2m (next.js: 811µs, application-code: 15ms)[22m
 GET /app [32m200[39m in 23ms[2m (next.js: 951µs, proxy.ts: 2ms, application-code: 20ms)[22m
 POST /login [34m303[39m in 57ms[2m (next.js: 930µs, application-code: 57ms)[22m
  └─ ƒ loginAction({}) in 30ms [2msrc/app/login/actions.ts[22m
 GET /app/notes/new [32m200[39m in 28ms[2m (next.js: 860µs, proxy.ts: 3ms, application-code: 24ms)[22m
 GET /media/3b92f5a1-6c7b-417c-b948-3dfdce5a8efe-with-extra-wrap-length-for-the-gutter [33m404[39m in 8ms[2m (next.js: 2ms, application-code: 6ms)[22m
 GET /login [32m200[39m in 18ms[2m (next.js: 769µs, application-code: 17ms)[22m
 GET /app [32m200[39m in 22ms[2m (next.js: 837µs, proxy.ts: 2ms, application-code: 19ms)[22m
 POST /login [34m303[39m in 56ms[2m (next.js: 890µs, application-code: 55ms)[22m
  └─ ƒ loginAction({}) in 30ms [2msrc/app/login/actions.ts[22m
 GET /app/notes/cmn1425oz000vddyb2islhcvi/edit [32m200[39m in 47ms[2m (next.js: 2ms, proxy.ts: 3ms, application-code: 42ms)[22m
 GET /login [32m200[39m in 16ms[2m (next.js: 965µs, application-code: 15ms)[22m
 GET /app [32m200[39m in 28ms[2m (next.js: 1039µs, proxy.ts: 2ms, application-code: 25ms)[22m
 POST /login [34m303[39m in 63ms[2m (next.js: 918µs, application-code: 62ms)[22m
  └─ ƒ loginAction({}) in 31ms [2msrc/app/login/actions.ts[22m
 GET /app/notes/cmn14264m000wddyb97rjiwji/edit [32m200[39m in 45ms[2m (next.js: 4ms, proxy.ts: 3ms, application-code: 39ms)[22m
 GET /app/notes/cmn14264m000wddyb97rjiwji/edit?saved=1 [32m200[39m in 24ms[2m (next.js: 1312µs, proxy.ts: 2ms, application-code: 20ms)[22m
 POST /app/notes/cmn14264m000wddyb97rjiwji/edit [34m303[39m in 40ms[2m (next.js: 2ms, proxy.ts: 3ms, application-code: 35ms)[22m
  └─ ƒ updateNoteAction("cmn14264m000wddyb97rjiwji", {}) in 6ms [2msrc/app/app/notes/actions.ts[22m
 GET /login [32m200[39m in 16ms[2m (next.js: 1136µs, application-code: 15ms)[22m
 GET /app [32m200[39m in 26ms[2m (next.js: 881µs, proxy.ts: 2ms, application-code: 23ms)[22m
 POST /login [34m303[39m in 61ms[2m (next.js: 910µs, application-code: 60ms)[22m
  └─ ƒ loginAction({}) in 30ms [2msrc/app/login/actions.ts[22m
 GET /app/notes/cmn1426yu000xddybm1m7k0e7/edit [32m200[39m in 44ms[2m (next.js: 2ms, proxy.ts: 2ms, application-code: 39ms)[22m
 GET /login [32m200[39m in 17ms[2m (next.js: 758µs, application-code: 16ms)[22m
 GET /app [32m200[39m in 22ms[2m (next.js: 1324µs, proxy.ts: 2ms, application-code: 18ms)[22m
 POST /login [34m303[39m in 55ms[2m (next.js: 1001µs, application-code: 54ms)[22m
  └─ ƒ loginAction({}) in 30ms [2msrc/app/login/actions.ts[22m
 GET /app/notes/cmn1427fz000yddybjqkr7lfi/edit [32m200[39m in 46ms[2m (next.js: 2ms, proxy.ts: 3ms, application-code: 41ms)[22m
 GET /app/notes/cmn1427fz000yddybjqkr7lfi/edit?saved=1 [32m200[39m in 24ms[2m (next.js: 1283µs, proxy.ts: 2ms, application-code: 20ms)[22m
 POST /app/notes/cmn1427fz000yddybjqkr7lfi/edit [34m303[39m in 45ms[2m (next.js: 2ms, proxy.ts: 11ms, application-code: 33ms)[22m
  └─ ƒ updateNoteAction("cmn1427fz000yddybjqkr7lfi", {}) in 6ms [2msrc/app/app/notes/actions.ts[22m
 GET /app/notes/cmn1427fz000yddybjqkr7lfi/edit?saved=1 [32m200[39m in 42ms[2m (next.js: 1387µs, proxy.ts: 3ms, application-code: 38ms)[22m
 GET /login [32m200[39m in 16ms[2m (next.js: 893µs, application-code: 15ms)[22m
 GET /app [32m200[39m in 23ms[2m (next.js: 1329µs, proxy.ts: 2ms, application-code: 19ms)[22m
 POST /login [34m303[39m in 57ms[2m (next.js: 1046µs, application-code: 56ms)[22m
  └─ ƒ loginAction({}) in 30ms [2msrc/app/login/actions.ts[22m
 GET /app/notes/cmn14289y000zddyb7wxnih4v/edit [32m200[39m in 50ms[2m (next.js: 2ms, proxy.ts: 3ms, application-code: 45ms)[22m
 GET /login [32m200[39m in 16ms[2m (next.js: 768µs, application-code: 15ms)[22m
 GET /app [32m200[39m in 22ms[2m (next.js: 1155µs, proxy.ts: 2ms, application-code: 19ms)[22m
 POST /login [34m303[39m in 57ms[2m (next.js: 930µs, application-code: 56ms)[22m
  └─ ƒ loginAction({}) in 30ms [2msrc/app/login/actions.ts[22m
 GET /app/notes/cmn1428rl0010ddybabhi5m38/edit [32m200[39m in 45ms[2m (next.js: 2ms, proxy.ts: 3ms, application-code: 40ms)[22m
 GET /app/notes/cmn1428rl0010ddybabhi5m38/edit?saved=1 [32m200[39m in 30ms[2m (next.js: 1376µs, proxy.ts: 2ms, application-code: 27ms)[22m
 POST /app/notes/cmn1428rl0010ddybabhi5m38/edit [34m303[39m in 46ms[2m (next.js: 3ms, proxy.ts: 3ms, application-code: 40ms)[22m
  └─ ƒ updateNoteAction("cmn1428rl0010ddybabhi5m38", {}) in 6ms [2msrc/app/app/notes/actions.ts[22m
 GET /login [32m200[39m in 18ms[2m (next.js: 938µs, application-code: 17ms)[22m
 GET /app [32m200[39m in 22ms[2m (next.js: 1081µs, proxy.ts: 3ms, application-code: 18ms)[22m
 POST /login [34m303[39m in 55ms[2m (next.js: 927µs, application-code: 54ms)[22m
  └─ ƒ loginAction({}) in 30ms [2msrc/app/login/actions.ts[22m
 GET /app/notes/new [32m200[39m in 34ms[2m (next.js: 894µs, proxy.ts: 3ms, application-code: 31ms)[22m
 GET /login [32m200[39m in 16ms[2m (next.js: 808µs, application-code: 15ms)[22m
 GET /app [32m200[39m in 28ms[2m (next.js: 918µs, proxy.ts: 3ms, application-code: 24ms)[22m
 POST /login [34m303[39m in 67ms[2m (next.js: 1128µs, application-code: 66ms)[22m
  └─ ƒ loginAction({}) in 34ms [2msrc/app/login/actions.ts[22m
 GET /app/notes/cmn142a550012ddyb89zrkqhh/edit [32m200[39m in 44ms[2m (next.js: 2ms, proxy.ts: 2ms, application-code: 40ms)[22m
 GET /login [32m200[39m in 16ms[2m (next.js: 800µs, application-code: 15ms)[22m
 GET /app [32m200[39m in 23ms[2m (next.js: 935µs, proxy.ts: 3ms, application-code: 19ms)[22m
 POST /login [34m303[39m in 57ms[2m (next.js: 955µs, application-code: 57ms)[22m
  └─ ƒ loginAction({}) in 30ms [2msrc/app/login/actions.ts[22m
 GET /app/notes/cmn142alx0013ddyb79hfyq8o/edit [32m200[39m in 50ms[2m (next.js: 2ms, proxy.ts: 3ms, application-code: 45ms)[22m
 GET /media/ui-note-images-draft-1774144896118 [33m404[39m in 6ms[2m (next.js: 2ms, application-code: 3ms)[22m
 GET /login [32m200[39m in 22ms[2m (next.js: 1581µs, application-code: 20ms)[22m
 GET /app [32m200[39m in 22ms[2m (next.js: 1169µs, proxy.ts: 2ms, application-code: 19ms)[22m
 POST /login [34m303[39m in 57ms[2m (next.js: 924µs, application-code: 56ms)[22m
  └─ ƒ loginAction({}) in 30ms [2msrc/app/login/actions.ts[22m
 GET /media/ui-note-images-published-first-1774144896118 [32m200[39m in 8ms[2m (next.js: 1024µs, application-code: 7ms)[22m
 GET /media/ui-note-images-draft-1774144896118 [32m200[39m in 9ms[2m (next.js: 2ms, application-code: 7ms)[22m
 GET / [32m200[39m in 17ms[2m (next.js: 753µs, application-code: 16ms)[22m
 GET /media/ui-note-images-published-first-1774144896118 [32m200[39m in 9ms[2m (next.js: 1105µs, application-code: 8ms)[22m
 GET /notes/published-note-image-card [32m200[39m in 45ms[2m (next.js: 3ms, application-code: 42ms)[22m
 GET /media/ui-note-images-published-first-1774144896118 [32m200[39m in 27ms[2m (next.js: 10ms, application-code: 17ms)[22m
 GET /media/ui-note-images-published-second-1774144896118 [32m200[39m in 27ms[2m (next.js: 11ms, application-code: 17ms)[22m
 GET /login [32m200[39m in 18ms[2m (next.js: 723µs, application-code: 18ms)[22m
 GET /app [32m200[39m in 24ms[2m (next.js: 955µs, proxy.ts: 3ms, application-code: 20ms)[22m
 POST /login [34m303[39m in 59ms[2m (next.js: 1059µs, application-code: 58ms)[22m
  └─ ƒ loginAction({}) in 31ms [2msrc/app/login/actions.ts[22m
 GET /login [32m200[39m in 18ms[2m (next.js: 981µs, application-code: 17ms)[22m
 GET /app [32m200[39m in 24ms[2m (next.js: 968µs, proxy.ts: 3ms, application-code: 21ms)[22m
 POST /login [34m303[39m in 60ms[2m (next.js: 1120µs, application-code: 59ms)[22m
  └─ ƒ loginAction({}) in 30ms [2msrc/app/login/actions.ts[22m
 GET /login [32m200[39m in 23ms[2m (next.js: 1081µs, application-code: 22ms)[22m
 GET /app [32m200[39m in 24ms[2m (next.js: 907µs, proxy.ts: 3ms, application-code: 21ms)[22m
 POST /login [34m303[39m in 60ms[2m (next.js: 1139µs, application-code: 58ms)[22m
  └─ ƒ loginAction({}) in 30ms [2msrc/app/login/actions.ts[22m
 GET /app/links [32m200[39m in 51ms[2m (next.js: 1523µs, proxy.ts: 2ms, application-code: 47ms)[22m
 GET /login [32m200[39m in 16ms[2m (next.js: 807µs, application-code: 16ms)[22m
 GET /app [32m200[39m in 28ms[2m (next.js: 1065µs, proxy.ts: 2ms, application-code: 25ms)[22m
 POST /login [34m303[39m in 63ms[2m (next.js: 819µs, application-code: 62ms)[22m
  └─ ƒ loginAction({}) in 31ms [2msrc/app/login/actions.ts[22m
 GET /app/links [32m200[39m in 51ms[2m (next.js: 878µs, proxy.ts: 3ms, application-code: 48ms)[22m
 GET /login [32m200[39m in 16ms[2m (next.js: 784µs, application-code: 15ms)[22m
 GET /app [32m200[39m in 27ms[2m (next.js: 911µs, proxy.ts: 2ms, application-code: 24ms)[22m
 POST /login [34m303[39m in 61ms[2m (next.js: 1066µs, application-code: 60ms)[22m
  └─ ƒ loginAction({}) in 29ms [2msrc/app/login/actions.ts[22m
 GET /app/tags?tag=studio-systems [32m200[39m in 45ms[2m (next.js: 2ms, proxy.ts: 3ms, application-code: 40ms)[22m
 GET /login [32m200[39m in 16ms[2m (next.js: 899µs, application-code: 15ms)[22m
 GET /app [32m200[39m in 23ms[2m (next.js: 957µs, proxy.ts: 2ms, application-code: 20ms)[22m
 POST /login [34m303[39m in 58ms[2m (next.js: 854µs, application-code: 57ms)[22m
  └─ ƒ loginAction({}) in 30ms [2msrc/app/login/actions.ts[22m
 GET /app/tags?tag=studio-systems [32m200[39m in 44ms[2m (next.js: 934µs, proxy.ts: 3ms, application-code: 40ms)[22m
 GET /login [32m200[39m in 17ms[2m (next.js: 881µs, application-code: 16ms)[22m
 GET /app [32m200[39m in 23ms[2m (next.js: 920µs, proxy.ts: 2ms, application-code: 20ms)[22m
 POST /login [34m303[39m in 57ms[2m (next.js: 821µs, application-code: 56ms)[22m
  └─ ƒ loginAction({}) in 29ms [2msrc/app/login/actions.ts[22m
 GET /app/search?q=rhythm [32m200[39m in 41ms[2m (next.js: 1428µs, proxy.ts: 2ms, application-code: 38ms)[22m
 GET /login [32m200[39m in 16ms[2m (next.js: 766µs, application-code: 15ms)[22m
 GET /app [32m200[39m in 24ms[2m (next.js: 881µs, proxy.ts: 2ms, application-code: 21ms)[22m
 POST /login [34m303[39m in 66ms[2m (next.js: 882µs, application-code: 65ms)[22m
  └─ ƒ loginAction({}) in 36ms [2msrc/app/login/actions.ts[22m
 GET /app/search?q=rhythm [32m200[39m in 41ms[2m (next.js: 1061µs, proxy.ts: 3ms, application-code: 38ms)[22m
 GET / [32m200[39m in 18ms[2m (next.js: 779µs, application-code: 17ms)[22m
 GET / [32m200[39m in 18ms[2m (next.js: 761µs, application-code: 18ms)[22m
 GET /notes/public-notes-should-read-like-finished-pages-not-dashboards [32m200[39m in 35ms[2m (next.js: 2ms, application-code: 33ms)[22m
 GET /notes/public-notes-should-read-like-finished-pages-not-dashboards [32m200[39m in 21ms[2m (next.js: 1846µs, application-code: 19ms)[22m
 GET / [32m200[39m in 18ms[2m (next.js: 817µs, application-code: 17ms)[22m
 GET / [32m200[39m in 18ms[2m (next.js: 743µs, application-code: 17ms)[22m
 GET / [32m200[39m in 19ms[2m (next.js: 872µs, application-code: 18ms)[22m
 GET /notes/tag-chips-should-fit-a-calmer-public-hierarchy [32m200[39m in 19ms[2m (next.js: 1627µs, application-code: 18ms)[22m
 GET / [32m200[39m in 24ms[2m (next.js: 811µs, application-code: 23ms)[22m
 GET /login [32m200[39m in 16ms[2m (next.js: 759µs, application-code: 16ms)[22m
 GET /login [32m200[39m in 17ms[2m (next.js: 747µs, application-code: 16ms)[22m
 GET /app [32m200[39m in 22ms[2m (next.js: 1014µs, proxy.ts: 3ms, application-code: 19ms)[22m
 POST /login [34m303[39m in 58ms[2m (next.js: 950µs, application-code: 57ms)[22m
  └─ ƒ loginAction({}) in 30ms [2msrc/app/login/actions.ts[22m
 GET /login [32m200[39m in 16ms[2m (next.js: 756µs, application-code: 15ms)[22m
 GET /app [32m200[39m in 27ms[2m (next.js: 865µs, proxy.ts: 3ms, application-code: 23ms)[22m
 POST /login [34m303[39m in 63ms[2m (next.js: 910µs, application-code: 62ms)[22m
  └─ ƒ loginAction({}) in 31ms [2msrc/app/login/actions.ts[22m
