
> minakeep@0.1.0 dev
> next dev --hostname 127.0.0.1 --port 3100

[1m[38;2;173;127;168m▲ Next.js 16.2.0[39m[22m (Turbopack)
- Local:         http://127.0.0.1:3100
- Network:       http://127.0.0.1:3100
- Environments: .env
[32m[1m✓[22m[39m Ready in 184ms

 GET /api/health [32m200[39m in 96ms[2m (next.js: 83ms, application-code: 13ms)[22m
 GET /login [32m200[39m in 159ms[2m (next.js: 52ms, application-code: 108ms)[22m
 GET /app [32m200[39m in 114ms[2m (next.js: 25ms, proxy.ts: 33ms, application-code: 56ms)[22m
 POST /login [34m303[39m in 212ms[2m (next.js: 1590µs, application-code: 211ms)[22m
  └─ ƒ loginAction({}) in 88ms [2msrc/app/login/actions.ts[22m
 GET / [32m200[39m in 115ms[2m (next.js: 15ms, application-code: 100ms)[22m
 GET /login?callbackUrl=http%3A%2F%2Flocalhost%3A3100%2Fapp%2Fsearch [32m200[39m in 19ms[2m (next.js: 888µs, application-code: 18ms)[22m
 GET /login?callbackUrl=http%3A%2F%2Flocalhost%3A3100%2Fapp%2Fnotes%2Fnew [32m200[39m in 16ms[2m (next.js: 853µs, application-code: 15ms)[22m
 GET /app [32m200[39m in 23ms[2m (next.js: 1014µs, proxy.ts: 3ms, application-code: 19ms)[22m
 POST /login?callbackUrl=http%3A%2F%2Flocalhost%3A3100%2Fapp%2Fnotes%2Fnew [34m303[39m in 60ms[2m (next.js: 1089µs, application-code: 59ms)[22m
  └─ ƒ loginAction({}) in 31ms [2msrc/app/login/actions.ts[22m
 GET /app/notes/new [32m200[39m in 37ms[2m (next.js: 20ms, proxy.ts: 4ms, application-code: 14ms)[22m
 GET /app/notes/cmmzrny050000ojyb0c6l0byb/edit?saved=1 [32m200[39m in 262ms[2m (next.js: 236ms, proxy.ts: 3ms, application-code: 23ms)[22m
 POST /app/notes/new [34m303[39m in 292ms[2m (next.js: 1575µs, proxy.ts: 4ms, application-code: 287ms)[22m
  └─ ƒ createNoteAction({}) in 21ms [2msrc/app/app/notes/actions.ts[22m
 POST /app/notes/cmmzrny050000ojyb0c6l0byb/edit?saved=1 [34m303[39m in 121ms[2m (next.js: 5ms, proxy.ts: 3ms, application-code: 112ms)[22m
  └─ ƒ updateNoteAction("cmmzrny050000ojyb0c6l0byb", {}) in 7ms [2msrc/app/app/notes/actions.ts[22m
 GET /app [32m200[39m in 166ms[2m (next.js: 6ms, proxy.ts: 8ms, application-code: 153ms)[22m
 GET /app/notes/cmmzrny050000ojyb0c6l0byb/edit?saved=1 [32m200[39m in 132ms[2m (next.js: 8ms, proxy.ts: 84ms, application-code: 40ms)[22m
 GET /app/notes/cmmzrny050000ojyb0c6l0byb/edit [32m200[39m in 22ms[2m (next.js: 1707µs, proxy.ts: 4ms, application-code: 16ms)[22m
 GET /login [32m200[39m in 16ms[2m (next.js: 877µs, application-code: 15ms)[22m
 GET /app [32m200[39m in 24ms[2m (next.js: 913µs, proxy.ts: 2ms, application-code: 20ms)[22m
 POST /login [34m303[39m in 63ms[2m (next.js: 952µs, application-code: 62ms)[22m
  └─ ƒ loginAction({}) in 34ms [2msrc/app/login/actions.ts[22m
 GET /app/notes/new [32m200[39m in 16ms[2m (next.js: 1100µs, proxy.ts: 4ms, application-code: 11ms)[22m
 GET /app/notes/cmmzrnyv50001ojyblnmszq9v/edit?saved=1 [32m200[39m in 23ms[2m (next.js: 2ms, proxy.ts: 3ms, application-code: 19ms)[22m
 POST /app/notes/new [34m303[39m in 43ms[2m (next.js: 1515µs, proxy.ts: 8ms, application-code: 34ms)[22m
  └─ ƒ createNoteAction({}) in 7ms [2msrc/app/app/notes/actions.ts[22m
 POST /api/test/mina/chat/completions [32m200[39m in 1513ms[2m (next.js: 13ms, application-code: 1500ms)[22m
 GET /app/notes/cmmzrnyv50001ojyblnmszq9v/edit?saved=1 [32m200[39m in 43ms[2m (next.js: 6ms, proxy.ts: 10ms, application-code: 27ms)[22m
 GET /app/notes/cmmzrnyv50001ojyblnmszq9v/edit?retried=1 [32m200[39m in 25ms[2m (next.js: 1701µs, proxy.ts: 3ms, application-code: 21ms)[22m
 POST /app/notes/cmmzrnyv50001ojyblnmszq9v/edit?saved=1 [34m303[39m in 48ms[2m (next.js: 4ms, proxy.ts: 8ms, application-code: 36ms)[22m
  └─ ƒ retryNoteEnrichmentAction("cmmzrnyv50001ojyblnmszq9v") in 6ms [2msrc/app/app/notes/actions.ts[22m
 POST /api/test/mina/chat/completions [32m200[39m in 1509ms[2m (next.js: 819µs, application-code: 1508ms)[22m
 GET /app/notes/cmmzrnyv50001ojyblnmszq9v/edit?retried=1 [32m200[39m in 46ms[2m (next.js: 8ms, proxy.ts: 9ms, application-code: 29ms)[22m
 GET /login [32m200[39m in 20ms[2m (next.js: 869µs, application-code: 19ms)[22m
 GET /app [32m200[39m in 25ms[2m (next.js: 918µs, proxy.ts: 3ms, application-code: 22ms)[22m
 POST /login [34m303[39m in 61ms[2m (next.js: 1087µs, application-code: 60ms)[22m
  └─ ƒ loginAction({}) in 31ms [2msrc/app/login/actions.ts[22m
 GET /app/notes/new [32m200[39m in 21ms[2m (next.js: 892µs, proxy.ts: 3ms, application-code: 17ms)[22m
 GET /app/notes/cmmzro3vj0002ojybw4ei4kdu/edit?saved=1 [32m200[39m in 24ms[2m (next.js: 2ms, proxy.ts: 3ms, application-code: 19ms)[22m
 POST /app/notes/new [34m303[39m in 38ms[2m (next.js: 1060µs, proxy.ts: 3ms, application-code: 33ms)[22m
  └─ ƒ createNoteAction({}) in 5ms [2msrc/app/app/notes/actions.ts[22m
 GET /app/notes/cmmzro3vj0002ojybw4ei4kdu/edit?published=1 [32m200[39m in 22ms[2m (next.js: 1453µs, proxy.ts: 2ms, application-code: 18ms)[22m
 POST /app/notes/cmmzro3vj0002ojybw4ei4kdu/edit?saved=1 [34m303[39m in 38ms[2m (next.js: 1534µs, proxy.ts: 4ms, application-code: 33ms)[22m
  └─ ƒ publishNoteAction("cmmzro3vj0002ojybw4ei4kdu") in 7ms [2msrc/app/app/notes/actions.ts[22m
 GET / [32m200[39m in 22ms[2m (next.js: 819µs, application-code: 21ms)[22m
 GET /notes/public-note-1774063611612 [32m200[39m in 199ms[2m (next.js: 180ms, application-code: 19ms)[22m
 GET /app [32m200[39m in 68ms[2m (next.js: 1716µs, proxy.ts: 5ms, application-code: 61ms)[22m
 GET /app/notes/cmmzro3vj0002ojybw4ei4kdu/edit [32m200[39m in 22ms[2m (next.js: 3ms, proxy.ts: 3ms, application-code: 16ms)[22m
 GET /app/notes/cmmzro3vj0002ojybw4ei4kdu/edit?unpublished=1 [32m200[39m in 22ms[2m (next.js: 1243µs, proxy.ts: 2ms, application-code: 18ms)[22m
 POST /app/notes/cmmzro3vj0002ojybw4ei4kdu/edit [34m303[39m in 37ms[2m (next.js: 1483µs, proxy.ts: 3ms, application-code: 32ms)[22m
  └─ ƒ unpublishNoteAction("cmmzro3vj0002ojybw4ei4kdu") in 6ms [2msrc/app/app/notes/actions.ts[22m
 GET / [32m200[39m in 21ms[2m (next.js: 833µs, application-code: 20ms)[22m
 GET /notes/public-note-1774063611612 [33m404[39m in 30ms[2m (next.js: 2ms, application-code: 28ms)[22m
 GET /login [32m200[39m in 22ms[2m (next.js: 813µs, application-code: 21ms)[22m
 GET /app [32m200[39m in 25ms[2m (next.js: 894µs, proxy.ts: 3ms, application-code: 22ms)[22m
 POST /login [34m303[39m in 60ms[2m (next.js: 946µs, application-code: 59ms)[22m
  └─ ƒ loginAction({}) in 30ms [2msrc/app/login/actions.ts[22m
 GET /app/links [32m200[39m in 232ms[2m (next.js: 15ms, proxy.ts: 3ms, application-code: 214ms)[22m
 GET /app/links?saved=1 [32m200[39m in 277ms[2m (next.js: 1003µs, proxy.ts: 3ms, application-code: 274ms)[22m
 POST /app/links [34m303[39m in 299ms[2m (next.js: 1138µs, proxy.ts: 3ms, application-code: 294ms)[22m
  └─ ƒ createLinkAction({}) in 7ms [2msrc/app/app/links/actions.ts[22m
 POST /api/test/mina/chat/completions [32m200[39m in 2ms[2m (next.js: 636µs, application-code: 1770µs)[22m
 GET /app/links?saved=1 [32m200[39m in 216ms[2m (next.js: 1475µs, proxy.ts: 5ms, application-code: 209ms)[22m
 GET / [32m200[39m in 19ms[2m (next.js: 958µs, application-code: 18ms)[22m
 GET /login [32m200[39m in 18ms[2m (next.js: 695µs, application-code: 17ms)[22m
 GET /app [32m200[39m in 24ms[2m (next.js: 1206µs, proxy.ts: 2ms, application-code: 21ms)[22m
 POST /login [34m303[39m in 59ms[2m (next.js: 922µs, application-code: 58ms)[22m
  └─ ƒ loginAction({}) in 30ms [2msrc/app/login/actions.ts[22m
 GET /app/links [32m200[39m in 155ms[2m (next.js: 888µs, proxy.ts: 3ms, application-code: 151ms)[22m
 GET /app/links?saved=1 [32m200[39m in 236ms[2m (next.js: 865µs, proxy.ts: 3ms, application-code: 233ms)[22m
 POST /app/links [34m303[39m in 250ms[2m (next.js: 828µs, proxy.ts: 3ms, application-code: 246ms)[22m
  └─ ƒ createLinkAction({}) in 6ms [2msrc/app/app/links/actions.ts[22m
 POST /api/test/mina/chat/completions [32m200[39m in 1510ms[2m (next.js: 609µs, application-code: 1509ms)[22m
 GET /app/links?saved=1 [32m200[39m in 224ms[2m (next.js: 1509µs, proxy.ts: 6ms, application-code: 217ms)[22m
 GET /app/links?retried=1 [32m200[39m in 238ms[2m (next.js: 807µs, proxy.ts: 3ms, application-code: 234ms)[22m
 POST /app/links?saved=1 [34m303[39m in 251ms[2m (next.js: 1047µs, proxy.ts: 3ms, application-code: 247ms)[22m
  └─ ƒ retryLinkEnrichmentAction("cmmzro8660004ojybilexhj08") in 6ms [2msrc/app/app/links/actions.ts[22m
 GET /app/links?retried=1 [32m200[39m in 173ms[2m (next.js: 3ms, proxy.ts: 10ms, application-code: 160ms)[22m
 POST /api/test/mina/chat/completions [32m200[39m in 1509ms[2m (next.js: 664µs, application-code: 1508ms)[22m
 GET /app/links?retried=1 [32m200[39m in 288ms[2m (next.js: 3ms, proxy.ts: 12ms, application-code: 274ms)[22m
 GET /login [32m200[39m in 18ms[2m (next.js: 934µs, application-code: 17ms)[22m
 GET /app [32m200[39m in 24ms[2m (next.js: 877µs, proxy.ts: 3ms, application-code: 20ms)[22m
 POST /login [34m303[39m in 59ms[2m (next.js: 922µs, application-code: 58ms)[22m
  └─ ƒ loginAction({}) in 30ms [2msrc/app/login/actions.ts[22m
 GET /app/links [32m200[39m in 231ms[2m (next.js: 863µs, proxy.ts: 3ms, application-code: 227ms)[22m
 GET /app/links?error=invalid-url [32m200[39m in 180ms[2m (next.js: 1095µs, proxy.ts: 3ms, application-code: 176ms)[22m
 POST /app/links [34m303[39m in 191ms[2m (next.js: 883µs, proxy.ts: 3ms, application-code: 187ms)[22m
  └─ ƒ createLinkAction({}) in 3ms [2msrc/app/app/links/actions.ts[22m
 GET /login [32m200[39m in 17ms[2m (next.js: 773µs, application-code: 17ms)[22m
 GET /app [32m200[39m in 24ms[2m (next.js: 963µs, proxy.ts: 2ms, application-code: 21ms)[22m
 POST /login [34m303[39m in 58ms[2m (next.js: 944µs, application-code: 57ms)[22m
  └─ ƒ loginAction({}) in 30ms [2msrc/app/login/actions.ts[22m
 GET /app/notes/new [32m200[39m in 16ms[2m (next.js: 872µs, proxy.ts: 3ms, application-code: 12ms)[22m
 GET /app/notes/cmmzrofgn0005ojyb6ls4msr8/edit?saved=1 [32m200[39m in 23ms[2m (next.js: 2ms, proxy.ts: 2ms, application-code: 18ms)[22m
 POST /app/notes/new [34m303[39m in 36ms[2m (next.js: 951µs, proxy.ts: 3ms, application-code: 32ms)[22m
  └─ ƒ createNoteAction({}) in 5ms [2msrc/app/app/notes/actions.ts[22m
 GET /app/links [32m200[39m in 509ms[2m (next.js: 1065µs, proxy.ts: 3ms, application-code: 505ms)[22m
 POST /app/links [34m303[39m in 12ms[2m (next.js: 989µs, proxy.ts: 3ms, application-code: 8ms)[22m
 POST /api/test/mina/chat/completions [32m200[39m in 1834µs[2m (next.js: 610µs, application-code: 1224µs)[22m
 GET /app/links?saved=1 [32m200[39m in 513ms[2m (next.js: 799µs, proxy.ts: 6ms, application-code: 506ms)[22m
 GET /app/tags?tag=ai-owned [32m200[39m in 312ms[2m (next.js: 26ms, proxy.ts: 5ms, application-code: 281ms)[22m
 GET /app/tags [32m200[39m in 517ms[2m (next.js: 939µs, proxy.ts: 3ms, application-code: 513ms)[22m
 GET /app/search?q=Filtered%20note%201774063626644 [32m200[39m in 93ms[2m (next.js: 19ms, proxy.ts: 3ms, application-code: 71ms)[22m
 GET /app/search?q=url-needle-1774063626644 [32m200[39m in 43ms[2m (next.js: 801µs, proxy.ts: 3ms, application-code: 39ms)[22m
 GET /app/search?q=ai-owned [32m200[39m in 175ms[2m (next.js: 966µs, proxy.ts: 3ms, application-code: 171ms)[22m
 GET /login [32m200[39m in 15ms[2m (next.js: 761µs, application-code: 15ms)[22m
 GET /app [32m200[39m in 27ms[2m (next.js: 1168µs, proxy.ts: 3ms, application-code: 23ms)[22m
 POST /login [34m303[39m in 62ms[2m (next.js: 948µs, application-code: 61ms)[22m
  └─ ƒ loginAction({}) in 30ms [2msrc/app/login/actions.ts[22m
 GET /app/links [32m200[39m in 401ms[2m (next.js: 953µs, proxy.ts: 3ms, application-code: 397ms)[22m
 GET /app/links?saved=1 [32m200[39m in 250ms[2m (next.js: 915µs, proxy.ts: 3ms, application-code: 246ms)[22m
 POST /app/links [34m303[39m in 267ms[2m (next.js: 1267µs, proxy.ts: 5ms, application-code: 261ms)[22m
  └─ ƒ createLinkAction({}) in 7ms [2msrc/app/app/links/actions.ts[22m
 GET /app/links?saved=1 [32m200[39m in 251ms[2m (next.js: 2ms, proxy.ts: 7ms, application-code: 241ms)[22m
 GET /app/search?q=ai [32m200[39m in 261ms[2m (next.js: 875µs, proxy.ts: 3ms, application-code: 258ms)[22m
 GET /app/tags?tag=ai [32m200[39m in 113ms[2m (next.js: 962µs, proxy.ts: 3ms, application-code: 109ms)[22m
 GET /login [32m200[39m in 14ms[2m (next.js: 785µs, application-code: 14ms)[22m
 GET /app [32m200[39m in 32ms[2m (next.js: 792µs, proxy.ts: 2ms, application-code: 29ms)[22m
 POST /login [34m303[39m in 66ms[2m (next.js: 876µs, application-code: 65ms)[22m
  └─ ƒ loginAction({}) in 29ms [2msrc/app/login/actions.ts[22m
 GET /app/notes/new [32m200[39m in 17ms[2m (next.js: 1566µs, proxy.ts: 3ms, application-code: 12ms)[22m
 GET /app/notes/cmmzrolur000bojybscqrsqa3/edit?saved=1 [32m200[39m in 27ms[2m (next.js: 2ms, proxy.ts: 3ms, application-code: 23ms)[22m
 POST /app/notes/new [34m303[39m in 41ms[2m (next.js: 991µs, proxy.ts: 3ms, application-code: 37ms)[22m
  └─ ƒ createNoteAction({}) in 6ms [2msrc/app/app/notes/actions.ts[22m
 GET /app/notes/cmmzrolur000bojybscqrsqa3/edit?saved=1 [32m200[39m in 45ms[2m (next.js: 7ms, proxy.ts: 9ms, application-code: 30ms)[22m
 GET /app [32m200[39m in 61ms[2m (next.js: 3ms, proxy.ts: 7ms, application-code: 52ms)[22m
 GET / [32m200[39m in 29ms[2m (next.js: 1677µs, application-code: 28ms)[22m
 GET / [32m200[39m in 22ms[2m (next.js: 717µs, application-code: 21ms)[22m
 GET / [32m200[39m in 19ms[2m (next.js: 788µs, application-code: 18ms)[22m
 GET / [32m200[39m in 18ms[2m (next.js: 726µs, application-code: 18ms)[22m
 GET /login [32m200[39m in 15ms[2m (next.js: 764µs, application-code: 15ms)[22m
 GET /app [32m200[39m in 32ms[2m (next.js: 785µs, proxy.ts: 2ms, application-code: 28ms)[22m
 POST /login [34m303[39m in 64ms[2m (next.js: 921µs, application-code: 63ms)[22m
  └─ ƒ loginAction({}) in 28ms [2msrc/app/login/actions.ts[22m
 GET /login [32m200[39m in 15ms[2m (next.js: 754µs, application-code: 14ms)[22m
 GET /app [32m200[39m in 23ms[2m (next.js: 945µs, proxy.ts: 2ms, application-code: 20ms)[22m
 POST /login [34m303[39m in 57ms[2m (next.js: 910µs, application-code: 56ms)[22m
  └─ ƒ loginAction({}) in 29ms [2msrc/app/login/actions.ts[22m
 GET /notes/public-notes-should-read-like-finished-pages-not-dashboards [32m200[39m in 35ms[2m (next.js: 3ms, application-code: 32ms)[22m
 GET /notes/public-notes-should-read-like-finished-pages-not-dashboards [32m200[39m in 19ms[2m (next.js: 1588µs, application-code: 17ms)[22m
 GET / [32m200[39m in 17ms[2m (next.js: 961µs, application-code: 16ms)[22m
 GET /login [32m200[39m in 15ms[2m (next.js: 731µs, application-code: 14ms)[22m
 GET /login [32m200[39m in 15ms[2m (next.js: 754µs, application-code: 14ms)[22m
 GET /app [32m200[39m in 21ms[2m (next.js: 821µs, proxy.ts: 2ms, application-code: 18ms)[22m
 POST /login [34m303[39m in 55ms[2m (next.js: 956µs, application-code: 54ms)[22m
  └─ ƒ loginAction({}) in 30ms [2msrc/app/login/actions.ts[22m
 GET /login [32m200[39m in 15ms[2m (next.js: 781µs, application-code: 14ms)[22m
 GET /app [32m200[39m in 26ms[2m (next.js: 874µs, proxy.ts: 2ms, application-code: 23ms)[22m
 POST /login [34m303[39m in 60ms[2m (next.js: 895µs, application-code: 59ms)[22m
  └─ ƒ loginAction({}) in 30ms [2msrc/app/login/actions.ts[22m
