[main 49f6064] ralph: 050-media-storage-foundation 2026-03-21T21:39:54+09:00
 43 files changed, 1755 insertions(+), 51 deletions(-)
 create mode 100644 docs/design-docs/container-runtime-packaging.md
 create mode 100644 docs/design-docs/media-storage-and-serving.md
 create mode 100644 docs/exec-plans/active/050-media-storage-foundation.md
 create mode 100644 docs/exec-plans/active/051-note-image-upload-and-embed.md
 create mode 100644 docs/exec-plans/active/052-note-image-display-and-publish.md
 create mode 100644 docs/exec-plans/active/053-link-favicon-cache-and-render.md
 create mode 100644 docs/exec-plans/active/054-docker-packaging-and-compose.md
 create mode 100644 docs/exec-plans/active/055-media-and-container-hardening.md
 create mode 100644 docs/product-specs/docker-packaging.md
 create mode 100644 docs/product-specs/link-favicon-caching.md
 create mode 100644 docs/product-specs/note-image-attachments.md
 create mode 100644 src/app/media/[assetId]/route.ts
 create mode 100644 src/features/media/repo.ts
 create mode 100644 src/features/media/service.ts
 create mode 100644 src/features/media/storage.ts
 create mode 100644 src/features/media/types.ts
 create mode 100644 state/artifacts/20260321T212903-050-media-storage-foundation/commit.log
 create mode 100644 state/artifacts/20260321T212903-050-media-storage-foundation/evaluator.log
 create mode 100644 state/artifacts/20260321T212903-050-media-storage-foundation/npm-run-test-e2e-grep-media-foundation-next-server.log
 create mode 100644 state/artifacts/20260321T212903-050-media-storage-foundation/npm-run-verify-next-server.log
 create mode 100644 state/artifacts/20260321T212903-050-media-storage-foundation/task-prompt.log
 create mode 100644 state/artifacts/20260321T212903-050-media-storage-foundation/worker.jsonl
 create mode 100644 tests/e2e/media-foundation.spec.ts
 create mode 100644 tests/unit/media-access.test.ts
commit: created
