
> minakeep@0.1.0 dev
> next dev --hostname 127.0.0.1 --port 3100

[1m[38;2;173;127;168m▲ Next.js 16.2.0[39m[22m (Turbopack)
- Local:         http://127.0.0.1:3100
- Network:       http://127.0.0.1:3100
- Environments: .env
[32m[1m✓[22m[39m Ready in 196ms

 GET /api/health [32m200[39m in 107ms[2m (next.js: 97ms, application-code: 11ms)[22m
 GET /login [32m200[39m in 164ms[2m (next.js: 50ms, application-code: 114ms)[22m
 GET /app [32m200[39m in 114ms[2m (next.js: 26ms, proxy.ts: 37ms, application-code: 52ms)[22m
 POST /login [34m303[39m in 223ms[2m (next.js: 1384µs, application-code: 222ms)[22m
  └─ ƒ loginAction({}) in 97ms [2msrc/app/login/actions.ts[22m
 GET / [32m200[39m in 37ms[2m (next.js: 10ms, application-code: 28ms)[22m
 GET /login?callbackUrl=http%3A%2F%2Flocalhost%3A3100%2Fapp%2Fsearch [32m200[39m in 21ms[2m (next.js: 871µs, application-code: 20ms)[22m
 GET /login?callbackUrl=http%3A%2F%2Flocalhost%3A3100%2Fapp%2Fnotes%2Fnew [32m200[39m in 27ms[2m (next.js: 831µs, application-code: 26ms)[22m
 GET /app [32m200[39m in 22ms[2m (next.js: 992µs, proxy.ts: 3ms, application-code: 18ms)[22m
 POST /login?callbackUrl=http%3A%2F%2Flocalhost%3A3100%2Fapp%2Fnotes%2Fnew [34m303[39m in 58ms[2m (next.js: 1068µs, application-code: 57ms)[22m
  └─ ƒ loginAction({}) in 31ms [2msrc/app/login/actions.ts[22m
 GET /app/notes/new [32m200[39m in 37ms[2m (next.js: 20ms, proxy.ts: 3ms, application-code: 14ms)[22m
 GET /app/notes/cmn03xx0z0000jvyb5qecrg33/edit?saved=1 [32m200[39m in 240ms[2m (next.js: 216ms, proxy.ts: 3ms, application-code: 21ms)[22m
 POST /app/notes/new [34m303[39m in 269ms[2m (next.js: 929µs, proxy.ts: 3ms, application-code: 265ms)[22m
  └─ ƒ createNoteAction({}) in 20ms [2msrc/app/app/notes/actions.ts[22m
 POST /app/notes/cmn03xx0z0000jvyb5qecrg33/edit?saved=1 [34m303[39m in 125ms[2m (next.js: 4ms, proxy.ts: 6ms, application-code: 115ms)[22m
  └─ ƒ updateNoteAction("cmn03xx0z0000jvyb5qecrg33", {}) in 28ms [2msrc/app/app/notes/actions.ts[22m
 GET /app [32m200[39m in 170ms[2m (next.js: 1266µs, proxy.ts: 8ms, application-code: 161ms)[22m
 GET /app/notes/cmn03xx0z0000jvyb5qecrg33/edit?saved=1 [32m200[39m in 141ms[2m (next.js: 20ms, proxy.ts: 96ms, application-code: 24ms)[22m
 GET /app/notes/cmn03xx0z0000jvyb5qecrg33/edit [32m200[39m in 30ms[2m (next.js: 2ms, proxy.ts: 4ms, application-code: 23ms)[22m
 GET /login [32m200[39m in 17ms[2m (next.js: 765µs, application-code: 16ms)[22m
 GET /app [32m200[39m in 23ms[2m (next.js: 1005µs, proxy.ts: 3ms, application-code: 20ms)[22m
 POST /login [34m303[39m in 58ms[2m (next.js: 979µs, application-code: 57ms)[22m
  └─ ƒ loginAction({}) in 31ms [2msrc/app/login/actions.ts[22m
 GET /app/notes/new [32m200[39m in 17ms[2m (next.js: 1002µs, proxy.ts: 4ms, application-code: 12ms)[22m
 GET /app/notes/cmn03xxx90001jvybzxu2c8z2/edit?saved=1 [32m200[39m in 22ms[2m (next.js: 2ms, proxy.ts: 2ms, application-code: 18ms)[22m
 POST /app/notes/new [34m303[39m in 37ms[2m (next.js: 924µs, proxy.ts: 3ms, application-code: 33ms)[22m
  └─ ƒ createNoteAction({}) in 7ms [2msrc/app/app/notes/actions.ts[22m
 POST /api/test/mina/chat/completions [32m200[39m in 1513ms[2m (next.js: 15ms, application-code: 1498ms)[22m
 GET /app/notes/cmn03xxx90001jvybzxu2c8z2/edit?saved=1 [32m200[39m in 39ms[2m (next.js: 6ms, proxy.ts: 8ms, application-code: 26ms)[22m
 GET /app/notes/cmn03xxx90001jvybzxu2c8z2/edit?retried=1 [32m200[39m in 27ms[2m (next.js: 1961µs, proxy.ts: 4ms, application-code: 22ms)[22m
 POST /app/notes/cmn03xxx90001jvybzxu2c8z2/edit?saved=1 [34m303[39m in 52ms[2m (next.js: 5ms, proxy.ts: 8ms, application-code: 39ms)[22m
  └─ ƒ retryNoteEnrichmentAction("cmn03xxx90001jvybzxu2c8z2") in 6ms [2msrc/app/app/notes/actions.ts[22m
 POST /api/test/mina/chat/completions [32m200[39m in 1509ms[2m (next.js: 782µs, application-code: 1508ms)[22m
 GET /app/notes/cmn03xxx90001jvybzxu2c8z2/edit?retried=1 [32m200[39m in 45ms[2m (next.js: 7ms, proxy.ts: 11ms, application-code: 27ms)[22m
 GET /login [32m200[39m in 18ms[2m (next.js: 894µs, application-code: 17ms)[22m
 GET /app [32m200[39m in 31ms[2m (next.js: 954µs, proxy.ts: 3ms, application-code: 28ms)[22m
 POST /login [34m303[39m in 68ms[2m (next.js: 994µs, application-code: 67ms)[22m
  └─ ƒ loginAction({}) in 31ms [2msrc/app/login/actions.ts[22m
 GET /app/notes/new [32m200[39m in 17ms[2m (next.js: 1157µs, proxy.ts: 4ms, application-code: 12ms)[22m
 GET /app/notes/cmn03y2y40002jvybwwit081i/edit?saved=1 [32m200[39m in 22ms[2m (next.js: 2ms, proxy.ts: 2ms, application-code: 18ms)[22m
 POST /app/notes/new [34m303[39m in 36ms[2m (next.js: 962µs, proxy.ts: 4ms, application-code: 31ms)[22m
  └─ ƒ createNoteAction({}) in 6ms [2msrc/app/app/notes/actions.ts[22m
 GET /app/notes/cmn03y2y40002jvybwwit081i/edit?published=1 [32m200[39m in 21ms[2m (next.js: 1244µs, proxy.ts: 2ms, application-code: 17ms)[22m
 POST /app/notes/cmn03y2y40002jvybwwit081i/edit?saved=1 [34m303[39m in 34ms[2m (next.js: 1386µs, proxy.ts: 3ms, application-code: 30ms)[22m
  └─ ƒ publishNoteAction("cmn03y2y40002jvybwwit081i") in 6ms [2msrc/app/app/notes/actions.ts[22m
 GET / [32m200[39m in 16ms[2m (next.js: 998µs, application-code: 15ms)[22m
 GET /notes/public-note-1774084232361 [32m200[39m in 201ms[2m (next.js: 187ms, application-code: 14ms)[22m
 GET /app [32m200[39m in 50ms[2m (next.js: 938µs, proxy.ts: 3ms, application-code: 47ms)[22m
 GET /app/notes/cmn03y2y40002jvybwwit081i/edit [32m200[39m in 20ms[2m (next.js: 2ms, proxy.ts: 3ms, application-code: 15ms)[22m
 GET /app/notes/cmn03y2y40002jvybwwit081i/edit?unpublished=1 [32m200[39m in 22ms[2m (next.js: 1492µs, proxy.ts: 2ms, application-code: 18ms)[22m
 POST /app/notes/cmn03y2y40002jvybwwit081i/edit [34m303[39m in 34ms[2m (next.js: 1427µs, proxy.ts: 3ms, application-code: 30ms)[22m
  └─ ƒ unpublishNoteAction("cmn03y2y40002jvybwwit081i") in 4ms [2msrc/app/app/notes/actions.ts[22m
 GET / [32m200[39m in 15ms[2m (next.js: 885µs, application-code: 14ms)[22m
 GET /notes/public-note-1774084232361 [33m404[39m in 29ms[2m (next.js: 2ms, application-code: 26ms)[22m
 GET /login [32m200[39m in 18ms[2m (next.js: 783µs, application-code: 17ms)[22m
 GET /app [32m200[39m in 24ms[2m (next.js: 921µs, proxy.ts: 2ms, application-code: 21ms)[22m
 POST /login [34m303[39m in 64ms[2m (next.js: 1005µs, application-code: 63ms)[22m
  └─ ƒ loginAction({}) in 36ms [2msrc/app/login/actions.ts[22m
 GET /app/links [32m200[39m in 37ms[2m (next.js: 17ms, proxy.ts: 4ms, application-code: 16ms)[22m
 GET /app/links?saved=1 [32m200[39m in 23ms[2m (next.js: 812µs, proxy.ts: 2ms, application-code: 19ms)[22m
 POST /app/links [34m303[39m in 38ms[2m (next.js: 1229µs, proxy.ts: 3ms, application-code: 33ms)[22m
  └─ ƒ createLinkAction({}) in 7ms [2msrc/app/app/links/actions.ts[22m
 POST /api/test/mina/chat/completions [32m200[39m in 2ms[2m (next.js: 655µs, application-code: 1676µs)[22m
 GET /app/links?saved=1 [32m200[39m in 46ms[2m (next.js: 2ms, proxy.ts: 17ms, application-code: 26ms)[22m
 GET / [32m200[39m in 31ms[2m (next.js: 3ms, application-code: 29ms)[22m
 GET /login [32m200[39m in 16ms[2m (next.js: 903µs, application-code: 15ms)[22m
 GET /app [32m200[39m in 24ms[2m (next.js: 899µs, proxy.ts: 2ms, application-code: 20ms)[22m
 POST /login [34m303[39m in 59ms[2m (next.js: 891µs, application-code: 58ms)[22m
  └─ ƒ loginAction({}) in 30ms [2msrc/app/login/actions.ts[22m
 GET /app/links [32m200[39m in 20ms[2m (next.js: 905µs, proxy.ts: 3ms, application-code: 16ms)[22m
 GET /app/links?saved=1 [32m200[39m in 23ms[2m (next.js: 817µs, proxy.ts: 3ms, application-code: 19ms)[22m
 POST /app/links [34m303[39m in 35ms[2m (next.js: 1317µs, proxy.ts: 3ms, application-code: 31ms)[22m
  └─ ƒ createLinkAction({}) in 4ms [2msrc/app/app/links/actions.ts[22m
 POST /api/test/mina/chat/completions [32m200[39m in 2ms[2m (next.js: 599µs, application-code: 1814µs)[22m
 GET /app/links?saved=1 [32m200[39m in 43ms[2m (next.js: 3ms, proxy.ts: 9ms, application-code: 31ms)[22m
 GET /app/links?published=1 [32m200[39m in 32ms[2m (next.js: 1034µs, proxy.ts: 3ms, application-code: 28ms)[22m
 POST /app/links?saved=1 [34m303[39m in 54ms[2m (next.js: 1642µs, proxy.ts: 7ms, application-code: 45ms)[22m
  └─ ƒ publishLinkAction("cmn03y6vn0004jvybijeejchw") in 8ms [2msrc/app/app/links/actions.ts[22m
 GET / [32m200[39m in 17ms[2m (next.js: 835µs, application-code: 16ms)[22m
 GET /app/links [32m200[39m in 54ms[2m (next.js: 940µs, proxy.ts: 3ms, application-code: 51ms)[22m
 GET /app/links?unpublished=1 [32m200[39m in 29ms[2m (next.js: 813µs, proxy.ts: 2ms, application-code: 26ms)[22m
 POST /app/links [34m303[39m in 42ms[2m (next.js: 1167µs, proxy.ts: 3ms, application-code: 38ms)[22m
  └─ ƒ unpublishLinkAction("cmn03y6vn0004jvybijeejchw") in 5ms [2msrc/app/app/links/actions.ts[22m
 GET / [32m200[39m in 15ms[2m (next.js: 840µs, application-code: 14ms)[22m
 GET /login [32m200[39m in 15ms[2m (next.js: 749µs, application-code: 15ms)[22m
 GET /app [32m200[39m in 25ms[2m (next.js: 938µs, proxy.ts: 3ms, application-code: 22ms)[22m
 POST /login [34m303[39m in 61ms[2m (next.js: 1047µs, application-code: 60ms)[22m
  └─ ƒ loginAction({}) in 31ms [2msrc/app/login/actions.ts[22m
 GET /app/links [32m200[39m in 22ms[2m (next.js: 1058µs, proxy.ts: 3ms, application-code: 18ms)[22m
 GET /app/links?saved=1 [32m200[39m in 30ms[2m (next.js: 812µs, proxy.ts: 2ms, application-code: 27ms)[22m
 POST /app/links [34m303[39m in 44ms[2m (next.js: 986µs, proxy.ts: 3ms, application-code: 40ms)[22m
  └─ ƒ createLinkAction({}) in 6ms [2msrc/app/app/links/actions.ts[22m
 POST /api/test/mina/chat/completions [32m200[39m in 1511ms[2m (next.js: 616µs, application-code: 1511ms)[22m
 GET /app/links?saved=1 [32m200[39m in 45ms[2m (next.js: 3ms, proxy.ts: 9ms, application-code: 33ms)[22m
 GET /app/links?retried=1 [32m200[39m in 29ms[2m (next.js: 1001µs, proxy.ts: 3ms, application-code: 25ms)[22m
 POST /app/links?saved=1 [34m303[39m in 48ms[2m (next.js: 1581µs, proxy.ts: 7ms, application-code: 40ms)[22m
  └─ ƒ retryLinkEnrichmentAction("cmn03y9y30005jvybgz0mbweh") in 7ms [2msrc/app/app/links/actions.ts[22m
 POST /api/test/mina/chat/completions [32m200[39m in 1509ms[2m (next.js: 724µs, application-code: 1508ms)[22m
 GET /app/links?retried=1 [32m200[39m in 53ms[2m (next.js: 3ms, proxy.ts: 14ms, application-code: 37ms)[22m
 GET /login [32m200[39m in 21ms[2m (next.js: 989µs, application-code: 20ms)[22m
 GET /app [32m200[39m in 28ms[2m (next.js: 1206µs, proxy.ts: 3ms, application-code: 24ms)[22m
 POST /login [34m303[39m in 63ms[2m (next.js: 913µs, application-code: 62ms)[22m
  └─ ƒ loginAction({}) in 30ms [2msrc/app/login/actions.ts[22m
 GET /app/links [32m200[39m in 25ms[2m (next.js: 930µs, proxy.ts: 3ms, application-code: 21ms)[22m
 GET /app/links?error=invalid-url [32m200[39m in 38ms[2m (next.js: 1518µs, proxy.ts: 3ms, application-code: 34ms)[22m
 POST /app/links [34m303[39m in 49ms[2m (next.js: 1711µs, proxy.ts: 4ms, application-code: 43ms)[22m
  └─ ƒ createLinkAction({}) in 2ms [2msrc/app/app/links/actions.ts[22m
 GET /login [32m200[39m in 18ms[2m (next.js: 841µs, application-code: 17ms)[22m
 GET /app [32m200[39m in 25ms[2m (next.js: 894µs, proxy.ts: 2ms, application-code: 22ms)[22m
 POST /login [34m303[39m in 60ms[2m (next.js: 934µs, application-code: 59ms)[22m
  └─ ƒ loginAction({}) in 30ms [2msrc/app/login/actions.ts[22m
 GET /app/notes/new [32m200[39m in 18ms[2m (next.js: 1539µs, proxy.ts: 5ms, application-code: 12ms)[22m
 GET /app/notes/cmn03yfe60006jvyb0lnwsfsn/edit?saved=1 [32m200[39m in 24ms[2m (next.js: 2ms, proxy.ts: 3ms, application-code: 19ms)[22m
 POST /app/notes/new [34m303[39m in 38ms[2m (next.js: 883µs, proxy.ts: 3ms, application-code: 34ms)[22m
  └─ ƒ createNoteAction({}) in 6ms [2msrc/app/app/notes/actions.ts[22m
 GET /app/links [32m200[39m in 54ms[2m (next.js: 952µs, proxy.ts: 3ms, application-code: 50ms)[22m
 GET /app/links?saved=1 [32m200[39m in 30ms[2m (next.js: 901µs, proxy.ts: 5ms, application-code: 24ms)[22m
 POST /app/links [34m303[39m in 45ms[2m (next.js: 1299µs, proxy.ts: 3ms, application-code: 41ms)[22m
  └─ ƒ createLinkAction({}) in 6ms [2msrc/app/app/links/actions.ts[22m
 POST /api/test/mina/chat/completions [32m200[39m in 2ms[2m (next.js: 562µs, application-code: 1606µs)[22m
 GET /app/links?saved=1 [32m200[39m in 49ms[2m (next.js: 3ms, proxy.ts: 9ms, application-code: 37ms)[22m
 GET /app/tags?tag=ai-owned [32m200[39m in 138ms[2m (next.js: 28ms, proxy.ts: 7ms, application-code: 103ms)[22m
 GET /app/tags [32m200[39m in 81ms[2m (next.js: 767µs, proxy.ts: 3ms, application-code: 77ms)[22m
 GET /app/search?q=Filtered%20note%201774084248492 [32m200[39m in 86ms[2m (next.js: 18ms, proxy.ts: 3ms, application-code: 66ms)[22m
 GET /app/search?q=url-needle-1774084248492 [32m200[39m in 59ms[2m (next.js: 4ms, proxy.ts: 3ms, application-code: 52ms)[22m
 GET /app/search?q=ai-owned [32m200[39m in 40ms[2m (next.js: 846µs, proxy.ts: 3ms, application-code: 36ms)[22m
 GET /login [32m200[39m in 16ms[2m (next.js: 978µs, application-code: 15ms)[22m
 GET /app [32m200[39m in 26ms[2m (next.js: 859µs, proxy.ts: 2ms, application-code: 23ms)[22m
 POST /login [34m303[39m in 61ms[2m (next.js: 894µs, application-code: 60ms)[22m
  └─ ƒ loginAction({}) in 30ms [2msrc/app/login/actions.ts[22m
 GET /app/links [32m200[39m in 24ms[2m (next.js: 879µs, proxy.ts: 3ms, application-code: 20ms)[22m
 GET /app/links?saved=1 [32m200[39m in 33ms[2m (next.js: 779µs, proxy.ts: 2ms, application-code: 30ms)[22m
 POST /app/links [34m303[39m in 45ms[2m (next.js: 892µs, proxy.ts: 3ms, application-code: 42ms)[22m
  └─ ƒ createLinkAction({}) in 6ms [2msrc/app/app/links/actions.ts[22m
 GET /app/links?saved=1 [32m200[39m in 48ms[2m (next.js: 3ms, proxy.ts: 9ms, application-code: 37ms)[22m
 GET /app/search?q=ai [32m200[39m in 59ms[2m (next.js: 1990µs, proxy.ts: 6ms, application-code: 52ms)[22m
 GET /app/tags?tag=ai [32m200[39m in 53ms[2m (next.js: 957µs, proxy.ts: 3ms, application-code: 49ms)[22m
 GET /login [32m200[39m in 17ms[2m (next.js: 881µs, application-code: 16ms)[22m
 GET /app [32m200[39m in 26ms[2m (next.js: 903µs, proxy.ts: 3ms, application-code: 22ms)[22m
 POST /login [34m303[39m in 61ms[2m (next.js: 844µs, application-code: 60ms)[22m
  └─ ƒ loginAction({}) in 30ms [2msrc/app/login/actions.ts[22m
 GET /app/notes/new [32m200[39m in 15ms[2m (next.js: 839µs, proxy.ts: 3ms, application-code: 12ms)[22m
 GET /app/notes/cmn03ylk90009jvybgbd8c8q8/edit?saved=1 [32m200[39m in 23ms[2m (next.js: 2ms, proxy.ts: 2ms, application-code: 19ms)[22m
 POST /app/notes/new [34m303[39m in 39ms[2m (next.js: 4ms, proxy.ts: 3ms, application-code: 32ms)[22m
  └─ ƒ createNoteAction({}) in 6ms [2msrc/app/app/notes/actions.ts[22m
 GET /app/notes/cmn03ylk90009jvybgbd8c8q8/edit?saved=1 [32m200[39m in 42ms[2m (next.js: 6ms, proxy.ts: 9ms, application-code: 27ms)[22m
 GET /app [32m200[39m in 73ms[2m (next.js: 2ms, proxy.ts: 7ms, application-code: 64ms)[22m
 GET / [32m200[39m in 19ms[2m (next.js: 889µs, application-code: 19ms)[22m
 GET /login [32m200[39m in 19ms[2m (next.js: 861µs, application-code: 18ms)[22m
 GET /login [32m200[39m in 16ms[2m (next.js: 751µs, application-code: 15ms)[22m
 GET /login [32m200[39m in 16ms[2m (next.js: 773µs, application-code: 15ms)[22m
 GET /app [32m200[39m in 22ms[2m (next.js: 944µs, proxy.ts: 3ms, application-code: 18ms)[22m
 POST /login [34m303[39m in 56ms[2m (next.js: 971µs, application-code: 55ms)[22m
  └─ ƒ loginAction({}) in 30ms [2msrc/app/login/actions.ts[22m
 GET /app/notes/cmn03yomt0008jxybx5bfrc8s/edit [32m200[39m in 51ms[2m (next.js: 2ms, proxy.ts: 3ms, application-code: 46ms)[22m
 GET /login [32m200[39m in 16ms[2m (next.js: 862µs, application-code: 16ms)[22m
 GET /app [32m200[39m in 22ms[2m (next.js: 898µs, proxy.ts: 2ms, application-code: 18ms)[22m
 POST /login [34m303[39m in 56ms[2m (next.js: 955µs, application-code: 55ms)[22m
  └─ ƒ loginAction({}) in 30ms [2msrc/app/login/actions.ts[22m
 GET /app/notes/cmn03yp3o0009jxybrm1r9v1n/edit [32m200[39m in 44ms[2m (next.js: 2ms, proxy.ts: 3ms, application-code: 39ms)[22m
 GET / [32m200[39m in 19ms[2m (next.js: 735µs, application-code: 18ms)[22m
 GET / [32m200[39m in 19ms[2m (next.js: 785µs, application-code: 18ms)[22m
 GET / [32m200[39m in 18ms[2m (next.js: 845µs, application-code: 17ms)[22m
 GET / [32m200[39m in 18ms[2m (next.js: 818µs, application-code: 17ms)[22m
 GET /login [32m200[39m in 24ms[2m (next.js: 838µs, application-code: 23ms)[22m
 GET /app [32m200[39m in 22ms[2m (next.js: 861µs, proxy.ts: 2ms, application-code: 18ms)[22m
 POST /login [34m303[39m in 55ms[2m (next.js: 997µs, application-code: 54ms)[22m
  └─ ƒ loginAction({}) in 29ms [2msrc/app/login/actions.ts[22m
 GET /app/notes/new [32m200[39m in 29ms[2m (next.js: 884µs, proxy.ts: 3ms, application-code: 25ms)[22m
 GET /app/notes/cmn03yqzh000bjvybdtv97c4z/edit?saved=1 [32m200[39m in 27ms[2m (next.js: 2ms, proxy.ts: 2ms, application-code: 23ms)[22m
 POST /app/notes/new [34m303[39m in 41ms[2m (next.js: 876µs, proxy.ts: 3ms, application-code: 37ms)[22m
  └─ ƒ createNoteAction({}) in 6ms [2msrc/app/app/notes/actions.ts[22m
 GET /login [32m200[39m in 17ms[2m (next.js: 799µs, application-code: 16ms)[22m
 GET /app [32m200[39m in 22ms[2m (next.js: 1127µs, proxy.ts: 2ms, application-code: 18ms)[22m
 POST /login [34m303[39m in 57ms[2m (next.js: 886µs, application-code: 56ms)[22m
  └─ ƒ loginAction({}) in 31ms [2msrc/app/login/actions.ts[22m
 GET /app/notes/cmn03yr2e000tjxyb6hxdjgp4/edit [32m200[39m in 39ms[2m (next.js: 2ms, proxy.ts: 2ms, application-code: 34ms)[22m
 GET /login [32m200[39m in 17ms[2m (next.js: 1106µs, application-code: 16ms)[22m
 GET /app [32m200[39m in 22ms[2m (next.js: 1021µs, proxy.ts: 2ms, application-code: 18ms)[22m
 POST /login [34m303[39m in 55ms[2m (next.js: 908µs, application-code: 54ms)[22m
  └─ ƒ loginAction({}) in 29ms [2msrc/app/login/actions.ts[22m
 GET /app/notes/cmn03yrjz000ujxyb74itkwk4/edit [32m200[39m in 46ms[2m (next.js: 2ms, proxy.ts: 3ms, application-code: 41ms)[22m
 GET /login [32m200[39m in 17ms[2m (next.js: 768µs, application-code: 16ms)[22m
 GET /app [32m200[39m in 21ms[2m (next.js: 986µs, proxy.ts: 2ms, application-code: 18ms)[22m
 POST /login [34m303[39m in 55ms[2m (next.js: 929µs, application-code: 54ms)[22m
  └─ ƒ loginAction({}) in 30ms [2msrc/app/login/actions.ts[22m
 GET /app/notes/cmn03yrzl000vjxybpg0yame6/edit [32m200[39m in 43ms[2m (next.js: 2ms, proxy.ts: 3ms, application-code: 39ms)[22m
 GET /app/notes/cmn03yrzl000vjxybpg0yame6/edit?saved=1 [32m200[39m in 31ms[2m (next.js: 9ms, proxy.ts: 3ms, application-code: 19ms)[22m
 POST /app/notes/cmn03yrzl000vjxybpg0yame6/edit [34m303[39m in 48ms[2m (next.js: 2ms, proxy.ts: 5ms, application-code: 41ms)[22m
  └─ ƒ updateNoteAction("cmn03yrzl000vjxybpg0yame6", {}) in 6ms [2msrc/app/app/notes/actions.ts[22m
 GET /login [32m200[39m in 19ms[2m (next.js: 725µs, application-code: 18ms)[22m
 GET /app [32m200[39m in 22ms[2m (next.js: 887µs, proxy.ts: 2ms, application-code: 19ms)[22m
 POST /login [34m303[39m in 55ms[2m (next.js: 1059µs, application-code: 54ms)[22m
  └─ ƒ loginAction({}) in 29ms [2msrc/app/login/actions.ts[22m
 GET /app/notes/cmn03yspv000wjxybomcmo266/edit [32m200[39m in 44ms[2m (next.js: 3ms, proxy.ts: 3ms, application-code: 38ms)[22m
 GET /login [32m200[39m in 18ms[2m (next.js: 753µs, application-code: 17ms)[22m
 GET /app [32m200[39m in 22ms[2m (next.js: 837µs, proxy.ts: 2ms, application-code: 19ms)[22m
 POST /login [34m303[39m in 55ms[2m (next.js: 977µs, application-code: 54ms)[22m
  └─ ƒ loginAction({}) in 30ms [2msrc/app/login/actions.ts[22m
 GET /app/notes/cmn03yt6z000xjxybqwq33cbr/edit [32m200[39m in 44ms[2m (next.js: 2ms, proxy.ts: 3ms, application-code: 39ms)[22m
 GET /login [32m200[39m in 17ms[2m (next.js: 782µs, application-code: 17ms)[22m
 GET /app [32m200[39m in 22ms[2m (next.js: 1161µs, proxy.ts: 2ms, application-code: 18ms)[22m
 POST /login [34m303[39m in 56ms[2m (next.js: 885µs, application-code: 55ms)[22m
  └─ ƒ loginAction({}) in 30ms [2msrc/app/login/actions.ts[22m
 GET /app/notes/new [32m200[39m in 33ms[2m (next.js: 913µs, proxy.ts: 3ms, application-code: 30ms)[22m
 GET /login [32m200[39m in 17ms[2m (next.js: 811µs, application-code: 16ms)[22m
 GET /app [32m200[39m in 22ms[2m (next.js: 1059µs, proxy.ts: 2ms, application-code: 19ms)[22m
 POST /login [34m303[39m in 56ms[2m (next.js: 979µs, application-code: 55ms)[22m
  └─ ƒ loginAction({}) in 30ms [2msrc/app/login/actions.ts[22m
 GET /app/notes/cmn03yu6a000zjxybms9dt5k6/edit [32m200[39m in 41ms[2m (next.js: 2ms, proxy.ts: 2ms, application-code: 37ms)[22m
 GET /login [32m200[39m in 16ms[2m (next.js: 916µs, application-code: 15ms)[22m
 GET /app [32m200[39m in 23ms[2m (next.js: 962µs, proxy.ts: 2ms, application-code: 19ms)[22m
 POST /login [34m303[39m in 56ms[2m (next.js: 962µs, application-code: 55ms)[22m
  └─ ƒ loginAction({}) in 30ms [2msrc/app/login/actions.ts[22m
 GET /app/notes/cmn03yumk0010jxyb0p0tpks2/edit [32m200[39m in 40ms[2m (next.js: 2ms, proxy.ts: 3ms, application-code: 35ms)[22m
 GET /login [32m200[39m in 16ms[2m (next.js: 776µs, application-code: 16ms)[22m
 GET /app [32m200[39m in 24ms[2m (next.js: 1044µs, proxy.ts: 2ms, application-code: 20ms)[22m
 POST /login [34m303[39m in 58ms[2m (next.js: 868µs, application-code: 57ms)[22m
  └─ ƒ loginAction({}) in 30ms [2msrc/app/login/actions.ts[22m
 GET /login [32m200[39m in 21ms[2m (next.js: 827µs, application-code: 20ms)[22m
 GET /app [32m200[39m in 25ms[2m (next.js: 1090µs, proxy.ts: 2ms, application-code: 21ms)[22m
 POST /login [34m303[39m in 59ms[2m (next.js: 1086µs, application-code: 58ms)[22m
  └─ ƒ loginAction({}) in 30ms [2msrc/app/login/actions.ts[22m
 GET /login [32m200[39m in 16ms[2m (next.js: 889µs, application-code: 15ms)[22m
 GET /app [32m200[39m in 26ms[2m (next.js: 1049µs, proxy.ts: 3ms, application-code: 22ms)[22m
 POST /login [34m303[39m in 61ms[2m (next.js: 927µs, application-code: 60ms)[22m
  └─ ƒ loginAction({}) in 31ms [2msrc/app/login/actions.ts[22m
 GET /app/links [32m200[39m in 51ms[2m (next.js: 2ms, proxy.ts: 3ms, application-code: 46ms)[22m
 GET /login [32m200[39m in 16ms[2m (next.js: 768µs, application-code: 15ms)[22m
 GET /app [32m200[39m in 23ms[2m (next.js: 943µs, proxy.ts: 2ms, application-code: 19ms)[22m
 POST /login [34m303[39m in 57ms[2m (next.js: 900µs, application-code: 56ms)[22m
  └─ ƒ loginAction({}) in 30ms [2msrc/app/login/actions.ts[22m
 GET /app/links [32m200[39m in 43ms[2m (next.js: 877µs, proxy.ts: 3ms, application-code: 39ms)[22m
 GET /login [32m200[39m in 24ms[2m (next.js: 748µs, application-code: 24ms)[22m
 GET /app [32m200[39m in 24ms[2m (next.js: 942µs, proxy.ts: 3ms, application-code: 20ms)[22m
 POST /login [34m303[39m in 58ms[2m (next.js: 936µs, application-code: 57ms)[22m
  └─ ƒ loginAction({}) in 30ms [2msrc/app/login/actions.ts[22m
 GET /app/tags?tag=studio-systems [32m200[39m in 41ms[2m (next.js: 2ms, proxy.ts: 3ms, application-code: 36ms)[22m
 GET /login [32m200[39m in 16ms[2m (next.js: 786µs, application-code: 15ms)[22m
 GET /app [32m200[39m in 28ms[2m (next.js: 1136µs, proxy.ts: 2ms, application-code: 25ms)[22m
 POST /login [34m303[39m in 63ms[2m (next.js: 933µs, application-code: 62ms)[22m
  └─ ƒ loginAction({}) in 30ms [2msrc/app/login/actions.ts[22m
 GET /app/tags?tag=studio-systems [32m200[39m in 40ms[2m (next.js: 889µs, proxy.ts: 3ms, application-code: 36ms)[22m
 GET /login [32m200[39m in 16ms[2m (next.js: 1028µs, application-code: 15ms)[22m
 GET /app [32m200[39m in 22ms[2m (next.js: 1045µs, proxy.ts: 2ms, application-code: 19ms)[22m
 POST /login [34m303[39m in 56ms[2m (next.js: 893µs, application-code: 56ms)[22m
  └─ ƒ loginAction({}) in 30ms [2msrc/app/login/actions.ts[22m
 GET /app/search?q=rhythm [32m200[39m in 44ms[2m (next.js: 1463µs, proxy.ts: 2ms, application-code: 40ms)[22m
 GET /login [32m200[39m in 17ms[2m (next.js: 797µs, application-code: 16ms)[22m
 GET /app [32m200[39m in 23ms[2m (next.js: 855µs, proxy.ts: 2ms, application-code: 19ms)[22m
 POST /login [34m303[39m in 56ms[2m (next.js: 955µs, application-code: 55ms)[22m
  └─ ƒ loginAction({}) in 29ms [2msrc/app/login/actions.ts[22m
 GET /app/search?q=rhythm [32m200[39m in 39ms[2m (next.js: 889µs, proxy.ts: 3ms, application-code: 35ms)[22m
 GET / [32m200[39m in 18ms[2m (next.js: 1943µs, application-code: 17ms)[22m
 GET / [32m200[39m in 21ms[2m (next.js: 751µs, application-code: 20ms)[22m
 GET /notes/public-notes-should-read-like-finished-pages-not-dashboards [32m200[39m in 37ms[2m (next.js: 3ms, application-code: 34ms)[22m
 GET /notes/public-notes-should-read-like-finished-pages-not-dashboards [32m200[39m in 21ms[2m (next.js: 1639µs, application-code: 19ms)[22m
 GET / [32m200[39m in 21ms[2m (next.js: 786µs, application-code: 20ms)[22m
 GET / [32m200[39m in 17ms[2m (next.js: 879µs, application-code: 16ms)[22m
 GET / [32m200[39m in 22ms[2m (next.js: 816µs, application-code: 21ms)[22m
 GET /login [32m200[39m in 16ms[2m (next.js: 734µs, application-code: 15ms)[22m
 GET /login [32m200[39m in 17ms[2m (next.js: 755µs, application-code: 16ms)[22m
 GET /app [32m200[39m in 22ms[2m (next.js: 1119µs, proxy.ts: 2ms, application-code: 19ms)[22m
 POST /login [34m303[39m in 57ms[2m (next.js: 921µs, application-code: 56ms)[22m
  └─ ƒ loginAction({}) in 30ms [2msrc/app/login/actions.ts[22m
 GET /login [32m200[39m in 16ms[2m (next.js: 809µs, application-code: 16ms)[22m
 GET /app [32m200[39m in 28ms[2m (next.js: 1018µs, proxy.ts: 2ms, application-code: 25ms)[22m
 POST /login [34m303[39m in 63ms[2m (next.js: 920µs, application-code: 62ms)[22m
  └─ ƒ loginAction({}) in 30ms [2msrc/app/login/actions.ts[22m
