
> minakeep@0.1.0 dev
> next dev --hostname 127.0.0.1 --port 3100

[1m[38;2;173;127;168m▲ Next.js 16.2.0[39m[22m (Turbopack)
- Local:         http://127.0.0.1:3100
- Network:       http://127.0.0.1:3100
- Environments: .env
[32m[1m✓[22m[39m Ready in 192ms

 GET /api/health [32m200[39m in 77ms[2m (next.js: 67ms, application-code: 10ms)[22m
 GET /login [32m200[39m in 159ms[2m (next.js: 48ms, application-code: 111ms)[22m
 GET /app [32m200[39m in 116ms[2m (next.js: 24ms, proxy.ts: 34ms, application-code: 57ms)[22m
 POST /login [34m303[39m in 215ms[2m (next.js: 1297µs, application-code: 213ms)[22m
  └─ ƒ loginAction({}) in 88ms [2msrc/app/login/actions.ts[22m
 GET / [32m200[39m in 73ms[2m (next.js: 9ms, application-code: 64ms)[22m
 GET /login?callbackUrl=http%3A%2F%2Flocalhost%3A3100%2Fapp%2Fsearch [32m200[39m in 19ms[2m (next.js: 871µs, application-code: 19ms)[22m
 GET /login?callbackUrl=http%3A%2F%2Flocalhost%3A3100%2Fapp%2Fnotes%2Fnew [32m200[39m in 18ms[2m (next.js: 786µs, application-code: 17ms)[22m
 GET /app [32m200[39m in 29ms[2m (next.js: 1007µs, proxy.ts: 3ms, application-code: 25ms)[22m
 POST /login?callbackUrl=http%3A%2F%2Flocalhost%3A3100%2Fapp%2Fnotes%2Fnew [34m303[39m in 65ms[2m (next.js: 1167µs, application-code: 64ms)[22m
  └─ ƒ loginAction({}) in 30ms [2msrc/app/login/actions.ts[22m
 GET /app/notes/new [32m200[39m in 37ms[2m (next.js: 20ms, proxy.ts: 3ms, application-code: 14ms)[22m
 GET /app/notes/cmmzsxq320000hmybs5pxvtwa/edit?saved=1 [32m200[39m in 233ms[2m (next.js: 209ms, proxy.ts: 3ms, application-code: 22ms)[22m
 POST /app/notes/new [34m303[39m in 262ms[2m (next.js: 1328µs, proxy.ts: 4ms, application-code: 257ms)[22m
  └─ ƒ createNoteAction({}) in 20ms [2msrc/app/app/notes/actions.ts[22m
 POST /app/notes/cmmzsxq320000hmybs5pxvtwa/edit?saved=1 [34m303[39m in 120ms[2m (next.js: 4ms, proxy.ts: 4ms, application-code: 111ms)[22m
  └─ ƒ updateNoteAction("cmmzsxq320000hmybs5pxvtwa", {}) in 7ms [2msrc/app/app/notes/actions.ts[22m
 GET /app [32m200[39m in 161ms[2m (next.js: 5ms, proxy.ts: 8ms, application-code: 148ms)[22m
 GET /app/notes/cmmzsxq320000hmybs5pxvtwa/edit?saved=1 [32m200[39m in 128ms[2m (next.js: 10ms, proxy.ts: 82ms, application-code: 37ms)[22m
 GET /app/notes/cmmzsxq320000hmybs5pxvtwa/edit [32m200[39m in 22ms[2m (next.js: 1935µs, proxy.ts: 5ms, application-code: 15ms)[22m
 GET /login [32m200[39m in 21ms[2m (next.js: 848µs, application-code: 20ms)[22m
 GET /app [32m200[39m in 22ms[2m (next.js: 925µs, proxy.ts: 3ms, application-code: 19ms)[22m
 POST /login [34m303[39m in 56ms[2m (next.js: 957µs, application-code: 55ms)[22m
  └─ ƒ loginAction({}) in 30ms [2msrc/app/login/actions.ts[22m
 GET /app/notes/new [32m200[39m in 16ms[2m (next.js: 1063µs, proxy.ts: 3ms, application-code: 12ms)[22m
 GET /app/notes/cmmzsxqx70001hmybivwcd7r1/edit?saved=1 [32m200[39m in 23ms[2m (next.js: 2ms, proxy.ts: 2ms, application-code: 19ms)[22m
 POST /app/notes/new [34m303[39m in 36ms[2m (next.js: 924µs, proxy.ts: 3ms, application-code: 32ms)[22m
  └─ ƒ createNoteAction({}) in 5ms [2msrc/app/app/notes/actions.ts[22m
 POST /api/test/mina/chat/completions [32m200[39m in 1513ms[2m (next.js: 13ms, application-code: 1501ms)[22m
 GET /app/notes/cmmzsxqx70001hmybivwcd7r1/edit?saved=1 [32m200[39m in 50ms[2m (next.js: 7ms, proxy.ts: 9ms, application-code: 34ms)[22m
 GET /app/notes/cmmzsxqx70001hmybivwcd7r1/edit?retried=1 [32m200[39m in 25ms[2m (next.js: 1654µs, proxy.ts: 3ms, application-code: 20ms)[22m
 POST /app/notes/cmmzsxqx70001hmybivwcd7r1/edit?saved=1 [34m303[39m in 46ms[2m (next.js: 4ms, proxy.ts: 7ms, application-code: 36ms)[22m
  └─ ƒ retryNoteEnrichmentAction("cmmzsxqx70001hmybivwcd7r1") in 6ms [2msrc/app/app/notes/actions.ts[22m
 POST /api/test/mina/chat/completions [32m200[39m in 1508ms[2m (next.js: 596µs, application-code: 1507ms)[22m
 GET /app/notes/cmmzsxqx70001hmybivwcd7r1/edit?retried=1 [32m200[39m in 43ms[2m (next.js: 7ms, proxy.ts: 9ms, application-code: 27ms)[22m
 GET /login [32m200[39m in 17ms[2m (next.js: 876µs, application-code: 17ms)[22m
 GET /app [32m200[39m in 22ms[2m (next.js: 851µs, proxy.ts: 2ms, application-code: 19ms)[22m
 POST /login [34m303[39m in 56ms[2m (next.js: 890µs, application-code: 56ms)[22m
  └─ ƒ loginAction({}) in 30ms [2msrc/app/login/actions.ts[22m
 GET /app/notes/new [32m200[39m in 16ms[2m (next.js: 933µs, proxy.ts: 3ms, application-code: 12ms)[22m
 GET /app/notes/cmmzsxvxa0002hmyb32u9q1me/edit?saved=1 [32m200[39m in 27ms[2m (next.js: 2ms, proxy.ts: 2ms, application-code: 22ms)[22m
 POST /app/notes/new [34m303[39m in 40ms[2m (next.js: 889µs, proxy.ts: 3ms, application-code: 36ms)[22m
  └─ ƒ createNoteAction({}) in 6ms [2msrc/app/app/notes/actions.ts[22m
 GET /app/notes/cmmzsxvxa0002hmyb32u9q1me/edit?published=1 [32m200[39m in 21ms[2m (next.js: 1574µs, proxy.ts: 2ms, application-code: 17ms)[22m
 POST /app/notes/cmmzsxvxa0002hmyb32u9q1me/edit?saved=1 [34m303[39m in 35ms[2m (next.js: 2ms, proxy.ts: 3ms, application-code: 30ms)[22m
  └─ ƒ publishNoteAction("cmmzsxvxa0002hmyb32u9q1me") in 5ms [2msrc/app/app/notes/actions.ts[22m
 GET / [32m200[39m in 19ms[2m (next.js: 904µs, application-code: 18ms)[22m
 GET /notes/public-note-1774065747495 [32m200[39m in 201ms[2m (next.js: 186ms, application-code: 15ms)[22m
 GET /app [32m200[39m in 56ms[2m (next.js: 1361µs, proxy.ts: 4ms, application-code: 51ms)[22m
 GET /app/notes/cmmzsxvxa0002hmyb32u9q1me/edit [32m200[39m in 21ms[2m (next.js: 3ms, proxy.ts: 3ms, application-code: 16ms)[22m
 GET /app/notes/cmmzsxvxa0002hmyb32u9q1me/edit?unpublished=1 [32m200[39m in 20ms[2m (next.js: 1291µs, proxy.ts: 2ms, application-code: 17ms)[22m
 POST /app/notes/cmmzsxvxa0002hmyb32u9q1me/edit [34m303[39m in 34ms[2m (next.js: 1815µs, proxy.ts: 3ms, application-code: 29ms)[22m
  └─ ƒ unpublishNoteAction("cmmzsxvxa0002hmyb32u9q1me") in 6ms [2msrc/app/app/notes/actions.ts[22m
 GET / [32m200[39m in 18ms[2m (next.js: 860µs, application-code: 17ms)[22m
 GET /notes/public-note-1774065747495 [33m404[39m in 26ms[2m (next.js: 1918µs, application-code: 24ms)[22m
 GET /login [32m200[39m in 17ms[2m (next.js: 795µs, application-code: 17ms)[22m
 GET /app [32m200[39m in 24ms[2m (next.js: 884µs, proxy.ts: 2ms, application-code: 21ms)[22m
 POST /login [34m303[39m in 59ms[2m (next.js: 955µs, application-code: 58ms)[22m
  └─ ƒ loginAction({}) in 30ms [2msrc/app/login/actions.ts[22m
 GET /app/links [32m200[39m in 41ms[2m (next.js: 15ms, proxy.ts: 7ms, application-code: 20ms)[22m
 GET /app/links?saved=1 [32m200[39m in 24ms[2m (next.js: 789µs, proxy.ts: 2ms, application-code: 21ms)[22m
 POST /app/links [34m303[39m in 39ms[2m (next.js: 946µs, proxy.ts: 3ms, application-code: 35ms)[22m
  └─ ƒ createLinkAction({}) in 7ms [2msrc/app/app/links/actions.ts[22m
 POST /api/test/mina/chat/completions [32m200[39m in 3ms[2m (next.js: 775µs, application-code: 1906µs)[22m
 GET /app/links?saved=1 [32m200[39m in 47ms[2m (next.js: 1919µs, proxy.ts: 15ms, application-code: 30ms)[22m
 GET / [32m200[39m in 34ms[2m (next.js: 2ms, application-code: 32ms)[22m
 GET /login [32m200[39m in 29ms[2m (next.js: 860µs, application-code: 28ms)[22m
 GET /app [32m200[39m in 24ms[2m (next.js: 982µs, proxy.ts: 3ms, application-code: 21ms)[22m
 POST /login [34m303[39m in 60ms[2m (next.js: 956µs, application-code: 59ms)[22m
  └─ ƒ loginAction({}) in 31ms [2msrc/app/login/actions.ts[22m
 GET /app/links [32m200[39m in 23ms[2m (next.js: 865µs, proxy.ts: 3ms, application-code: 19ms)[22m
 GET /app/links?saved=1 [32m200[39m in 25ms[2m (next.js: 816µs, proxy.ts: 2ms, application-code: 22ms)[22m
 POST /app/links [34m303[39m in 38ms[2m (next.js: 979µs, proxy.ts: 3ms, application-code: 34ms)[22m
  └─ ƒ createLinkAction({}) in 5ms [2msrc/app/app/links/actions.ts[22m
 POST /api/test/mina/chat/completions [32m200[39m in 1510ms[2m (next.js: 610µs, application-code: 1510ms)[22m
 GET /app/links?saved=1 [32m200[39m in 48ms[2m (next.js: 4ms, proxy.ts: 9ms, application-code: 35ms)[22m
 GET /app/links?retried=1 [32m200[39m in 34ms[2m (next.js: 1015µs, proxy.ts: 3ms, application-code: 30ms)[22m
 POST /app/links?saved=1 [34m303[39m in 54ms[2m (next.js: 1782µs, proxy.ts: 7ms, application-code: 45ms)[22m
  └─ ƒ retryLinkEnrichmentAction("cmmzsxzwt0004hmyblmf629lj") in 7ms [2msrc/app/app/links/actions.ts[22m
 GET /app/links?retried=1 [32m200[39m in 48ms[2m (next.js: 3ms, proxy.ts: 10ms, application-code: 35ms)[22m
 POST /api/test/mina/chat/completions [32m200[39m in 1508ms[2m (next.js: 734µs, application-code: 1507ms)[22m
 GET /app/links?retried=1 [32m200[39m in 46ms[2m (next.js: 3ms, proxy.ts: 9ms, application-code: 34ms)[22m
 GET /login [32m200[39m in 18ms[2m (next.js: 858µs, application-code: 17ms)[22m
 GET /app [32m200[39m in 31ms[2m (next.js: 949µs, proxy.ts: 2ms, application-code: 28ms)[22m
 POST /login [34m303[39m in 67ms[2m (next.js: 984µs, application-code: 66ms)[22m
  └─ ƒ loginAction({}) in 30ms [2msrc/app/login/actions.ts[22m
 GET /app/links [32m200[39m in 25ms[2m (next.js: 906µs, proxy.ts: 3ms, application-code: 21ms)[22m
 GET /app/links?error=invalid-url [32m200[39m in 25ms[2m (next.js: 816µs, proxy.ts: 2ms, application-code: 22ms)[22m
 POST /app/links [34m303[39m in 35ms[2m (next.js: 818µs, proxy.ts: 3ms, application-code: 31ms)[22m
  └─ ƒ createLinkAction({}) in 4ms [2msrc/app/app/links/actions.ts[22m
 GET /login [32m200[39m in 16ms[2m (next.js: 741µs, application-code: 15ms)[22m
 GET /app [32m200[39m in 23ms[2m (next.js: 808µs, proxy.ts: 2ms, application-code: 20ms)[22m
 POST /login [34m303[39m in 57ms[2m (next.js: 915µs, application-code: 56ms)[22m
  └─ ƒ loginAction({}) in 30ms [2msrc/app/login/actions.ts[22m
 GET /app/notes/new [32m200[39m in 15ms[2m (next.js: 1306µs, proxy.ts: 3ms, application-code: 11ms)[22m
 GET /app/notes/cmmzsy64r0005hmybe1jdk0zu/edit?saved=1 [32m200[39m in 26ms[2m (next.js: 2ms, proxy.ts: 2ms, application-code: 22ms)[22m
 POST /app/notes/new [34m303[39m in 41ms[2m (next.js: 2ms, proxy.ts: 3ms, application-code: 36ms)[22m
  └─ ƒ createNoteAction({}) in 6ms [2msrc/app/app/notes/actions.ts[22m
 GET /app/links [32m200[39m in 52ms[2m (next.js: 879µs, proxy.ts: 2ms, application-code: 49ms)[22m
 GET /app/links?saved=1 [32m200[39m in 27ms[2m (next.js: 791µs, proxy.ts: 2ms, application-code: 24ms)[22m
 POST /app/links [34m303[39m in 40ms[2m (next.js: 1974µs, proxy.ts: 4ms, application-code: 35ms)[22m
  └─ ƒ createLinkAction({}) in 5ms [2msrc/app/app/links/actions.ts[22m
 POST /api/test/mina/chat/completions [32m200[39m in 2ms[2m (next.js: 559µs, application-code: 1466µs)[22m
 GET /app/links?saved=1 [32m200[39m in 54ms[2m (next.js: 1574µs, proxy.ts: 8ms, application-code: 45ms)[22m
 GET /app/tags?tag=ai-owned [32m200[39m in 112ms[2m (next.js: 25ms, proxy.ts: 6ms, application-code: 81ms)[22m
 GET /app/tags [32m200[39m in 73ms[2m (next.js: 785µs, proxy.ts: 2ms, application-code: 70ms)[22m
 GET /app/search?q=Filtered%20note%201774065760719 [32m200[39m in 80ms[2m (next.js: 16ms, proxy.ts: 3ms, application-code: 61ms)[22m
 GET /app/search?q=url-needle-1774065760719 [32m200[39m in 47ms[2m (next.js: 786µs, proxy.ts: 2ms, application-code: 44ms)[22m
 GET /app/search?q=ai-owned [32m200[39m in 43ms[2m (next.js: 880µs, proxy.ts: 3ms, application-code: 40ms)[22m
 GET /login [32m200[39m in 14ms[2m (next.js: 775µs, application-code: 14ms)[22m
 GET /app [32m200[39m in 24ms[2m (next.js: 857µs, proxy.ts: 2ms, application-code: 21ms)[22m
 POST /login [34m303[39m in 60ms[2m (next.js: 925µs, application-code: 59ms)[22m
  └─ ƒ loginAction({}) in 31ms [2msrc/app/login/actions.ts[22m
 GET /app/links [32m200[39m in 25ms[2m (next.js: 890µs, proxy.ts: 3ms, application-code: 21ms)[22m
 GET /app/links?saved=1 [32m200[39m in 36ms[2m (next.js: 842µs, proxy.ts: 2ms, application-code: 32ms)[22m
 POST /app/links [34m303[39m in 50ms[2m (next.js: 935µs, proxy.ts: 3ms, application-code: 46ms)[22m
  └─ ƒ createLinkAction({}) in 6ms [2msrc/app/app/links/actions.ts[22m
 GET /app/links?saved=1 [32m200[39m in 48ms[2m (next.js: 3ms, proxy.ts: 9ms, application-code: 36ms)[22m
 GET /app/search?q=ai [32m200[39m in 48ms[2m (next.js: 1873µs, proxy.ts: 5ms, application-code: 41ms)[22m
 GET /app/tags?tag=ai [32m200[39m in 46ms[2m (next.js: 892µs, proxy.ts: 3ms, application-code: 42ms)[22m
 GET /login [32m200[39m in 16ms[2m (next.js: 752µs, application-code: 15ms)[22m
 GET /app [32m200[39m in 24ms[2m (next.js: 823µs, proxy.ts: 2ms, application-code: 21ms)[22m
 POST /login [34m303[39m in 58ms[2m (next.js: 880µs, application-code: 57ms)[22m
  └─ ƒ loginAction({}) in 29ms [2msrc/app/login/actions.ts[22m
 GET /app/notes/new [32m200[39m in 16ms[2m (next.js: 976µs, proxy.ts: 3ms, application-code: 12ms)[22m
 GET /app/notes/cmmzsyc900008hmyb3wdk1ycf/edit?saved=1 [32m200[39m in 22ms[2m (next.js: 2ms, proxy.ts: 2ms, application-code: 17ms)[22m
 POST /app/notes/new [34m303[39m in 35ms[2m (next.js: 961µs, proxy.ts: 3ms, application-code: 31ms)[22m
  └─ ƒ createNoteAction({}) in 6ms [2msrc/app/app/notes/actions.ts[22m
 GET /app/notes/cmmzsyc900008hmyb3wdk1ycf/edit?saved=1 [32m200[39m in 42ms[2m (next.js: 6ms, proxy.ts: 10ms, application-code: 26ms)[22m
 GET /app [32m200[39m in 62ms[2m (next.js: 2ms, proxy.ts: 6ms, application-code: 54ms)[22m
 GET /login [32m200[39m in 14ms[2m (next.js: 758µs, application-code: 14ms)[22m
 GET /login [32m200[39m in 14ms[2m (next.js: 742µs, application-code: 14ms)[22m
 GET /login [32m200[39m in 18ms[2m (next.js: 705µs, application-code: 17ms)[22m
 GET /app [32m200[39m in 21ms[2m (next.js: 865µs, proxy.ts: 3ms, application-code: 18ms)[22m
 POST /login [34m303[39m in 56ms[2m (next.js: 920µs, application-code: 55ms)[22m
  └─ ƒ loginAction({}) in 30ms [2msrc/app/login/actions.ts[22m
 GET /app/notes/cmmzsyf2w0002hoybwvd9z0e7/edit [32m200[39m in 41ms[2m (next.js: 2ms, proxy.ts: 2ms, application-code: 37ms)[22m
 GET /login [32m200[39m in 14ms[2m (next.js: 768µs, application-code: 13ms)[22m
 GET /app [32m200[39m in 21ms[2m (next.js: 766µs, proxy.ts: 2ms, application-code: 18ms)[22m
 POST /login [34m303[39m in 54ms[2m (next.js: 926µs, application-code: 53ms)[22m
  └─ ƒ loginAction({}) in 29ms [2msrc/app/login/actions.ts[22m
 GET /app/notes/cmmzsyfj20003hoybqqy0r7rn/edit [32m200[39m in 38ms[2m (next.js: 2ms, proxy.ts: 3ms, application-code: 33ms)[22m
 GET / [32m200[39m in 22ms[2m (next.js: 1644µs, application-code: 21ms)[22m
 GET / [32m200[39m in 21ms[2m (next.js: 739µs, application-code: 20ms)[22m
 GET / [32m200[39m in 20ms[2m (next.js: 714µs, application-code: 19ms)[22m
 GET / [32m200[39m in 18ms[2m (next.js: 818µs, application-code: 18ms)[22m
 GET /login [32m200[39m in 16ms[2m (next.js: 742µs, application-code: 15ms)[22m
 GET /app [32m200[39m in 24ms[2m (next.js: 814µs, proxy.ts: 2ms, application-code: 20ms)[22m
 POST /login [34m303[39m in 57ms[2m (next.js: 1011µs, application-code: 56ms)[22m
  └─ ƒ loginAction({}) in 29ms [2msrc/app/login/actions.ts[22m
 GET /login [32m200[39m in 14ms[2m (next.js: 749µs, application-code: 14ms)[22m
 GET /app [32m200[39m in 23ms[2m (next.js: 901µs, proxy.ts: 2ms, application-code: 20ms)[22m
 POST /login [34m303[39m in 57ms[2m (next.js: 950µs, application-code: 56ms)[22m
  └─ ƒ loginAction({}) in 30ms [2msrc/app/login/actions.ts[22m
 GET /login [32m200[39m in 19ms[2m (next.js: 872µs, application-code: 19ms)[22m
 GET /app [32m200[39m in 22ms[2m (next.js: 790µs, proxy.ts: 3ms, application-code: 18ms)[22m
 POST /login [34m303[39m in 57ms[2m (next.js: 1018µs, application-code: 56ms)[22m
  └─ ƒ loginAction({}) in 31ms [2msrc/app/login/actions.ts[22m
 GET /app/links [32m200[39m in 33ms[2m (next.js: 858µs, proxy.ts: 3ms, application-code: 30ms)[22m
 GET /login [32m200[39m in 14ms[2m (next.js: 711µs, application-code: 14ms)[22m
 GET /app [32m200[39m in 22ms[2m (next.js: 1064µs, proxy.ts: 2ms, application-code: 19ms)[22m
 POST /login [34m303[39m in 57ms[2m (next.js: 930µs, application-code: 56ms)[22m
  └─ ƒ loginAction({}) in 30ms [2msrc/app/login/actions.ts[22m
 GET /app/links [32m200[39m in 38ms[2m (next.js: 953µs, proxy.ts: 3ms, application-code: 35ms)[22m
 GET /login [32m200[39m in 15ms[2m (next.js: 953µs, application-code: 14ms)[22m
 GET /app [32m200[39m in 22ms[2m (next.js: 1127µs, proxy.ts: 3ms, application-code: 19ms)[22m
 POST /login [34m303[39m in 57ms[2m (next.js: 968µs, application-code: 56ms)[22m
  └─ ƒ loginAction({}) in 30ms [2msrc/app/login/actions.ts[22m
 GET /app/tags?tag=studio-systems [32m200[39m in 36ms[2m (next.js: 854µs, proxy.ts: 3ms, application-code: 32ms)[22m
 GET /login [32m200[39m in 15ms[2m (next.js: 764µs, application-code: 14ms)[22m
 GET /app [32m200[39m in 22ms[2m (next.js: 862µs, proxy.ts: 2ms, application-code: 19ms)[22m
 POST /login [34m303[39m in 55ms[2m (next.js: 949µs, application-code: 54ms)[22m
  └─ ƒ loginAction({}) in 30ms [2msrc/app/login/actions.ts[22m
 GET /app/tags?tag=studio-systems [32m200[39m in 37ms[2m (next.js: 926µs, proxy.ts: 3ms, application-code: 34ms)[22m
 GET /login [32m200[39m in 15ms[2m (next.js: 778µs, application-code: 14ms)[22m
 GET /app [32m200[39m in 22ms[2m (next.js: 858µs, proxy.ts: 2ms, application-code: 19ms)[22m
 POST /login [34m303[39m in 55ms[2m (next.js: 879µs, application-code: 54ms)[22m
  └─ ƒ loginAction({}) in 29ms [2msrc/app/login/actions.ts[22m
 GET /app/search?q=rhythm [32m200[39m in 44ms[2m (next.js: 890µs, proxy.ts: 3ms, application-code: 40ms)[22m
 GET /login [32m200[39m in 15ms[2m (next.js: 789µs, application-code: 14ms)[22m
 GET /app [32m200[39m in 22ms[2m (next.js: 809µs, proxy.ts: 2ms, application-code: 19ms)[22m
 POST /login [34m303[39m in 55ms[2m (next.js: 907µs, application-code: 54ms)[22m
  └─ ƒ loginAction({}) in 29ms [2msrc/app/login/actions.ts[22m
 GET /app/search?q=rhythm [32m200[39m in 34ms[2m (next.js: 901µs, proxy.ts: 3ms, application-code: 31ms)[22m
 GET /notes/public-notes-should-read-like-finished-pages-not-dashboards [32m200[39m in 35ms[2m (next.js: 3ms, application-code: 32ms)[22m
 GET /notes/public-notes-should-read-like-finished-pages-not-dashboards [32m200[39m in 19ms[2m (next.js: 1811µs, application-code: 17ms)[22m
 GET / [32m200[39m in 17ms[2m (next.js: 728µs, application-code: 16ms)[22m
 GET /login [32m200[39m in 16ms[2m (next.js: 984µs, application-code: 15ms)[22m
 GET /login [32m200[39m in 20ms[2m (next.js: 770µs, application-code: 19ms)[22m
 GET /app [32m200[39m in 23ms[2m (next.js: 1306µs, proxy.ts: 2ms, application-code: 19ms)[22m
 POST /login [34m303[39m in 57ms[2m (next.js: 949µs, application-code: 56ms)[22m
  └─ ƒ loginAction({}) in 30ms [2msrc/app/login/actions.ts[22m
 GET /login [32m200[39m in 15ms[2m (next.js: 855µs, application-code: 14ms)[22m
 GET /app [32m200[39m in 23ms[2m (next.js: 906µs, proxy.ts: 2ms, application-code: 20ms)[22m
 POST /login [34m303[39m in 56ms[2m (next.js: 907µs, application-code: 56ms)[22m
  └─ ƒ loginAction({}) in 29ms [2msrc/app/login/actions.ts[22m
