
> minakeep@0.1.0 dev
> next dev --hostname 127.0.0.1 --port 3100

[1m[38;2;173;127;168m▲ Next.js 16.2.0[39m[22m (Turbopack)
- Local:         http://127.0.0.1:3100
- Network:       http://127.0.0.1:3100
- Environments: .env
[32m[1m✓[22m[39m Ready in 197ms

 GET /api/health [32m200[39m in 116ms[2m (next.js: 106ms, application-code: 10ms)[22m
 GET /login [32m200[39m in 159ms[2m (next.js: 49ms, application-code: 110ms)[22m
 GET /app [32m200[39m in 117ms[2m (next.js: 25ms, proxy.ts: 34ms, application-code: 58ms)[22m
 POST /login [34m303[39m in 224ms[2m (next.js: 1590µs, application-code: 222ms)[22m
  └─ ƒ loginAction({}) in 95ms [2msrc/app/login/actions.ts[22m
 GET / [32m200[39m in 51ms[2m (next.js: 10ms, application-code: 42ms)[22m
 GET /login?callbackUrl=http%3A%2F%2Flocalhost%3A3100%2Fapp%2Fsearch [32m200[39m in 24ms[2m (next.js: 913µs, application-code: 23ms)[22m
 GET /login?callbackUrl=http%3A%2F%2Flocalhost%3A3100%2Fapp%2Fnotes%2Fnew [32m200[39m in 30ms[2m (next.js: 819µs, application-code: 29ms)[22m
 GET /app [32m200[39m in 22ms[2m (next.js: 1031µs, proxy.ts: 3ms, application-code: 18ms)[22m
 POST /login?callbackUrl=http%3A%2F%2Flocalhost%3A3100%2Fapp%2Fnotes%2Fnew [34m303[39m in 60ms[2m (next.js: 1082µs, application-code: 58ms)[22m
  └─ ƒ loginAction({}) in 32ms [2msrc/app/login/actions.ts[22m
 GET /app/notes/new [32m200[39m in 37ms[2m (next.js: 20ms, proxy.ts: 3ms, application-code: 13ms)[22m
 GET /app/notes/cmn16f7h80000uhyb6ztp8105/edit?saved=1 [32m200[39m in 241ms[2m (next.js: 217ms, proxy.ts: 3ms, application-code: 22ms)[22m
 POST /app/notes/new [34m303[39m in 273ms[2m (next.js: 1095µs, proxy.ts: 3ms, application-code: 269ms)[22m
  └─ ƒ createNoteAction({}) in 21ms [2msrc/app/app/notes/actions.ts[22m
 POST /app/notes/cmn16f7h80000uhyb6ztp8105/edit?saved=1 [34m303[39m in 135ms[2m (next.js: 5ms, proxy.ts: 4ms, application-code: 126ms)[22m
  └─ ƒ updateNoteAction("cmn16f7h80000uhyb6ztp8105", {}) in 7ms [2msrc/app/app/notes/actions.ts[22m
 GET /app [32m200[39m in 174ms[2m (next.js: 5ms, proxy.ts: 9ms, application-code: 160ms)[22m
 GET /app/notes/cmn16f7h80000uhyb6ztp8105/edit?saved=1 [32m200[39m in 142ms[2m (next.js: 11ms, proxy.ts: 96ms, application-code: 36ms)[22m
 GET /app/notes/cmn16f7h80000uhyb6ztp8105/edit [32m200[39m in 22ms[2m (next.js: 1865µs, proxy.ts: 4ms, application-code: 16ms)[22m
 GET /login [32m200[39m in 20ms[2m (next.js: 1889µs, application-code: 18ms)[22m
 GET /app [32m200[39m in 28ms[2m (next.js: 1106µs, proxy.ts: 3ms, application-code: 24ms)[22m
 POST /login [34m303[39m in 63ms[2m (next.js: 946µs, application-code: 62ms)[22m
  └─ ƒ loginAction({}) in 29ms [2msrc/app/login/actions.ts[22m
 GET /app/notes/new [32m200[39m in 16ms[2m (next.js: 920µs, proxy.ts: 3ms, application-code: 12ms)[22m
 GET /app/notes/cmn16f8es0001uhybboljjc4m/edit?saved=1 [32m200[39m in 25ms[2m (next.js: 2ms, proxy.ts: 2ms, application-code: 21ms)[22m
 POST /app/notes/new [34m303[39m in 40ms[2m (next.js: 1525µs, proxy.ts: 3ms, application-code: 36ms)[22m
  └─ ƒ createNoteAction({}) in 7ms [2msrc/app/app/notes/actions.ts[22m
 POST /api/test/mina/chat/completions [32m200[39m in 1514ms[2m (next.js: 13ms, application-code: 1501ms)[22m
 GET /app/notes/cmn16f8es0001uhybboljjc4m/edit?saved=1 [32m200[39m in 41ms[2m (next.js: 6ms, proxy.ts: 8ms, application-code: 27ms)[22m
 GET /app/notes/cmn16f8es0001uhybboljjc4m/edit?retried=1 [32m200[39m in 25ms[2m (next.js: 1625µs, proxy.ts: 3ms, application-code: 20ms)[22m
 POST /app/notes/cmn16f8es0001uhybboljjc4m/edit?saved=1 [34m303[39m in 46ms[2m (next.js: 4ms, proxy.ts: 5ms, application-code: 36ms)[22m
  └─ ƒ retryNoteEnrichmentAction("cmn16f8es0001uhybboljjc4m") in 7ms [2msrc/app/app/notes/actions.ts[22m
 POST /api/test/mina/chat/completions [32m200[39m in 1511ms[2m (next.js: 673µs, application-code: 1510ms)[22m
 GET /app/notes/cmn16f8es0001uhybboljjc4m/edit?retried=1 [32m200[39m in 51ms[2m (next.js: 6ms, proxy.ts: 9ms, application-code: 36ms)[22m
 GET /login [32m200[39m in 18ms[2m (next.js: 815µs, application-code: 17ms)[22m
 GET /app [32m200[39m in 22ms[2m (next.js: 922µs, proxy.ts: 3ms, application-code: 19ms)[22m
 POST /login [34m303[39m in 59ms[2m (next.js: 892µs, application-code: 58ms)[22m
  └─ ƒ loginAction({}) in 31ms [2msrc/app/login/actions.ts[22m
 GET /app/notes/new [32m200[39m in 15ms[2m (next.js: 906µs, proxy.ts: 3ms, application-code: 12ms)[22m
 GET /app/notes/cmn16fdfl0002uhybtvkg4b8s/edit?saved=1 [32m200[39m in 22ms[2m (next.js: 2ms, proxy.ts: 2ms, application-code: 18ms)[22m
 POST /app/notes/new [34m303[39m in 37ms[2m (next.js: 927µs, proxy.ts: 3ms, application-code: 33ms)[22m
  └─ ƒ createNoteAction({}) in 7ms [2msrc/app/app/notes/actions.ts[22m
 GET /app/notes/cmn16fdfl0002uhybtvkg4b8s/edit?published=1 [32m200[39m in 21ms[2m (next.js: 1467µs, proxy.ts: 2ms, application-code: 17ms)[22m
 POST /app/notes/cmn16fdfl0002uhybtvkg4b8s/edit?saved=1 [34m303[39m in 36ms[2m (next.js: 2ms, proxy.ts: 4ms, application-code: 30ms)[22m
  └─ ƒ publishNoteAction("cmn16fdfl0002uhybtvkg4b8s") in 6ms [2msrc/app/app/notes/actions.ts[22m
 GET / [32m200[39m in 19ms[2m (next.js: 970µs, application-code: 18ms)[22m
 GET /notes/public-note-1774148864507 [32m200[39m in 209ms[2m (next.js: 192ms, application-code: 17ms)[22m
 GET /app [32m200[39m in 43ms[2m (next.js: 992µs, proxy.ts: 3ms, application-code: 39ms)[22m
 GET /app/notes/cmn16fdfl0002uhybtvkg4b8s/edit [32m200[39m in 24ms[2m (next.js: 2ms, proxy.ts: 3ms, application-code: 19ms)[22m
 GET /app/notes/cmn16fdfl0002uhybtvkg4b8s/edit?unpublished=1 [32m200[39m in 22ms[2m (next.js: 1322µs, proxy.ts: 2ms, application-code: 19ms)[22m
 POST /app/notes/cmn16fdfl0002uhybtvkg4b8s/edit [34m303[39m in 37ms[2m (next.js: 1550µs, proxy.ts: 3ms, application-code: 32ms)[22m
  └─ ƒ unpublishNoteAction("cmn16fdfl0002uhybtvkg4b8s") in 5ms [2msrc/app/app/notes/actions.ts[22m
 GET / [32m200[39m in 19ms[2m (next.js: 911µs, application-code: 18ms)[22m
 GET /notes/public-note-1774148864507 [33m404[39m in 37ms[2m (next.js: 1831µs, application-code: 35ms)[22m
 GET /login [32m200[39m in 18ms[2m (next.js: 926µs, application-code: 17ms)[22m
 GET /app [32m200[39m in 24ms[2m (next.js: 1106µs, proxy.ts: 3ms, application-code: 20ms)[22m
 POST /login [34m303[39m in 59ms[2m (next.js: 923µs, application-code: 58ms)[22m
  └─ ƒ loginAction({}) in 30ms [2msrc/app/login/actions.ts[22m
 GET /app/links [32m200[39m in 37ms[2m (next.js: 16ms, proxy.ts: 3ms, application-code: 18ms)[22m
 GET /app/links?saved=1 [32m200[39m in 30ms[2m (next.js: 782µs, proxy.ts: 2ms, application-code: 27ms)[22m
 POST /app/links [34m303[39m in 46ms[2m (next.js: 1035µs, proxy.ts: 3ms, application-code: 42ms)[22m
  └─ ƒ createLinkAction({}) in 8ms [2msrc/app/app/links/actions.ts[22m
 POST /api/test/mina/chat/completions [32m200[39m in 3ms[2m (next.js: 799µs, application-code: 1752µs)[22m
{"level":"warn","message":"Link favicon could not be resolved.","metadata":{"linkId":"cmn16fens0003uhybm1jmga0d","url":"https://example.com/reference-1774148866110"},"timestamp":"2026-03-22T03:07:46.624Z"}
 GET /app/links?saved=1 [32m200[39m in 31ms[2m (next.js: 1424µs, proxy.ts: 5ms, application-code: 25ms)[22m
 GET / [32m200[39m in 32ms[2m (next.js: 2ms, application-code: 30ms)[22m
 GET /login [32m200[39m in 17ms[2m (next.js: 829µs, application-code: 16ms)[22m
 GET /app [32m200[39m in 24ms[2m (next.js: 985µs, proxy.ts: 3ms, application-code: 20ms)[22m
 POST /login [34m303[39m in 58ms[2m (next.js: 935µs, application-code: 57ms)[22m
  └─ ƒ loginAction({}) in 29ms [2msrc/app/login/actions.ts[22m
 GET /app/links [32m200[39m in 30ms[2m (next.js: 1281µs, proxy.ts: 3ms, application-code: 26ms)[22m
 GET /app/links?saved=1 [32m200[39m in 25ms[2m (next.js: 818µs, proxy.ts: 2ms, application-code: 22ms)[22m
 POST /app/links [34m303[39m in 39ms[2m (next.js: 1238µs, proxy.ts: 3ms, application-code: 35ms)[22m
  └─ ƒ createLinkAction({}) in 6ms [2msrc/app/app/links/actions.ts[22m
 POST /api/test/mina/chat/completions [32m200[39m in 1959µs[2m (next.js: 579µs, application-code: 1380µs)[22m
{"level":"warn","message":"Link favicon could not be resolved.","metadata":{"linkId":"cmn16fhdw0004uhyb6scdey4w","url":"https://example.com/published-link-1774148869648"},"timestamp":"2026-03-22T03:07:50.154Z"}
 GET /app/links?saved=1 [32m200[39m in 43ms[2m (next.js: 2ms, proxy.ts: 9ms, application-code: 32ms)[22m
 GET /app/links?published=1 [32m200[39m in 30ms[2m (next.js: 1098µs, proxy.ts: 3ms, application-code: 26ms)[22m
 POST /app/links?saved=1 [34m303[39m in 51ms[2m (next.js: 1687µs, proxy.ts: 6ms, application-code: 43ms)[22m
  └─ ƒ publishLinkAction("cmn16fhdw0004uhyb6scdey4w") in 8ms [2msrc/app/app/links/actions.ts[22m
 GET / [32m200[39m in 18ms[2m (next.js: 835µs, application-code: 17ms)[22m
 GET /app/links [32m200[39m in 69ms[2m (next.js: 910µs, proxy.ts: 2ms, application-code: 66ms)[22m
 GET /app/links?unpublished=1 [32m200[39m in 23ms[2m (next.js: 759µs, proxy.ts: 2ms, application-code: 20ms)[22m
 POST /app/links [34m303[39m in 34ms[2m (next.js: 837µs, proxy.ts: 3ms, application-code: 31ms)[22m
  └─ ƒ unpublishLinkAction("cmn16fhdw0004uhyb6scdey4w") in 4ms [2msrc/app/app/links/actions.ts[22m
 GET / [32m200[39m in 18ms[2m (next.js: 909µs, application-code: 17ms)[22m
 GET /login [32m200[39m in 17ms[2m (next.js: 805µs, application-code: 16ms)[22m
 GET /app [32m200[39m in 30ms[2m (next.js: 1060µs, proxy.ts: 2ms, application-code: 27ms)[22m
 POST /login [34m303[39m in 65ms[2m (next.js: 956µs, application-code: 64ms)[22m
  └─ ƒ loginAction({}) in 30ms [2msrc/app/login/actions.ts[22m
 GET /app/links [32m200[39m in 23ms[2m (next.js: 1162µs, proxy.ts: 3ms, application-code: 19ms)[22m
 GET /app/links?saved=1 [32m200[39m in 28ms[2m (next.js: 813µs, proxy.ts: 2ms, application-code: 25ms)[22m
 POST /app/links [34m303[39m in 45ms[2m (next.js: 1040µs, proxy.ts: 4ms, application-code: 40ms)[22m
  └─ ƒ createLinkAction({}) in 7ms [2msrc/app/app/links/actions.ts[22m
{"level":"warn","message":"Link favicon could not be resolved.","metadata":{"linkId":"cmn16fki80005uhybabcxffe4","url":"https://example.com/retry-link-1774148873661"},"timestamp":"2026-03-22T03:07:54.202Z"}
 POST /api/test/mina/chat/completions [32m200[39m in 1513ms[2m (next.js: 615µs, application-code: 1512ms)[22m
 GET /app/links?saved=1 [32m200[39m in 41ms[2m (next.js: 2ms, proxy.ts: 7ms, application-code: 32ms)[22m
 GET /app/links?retried=1 [32m200[39m in 38ms[2m (next.js: 972µs, proxy.ts: 3ms, application-code: 35ms)[22m
 POST /app/links?saved=1 [34m303[39m in 57ms[2m (next.js: 1590µs, proxy.ts: 6ms, application-code: 49ms)[22m
  └─ ƒ retryLinkEnrichmentAction("cmn16fki80005uhybabcxffe4") in 7ms [2msrc/app/app/links/actions.ts[22m
 POST /api/test/mina/chat/completions [32m200[39m in 1511ms[2m (next.js: 925µs, application-code: 1510ms)[22m
 GET /app/links?retried=1 [32m200[39m in 46ms[2m (next.js: 2ms, proxy.ts: 10ms, application-code: 34ms)[22m
 GET /login [32m200[39m in 19ms[2m (next.js: 878µs, application-code: 18ms)[22m
 GET /app [32m200[39m in 23ms[2m (next.js: 846µs, proxy.ts: 2ms, application-code: 20ms)[22m
 POST /login [34m303[39m in 58ms[2m (next.js: 923µs, application-code: 57ms)[22m
  └─ ƒ loginAction({}) in 30ms [2msrc/app/login/actions.ts[22m
 GET /app/links [32m200[39m in 25ms[2m (next.js: 926µs, proxy.ts: 3ms, application-code: 21ms)[22m
 GET /app/links?error=invalid-url [32m200[39m in 25ms[2m (next.js: 747µs, proxy.ts: 2ms, application-code: 22ms)[22m
 POST /app/links [34m303[39m in 35ms[2m (next.js: 957µs, proxy.ts: 3ms, application-code: 31ms)[22m
  └─ ƒ createLinkAction({}) in 3ms [2msrc/app/app/links/actions.ts[22m
 GET /login [32m200[39m in 18ms[2m (next.js: 776µs, application-code: 17ms)[22m
 GET /app [32m200[39m in 22ms[2m (next.js: 818µs, proxy.ts: 2ms, application-code: 19ms)[22m
 POST /login [34m303[39m in 57ms[2m (next.js: 936µs, application-code: 56ms)[22m
  └─ ƒ loginAction({}) in 30ms [2msrc/app/login/actions.ts[22m
 GET /app/notes/new [32m200[39m in 16ms[2m (next.js: 902µs, proxy.ts: 3ms, application-code: 12ms)[22m
 GET /app/notes/cmn16fpyh0006uhybcmhgwwa6/edit?saved=1 [32m200[39m in 22ms[2m (next.js: 2ms, proxy.ts: 2ms, application-code: 18ms)[22m
 POST /app/notes/new [34m303[39m in 37ms[2m (next.js: 885µs, proxy.ts: 3ms, application-code: 33ms)[22m
  └─ ƒ createNoteAction({}) in 7ms [2msrc/app/app/notes/actions.ts[22m
 GET /app/links [32m200[39m in 72ms[2m (next.js: 889µs, proxy.ts: 2ms, application-code: 69ms)[22m
 GET /app/links?saved=1 [32m200[39m in 28ms[2m (next.js: 782µs, proxy.ts: 2ms, application-code: 24ms)[22m
 POST /app/links [34m303[39m in 42ms[2m (next.js: 1140µs, proxy.ts: 3ms, application-code: 37ms)[22m
  └─ ƒ createLinkAction({}) in 6ms [2msrc/app/app/links/actions.ts[22m
 POST /api/test/mina/chat/completions [32m200[39m in 2ms[2m (next.js: 766µs, application-code: 1418µs)[22m
{"level":"warn","message":"Link favicon could not be resolved.","metadata":{"linkId":"cmn16fq5x0007uhybutcut3th","url":"https://example.com/url-needle-1774148880737"},"timestamp":"2026-03-22T03:08:01.537Z"}
 GET /app/links?saved=1 [32m200[39m in 49ms[2m (next.js: 3ms, proxy.ts: 10ms, application-code: 36ms)[22m
 GET /app/tags?tag=ai-owned [32m200[39m in 134ms[2m (next.js: 27ms, proxy.ts: 6ms, application-code: 101ms)[22m
 GET /app/tags [32m200[39m in 84ms[2m (next.js: 733µs, proxy.ts: 2ms, application-code: 81ms)[22m
 GET /app/search?q=Filtered%20note%201774148880737 [32m200[39m in 79ms[2m (next.js: 16ms, proxy.ts: 3ms, application-code: 60ms)[22m
 GET /app/search?q=url-needle-1774148880737 [32m200[39m in 59ms[2m (next.js: 831µs, proxy.ts: 2ms, application-code: 56ms)[22m
 GET /app/search?q=ai-owned [32m200[39m in 38ms[2m (next.js: 831µs, proxy.ts: 2ms, application-code: 34ms)[22m
 GET /login [32m200[39m in 14ms[2m (next.js: 782µs, application-code: 14ms)[22m
 GET /app [32m200[39m in 30ms[2m (next.js: 899µs, proxy.ts: 3ms, application-code: 26ms)[22m
 POST /login [34m303[39m in 64ms[2m (next.js: 882µs, application-code: 64ms)[22m
  └─ ƒ loginAction({}) in 30ms [2msrc/app/login/actions.ts[22m
 GET /app/links [32m200[39m in 26ms[2m (next.js: 871µs, proxy.ts: 3ms, application-code: 22ms)[22m
 GET /app/links?saved=1 [32m200[39m in 30ms[2m (next.js: 739µs, proxy.ts: 2ms, application-code: 27ms)[22m
 POST /app/links [34m303[39m in 44ms[2m (next.js: 895µs, proxy.ts: 3ms, application-code: 40ms)[22m
  └─ ƒ createLinkAction({}) in 7ms [2msrc/app/app/links/actions.ts[22m
{"level":"warn","message":"Link favicon could not be resolved.","metadata":{"linkId":"cmn16ftbj0009uhyb9k41zdo1","url":"https://example.com/ai-enriched-link-1774148885093"},"timestamp":"2026-03-22T03:08:05.623Z"}
 GET /app/links?saved=1 [32m200[39m in 47ms[2m (next.js: 2ms, proxy.ts: 8ms, application-code: 36ms)[22m
 GET /app/search?q=ai [32m200[39m in 75ms[2m (next.js: 1705µs, proxy.ts: 5ms, application-code: 69ms)[22m
 GET /app/tags?tag=ai [32m200[39m in 41ms[2m (next.js: 1126µs, proxy.ts: 3ms, application-code: 37ms)[22m
 GET /login [32m200[39m in 14ms[2m (next.js: 792µs, application-code: 14ms)[22m
 GET /app [32m200[39m in 24ms[2m (next.js: 969µs, proxy.ts: 2ms, application-code: 20ms)[22m
 POST /login [34m303[39m in 59ms[2m (next.js: 884µs, application-code: 58ms)[22m
  └─ ƒ loginAction({}) in 30ms [2msrc/app/login/actions.ts[22m
 GET /app/links [32m200[39m in 61ms[2m (next.js: 776µs, proxy.ts: 2ms, application-code: 58ms)[22m
 GET /app/links?saved=1 [32m200[39m in 31ms[2m (next.js: 799µs, proxy.ts: 2ms, application-code: 28ms)[22m
 POST /app/links [34m303[39m in 44ms[2m (next.js: 834µs, proxy.ts: 3ms, application-code: 40ms)[22m
  └─ ƒ createLinkAction({}) in 6ms [2msrc/app/app/links/actions.ts[22m
 POST /api/test/mina/chat/completions [32m200[39m in 2ms[2m (next.js: 606µs, application-code: 1528µs)[22m
 GET /app/links?saved=1 [32m200[39m in 50ms[2m (next.js: 1963µs, proxy.ts: 6ms, application-code: 42ms)[22m
 GET /media/f3abd12c-a4db-447c-a2cc-adb79c4b2334 [32m200[39m in 524ms[2m (next.js: 510ms, application-code: 14ms)[22m
 GET /app/links?published=1 [32m200[39m in 36ms[2m (next.js: 943µs, proxy.ts: 3ms, application-code: 32ms)[22m
 POST /app/links?saved=1 [34m303[39m in 53ms[2m (next.js: 1589µs, proxy.ts: 6ms, application-code: 45ms)[22m
  └─ ƒ publishLinkAction("cmn16fw6c000auhybff5too79") in 6ms [2msrc/app/app/links/actions.ts[22m
 GET /media/f3abd12c-a4db-447c-a2cc-adb79c4b2334 [32m200[39m in 11ms[2m (next.js: 2ms, application-code: 9ms)[22m
 GET / [32m200[39m in 23ms[2m (next.js: 1699µs, application-code: 22ms)[22m
 GET /media/f3abd12c-a4db-447c-a2cc-adb79c4b2334 [32m200[39m in 14ms[2m (next.js: 1265µs, application-code: 13ms)[22m
 GET /app/links [32m200[39m in 83ms[2m (next.js: 827µs, proxy.ts: 2ms, application-code: 79ms)[22m
 GET /media/f3abd12c-a4db-447c-a2cc-adb79c4b2334 [32m200[39m in 11ms[2m (next.js: 1397µs, application-code: 9ms)[22m
 GET /app/links?saved=1 [32m200[39m in 33ms[2m (next.js: 785µs, proxy.ts: 2ms, application-code: 30ms)[22m
 POST /app/links [34m303[39m in 45ms[2m (next.js: 843µs, proxy.ts: 3ms, application-code: 41ms)[22m
  └─ ƒ createLinkAction({}) in 5ms [2msrc/app/app/links/actions.ts[22m
{"level":"warn","message":"Link favicon cache failed.","metadata":{"error":"Configured link favicon fetch failure for Playwright.","linkId":"cmn16fyqw000buhybhtjvf8z7","url":"https://example.com/fallback-favicon-1774148888800"},"timestamp":"2026-03-22T03:08:12.621Z"}
 POST /api/test/mina/chat/completions [32m200[39m in 1871µs[2m (next.js: 609µs, application-code: 1262µs)[22m
 GET /media/f3abd12c-a4db-447c-a2cc-adb79c4b2334 [32m200[39m in 11ms[2m (next.js: 5ms, application-code: 6ms)[22m
 GET /app/links?saved=1 [32m200[39m in 58ms[2m (next.js: 3ms, proxy.ts: 10ms, application-code: 45ms)[22m
 GET /app/links?favicon=1 [32m200[39m in 44ms[2m (next.js: 968µs, proxy.ts: 3ms, application-code: 40ms)[22m
 POST /app/links?saved=1 [34m303[39m in 63ms[2m (next.js: 1371µs, proxy.ts: 5ms, application-code: 56ms)[22m
  └─ ƒ refreshLinkFaviconAction("cmn16fyqw000buhybhtjvf8z7") in 8ms [2msrc/app/app/links/actions.ts[22m
 GET /media/f3abd12c-a4db-447c-a2cc-adb79c4b2334 [32m200[39m in 9ms[2m (next.js: 1969µs, application-code: 7ms)[22m
 GET /media/15a67592-e445-4b83-bcc4-eb46724c4f6c [32m200[39m in 9ms[2m (next.js: 3ms, application-code: 6ms)[22m
 GET /media/draft-note-image-1774148895829 [33m404[39m in 4ms[2m (next.js: 698µs, application-code: 3ms)[22m
 GET /login [32m200[39m in 16ms[2m (next.js: 709µs, application-code: 15ms)[22m
 GET /app [32m200[39m in 22ms[2m (next.js: 929µs, proxy.ts: 3ms, application-code: 18ms)[22m
 POST /login [34m303[39m in 59ms[2m (next.js: 894µs, application-code: 59ms)[22m
  └─ ƒ loginAction({}) in 32ms [2msrc/app/login/actions.ts[22m
 GET /media/draft-note-image-1774148895829 [32m200[39m in 9ms[2m (next.js: 2ms, application-code: 7ms)[22m
 GET /media/draft-note-image-1774148895829 [32m200[39m in 6ms[2m (next.js: 610µs, application-code: 5ms)[22m
 GET /media/published-note-image-1774148896175 [32m200[39m in 10ms[2m (next.js: 6ms, application-code: 4ms)[22m
 GET /media/hidden-note-image-1774148896175 [33m404[39m in 4ms[2m (next.js: 683µs, application-code: 4ms)[22m
 GET /media/published-link-favicon-1774148896175 [32m200[39m in 5ms[2m (next.js: 1273µs, application-code: 4ms)[22m
 GET /login [32m200[39m in 14ms[2m (next.js: 823µs, application-code: 13ms)[22m
 GET /app [32m200[39m in 22ms[2m (next.js: 882µs, proxy.ts: 3ms, application-code: 18ms)[22m
 POST /login [34m303[39m in 57ms[2m (next.js: 906µs, application-code: 56ms)[22m
  └─ ƒ loginAction({}) in 31ms [2msrc/app/login/actions.ts[22m
 GET /media/published-note-image-1774148896175 [32m200[39m in 8ms[2m (next.js: 728µs, application-code: 8ms)[22m
 GET /app/notes/new [32m200[39m in 17ms[2m (next.js: 3ms, proxy.ts: 3ms, application-code: 12ms)[22m
 GET /app/notes/cmn16g1xt000cuhybv7i1t92a/edit?saved=1 [32m200[39m in 28ms[2m (next.js: 3ms, proxy.ts: 2ms, application-code: 23ms)[22m
 POST /app/notes/new [34m303[39m in 45ms[2m (next.js: 863µs, proxy.ts: 3ms, application-code: 41ms)[22m
  └─ ƒ createNoteAction({}) in 7ms [2msrc/app/app/notes/actions.ts[22m
 GET /app/notes/cmn16g1xt000cuhybv7i1t92a/edit?saved=1 [32m200[39m in 29ms[2m (next.js: 4ms, proxy.ts: 4ms, application-code: 21ms)[22m
 GET /app [32m200[39m in 55ms[2m (next.js: 1941µs, proxy.ts: 6ms, application-code: 47ms)[22m
 GET /media/published-note-image-1774148896175 [32m200[39m in 12ms[2m (next.js: 4ms, application-code: 8ms)[22m
 GET /login [32m200[39m in 21ms[2m (next.js: 878µs, application-code: 21ms)[22m
 GET /app [32m200[39m in 26ms[2m (next.js: 850µs, proxy.ts: 2ms, application-code: 23ms)[22m
 POST /login [34m303[39m in 59ms[2m (next.js: 935µs, application-code: 58ms)[22m
  └─ ƒ loginAction({}) in 29ms [2msrc/app/login/actions.ts[22m
 GET /app/notes/new [32m200[39m in 33ms[2m (next.js: 931µs, proxy.ts: 3ms, application-code: 30ms)[22m
 POST /api/notes/images [32m201[39m in 36ms[2m (next.js: 27ms, application-code: 9ms)[22m
 GET /media/eb5d73b5-ed32-4dbc-8729-084b2374235c [32m200[39m in 12ms[2m (next.js: 3ms, application-code: 9ms)[22m
 GET /app/notes/cmn16g4rw000duhybvjqznquu/edit?saved=1 [32m200[39m in 23ms[2m (next.js: 2ms, proxy.ts: 2ms, application-code: 18ms)[22m
 POST /app/notes/new [34m303[39m in 41ms[2m (next.js: 1344µs, proxy.ts: 3ms, application-code: 37ms)[22m
  └─ ƒ createNoteAction({}) in 9ms [2msrc/app/app/notes/actions.ts[22m
 GET /media/eb5d73b5-ed32-4dbc-8729-084b2374235c [32m200[39m in 9ms[2m (next.js: 1383µs, application-code: 8ms)[22m
 GET / [32m200[39m in 21ms[2m (next.js: 1805µs, application-code: 19ms)[22m
 GET /login [32m200[39m in 18ms[2m (next.js: 1090µs, application-code: 17ms)[22m
 GET /login [32m200[39m in 15ms[2m (next.js: 783µs, application-code: 14ms)[22m
 GET /login [32m200[39m in 17ms[2m (next.js: 769µs, application-code: 16ms)[22m
 GET /app [32m200[39m in 22ms[2m (next.js: 910µs, proxy.ts: 3ms, application-code: 19ms)[22m
 POST /login [34m303[39m in 57ms[2m (next.js: 935µs, application-code: 56ms)[22m
  └─ ƒ loginAction({}) in 30ms [2msrc/app/login/actions.ts[22m
 GET /app/notes/cmn16g5gn0008ujyb8e77r399/edit [32m200[39m in 44ms[2m (next.js: 2ms, proxy.ts: 3ms, application-code: 39ms)[22m
 GET /login [32m200[39m in 24ms[2m (next.js: 773µs, application-code: 23ms)[22m
 GET /app [32m200[39m in 21ms[2m (next.js: 863µs, proxy.ts: 2ms, application-code: 18ms)[22m
 POST /login [34m303[39m in 54ms[2m (next.js: 875µs, application-code: 53ms)[22m
  └─ ƒ loginAction({}) in 29ms [2msrc/app/login/actions.ts[22m
 GET /app/notes/cmn16g5yo0009ujybznyndhok/edit [32m200[39m in 42ms[2m (next.js: 3ms, proxy.ts: 3ms, application-code: 37ms)[22m
 GET / [32m200[39m in 18ms[2m (next.js: 884µs, application-code: 17ms)[22m
 GET / [32m200[39m in 18ms[2m (next.js: 838µs, application-code: 17ms)[22m
 GET / [32m200[39m in 24ms[2m (next.js: 799µs, application-code: 23ms)[22m
 GET / [32m200[39m in 17ms[2m (next.js: 834µs, application-code: 16ms)[22m
 GET /login [32m200[39m in 16ms[2m (next.js: 791µs, application-code: 16ms)[22m
 GET /login [32m200[39m in 18ms[2m (next.js: 798µs, application-code: 17ms)[22m
 GET /app [32m200[39m in 22ms[2m (next.js: 947µs, proxy.ts: 3ms, application-code: 18ms)[22m
 POST /login [34m303[39m in 56ms[2m (next.js: 930µs, application-code: 55ms)[22m
  └─ ƒ loginAction({}) in 30ms [2msrc/app/login/actions.ts[22m
 GET / [32m200[39m in 17ms[2m (next.js: 844µs, application-code: 16ms)[22m
 GET /login [32m200[39m in 21ms[2m (next.js: 793µs, application-code: 20ms)[22m
 GET /app [32m200[39m in 20ms[2m (next.js: 1096µs, proxy.ts: 2ms, application-code: 17ms)[22m
 POST /login [34m303[39m in 54ms[2m (next.js: 867µs, application-code: 54ms)[22m
  └─ ƒ loginAction({}) in 30ms [2msrc/app/login/actions.ts[22m
 GET /app/search [32m200[39m in 26ms[2m (next.js: 3ms, proxy.ts: 3ms, application-code: 21ms)[22m
 GET /app/links [32m200[39m in 38ms[2m (next.js: 832µs, proxy.ts: 3ms, application-code: 35ms)[22m
 GET /app [32m200[39m in 37ms[2m (next.js: 772µs, proxy.ts: 3ms, application-code: 33ms)[22m
 GET /app/notes/cmn16g7pu000wujybzfifo1do/edit [32m200[39m in 20ms[2m (next.js: 3ms, proxy.ts: 3ms, application-code: 15ms)[22m
 GET /login [32m200[39m in 16ms[2m (next.js: 816µs, application-code: 15ms)[22m
 GET /app [32m200[39m in 20ms[2m (next.js: 870µs, proxy.ts: 2ms, application-code: 17ms)[22m
 POST /login [34m303[39m in 55ms[2m (next.js: 893µs, application-code: 54ms)[22m
  └─ ƒ loginAction({}) in 30ms [2msrc/app/login/actions.ts[22m
 GET /app/notes/new [32m200[39m in 26ms[2m (next.js: 894µs, proxy.ts: 3ms, application-code: 22ms)[22m
 GET /app/notes/cmn16g8s2000euhyb4f0wbiki/edit?saved=1 [32m200[39m in 28ms[2m (next.js: 2ms, proxy.ts: 2ms, application-code: 23ms)[22m
 POST /app/notes/new [34m303[39m in 42ms[2m (next.js: 980µs, proxy.ts: 3ms, application-code: 38ms)[22m
  └─ ƒ createNoteAction({}) in 6ms [2msrc/app/app/notes/actions.ts[22m
 GET /login [32m200[39m in 17ms[2m (next.js: 787µs, application-code: 16ms)[22m
 GET /app [32m200[39m in 20ms[2m (next.js: 854µs, proxy.ts: 2ms, application-code: 17ms)[22m
 POST /login [34m303[39m in 57ms[2m (next.js: 1022µs, application-code: 56ms)[22m
  └─ ƒ loginAction({}) in 31ms [2msrc/app/login/actions.ts[22m
 GET /app/notes/cmn16g8uv000zujybqls23h2e/edit [32m200[39m in 42ms[2m (next.js: 2ms, proxy.ts: 3ms, application-code: 37ms)[22m
 GET /login [32m200[39m in 15ms[2m (next.js: 832µs, application-code: 14ms)[22m
 GET /app [32m200[39m in 26ms[2m (next.js: 1074µs, proxy.ts: 2ms, application-code: 23ms)[22m
 POST /login [34m303[39m in 62ms[2m (next.js: 921µs, application-code: 61ms)[22m
  └─ ƒ loginAction({}) in 31ms [2msrc/app/login/actions.ts[22m
 GET /app/notes/new [32m200[39m in 28ms[2m (next.js: 906µs, proxy.ts: 3ms, application-code: 24ms)[22m
 GET /media/3b92f5a1-6c7b-417c-b948-3dfdce5a8efe-with-extra-wrap-length-for-the-gutter [33m404[39m in 9ms[2m (next.js: 4ms, application-code: 6ms)[22m
 GET /login [32m200[39m in 19ms[2m (next.js: 805µs, application-code: 18ms)[22m
 GET /app [32m200[39m in 21ms[2m (next.js: 980µs, proxy.ts: 2ms, application-code: 18ms)[22m
 POST /login [34m303[39m in 56ms[2m (next.js: 954µs, application-code: 55ms)[22m
  └─ ƒ loginAction({}) in 30ms [2msrc/app/login/actions.ts[22m
 GET /app/notes/cmn16g9og0011ujybhbad11gp/edit [32m200[39m in 51ms[2m (next.js: 2ms, proxy.ts: 3ms, application-code: 46ms)[22m
 GET /login [32m200[39m in 15ms[2m (next.js: 795µs, application-code: 14ms)[22m
 GET /app [32m200[39m in 21ms[2m (next.js: 993µs, proxy.ts: 2ms, application-code: 17ms)[22m
 POST /login [34m303[39m in 55ms[2m (next.js: 922µs, application-code: 54ms)[22m
  └─ ƒ loginAction({}) in 30ms [2msrc/app/login/actions.ts[22m
 GET /app/notes/cmn16ga450012ujybdeic3bye/edit [32m200[39m in 43ms[2m (next.js: 2ms, proxy.ts: 3ms, application-code: 38ms)[22m
 GET /app/notes/cmn16ga450012ujybdeic3bye/edit?saved=1 [32m200[39m in 29ms[2m (next.js: 1288µs, proxy.ts: 2ms, application-code: 26ms)[22m
 POST /app/notes/cmn16ga450012ujybdeic3bye/edit [34m303[39m in 45ms[2m (next.js: 2ms, proxy.ts: 3ms, application-code: 40ms)[22m
  └─ ƒ updateNoteAction("cmn16ga450012ujybdeic3bye", {}) in 6ms [2msrc/app/app/notes/actions.ts[22m
 GET /login [32m200[39m in 20ms[2m (next.js: 814µs, application-code: 20ms)[22m
 GET /app [32m200[39m in 21ms[2m (next.js: 968µs, proxy.ts: 2ms, application-code: 17ms)[22m
 POST /login [34m303[39m in 55ms[2m (next.js: 908µs, application-code: 54ms)[22m
  └─ ƒ loginAction({}) in 30ms [2msrc/app/login/actions.ts[22m
 GET /app/notes/cmn16gayk0013ujyby4w1f7pf/edit [32m200[39m in 40ms[2m (next.js: 2ms, proxy.ts: 3ms, application-code: 35ms)[22m
 GET /login [32m200[39m in 15ms[2m (next.js: 822µs, application-code: 15ms)[22m
 GET /app [32m200[39m in 22ms[2m (next.js: 911µs, proxy.ts: 3ms, application-code: 18ms)[22m
 POST /login [34m303[39m in 57ms[2m (next.js: 918µs, application-code: 56ms)[22m
  └─ ƒ loginAction({}) in 31ms [2msrc/app/login/actions.ts[22m
 GET /app/notes/cmn16gbfn0014ujybhgiawjpr/edit [32m200[39m in 49ms[2m (next.js: 7ms, proxy.ts: 3ms, application-code: 39ms)[22m
 GET /app/notes/cmn16gbfn0014ujybhgiawjpr/edit?saved=1 [32m200[39m in 24ms[2m (next.js: 1434µs, proxy.ts: 3ms, application-code: 20ms)[22m
 POST /app/notes/cmn16gbfn0014ujybhgiawjpr/edit [34m303[39m in 40ms[2m (next.js: 3ms, proxy.ts: 4ms, application-code: 33ms)[22m
  └─ ƒ updateNoteAction("cmn16gbfn0014ujybhgiawjpr", {}) in 6ms [2msrc/app/app/notes/actions.ts[22m
 GET /app/notes/cmn16gbfn0014ujybhgiawjpr/edit?saved=1 [32m200[39m in 42ms[2m (next.js: 1473µs, proxy.ts: 3ms, application-code: 37ms)[22m
 GET /login [32m200[39m in 15ms[2m (next.js: 797µs, application-code: 14ms)[22m
 GET /app [32m200[39m in 26ms[2m (next.js: 6ms, proxy.ts: 3ms, application-code: 17ms)[22m
 POST /login [34m303[39m in 61ms[2m (next.js: 923µs, application-code: 60ms)[22m
  └─ ƒ loginAction({}) in 31ms [2msrc/app/login/actions.ts[22m
 GET /app/notes/cmn16gca00015ujyb1ciutr8w/edit [32m200[39m in 40ms[2m (next.js: 2ms, proxy.ts: 3ms, application-code: 36ms)[22m
 GET /login [32m200[39m in 15ms[2m (next.js: 795µs, application-code: 14ms)[22m
 GET /app [32m200[39m in 21ms[2m (next.js: 1050µs, proxy.ts: 3ms, application-code: 17ms)[22m
 POST /login [34m303[39m in 55ms[2m (next.js: 908µs, application-code: 54ms)[22m
  └─ ƒ loginAction({}) in 30ms [2msrc/app/login/actions.ts[22m
 GET /app/notes/cmn16gcqu0016ujyb75okj029/edit [32m200[39m in 45ms[2m (next.js: 2ms, proxy.ts: 2ms, application-code: 40ms)[22m
 GET /app/notes/cmn16gcqu0016ujyb75okj029/edit?saved=1 [32m200[39m in 24ms[2m (next.js: 1372µs, proxy.ts: 2ms, application-code: 20ms)[22m
 POST /app/notes/cmn16gcqu0016ujyb75okj029/edit [34m303[39m in 39ms[2m (next.js: 3ms, proxy.ts: 3ms, application-code: 33ms)[22m
  └─ ƒ updateNoteAction("cmn16gcqu0016ujyb75okj029", {}) in 6ms [2msrc/app/app/notes/actions.ts[22m
 GET /login [32m200[39m in 15ms[2m (next.js: 815µs, application-code: 14ms)[22m
 GET /app [32m200[39m in 21ms[2m (next.js: 892µs, proxy.ts: 2ms, application-code: 17ms)[22m
 POST /login [34m303[39m in 56ms[2m (next.js: 932µs, application-code: 55ms)[22m
  └─ ƒ loginAction({}) in 30ms [2msrc/app/login/actions.ts[22m
 GET /app/notes/new [32m200[39m in 29ms[2m (next.js: 919µs, proxy.ts: 3ms, application-code: 26ms)[22m
 GET /login [32m200[39m in 20ms[2m (next.js: 761µs, application-code: 20ms)[22m
 GET /app [32m200[39m in 21ms[2m (next.js: 936µs, proxy.ts: 2ms, application-code: 17ms)[22m
 POST /login [34m303[39m in 56ms[2m (next.js: 898µs, application-code: 55ms)[22m
  └─ ƒ loginAction({}) in 31ms [2msrc/app/login/actions.ts[22m
 GET /app/notes/cmn16ge4u0018ujybfh2fefyy/edit [32m200[39m in 44ms[2m (next.js: 2ms, proxy.ts: 2ms, application-code: 39ms)[22m
 GET /login [32m200[39m in 15ms[2m (next.js: 895µs, application-code: 14ms)[22m
 GET /app [32m200[39m in 21ms[2m (next.js: 1105µs, proxy.ts: 2ms, application-code: 18ms)[22m
 POST /login [34m303[39m in 56ms[2m (next.js: 933µs, application-code: 56ms)[22m
  └─ ƒ loginAction({}) in 30ms [2msrc/app/login/actions.ts[22m
 GET /app/notes/cmn16gelk0019ujybcdk7udl5/edit [32m200[39m in 49ms[2m (next.js: 2ms, proxy.ts: 8ms, application-code: 39ms)[22m
 GET /media/ui-note-images-draft-1774148913696 [33m404[39m in 4ms[2m (next.js: 1844µs, application-code: 2ms)[22m
 GET /login [32m200[39m in 18ms[2m (next.js: 753µs, application-code: 17ms)[22m
 GET /app [32m200[39m in 22ms[2m (next.js: 1007µs, proxy.ts: 2ms, application-code: 18ms)[22m
 POST /login [34m303[39m in 56ms[2m (next.js: 1026µs, application-code: 55ms)[22m
  └─ ƒ loginAction({}) in 30ms [2msrc/app/login/actions.ts[22m
 GET /media/ui-note-images-published-first-1774148913696 [32m200[39m in 9ms[2m (next.js: 1280µs, application-code: 7ms)[22m
 GET /media/ui-note-images-draft-1774148913696 [32m200[39m in 10ms[2m (next.js: 3ms, application-code: 7ms)[22m
 GET / [32m200[39m in 17ms[2m (next.js: 913µs, application-code: 16ms)[22m
 GET /media/ui-note-images-published-first-1774148913696 [32m200[39m in 9ms[2m (next.js: 1461µs, application-code: 7ms)[22m
 GET /notes/published-note-image-card [32m200[39m in 53ms[2m (next.js: 3ms, application-code: 50ms)[22m
 GET /media/ui-note-images-published-first-1774148913696 [32m200[39m in 15ms[2m (next.js: 1577µs, application-code: 14ms)[22m
 GET /media/ui-note-images-published-second-1774148913696 [32m200[39m in 16ms[2m (next.js: 4ms, application-code: 12ms)[22m
 GET /login [32m200[39m in 19ms[2m (next.js: 772µs, application-code: 18ms)[22m
 GET /app [32m200[39m in 24ms[2m (next.js: 947µs, proxy.ts: 3ms, application-code: 20ms)[22m
 POST /login [34m303[39m in 60ms[2m (next.js: 1023µs, application-code: 59ms)[22m
  └─ ƒ loginAction({}) in 31ms [2msrc/app/login/actions.ts[22m
 GET /login [32m200[39m in 16ms[2m (next.js: 797µs, application-code: 15ms)[22m
 GET /app [32m200[39m in 24ms[2m (next.js: 976µs, proxy.ts: 2ms, application-code: 21ms)[22m
 POST /login [34m303[39m in 59ms[2m (next.js: 929µs, application-code: 58ms)[22m
  └─ ƒ loginAction({}) in 30ms [2msrc/app/login/actions.ts[22m
 GET /login [32m200[39m in 22ms[2m (next.js: 815µs, application-code: 21ms)[22m
 GET /app [32m200[39m in 23ms[2m (next.js: 1076µs, proxy.ts: 2ms, application-code: 20ms)[22m
 POST /login [34m303[39m in 59ms[2m (next.js: 891µs, application-code: 58ms)[22m
  └─ ƒ loginAction({}) in 30ms [2msrc/app/login/actions.ts[22m
 GET /login [32m200[39m in 18ms[2m (next.js: 801µs, application-code: 17ms)[22m
 GET /app [32m200[39m in 22ms[2m (next.js: 796µs, proxy.ts: 2ms, application-code: 19ms)[22m
 POST /login [34m303[39m in 57ms[2m (next.js: 925µs, application-code: 56ms)[22m
  └─ ƒ loginAction({}) in 30ms [2msrc/app/login/actions.ts[22m
 GET /app/links [32m200[39m in 54ms[2m (next.js: 1006µs, proxy.ts: 2ms, application-code: 51ms)[22m
 GET /login [32m200[39m in 16ms[2m (next.js: 810µs, application-code: 15ms)[22m
 GET /app [32m200[39m in 21ms[2m (next.js: 869µs, proxy.ts: 3ms, application-code: 18ms)[22m
 POST /login [34m303[39m in 56ms[2m (next.js: 905µs, application-code: 55ms)[22m
  └─ ƒ loginAction({}) in 30ms [2msrc/app/login/actions.ts[22m
 GET /app/links [32m200[39m in 50ms[2m (next.js: 871µs, proxy.ts: 3ms, application-code: 46ms)[22m
 GET /login [32m200[39m in 16ms[2m (next.js: 988µs, application-code: 15ms)[22m
 GET /app [32m200[39m in 22ms[2m (next.js: 919µs, proxy.ts: 2ms, application-code: 19ms)[22m
 POST /login [34m303[39m in 59ms[2m (next.js: 911µs, application-code: 58ms)[22m
  └─ ƒ loginAction({}) in 31ms [2msrc/app/login/actions.ts[22m
 GET /app/tags?tag=studio-systems [32m200[39m in 42ms[2m (next.js: 2ms, proxy.ts: 3ms, application-code: 37ms)[22m
 GET /login [32m200[39m in 17ms[2m (next.js: 815µs, application-code: 16ms)[22m
 GET /app [32m200[39m in 27ms[2m (next.js: 861µs, proxy.ts: 2ms, application-code: 24ms)[22m
 POST /login [34m303[39m in 61ms[2m (next.js: 919µs, application-code: 60ms)[22m
  └─ ƒ loginAction({}) in 29ms [2msrc/app/login/actions.ts[22m
 GET /app/tags?tag=studio-systems [32m200[39m in 40ms[2m (next.js: 937µs, proxy.ts: 3ms, application-code: 37ms)[22m
 GET /login [32m200[39m in 18ms[2m (next.js: 805µs, application-code: 17ms)[22m
 GET /app [32m200[39m in 22ms[2m (next.js: 1015µs, proxy.ts: 2ms, application-code: 18ms)[22m
 POST /login [34m303[39m in 57ms[2m (next.js: 932µs, application-code: 56ms)[22m
  └─ ƒ loginAction({}) in 31ms [2msrc/app/login/actions.ts[22m
 GET /app/search?q=rhythm [32m200[39m in 47ms[2m (next.js: 1404µs, proxy.ts: 2ms, application-code: 43ms)[22m
 GET /login [32m200[39m in 16ms[2m (next.js: 788µs, application-code: 16ms)[22m
 GET /app [32m200[39m in 35ms[2m (next.js: 1060µs, proxy.ts: 2ms, application-code: 31ms)[22m
 POST /login [34m303[39m in 70ms[2m (next.js: 966µs, application-code: 69ms)[22m
  └─ ƒ loginAction({}) in 30ms [2msrc/app/login/actions.ts[22m
 GET /app/search?q=rhythm [32m200[39m in 40ms[2m (next.js: 877µs, proxy.ts: 2ms, application-code: 37ms)[22m
 GET / [32m200[39m in 19ms[2m (next.js: 838µs, application-code: 18ms)[22m
 GET / [32m200[39m in 23ms[2m (next.js: 809µs, application-code: 22ms)[22m
 GET /notes/public-notes-should-read-like-finished-pages-not-dashboards [32m200[39m in 27ms[2m (next.js: 1785µs, application-code: 25ms)[22m
 GET /notes/public-notes-should-read-like-finished-pages-not-dashboards [32m200[39m in 20ms[2m (next.js: 1594µs, application-code: 18ms)[22m
 GET / [32m200[39m in 18ms[2m (next.js: 895µs, application-code: 17ms)[22m
 GET / [32m200[39m in 18ms[2m (next.js: 903µs, application-code: 17ms)[22m
 GET / [32m200[39m in 17ms[2m (next.js: 763µs, application-code: 17ms)[22m
 GET /notes/tag-chips-should-fit-a-calmer-public-hierarchy [32m200[39m in 21ms[2m (next.js: 2ms, application-code: 19ms)[22m
 GET / [32m200[39m in 17ms[2m (next.js: 844µs, application-code: 17ms)[22m
 GET /login [32m200[39m in 15ms[2m (next.js: 736µs, application-code: 14ms)[22m
 GET /login [32m200[39m in 15ms[2m (next.js: 702µs, application-code: 14ms)[22m
 GET /app [32m200[39m in 21ms[2m (next.js: 867µs, proxy.ts: 3ms, application-code: 17ms)[22m
 POST /login [34m303[39m in 56ms[2m (next.js: 884µs, application-code: 55ms)[22m
  └─ ƒ loginAction({}) in 31ms [2msrc/app/login/actions.ts[22m
 GET /login [32m200[39m in 14ms[2m (next.js: 749µs, application-code: 14ms)[22m
 GET /app [32m200[39m in 25ms[2m (next.js: 885µs, proxy.ts: 2ms, application-code: 22ms)[22m
 POST /login [34m303[39m in 60ms[2m (next.js: 911µs, application-code: 59ms)[22m
  └─ ƒ loginAction({}) in 31ms [2msrc/app/login/actions.ts[22m
