
> minakeep@0.1.0 dev
> next dev --hostname 127.0.0.1 --port 3100

[1m[38;2;173;127;168m▲ Next.js 16.2.0[39m[22m (Turbopack)
- Local:         http://127.0.0.1:3100
- Network:       http://127.0.0.1:3100
- Environments: .env
[32m[1m✓[22m[39m Ready in 191ms

 GET /api/health [32m200[39m in 85ms[2m (next.js: 76ms, application-code: 9ms)[22m
 GET / [32m200[39m in 351ms[2m (next.js: 159ms, application-code: 191ms)[22m
 GET /login [32m200[39m in 359ms[2m (next.js: 57ms, application-code: 302ms)[22m
 GET /login [32m200[39m in 379ms[2m (next.js: 252ms, application-code: 127ms)[22m
 GET /login [32m200[39m in 381ms[2m (next.js: 258ms, application-code: 123ms)[22m
 GET /login?callbackUrl=http%3A%2F%2Flocalhost%3A3100%2Fapp%2Fsearch [32m200[39m in 54ms[2m (next.js: 6ms, application-code: 48ms)[22m
 GET /app [32m200[39m in 621ms[2m (next.js: 53ms, proxy.ts: 20ms, application-code: 548ms)[22m
 GET /app [32m200[39m in 618ms[2m (next.js: 16ms, proxy.ts: 64ms, application-code: 537ms)[22m
 GET /app [32m200[39m in 629ms[2m (next.js: 33ms, proxy.ts: 20ms, application-code: 576ms)[22m
 POST /login [34m303[39m in 786ms[2m (next.js: 9ms, application-code: 778ms)[22m
  └─ ƒ loginAction({}) in 127ms [2msrc/app/login/actions.ts[22m
 POST /login [34m303[39m in 788ms[2m (next.js: 12ms, application-code: 776ms)[22m
  └─ ƒ loginAction({}) in 127ms [2msrc/app/login/actions.ts[22m
 POST /login [34m303[39m in 797ms[2m (next.js: 3ms, application-code: 795ms)[22m
  └─ ƒ loginAction({}) in 128ms [2msrc/app/login/actions.ts[22m
 GET /login?callbackUrl=http%3A%2F%2Flocalhost%3A3100%2Fapp%2Fnotes%2Fnew [32m200[39m in 84ms[2m (next.js: 3ms, application-code: 81ms)[22m
 GET /app/notes/new [32m200[39m in 60ms[2m (next.js: 23ms, proxy.ts: 13ms, application-code: 23ms)[22m
 GET /app/links [32m200[39m in 473ms[2m (next.js: 17ms, proxy.ts: 46ms, application-code: 410ms)[22m
 GET /app [32m200[39m in 232ms[2m (next.js: 1245µs, proxy.ts: 8ms, application-code: 223ms)[22m
 POST /login?callbackUrl=http%3A%2F%2Flocalhost%3A3100%2Fapp%2Fnotes%2Fnew [34m303[39m in 275ms[2m (next.js: 1283µs, application-code: 274ms)[22m
  └─ ƒ loginAction({}) in 35ms [2msrc/app/login/actions.ts[22m
 GET /app/notes/new [32m200[39m in 22ms[2m (next.js: 1948µs, proxy.ts: 4ms, application-code: 16ms)[22m
 GET /app/notes/cmmzbe94w0000xvybw2a05p99/edit?saved=1 [32m200[39m in 441ms[2m (next.js: 287ms, proxy.ts: 126ms, application-code: 28ms)[22m
 POST /app/notes/new [34m303[39m in 522ms[2m (next.js: 1315µs, proxy.ts: 43ms, application-code: 478ms)[22m
  └─ ƒ createNoteAction({}) in 31ms [2msrc/app/app/notes/actions.ts[22m
 GET /app/notes/cmmzbe9ig0001xvybkiwr6ik2/edit?saved=1 [32m200[39m in 31ms[2m (next.js: 3ms, proxy.ts: 2ms, application-code: 26ms)[22m
 POST /app/notes/new [34m303[39m in 54ms[2m (next.js: 1661µs, proxy.ts: 6ms, application-code: 46ms)[22m
  └─ ƒ createNoteAction({}) in 9ms [2msrc/app/app/notes/actions.ts[22m
 POST /app/notes/cmmzbe9ig0001xvybkiwr6ik2/edit?saved=1 [34m303[39m in 324ms[2m (next.js: 7ms, proxy.ts: 9ms, application-code: 308ms)[22m
  └─ ƒ updateNoteAction("cmmzbe9ig0001xvybkiwr6ik2", {}) in 35ms [2msrc/app/app/notes/actions.ts[22m
 GET /app/notes/cmmzbe9ig0001xvybkiwr6ik2/edit?saved=1 [32m200[39m in 501ms[2m (next.js: 62ms, proxy.ts: 285ms, application-code: 154ms)[22m
 GET /app [32m200[39m in 601ms[2m (next.js: 9ms, proxy.ts: 14ms, application-code: 578ms)[22m
 GET /app/links?saved=1 [32m200[39m in 582ms[2m (next.js: 12ms, proxy.ts: 285ms, application-code: 284ms)[22m
 POST /app/links [34m303[39m in 615ms[2m (next.js: 3ms, proxy.ts: 9ms, application-code: 604ms)[22m
  └─ ƒ createLinkAction({}) in 16ms [2msrc/app/app/links/actions.ts[22m
 GET /app/notes/cmmzbe9ig0001xvybkiwr6ik2/edit [32m200[39m in 31ms[2m (next.js: 6ms, proxy.ts: 4ms, application-code: 22ms)[22m
 GET /login [32m200[39m in 15ms[2m (next.js: 1087µs, application-code: 14ms)[22m
 GET /app [32m200[39m in 152ms[2m (next.js: 1124µs, proxy.ts: 2ms, application-code: 148ms)[22m
 POST /login [34m303[39m in 192ms[2m (next.js: 1250µs, application-code: 191ms)[22m
  └─ ƒ loginAction({}) in 33ms [2msrc/app/login/actions.ts[22m
 GET /app/notes/new [32m200[39m in 18ms[2m (next.js: 1473µs, proxy.ts: 3ms, application-code: 13ms)[22m
 GET /app/notes/cmmzbeaqx0003xvybfa9s019u/edit?saved=1 [32m200[39m in 22ms[2m (next.js: 2ms, proxy.ts: 2ms, application-code: 18ms)[22m
 POST /app/notes/new [34m303[39m in 38ms[2m (next.js: 1030µs, proxy.ts: 3ms, application-code: 33ms)[22m
  └─ ƒ createNoteAction({}) in 6ms [2msrc/app/app/notes/actions.ts[22m
 GET /app/notes/cmmzbe94w0000xvybw2a05p99/edit?saved=1 [32m200[39m in 28ms[2m (next.js: 4ms, proxy.ts: 4ms, application-code: 20ms)[22m
 GET /app [32m200[39m in 268ms[2m (next.js: 1272µs, proxy.ts: 3ms, application-code: 264ms)[22m
 GET /app/links?saved=1 [32m200[39m in 110ms[2m (next.js: 1482µs, proxy.ts: 5ms, application-code: 104ms)[22m
 POST /api/test/mina/chat/completions [32m200[39m in 1508ms[2m (next.js: 16ms, application-code: 1491ms)[22m
 GET /app/notes/cmmzbeaqx0003xvybfa9s019u/edit?saved=1 [32m200[39m in 44ms[2m (next.js: 7ms, proxy.ts: 9ms, application-code: 27ms)[22m
 GET /app/search?q=ai [32m200[39m in 240ms[2m (next.js: 14ms, proxy.ts: 3ms, application-code: 223ms)[22m
 GET /app/tags?tag=ai [32m200[39m in 177ms[2m (next.js: 14ms, proxy.ts: 3ms, application-code: 161ms)[22m
 GET /app/notes/cmmzbeaqx0003xvybfa9s019u/edit?retried=1 [32m200[39m in 24ms[2m (next.js: 1659µs, proxy.ts: 3ms, application-code: 19ms)[22m
 POST /app/notes/cmmzbeaqx0003xvybfa9s019u/edit?saved=1 [34m303[39m in 43ms[2m (next.js: 4ms, proxy.ts: 4ms, application-code: 35ms)[22m
  └─ ƒ retryNoteEnrichmentAction("cmmzbeaqx0003xvybfa9s019u") in 6ms [2msrc/app/app/notes/actions.ts[22m
 POST /api/test/mina/chat/completions [32m200[39m in 1508ms[2m (next.js: 953µs, application-code: 1507ms)[22m
 GET /app/notes/cmmzbeaqx0003xvybfa9s019u/edit?retried=1 [32m200[39m in 45ms[2m (next.js: 8ms, proxy.ts: 10ms, application-code: 27ms)[22m
 GET /login [32m200[39m in 15ms[2m (next.js: 928µs, application-code: 14ms)[22m
 GET /app [32m200[39m in 207ms[2m (next.js: 910µs, proxy.ts: 2ms, application-code: 203ms)[22m
 POST /login [34m303[39m in 244ms[2m (next.js: 981µs, application-code: 243ms)[22m
  └─ ƒ loginAction({}) in 31ms [2msrc/app/login/actions.ts[22m
 GET /app/notes/new [32m200[39m in 17ms[2m (next.js: 950µs, proxy.ts: 3ms, application-code: 13ms)[22m
 GET /app/notes/cmmzbefxh0005xvybhcm4w29z/edit?saved=1 [32m200[39m in 22ms[2m (next.js: 2ms, proxy.ts: 2ms, application-code: 18ms)[22m
 POST /app/notes/new [34m303[39m in 36ms[2m (next.js: 1566µs, proxy.ts: 3ms, application-code: 32ms)[22m
  └─ ƒ createNoteAction({}) in 6ms [2msrc/app/app/notes/actions.ts[22m
 GET /app/notes/cmmzbefxh0005xvybhcm4w29z/edit?published=1 [32m200[39m in 27ms[2m (next.js: 1559µs, proxy.ts: 3ms, application-code: 23ms)[22m
 POST /app/notes/cmmzbefxh0005xvybhcm4w29z/edit?saved=1 [34m303[39m in 41ms[2m (next.js: 1438µs, proxy.ts: 3ms, application-code: 37ms)[22m
  └─ ƒ publishNoteAction("cmmzbefxh0005xvybhcm4w29z") in 7ms [2msrc/app/app/notes/actions.ts[22m
 GET / [32m200[39m in 17ms[2m (next.js: 909µs, application-code: 17ms)[22m
 GET /notes/public-note-1774036286577 [32m200[39m in 196ms[2m (next.js: 180ms, application-code: 16ms)[22m
 GET /app [32m200[39m in 244ms[2m (next.js: 1109µs, proxy.ts: 3ms, application-code: 240ms)[22m
 GET /app/notes/cmmzbefxh0005xvybhcm4w29z/edit [32m200[39m in 28ms[2m (next.js: 3ms, proxy.ts: 10ms, application-code: 15ms)[22m
 GET /app/notes/cmmzbefxh0005xvybhcm4w29z/edit?unpublished=1 [32m200[39m in 21ms[2m (next.js: 1292µs, proxy.ts: 2ms, application-code: 18ms)[22m
 POST /app/notes/cmmzbefxh0005xvybhcm4w29z/edit [34m303[39m in 36ms[2m (next.js: 1358µs, proxy.ts: 3ms, application-code: 32ms)[22m
  └─ ƒ unpublishNoteAction("cmmzbefxh0005xvybhcm4w29z") in 6ms [2msrc/app/app/notes/actions.ts[22m
 GET / [32m200[39m in 18ms[2m (next.js: 836µs, application-code: 17ms)[22m
 GET /notes/public-note-1774036286577 [33m404[39m in 25ms[2m (next.js: 1866µs, application-code: 23ms)[22m
 GET /login [32m200[39m in 18ms[2m (next.js: 770µs, application-code: 17ms)[22m
 GET /app [32m200[39m in 159ms[2m (next.js: 898µs, proxy.ts: 2ms, application-code: 155ms)[22m
 POST /login [34m303[39m in 193ms[2m (next.js: 892µs, application-code: 192ms)[22m
  └─ ƒ loginAction({}) in 30ms [2msrc/app/login/actions.ts[22m
 GET /app/links [32m200[39m in 100ms[2m (next.js: 1042µs, proxy.ts: 3ms, application-code: 96ms)[22m
 GET /app/links?saved=1 [32m200[39m in 117ms[2m (next.js: 1144µs, proxy.ts: 3ms, application-code: 114ms)[22m
 POST /app/links [34m303[39m in 137ms[2m (next.js: 5ms, proxy.ts: 4ms, application-code: 128ms)[22m
  └─ ƒ createLinkAction({}) in 6ms [2msrc/app/app/links/actions.ts[22m
 POST /api/test/mina/chat/completions [32m200[39m in 3ms[2m (next.js: 1367µs, application-code: 2ms)[22m
 GET /app/links?saved=1 [32m200[39m in 113ms[2m (next.js: 1307µs, proxy.ts: 4ms, application-code: 107ms)[22m
 GET / [32m200[39m in 25ms[2m (next.js: 3ms, application-code: 22ms)[22m
 GET /login [32m200[39m in 16ms[2m (next.js: 1007µs, application-code: 15ms)[22m
 GET /app [32m200[39m in 150ms[2m (next.js: 885µs, proxy.ts: 2ms, application-code: 147ms)[22m
 POST /login [34m303[39m in 185ms[2m (next.js: 922µs, application-code: 184ms)[22m
  └─ ƒ loginAction({}) in 30ms [2msrc/app/login/actions.ts[22m
 GET /app/links [32m200[39m in 103ms[2m (next.js: 1129µs, proxy.ts: 3ms, application-code: 98ms)[22m
 GET /app/links?saved=1 [32m200[39m in 125ms[2m (next.js: 1120µs, proxy.ts: 3ms, application-code: 121ms)[22m
 POST /app/links [34m303[39m in 144ms[2m (next.js: 2ms, proxy.ts: 5ms, application-code: 137ms)[22m
  └─ ƒ createLinkAction({}) in 7ms [2msrc/app/app/links/actions.ts[22m
 POST /api/test/mina/chat/completions [32m200[39m in 1505ms[2m (next.js: 639µs, application-code: 1504ms)[22m
 GET /app/links?saved=1 [32m200[39m in 159ms[2m (next.js: 2ms, proxy.ts: 11ms, application-code: 146ms)[22m
 GET /app/links?retried=1 [32m200[39m in 158ms[2m (next.js: 982µs, proxy.ts: 3ms, application-code: 154ms)[22m
 POST /app/links?saved=1 [34m303[39m in 178ms[2m (next.js: 1202µs, proxy.ts: 4ms, application-code: 172ms)[22m
  └─ ƒ retryLinkEnrichmentAction("cmmzbel7n0007xvybl0fwwixg") in 8ms [2msrc/app/app/links/actions.ts[22m
 GET /app/links?retried=1 [32m200[39m in 138ms[2m (next.js: 4ms, proxy.ts: 10ms, application-code: 124ms)[22m
 POST /api/test/mina/chat/completions [32m200[39m in 1506ms[2m (next.js: 624µs, application-code: 1506ms)[22m
 GET /app/links?retried=1 [32m200[39m in 163ms[2m (next.js: 3ms, proxy.ts: 8ms, application-code: 151ms)[22m
 GET /login [32m200[39m in 18ms[2m (next.js: 871µs, application-code: 17ms)[22m
 GET /app [32m200[39m in 151ms[2m (next.js: 997µs, proxy.ts: 2ms, application-code: 148ms)[22m
 POST /login [34m303[39m in 186ms[2m (next.js: 913µs, application-code: 185ms)[22m
  └─ ƒ loginAction({}) in 30ms [2msrc/app/login/actions.ts[22m
 GET /app/links [32m200[39m in 110ms[2m (next.js: 998µs, proxy.ts: 3ms, application-code: 106ms)[22m
 GET /app/links?error=invalid-url [32m200[39m in 131ms[2m (next.js: 951µs, proxy.ts: 3ms, application-code: 127ms)[22m
 POST /app/links [34m303[39m in 147ms[2m (next.js: 2ms, proxy.ts: 5ms, application-code: 140ms)[22m
  └─ ƒ createLinkAction({}) in 4ms [2msrc/app/app/links/actions.ts[22m
 GET /login [32m200[39m in 16ms[2m (next.js: 781µs, application-code: 15ms)[22m
 GET /app [32m200[39m in 150ms[2m (next.js: 914µs, proxy.ts: 2ms, application-code: 147ms)[22m
 POST /login [34m303[39m in 186ms[2m (next.js: 914µs, application-code: 185ms)[22m
  └─ ƒ loginAction({}) in 30ms [2msrc/app/login/actions.ts[22m
 GET /app/notes/new [32m200[39m in 23ms[2m (next.js: 987µs, proxy.ts: 3ms, application-code: 19ms)[22m
 GET /app/notes/cmmzberzh0008xvybadf8ijsh/edit?saved=1 [32m200[39m in 22ms[2m (next.js: 2ms, proxy.ts: 2ms, application-code: 17ms)[22m
 POST /app/notes/new [34m303[39m in 35ms[2m (next.js: 892µs, proxy.ts: 3ms, application-code: 32ms)[22m
  └─ ƒ createNoteAction({}) in 6ms [2msrc/app/app/notes/actions.ts[22m
 GET /app/links [32m200[39m in 243ms[2m (next.js: 905µs, proxy.ts: 3ms, application-code: 239ms)[22m
 GET /app/links?saved=1 [32m200[39m in 124ms[2m (next.js: 839µs, proxy.ts: 3ms, application-code: 121ms)[22m
 POST /app/links [34m303[39m in 139ms[2m (next.js: 1179µs, proxy.ts: 3ms, application-code: 134ms)[22m
  └─ ƒ createLinkAction({}) in 6ms [2msrc/app/app/links/actions.ts[22m
 POST /api/test/mina/chat/completions [32m200[39m in 2ms[2m (next.js: 624µs, application-code: 1515µs)[22m
 GET /app/links?saved=1 [32m200[39m in 144ms[2m (next.js: 3ms, proxy.ts: 10ms, application-code: 131ms)[22m
 GET /app/tags?tag=ai-owned [32m200[39m in 144ms[2m (next.js: 1310µs, proxy.ts: 4ms, application-code: 139ms)[22m
 GET /app/tags [32m200[39m in 432ms[2m (next.js: 994µs, proxy.ts: 3ms, application-code: 429ms)[22m
 GET /app/search?q=Filtered%20note%201774036302202 [32m200[39m in 36ms[2m (next.js: 1086µs, proxy.ts: 3ms, application-code: 32ms)[22m
 GET /app/search?q=url-needle-1774036302202 [32m200[39m in 34ms[2m (next.js: 1063µs, proxy.ts: 3ms, application-code: 30ms)[22m
 GET /app/search?q=ai-owned [32m200[39m in 80ms[2m (next.js: 813µs, proxy.ts: 2ms, application-code: 77ms)[22m
