
> minakeep@0.1.0 dev
> next dev --hostname 127.0.0.1 --port 3100

[1m[38;2;173;127;168m▲ Next.js 16.2.0[39m[22m (Turbopack)
- Local:         http://127.0.0.1:3100
- Network:       http://127.0.0.1:3100
- Environments: .env
[32m[1m✓[22m[39m Ready in 192ms

 GET /api/health [32m200[39m in 75ms[2m (next.js: 65ms, application-code: 9ms)[22m
 GET / [32m200[39m in 350ms[2m (next.js: 105ms, application-code: 245ms)[22m
 GET /login [32m200[39m in 359ms[2m (next.js: 195ms, application-code: 164ms)[22m
 GET /login [32m200[39m in 359ms[2m (next.js: 87ms, application-code: 272ms)[22m
 GET /login [32m200[39m in 360ms[2m (next.js: 49ms, application-code: 311ms)[22m
 GET /login?callbackUrl=http%3A%2F%2Flocalhost%3A3100%2Fapp%2Fsearch [32m200[39m in 97ms[2m (next.js: 7ms, application-code: 90ms)[22m
 GET /app [32m200[39m in 523ms[2m (next.js: 44ms, proxy.ts: 24ms, application-code: 455ms)[22m
 GET /app [32m200[39m in 528ms[2m (next.js: 30ms, proxy.ts: 26ms, application-code: 472ms)[22m
 GET /app [32m200[39m in 523ms[2m (next.js: 53ms, proxy.ts: 22ms, application-code: 449ms)[22m
 POST /login [34m303[39m in 670ms[2m (next.js: 8ms, application-code: 661ms)[22m
  └─ ƒ loginAction({}) in 117ms [2msrc/app/login/actions.ts[22m
 POST /login [34m303[39m in 671ms[2m (next.js: 1702µs, application-code: 669ms)[22m
  └─ ƒ loginAction({}) in 118ms [2msrc/app/login/actions.ts[22m
 POST /login [34m303[39m in 671ms[2m (next.js: 11ms, application-code: 660ms)[22m
  └─ ƒ loginAction({}) in 115ms [2msrc/app/login/actions.ts[22m
 GET /login?callbackUrl=http%3A%2F%2Flocalhost%3A3100%2Fapp%2Fnotes%2Fnew [32m200[39m in 23ms[2m (next.js: 1949µs, application-code: 21ms)[22m
 GET /app/notes/new [32m200[39m in 59ms[2m (next.js: 27ms, proxy.ts: 5ms, application-code: 27ms)[22m
 GET /app/links [32m200[39m in 334ms[2m (next.js: 16ms, proxy.ts: 14ms, application-code: 304ms)[22m
 GET /app [32m200[39m in 164ms[2m (next.js: 1372µs, proxy.ts: 12ms, application-code: 151ms)[22m
 POST /login?callbackUrl=http%3A%2F%2Flocalhost%3A3100%2Fapp%2Fnotes%2Fnew [34m303[39m in 209ms[2m (next.js: 2ms, application-code: 207ms)[22m
  └─ ƒ loginAction({}) in 36ms [2msrc/app/login/actions.ts[22m
 GET /app/notes/new [32m200[39m in 20ms[2m (next.js: 1755µs, proxy.ts: 5ms, application-code: 13ms)[22m
 GET /app/notes/cmmza4zbq000059ybb9qsdx3h/edit?saved=1 [32m200[39m in 372ms[2m (next.js: 266ms, proxy.ts: 84ms, application-code: 22ms)[22m
 POST /app/notes/new [34m303[39m in 459ms[2m (next.js: 1587µs, proxy.ts: 49ms, application-code: 408ms)[22m
  └─ ƒ createNoteAction({}) in 30ms [2msrc/app/app/notes/actions.ts[22m
 GET /app/notes/cmmza4zns000159ybuk9169wd/edit?saved=1 [32m200[39m in 27ms[2m (next.js: 3ms, proxy.ts: 3ms, application-code: 21ms)[22m
 POST /app/notes/new [34m303[39m in 45ms[2m (next.js: 1161µs, proxy.ts: 6ms, application-code: 38ms)[22m
  └─ ƒ createNoteAction({}) in 6ms [2msrc/app/app/notes/actions.ts[22m
 POST /app/notes/cmmza4zns000159ybuk9169wd/edit?saved=1 [34m303[39m in 249ms[2m (next.js: 3ms, proxy.ts: 5ms, application-code: 241ms)[22m
  └─ ƒ updateNoteAction("cmmza4zns000159ybuk9169wd", {}) in 8ms [2msrc/app/app/notes/actions.ts[22m
 GET /app/notes/cmmza4zns000159ybuk9169wd/edit?saved=1 [32m200[39m in 314ms[2m (next.js: 56ms, proxy.ts: 216ms, application-code: 42ms)[22m
 GET /app [32m200[39m in 444ms[2m (next.js: 6ms, proxy.ts: 7ms, application-code: 431ms)[22m
 GET /app/links?saved=1 [32m200[39m in 110ms[2m (next.js: 3ms, proxy.ts: 10ms, application-code: 97ms)[22m
 POST /app/links [34m303[39m in 228ms[2m (next.js: 4ms, proxy.ts: 86ms, application-code: 137ms)[22m
  └─ ƒ createLinkAction({}) in 19ms [2msrc/app/app/links/actions.ts[22m
 GET /app/notes/cmmza4zns000159ybuk9169wd/edit [32m200[39m in 34ms[2m (next.js: 2ms, proxy.ts: 15ms, application-code: 17ms)[22m
 GET /login [32m200[39m in 15ms[2m (next.js: 1407µs, application-code: 14ms)[22m
 GET /app [32m200[39m in 101ms[2m (next.js: 1146µs, proxy.ts: 3ms, application-code: 97ms)[22m
 POST /login [34m303[39m in 137ms[2m (next.js: 1205µs, application-code: 135ms)[22m
  └─ ƒ loginAction({}) in 30ms [2msrc/app/login/actions.ts[22m
 GET /app/notes/new [32m200[39m in 22ms[2m (next.js: 3ms, proxy.ts: 4ms, application-code: 15ms)[22m
 GET /app/notes/cmmza50sr000559ybepd24zfo/edit?saved=1 [32m200[39m in 22ms[2m (next.js: 2ms, proxy.ts: 2ms, application-code: 17ms)[22m
 POST /app/notes/new [34m303[39m in 35ms[2m (next.js: 1050µs, proxy.ts: 3ms, application-code: 32ms)[22m
  └─ ƒ createNoteAction({}) in 6ms [2msrc/app/app/notes/actions.ts[22m
 GET /app/notes/cmmza4zbq000059ybb9qsdx3h/edit?saved=1 [32m200[39m in 36ms[2m (next.js: 5ms, proxy.ts: 6ms, application-code: 25ms)[22m
 GET /app [32m200[39m in 173ms[2m (next.js: 1268µs, proxy.ts: 3ms, application-code: 169ms)[22m
 GET /app/links?saved=1 [32m200[39m in 69ms[2m (next.js: 1158µs, proxy.ts: 3ms, application-code: 65ms)[22m
 POST /api/test/mina/chat/completions [32m200[39m in 1505ms[2m (next.js: 13ms, application-code: 1492ms)[22m
 GET /app/search?q=ai-enrichment [32m200[39m in 79ms[2m (next.js: 16ms, proxy.ts: 3ms, application-code: 59ms)[22m
 GET /app/tags?tag=ai-enrichment [32m200[39m in 128ms[2m (next.js: 13ms, proxy.ts: 3ms, application-code: 113ms)[22m
 GET /app/notes/cmmza50sr000559ybepd24zfo/edit?saved=1 [32m200[39m in 36ms[2m (next.js: 5ms, proxy.ts: 6ms, application-code: 24ms)[22m
 GET /app/notes/cmmza50sr000559ybepd24zfo/edit?retried=1 [32m200[39m in 26ms[2m (next.js: 1967µs, proxy.ts: 3ms, application-code: 22ms)[22m
 POST /app/notes/cmmza50sr000559ybepd24zfo/edit?saved=1 [34m303[39m in 49ms[2m (next.js: 5ms, proxy.ts: 6ms, application-code: 38ms)[22m
  └─ ƒ retryNoteEnrichmentAction("cmmza50sr000559ybepd24zfo") in 7ms [2msrc/app/app/notes/actions.ts[22m
 POST /api/test/mina/chat/completions [32m200[39m in 1509ms[2m (next.js: 790µs, application-code: 1508ms)[22m
 GET /app/notes/cmmza50sr000559ybepd24zfo/edit?retried=1 [32m200[39m in 42ms[2m (next.js: 6ms, proxy.ts: 10ms, application-code: 26ms)[22m
 GET /login [32m200[39m in 17ms[2m (next.js: 1197µs, application-code: 15ms)[22m
 GET /app [32m200[39m in 86ms[2m (next.js: 881µs, proxy.ts: 2ms, application-code: 82ms)[22m
 POST /login [34m303[39m in 158ms[2m (next.js: 924µs, application-code: 157ms)[22m
  └─ ƒ loginAction({}) in 68ms [2msrc/app/login/actions.ts[22m
 GET /app/notes/new [32m200[39m in 24ms[2m (next.js: 1227µs, proxy.ts: 4ms, application-code: 19ms)[22m
 GET /app/notes/cmmza5604000a59yb11dtnj5p/edit?saved=1 [32m200[39m in 22ms[2m (next.js: 2ms, proxy.ts: 2ms, application-code: 18ms)[22m
 POST /app/notes/new [34m303[39m in 37ms[2m (next.js: 957µs, proxy.ts: 3ms, application-code: 33ms)[22m
  └─ ƒ createNoteAction({}) in 6ms [2msrc/app/app/notes/actions.ts[22m
 GET /app/notes/cmmza5604000a59yb11dtnj5p/edit?published=1 [32m200[39m in 21ms[2m (next.js: 1305µs, proxy.ts: 3ms, application-code: 17ms)[22m
 POST /app/notes/cmmza5604000a59yb11dtnj5p/edit?saved=1 [34m303[39m in 36ms[2m (next.js: 1515µs, proxy.ts: 3ms, application-code: 31ms)[22m
  └─ ƒ publishNoteAction("cmmza5604000a59yb11dtnj5p") in 6ms [2msrc/app/app/notes/actions.ts[22m
 GET / [32m200[39m in 17ms[2m (next.js: 933µs, application-code: 16ms)[22m
 GET /notes/public-note-1774034174187 [32m200[39m in 198ms[2m (next.js: 183ms, application-code: 15ms)[22m
 GET /app [32m200[39m in 156ms[2m (next.js: 899µs, proxy.ts: 3ms, application-code: 152ms)[22m
 GET /app/notes/cmmza5604000a59yb11dtnj5p/edit [32m200[39m in 22ms[2m (next.js: 2ms, proxy.ts: 4ms, application-code: 15ms)[22m
 GET /app/notes/cmmza5604000a59yb11dtnj5p/edit?unpublished=1 [32m200[39m in 23ms[2m (next.js: 1354µs, proxy.ts: 3ms, application-code: 18ms)[22m
 POST /app/notes/cmmza5604000a59yb11dtnj5p/edit [34m303[39m in 49ms[2m (next.js: 4ms, proxy.ts: 10ms, application-code: 35ms)[22m
  └─ ƒ unpublishNoteAction("cmmza5604000a59yb11dtnj5p") in 7ms [2msrc/app/app/notes/actions.ts[22m
 GET / [32m200[39m in 22ms[2m (next.js: 869µs, application-code: 21ms)[22m
 GET /notes/public-note-1774034174187 [33m404[39m in 24ms[2m (next.js: 1718µs, application-code: 22ms)[22m
 GET /login [32m200[39m in 18ms[2m (next.js: 801µs, application-code: 17ms)[22m
 GET /app [32m200[39m in 105ms[2m (next.js: 1113µs, proxy.ts: 2ms, application-code: 101ms)[22m
 POST /login [34m303[39m in 138ms[2m (next.js: 869µs, application-code: 137ms)[22m
  └─ ƒ loginAction({}) in 29ms [2msrc/app/login/actions.ts[22m
 GET /app/links [32m200[39m in 72ms[2m (next.js: 1187µs, proxy.ts: 3ms, application-code: 67ms)[22m
 GET /app/links?saved=1 [32m200[39m in 70ms[2m (next.js: 879µs, proxy.ts: 2ms, application-code: 67ms)[22m
 POST /app/links [34m303[39m in 84ms[2m (next.js: 852µs, proxy.ts: 3ms, application-code: 80ms)[22m
  └─ ƒ createLinkAction({}) in 6ms [2msrc/app/app/links/actions.ts[22m
 POST /api/test/mina/chat/completions [32m200[39m in 2ms[2m (next.js: 651µs, application-code: 1798µs)[22m
 GET /app/links?saved=1 [32m200[39m in 125ms[2m (next.js: 1466µs, proxy.ts: 7ms, application-code: 117ms)[22m
 GET / [32m200[39m in 26ms[2m (next.js: 1503µs, application-code: 24ms)[22m
 GET /login [32m200[39m in 16ms[2m (next.js: 761µs, application-code: 15ms)[22m
 GET /app [32m200[39m in 98ms[2m (next.js: 1197µs, proxy.ts: 2ms, application-code: 95ms)[22m
 POST /login [34m303[39m in 133ms[2m (next.js: 927µs, application-code: 133ms)[22m
  └─ ƒ loginAction({}) in 30ms [2msrc/app/login/actions.ts[22m
 GET /app/links [32m200[39m in 69ms[2m (next.js: 1364µs, proxy.ts: 5ms, application-code: 62ms)[22m
 GET /app/links?saved=1 [32m200[39m in 79ms[2m (next.js: 781µs, proxy.ts: 2ms, application-code: 76ms)[22m
 POST /app/links [34m303[39m in 93ms[2m (next.js: 976µs, proxy.ts: 3ms, application-code: 90ms)[22m
  └─ ƒ createLinkAction({}) in 5ms [2msrc/app/app/links/actions.ts[22m
 POST /api/test/mina/chat/completions [32m200[39m in 1510ms[2m (next.js: 732µs, application-code: 1509ms)[22m
 GET /app/links?saved=1 [32m200[39m in 97ms[2m (next.js: 3ms, proxy.ts: 9ms, application-code: 85ms)[22m
 GET /app/links?retried=1 [32m200[39m in 84ms[2m (next.js: 791µs, proxy.ts: 2ms, application-code: 80ms)[22m
 POST /app/links?saved=1 [34m303[39m in 97ms[2m (next.js: 864µs, proxy.ts: 3ms, application-code: 93ms)[22m
  └─ ƒ retryLinkEnrichmentAction("cmmza5alt000c59ybsmh4djpa") in 6ms [2msrc/app/app/links/actions.ts[22m
 POST /api/test/mina/chat/completions [32m200[39m in 1509ms[2m (next.js: 655µs, application-code: 1508ms)[22m
 GET /app/links?retried=1 [32m200[39m in 94ms[2m (next.js: 3ms, proxy.ts: 7ms, application-code: 84ms)[22m
 GET /login [32m200[39m in 15ms[2m (next.js: 750µs, application-code: 15ms)[22m
 GET /app [32m200[39m in 102ms[2m (next.js: 806µs, proxy.ts: 2ms, application-code: 99ms)[22m
 POST /login [34m303[39m in 136ms[2m (next.js: 887µs, application-code: 135ms)[22m
  └─ ƒ loginAction({}) in 30ms [2msrc/app/login/actions.ts[22m
 GET /app/links [32m200[39m in 79ms[2m (next.js: 1372µs, proxy.ts: 5ms, application-code: 72ms)[22m
 GET /app/links?error=invalid-url [32m200[39m in 87ms[2m (next.js: 774µs, proxy.ts: 2ms, application-code: 84ms)[22m
 POST /app/links [34m303[39m in 98ms[2m (next.js: 840µs, proxy.ts: 3ms, application-code: 95ms)[22m
  └─ ƒ createLinkAction({}) in 4ms [2msrc/app/app/links/actions.ts[22m
 GET /login [32m200[39m in 18ms[2m (next.js: 890µs, application-code: 17ms)[22m
 GET /app [32m200[39m in 101ms[2m (next.js: 827µs, proxy.ts: 2ms, application-code: 98ms)[22m
 POST /login [34m303[39m in 134ms[2m (next.js: 874µs, application-code: 133ms)[22m
  └─ ƒ loginAction({}) in 28ms [2msrc/app/login/actions.ts[22m
 GET /app/notes/new [32m200[39m in 16ms[2m (next.js: 951µs, proxy.ts: 3ms, application-code: 12ms)[22m
 GET /app/notes/cmmza5fdy000d59ybtvb0n6a7/edit?saved=1 [32m200[39m in 22ms[2m (next.js: 3ms, proxy.ts: 2ms, application-code: 17ms)[22m
 POST /app/notes/new [34m303[39m in 41ms[2m (next.js: 7ms, proxy.ts: 3ms, application-code: 31ms)[22m
  └─ ƒ createNoteAction({}) in 6ms [2msrc/app/app/notes/actions.ts[22m
 GET /app/links [32m200[39m in 176ms[2m (next.js: 1013µs, proxy.ts: 3ms, application-code: 172ms)[22m
 GET /app/links?saved=1 [32m200[39m in 89ms[2m (next.js: 803µs, proxy.ts: 3ms, application-code: 85ms)[22m
 POST /app/links [34m303[39m in 104ms[2m (next.js: 979µs, proxy.ts: 3ms, application-code: 100ms)[22m
  └─ ƒ createLinkAction({}) in 6ms [2msrc/app/app/links/actions.ts[22m
 POST /api/test/mina/chat/completions [32m200[39m in 1930µs[2m (next.js: 601µs, application-code: 1329µs)[22m
 GET /app/links?saved=1 [32m200[39m in 102ms[2m (next.js: 3ms, proxy.ts: 10ms, application-code: 89ms)[22m
 GET /app/tags?tag=ai-owned [32m200[39m in 104ms[2m (next.js: 2ms, proxy.ts: 3ms, application-code: 99ms)[22m
 GET /app/tags [32m200[39m in 284ms[2m (next.js: 957µs, proxy.ts: 11ms, application-code: 273ms)[22m
 GET /app/search?q=Filtered%20note%201774034186345 [32m200[39m in 42ms[2m (next.js: 1164µs, proxy.ts: 3ms, application-code: 38ms)[22m
 GET /app/search?q=url-needle-1774034186345 [32m200[39m in 26ms[2m (next.js: 870µs, proxy.ts: 3ms, application-code: 23ms)[22m
 GET /app/search?q=ai-owned [32m200[39m in 43ms[2m (next.js: 974µs, proxy.ts: 3ms, application-code: 40ms)[22m
