
> minakeep@0.1.0 dev
> next dev --hostname 127.0.0.1 --port 3100

[1m[38;2;173;127;168m▲ Next.js 16.2.0[39m[22m (Turbopack)
- Local:         http://127.0.0.1:3100
- Network:       http://127.0.0.1:3100
- Environments: .env
[32m[1m✓[22m[39m Ready in 192ms

 GET /api/health [32m200[39m in 132ms[2m (next.js: 122ms, application-code: 10ms)[22m
 GET /login [32m200[39m in 149ms[2m (next.js: 47ms, application-code: 101ms)[22m
 GET /app [32m200[39m in 111ms[2m (next.js: 24ms, proxy.ts: 35ms, application-code: 52ms)[22m
 POST /login [34m303[39m in 218ms[2m (next.js: 1254µs, application-code: 217ms)[22m
  └─ ƒ loginAction({}) in 95ms [2msrc/app/login/actions.ts[22m
 GET / [32m200[39m in 66ms[2m (next.js: 9ms, application-code: 57ms)[22m
 GET /login?callbackUrl=http%3A%2F%2Flocalhost%3A3100%2Fapp%2Fsearch [32m200[39m in 23ms[2m (next.js: 865µs, application-code: 22ms)[22m
 GET /login?callbackUrl=http%3A%2F%2Flocalhost%3A3100%2Fapp%2Fnotes%2Fnew [32m200[39m in 18ms[2m (next.js: 1001µs, application-code: 17ms)[22m
 GET /app [32m200[39m in 24ms[2m (next.js: 1153µs, proxy.ts: 3ms, application-code: 20ms)[22m
 POST /login?callbackUrl=http%3A%2F%2Flocalhost%3A3100%2Fapp%2Fnotes%2Fnew [34m303[39m in 60ms[2m (next.js: 1270µs, application-code: 58ms)[22m
  └─ ƒ loginAction({}) in 31ms [2msrc/app/login/actions.ts[22m
 GET /app/notes/new [32m200[39m in 43ms[2m (next.js: 20ms, proxy.ts: 3ms, application-code: 20ms)[22m
 GET /app/notes/cmmztjqbd00009syb0rdn1jp4/edit?saved=1 [32m200[39m in 235ms[2m (next.js: 211ms, proxy.ts: 3ms, application-code: 21ms)[22m
 POST /app/notes/new [34m303[39m in 271ms[2m (next.js: 1410µs, proxy.ts: 6ms, application-code: 263ms)[22m
  └─ ƒ createNoteAction({}) in 22ms [2msrc/app/app/notes/actions.ts[22m
 POST /app/notes/cmmztjqbd00009syb0rdn1jp4/edit?saved=1 [34m303[39m in 122ms[2m (next.js: 4ms, proxy.ts: 5ms, application-code: 113ms)[22m
  └─ ƒ updateNoteAction("cmmztjqbd00009syb0rdn1jp4", {}) in 29ms [2msrc/app/app/notes/actions.ts[22m
 GET /app [32m200[39m in 167ms[2m (next.js: 1543µs, proxy.ts: 9ms, application-code: 157ms)[22m
 GET /app/notes/cmmztjqbd00009syb0rdn1jp4/edit?saved=1 [32m200[39m in 136ms[2m (next.js: 18ms, proxy.ts: 90ms, application-code: 27ms)[22m
 GET /app/notes/cmmztjqbd00009syb0rdn1jp4/edit [32m200[39m in 21ms[2m (next.js: 1441µs, proxy.ts: 4ms, application-code: 16ms)[22m
 GET /login [32m200[39m in 17ms[2m (next.js: 781µs, application-code: 16ms)[22m
 GET /app [32m200[39m in 23ms[2m (next.js: 914µs, proxy.ts: 3ms, application-code: 19ms)[22m
 POST /login [34m303[39m in 58ms[2m (next.js: 1073µs, application-code: 57ms)[22m
  └─ ƒ loginAction({}) in 30ms [2msrc/app/login/actions.ts[22m
 GET /app/notes/new [32m200[39m in 16ms[2m (next.js: 1061µs, proxy.ts: 3ms, application-code: 12ms)[22m
 GET /app/notes/cmmztjr7e00019syb6smejjqv/edit?saved=1 [32m200[39m in 22ms[2m (next.js: 2ms, proxy.ts: 2ms, application-code: 18ms)[22m
 POST /app/notes/new [34m303[39m in 37ms[2m (next.js: 920µs, proxy.ts: 3ms, application-code: 33ms)[22m
  └─ ƒ createNoteAction({}) in 7ms [2msrc/app/app/notes/actions.ts[22m
 POST /api/test/mina/chat/completions [32m200[39m in 1514ms[2m (next.js: 14ms, application-code: 1500ms)[22m
 GET /app/notes/cmmztjr7e00019syb6smejjqv/edit?saved=1 [32m200[39m in 38ms[2m (next.js: 5ms, proxy.ts: 7ms, application-code: 26ms)[22m
 GET /app/notes/cmmztjr7e00019syb6smejjqv/edit?retried=1 [32m200[39m in 44ms[2m (next.js: 4ms, proxy.ts: 5ms, application-code: 36ms)[22m
 POST /app/notes/cmmztjr7e00019syb6smejjqv/edit?saved=1 [34m303[39m in 72ms[2m (next.js: 4ms, proxy.ts: 7ms, application-code: 60ms)[22m
  └─ ƒ retryNoteEnrichmentAction("cmmztjr7e00019syb6smejjqv") in 6ms [2msrc/app/app/notes/actions.ts[22m
 POST /api/test/mina/chat/completions [32m200[39m in 1510ms[2m (next.js: 563µs, application-code: 1510ms)[22m
 GET /app/notes/cmmztjr7e00019syb6smejjqv/edit?retried=1 [32m200[39m in 43ms[2m (next.js: 7ms, proxy.ts: 9ms, application-code: 27ms)[22m
 GET /login [32m200[39m in 18ms[2m (next.js: 873µs, application-code: 17ms)[22m
 GET /app [32m200[39m in 23ms[2m (next.js: 892µs, proxy.ts: 3ms, application-code: 19ms)[22m
 POST /login [34m303[39m in 58ms[2m (next.js: 907µs, application-code: 57ms)[22m
  └─ ƒ loginAction({}) in 31ms [2msrc/app/login/actions.ts[22m
 GET /app/notes/new [32m200[39m in 16ms[2m (next.js: 892µs, proxy.ts: 3ms, application-code: 12ms)[22m
 GET /app/notes/cmmztjw8n00029sybwmvdky27/edit?saved=1 [32m200[39m in 22ms[2m (next.js: 2ms, proxy.ts: 2ms, application-code: 18ms)[22m
 POST /app/notes/new [34m303[39m in 36ms[2m (next.js: 964µs, proxy.ts: 3ms, application-code: 32ms)[22m
  └─ ƒ createNoteAction({}) in 6ms [2msrc/app/app/notes/actions.ts[22m
 GET /app/notes/cmmztjw8n00029sybwmvdky27/edit?published=1 [32m200[39m in 24ms[2m (next.js: 1278µs, proxy.ts: 3ms, application-code: 21ms)[22m
 POST /app/notes/cmmztjw8n00029sybwmvdky27/edit?saved=1 [34m303[39m in 38ms[2m (next.js: 1414µs, proxy.ts: 3ms, application-code: 33ms)[22m
  └─ ƒ publishNoteAction("cmmztjw8n00029sybwmvdky27") in 5ms [2msrc/app/app/notes/actions.ts[22m
 GET / [32m200[39m in 20ms[2m (next.js: 887µs, application-code: 19ms)[22m
 GET /notes/public-note-1774066774322 [32m200[39m in 205ms[2m (next.js: 189ms, application-code: 16ms)[22m
 GET /app [32m200[39m in 53ms[2m (next.js: 1457µs, proxy.ts: 4ms, application-code: 47ms)[22m
 GET /app/notes/cmmztjw8n00029sybwmvdky27/edit [32m200[39m in 29ms[2m (next.js: 3ms, proxy.ts: 8ms, application-code: 19ms)[22m
 GET /app/notes/cmmztjw8n00029sybwmvdky27/edit?unpublished=1 [32m200[39m in 22ms[2m (next.js: 1391µs, proxy.ts: 2ms, application-code: 18ms)[22m
 POST /app/notes/cmmztjw8n00029sybwmvdky27/edit [34m303[39m in 35ms[2m (next.js: 1494µs, proxy.ts: 3ms, application-code: 30ms)[22m
  └─ ƒ unpublishNoteAction("cmmztjw8n00029sybwmvdky27") in 6ms [2msrc/app/app/notes/actions.ts[22m
 GET / [32m200[39m in 25ms[2m (next.js: 815µs, application-code: 25ms)[22m
 GET /notes/public-note-1774066774322 [33m404[39m in 26ms[2m (next.js: 1731µs, application-code: 24ms)[22m
 GET /login [32m200[39m in 18ms[2m (next.js: 800µs, application-code: 17ms)[22m
 GET /app [32m200[39m in 25ms[2m (next.js: 852µs, proxy.ts: 3ms, application-code: 22ms)[22m
 POST /login [34m303[39m in 60ms[2m (next.js: 867µs, application-code: 60ms)[22m
  └─ ƒ loginAction({}) in 30ms [2msrc/app/login/actions.ts[22m
 GET /app/links [32m200[39m in 42ms[2m (next.js: 15ms, proxy.ts: 4ms, application-code: 23ms)[22m
 GET /app/links?saved=1 [32m200[39m in 24ms[2m (next.js: 772µs, proxy.ts: 2ms, application-code: 21ms)[22m
 POST /app/links [34m303[39m in 38ms[2m (next.js: 913µs, proxy.ts: 3ms, application-code: 35ms)[22m
  └─ ƒ createLinkAction({}) in 7ms [2msrc/app/app/links/actions.ts[22m
 POST /api/test/mina/chat/completions [32m200[39m in 2ms[2m (next.js: 665µs, application-code: 1717µs)[22m
 GET /app/links?saved=1 [32m200[39m in 48ms[2m (next.js: 2ms, proxy.ts: 15ms, application-code: 30ms)[22m
 GET / [32m200[39m in 36ms[2m (next.js: 1827µs, application-code: 35ms)[22m
 GET /login [32m200[39m in 16ms[2m (next.js: 756µs, application-code: 15ms)[22m
 GET /app [32m200[39m in 51ms[2m (next.js: 6ms, proxy.ts: 3ms, application-code: 42ms)[22m
 POST /login [34m303[39m in 87ms[2m (next.js: 977µs, application-code: 86ms)[22m
  └─ ƒ loginAction({}) in 30ms [2msrc/app/login/actions.ts[22m
 GET /app/links [32m200[39m in 26ms[2m (next.js: 1177µs, proxy.ts: 6ms, application-code: 18ms)[22m
 GET /app/links?saved=1 [32m200[39m in 25ms[2m (next.js: 810µs, proxy.ts: 3ms, application-code: 21ms)[22m
 POST /app/links [34m303[39m in 39ms[2m (next.js: 1309µs, proxy.ts: 3ms, application-code: 34ms)[22m
  └─ ƒ createLinkAction({}) in 5ms [2msrc/app/app/links/actions.ts[22m
 POST /api/test/mina/chat/completions [32m200[39m in 1512ms[2m (next.js: 712µs, application-code: 1511ms)[22m
 GET /app/links?saved=1 [32m200[39m in 45ms[2m (next.js: 3ms, proxy.ts: 8ms, application-code: 34ms)[22m
 GET /app/links?retried=1 [32m200[39m in 30ms[2m (next.js: 1043µs, proxy.ts: 3ms, application-code: 26ms)[22m
 POST /app/links?saved=1 [34m303[39m in 49ms[2m (next.js: 1583µs, proxy.ts: 6ms, application-code: 42ms)[22m
  └─ ƒ retryLinkEnrichmentAction("cmmztk07g00049syboa5skono") in 7ms [2msrc/app/app/links/actions.ts[22m
 GET /app/links?retried=1 [32m200[39m in 49ms[2m (next.js: 3ms, proxy.ts: 9ms, application-code: 38ms)[22m
 POST /api/test/mina/chat/completions [32m200[39m in 1508ms[2m (next.js: 590µs, application-code: 1508ms)[22m
 GET /app/links?retried=1 [32m200[39m in 45ms[2m (next.js: 3ms, proxy.ts: 9ms, application-code: 33ms)[22m
 GET /login [32m200[39m in 18ms[2m (next.js: 903µs, application-code: 17ms)[22m
 GET /app [32m200[39m in 25ms[2m (next.js: 843µs, proxy.ts: 3ms, application-code: 21ms)[22m
 POST /login [34m303[39m in 57ms[2m (next.js: 945µs, application-code: 56ms)[22m
  └─ ƒ loginAction({}) in 29ms [2msrc/app/login/actions.ts[22m
 GET /app/links [32m200[39m in 24ms[2m (next.js: 886µs, proxy.ts: 3ms, application-code: 20ms)[22m
 GET /app/links?error=invalid-url [32m200[39m in 42ms[2m (next.js: 1068µs, proxy.ts: 3ms, application-code: 38ms)[22m
 POST /app/links [34m303[39m in 59ms[2m (next.js: 1188µs, proxy.ts: 3ms, application-code: 55ms)[22m
  └─ ƒ createLinkAction({}) in 9ms [2msrc/app/app/links/actions.ts[22m
 GET /login [32m200[39m in 17ms[2m (next.js: 760µs, application-code: 17ms)[22m
 GET /app [32m200[39m in 24ms[2m (next.js: 775µs, proxy.ts: 2ms, application-code: 21ms)[22m
 POST /login [34m303[39m in 59ms[2m (next.js: 893µs, application-code: 58ms)[22m
  └─ ƒ loginAction({}) in 30ms [2msrc/app/login/actions.ts[22m
 GET /app/notes/new [32m200[39m in 15ms[2m (next.js: 894µs, proxy.ts: 3ms, application-code: 12ms)[22m
 GET /app/notes/cmmztk6fa00059sybvl5x7qto/edit?saved=1 [32m200[39m in 22ms[2m (next.js: 2ms, proxy.ts: 2ms, application-code: 18ms)[22m
 POST /app/notes/new [34m303[39m in 35ms[2m (next.js: 990µs, proxy.ts: 3ms, application-code: 31ms)[22m
  └─ ƒ createNoteAction({}) in 6ms [2msrc/app/app/notes/actions.ts[22m
 GET /app/links [32m200[39m in 71ms[2m (next.js: 946µs, proxy.ts: 3ms, application-code: 67ms)[22m
 GET /app/links?saved=1 [32m200[39m in 26ms[2m (next.js: 765µs, proxy.ts: 2ms, application-code: 23ms)[22m
 POST /app/links [34m303[39m in 40ms[2m (next.js: 1628µs, proxy.ts: 3ms, application-code: 35ms)[22m
  └─ ƒ createLinkAction({}) in 5ms [2msrc/app/app/links/actions.ts[22m
 POST /api/test/mina/chat/completions [32m200[39m in 1972µs[2m (next.js: 581µs, application-code: 1391µs)[22m
 GET /app/links?saved=1 [32m200[39m in 48ms[2m (next.js: 2ms, proxy.ts: 11ms, application-code: 34ms)[22m
 GET /app/tags?tag=ai-owned [32m200[39m in 134ms[2m (next.js: 24ms, proxy.ts: 6ms, application-code: 104ms)[22m
 GET /app/tags [32m200[39m in 72ms[2m (next.js: 776µs, proxy.ts: 3ms, application-code: 68ms)[22m
 GET /app/search?q=Filtered%20note%201774066787541 [32m200[39m in 80ms[2m (next.js: 15ms, proxy.ts: 3ms, application-code: 62ms)[22m
 GET /app/search?q=url-needle-1774066787541 [32m200[39m in 45ms[2m (next.js: 878µs, proxy.ts: 2ms, application-code: 42ms)[22m
 GET /app/search?q=ai-owned [32m200[39m in 38ms[2m (next.js: 903µs, proxy.ts: 3ms, application-code: 34ms)[22m
 GET /login [32m200[39m in 15ms[2m (next.js: 741µs, application-code: 14ms)[22m
 GET /app [32m200[39m in 26ms[2m (next.js: 1292µs, proxy.ts: 2ms, application-code: 22ms)[22m
 POST /login [34m303[39m in 62ms[2m (next.js: 937µs, application-code: 61ms)[22m
  └─ ƒ loginAction({}) in 30ms [2msrc/app/login/actions.ts[22m
 GET /app/links [32m200[39m in 25ms[2m (next.js: 937µs, proxy.ts: 3ms, application-code: 22ms)[22m
 GET /app/links?saved=1 [32m200[39m in 36ms[2m (next.js: 911µs, proxy.ts: 3ms, application-code: 32ms)[22m
 POST /app/links [34m303[39m in 51ms[2m (next.js: 1246µs, proxy.ts: 4ms, application-code: 46ms)[22m
  └─ ƒ createLinkAction({}) in 6ms [2msrc/app/app/links/actions.ts[22m
 GET /app/links?saved=1 [32m200[39m in 50ms[2m (next.js: 3ms, proxy.ts: 9ms, application-code: 38ms)[22m
 GET /app/search?q=ai [32m200[39m in 51ms[2m (next.js: 1921µs, proxy.ts: 5ms, application-code: 43ms)[22m
 GET /app/tags?tag=ai [32m200[39m in 58ms[2m (next.js: 902µs, proxy.ts: 3ms, application-code: 54ms)[22m
 GET /login [32m200[39m in 15ms[2m (next.js: 773µs, application-code: 14ms)[22m
 GET /app [32m200[39m in 25ms[2m (next.js: 934µs, proxy.ts: 3ms, application-code: 21ms)[22m
 POST /login [34m303[39m in 61ms[2m (next.js: 1031µs, application-code: 60ms)[22m
  └─ ƒ loginAction({}) in 31ms [2msrc/app/login/actions.ts[22m
 GET /app/notes/new [32m200[39m in 16ms[2m (next.js: 948µs, proxy.ts: 3ms, application-code: 12ms)[22m
 GET /app/notes/cmmztkcla000b9sybq13jfymj/edit?saved=1 [32m200[39m in 23ms[2m (next.js: 2ms, proxy.ts: 2ms, application-code: 18ms)[22m
 POST /app/notes/new [34m303[39m in 35ms[2m (next.js: 926µs, proxy.ts: 3ms, application-code: 32ms)[22m
  └─ ƒ createNoteAction({}) in 6ms [2msrc/app/app/notes/actions.ts[22m
 GET /app/notes/cmmztkcla000b9sybq13jfymj/edit?saved=1 [32m200[39m in 42ms[2m (next.js: 6ms, proxy.ts: 9ms, application-code: 27ms)[22m
 GET /app [32m200[39m in 63ms[2m (next.js: 2ms, proxy.ts: 6ms, application-code: 54ms)[22m
 GET /login [32m200[39m in 15ms[2m (next.js: 781µs, application-code: 14ms)[22m
 GET /login [32m200[39m in 15ms[2m (next.js: 731µs, application-code: 14ms)[22m
 GET /login [32m200[39m in 15ms[2m (next.js: 732µs, application-code: 14ms)[22m
 GET /app [32m200[39m in 22ms[2m (next.js: 887µs, proxy.ts: 3ms, application-code: 19ms)[22m
 POST /login [34m303[39m in 57ms[2m (next.js: 889µs, application-code: 56ms)[22m
  └─ ƒ loginAction({}) in 30ms [2msrc/app/login/actions.ts[22m
 GET /app/notes/cmmztkff900029uyb9w49xboe/edit [32m200[39m in 44ms[2m (next.js: 2ms, proxy.ts: 2ms, application-code: 40ms)[22m
 GET /login [32m200[39m in 14ms[2m (next.js: 813µs, application-code: 14ms)[22m
 GET /app [32m200[39m in 22ms[2m (next.js: 941µs, proxy.ts: 3ms, application-code: 18ms)[22m
 POST /login [34m303[39m in 55ms[2m (next.js: 887µs, application-code: 54ms)[22m
  └─ ƒ loginAction({}) in 30ms [2msrc/app/login/actions.ts[22m
 GET /app/notes/cmmztkfv200039uybb5kyk8jr/edit [32m200[39m in 36ms[2m (next.js: 2ms, proxy.ts: 3ms, application-code: 31ms)[22m
 GET / [32m200[39m in 22ms[2m (next.js: 764µs, application-code: 21ms)[22m
 GET / [32m200[39m in 21ms[2m (next.js: 717µs, application-code: 20ms)[22m
 GET / [32m200[39m in 19ms[2m (next.js: 750µs, application-code: 19ms)[22m
 GET / [32m200[39m in 19ms[2m (next.js: 885µs, application-code: 18ms)[22m
 GET /login [32m200[39m in 15ms[2m (next.js: 716µs, application-code: 14ms)[22m
 GET /app [32m200[39m in 24ms[2m (next.js: 940µs, proxy.ts: 2ms, application-code: 21ms)[22m
 POST /login [34m303[39m in 59ms[2m (next.js: 928µs, application-code: 58ms)[22m
  └─ ƒ loginAction({}) in 30ms [2msrc/app/login/actions.ts[22m
 GET /login [32m200[39m in 15ms[2m (next.js: 710µs, application-code: 14ms)[22m
 GET /app [32m200[39m in 24ms[2m (next.js: 797µs, proxy.ts: 2ms, application-code: 21ms)[22m
 POST /login [34m303[39m in 56ms[2m (next.js: 893µs, application-code: 55ms)[22m
  └─ ƒ loginAction({}) in 29ms [2msrc/app/login/actions.ts[22m
 GET /login [32m200[39m in 15ms[2m (next.js: 861µs, application-code: 14ms)[22m
 GET /app [32m200[39m in 22ms[2m (next.js: 764µs, proxy.ts: 2ms, application-code: 18ms)[22m
 POST /login [34m303[39m in 55ms[2m (next.js: 997µs, application-code: 54ms)[22m
  └─ ƒ loginAction({}) in 29ms [2msrc/app/login/actions.ts[22m
 GET /app/links [32m200[39m in 34ms[2m (next.js: 920µs, proxy.ts: 3ms, application-code: 30ms)[22m
 GET /login [32m200[39m in 14ms[2m (next.js: 815µs, application-code: 14ms)[22m
 GET /app [32m200[39m in 29ms[2m (next.js: 823µs, proxy.ts: 2ms, application-code: 26ms)[22m
 POST /login [34m303[39m in 64ms[2m (next.js: 892µs, application-code: 63ms)[22m
  └─ ƒ loginAction({}) in 30ms [2msrc/app/login/actions.ts[22m
 GET /app/links [32m200[39m in 39ms[2m (next.js: 853µs, proxy.ts: 3ms, application-code: 35ms)[22m
 GET /login [32m200[39m in 14ms[2m (next.js: 759µs, application-code: 14ms)[22m
 GET /app [32m200[39m in 21ms[2m (next.js: 880µs, proxy.ts: 2ms, application-code: 18ms)[22m
 POST /login [34m303[39m in 55ms[2m (next.js: 932µs, application-code: 54ms)[22m
  └─ ƒ loginAction({}) in 30ms [2msrc/app/login/actions.ts[22m
 GET /app/tags?tag=studio-systems [32m200[39m in 33ms[2m (next.js: 855µs, proxy.ts: 2ms, application-code: 29ms)[22m
 GET /login [32m200[39m in 22ms[2m (next.js: 716µs, application-code: 21ms)[22m
 GET /app [32m200[39m in 22ms[2m (next.js: 932µs, proxy.ts: 2ms, application-code: 19ms)[22m
 POST /login [34m303[39m in 57ms[2m (next.js: 961µs, application-code: 56ms)[22m
  └─ ƒ loginAction({}) in 30ms [2msrc/app/login/actions.ts[22m
 GET /app/tags?tag=studio-systems [32m200[39m in 37ms[2m (next.js: 932µs, proxy.ts: 3ms, application-code: 33ms)[22m
 GET /login [32m200[39m in 15ms[2m (next.js: 762µs, application-code: 14ms)[22m
 GET /app [32m200[39m in 29ms[2m (next.js: 908µs, proxy.ts: 2ms, application-code: 26ms)[22m
 POST /login [34m303[39m in 64ms[2m (next.js: 957µs, application-code: 63ms)[22m
  └─ ƒ loginAction({}) in 30ms [2msrc/app/login/actions.ts[22m
 GET /app/search?q=rhythm [32m200[39m in 38ms[2m (next.js: 837µs, proxy.ts: 2ms, application-code: 34ms)[22m
 GET /login [32m200[39m in 14ms[2m (next.js: 775µs, application-code: 14ms)[22m
 GET /app [32m200[39m in 23ms[2m (next.js: 881µs, proxy.ts: 2ms, application-code: 19ms)[22m
 POST /login [34m303[39m in 58ms[2m (next.js: 913µs, application-code: 57ms)[22m
  └─ ƒ loginAction({}) in 30ms [2msrc/app/login/actions.ts[22m
 GET /app/search?q=rhythm [32m200[39m in 41ms[2m (next.js: 906µs, proxy.ts: 3ms, application-code: 38ms)[22m
 GET /notes/public-notes-should-read-like-finished-pages-not-dashboards [32m200[39m in 37ms[2m (next.js: 3ms, application-code: 34ms)[22m
 GET /notes/public-notes-should-read-like-finished-pages-not-dashboards [32m200[39m in 20ms[2m (next.js: 1651µs, application-code: 19ms)[22m
 GET / [32m200[39m in 17ms[2m (next.js: 781µs, application-code: 17ms)[22m
 GET /login [32m200[39m in 15ms[2m (next.js: 758µs, application-code: 14ms)[22m
 GET /login [32m200[39m in 21ms[2m (next.js: 848µs, application-code: 20ms)[22m
 GET /app [32m200[39m in 21ms[2m (next.js: 831µs, proxy.ts: 2ms, application-code: 18ms)[22m
 POST /login [34m303[39m in 55ms[2m (next.js: 948µs, application-code: 54ms)[22m
  └─ ƒ loginAction({}) in 30ms [2msrc/app/login/actions.ts[22m
 GET /login [32m200[39m in 15ms[2m (next.js: 730µs, application-code: 14ms)[22m
 GET /app [32m200[39m in 22ms[2m (next.js: 934µs, proxy.ts: 2ms, application-code: 19ms)[22m
 POST /login [34m303[39m in 55ms[2m (next.js: 892µs, application-code: 54ms)[22m
  └─ ƒ loginAction({}) in 30ms [2msrc/app/login/actions.ts[22m
