
> minakeep@0.1.0 dev
> next dev --hostname 127.0.0.1 --port 3100

[1m[38;2;173;127;168m▲ Next.js 16.2.0[39m[22m (Turbopack)
- Local:         http://127.0.0.1:3100
- Network:       http://127.0.0.1:3100
- Environments: .env
[32m[1m✓[22m[39m Ready in 197ms

 GET /api/health [32m200[39m in 101ms[2m (next.js: 92ms, application-code: 10ms)[22m
 GET /login [32m200[39m in 170ms[2m (next.js: 53ms, application-code: 118ms)[22m
 GET /app [32m200[39m in 119ms[2m (next.js: 30ms, proxy.ts: 36ms, application-code: 52ms)[22m
 POST /login [34m303[39m in 220ms[2m (next.js: 1426µs, application-code: 219ms)[22m
  └─ ƒ loginAction({}) in 91ms [2msrc/app/login/actions.ts[22m
 GET / [32m200[39m in 51ms[2m (next.js: 10ms, application-code: 41ms)[22m
 GET /login?callbackUrl=http%3A%2F%2Flocalhost%3A3100%2Fapp%2Fsearch [32m200[39m in 22ms[2m (next.js: 866µs, application-code: 21ms)[22m
 GET /login?callbackUrl=http%3A%2F%2Flocalhost%3A3100%2Fapp%2Fnotes%2Fnew [32m200[39m in 45ms[2m (next.js: 834µs, application-code: 44ms)[22m
 GET /app [32m200[39m in 22ms[2m (next.js: 967µs, proxy.ts: 3ms, application-code: 19ms)[22m
 POST /login?callbackUrl=http%3A%2F%2Flocalhost%3A3100%2Fapp%2Fnotes%2Fnew [34m303[39m in 58ms[2m (next.js: 1005µs, application-code: 57ms)[22m
  └─ ƒ loginAction({}) in 30ms [2msrc/app/login/actions.ts[22m
 GET /app/notes/new [32m200[39m in 37ms[2m (next.js: 21ms, proxy.ts: 3ms, application-code: 13ms)[22m
 GET /app/notes/cmn139ny80000z5yb7w9k61d3/edit?saved=1 [32m200[39m in 238ms[2m (next.js: 215ms, proxy.ts: 3ms, application-code: 21ms)[22m
 POST /app/notes/new [34m303[39m in 271ms[2m (next.js: 1542µs, proxy.ts: 4ms, application-code: 265ms)[22m
  └─ ƒ createNoteAction({}) in 22ms [2msrc/app/app/notes/actions.ts[22m
 POST /app/notes/cmn139ny80000z5yb7w9k61d3/edit?saved=1 [34m303[39m in 150ms[2m (next.js: 5ms, proxy.ts: 4ms, application-code: 141ms)[22m
  └─ ƒ updateNoteAction("cmn139ny80000z5yb7w9k61d3", {}) in 7ms [2msrc/app/app/notes/actions.ts[22m
 GET /app [32m200[39m in 191ms[2m (next.js: 5ms, proxy.ts: 9ms, application-code: 177ms)[22m
 GET /app/notes/cmn139ny80000z5yb7w9k61d3/edit?saved=1 [32m200[39m in 156ms[2m (next.js: 11ms, proxy.ts: 107ms, application-code: 38ms)[22m
 GET /app/notes/cmn139ny80000z5yb7w9k61d3/edit [32m200[39m in 22ms[2m (next.js: 3ms, proxy.ts: 4ms, application-code: 15ms)[22m
 GET /login [32m200[39m in 20ms[2m (next.js: 874µs, application-code: 19ms)[22m
 GET /app [32m200[39m in 26ms[2m (next.js: 986µs, proxy.ts: 3ms, application-code: 22ms)[22m
 POST /login [34m303[39m in 62ms[2m (next.js: 962µs, application-code: 61ms)[22m
  └─ ƒ loginAction({}) in 30ms [2msrc/app/login/actions.ts[22m
 GET /app/notes/new [32m200[39m in 17ms[2m (next.js: 1030µs, proxy.ts: 3ms, application-code: 13ms)[22m
 GET /app/notes/cmn139owj0001z5ybdc2qx35t/edit?saved=1 [32m200[39m in 24ms[2m (next.js: 2ms, proxy.ts: 2ms, application-code: 19ms)[22m
 POST /app/notes/new [34m303[39m in 39ms[2m (next.js: 1019µs, proxy.ts: 3ms, application-code: 35ms)[22m
  └─ ƒ createNoteAction({}) in 7ms [2msrc/app/app/notes/actions.ts[22m
 POST /api/test/mina/chat/completions [32m200[39m in 1512ms[2m (next.js: 13ms, application-code: 1499ms)[22m
 GET /app/notes/cmn139owj0001z5ybdc2qx35t/edit?saved=1 [32m200[39m in 38ms[2m (next.js: 6ms, proxy.ts: 7ms, application-code: 25ms)[22m
 GET /app/notes/cmn139owj0001z5ybdc2qx35t/edit?retried=1 [32m200[39m in 35ms[2m (next.js: 1680µs, proxy.ts: 3ms, application-code: 30ms)[22m
 POST /app/notes/cmn139owj0001z5ybdc2qx35t/edit?saved=1 [34m303[39m in 56ms[2m (next.js: 5ms, proxy.ts: 5ms, application-code: 47ms)[22m
  └─ ƒ retryNoteEnrichmentAction("cmn139owj0001z5ybdc2qx35t") in 6ms [2msrc/app/app/notes/actions.ts[22m
 POST /api/test/mina/chat/completions [32m200[39m in 1509ms[2m (next.js: 770µs, application-code: 1508ms)[22m
 GET /app/notes/cmn139owj0001z5ybdc2qx35t/edit?retried=1 [32m200[39m in 38ms[2m (next.js: 5ms, proxy.ts: 7ms, application-code: 25ms)[22m
 GET /login [32m200[39m in 19ms[2m (next.js: 879µs, application-code: 18ms)[22m
 GET /app [32m200[39m in 23ms[2m (next.js: 940µs, proxy.ts: 3ms, application-code: 20ms)[22m
 POST /login [34m303[39m in 57ms[2m (next.js: 892µs, application-code: 56ms)[22m
  └─ ƒ loginAction({}) in 29ms [2msrc/app/login/actions.ts[22m
 GET /app/notes/new [32m200[39m in 16ms[2m (next.js: 886µs, proxy.ts: 3ms, application-code: 12ms)[22m
 GET /app/notes/cmn139tx20002z5ybonqb8cgu/edit?saved=1 [32m200[39m in 23ms[2m (next.js: 2ms, proxy.ts: 2ms, application-code: 19ms)[22m
 POST /app/notes/new [34m303[39m in 38ms[2m (next.js: 853µs, proxy.ts: 3ms, application-code: 34ms)[22m
  └─ ƒ createNoteAction({}) in 7ms [2msrc/app/app/notes/actions.ts[22m
 GET /app/notes/cmn139tx20002z5ybonqb8cgu/edit?published=1 [32m200[39m in 25ms[2m (next.js: 1381µs, proxy.ts: 2ms, application-code: 22ms)[22m
 POST /app/notes/cmn139tx20002z5ybonqb8cgu/edit?saved=1 [34m303[39m in 39ms[2m (next.js: 1993µs, proxy.ts: 3ms, application-code: 34ms)[22m
  └─ ƒ publishNoteAction("cmn139tx20002z5ybonqb8cgu") in 5ms [2msrc/app/app/notes/actions.ts[22m
 GET / [32m200[39m in 19ms[2m (next.js: 988µs, application-code: 18ms)[22m
 GET /notes/public-note-1774143567085 [32m200[39m in 196ms[2m (next.js: 180ms, application-code: 16ms)[22m
 GET /app [32m200[39m in 51ms[2m (next.js: 1035µs, proxy.ts: 3ms, application-code: 47ms)[22m
 GET /app/notes/cmn139tx20002z5ybonqb8cgu/edit [32m200[39m in 21ms[2m (next.js: 2ms, proxy.ts: 3ms, application-code: 16ms)[22m
 GET /app/notes/cmn139tx20002z5ybonqb8cgu/edit?unpublished=1 [32m200[39m in 41ms[2m (next.js: 1821µs, proxy.ts: 3ms, application-code: 36ms)[22m
 POST /app/notes/cmn139tx20002z5ybonqb8cgu/edit [34m303[39m in 56ms[2m (next.js: 1557µs, proxy.ts: 3ms, application-code: 51ms)[22m
  └─ ƒ unpublishNoteAction("cmn139tx20002z5ybonqb8cgu") in 5ms [2msrc/app/app/notes/actions.ts[22m
 GET / [32m200[39m in 19ms[2m (next.js: 894µs, application-code: 18ms)[22m
 GET /notes/public-note-1774143567085 [33m404[39m in 31ms[2m (next.js: 1887µs, application-code: 29ms)[22m
 GET /login [32m200[39m in 19ms[2m (next.js: 757µs, application-code: 18ms)[22m
 GET /app [32m200[39m in 24ms[2m (next.js: 952µs, proxy.ts: 3ms, application-code: 21ms)[22m
 POST /login [34m303[39m in 60ms[2m (next.js: 912µs, application-code: 59ms)[22m
  └─ ƒ loginAction({}) in 31ms [2msrc/app/login/actions.ts[22m
 GET /app/links [32m200[39m in 33ms[2m (next.js: 14ms, proxy.ts: 3ms, application-code: 16ms)[22m
 GET /app/links?saved=1 [32m200[39m in 29ms[2m (next.js: 849µs, proxy.ts: 2ms, application-code: 26ms)[22m
 POST /app/links [34m303[39m in 46ms[2m (next.js: 1016µs, proxy.ts: 3ms, application-code: 41ms)[22m
  └─ ƒ createLinkAction({}) in 9ms [2msrc/app/app/links/actions.ts[22m
 POST /api/test/mina/chat/completions [32m200[39m in 2ms[2m (next.js: 629µs, application-code: 1616µs)[22m
{"level":"warn","message":"Link favicon could not be resolved.","metadata":{"linkId":"cmn139v5a0003z5yb14jr3wd9","url":"https://example.com/reference-1774143568693"},"timestamp":"2026-03-22T01:39:29.240Z"}
 GET /app/links?saved=1 [32m200[39m in 35ms[2m (next.js: 1481µs, proxy.ts: 5ms, application-code: 28ms)[22m
 GET / [32m200[39m in 31ms[2m (next.js: 2ms, application-code: 29ms)[22m
 GET /login [32m200[39m in 16ms[2m (next.js: 799µs, application-code: 15ms)[22m
 GET /app [32m200[39m in 24ms[2m (next.js: 993µs, proxy.ts: 3ms, application-code: 21ms)[22m
 POST /login [34m303[39m in 59ms[2m (next.js: 897µs, application-code: 59ms)[22m
  └─ ƒ loginAction({}) in 30ms [2msrc/app/login/actions.ts[22m
 GET /app/links [32m200[39m in 46ms[2m (next.js: 9ms, proxy.ts: 3ms, application-code: 34ms)[22m
 GET /app/links?saved=1 [32m200[39m in 23ms[2m (next.js: 790µs, proxy.ts: 2ms, application-code: 20ms)[22m
 POST /app/links [34m303[39m in 37ms[2m (next.js: 1073µs, proxy.ts: 3ms, application-code: 33ms)[22m
  └─ ƒ createLinkAction({}) in 6ms [2msrc/app/app/links/actions.ts[22m
 POST /api/test/mina/chat/completions [32m200[39m in 2ms[2m (next.js: 630µs, application-code: 1455µs)[22m
{"level":"warn","message":"Link favicon could not be resolved.","metadata":{"linkId":"cmn139xvd0004z5yb7uq4cre6","url":"https://example.com/published-link-1774143572227"},"timestamp":"2026-03-22T01:39:32.730Z"}
 GET /app/links?saved=1 [32m200[39m in 42ms[2m (next.js: 2ms, proxy.ts: 11ms, application-code: 28ms)[22m
 GET /app/links?published=1 [32m200[39m in 29ms[2m (next.js: 1144µs, proxy.ts: 3ms, application-code: 25ms)[22m
 POST /app/links?saved=1 [34m303[39m in 50ms[2m (next.js: 1745µs, proxy.ts: 6ms, application-code: 42ms)[22m
  └─ ƒ publishLinkAction("cmn139xvd0004z5yb7uq4cre6") in 8ms [2msrc/app/app/links/actions.ts[22m
 GET / [32m200[39m in 18ms[2m (next.js: 1133µs, application-code: 17ms)[22m
 GET /app/links [32m200[39m in 69ms[2m (next.js: 961µs, proxy.ts: 3ms, application-code: 65ms)[22m
 GET /app/links?unpublished=1 [32m200[39m in 24ms[2m (next.js: 858µs, proxy.ts: 2ms, application-code: 21ms)[22m
 POST /app/links [34m303[39m in 36ms[2m (next.js: 808µs, proxy.ts: 3ms, application-code: 32ms)[22m
  └─ ƒ unpublishLinkAction("cmn139xvd0004z5yb7uq4cre6") in 5ms [2msrc/app/app/links/actions.ts[22m
 GET / [32m200[39m in 25ms[2m (next.js: 868µs, application-code: 24ms)[22m
 GET /login [32m200[39m in 17ms[2m (next.js: 837µs, application-code: 17ms)[22m
 GET /app [32m200[39m in 24ms[2m (next.js: 846µs, proxy.ts: 3ms, application-code: 20ms)[22m
 POST /login [34m303[39m in 58ms[2m (next.js: 1031µs, application-code: 57ms)[22m
  └─ ƒ loginAction({}) in 30ms [2msrc/app/login/actions.ts[22m
 GET /app/links [32m200[39m in 23ms[2m (next.js: 909µs, proxy.ts: 3ms, application-code: 19ms)[22m
 GET /app/links?saved=1 [32m200[39m in 26ms[2m (next.js: 764µs, proxy.ts: 2ms, application-code: 23ms)[22m
 POST /app/links [34m303[39m in 39ms[2m (next.js: 1076µs, proxy.ts: 3ms, application-code: 36ms)[22m
  └─ ƒ createLinkAction({}) in 6ms [2msrc/app/app/links/actions.ts[22m
{"level":"warn","message":"Link favicon could not be resolved.","metadata":{"linkId":"cmn13a0yq0005z5ybn3416j53","url":"https://example.com/retry-link-1774143576233"},"timestamp":"2026-03-22T01:39:36.745Z"}
 POST /api/test/mina/chat/completions [32m200[39m in 1515ms[2m (next.js: 630µs, application-code: 1514ms)[22m
 GET /app/links?saved=1 [32m200[39m in 50ms[2m (next.js: 3ms, proxy.ts: 10ms, application-code: 36ms)[22m
 GET /app/links?retried=1 [32m200[39m in 34ms[2m (next.js: 975µs, proxy.ts: 3ms, application-code: 31ms)[22m
 POST /app/links?saved=1 [34m303[39m in 53ms[2m (next.js: 1510µs, proxy.ts: 6ms, application-code: 45ms)[22m
  └─ ƒ retryLinkEnrichmentAction("cmn13a0yq0005z5ybn3416j53") in 7ms [2msrc/app/app/links/actions.ts[22m
 POST /api/test/mina/chat/completions [32m200[39m in 1508ms[2m (next.js: 582µs, application-code: 1508ms)[22m
 GET /app/links?retried=1 [32m200[39m in 49ms[2m (next.js: 3ms, proxy.ts: 10ms, application-code: 36ms)[22m
 GET /login [32m200[39m in 17ms[2m (next.js: 813µs, application-code: 16ms)[22m
 GET /app [32m200[39m in 25ms[2m (next.js: 880µs, proxy.ts: 3ms, application-code: 21ms)[22m
 POST /login [34m303[39m in 59ms[2m (next.js: 903µs, application-code: 58ms)[22m
  └─ ƒ loginAction({}) in 30ms [2msrc/app/login/actions.ts[22m
 GET /app/links [32m200[39m in 26ms[2m (next.js: 1488µs, proxy.ts: 3ms, application-code: 21ms)[22m
 GET /app/links?error=invalid-url [32m200[39m in 41ms[2m (next.js: 1014µs, proxy.ts: 3ms, application-code: 37ms)[22m
 POST /app/links [34m303[39m in 58ms[2m (next.js: 8ms, proxy.ts: 3ms, application-code: 47ms)[22m
  └─ ƒ createLinkAction({}) in 2ms [2msrc/app/app/links/actions.ts[22m
 GET /login [32m200[39m in 15ms[2m (next.js: 776µs, application-code: 14ms)[22m
 GET /app [32m200[39m in 24ms[2m (next.js: 916µs, proxy.ts: 2ms, application-code: 21ms)[22m
 POST /login [34m303[39m in 59ms[2m (next.js: 875µs, application-code: 58ms)[22m
  └─ ƒ loginAction({}) in 30ms [2msrc/app/login/actions.ts[22m
 GET /app/notes/new [32m200[39m in 16ms[2m (next.js: 884µs, proxy.ts: 3ms, application-code: 12ms)[22m
 GET /app/notes/cmn13a6fi0006z5yb02jqewfe/edit?saved=1 [32m200[39m in 23ms[2m (next.js: 2ms, proxy.ts: 2ms, application-code: 19ms)[22m
 POST /app/notes/new [34m303[39m in 38ms[2m (next.js: 1325µs, proxy.ts: 3ms, application-code: 34ms)[22m
  └─ ƒ createNoteAction({}) in 6ms [2msrc/app/app/notes/actions.ts[22m
 GET /app/links [32m200[39m in 59ms[2m (next.js: 1051µs, proxy.ts: 2ms, application-code: 56ms)[22m
 GET /app/links?saved=1 [32m200[39m in 28ms[2m (next.js: 778µs, proxy.ts: 2ms, application-code: 25ms)[22m
 POST /app/links [34m303[39m in 43ms[2m (next.js: 2ms, proxy.ts: 4ms, application-code: 37ms)[22m
  └─ ƒ createLinkAction({}) in 6ms [2msrc/app/app/links/actions.ts[22m
 POST /api/test/mina/chat/completions [32m200[39m in 2ms[2m (next.js: 658µs, application-code: 1560µs)[22m
{"level":"warn","message":"Link favicon could not be resolved.","metadata":{"linkId":"cmn13a6mi0007z5ybo3tyb083","url":"https://example.com/url-needle-1774143583293"},"timestamp":"2026-03-22T01:39:44.077Z"}
 GET /app/links?saved=1 [32m200[39m in 44ms[2m (next.js: 2ms, proxy.ts: 7ms, application-code: 35ms)[22m
 GET /app/tags?tag=ai-owned [32m200[39m in 152ms[2m (next.js: 25ms, proxy.ts: 7ms, application-code: 120ms)[22m
 GET /app/tags [32m200[39m in 62ms[2m (next.js: 735µs, proxy.ts: 3ms, application-code: 58ms)[22m
 GET /app/search?q=Filtered%20note%201774143583293 [32m200[39m in 84ms[2m (next.js: 14ms, proxy.ts: 2ms, application-code: 67ms)[22m
 GET /app/search?q=url-needle-1774143583293 [32m200[39m in 57ms[2m (next.js: 775µs, proxy.ts: 2ms, application-code: 54ms)[22m
 GET /app/search?q=ai-owned [32m200[39m in 48ms[2m (next.js: 906µs, proxy.ts: 3ms, application-code: 45ms)[22m
 GET /login [32m200[39m in 15ms[2m (next.js: 780µs, application-code: 14ms)[22m
 GET /app [32m200[39m in 25ms[2m (next.js: 930µs, proxy.ts: 3ms, application-code: 21ms)[22m
 POST /login [34m303[39m in 60ms[2m (next.js: 917µs, application-code: 59ms)[22m
  └─ ƒ loginAction({}) in 30ms [2msrc/app/login/actions.ts[22m
 GET /app/links [32m200[39m in 26ms[2m (next.js: 890µs, proxy.ts: 3ms, application-code: 23ms)[22m
 GET /app/links?saved=1 [32m200[39m in 30ms[2m (next.js: 766µs, proxy.ts: 2ms, application-code: 27ms)[22m
 POST /app/links [34m303[39m in 43ms[2m (next.js: 842µs, proxy.ts: 3ms, application-code: 38ms)[22m
  └─ ƒ createLinkAction({}) in 6ms [2msrc/app/app/links/actions.ts[22m
{"level":"warn","message":"Link favicon could not be resolved.","metadata":{"linkId":"cmn13a9rr0008z5ybryapuywe","url":"https://example.com/ai-enriched-link-1774143587634"},"timestamp":"2026-03-22T01:39:48.161Z"}
 GET /app/links?saved=1 [32m200[39m in 49ms[2m (next.js: 2ms, proxy.ts: 9ms, application-code: 38ms)[22m
 GET /app/search?q=ai [32m200[39m in 57ms[2m (next.js: 1783µs, proxy.ts: 7ms, application-code: 48ms)[22m
 GET /app/tags?tag=ai [32m200[39m in 42ms[2m (next.js: 821µs, proxy.ts: 3ms, application-code: 38ms)[22m
 GET /login [32m200[39m in 14ms[2m (next.js: 734µs, application-code: 13ms)[22m
 GET /app [32m200[39m in 25ms[2m (next.js: 818µs, proxy.ts: 2ms, application-code: 22ms)[22m
 POST /login [34m303[39m in 59ms[2m (next.js: 893µs, application-code: 58ms)[22m
  └─ ƒ loginAction({}) in 30ms [2msrc/app/login/actions.ts[22m
 GET /app/links [32m200[39m in 60ms[2m (next.js: 860µs, proxy.ts: 3ms, application-code: 57ms)[22m
 GET /app/links?saved=1 [32m200[39m in 30ms[2m (next.js: 823µs, proxy.ts: 2ms, application-code: 27ms)[22m
 POST /app/links [34m303[39m in 43ms[2m (next.js: 778µs, proxy.ts: 3ms, application-code: 39ms)[22m
  └─ ƒ createLinkAction({}) in 7ms [2msrc/app/app/links/actions.ts[22m
 POST /api/test/mina/chat/completions [32m200[39m in 2ms[2m (next.js: 648µs, application-code: 1543µs)[22m
 GET /app/links?saved=1 [32m200[39m in 50ms[2m (next.js: 3ms, proxy.ts: 9ms, application-code: 39ms)[22m
 GET /media/7b25f392-baa8-4f54-9e6d-00b81b92e9e3 [32m200[39m in 447ms[2m (next.js: 436ms, application-code: 12ms)[22m
 GET /app/links?published=1 [32m200[39m in 36ms[2m (next.js: 1082µs, proxy.ts: 3ms, application-code: 32ms)[22m
 POST /app/links?saved=1 [34m303[39m in 52ms[2m (next.js: 1722µs, proxy.ts: 6ms, application-code: 44ms)[22m
  └─ ƒ publishLinkAction("cmn13aclx000az5ybwy7hx2x0") in 5ms [2msrc/app/app/links/actions.ts[22m
 GET /media/7b25f392-baa8-4f54-9e6d-00b81b92e9e3 [32m200[39m in 10ms[2m (next.js: 1864µs, application-code: 8ms)[22m
 GET / [32m200[39m in 17ms[2m (next.js: 795µs, application-code: 16ms)[22m
 GET /media/7b25f392-baa8-4f54-9e6d-00b81b92e9e3 [32m200[39m in 12ms[2m (next.js: 860µs, application-code: 11ms)[22m
 GET /media/7b25f392-baa8-4f54-9e6d-00b81b92e9e3 [32m200[39m in 16ms[2m (next.js: 1601µs, application-code: 14ms)[22m
 GET /app/links [32m200[39m in 86ms[2m (next.js: 921µs, proxy.ts: 2ms, application-code: 82ms)[22m
 GET /app/links?saved=1 [32m200[39m in 32ms[2m (next.js: 825µs, proxy.ts: 2ms, application-code: 29ms)[22m
 POST /app/links [34m303[39m in 44ms[2m (next.js: 787µs, proxy.ts: 3ms, application-code: 41ms)[22m
  └─ ƒ createLinkAction({}) in 6ms [2msrc/app/app/links/actions.ts[22m
{"level":"warn","message":"Link favicon cache failed.","metadata":{"error":"Configured link favicon fetch failure for Playwright.","linkId":"cmn13af6h000bz5ybmuw79lj9","url":"https://example.com/fallback-favicon-1774143591321"},"timestamp":"2026-03-22T01:39:55.133Z"}
 POST /api/test/mina/chat/completions [32m200[39m in 1896µs[2m (next.js: 642µs, application-code: 1254µs)[22m
 GET /media/7b25f392-baa8-4f54-9e6d-00b81b92e9e3 [32m200[39m in 8ms[2m (next.js: 3ms, application-code: 5ms)[22m
 GET /app/links?saved=1 [32m200[39m in 58ms[2m (next.js: 3ms, proxy.ts: 10ms, application-code: 45ms)[22m
 GET /app/links?favicon=1 [32m200[39m in 61ms[2m (next.js: 995µs, proxy.ts: 10ms, application-code: 50ms)[22m
 POST /app/links?saved=1 [34m303[39m in 79ms[2m (next.js: 1318µs, proxy.ts: 5ms, application-code: 73ms)[22m
  └─ ƒ refreshLinkFaviconAction("cmn13af6h000bz5ybmuw79lj9") in 8ms [2msrc/app/app/links/actions.ts[22m
 GET /media/7b25f392-baa8-4f54-9e6d-00b81b92e9e3 [32m200[39m in 11ms[2m (next.js: 3ms, application-code: 8ms)[22m
 GET /media/3533ec41-c63d-489b-8109-c9c89d6a2294 [32m200[39m in 11ms[2m (next.js: 5ms, application-code: 6ms)[22m
 GET /media/draft-note-image-1774143598332 [33m404[39m in 4ms[2m (next.js: 700µs, application-code: 3ms)[22m
 GET /login [32m200[39m in 15ms[2m (next.js: 751µs, application-code: 15ms)[22m
 GET /app [32m200[39m in 23ms[2m (next.js: 873µs, proxy.ts: 2ms, application-code: 20ms)[22m
 POST /login [34m303[39m in 62ms[2m (next.js: 1313µs, application-code: 60ms)[22m
  └─ ƒ loginAction({}) in 33ms [2msrc/app/login/actions.ts[22m
 GET /media/draft-note-image-1774143598332 [32m200[39m in 10ms[2m (next.js: 1754µs, application-code: 8ms)[22m
 GET /media/draft-note-image-1774143598332 [32m200[39m in 6ms[2m (next.js: 603µs, application-code: 5ms)[22m
 GET /media/published-note-image-1774143598690 [32m200[39m in 5ms[2m (next.js: 1456µs, application-code: 4ms)[22m
 GET /media/hidden-note-image-1774143598690 [33m404[39m in 3ms[2m (next.js: 657µs, application-code: 1955µs)[22m
 GET /media/published-link-favicon-1774143598690 [32m200[39m in 4ms[2m (next.js: 708µs, application-code: 4ms)[22m
 GET /login [32m200[39m in 14ms[2m (next.js: 874µs, application-code: 13ms)[22m
 GET /app [32m200[39m in 22ms[2m (next.js: 912µs, proxy.ts: 3ms, application-code: 18ms)[22m
 POST /login [34m303[39m in 57ms[2m (next.js: 882µs, application-code: 56ms)[22m
  └─ ƒ loginAction({}) in 31ms [2msrc/app/login/actions.ts[22m
 GET /media/published-note-image-1774143598690 [32m200[39m in 9ms[2m (next.js: 1291µs, application-code: 8ms)[22m
 GET /app/notes/new [32m200[39m in 16ms[2m (next.js: 870µs, proxy.ts: 3ms, application-code: 12ms)[22m
 GET /app/notes/cmn13aicw000cz5ybfi4z6aog/edit?saved=1 [32m200[39m in 24ms[2m (next.js: 2ms, proxy.ts: 2ms, application-code: 19ms)[22m
 POST /app/notes/new [34m303[39m in 42ms[2m (next.js: 980µs, proxy.ts: 3ms, application-code: 38ms)[22m
  └─ ƒ createNoteAction({}) in 6ms [2msrc/app/app/notes/actions.ts[22m
 GET /app/notes/cmn13aicw000cz5ybfi4z6aog/edit?saved=1 [32m200[39m in 44ms[2m (next.js: 7ms, proxy.ts: 10ms, application-code: 27ms)[22m
 GET /app [32m200[39m in 58ms[2m (next.js: 2ms, proxy.ts: 7ms, application-code: 49ms)[22m
 GET /media/published-note-image-1774143598690 [32m200[39m in 11ms[2m (next.js: 3ms, application-code: 7ms)[22m
 GET /login [32m200[39m in 17ms[2m (next.js: 937µs, application-code: 17ms)[22m
 GET /app [32m200[39m in 32ms[2m (next.js: 1059µs, proxy.ts: 2ms, application-code: 28ms)[22m
 POST /login [34m303[39m in 66ms[2m (next.js: 965µs, application-code: 65ms)[22m
  └─ ƒ loginAction({}) in 30ms [2msrc/app/login/actions.ts[22m
 GET /app/notes/new [32m200[39m in 35ms[2m (next.js: 1159µs, proxy.ts: 3ms, application-code: 31ms)[22m
 POST /api/notes/images [32m201[39m in 32ms[2m (next.js: 23ms, application-code: 9ms)[22m
 GET /media/a804bd0b-c7c7-422f-8766-76e98314145e [32m200[39m in 11ms[2m (next.js: 4ms, application-code: 7ms)[22m
 GET /app/notes/cmn13al7k000dz5ybu5d5gkso/edit?saved=1 [32m200[39m in 23ms[2m (next.js: 2ms, proxy.ts: 3ms, application-code: 18ms)[22m
 POST /app/notes/new [34m303[39m in 44ms[2m (next.js: 1137µs, proxy.ts: 9ms, application-code: 34ms)[22m
  └─ ƒ createNoteAction({}) in 8ms [2msrc/app/app/notes/actions.ts[22m
 GET /media/a804bd0b-c7c7-422f-8766-76e98314145e [32m200[39m in 8ms[2m (next.js: 1167µs, application-code: 7ms)[22m
 GET / [32m200[39m in 18ms[2m (next.js: 839µs, application-code: 17ms)[22m
 GET /login [32m200[39m in 15ms[2m (next.js: 1010µs, application-code: 14ms)[22m
 GET /login [32m200[39m in 14ms[2m (next.js: 758µs, application-code: 14ms)[22m
 GET /login [32m200[39m in 19ms[2m (next.js: 726µs, application-code: 18ms)[22m
 GET /app [32m200[39m in 20ms[2m (next.js: 998µs, proxy.ts: 2ms, application-code: 17ms)[22m
 POST /login [34m303[39m in 56ms[2m (next.js: 879µs, application-code: 55ms)[22m
  └─ ƒ loginAction({}) in 30ms [2msrc/app/login/actions.ts[22m
 GET /app/notes/cmn13alwg0008z7ybq76h1hee/edit [32m200[39m in 43ms[2m (next.js: 2ms, proxy.ts: 3ms, application-code: 38ms)[22m
 GET /login [32m200[39m in 15ms[2m (next.js: 752µs, application-code: 14ms)[22m
 GET /app [32m200[39m in 29ms[2m (next.js: 779µs, proxy.ts: 2ms, application-code: 26ms)[22m
 POST /login [34m303[39m in 63ms[2m (next.js: 899µs, application-code: 62ms)[22m
  └─ ƒ loginAction({}) in 30ms [2msrc/app/login/actions.ts[22m
 GET /app/notes/cmn13amdy0009z7yb15rqfa9i/edit [32m200[39m in 42ms[2m (next.js: 2ms, proxy.ts: 3ms, application-code: 37ms)[22m
 GET / [32m200[39m in 18ms[2m (next.js: 864µs, application-code: 17ms)[22m
 GET / [32m200[39m in 18ms[2m (next.js: 799µs, application-code: 17ms)[22m
 GET / [32m200[39m in 18ms[2m (next.js: 820µs, application-code: 17ms)[22m
 GET / [32m200[39m in 22ms[2m (next.js: 751µs, application-code: 21ms)[22m
 GET /login [32m200[39m in 16ms[2m (next.js: 790µs, application-code: 15ms)[22m
 GET /app [32m200[39m in 20ms[2m (next.js: 939µs, proxy.ts: 2ms, application-code: 17ms)[22m
 POST /login [34m303[39m in 55ms[2m (next.js: 895µs, application-code: 54ms)[22m
  └─ ƒ loginAction({}) in 31ms [2msrc/app/login/actions.ts[22m
 GET /app/notes/new [32m200[39m in 26ms[2m (next.js: 868µs, proxy.ts: 3ms, application-code: 22ms)[22m
 GET /app/notes/cmn13ao6c000ez5ybkybkwc5t/edit?saved=1 [32m200[39m in 22ms[2m (next.js: 2ms, proxy.ts: 2ms, application-code: 18ms)[22m
 POST /app/notes/new [34m303[39m in 36ms[2m (next.js: 931µs, proxy.ts: 3ms, application-code: 32ms)[22m
  └─ ƒ createNoteAction({}) in 6ms [2msrc/app/app/notes/actions.ts[22m
 GET /login [32m200[39m in 24ms[2m (next.js: 804µs, application-code: 23ms)[22m
 GET /app [32m200[39m in 21ms[2m (next.js: 988µs, proxy.ts: 3ms, application-code: 18ms)[22m
 POST /login [34m303[39m in 55ms[2m (next.js: 979µs, application-code: 54ms)[22m
  └─ ƒ loginAction({}) in 30ms [2msrc/app/login/actions.ts[22m
 GET /app/notes/cmn13ao98000tz7yba2ykjzp5/edit [32m200[39m in 43ms[2m (next.js: 2ms, proxy.ts: 3ms, application-code: 38ms)[22m
 GET /login [32m200[39m in 16ms[2m (next.js: 804µs, application-code: 16ms)[22m
 GET /app [32m200[39m in 27ms[2m (next.js: 946µs, proxy.ts: 2ms, application-code: 23ms)[22m
 POST /login [34m303[39m in 61ms[2m (next.js: 899µs, application-code: 60ms)[22m
  └─ ƒ loginAction({}) in 31ms [2msrc/app/login/actions.ts[22m
 GET /app/notes/new [32m200[39m in 29ms[2m (next.js: 851µs, proxy.ts: 3ms, application-code: 25ms)[22m
 GET /media/3b92f5a1-6c7b-417c-b948-3dfdce5a8efe-with-extra-wrap-length-for-the-gutter [33m404[39m in 7ms[2m (next.js: 2ms, application-code: 5ms)[22m
 GET /login [32m200[39m in 17ms[2m (next.js: 748µs, application-code: 16ms)[22m
 GET /app [32m200[39m in 22ms[2m (next.js: 848µs, proxy.ts: 2ms, application-code: 19ms)[22m
 POST /login [34m303[39m in 56ms[2m (next.js: 894µs, application-code: 55ms)[22m
  └─ ƒ loginAction({}) in 30ms [2msrc/app/login/actions.ts[22m
 GET /app/notes/cmn13ap3g000vz7ybx1k8z3ai/edit [32m200[39m in 47ms[2m (next.js: 2ms, proxy.ts: 3ms, application-code: 42ms)[22m
 GET /login [32m200[39m in 22ms[2m (next.js: 849µs, application-code: 21ms)[22m
 GET /app [32m200[39m in 22ms[2m (next.js: 905µs, proxy.ts: 2ms, application-code: 18ms)[22m
 POST /login [34m303[39m in 56ms[2m (next.js: 901µs, application-code: 55ms)[22m
  └─ ƒ loginAction({}) in 30ms [2msrc/app/login/actions.ts[22m
 GET /app/notes/cmn13apir000wz7ybjtuac243/edit [32m200[39m in 43ms[2m (next.js: 2ms, proxy.ts: 3ms, application-code: 39ms)[22m
 GET /app/notes/cmn13apir000wz7ybjtuac243/edit?saved=1 [32m200[39m in 23ms[2m (next.js: 1268µs, proxy.ts: 2ms, application-code: 20ms)[22m
 POST /app/notes/cmn13apir000wz7ybjtuac243/edit [34m303[39m in 39ms[2m (next.js: 2ms, proxy.ts: 3ms, application-code: 34ms)[22m
  └─ ƒ updateNoteAction("cmn13apir000wz7ybjtuac243", {}) in 6ms [2msrc/app/app/notes/actions.ts[22m
 GET /login [32m200[39m in 25ms[2m (next.js: 911µs, application-code: 24ms)[22m
 GET /app [32m200[39m in 21ms[2m (next.js: 868µs, proxy.ts: 3ms, application-code: 18ms)[22m
 POST /login [34m303[39m in 56ms[2m (next.js: 967µs, application-code: 55ms)[22m
  └─ ƒ loginAction({}) in 30ms [2msrc/app/login/actions.ts[22m
 GET /app/notes/cmn13aqd1000xz7ybhcpj42fh/edit [32m200[39m in 43ms[2m (next.js: 2ms, proxy.ts: 3ms, application-code: 38ms)[22m
 GET /login [32m200[39m in 17ms[2m (next.js: 804µs, application-code: 16ms)[22m
 GET /app [32m200[39m in 22ms[2m (next.js: 1116µs, proxy.ts: 2ms, application-code: 19ms)[22m
 POST /login [34m303[39m in 57ms[2m (next.js: 1002µs, application-code: 56ms)[22m
  └─ ƒ loginAction({}) in 30ms [2msrc/app/login/actions.ts[22m
 GET /app/notes/cmn13aqv0000yz7yb2eou2fi9/edit [32m200[39m in 52ms[2m (next.js: 2ms, proxy.ts: 3ms, application-code: 47ms)[22m
 GET /app/notes/cmn13aqv0000yz7yb2eou2fi9/edit?saved=1 [32m200[39m in 24ms[2m (next.js: 1449µs, proxy.ts: 2ms, application-code: 20ms)[22m
 POST /app/notes/cmn13aqv0000yz7yb2eou2fi9/edit [34m303[39m in 40ms[2m (next.js: 2ms, proxy.ts: 4ms, application-code: 34ms)[22m
  └─ ƒ updateNoteAction("cmn13aqv0000yz7yb2eou2fi9", {}) in 6ms [2msrc/app/app/notes/actions.ts[22m
 GET /app/notes/cmn13aqv0000yz7yb2eou2fi9/edit?saved=1 [32m200[39m in 41ms[2m (next.js: 1430µs, proxy.ts: 3ms, application-code: 37ms)[22m
 GET /login [32m200[39m in 16ms[2m (next.js: 822µs, application-code: 15ms)[22m
 GET /app [32m200[39m in 28ms[2m (next.js: 925µs, proxy.ts: 3ms, application-code: 24ms)[22m
 POST /login [34m303[39m in 61ms[2m (next.js: 1150µs, application-code: 60ms)[22m
  └─ ƒ loginAction({}) in 29ms [2msrc/app/login/actions.ts[22m
 GET /app/notes/cmn13arok000zz7yb31gowqo7/edit [32m200[39m in 44ms[2m (next.js: 2ms, proxy.ts: 2ms, application-code: 39ms)[22m
 GET /login [32m200[39m in 16ms[2m (next.js: 799µs, application-code: 15ms)[22m
 GET /app [32m200[39m in 22ms[2m (next.js: 1186µs, proxy.ts: 2ms, application-code: 18ms)[22m
 POST /login [34m303[39m in 56ms[2m (next.js: 932µs, application-code: 55ms)[22m
  └─ ƒ loginAction({}) in 30ms [2msrc/app/login/actions.ts[22m
 GET /app/notes/cmn13as5s0010z7yb7zp6zlcr/edit [32m200[39m in 50ms[2m (next.js: 2ms, proxy.ts: 2ms, application-code: 45ms)[22m
 GET /app/notes/cmn13as5s0010z7yb7zp6zlcr/edit?saved=1 [32m200[39m in 24ms[2m (next.js: 1393µs, proxy.ts: 2ms, application-code: 20ms)[22m
 POST /app/notes/cmn13as5s0010z7yb7zp6zlcr/edit [34m303[39m in 40ms[2m (next.js: 2ms, proxy.ts: 3ms, application-code: 35ms)[22m
  └─ ƒ updateNoteAction("cmn13as5s0010z7yb7zp6zlcr", {}) in 7ms [2msrc/app/app/notes/actions.ts[22m
 GET /login [32m200[39m in 17ms[2m (next.js: 859µs, application-code: 16ms)[22m
 GET /app [32m200[39m in 22ms[2m (next.js: 1056µs, proxy.ts: 2ms, application-code: 19ms)[22m
 POST /login [34m303[39m in 56ms[2m (next.js: 949µs, application-code: 55ms)[22m
  └─ ƒ loginAction({}) in 30ms [2msrc/app/login/actions.ts[22m
 GET /app/notes/new [32m200[39m in 30ms[2m (next.js: 869µs, proxy.ts: 3ms, application-code: 26ms)[22m
 GET /login [32m200[39m in 29ms[2m (next.js: 778µs, application-code: 28ms)[22m
 GET /app [32m200[39m in 22ms[2m (next.js: 897µs, proxy.ts: 2ms, application-code: 18ms)[22m
 POST /login [34m303[39m in 55ms[2m (next.js: 934µs, application-code: 54ms)[22m
  └─ ƒ loginAction({}) in 30ms [2msrc/app/login/actions.ts[22m
 GET /app/notes/cmn13atk10012z7ybaqggf71w/edit [32m200[39m in 44ms[2m (next.js: 2ms, proxy.ts: 3ms, application-code: 39ms)[22m
 GET /login [32m200[39m in 17ms[2m (next.js: 838µs, application-code: 16ms)[22m
 GET /app [32m200[39m in 27ms[2m (next.js: 910µs, proxy.ts: 2ms, application-code: 24ms)[22m
 POST /login [34m303[39m in 62ms[2m (next.js: 876µs, application-code: 62ms)[22m
  └─ ƒ loginAction({}) in 30ms [2msrc/app/login/actions.ts[22m
 GET /app/notes/cmn13au150013z7ybrjupm4qz/edit [32m200[39m in 43ms[2m (next.js: 2ms, proxy.ts: 3ms, application-code: 39ms)[22m
 GET /media/ui-note-images-draft-1774143614903 [33m404[39m in 6ms[2m (next.js: 2ms, application-code: 3ms)[22m
 GET /login [32m200[39m in 19ms[2m (next.js: 1709µs, application-code: 17ms)[22m
 GET /app [32m200[39m in 23ms[2m (next.js: 1010µs, proxy.ts: 2ms, application-code: 20ms)[22m
 POST /login [34m303[39m in 57ms[2m (next.js: 891µs, application-code: 56ms)[22m
  └─ ƒ loginAction({}) in 30ms [2msrc/app/login/actions.ts[22m
 GET /media/ui-note-images-published-first-1774143614903 [32m200[39m in 8ms[2m (next.js: 1207µs, application-code: 7ms)[22m
 GET /media/ui-note-images-draft-1774143614903 [32m200[39m in 9ms[2m (next.js: 2ms, application-code: 7ms)[22m
 GET / [32m200[39m in 17ms[2m (next.js: 753µs, application-code: 16ms)[22m
 GET /media/ui-note-images-published-first-1774143614903 [32m200[39m in 9ms[2m (next.js: 1319µs, application-code: 7ms)[22m
 GET /notes/published-note-image-card [32m200[39m in 49ms[2m (next.js: 3ms, application-code: 46ms)[22m
 GET /media/ui-note-images-published-first-1774143614903 [32m200[39m in 16ms[2m (next.js: 3ms, application-code: 13ms)[22m
 GET /media/ui-note-images-published-second-1774143614903 [32m200[39m in 15ms[2m (next.js: 4ms, application-code: 12ms)[22m
 GET /login [32m200[39m in 17ms[2m (next.js: 826µs, application-code: 16ms)[22m
 GET /app [32m200[39m in 25ms[2m (next.js: 955µs, proxy.ts: 3ms, application-code: 21ms)[22m
 POST /login [34m303[39m in 60ms[2m (next.js: 1023µs, application-code: 59ms)[22m
  └─ ƒ loginAction({}) in 31ms [2msrc/app/login/actions.ts[22m
 GET /login [32m200[39m in 17ms[2m (next.js: 771µs, application-code: 16ms)[22m
 GET /app [32m200[39m in 29ms[2m (next.js: 837µs, proxy.ts: 2ms, application-code: 26ms)[22m
 POST /login [34m303[39m in 62ms[2m (next.js: 1063µs, application-code: 61ms)[22m
  └─ ƒ loginAction({}) in 29ms [2msrc/app/login/actions.ts[22m
 GET /login [32m200[39m in 18ms[2m (next.js: 935µs, application-code: 17ms)[22m
 GET /app [32m200[39m in 22ms[2m (next.js: 969µs, proxy.ts: 2ms, application-code: 19ms)[22m
 POST /login [34m303[39m in 56ms[2m (next.js: 1044µs, application-code: 55ms)[22m
  └─ ƒ loginAction({}) in 30ms [2msrc/app/login/actions.ts[22m
 GET /app/links [32m200[39m in 51ms[2m (next.js: 1573µs, proxy.ts: 3ms, application-code: 47ms)[22m
 GET /login [32m200[39m in 20ms[2m (next.js: 751µs, application-code: 20ms)[22m
 GET /app [32m200[39m in 22ms[2m (next.js: 894µs, proxy.ts: 2ms, application-code: 19ms)[22m
 POST /login [34m303[39m in 57ms[2m (next.js: 877µs, application-code: 56ms)[22m
  └─ ƒ loginAction({}) in 31ms [2msrc/app/login/actions.ts[22m
 GET /app/links [32m200[39m in 50ms[2m (next.js: 888µs, proxy.ts: 2ms, application-code: 46ms)[22m
 GET /login [32m200[39m in 16ms[2m (next.js: 808µs, application-code: 15ms)[22m
 GET /app [32m200[39m in 22ms[2m (next.js: 995µs, proxy.ts: 2ms, application-code: 19ms)[22m
 POST /login [34m303[39m in 56ms[2m (next.js: 1020µs, application-code: 55ms)[22m
  └─ ƒ loginAction({}) in 30ms [2msrc/app/login/actions.ts[22m
 GET /app/tags?tag=studio-systems [32m200[39m in 44ms[2m (next.js: 2ms, proxy.ts: 3ms, application-code: 39ms)[22m
 GET /login [32m200[39m in 17ms[2m (next.js: 1040µs, application-code: 16ms)[22m
 GET /app [32m200[39m in 23ms[2m (next.js: 1236µs, proxy.ts: 3ms, application-code: 20ms)[22m
 POST /login [34m303[39m in 58ms[2m (next.js: 917µs, application-code: 57ms)[22m
  └─ ƒ loginAction({}) in 30ms [2msrc/app/login/actions.ts[22m
 GET /app/tags?tag=studio-systems [32m200[39m in 41ms[2m (next.js: 897µs, proxy.ts: 3ms, application-code: 37ms)[22m
 GET /login [32m200[39m in 17ms[2m (next.js: 779µs, application-code: 16ms)[22m
 GET /app [32m200[39m in 23ms[2m (next.js: 1032µs, proxy.ts: 2ms, application-code: 19ms)[22m
 POST /login [34m303[39m in 57ms[2m (next.js: 951µs, application-code: 56ms)[22m
  └─ ƒ loginAction({}) in 29ms [2msrc/app/login/actions.ts[22m
 GET /app/search?q=rhythm [32m200[39m in 46ms[2m (next.js: 1425µs, proxy.ts: 3ms, application-code: 42ms)[22m
 GET /login [32m200[39m in 17ms[2m (next.js: 763µs, application-code: 16ms)[22m
 GET /app [32m200[39m in 23ms[2m (next.js: 888µs, proxy.ts: 3ms, application-code: 20ms)[22m
 POST /login [34m303[39m in 59ms[2m (next.js: 873µs, application-code: 58ms)[22m
  └─ ƒ loginAction({}) in 31ms [2msrc/app/login/actions.ts[22m
 GET /app/search?q=rhythm [32m200[39m in 40ms[2m (next.js: 1025µs, proxy.ts: 3ms, application-code: 37ms)[22m
 GET / [32m200[39m in 18ms[2m (next.js: 786µs, application-code: 17ms)[22m
 GET / [32m200[39m in 23ms[2m (next.js: 756µs, application-code: 22ms)[22m
 GET /notes/public-notes-should-read-like-finished-pages-not-dashboards [32m200[39m in 27ms[2m (next.js: 1786µs, application-code: 25ms)[22m
 GET /notes/public-notes-should-read-like-finished-pages-not-dashboards [32m200[39m in 20ms[2m (next.js: 1814µs, application-code: 18ms)[22m
 GET / [32m200[39m in 18ms[2m (next.js: 866µs, application-code: 17ms)[22m
 GET / [32m200[39m in 18ms[2m (next.js: 966µs, application-code: 17ms)[22m
 GET / [32m200[39m in 17ms[2m (next.js: 874µs, application-code: 16ms)[22m
 GET /notes/tag-chips-should-fit-a-calmer-public-hierarchy [32m200[39m in 19ms[2m (next.js: 1618µs, application-code: 18ms)[22m
 GET / [32m200[39m in 17ms[2m (next.js: 740µs, application-code: 16ms)[22m
 GET /login [32m200[39m in 17ms[2m (next.js: 874µs, application-code: 16ms)[22m
 GET /login [32m200[39m in 16ms[2m (next.js: 751µs, application-code: 15ms)[22m
 GET /app [32m200[39m in 21ms[2m (next.js: 927µs, proxy.ts: 2ms, application-code: 18ms)[22m
 POST /login [34m303[39m in 56ms[2m (next.js: 859µs, application-code: 55ms)[22m
  └─ ƒ loginAction({}) in 30ms [2msrc/app/login/actions.ts[22m
 GET /login [32m200[39m in 21ms[2m (next.js: 784µs, application-code: 21ms)[22m
 GET /app [32m200[39m in 21ms[2m (next.js: 882µs, proxy.ts: 2ms, application-code: 18ms)[22m
 POST /login [34m303[39m in 55ms[2m (next.js: 958µs, application-code: 54ms)[22m
  └─ ƒ loginAction({}) in 30ms [2msrc/app/login/actions.ts[22m
