
> minakeep@0.1.0 dev
> next dev --hostname 127.0.0.1 --port 3100

[1m[38;2;173;127;168m▲ Next.js 16.2.0[39m[22m (Turbopack)
- Local:         http://127.0.0.1:3100
- Network:       http://127.0.0.1:3100
- Environments: .env
[32m[1m✓[22m[39m Ready in 201ms

 GET /api/health [32m200[39m in 104ms[2m (next.js: 92ms, application-code: 13ms)[22m
 GET /login [32m200[39m in 169ms[2m (next.js: 44ms, application-code: 124ms)[22m
 GET /app [32m200[39m in 87ms[2m (next.js: 12ms, proxy.ts: 35ms, application-code: 39ms)[22m
 POST /login [34m303[39m in 198ms[2m (next.js: 1921µs, application-code: 196ms)[22m
  └─ ƒ loginAction({}) in 99ms [2msrc/app/login/actions.ts[22m
 GET / [32m200[39m in 50ms[2m (next.js: 9ms, application-code: 42ms)[22m
 GET /login?callbackUrl=http%3A%2F%2Flocalhost%3A3100%2Fapp%2Fsearch [32m200[39m in 22ms[2m (next.js: 787µs, application-code: 22ms)[22m
 GET /login?callbackUrl=http%3A%2F%2Flocalhost%3A3100%2Fapp%2Fnotes%2Fnew [32m200[39m in 19ms[2m (next.js: 908µs, application-code: 18ms)[22m
 GET /app [32m200[39m in 27ms[2m (next.js: 1016µs, proxy.ts: 3ms, application-code: 23ms)[22m
 POST /login?callbackUrl=http%3A%2F%2Flocalhost%3A3100%2Fapp%2Fnotes%2Fnew [34m303[39m in 63ms[2m (next.js: 1041µs, application-code: 62ms)[22m
  └─ ƒ loginAction({}) in 30ms [2msrc/app/login/actions.ts[22m
 GET /app/notes/new [32m200[39m in 32ms[2m (next.js: 13ms, proxy.ts: 5ms, application-code: 14ms)[22m
 GET /app/notes/cmn17hnb5000085ybp2k8gysa/edit?saved=1 [32m200[39m in 278ms[2m (next.js: 248ms, proxy.ts: 3ms, application-code: 27ms)[22m
 POST /app/notes/new [34m303[39m in 313ms[2m (next.js: 1454µs, proxy.ts: 4ms, application-code: 308ms)[22m
  └─ ƒ createNoteAction({}) in 25ms [2msrc/app/app/notes/actions.ts[22m
 POST /app/notes/cmn17hnb5000085ybp2k8gysa/edit?saved=1 [34m303[39m in 133ms[2m (next.js: 5ms, proxy.ts: 4ms, application-code: 124ms)[22m
  └─ ƒ updateNoteAction("cmn17hnb5000085ybp2k8gysa", {}) in 33ms [2msrc/app/app/notes/actions.ts[22m
 GET /app [32m200[39m in 179ms[2m (next.js: 1191µs, proxy.ts: 14ms, application-code: 164ms)[22m
 GET /app/notes/cmn17hnb5000085ybp2k8gysa/edit?saved=1 [32m200[39m in 148ms[2m (next.js: 4ms, proxy.ts: 91ms, application-code: 52ms)[22m
 GET /app/notes/cmn17hnb5000085ybp2k8gysa/edit [32m200[39m in 28ms[2m (next.js: 2ms, proxy.ts: 4ms, application-code: 23ms)[22m
 GET /login [32m200[39m in 18ms[2m (next.js: 1786µs, application-code: 16ms)[22m
 GET /app [32m200[39m in 27ms[2m (next.js: 1266µs, proxy.ts: 3ms, application-code: 23ms)[22m
 POST /login [34m303[39m in 61ms[2m (next.js: 898µs, application-code: 60ms)[22m
  └─ ƒ loginAction({}) in 30ms [2msrc/app/login/actions.ts[22m
 GET /app/notes/new [32m200[39m in 16ms[2m (next.js: 979µs, proxy.ts: 3ms, application-code: 12ms)[22m
 GET /app/notes/cmn17ho9c000185ybrt1tnb0b/edit?saved=1 [32m200[39m in 34ms[2m (next.js: 2ms, proxy.ts: 3ms, application-code: 29ms)[22m
 POST /app/notes/new [34m303[39m in 52ms[2m (next.js: 985µs, proxy.ts: 3ms, application-code: 48ms)[22m
  └─ ƒ createNoteAction({}) in 7ms [2msrc/app/app/notes/actions.ts[22m
 POST /api/test/mina/chat/completions [32m200[39m in 1514ms[2m (next.js: 14ms, application-code: 1500ms)[22m
 GET /app/notes/cmn17ho9c000185ybrt1tnb0b/edit?saved=1 [32m200[39m in 41ms[2m (next.js: 5ms, proxy.ts: 7ms, application-code: 28ms)[22m
 GET /app/notes/cmn17ho9c000185ybrt1tnb0b/edit?retried=1 [32m200[39m in 30ms[2m (next.js: 1810µs, proxy.ts: 3ms, application-code: 25ms)[22m
 POST /app/notes/cmn17ho9c000185ybrt1tnb0b/edit?saved=1 [34m303[39m in 51ms[2m (next.js: 4ms, proxy.ts: 6ms, application-code: 41ms)[22m
  └─ ƒ retryNoteEnrichmentAction("cmn17ho9c000185ybrt1tnb0b") in 7ms [2msrc/app/app/notes/actions.ts[22m
 POST /api/test/mina/chat/completions [32m200[39m in 1511ms[2m (next.js: 1342µs, application-code: 1510ms)[22m
 GET /app/notes/cmn17ho9c000185ybrt1tnb0b/edit?retried=1 [32m200[39m in 47ms[2m (next.js: 6ms, proxy.ts: 10ms, application-code: 31ms)[22m
 GET /login [32m200[39m in 22ms[2m (next.js: 863µs, application-code: 21ms)[22m
 GET /app [32m200[39m in 30ms[2m (next.js: 906µs, proxy.ts: 3ms, application-code: 27ms)[22m
 POST /login [34m303[39m in 68ms[2m (next.js: 963µs, application-code: 67ms)[22m
  └─ ƒ loginAction({}) in 31ms [2msrc/app/login/actions.ts[22m
 GET /app/notes/new [32m200[39m in 17ms[2m (next.js: 1340µs, proxy.ts: 3ms, application-code: 12ms)[22m
 GET /app/notes/cmn17htam000285yb6mdtzibi/edit?saved=1 [32m200[39m in 31ms[2m (next.js: 3ms, proxy.ts: 2ms, application-code: 26ms)[22m
 POST /app/notes/new [34m303[39m in 50ms[2m (next.js: 1023µs, proxy.ts: 3ms, application-code: 45ms)[22m
  └─ ƒ createNoteAction({}) in 6ms [2msrc/app/app/notes/actions.ts[22m
 GET /app/notes/cmn17htam000285yb6mdtzibi/edit?published=1 [32m200[39m in 28ms[2m (next.js: 1271µs, proxy.ts: 2ms, application-code: 24ms)[22m
 POST /app/notes/cmn17htam000285yb6mdtzibi/edit?saved=1 [34m303[39m in 40ms[2m (next.js: 2ms, proxy.ts: 3ms, application-code: 35ms)[22m
  └─ ƒ publishNoteAction("cmn17htam000285yb6mdtzibi") in 4ms [2msrc/app/app/notes/actions.ts[22m
 GET / [32m200[39m in 26ms[2m (next.js: 875µs, application-code: 25ms)[22m
 GET /notes/public-note-1774150657969 [32m200[39m in 210ms[2m (next.js: 196ms, application-code: 13ms)[22m
 GET /app [32m200[39m in 49ms[2m (next.js: 960µs, proxy.ts: 3ms, application-code: 45ms)[22m
 GET /app/notes/cmn17htam000285yb6mdtzibi/edit [32m200[39m in 20ms[2m (next.js: 2ms, proxy.ts: 3ms, application-code: 15ms)[22m
 GET /app/notes/cmn17htam000285yb6mdtzibi/edit?unpublished=1 [32m200[39m in 27ms[2m (next.js: 1229µs, proxy.ts: 2ms, application-code: 23ms)[22m
 POST /app/notes/cmn17htam000285yb6mdtzibi/edit [34m303[39m in 43ms[2m (next.js: 2ms, proxy.ts: 5ms, application-code: 35ms)[22m
  └─ ƒ unpublishNoteAction("cmn17htam000285yb6mdtzibi") in 5ms [2msrc/app/app/notes/actions.ts[22m
 GET / [32m200[39m in 22ms[2m (next.js: 961µs, application-code: 21ms)[22m
 GET /notes/public-note-1774150657969 [33m404[39m in 43ms[2m (next.js: 1725µs, application-code: 41ms)[22m
 GET /login [32m200[39m in 20ms[2m (next.js: 770µs, application-code: 19ms)[22m
 GET /app [32m200[39m in 31ms[2m (next.js: 1044µs, proxy.ts: 2ms, application-code: 27ms)[22m
 POST /login [34m303[39m in 66ms[2m (next.js: 899µs, application-code: 65ms)[22m
  └─ ƒ loginAction({}) in 30ms [2msrc/app/login/actions.ts[22m
 GET /app/links [32m200[39m in 32ms[2m (next.js: 12ms, proxy.ts: 3ms, application-code: 17ms)[22m
 GET /app/links?saved=1 [32m200[39m in 32ms[2m (next.js: 828µs, proxy.ts: 2ms, application-code: 29ms)[22m
 POST /app/links [34m303[39m in 49ms[2m (next.js: 1009µs, proxy.ts: 3ms, application-code: 44ms)[22m
  └─ ƒ createLinkAction({}) in 8ms [2msrc/app/app/links/actions.ts[22m
 POST /api/test/mina/chat/completions [32m200[39m in 3ms[2m (next.js: 678µs, application-code: 2ms)[22m
{"level":"warn","message":"Link favicon could not be resolved.","metadata":{"linkId":"cmn17hujn000385ybde3cxz9j","url":"https://example.com/reference-1774150659622"},"timestamp":"2026-03-22T03:37:40.178Z"}
 GET /app/links?saved=1 [32m200[39m in 36ms[2m (next.js: 1665µs, proxy.ts: 5ms, application-code: 29ms)[22m
 GET / [32m200[39m in 39ms[2m (next.js: 2ms, application-code: 36ms)[22m
 GET /login [32m200[39m in 17ms[2m (next.js: 842µs, application-code: 16ms)[22m
 GET /app [32m200[39m in 28ms[2m (next.js: 1001µs, proxy.ts: 3ms, application-code: 24ms)[22m
 POST /login [34m303[39m in 63ms[2m (next.js: 943µs, application-code: 62ms)[22m
  └─ ƒ loginAction({}) in 30ms [2msrc/app/login/actions.ts[22m
 GET /app/links [32m200[39m in 21ms[2m (next.js: 915µs, proxy.ts: 3ms, application-code: 17ms)[22m
 GET /app/links?saved=1 [32m200[39m in 30ms[2m (next.js: 901µs, proxy.ts: 3ms, application-code: 26ms)[22m
 POST /app/links [34m303[39m in 44ms[2m (next.js: 894µs, proxy.ts: 3ms, application-code: 40ms)[22m
  └─ ƒ createLinkAction({}) in 6ms [2msrc/app/app/links/actions.ts[22m
 POST /api/test/mina/chat/completions [32m200[39m in 3ms[2m (next.js: 729µs, application-code: 1920µs)[22m
{"level":"warn","message":"Link favicon could not be resolved.","metadata":{"linkId":"cmn17hxag000485yb2yy7uiha","url":"https://example.com/published-link-1774150663180"},"timestamp":"2026-03-22T03:37:43.715Z"}
 GET /app/links?saved=1 [32m200[39m in 47ms[2m (next.js: 2ms, proxy.ts: 7ms, application-code: 38ms)[22m
 GET /app/links?published=1 [32m200[39m in 34ms[2m (next.js: 1045µs, proxy.ts: 3ms, application-code: 30ms)[22m
 POST /app/links?saved=1 [34m303[39m in 57ms[2m (next.js: 1804µs, proxy.ts: 8ms, application-code: 48ms)[22m
  └─ ƒ publishLinkAction("cmn17hxag000485yb2yy7uiha") in 9ms [2msrc/app/app/links/actions.ts[22m
 GET / [32m200[39m in 23ms[2m (next.js: 904µs, application-code: 22ms)[22m
 GET /app/links [32m200[39m in 78ms[2m (next.js: 903µs, proxy.ts: 2ms, application-code: 74ms)[22m
 GET /app/links?unpublished=1 [32m200[39m in 28ms[2m (next.js: 807µs, proxy.ts: 2ms, application-code: 25ms)[22m
 POST /app/links [34m303[39m in 41ms[2m (next.js: 1233µs, proxy.ts: 3ms, application-code: 37ms)[22m
  └─ ƒ unpublishLinkAction("cmn17hxag000485yb2yy7uiha") in 6ms [2msrc/app/app/links/actions.ts[22m
 GET / [32m200[39m in 25ms[2m (next.js: 794µs, application-code: 24ms)[22m
 GET /login [32m200[39m in 17ms[2m (next.js: 794µs, application-code: 16ms)[22m
 GET /app [32m200[39m in 32ms[2m (next.js: 921µs, proxy.ts: 3ms, application-code: 29ms)[22m
 POST /login [34m303[39m in 66ms[2m (next.js: 1016µs, application-code: 65ms)[22m
  └─ ƒ loginAction({}) in 29ms [2msrc/app/login/actions.ts[22m
 GET /app/links [32m200[39m in 24ms[2m (next.js: 888µs, proxy.ts: 3ms, application-code: 20ms)[22m
 GET /app/links?saved=1 [32m200[39m in 31ms[2m (next.js: 848µs, proxy.ts: 2ms, application-code: 28ms)[22m
 POST /app/links [34m303[39m in 43ms[2m (next.js: 962µs, proxy.ts: 3ms, application-code: 39ms)[22m
  └─ ƒ createLinkAction({}) in 5ms [2msrc/app/app/links/actions.ts[22m
{"level":"warn","message":"Link favicon could not be resolved.","metadata":{"linkId":"cmn17i0e7000585ybechndtj2","url":"https://example.com/retry-link-1774150667213"},"timestamp":"2026-03-22T03:37:47.744Z"}
 POST /api/test/mina/chat/completions [32m200[39m in 1514ms[2m (next.js: 630µs, application-code: 1513ms)[22m
 GET /app/links?saved=1 [32m200[39m in 46ms[2m (next.js: 2ms, proxy.ts: 7ms, application-code: 38ms)[22m
 GET /app/links?retried=1 [32m200[39m in 53ms[2m (next.js: 1221µs, proxy.ts: 3ms, application-code: 49ms)[22m
 POST /app/links?saved=1 [34m303[39m in 79ms[2m (next.js: 1652µs, proxy.ts: 7ms, application-code: 71ms)[22m
  └─ ƒ retryLinkEnrichmentAction("cmn17i0e7000585ybechndtj2") in 13ms [2msrc/app/app/links/actions.ts[22m
 POST /api/test/mina/chat/completions [32m200[39m in 1512ms[2m (next.js: 608µs, application-code: 1512ms)[22m
 GET /app/links?retried=1 [32m200[39m in 53ms[2m (next.js: 3ms, proxy.ts: 11ms, application-code: 39ms)[22m
 GET /login [32m200[39m in 19ms[2m (next.js: 943µs, application-code: 18ms)[22m
 GET /app [32m200[39m in 28ms[2m (next.js: 939µs, proxy.ts: 3ms, application-code: 24ms)[22m
 POST /login [34m303[39m in 62ms[2m (next.js: 912µs, application-code: 61ms)[22m
  └─ ƒ loginAction({}) in 30ms [2msrc/app/login/actions.ts[22m
 GET /app/links [32m200[39m in 24ms[2m (next.js: 861µs, proxy.ts: 3ms, application-code: 21ms)[22m
 GET /app/links?error=invalid-url [32m200[39m in 29ms[2m (next.js: 848µs, proxy.ts: 3ms, application-code: 26ms)[22m
 POST /app/links [34m303[39m in 43ms[2m (next.js: 1219µs, proxy.ts: 3ms, application-code: 39ms)[22m
  └─ ƒ createLinkAction({}) in 7ms [2msrc/app/app/links/actions.ts[22m
 GET /login [32m200[39m in 17ms[2m (next.js: 773µs, application-code: 16ms)[22m
 GET /app [32m200[39m in 27ms[2m (next.js: 1113µs, proxy.ts: 2ms, application-code: 23ms)[22m
 POST /login [34m303[39m in 61ms[2m (next.js: 951µs, application-code: 60ms)[22m
  └─ ƒ loginAction({}) in 30ms [2msrc/app/login/actions.ts[22m
 GET /app/notes/new [32m200[39m in 16ms[2m (next.js: 883µs, proxy.ts: 3ms, application-code: 12ms)[22m
 GET /app/notes/cmn17i5ul000685ybf6hf6i0k/edit?saved=1 [32m200[39m in 53ms[2m (next.js: 3ms, proxy.ts: 3ms, application-code: 47ms)[22m
 POST /app/notes/new [34m303[39m in 68ms[2m (next.js: 931µs, proxy.ts: 3ms, application-code: 64ms)[22m
  └─ ƒ createNoteAction({}) in 6ms [2msrc/app/app/notes/actions.ts[22m
 GET /app/links [32m200[39m in 58ms[2m (next.js: 923µs, proxy.ts: 3ms, application-code: 54ms)[22m
 GET /app/links?saved=1 [32m200[39m in 30ms[2m (next.js: 875µs, proxy.ts: 2ms, application-code: 27ms)[22m
 POST /app/links [34m303[39m in 44ms[2m (next.js: 1273µs, proxy.ts: 4ms, application-code: 39ms)[22m
  └─ ƒ createLinkAction({}) in 5ms [2msrc/app/app/links/actions.ts[22m
 POST /api/test/mina/chat/completions [32m200[39m in 2ms[2m (next.js: 569µs, application-code: 1533µs)[22m
{"level":"warn","message":"Link favicon could not be resolved.","metadata":{"linkId":"cmn17i61r000785yb97qyzm3c","url":"https://example.com/url-needle-1774150674275"},"timestamp":"2026-03-22T03:37:55.048Z"}
 GET /app/links?saved=1 [32m200[39m in 59ms[2m (next.js: 3ms, proxy.ts: 10ms, application-code: 46ms)[22m
 GET /app/tags?tag=ai-owned [32m200[39m in 132ms[2m (next.js: 19ms, proxy.ts: 7ms, application-code: 106ms)[22m
 GET /app/tags [32m200[39m in 67ms[2m (next.js: 725µs, proxy.ts: 2ms, application-code: 64ms)[22m
 GET /app/search?q=Filtered%20note%201774150674275 [32m200[39m in 98ms[2m (next.js: 9ms, proxy.ts: 3ms, application-code: 86ms)[22m
 GET /app/search?q=url-needle-1774150674275 [32m200[39m in 58ms[2m (next.js: 822µs, proxy.ts: 3ms, application-code: 55ms)[22m
 GET /app/search?q=ai-owned [32m200[39m in 48ms[2m (next.js: 776µs, proxy.ts: 2ms, application-code: 45ms)[22m
 GET /login [32m200[39m in 16ms[2m (next.js: 799µs, application-code: 15ms)[22m
 GET /app [32m200[39m in 28ms[2m (next.js: 1041µs, proxy.ts: 2ms, application-code: 24ms)[22m
 POST /login [34m303[39m in 62ms[2m (next.js: 911µs, application-code: 61ms)[22m
  └─ ƒ loginAction({}) in 30ms [2msrc/app/login/actions.ts[22m
 GET /app/links [32m200[39m in 26ms[2m (next.js: 854µs, proxy.ts: 3ms, application-code: 22ms)[22m
 GET /app/links?saved=1 [32m200[39m in 44ms[2m (next.js: 850µs, proxy.ts: 3ms, application-code: 40ms)[22m
 POST /app/links [34m303[39m in 56ms[2m (next.js: 857µs, proxy.ts: 3ms, application-code: 53ms)[22m
  └─ ƒ createLinkAction({}) in 6ms [2msrc/app/app/links/actions.ts[22m
{"level":"warn","message":"Link favicon could not be resolved.","metadata":{"linkId":"cmn17i96m000885yb5xe41fn4","url":"https://example.com/ai-enriched-link-1774150678611"},"timestamp":"2026-03-22T03:37:59.146Z"}
 GET /app/links?saved=1 [32m200[39m in 52ms[2m (next.js: 3ms, proxy.ts: 8ms, application-code: 41ms)[22m
 GET /app/search?q=advanced%20technology [32m200[39m in 54ms[2m (next.js: 1854µs, proxy.ts: 5ms, application-code: 47ms)[22m
 GET /app/tags?tag=advanced%20technology [32m200[39m in 63ms[2m (next.js: 836µs, proxy.ts: 3ms, application-code: 60ms)[22m
 GET /login [32m200[39m in 17ms[2m (next.js: 784µs, application-code: 16ms)[22m
 GET /app [32m200[39m in 28ms[2m (next.js: 886µs, proxy.ts: 2ms, application-code: 25ms)[22m
 POST /login [34m303[39m in 63ms[2m (next.js: 837µs, application-code: 62ms)[22m
  └─ ƒ loginAction({}) in 30ms [2msrc/app/login/actions.ts[22m
 GET /app/links [32m200[39m in 63ms[2m (next.js: 880µs, proxy.ts: 3ms, application-code: 59ms)[22m
 GET /app/links?saved=1 [32m200[39m in 38ms[2m (next.js: 935µs, proxy.ts: 6ms, application-code: 31ms)[22m
 POST /app/links [34m303[39m in 51ms[2m (next.js: 1144µs, proxy.ts: 3ms, application-code: 47ms)[22m
  └─ ƒ createLinkAction({}) in 6ms [2msrc/app/app/links/actions.ts[22m
 POST /api/test/mina/chat/completions [32m200[39m in 2ms[2m (next.js: 624µs, application-code: 1597µs)[22m
 GET /app/links?saved=1 [32m200[39m in 52ms[2m (next.js: 2ms, proxy.ts: 7ms, application-code: 43ms)[22m
 GET /media/27b09f81-54a3-4671-93ab-2a4b21d0237c [32m200[39m in 428ms[2m (next.js: 417ms, application-code: 11ms)[22m
 GET /app/links?published=1 [32m200[39m in 68ms[2m (next.js: 1094µs, proxy.ts: 3ms, application-code: 64ms)[22m
 POST /app/links?saved=1 [34m303[39m in 86ms[2m (next.js: 1560µs, proxy.ts: 6ms, application-code: 79ms)[22m
  └─ ƒ publishLinkAction("cmn17ic0v000a85yb3fm3p1nu") in 7ms [2msrc/app/app/links/actions.ts[22m
 GET /media/27b09f81-54a3-4671-93ab-2a4b21d0237c [32m200[39m in 27ms[2m (next.js: 3ms, application-code: 24ms)[22m
 GET / [32m200[39m in 30ms[2m (next.js: 647µs, application-code: 30ms)[22m
 GET /media/27b09f81-54a3-4671-93ab-2a4b21d0237c [32m200[39m in 13ms[2m (next.js: 1422µs, application-code: 11ms)[22m
 GET /app/links [32m200[39m in 70ms[2m (next.js: 813µs, proxy.ts: 3ms, application-code: 66ms)[22m
 GET /media/27b09f81-54a3-4671-93ab-2a4b21d0237c [32m200[39m in 13ms[2m (next.js: 1260µs, application-code: 12ms)[22m
 GET /app/links?saved=1 [32m200[39m in 40ms[2m (next.js: 784µs, proxy.ts: 2ms, application-code: 37ms)[22m
 POST /app/links [34m303[39m in 52ms[2m (next.js: 876µs, proxy.ts: 3ms, application-code: 48ms)[22m
  └─ ƒ createLinkAction({}) in 6ms [2msrc/app/app/links/actions.ts[22m
{"level":"warn","message":"Link favicon cache failed.","metadata":{"error":"Configured link favicon fetch failure for Playwright.","linkId":"cmn17ielx000b85ybbyh0tee1","url":"https://example.com/fallback-favicon-1774150682268"},"timestamp":"2026-03-22T03:38:06.114Z"}
 POST /api/test/mina/chat/completions [32m200[39m in 1757µs[2m (next.js: 552µs, application-code: 1204µs)[22m
 GET /media/27b09f81-54a3-4671-93ab-2a4b21d0237c [32m200[39m in 7ms[2m (next.js: 840µs, application-code: 6ms)[22m
 GET /app/links?saved=1 [32m200[39m in 59ms[2m (next.js: 3ms, proxy.ts: 10ms, application-code: 46ms)[22m
 GET /app/links?favicon=1 [32m200[39m in 51ms[2m (next.js: 942µs, proxy.ts: 3ms, application-code: 48ms)[22m
 POST /app/links?saved=1 [34m303[39m in 71ms[2m (next.js: 1351µs, proxy.ts: 6ms, application-code: 64ms)[22m
  └─ ƒ refreshLinkFaviconAction("cmn17ielx000b85ybbyh0tee1") in 8ms [2msrc/app/app/links/actions.ts[22m
 GET /media/27b09f81-54a3-4671-93ab-2a4b21d0237c [32m200[39m in 9ms[2m (next.js: 1853µs, application-code: 7ms)[22m
 GET /media/829bcd8b-4d6e-451f-ad94-0bc36a6a4adb [32m200[39m in 10ms[2m (next.js: 3ms, application-code: 6ms)[22m
 GET /media/draft-note-image-1774150689304 [33m404[39m in 5ms[2m (next.js: 1286µs, application-code: 3ms)[22m
 GET /login [32m200[39m in 17ms[2m (next.js: 751µs, application-code: 16ms)[22m
 GET /app [32m200[39m in 27ms[2m (next.js: 1162µs, proxy.ts: 3ms, application-code: 23ms)[22m
 POST /login [34m303[39m in 63ms[2m (next.js: 936µs, application-code: 62ms)[22m
  └─ ƒ loginAction({}) in 32ms [2msrc/app/login/actions.ts[22m
 GET /media/draft-note-image-1774150689304 [32m200[39m in 8ms[2m (next.js: 1356µs, application-code: 6ms)[22m
 GET /media/draft-note-image-1774150689304 [32m200[39m in 7ms[2m (next.js: 1417µs, application-code: 5ms)[22m
 GET /media/published-note-image-1774150689655 [32m200[39m in 11ms[2m (next.js: 7ms, application-code: 4ms)[22m
 GET /media/hidden-note-image-1774150689655 [33m404[39m in 4ms[2m (next.js: 636µs, application-code: 3ms)[22m
 GET /media/published-link-favicon-1774150689655 [32m200[39m in 4ms[2m (next.js: 603µs, application-code: 4ms)[22m
 GET /login [32m200[39m in 20ms[2m (next.js: 1488µs, application-code: 19ms)[22m
 GET /app [32m200[39m in 25ms[2m (next.js: 1268µs, proxy.ts: 2ms, application-code: 21ms)[22m
 POST /login [34m303[39m in 60ms[2m (next.js: 814µs, application-code: 59ms)[22m
  └─ ƒ loginAction({}) in 31ms [2msrc/app/login/actions.ts[22m
 GET /media/published-note-image-1774150689655 [32m200[39m in 9ms[2m (next.js: 1297µs, application-code: 7ms)[22m
 GET /app/notes/new [32m200[39m in 21ms[2m (next.js: 1403µs, proxy.ts: 4ms, application-code: 16ms)[22m
 GET /app/notes/cmn17ihst000c85ybc3kdohc8/edit?saved=1 [32m200[39m in 27ms[2m (next.js: 2ms, proxy.ts: 2ms, application-code: 23ms)[22m
 POST /app/notes/new [34m303[39m in 42ms[2m (next.js: 1305µs, proxy.ts: 3ms, application-code: 37ms)[22m
  └─ ƒ createNoteAction({}) in 6ms [2msrc/app/app/notes/actions.ts[22m
 GET /app/notes/cmn17ihst000c85ybc3kdohc8/edit?saved=1 [32m200[39m in 30ms[2m (next.js: 3ms, proxy.ts: 4ms, application-code: 23ms)[22m
 GET /app [32m200[39m in 61ms[2m (next.js: 2ms, proxy.ts: 7ms, application-code: 52ms)[22m
 GET /media/published-note-image-1774150689655 [32m200[39m in 15ms[2m (next.js: 3ms, application-code: 11ms)[22m
 GET /login [32m200[39m in 36ms[2m (next.js: 868µs, application-code: 35ms)[22m
 GET /app [32m200[39m in 25ms[2m (next.js: 950µs, proxy.ts: 3ms, application-code: 22ms)[22m
 POST /login [34m303[39m in 62ms[2m (next.js: 1097µs, application-code: 61ms)[22m
  └─ ƒ loginAction({}) in 31ms [2msrc/app/login/actions.ts[22m
 GET /app/notes/new [32m200[39m in 41ms[2m (next.js: 892µs, proxy.ts: 3ms, application-code: 38ms)[22m
 POST /api/notes/images [32m201[39m in 28ms[2m (next.js: 20ms, application-code: 8ms)[22m
 GET /media/fb3376c3-5884-482e-b30e-2ac6140b084e [32m200[39m in 13ms[2m (next.js: 5ms, application-code: 8ms)[22m
 GET /app/notes/cmn17ikok000d85ybymim2a6w/edit?saved=1 [32m200[39m in 26ms[2m (next.js: 2ms, proxy.ts: 2ms, application-code: 22ms)[22m
 POST /app/notes/new [34m303[39m in 44ms[2m (next.js: 1629µs, proxy.ts: 3ms, application-code: 40ms)[22m
  └─ ƒ createNoteAction({}) in 8ms [2msrc/app/app/notes/actions.ts[22m
 GET /media/fb3376c3-5884-482e-b30e-2ac6140b084e [32m200[39m in 10ms[2m (next.js: 1270µs, application-code: 9ms)[22m
 GET / [32m200[39m in 21ms[2m (next.js: 956µs, application-code: 20ms)[22m
 GET /notes/owner-continuity-public-note [32m200[39m in 45ms[2m (next.js: 1902µs, application-code: 43ms)[22m
 GET /login [32m200[39m in 19ms[2m (next.js: 785µs, application-code: 18ms)[22m
 GET /app [32m200[39m in 27ms[2m (next.js: 899µs, proxy.ts: 4ms, application-code: 23ms)[22m
 POST /login [34m303[39m in 61ms[2m (next.js: 950µs, application-code: 60ms)[22m
  └─ ƒ loginAction({}) in 30ms [2msrc/app/login/actions.ts[22m
 GET / [32m200[39m in 10ms[2m (next.js: 960µs, application-code: 9ms)[22m
 GET /notes/owner-continuity-public-note [32m200[39m in 14ms[2m (next.js: 2ms, application-code: 12ms)[22m
 GET /app [32m200[39m in 26ms[2m (next.js: 931µs, proxy.ts: 3ms, application-code: 22ms)[22m
 GET / [32m200[39m in 21ms[2m (next.js: 766µs, application-code: 20ms)[22m
 GET /login [32m200[39m in 17ms[2m (next.js: 790µs, application-code: 16ms)[22m
 GET /login [32m200[39m in 17ms[2m (next.js: 769µs, application-code: 17ms)[22m
 GET /login [32m200[39m in 16ms[2m (next.js: 772µs, application-code: 16ms)[22m
 GET /app [32m200[39m in 25ms[2m (next.js: 944µs, proxy.ts: 2ms, application-code: 21ms)[22m
 POST /login [34m303[39m in 59ms[2m (next.js: 965µs, application-code: 58ms)[22m
  └─ ƒ loginAction({}) in 30ms [2msrc/app/login/actions.ts[22m
 GET /app/notes/cmn17im36000a87yb2zm3ajzc/edit [32m200[39m in 62ms[2m (next.js: 2ms, proxy.ts: 3ms, application-code: 58ms)[22m
 GET /login [32m200[39m in 17ms[2m (next.js: 795µs, application-code: 17ms)[22m
 GET /app [32m200[39m in 25ms[2m (next.js: 851µs, proxy.ts: 3ms, application-code: 21ms)[22m
 POST /login [34m303[39m in 59ms[2m (next.js: 942µs, application-code: 58ms)[22m
  └─ ƒ loginAction({}) in 30ms [2msrc/app/login/actions.ts[22m
 GET /app/notes/cmn17iml7000b87yb5z6rpqo6/edit [32m200[39m in 53ms[2m (next.js: 2ms, proxy.ts: 3ms, application-code: 48ms)[22m
 GET / [32m200[39m in 22ms[2m (next.js: 768µs, application-code: 22ms)[22m
 GET / [32m200[39m in 21ms[2m (next.js: 790µs, application-code: 21ms)[22m
 GET / [32m200[39m in 21ms[2m (next.js: 792µs, application-code: 21ms)[22m
 GET / [32m200[39m in 21ms[2m (next.js: 777µs, application-code: 21ms)[22m
 GET /login [32m200[39m in 16ms[2m (next.js: 815µs, application-code: 15ms)[22m
 GET /login [32m200[39m in 20ms[2m (next.js: 765µs, application-code: 19ms)[22m
 GET /app [32m200[39m in 25ms[2m (next.js: 877µs, proxy.ts: 3ms, application-code: 21ms)[22m
 POST /login [34m303[39m in 60ms[2m (next.js: 863µs, application-code: 59ms)[22m
  └─ ƒ loginAction({}) in 31ms [2msrc/app/login/actions.ts[22m
 GET / [32m200[39m in 18ms[2m (next.js: 821µs, application-code: 17ms)[22m
 GET /login [32m200[39m in 18ms[2m (next.js: 784µs, application-code: 17ms)[22m
 GET /app [32m200[39m in 31ms[2m (next.js: 1028µs, proxy.ts: 3ms, application-code: 27ms)[22m
 POST /login [34m303[39m in 64ms[2m (next.js: 897µs, application-code: 63ms)[22m
  └─ ƒ loginAction({}) in 30ms [2msrc/app/login/actions.ts[22m
 GET /app/search [32m200[39m in 33ms[2m (next.js: 2ms, proxy.ts: 3ms, application-code: 28ms)[22m
 GET /app/links [32m200[39m in 45ms[2m (next.js: 885µs, proxy.ts: 3ms, application-code: 41ms)[22m
 GET /app [32m200[39m in 37ms[2m (next.js: 1042µs, proxy.ts: 3ms, application-code: 33ms)[22m
 GET /app/notes/cmn17ioc0000y87ybtyt7rz84/edit [32m200[39m in 25ms[2m (next.js: 3ms, proxy.ts: 3ms, application-code: 20ms)[22m
 GET /login [32m200[39m in 17ms[2m (next.js: 1156µs, application-code: 16ms)[22m
 GET /app [32m200[39m in 25ms[2m (next.js: 1184µs, proxy.ts: 2ms, application-code: 22ms)[22m
 POST /login [34m303[39m in 61ms[2m (next.js: 936µs, application-code: 60ms)[22m
  └─ ƒ loginAction({}) in 30ms [2msrc/app/login/actions.ts[22m
 GET /app/notes/new [32m200[39m in 34ms[2m (next.js: 878µs, proxy.ts: 3ms, application-code: 30ms)[22m
 GET /app/notes/cmn17ipec000e85ybcuxynmyb/edit?saved=1 [32m200[39m in 35ms[2m (next.js: 2ms, proxy.ts: 2ms, application-code: 30ms)[22m
 POST /app/notes/new [34m303[39m in 49ms[2m (next.js: 917µs, proxy.ts: 3ms, application-code: 45ms)[22m
  └─ ƒ createNoteAction({}) in 5ms [2msrc/app/app/notes/actions.ts[22m
 GET /login [32m200[39m in 18ms[2m (next.js: 803µs, application-code: 18ms)[22m
 GET /app [32m200[39m in 25ms[2m (next.js: 860µs, proxy.ts: 2ms, application-code: 21ms)[22m
 POST /login [34m303[39m in 60ms[2m (next.js: 869µs, application-code: 59ms)[22m
  └─ ƒ loginAction({}) in 31ms [2msrc/app/login/actions.ts[22m
 GET /app/notes/cmn17ipha001187yb1pbwv7hu/edit [32m200[39m in 46ms[2m (next.js: 2ms, proxy.ts: 3ms, application-code: 41ms)[22m
 GET /login [32m200[39m in 17ms[2m (next.js: 912µs, application-code: 16ms)[22m
 GET /app [32m200[39m in 25ms[2m (next.js: 1240µs, proxy.ts: 2ms, application-code: 22ms)[22m
 POST /login [34m303[39m in 60ms[2m (next.js: 864µs, application-code: 59ms)[22m
  └─ ƒ loginAction({}) in 31ms [2msrc/app/login/actions.ts[22m
 GET /app/notes/new [32m200[39m in 33ms[2m (next.js: 945µs, proxy.ts: 3ms, application-code: 30ms)[22m
 GET /media/3b92f5a1-6c7b-417c-b948-3dfdce5a8efe-with-extra-wrap-length-for-the-gutter [33m404[39m in 10ms[2m (next.js: 4ms, application-code: 6ms)[22m
 GET /login [32m200[39m in 21ms[2m (next.js: 902µs, application-code: 20ms)[22m
 GET /app [32m200[39m in 30ms[2m (next.js: 811µs, proxy.ts: 2ms, application-code: 27ms)[22m
 POST /login [34m303[39m in 68ms[2m (next.js: 3ms, application-code: 65ms)[22m
  └─ ƒ loginAction({}) in 31ms [2msrc/app/login/actions.ts[22m
 GET /app/notes/cmn17iqat001387ybgrfigc3r/edit [32m200[39m in 48ms[2m (next.js: 2ms, proxy.ts: 3ms, application-code: 42ms)[22m
 GET /login [32m200[39m in 17ms[2m (next.js: 794µs, application-code: 16ms)[22m
 GET /app [32m200[39m in 24ms[2m (next.js: 810µs, proxy.ts: 2ms, application-code: 21ms)[22m
 POST /login [34m303[39m in 58ms[2m (next.js: 943µs, application-code: 57ms)[22m
  └─ ƒ loginAction({}) in 29ms [2msrc/app/login/actions.ts[22m
 GET /app/notes/cmn17iqqg001487ybn3rtqovf/edit [32m200[39m in 50ms[2m (next.js: 2ms, proxy.ts: 3ms, application-code: 45ms)[22m
 GET /app/notes/cmn17iqqg001487ybn3rtqovf/edit?saved=1 [32m200[39m in 28ms[2m (next.js: 1334µs, proxy.ts: 2ms, application-code: 24ms)[22m
 POST /app/notes/cmn17iqqg001487ybn3rtqovf/edit [34m303[39m in 43ms[2m (next.js: 3ms, proxy.ts: 3ms, application-code: 37ms)[22m
  └─ ƒ updateNoteAction("cmn17iqqg001487ybn3rtqovf", {}) in 6ms [2msrc/app/app/notes/actions.ts[22m
 GET /login [32m200[39m in 17ms[2m (next.js: 850µs, application-code: 16ms)[22m
 GET /app [32m200[39m in 25ms[2m (next.js: 953µs, proxy.ts: 3ms, application-code: 21ms)[22m
 POST /login [34m303[39m in 61ms[2m (next.js: 927µs, application-code: 60ms)[22m
  └─ ƒ loginAction({}) in 31ms [2msrc/app/login/actions.ts[22m
 GET /app/notes/cmn17irki001587ybkagws99b/edit [32m200[39m in 51ms[2m (next.js: 2ms, proxy.ts: 3ms, application-code: 46ms)[22m
 GET /login [32m200[39m in 17ms[2m (next.js: 915µs, application-code: 16ms)[22m
 GET /app [32m200[39m in 25ms[2m (next.js: 932µs, proxy.ts: 3ms, application-code: 21ms)[22m
 POST /login [34m303[39m in 60ms[2m (next.js: 907µs, application-code: 59ms)[22m
  └─ ƒ loginAction({}) in 30ms [2msrc/app/login/actions.ts[22m
 GET /app/notes/cmn17is1z001687ybvefle6la/edit [32m200[39m in 45ms[2m (next.js: 2ms, proxy.ts: 3ms, application-code: 40ms)[22m
 GET /app/notes/cmn17is1z001687ybvefle6la/edit?saved=1 [32m200[39m in 36ms[2m (next.js: 1701µs, proxy.ts: 8ms, application-code: 26ms)[22m
 POST /app/notes/cmn17is1z001687ybvefle6la/edit [34m303[39m in 53ms[2m (next.js: 3ms, proxy.ts: 4ms, application-code: 46ms)[22m
  └─ ƒ updateNoteAction("cmn17is1z001687ybvefle6la", {}) in 7ms [2msrc/app/app/notes/actions.ts[22m
 GET /app/notes/cmn17is1z001687ybvefle6la/edit?saved=1 [32m200[39m in 44ms[2m (next.js: 1584µs, proxy.ts: 2ms, application-code: 40ms)[22m
 GET /login [32m200[39m in 17ms[2m (next.js: 779µs, application-code: 17ms)[22m
 GET /app [32m200[39m in 30ms[2m (next.js: 869µs, proxy.ts: 2ms, application-code: 27ms)[22m
 POST /login [34m303[39m in 65ms[2m (next.js: 934µs, application-code: 64ms)[22m
  └─ ƒ loginAction({}) in 31ms [2msrc/app/login/actions.ts[22m
 GET /app/notes/cmn17iswl001787yb59l8846i/edit [32m200[39m in 50ms[2m (next.js: 2ms, proxy.ts: 2ms, application-code: 45ms)[22m
 GET /login [32m200[39m in 17ms[2m (next.js: 850µs, application-code: 16ms)[22m
 GET /app [32m200[39m in 24ms[2m (next.js: 873µs, proxy.ts: 2ms, application-code: 21ms)[22m
 POST /login [34m303[39m in 59ms[2m (next.js: 965µs, application-code: 58ms)[22m
  └─ ƒ loginAction({}) in 30ms [2msrc/app/login/actions.ts[22m
 GET /app/notes/cmn17itdy001887ybv99voja8/edit [32m200[39m in 51ms[2m (next.js: 2ms, proxy.ts: 3ms, application-code: 46ms)[22m
 GET /app/notes/cmn17itdy001887ybv99voja8/edit?saved=1 [32m200[39m in 28ms[2m (next.js: 1321µs, proxy.ts: 2ms, application-code: 24ms)[22m
 POST /app/notes/cmn17itdy001887ybv99voja8/edit [34m303[39m in 43ms[2m (next.js: 2ms, proxy.ts: 3ms, application-code: 38ms)[22m
  └─ ƒ updateNoteAction("cmn17itdy001887ybv99voja8", {}) in 6ms [2msrc/app/app/notes/actions.ts[22m
 GET /login [32m200[39m in 17ms[2m (next.js: 808µs, application-code: 16ms)[22m
 GET /app [32m200[39m in 26ms[2m (next.js: 924µs, proxy.ts: 3ms, application-code: 22ms)[22m
 POST /login [34m303[39m in 61ms[2m (next.js: 935µs, application-code: 60ms)[22m
  └─ ƒ loginAction({}) in 31ms [2msrc/app/login/actions.ts[22m
 GET /app/notes/new [32m200[39m in 36ms[2m (next.js: 948µs, proxy.ts: 3ms, application-code: 32ms)[22m
 GET /login [32m200[39m in 17ms[2m (next.js: 759µs, application-code: 16ms)[22m
 GET /app [32m200[39m in 26ms[2m (next.js: 958µs, proxy.ts: 2ms, application-code: 23ms)[22m
 POST /login [34m303[39m in 62ms[2m (next.js: 948µs, application-code: 61ms)[22m
  └─ ƒ loginAction({}) in 31ms [2msrc/app/login/actions.ts[22m
 GET /app/notes/cmn17iusc001a87yb0z1ujrmr/edit [32m200[39m in 46ms[2m (next.js: 2ms, proxy.ts: 3ms, application-code: 41ms)[22m
 GET /login [32m200[39m in 16ms[2m (next.js: 816µs, application-code: 15ms)[22m
 GET /app [32m200[39m in 25ms[2m (next.js: 1101µs, proxy.ts: 2ms, application-code: 22ms)[22m
 POST /login [34m303[39m in 60ms[2m (next.js: 1066µs, application-code: 59ms)[22m
  └─ ƒ loginAction({}) in 30ms [2msrc/app/login/actions.ts[22m
 GET /app/notes/cmn17iv91001b87yb57sn27hq/edit [32m200[39m in 46ms[2m (next.js: 2ms, proxy.ts: 3ms, application-code: 41ms)[22m
 GET /media/ui-note-images-draft-1774150708212 [33m404[39m in 6ms[2m (next.js: 1747µs, application-code: 4ms)[22m
 GET /login [32m200[39m in 20ms[2m (next.js: 778µs, application-code: 19ms)[22m
 GET /app [32m200[39m in 31ms[2m (next.js: 925µs, proxy.ts: 3ms, application-code: 27ms)[22m
 POST /login [34m303[39m in 66ms[2m (next.js: 912µs, application-code: 65ms)[22m
  └─ ƒ loginAction({}) in 31ms [2msrc/app/login/actions.ts[22m
 GET /media/ui-note-images-published-first-1774150708212 [32m200[39m in 9ms[2m (next.js: 1015µs, application-code: 8ms)[22m
 GET /media/ui-note-images-draft-1774150708212 [32m200[39m in 10ms[2m (next.js: 2ms, application-code: 8ms)[22m
 GET / [32m200[39m in 22ms[2m (next.js: 813µs, application-code: 21ms)[22m
 GET /media/ui-note-images-published-first-1774150708212 [32m200[39m in 11ms[2m (next.js: 1808µs, application-code: 9ms)[22m
 GET /notes/published-note-image-card [32m200[39m in 40ms[2m (next.js: 3ms, application-code: 37ms)[22m
 GET /media/ui-note-images-published-first-1774150708212 [32m200[39m in 17ms[2m (next.js: 2ms, application-code: 15ms)[22m
 GET /media/ui-note-images-published-second-1774150708212 [32m200[39m in 17ms[2m (next.js: 5ms, application-code: 12ms)[22m
 GET /login [32m200[39m in 22ms[2m (next.js: 787µs, application-code: 21ms)[22m
 GET /app [32m200[39m in 32ms[2m (next.js: 887µs, proxy.ts: 2ms, application-code: 29ms)[22m
 POST /login [34m303[39m in 68ms[2m (next.js: 894µs, application-code: 67ms)[22m
  └─ ƒ loginAction({}) in 30ms [2msrc/app/login/actions.ts[22m
 GET /login [32m200[39m in 17ms[2m (next.js: 786µs, application-code: 16ms)[22m
 GET /app [32m200[39m in 28ms[2m (next.js: 1035µs, proxy.ts: 2ms, application-code: 24ms)[22m
 POST /login [34m303[39m in 61ms[2m (next.js: 898µs, application-code: 60ms)[22m
  └─ ƒ loginAction({}) in 29ms [2msrc/app/login/actions.ts[22m
 GET /login [32m200[39m in 18ms[2m (next.js: 918µs, application-code: 17ms)[22m
 GET /app [32m200[39m in 32ms[2m (next.js: 1020µs, proxy.ts: 2ms, application-code: 29ms)[22m
 POST /login [34m303[39m in 67ms[2m (next.js: 899µs, application-code: 66ms)[22m
  └─ ƒ loginAction({}) in 30ms [2msrc/app/login/actions.ts[22m
 GET /login [32m200[39m in 18ms[2m (next.js: 1006µs, application-code: 17ms)[22m
 GET /app [32m200[39m in 26ms[2m (next.js: 909µs, proxy.ts: 3ms, application-code: 23ms)[22m
 POST /login [34m303[39m in 62ms[2m (next.js: 1013µs, application-code: 61ms)[22m
  └─ ƒ loginAction({}) in 30ms [2msrc/app/login/actions.ts[22m
 GET /app/links [32m200[39m in 55ms[2m (next.js: 1676µs, proxy.ts: 3ms, application-code: 51ms)[22m
 GET /login [32m200[39m in 22ms[2m (next.js: 799µs, application-code: 21ms)[22m
 GET /app [32m200[39m in 26ms[2m (next.js: 978µs, proxy.ts: 2ms, application-code: 22ms)[22m
 POST /login [34m303[39m in 61ms[2m (next.js: 915µs, application-code: 60ms)[22m
  └─ ƒ loginAction({}) in 30ms [2msrc/app/login/actions.ts[22m
 GET /app/links [32m200[39m in 52ms[2m (next.js: 1026µs, proxy.ts: 3ms, application-code: 48ms)[22m
 GET /login [32m200[39m in 23ms[2m (next.js: 1449µs, application-code: 22ms)[22m
 GET /app [32m200[39m in 26ms[2m (next.js: 1133µs, proxy.ts: 2ms, application-code: 22ms)[22m
 POST /login [34m303[39m in 59ms[2m (next.js: 848µs, application-code: 58ms)[22m
  └─ ƒ loginAction({}) in 29ms [2msrc/app/login/actions.ts[22m
 GET /app/tags?tag=studio-systems [32m200[39m in 47ms[2m (next.js: 2ms, proxy.ts: 3ms, application-code: 42ms)[22m
 GET /login [32m200[39m in 17ms[2m (next.js: 863µs, application-code: 16ms)[22m
 GET /app [32m200[39m in 30ms[2m (next.js: 1052µs, proxy.ts: 2ms, application-code: 27ms)[22m
 POST /login [34m303[39m in 66ms[2m (next.js: 902µs, application-code: 65ms)[22m
  └─ ƒ loginAction({}) in 30ms [2msrc/app/login/actions.ts[22m
 GET /app/tags?tag=studio-systems [32m200[39m in 44ms[2m (next.js: 898µs, proxy.ts: 3ms, application-code: 40ms)[22m
 GET /login [32m200[39m in 18ms[2m (next.js: 840µs, application-code: 18ms)[22m
 GET /app [32m200[39m in 26ms[2m (next.js: 1044µs, proxy.ts: 2ms, application-code: 22ms)[22m
 POST /login [34m303[39m in 60ms[2m (next.js: 927µs, application-code: 59ms)[22m
  └─ ƒ loginAction({}) in 31ms [2msrc/app/login/actions.ts[22m
 GET /app/search?q=rhythm [32m200[39m in 49ms[2m (next.js: 1386µs, proxy.ts: 3ms, application-code: 45ms)[22m
 GET /login [32m200[39m in 34ms[2m (next.js: 956µs, application-code: 33ms)[22m
 GET /app [32m200[39m in 26ms[2m (next.js: 821µs, proxy.ts: 3ms, application-code: 22ms)[22m
 POST /login [34m303[39m in 59ms[2m (next.js: 928µs, application-code: 58ms)[22m
  └─ ƒ loginAction({}) in 29ms [2msrc/app/login/actions.ts[22m
 GET /app/search?q=rhythm [32m200[39m in 51ms[2m (next.js: 923µs, proxy.ts: 2ms, application-code: 48ms)[22m
 GET / [32m200[39m in 20ms[2m (next.js: 817µs, application-code: 20ms)[22m
 GET / [32m200[39m in 20ms[2m (next.js: 799µs, application-code: 19ms)[22m
 GET /notes/public-notes-should-read-like-finished-pages-not-dashboards [32m200[39m in 29ms[2m (next.js: 1717µs, application-code: 28ms)[22m
 GET /notes/public-notes-should-read-like-finished-pages-not-dashboards [32m200[39m in 22ms[2m (next.js: 1623µs, application-code: 20ms)[22m
 GET / [32m200[39m in 25ms[2m (next.js: 833µs, application-code: 25ms)[22m
 GET / [32m200[39m in 20ms[2m (next.js: 953µs, application-code: 19ms)[22m
 GET / [32m200[39m in 20ms[2m (next.js: 788µs, application-code: 19ms)[22m
 GET /notes/tag-chips-should-fit-a-calmer-public-hierarchy [32m200[39m in 26ms[2m (next.js: 1665µs, application-code: 24ms)[22m
 GET / [32m200[39m in 21ms[2m (next.js: 845µs, application-code: 20ms)[22m
 GET /login [32m200[39m in 17ms[2m (next.js: 761µs, application-code: 16ms)[22m
 GET /login [32m200[39m in 18ms[2m (next.js: 806µs, application-code: 17ms)[22m
 GET /app [32m200[39m in 25ms[2m (next.js: 1267µs, proxy.ts: 2ms, application-code: 21ms)[22m
 POST /login [34m303[39m in 60ms[2m (next.js: 903µs, application-code: 59ms)[22m
  └─ ƒ loginAction({}) in 29ms [2msrc/app/login/actions.ts[22m
 GET /login [32m200[39m in 18ms[2m (next.js: 910µs, application-code: 17ms)[22m
 GET /app [32m200[39m in 24ms[2m (next.js: 977µs, proxy.ts: 2ms, application-code: 21ms)[22m
 POST /login [34m303[39m in 58ms[2m (next.js: 941µs, application-code: 57ms)[22m
  └─ ƒ loginAction({}) in 30ms [2msrc/app/login/actions.ts[22m
