
> minakeep@0.1.0 dev
> next dev --hostname 127.0.0.1 --port 3100

[1m[38;2;173;127;168m▲ Next.js 16.2.0[39m[22m (Turbopack)
- Local:         http://127.0.0.1:3100
- Network:       http://127.0.0.1:3100
- Environments: .env
[32m[1m✓[22m[39m Ready in 185ms

 GET /api/health [32m200[39m in 71ms[2m (next.js: 61ms, application-code: 10ms)[22m
 GET /login [32m200[39m in 154ms[2m (next.js: 49ms, application-code: 106ms)[22m
 GET /app [32m200[39m in 125ms[2m (next.js: 29ms, proxy.ts: 43ms, application-code: 54ms)[22m
 POST /login [34m303[39m in 223ms[2m (next.js: 1972µs, application-code: 221ms)[22m
  └─ ƒ loginAction({}) in 86ms [2msrc/app/login/actions.ts[22m
 GET / [32m200[39m in 36ms[2m (next.js: 10ms, application-code: 26ms)[22m
 GET /login?callbackUrl=http%3A%2F%2Flocalhost%3A3100%2Fapp%2Fsearch [32m200[39m in 28ms[2m (next.js: 881µs, application-code: 27ms)[22m
 GET /login?callbackUrl=http%3A%2F%2Flocalhost%3A3100%2Fapp%2Fnotes%2Fnew [32m200[39m in 18ms[2m (next.js: 849µs, application-code: 18ms)[22m
 GET /app [32m200[39m in 23ms[2m (next.js: 1044µs, proxy.ts: 3ms, application-code: 19ms)[22m
 POST /login?callbackUrl=http%3A%2F%2Flocalhost%3A3100%2Fapp%2Fnotes%2Fnew [34m303[39m in 59ms[2m (next.js: 1127µs, application-code: 57ms)[22m
  └─ ƒ loginAction({}) in 30ms [2msrc/app/login/actions.ts[22m
 GET /app/notes/new [32m200[39m in 37ms[2m (next.js: 20ms, proxy.ts: 3ms, application-code: 14ms)[22m
 GET /app/notes/cmmzxv2v00000jpybc0z1hxv7/edit?saved=1 [32m200[39m in 249ms[2m (next.js: 224ms, proxy.ts: 4ms, application-code: 21ms)[22m
 POST /app/notes/new [34m303[39m in 292ms[2m (next.js: 1594µs, proxy.ts: 4ms, application-code: 286ms)[22m
  └─ ƒ createNoteAction({}) in 21ms [2msrc/app/app/notes/actions.ts[22m
 POST /app/notes/cmmzxv2v00000jpybc0z1hxv7/edit?saved=1 [34m303[39m in 119ms[2m (next.js: 5ms, proxy.ts: 4ms, application-code: 110ms)[22m
  └─ ƒ updateNoteAction("cmmzxv2v00000jpybc0z1hxv7", {}) in 26ms [2msrc/app/app/notes/actions.ts[22m
 GET /app [32m200[39m in 158ms[2m (next.js: 1292µs, proxy.ts: 8ms, application-code: 149ms)[22m
 GET /app/notes/cmmzxv2v00000jpybc0z1hxv7/edit?saved=1 [32m200[39m in 126ms[2m (next.js: 8ms, proxy.ts: 84ms, application-code: 34ms)[22m
 GET /app/notes/cmmzxv2v00000jpybc0z1hxv7/edit [32m200[39m in 23ms[2m (next.js: 2ms, proxy.ts: 4ms, application-code: 16ms)[22m
 GET /login [32m200[39m in 17ms[2m (next.js: 789µs, application-code: 16ms)[22m
 GET /app [32m200[39m in 30ms[2m (next.js: 931µs, proxy.ts: 3ms, application-code: 26ms)[22m
 POST /login [34m303[39m in 64ms[2m (next.js: 956µs, application-code: 63ms)[22m
  └─ ƒ loginAction({}) in 30ms [2msrc/app/login/actions.ts[22m
 GET /app/notes/new [32m200[39m in 17ms[2m (next.js: 1077µs, proxy.ts: 5ms, application-code: 11ms)[22m
 GET /app/notes/cmmzxv3pm0001jpybczhqb5je/edit?saved=1 [32m200[39m in 23ms[2m (next.js: 2ms, proxy.ts: 3ms, application-code: 18ms)[22m
 POST /app/notes/new [34m303[39m in 38ms[2m (next.js: 894µs, proxy.ts: 3ms, application-code: 34ms)[22m
  └─ ƒ createNoteAction({}) in 7ms [2msrc/app/app/notes/actions.ts[22m
 POST /api/test/mina/chat/completions [32m200[39m in 1516ms[2m (next.js: 14ms, application-code: 1502ms)[22m
 GET /app/notes/cmmzxv3pm0001jpybczhqb5je/edit?saved=1 [32m200[39m in 35ms[2m (next.js: 5ms, proxy.ts: 7ms, application-code: 24ms)[22m
 GET /app/notes/cmmzxv3pm0001jpybczhqb5je/edit?retried=1 [32m200[39m in 25ms[2m (next.js: 1573µs, proxy.ts: 3ms, application-code: 20ms)[22m
 POST /app/notes/cmmzxv3pm0001jpybczhqb5je/edit?saved=1 [34m303[39m in 46ms[2m (next.js: 4ms, proxy.ts: 7ms, application-code: 35ms)[22m
  └─ ƒ retryNoteEnrichmentAction("cmmzxv3pm0001jpybczhqb5je") in 6ms [2msrc/app/app/notes/actions.ts[22m
 POST /api/test/mina/chat/completions [32m200[39m in 1510ms[2m (next.js: 670µs, application-code: 1509ms)[22m
 GET /app/notes/cmmzxv3pm0001jpybczhqb5je/edit?retried=1 [32m200[39m in 53ms[2m (next.js: 6ms, proxy.ts: 11ms, application-code: 36ms)[22m
 GET /login [32m200[39m in 18ms[2m (next.js: 877µs, application-code: 17ms)[22m
 GET /app [32m200[39m in 23ms[2m (next.js: 884µs, proxy.ts: 3ms, application-code: 20ms)[22m
 POST /login [34m303[39m in 59ms[2m (next.js: 901µs, application-code: 58ms)[22m
  └─ ƒ loginAction({}) in 31ms [2msrc/app/login/actions.ts[22m
 GET /app/notes/new [32m200[39m in 18ms[2m (next.js: 1620µs, proxy.ts: 5ms, application-code: 11ms)[22m
 GET /app/notes/cmmzxv8qf0002jpybjwox4wrg/edit?saved=1 [32m200[39m in 22ms[2m (next.js: 2ms, proxy.ts: 2ms, application-code: 17ms)[22m
 POST /app/notes/new [34m303[39m in 36ms[2m (next.js: 1815µs, proxy.ts: 3ms, application-code: 31ms)[22m
  └─ ƒ createNoteAction({}) in 6ms [2msrc/app/app/notes/actions.ts[22m
 GET /app/notes/cmmzxv8qf0002jpybjwox4wrg/edit?published=1 [32m200[39m in 22ms[2m (next.js: 1239µs, proxy.ts: 2ms, application-code: 18ms)[22m
 POST /app/notes/cmmzxv8qf0002jpybjwox4wrg/edit?saved=1 [34m303[39m in 35ms[2m (next.js: 1435µs, proxy.ts: 3ms, application-code: 31ms)[22m
  └─ ƒ publishNoteAction("cmmzxv8qf0002jpybjwox4wrg") in 6ms [2msrc/app/app/notes/actions.ts[22m
 GET / [32m200[39m in 17ms[2m (next.js: 918µs, application-code: 16ms)[22m
 GET /notes/public-note-1774074022185 [32m200[39m in 200ms[2m (next.js: 185ms, application-code: 15ms)[22m
 GET /app [32m200[39m in 44ms[2m (next.js: 983µs, proxy.ts: 3ms, application-code: 41ms)[22m
 GET /app/notes/cmmzxv8qf0002jpybjwox4wrg/edit [32m200[39m in 21ms[2m (next.js: 3ms, proxy.ts: 3ms, application-code: 15ms)[22m
 GET /app/notes/cmmzxv8qf0002jpybjwox4wrg/edit?unpublished=1 [32m200[39m in 22ms[2m (next.js: 1310µs, proxy.ts: 2ms, application-code: 18ms)[22m
 POST /app/notes/cmmzxv8qf0002jpybjwox4wrg/edit [34m303[39m in 35ms[2m (next.js: 1466µs, proxy.ts: 3ms, application-code: 30ms)[22m
  └─ ƒ unpublishNoteAction("cmmzxv8qf0002jpybjwox4wrg") in 5ms [2msrc/app/app/notes/actions.ts[22m
 GET / [32m200[39m in 15ms[2m (next.js: 827µs, application-code: 14ms)[22m
 GET /notes/public-note-1774074022185 [33m404[39m in 25ms[2m (next.js: 1714µs, application-code: 23ms)[22m
 GET /login [32m200[39m in 17ms[2m (next.js: 863µs, application-code: 17ms)[22m
 GET /app [32m200[39m in 23ms[2m (next.js: 859µs, proxy.ts: 2ms, application-code: 20ms)[22m
 POST /login [34m303[39m in 57ms[2m (next.js: 882µs, application-code: 56ms)[22m
  └─ ƒ loginAction({}) in 30ms [2msrc/app/login/actions.ts[22m
 GET /app/links [32m200[39m in 33ms[2m (next.js: 14ms, proxy.ts: 3ms, application-code: 15ms)[22m
 GET /app/links?saved=1 [32m200[39m in 22ms[2m (next.js: 1123µs, proxy.ts: 2ms, application-code: 19ms)[22m
 POST /app/links [34m303[39m in 42ms[2m (next.js: 5ms, proxy.ts: 3ms, application-code: 33ms)[22m
  └─ ƒ createLinkAction({}) in 8ms [2msrc/app/app/links/actions.ts[22m
 POST /api/test/mina/chat/completions [32m200[39m in 3ms[2m (next.js: 703µs, application-code: 3ms)[22m
 GET /app/links?saved=1 [32m200[39m in 37ms[2m (next.js: 1567µs, proxy.ts: 10ms, application-code: 25ms)[22m
 GET / [32m200[39m in 30ms[2m (next.js: 2ms, application-code: 28ms)[22m
 GET /login [32m200[39m in 16ms[2m (next.js: 1222µs, application-code: 15ms)[22m
 GET /app [32m200[39m in 32ms[2m (next.js: 890µs, proxy.ts: 2ms, application-code: 29ms)[22m
 POST /login [34m303[39m in 70ms[2m (next.js: 918µs, application-code: 69ms)[22m
  └─ ƒ loginAction({}) in 31ms [2msrc/app/login/actions.ts[22m
 GET /app/links [32m200[39m in 21ms[2m (next.js: 899µs, proxy.ts: 3ms, application-code: 17ms)[22m
 GET /app/links?saved=1 [32m200[39m in 24ms[2m (next.js: 846µs, proxy.ts: 2ms, application-code: 20ms)[22m
 POST /app/links [34m303[39m in 38ms[2m (next.js: 1886µs, proxy.ts: 3ms, application-code: 33ms)[22m
  └─ ƒ createLinkAction({}) in 6ms [2msrc/app/app/links/actions.ts[22m
 POST /api/test/mina/chat/completions [32m200[39m in 1997µs[2m (next.js: 593µs, application-code: 1405µs)[22m
 GET /app/links?saved=1 [32m200[39m in 42ms[2m (next.js: 2ms, proxy.ts: 10ms, application-code: 29ms)[22m
 GET /app/links?published=1 [32m200[39m in 27ms[2m (next.js: 1015µs, proxy.ts: 3ms, application-code: 23ms)[22m
 POST /app/links?saved=1 [34m303[39m in 48ms[2m (next.js: 1753µs, proxy.ts: 7ms, application-code: 40ms)[22m
  └─ ƒ publishLinkAction("cmmzxvcoa0004jpybqty70y4y") in 8ms [2msrc/app/app/links/actions.ts[22m
 GET / [32m200[39m in 18ms[2m (next.js: 826µs, application-code: 17ms)[22m
 GET /app/links [32m200[39m in 59ms[2m (next.js: 927µs, proxy.ts: 2ms, application-code: 55ms)[22m
 GET /app/links?unpublished=1 [32m200[39m in 22ms[2m (next.js: 827µs, proxy.ts: 2ms, application-code: 19ms)[22m
 POST /app/links [34m303[39m in 35ms[2m (next.js: 960µs, proxy.ts: 3ms, application-code: 32ms)[22m
  └─ ƒ unpublishLinkAction("cmmzxvcoa0004jpybqty70y4y") in 6ms [2msrc/app/app/links/actions.ts[22m
 GET / [32m200[39m in 17ms[2m (next.js: 831µs, application-code: 16ms)[22m
 GET /login [32m200[39m in 16ms[2m (next.js: 738µs, application-code: 15ms)[22m
 GET /app [32m200[39m in 25ms[2m (next.js: 994µs, proxy.ts: 2ms, application-code: 21ms)[22m
 POST /login [34m303[39m in 59ms[2m (next.js: 1013µs, application-code: 58ms)[22m
  └─ ƒ loginAction({}) in 30ms [2msrc/app/login/actions.ts[22m
 GET /app/links [32m200[39m in 21ms[2m (next.js: 858µs, proxy.ts: 3ms, application-code: 17ms)[22m
 GET /app/links?saved=1 [32m200[39m in 24ms[2m (next.js: 734µs, proxy.ts: 2ms, application-code: 21ms)[22m
 POST /app/links [34m303[39m in 38ms[2m (next.js: 1234µs, proxy.ts: 3ms, application-code: 34ms)[22m
  └─ ƒ createLinkAction({}) in 6ms [2msrc/app/app/links/actions.ts[22m
 POST /api/test/mina/chat/completions [32m200[39m in 1513ms[2m (next.js: 580µs, application-code: 1513ms)[22m
 GET /app/links?saved=1 [32m200[39m in 40ms[2m (next.js: 2ms, proxy.ts: 8ms, application-code: 30ms)[22m
 GET /app/links?retried=1 [32m200[39m in 34ms[2m (next.js: 1030µs, proxy.ts: 3ms, application-code: 30ms)[22m
 POST /app/links?saved=1 [34m303[39m in 52ms[2m (next.js: 1865µs, proxy.ts: 6ms, application-code: 44ms)[22m
  └─ ƒ retryLinkEnrichmentAction("cmmzxvfrv0005jpyb801d8urq") in 7ms [2msrc/app/app/links/actions.ts[22m
 POST /api/test/mina/chat/completions [32m200[39m in 1509ms[2m (next.js: 641µs, application-code: 1509ms)[22m
 GET /app/links?retried=1 [32m200[39m in 42ms[2m (next.js: 2ms, proxy.ts: 9ms, application-code: 31ms)[22m
 GET /login [32m200[39m in 16ms[2m (next.js: 923µs, application-code: 15ms)[22m
 GET /app [32m200[39m in 24ms[2m (next.js: 907µs, proxy.ts: 3ms, application-code: 21ms)[22m
 POST /login [34m303[39m in 59ms[2m (next.js: 943µs, application-code: 58ms)[22m
  └─ ƒ loginAction({}) in 31ms [2msrc/app/login/actions.ts[22m
 GET /app/links [32m200[39m in 28ms[2m (next.js: 926µs, proxy.ts: 3ms, application-code: 24ms)[22m
 GET /app/links?error=invalid-url [32m200[39m in 24ms[2m (next.js: 739µs, proxy.ts: 2ms, application-code: 21ms)[22m
 POST /app/links [34m303[39m in 35ms[2m (next.js: 911µs, proxy.ts: 3ms, application-code: 31ms)[22m
  └─ ƒ createLinkAction({}) in 3ms [2msrc/app/app/links/actions.ts[22m
 GET /login [32m200[39m in 14ms[2m (next.js: 823µs, application-code: 13ms)[22m
 GET /app [32m200[39m in 23ms[2m (next.js: 838µs, proxy.ts: 2ms, application-code: 21ms)[22m
 POST /login [34m303[39m in 58ms[2m (next.js: 896µs, application-code: 57ms)[22m
  └─ ƒ loginAction({}) in 30ms [2msrc/app/login/actions.ts[22m
 GET /app/notes/new [32m200[39m in 16ms[2m (next.js: 2ms, proxy.ts: 3ms, application-code: 11ms)[22m
 GET /app/notes/cmmzxvl930006jpybeonuvt8p/edit?saved=1 [32m200[39m in 23ms[2m (next.js: 3ms, proxy.ts: 2ms, application-code: 18ms)[22m
 POST /app/notes/new [34m303[39m in 37ms[2m (next.js: 1518µs, proxy.ts: 4ms, application-code: 32ms)[22m
  └─ ƒ createNoteAction({}) in 6ms [2msrc/app/app/notes/actions.ts[22m
 GET /app/links [32m200[39m in 48ms[2m (next.js: 882µs, proxy.ts: 2ms, application-code: 44ms)[22m
 GET /app/links?saved=1 [32m200[39m in 27ms[2m (next.js: 843µs, proxy.ts: 2ms, application-code: 24ms)[22m
 POST /app/links [34m303[39m in 41ms[2m (next.js: 1196µs, proxy.ts: 3ms, application-code: 37ms)[22m
  └─ ƒ createLinkAction({}) in 5ms [2msrc/app/app/links/actions.ts[22m
 POST /api/test/mina/chat/completions [32m200[39m in 2ms[2m (next.js: 595µs, application-code: 1512µs)[22m
 GET /app/links?saved=1 [32m200[39m in 40ms[2m (next.js: 3ms, proxy.ts: 7ms, application-code: 30ms)[22m
 GET /app/tags?tag=ai-owned [32m200[39m in 128ms[2m (next.js: 25ms, proxy.ts: 5ms, application-code: 98ms)[22m
 GET /app/tags [32m200[39m in 65ms[2m (next.js: 746µs, proxy.ts: 3ms, application-code: 61ms)[22m
 GET /app/search?q=Filtered%20note%201774074038419 [32m200[39m in 82ms[2m (next.js: 15ms, proxy.ts: 3ms, application-code: 64ms)[22m
 GET /app/search?q=url-needle-1774074038419 [32m200[39m in 42ms[2m (next.js: 837µs, proxy.ts: 3ms, application-code: 39ms)[22m
 GET /app/search?q=ai-owned [32m200[39m in 41ms[2m (next.js: 914µs, proxy.ts: 3ms, application-code: 38ms)[22m
 GET /login [32m200[39m in 15ms[2m (next.js: 847µs, application-code: 14ms)[22m
 GET /app [32m200[39m in 25ms[2m (next.js: 857µs, proxy.ts: 2ms, application-code: 21ms)[22m
 POST /login [34m303[39m in 62ms[2m (next.js: 1072µs, application-code: 61ms)[22m
  └─ ƒ loginAction({}) in 30ms [2msrc/app/login/actions.ts[22m
 GET /app/links [32m200[39m in 24ms[2m (next.js: 914µs, proxy.ts: 3ms, application-code: 20ms)[22m
 GET /app/links?saved=1 [32m200[39m in 31ms[2m (next.js: 758µs, proxy.ts: 2ms, application-code: 28ms)[22m
 POST /app/links [34m303[39m in 47ms[2m (next.js: 943µs, proxy.ts: 3ms, application-code: 43ms)[22m
  └─ ƒ createLinkAction({}) in 7ms [2msrc/app/app/links/actions.ts[22m
 GET /app/links?saved=1 [32m200[39m in 44ms[2m (next.js: 2ms, proxy.ts: 8ms, application-code: 34ms)[22m
 GET /app/search?q=ai [32m200[39m in 56ms[2m (next.js: 1870µs, proxy.ts: 6ms, application-code: 48ms)[22m
 GET /app/tags?tag=ai [32m200[39m in 52ms[2m (next.js: 1079µs, proxy.ts: 3ms, application-code: 48ms)[22m
 GET /login [32m200[39m in 15ms[2m (next.js: 825µs, application-code: 14ms)[22m
 GET /app [32m200[39m in 25ms[2m (next.js: 896µs, proxy.ts: 3ms, application-code: 22ms)[22m
 POST /login [34m303[39m in 60ms[2m (next.js: 903µs, application-code: 60ms)[22m
  └─ ƒ loginAction({}) in 30ms [2msrc/app/login/actions.ts[22m
 GET /app/notes/new [32m200[39m in 16ms[2m (next.js: 830µs, proxy.ts: 3ms, application-code: 12ms)[22m
 GET /app/notes/cmmzxvrd6000bjpyb8mumgf3v/edit?saved=1 [32m200[39m in 22ms[2m (next.js: 2ms, proxy.ts: 1942µs, application-code: 18ms)[22m
 POST /app/notes/new [34m303[39m in 34ms[2m (next.js: 1539µs, proxy.ts: 3ms, application-code: 30ms)[22m
  └─ ƒ createNoteAction({}) in 5ms [2msrc/app/app/notes/actions.ts[22m
 GET /app/notes/cmmzxvrd6000bjpyb8mumgf3v/edit?saved=1 [32m200[39m in 32ms[2m (next.js: 4ms, proxy.ts: 5ms, application-code: 23ms)[22m
 GET /app [32m200[39m in 63ms[2m (next.js: 2ms, proxy.ts: 6ms, application-code: 55ms)[22m
 GET / [32m200[39m in 17ms[2m (next.js: 1586µs, application-code: 16ms)[22m
 GET /login [32m200[39m in 17ms[2m (next.js: 813µs, application-code: 16ms)[22m
 GET /login [32m200[39m in 14ms[2m (next.js: 766µs, application-code: 13ms)[22m
 GET /login [32m200[39m in 15ms[2m (next.js: 776µs, application-code: 14ms)[22m
 GET /app [32m200[39m in 21ms[2m (next.js: 1177µs, proxy.ts: 2ms, application-code: 18ms)[22m
 POST /login [34m303[39m in 56ms[2m (next.js: 906µs, application-code: 55ms)[22m
  └─ ƒ loginAction({}) in 30ms [2msrc/app/login/actions.ts[22m
 GET /app/notes/cmmzxvudo0008jryb7nb5il8r/edit [32m200[39m in 42ms[2m (next.js: 2ms, proxy.ts: 2ms, application-code: 37ms)[22m
 GET /login [32m200[39m in 14ms[2m (next.js: 813µs, application-code: 14ms)[22m
 GET /app [32m200[39m in 21ms[2m (next.js: 894µs, proxy.ts: 2ms, application-code: 18ms)[22m
 POST /login [34m303[39m in 55ms[2m (next.js: 925µs, application-code: 54ms)[22m
  └─ ƒ loginAction({}) in 29ms [2msrc/app/login/actions.ts[22m
 GET /app/notes/cmmzxvut70009jrybwmw1zae0/edit [32m200[39m in 39ms[2m (next.js: 2ms, proxy.ts: 2ms, application-code: 35ms)[22m
 GET / [32m200[39m in 16ms[2m (next.js: 756µs, application-code: 15ms)[22m
 GET / [32m200[39m in 16ms[2m (next.js: 855µs, application-code: 15ms)[22m
 GET / [32m200[39m in 15ms[2m (next.js: 765µs, application-code: 15ms)[22m
 GET / [32m200[39m in 15ms[2m (next.js: 853µs, application-code: 14ms)[22m
 GET /login [32m200[39m in 21ms[2m (next.js: 790µs, application-code: 20ms)[22m
 GET /app [32m200[39m in 23ms[2m (next.js: 863µs, proxy.ts: 2ms, application-code: 20ms)[22m
 POST /login [34m303[39m in 57ms[2m (next.js: 1001µs, application-code: 56ms)[22m
  └─ ƒ loginAction({}) in 30ms [2msrc/app/login/actions.ts[22m
 GET /login [32m200[39m in 15ms[2m (next.js: 795µs, application-code: 14ms)[22m
 GET /app [32m200[39m in 24ms[2m (next.js: 851µs, proxy.ts: 2ms, application-code: 21ms)[22m
 POST /login [34m303[39m in 58ms[2m (next.js: 942µs, application-code: 57ms)[22m
  └─ ƒ loginAction({}) in 30ms [2msrc/app/login/actions.ts[22m
 GET /login [32m200[39m in 16ms[2m (next.js: 904µs, application-code: 15ms)[22m
 GET /app [32m200[39m in 28ms[2m (next.js: 906µs, proxy.ts: 2ms, application-code: 25ms)[22m
 POST /login [34m303[39m in 62ms[2m (next.js: 887µs, application-code: 61ms)[22m
  └─ ƒ loginAction({}) in 30ms [2msrc/app/login/actions.ts[22m
 GET /app/links [32m200[39m in 41ms[2m (next.js: 821µs, proxy.ts: 2ms, application-code: 37ms)[22m
 GET /login [32m200[39m in 15ms[2m (next.js: 783µs, application-code: 14ms)[22m
 GET /app [32m200[39m in 23ms[2m (next.js: 830µs, proxy.ts: 2ms, application-code: 20ms)[22m
 POST /login [34m303[39m in 58ms[2m (next.js: 948µs, application-code: 57ms)[22m
  └─ ƒ loginAction({}) in 30ms [2msrc/app/login/actions.ts[22m
 GET /app/links [32m200[39m in 37ms[2m (next.js: 788µs, proxy.ts: 3ms, application-code: 34ms)[22m
 GET /login [32m200[39m in 14ms[2m (next.js: 733µs, application-code: 13ms)[22m
 GET /app [32m200[39m in 22ms[2m (next.js: 822µs, proxy.ts: 2ms, application-code: 18ms)[22m
 POST /login [34m303[39m in 55ms[2m (next.js: 865µs, application-code: 54ms)[22m
  └─ ƒ loginAction({}) in 29ms [2msrc/app/login/actions.ts[22m
 GET /app/tags?tag=studio-systems [32m200[39m in 40ms[2m (next.js: 842µs, proxy.ts: 3ms, application-code: 37ms)[22m
 GET /login [32m200[39m in 15ms[2m (next.js: 771µs, application-code: 15ms)[22m
 GET /app [32m200[39m in 22ms[2m (next.js: 783µs, proxy.ts: 2ms, application-code: 19ms)[22m
 POST /login [34m303[39m in 56ms[2m (next.js: 913µs, application-code: 55ms)[22m
  └─ ƒ loginAction({}) in 30ms [2msrc/app/login/actions.ts[22m
 GET /app/tags?tag=studio-systems [32m200[39m in 34ms[2m (next.js: 969µs, proxy.ts: 2ms, application-code: 31ms)[22m
 GET /login [32m200[39m in 15ms[2m (next.js: 942µs, application-code: 14ms)[22m
 GET /app [32m200[39m in 22ms[2m (next.js: 1017µs, proxy.ts: 3ms, application-code: 19ms)[22m
 POST /login [34m303[39m in 56ms[2m (next.js: 975µs, application-code: 55ms)[22m
  └─ ƒ loginAction({}) in 30ms [2msrc/app/login/actions.ts[22m
 GET /app/search?q=rhythm [32m200[39m in 40ms[2m (next.js: 2ms, proxy.ts: 2ms, application-code: 36ms)[22m
 GET /login [32m200[39m in 15ms[2m (next.js: 995µs, application-code: 14ms)[22m
 GET /app [32m200[39m in 23ms[2m (next.js: 844µs, proxy.ts: 2ms, application-code: 20ms)[22m
 POST /login [34m303[39m in 56ms[2m (next.js: 976µs, application-code: 55ms)[22m
  └─ ƒ loginAction({}) in 30ms [2msrc/app/login/actions.ts[22m
 GET /app/search?q=rhythm [32m200[39m in 43ms[2m (next.js: 1110µs, proxy.ts: 3ms, application-code: 39ms)[22m
 GET /notes/public-notes-should-read-like-finished-pages-not-dashboards [32m200[39m in 38ms[2m (next.js: 3ms, application-code: 35ms)[22m
 GET /notes/public-notes-should-read-like-finished-pages-not-dashboards [32m200[39m in 18ms[2m (next.js: 1696µs, application-code: 17ms)[22m
 GET / [32m200[39m in 15ms[2m (next.js: 838µs, application-code: 14ms)[22m
 GET /login [32m200[39m in 19ms[2m (next.js: 781µs, application-code: 18ms)[22m
 GET /login [32m200[39m in 15ms[2m (next.js: 765µs, application-code: 14ms)[22m
 GET /app [32m200[39m in 22ms[2m (next.js: 1098µs, proxy.ts: 2ms, application-code: 18ms)[22m
 POST /login [34m303[39m in 56ms[2m (next.js: 955µs, application-code: 55ms)[22m
  └─ ƒ loginAction({}) in 30ms [2msrc/app/login/actions.ts[22m
 GET /login [32m200[39m in 15ms[2m (next.js: 762µs, application-code: 14ms)[22m
 GET /app [32m200[39m in 21ms[2m (next.js: 867µs, proxy.ts: 3ms, application-code: 18ms)[22m
 POST /login [34m303[39m in 56ms[2m (next.js: 929µs, application-code: 55ms)[22m
  └─ ƒ loginAction({}) in 30ms [2msrc/app/login/actions.ts[22m
