
> minakeep@0.1.0 dev
> next dev --hostname 127.0.0.1 --port 3100

[1m[38;2;173;127;168m▲ Next.js 16.2.0[39m[22m (Turbopack)
- Local:         http://127.0.0.1:3100
- Network:       http://127.0.0.1:3100
- Environments: .env
[32m[1m✓[22m[39m Ready in 199ms

 GET /api/health [32m200[39m in 100ms[2m (next.js: 88ms, application-code: 12ms)[22m
 GET /login [32m200[39m in 168ms[2m (next.js: 53ms, application-code: 115ms)[22m
 GET /app [32m200[39m in 118ms[2m (next.js: 28ms, proxy.ts: 36ms, application-code: 54ms)[22m
 POST /login [34m303[39m in 228ms[2m (next.js: 1230µs, application-code: 227ms)[22m
  └─ ƒ loginAction({}) in 98ms [2msrc/app/login/actions.ts[22m
 GET / [32m200[39m in 51ms[2m (next.js: 10ms, application-code: 41ms)[22m
 GET /login?callbackUrl=http%3A%2F%2Flocalhost%3A3100%2Fapp%2Fsearch [32m200[39m in 23ms[2m (next.js: 885µs, application-code: 22ms)[22m
 GET /login?callbackUrl=http%3A%2F%2Flocalhost%3A3100%2Fapp%2Fnotes%2Fnew [32m200[39m in 23ms[2m (next.js: 847µs, application-code: 22ms)[22m
 GET /app [32m200[39m in 22ms[2m (next.js: 1021µs, proxy.ts: 3ms, application-code: 18ms)[22m
 POST /login?callbackUrl=http%3A%2F%2Flocalhost%3A3100%2Fapp%2Fnotes%2Fnew [34m303[39m in 59ms[2m (next.js: 1074µs, application-code: 58ms)[22m
  └─ ƒ loginAction({}) in 32ms [2msrc/app/login/actions.ts[22m
 GET /app/notes/new [32m200[39m in 39ms[2m (next.js: 21ms, proxy.ts: 4ms, application-code: 14ms)[22m
 GET /app/notes/cmn16o5ul000065yb5am27e4k/edit?saved=1 [32m200[39m in 274ms[2m (next.js: 241ms, proxy.ts: 3ms, application-code: 30ms)[22m
 POST /app/notes/new [34m303[39m in 309ms[2m (next.js: 2ms, proxy.ts: 5ms, application-code: 302ms)[22m
  └─ ƒ createNoteAction({}) in 24ms [2msrc/app/app/notes/actions.ts[22m
 POST /app/notes/cmn16o5ul000065yb5am27e4k/edit?saved=1 [34m303[39m in 127ms[2m (next.js: 5ms, proxy.ts: 4ms, application-code: 118ms)[22m
  └─ ƒ updateNoteAction("cmn16o5ul000065yb5am27e4k", {}) in 7ms [2msrc/app/app/notes/actions.ts[22m
 GET /app [32m200[39m in 170ms[2m (next.js: 5ms, proxy.ts: 9ms, application-code: 156ms)[22m
 GET /app/notes/cmn16o5ul000065yb5am27e4k/edit?saved=1 [32m200[39m in 138ms[2m (next.js: 11ms, proxy.ts: 87ms, application-code: 40ms)[22m
 GET /app/notes/cmn16o5ul000065yb5am27e4k/edit [32m200[39m in 21ms[2m (next.js: 1558µs, proxy.ts: 4ms, application-code: 16ms)[22m
 GET /login [32m200[39m in 19ms[2m (next.js: 796µs, application-code: 19ms)[22m
 GET /app [32m200[39m in 22ms[2m (next.js: 940µs, proxy.ts: 3ms, application-code: 18ms)[22m
 POST /login [34m303[39m in 58ms[2m (next.js: 887µs, application-code: 57ms)[22m
  └─ ƒ loginAction({}) in 31ms [2msrc/app/login/actions.ts[22m
 GET /app/notes/new [32m200[39m in 16ms[2m (next.js: 1006µs, proxy.ts: 3ms, application-code: 12ms)[22m
 GET /app/notes/cmn16o6s7000165ybb4gz9r18/edit?saved=1 [32m200[39m in 24ms[2m (next.js: 2ms, proxy.ts: 2ms, application-code: 19ms)[22m
 POST /app/notes/new [34m303[39m in 41ms[2m (next.js: 954µs, proxy.ts: 3ms, application-code: 37ms)[22m
  └─ ƒ createNoteAction({}) in 7ms [2msrc/app/app/notes/actions.ts[22m
 POST /api/test/mina/chat/completions [32m200[39m in 1516ms[2m (next.js: 13ms, application-code: 1503ms)[22m
 GET /app/notes/cmn16o6s7000165ybb4gz9r18/edit?saved=1 [32m200[39m in 53ms[2m (next.js: 6ms, proxy.ts: 11ms, application-code: 36ms)[22m
 GET /app/notes/cmn16o6s7000165ybb4gz9r18/edit?retried=1 [32m200[39m in 25ms[2m (next.js: 1548µs, proxy.ts: 3ms, application-code: 20ms)[22m
 POST /app/notes/cmn16o6s7000165ybb4gz9r18/edit?saved=1 [34m303[39m in 46ms[2m (next.js: 4ms, proxy.ts: 7ms, application-code: 35ms)[22m
  └─ ƒ retryNoteEnrichmentAction("cmn16o6s7000165ybb4gz9r18") in 6ms [2msrc/app/app/notes/actions.ts[22m
 POST /api/test/mina/chat/completions [32m200[39m in 1510ms[2m (next.js: 607µs, application-code: 1509ms)[22m
 GET /app/notes/cmn16o6s7000165ybb4gz9r18/edit?retried=1 [32m200[39m in 45ms[2m (next.js: 7ms, proxy.ts: 10ms, application-code: 28ms)[22m
 GET /login [32m200[39m in 16ms[2m (next.js: 822µs, application-code: 15ms)[22m
 GET /app [32m200[39m in 22ms[2m (next.js: 882µs, proxy.ts: 3ms, application-code: 19ms)[22m
 POST /login [34m303[39m in 59ms[2m (next.js: 901µs, application-code: 58ms)[22m
  └─ ƒ loginAction({}) in 31ms [2msrc/app/login/actions.ts[22m
 GET /app/notes/new [32m200[39m in 16ms[2m (next.js: 1310µs, proxy.ts: 3ms, application-code: 11ms)[22m
 GET /app/notes/cmn16obth000265ybe7idwa9a/edit?saved=1 [32m200[39m in 23ms[2m (next.js: 2ms, proxy.ts: 2ms, application-code: 18ms)[22m
 POST /app/notes/new [34m303[39m in 40ms[2m (next.js: 1011µs, proxy.ts: 3ms, application-code: 36ms)[22m
  └─ ƒ createNoteAction({}) in 6ms [2msrc/app/app/notes/actions.ts[22m
 GET /app/notes/cmn16obth000265ybe7idwa9a/edit?published=1 [32m200[39m in 21ms[2m (next.js: 1263µs, proxy.ts: 2ms, application-code: 18ms)[22m
 POST /app/notes/cmn16obth000265ybe7idwa9a/edit?saved=1 [34m303[39m in 35ms[2m (next.js: 1483µs, proxy.ts: 3ms, application-code: 31ms)[22m
  └─ ƒ publishNoteAction("cmn16obth000265ybe7idwa9a") in 5ms [2msrc/app/app/notes/actions.ts[22m
 GET / [32m200[39m in 21ms[2m (next.js: 1012µs, application-code: 20ms)[22m
 GET /notes/public-note-1774149282303 [32m200[39m in 204ms[2m (next.js: 188ms, application-code: 16ms)[22m
 GET /app [32m200[39m in 50ms[2m (next.js: 911µs, proxy.ts: 3ms, application-code: 45ms)[22m
 GET /app/notes/cmn16obth000265ybe7idwa9a/edit [32m200[39m in 21ms[2m (next.js: 3ms, proxy.ts: 3ms, application-code: 15ms)[22m
 GET /app/notes/cmn16obth000265ybe7idwa9a/edit?unpublished=1 [32m200[39m in 21ms[2m (next.js: 1296µs, proxy.ts: 2ms, application-code: 18ms)[22m
 POST /app/notes/cmn16obth000265ybe7idwa9a/edit [34m303[39m in 35ms[2m (next.js: 1529µs, proxy.ts: 3ms, application-code: 31ms)[22m
  └─ ƒ unpublishNoteAction("cmn16obth000265ybe7idwa9a") in 5ms [2msrc/app/app/notes/actions.ts[22m
 GET / [32m200[39m in 18ms[2m (next.js: 889µs, application-code: 17ms)[22m
 GET /notes/public-note-1774149282303 [33m404[39m in 41ms[2m (next.js: 1869µs, application-code: 39ms)[22m
 GET /login [32m200[39m in 18ms[2m (next.js: 796µs, application-code: 17ms)[22m
 GET /app [32m200[39m in 24ms[2m (next.js: 1068µs, proxy.ts: 2ms, application-code: 21ms)[22m
 POST /login [34m303[39m in 59ms[2m (next.js: 883µs, application-code: 58ms)[22m
  └─ ƒ loginAction({}) in 30ms [2msrc/app/login/actions.ts[22m
 GET /app/links [32m200[39m in 40ms[2m (next.js: 16ms, proxy.ts: 8ms, application-code: 16ms)[22m
 GET /app/links?saved=1 [32m200[39m in 24ms[2m (next.js: 812µs, proxy.ts: 2ms, application-code: 21ms)[22m
 POST /app/links [34m303[39m in 41ms[2m (next.js: 979µs, proxy.ts: 3ms, application-code: 37ms)[22m
  └─ ƒ createLinkAction({}) in 9ms [2msrc/app/app/links/actions.ts[22m
 POST /api/test/mina/chat/completions [32m200[39m in 3ms[2m (next.js: 750µs, application-code: 1783µs)[22m
{"level":"warn","message":"Link favicon could not be resolved.","metadata":{"linkId":"cmn16od1d000365ybaf58179k","url":"https://example.com/reference-1774149283912"},"timestamp":"2026-03-22T03:14:44.555Z"}
 GET /app/links?saved=1 [32m200[39m in 33ms[2m (next.js: 1431µs, proxy.ts: 4ms, application-code: 27ms)[22m
 GET / [32m200[39m in 31ms[2m (next.js: 2ms, application-code: 29ms)[22m
 GET /login [32m200[39m in 17ms[2m (next.js: 918µs, application-code: 16ms)[22m
 GET /app [32m200[39m in 24ms[2m (next.js: 956µs, proxy.ts: 3ms, application-code: 20ms)[22m
 POST /login [34m303[39m in 60ms[2m (next.js: 921µs, application-code: 60ms)[22m
  └─ ƒ loginAction({}) in 31ms [2msrc/app/login/actions.ts[22m
 GET /app/links [32m200[39m in 21ms[2m (next.js: 876µs, proxy.ts: 3ms, application-code: 17ms)[22m
 GET /app/links?saved=1 [32m200[39m in 23ms[2m (next.js: 803µs, proxy.ts: 2ms, application-code: 20ms)[22m
 POST /app/links [34m303[39m in 37ms[2m (next.js: 1519µs, proxy.ts: 3ms, application-code: 32ms)[22m
  └─ ƒ createLinkAction({}) in 6ms [2msrc/app/app/links/actions.ts[22m
 POST /api/test/mina/chat/completions [32m200[39m in 2ms[2m (next.js: 586µs, application-code: 1436µs)[22m
{"level":"warn","message":"Link favicon could not be resolved.","metadata":{"linkId":"cmn16ofrx000465ybjontuk5j","url":"https://example.com/published-link-1774149287447"},"timestamp":"2026-03-22T03:14:48.386Z"}
 GET /app/links?saved=1 [32m200[39m in 41ms[2m (next.js: 2ms, proxy.ts: 7ms, application-code: 31ms)[22m
 GET /app/links?published=1 [32m200[39m in 33ms[2m (next.js: 1152µs, proxy.ts: 3ms, application-code: 29ms)[22m
 POST /app/links?saved=1 [34m303[39m in 55ms[2m (next.js: 1943µs, proxy.ts: 7ms, application-code: 46ms)[22m
  └─ ƒ publishLinkAction("cmn16ofrx000465ybjontuk5j") in 8ms [2msrc/app/app/links/actions.ts[22m
 GET / [32m200[39m in 18ms[2m (next.js: 875µs, application-code: 17ms)[22m
 GET /app/links [32m200[39m in 66ms[2m (next.js: 872µs, proxy.ts: 2ms, application-code: 62ms)[22m
 GET /app/links?unpublished=1 [32m200[39m in 30ms[2m (next.js: 703µs, proxy.ts: 2ms, application-code: 28ms)[22m
 POST /app/links [34m303[39m in 43ms[2m (next.js: 928µs, proxy.ts: 3ms, application-code: 39ms)[22m
  └─ ƒ unpublishLinkAction("cmn16ofrx000465ybjontuk5j") in 5ms [2msrc/app/app/links/actions.ts[22m
 GET / [32m200[39m in 18ms[2m (next.js: 857µs, application-code: 18ms)[22m
 GET /login [32m200[39m in 15ms[2m (next.js: 819µs, application-code: 14ms)[22m
 GET /app [32m200[39m in 24ms[2m (next.js: 1131µs, proxy.ts: 3ms, application-code: 21ms)[22m
 POST /login [34m303[39m in 60ms[2m (next.js: 980µs, application-code: 59ms)[22m
  └─ ƒ loginAction({}) in 30ms [2msrc/app/login/actions.ts[22m
 GET /app/links [32m200[39m in 23ms[2m (next.js: 895µs, proxy.ts: 3ms, application-code: 19ms)[22m
 GET /app/links?saved=1 [32m200[39m in 26ms[2m (next.js: 821µs, proxy.ts: 3ms, application-code: 23ms)[22m
 POST /app/links [34m303[39m in 40ms[2m (next.js: 1338µs, proxy.ts: 3ms, application-code: 36ms)[22m
  └─ ƒ createLinkAction({}) in 6ms [2msrc/app/app/links/actions.ts[22m
{"level":"warn","message":"Link favicon could not be resolved.","metadata":{"linkId":"cmn16oivi000565ybmhyf2cxo","url":"https://example.com/retry-link-1774149291475"},"timestamp":"2026-03-22T03:14:52.203Z"}
 POST /api/test/mina/chat/completions [32m200[39m in 1513ms[2m (next.js: 583µs, application-code: 1513ms)[22m
 GET /app/links?saved=1 [32m200[39m in 51ms[2m (next.js: 2ms, proxy.ts: 10ms, application-code: 39ms)[22m
 GET /app/links?retried=1 [32m200[39m in 30ms[2m (next.js: 1013µs, proxy.ts: 3ms, application-code: 26ms)[22m
 POST /app/links?saved=1 [34m303[39m in 49ms[2m (next.js: 1739µs, proxy.ts: 6ms, application-code: 41ms)[22m
  └─ ƒ retryLinkEnrichmentAction("cmn16oivi000565ybmhyf2cxo") in 7ms [2msrc/app/app/links/actions.ts[22m
 POST /api/test/mina/chat/completions [32m200[39m in 1509ms[2m (next.js: 614µs, application-code: 1508ms)[22m
 GET /app/links?retried=1 [32m200[39m in 46ms[2m (next.js: 2ms, proxy.ts: 9ms, application-code: 34ms)[22m
 GET /login [32m200[39m in 20ms[2m (next.js: 982µs, application-code: 19ms)[22m
 GET /app [32m200[39m in 33ms[2m (next.js: 953µs, proxy.ts: 3ms, application-code: 29ms)[22m
 POST /login [34m303[39m in 68ms[2m (next.js: 983µs, application-code: 67ms)[22m
  └─ ƒ loginAction({}) in 31ms [2msrc/app/login/actions.ts[22m
 GET /app/links [32m200[39m in 25ms[2m (next.js: 1584µs, proxy.ts: 4ms, application-code: 20ms)[22m
 GET /app/links?error=invalid-url [32m200[39m in 25ms[2m (next.js: 716µs, proxy.ts: 2ms, application-code: 22ms)[22m
 POST /app/links [34m303[39m in 35ms[2m (next.js: 845µs, proxy.ts: 3ms, application-code: 31ms)[22m
  └─ ƒ createLinkAction({}) in 2ms [2msrc/app/app/links/actions.ts[22m
 GET /login [32m200[39m in 15ms[2m (next.js: 746µs, application-code: 14ms)[22m
 GET /app [32m200[39m in 24ms[2m (next.js: 1217µs, proxy.ts: 2ms, application-code: 21ms)[22m
 POST /login [34m303[39m in 59ms[2m (next.js: 987µs, application-code: 58ms)[22m
  └─ ƒ loginAction({}) in 30ms [2msrc/app/login/actions.ts[22m
 GET /app/notes/new [32m200[39m in 16ms[2m (next.js: 1036µs, proxy.ts: 3ms, application-code: 12ms)[22m
 GET /app/notes/cmn16oocj000665ybw9biv379/edit?saved=1 [32m200[39m in 28ms[2m (next.js: 2ms, proxy.ts: 2ms, application-code: 23ms)[22m
 POST /app/notes/new [34m303[39m in 42ms[2m (next.js: 1153µs, proxy.ts: 3ms, application-code: 38ms)[22m
  └─ ƒ createNoteAction({}) in 6ms [2msrc/app/app/notes/actions.ts[22m
 GET /app/links [32m200[39m in 55ms[2m (next.js: 915µs, proxy.ts: 2ms, application-code: 51ms)[22m
 GET /app/links?saved=1 [32m200[39m in 29ms[2m (next.js: 853µs, proxy.ts: 3ms, application-code: 25ms)[22m
 POST /app/links [34m303[39m in 43ms[2m (next.js: 1600µs, proxy.ts: 3ms, application-code: 39ms)[22m
  └─ ƒ createLinkAction({}) in 6ms [2msrc/app/app/links/actions.ts[22m
 POST /api/test/mina/chat/completions [32m200[39m in 2ms[2m (next.js: 932µs, application-code: 1509µs)[22m
{"level":"warn","message":"Link favicon could not be resolved.","metadata":{"linkId":"cmn16ooj9000765yb2yknxvut","url":"https://example.com/url-needle-1774149298545"},"timestamp":"2026-03-22T03:14:59.335Z"}
 GET /app/links?saved=1 [32m200[39m in 74ms[2m (next.js: 3ms, proxy.ts: 9ms, application-code: 62ms)[22m
 GET /app/tags?tag=ai-owned [32m200[39m in 130ms[2m (next.js: 26ms, proxy.ts: 6ms, application-code: 98ms)[22m
 GET /app/tags [32m200[39m in 65ms[2m (next.js: 733µs, proxy.ts: 2ms, application-code: 61ms)[22m
 GET /app/search?q=Filtered%20note%201774149298545 [32m200[39m in 85ms[2m (next.js: 16ms, proxy.ts: 3ms, application-code: 67ms)[22m
 GET /app/search?q=url-needle-1774149298545 [32m200[39m in 55ms[2m (next.js: 810µs, proxy.ts: 2ms, application-code: 52ms)[22m
 GET /app/search?q=ai-owned [32m200[39m in 40ms[2m (next.js: 807µs, proxy.ts: 2ms, application-code: 37ms)[22m
 GET /login [32m200[39m in 15ms[2m (next.js: 826µs, application-code: 14ms)[22m
 GET /app [32m200[39m in 25ms[2m (next.js: 957µs, proxy.ts: 3ms, application-code: 21ms)[22m
 POST /login [34m303[39m in 62ms[2m (next.js: 930µs, application-code: 61ms)[22m
  └─ ƒ loginAction({}) in 31ms [2msrc/app/login/actions.ts[22m
 GET /app/links [32m200[39m in 32ms[2m (next.js: 854µs, proxy.ts: 3ms, application-code: 28ms)[22m
 GET /app/links?saved=1 [32m200[39m in 29ms[2m (next.js: 781µs, proxy.ts: 2ms, application-code: 26ms)[22m
 POST /app/links [34m303[39m in 43ms[2m (next.js: 859µs, proxy.ts: 3ms, application-code: 39ms)[22m
  └─ ƒ createLinkAction({}) in 6ms [2msrc/app/app/links/actions.ts[22m
{"level":"warn","message":"Link favicon could not be resolved.","metadata":{"linkId":"cmn16orny000865ybz8uvuiu4","url":"https://example.com/ai-enriched-link-1774149302879"},"timestamp":"2026-03-22T03:15:03.463Z"}
 GET /app/links?saved=1 [32m200[39m in 50ms[2m (next.js: 2ms, proxy.ts: 11ms, application-code: 36ms)[22m
 GET /app/search?q=ai [32m200[39m in 53ms[2m (next.js: 1826µs, proxy.ts: 5ms, application-code: 47ms)[22m
 GET /app/tags?tag=ai [32m200[39m in 67ms[2m (next.js: 1498µs, proxy.ts: 9ms, application-code: 57ms)[22m
 GET /login [32m200[39m in 14ms[2m (next.js: 799µs, application-code: 14ms)[22m
 GET /app [32m200[39m in 23ms[2m (next.js: 747µs, proxy.ts: 2ms, application-code: 20ms)[22m
 POST /login [34m303[39m in 58ms[2m (next.js: 862µs, application-code: 57ms)[22m
  └─ ƒ loginAction({}) in 29ms [2msrc/app/login/actions.ts[22m
 GET /app/links [32m200[39m in 61ms[2m (next.js: 796µs, proxy.ts: 3ms, application-code: 58ms)[22m
 GET /app/links?saved=1 [32m200[39m in 30ms[2m (next.js: 811µs, proxy.ts: 2ms, application-code: 27ms)[22m
 POST /app/links [34m303[39m in 43ms[2m (next.js: 787µs, proxy.ts: 3ms, application-code: 39ms)[22m
  └─ ƒ createLinkAction({}) in 6ms [2msrc/app/app/links/actions.ts[22m
 POST /api/test/mina/chat/completions [32m200[39m in 2ms[2m (next.js: 707µs, application-code: 1577µs)[22m
 GET /app/links?saved=1 [32m200[39m in 49ms[2m (next.js: 2ms, proxy.ts: 8ms, application-code: 39ms)[22m
 GET /media/1d3821eb-e89e-4b5a-a95b-787ae8e621dd [32m200[39m in 441ms[2m (next.js: 430ms, application-code: 11ms)[22m
 GET /app/links?published=1 [32m200[39m in 59ms[2m (next.js: 1234µs, proxy.ts: 4ms, application-code: 54ms)[22m
 POST /app/links?saved=1 [34m303[39m in 85ms[2m (next.js: 1589µs, proxy.ts: 6ms, application-code: 77ms)[22m
  └─ ƒ publishLinkAction("cmn16ouih000965ybwxesnn9d") in 7ms [2msrc/app/app/links/actions.ts[22m
 GET /media/1d3821eb-e89e-4b5a-a95b-787ae8e621dd [32m200[39m in 28ms[2m (next.js: 3ms, application-code: 26ms)[22m
 GET / [32m200[39m in 37ms[2m (next.js: 1477µs, application-code: 36ms)[22m
 GET /media/1d3821eb-e89e-4b5a-a95b-787ae8e621dd [32m200[39m in 10ms[2m (next.js: 912µs, application-code: 9ms)[22m
 GET /app/links [32m200[39m in 66ms[2m (next.js: 880µs, proxy.ts: 2ms, application-code: 62ms)[22m
 GET /media/1d3821eb-e89e-4b5a-a95b-787ae8e621dd [32m200[39m in 15ms[2m (next.js: 1221µs, application-code: 14ms)[22m
 GET /app/links?saved=1 [32m200[39m in 36ms[2m (next.js: 704µs, proxy.ts: 2ms, application-code: 34ms)[22m
 POST /app/links [34m303[39m in 50ms[2m (next.js: 812µs, proxy.ts: 3ms, application-code: 46ms)[22m
  └─ ƒ createLinkAction({}) in 6ms [2msrc/app/app/links/actions.ts[22m
{"level":"warn","message":"Link favicon cache failed.","metadata":{"error":"Configured link favicon fetch failure for Playwright.","linkId":"cmn16ox3k000a65ybycb5gpoh","url":"https://example.com/fallback-favicon-1774149306557"},"timestamp":"2026-03-22T03:15:10.393Z"}
 POST /api/test/mina/chat/completions [32m200[39m in 1784µs[2m (next.js: 565µs, application-code: 1219µs)[22m
 GET /media/1d3821eb-e89e-4b5a-a95b-787ae8e621dd [32m200[39m in 7ms[2m (next.js: 832µs, application-code: 6ms)[22m
 GET /app/links?saved=1 [32m200[39m in 52ms[2m (next.js: 3ms, proxy.ts: 9ms, application-code: 40ms)[22m
 GET /app/links?favicon=1 [32m200[39m in 45ms[2m (next.js: 957µs, proxy.ts: 3ms, application-code: 41ms)[22m
 POST /app/links?saved=1 [34m303[39m in 64ms[2m (next.js: 1516µs, proxy.ts: 5ms, application-code: 57ms)[22m
  └─ ƒ refreshLinkFaviconAction("cmn16ox3k000a65ybycb5gpoh") in 8ms [2msrc/app/app/links/actions.ts[22m
 GET /media/1d3821eb-e89e-4b5a-a95b-787ae8e621dd [32m200[39m in 9ms[2m (next.js: 2ms, application-code: 7ms)[22m
 GET /media/d7fda350-8cf0-4bbe-a66b-146fbdaa3e2c [32m200[39m in 10ms[2m (next.js: 4ms, application-code: 6ms)[22m
 GET /media/draft-note-image-1774149313591 [33m404[39m in 7ms[2m (next.js: 4ms, application-code: 3ms)[22m
 GET /login [32m200[39m in 22ms[2m (next.js: 773µs, application-code: 22ms)[22m
 GET /app [32m200[39m in 23ms[2m (next.js: 891µs, proxy.ts: 3ms, application-code: 20ms)[22m
 POST /login [34m303[39m in 59ms[2m (next.js: 1047µs, application-code: 58ms)[22m
  └─ ƒ loginAction({}) in 30ms [2msrc/app/login/actions.ts[22m
 GET /media/draft-note-image-1774149313591 [32m200[39m in 9ms[2m (next.js: 1737µs, application-code: 7ms)[22m
 GET /media/draft-note-image-1774149313591 [32m200[39m in 6ms[2m (next.js: 615µs, application-code: 5ms)[22m
 GET /media/published-note-image-1774149313961 [32m200[39m in 5ms[2m (next.js: 1462µs, application-code: 4ms)[22m
 GET /media/hidden-note-image-1774149313961 [33m404[39m in 4ms[2m (next.js: 771µs, application-code: 3ms)[22m
 GET /media/published-link-favicon-1774149313961 [32m200[39m in 4ms[2m (next.js: 615µs, application-code: 4ms)[22m
 GET /login [32m200[39m in 14ms[2m (next.js: 819µs, application-code: 14ms)[22m
 GET /app [32m200[39m in 22ms[2m (next.js: 923µs, proxy.ts: 2ms, application-code: 19ms)[22m
 POST /login [34m303[39m in 57ms[2m (next.js: 1196µs, application-code: 56ms)[22m
  └─ ƒ loginAction({}) in 31ms [2msrc/app/login/actions.ts[22m
 GET /media/published-note-image-1774149313961 [32m200[39m in 9ms[2m (next.js: 1045µs, application-code: 8ms)[22m
 GET /app/notes/new [32m200[39m in 16ms[2m (next.js: 1116µs, proxy.ts: 3ms, application-code: 11ms)[22m
 GET /app/notes/cmn16p0ap000b65ybhqid9irv/edit?saved=1 [32m200[39m in 23ms[2m (next.js: 2ms, proxy.ts: 2ms, application-code: 19ms)[22m
 POST /app/notes/new [34m303[39m in 40ms[2m (next.js: 815µs, proxy.ts: 3ms, application-code: 36ms)[22m
  └─ ƒ createNoteAction({}) in 7ms [2msrc/app/app/notes/actions.ts[22m
 GET /app/notes/cmn16p0ap000b65ybhqid9irv/edit?saved=1 [32m200[39m in 32ms[2m (next.js: 3ms, proxy.ts: 4ms, application-code: 25ms)[22m
 GET /app [32m200[39m in 57ms[2m (next.js: 2ms, proxy.ts: 7ms, application-code: 48ms)[22m
 GET /media/published-note-image-1774149313961 [32m200[39m in 10ms[2m (next.js: 3ms, application-code: 7ms)[22m
 GET /login [32m200[39m in 19ms[2m (next.js: 929µs, application-code: 18ms)[22m
 GET /app [32m200[39m in 19ms[2m (next.js: 899µs, proxy.ts: 3ms, application-code: 15ms)[22m
 POST /login [34m303[39m in 53ms[2m (next.js: 946µs, application-code: 52ms)[22m
  └─ ƒ loginAction({}) in 30ms [2msrc/app/login/actions.ts[22m
 GET /app/notes/new [32m200[39m in 61ms[2m (next.js: 991µs, proxy.ts: 3ms, application-code: 57ms)[22m
 POST /api/notes/images [32m201[39m in 32ms[2m (next.js: 24ms, application-code: 8ms)[22m
 GET /media/30d79ebe-1f99-4fee-adb0-ce5632a51a04 [32m200[39m in 14ms[2m (next.js: 5ms, application-code: 9ms)[22m
 GET /app/notes/cmn16p358000c65ybrmdjdda3/edit?saved=1 [32m200[39m in 23ms[2m (next.js: 3ms, proxy.ts: 2ms, application-code: 19ms)[22m
 POST /app/notes/new [34m303[39m in 42ms[2m (next.js: 2ms, proxy.ts: 4ms, application-code: 35ms)[22m
  └─ ƒ createNoteAction({}) in 8ms [2msrc/app/app/notes/actions.ts[22m
 GET /media/30d79ebe-1f99-4fee-adb0-ce5632a51a04 [32m200[39m in 9ms[2m (next.js: 1172µs, application-code: 8ms)[22m
 GET / [32m200[39m in 18ms[2m (next.js: 826µs, application-code: 17ms)[22m
 GET /login [32m200[39m in 15ms[2m (next.js: 797µs, application-code: 14ms)[22m
 GET /login [32m200[39m in 15ms[2m (next.js: 734µs, application-code: 14ms)[22m
 GET /login [32m200[39m in 15ms[2m (next.js: 784µs, application-code: 14ms)[22m
 GET /app [32m200[39m in 24ms[2m (next.js: 1016µs, proxy.ts: 2ms, application-code: 21ms)[22m
 POST /login [34m303[39m in 59ms[2m (next.js: 892µs, application-code: 58ms)[22m
  └─ ƒ loginAction({}) in 31ms [2msrc/app/login/actions.ts[22m
 GET /app/notes/cmn16p3to000867yboatw72pv/edit [32m200[39m in 43ms[2m (next.js: 2ms, proxy.ts: 2ms, application-code: 38ms)[22m
 GET /login [32m200[39m in 15ms[2m (next.js: 750µs, application-code: 14ms)[22m
 GET /app [32m200[39m in 20ms[2m (next.js: 1014µs, proxy.ts: 2ms, application-code: 16ms)[22m
 POST /login [34m303[39m in 55ms[2m (next.js: 907µs, application-code: 54ms)[22m
  └─ ƒ loginAction({}) in 31ms [2msrc/app/login/actions.ts[22m
 GET /app/notes/cmn16p4bh000967ybumgewnx5/edit [32m200[39m in 46ms[2m (next.js: 2ms, proxy.ts: 2ms, application-code: 41ms)[22m
 GET / [32m200[39m in 18ms[2m (next.js: 855µs, application-code: 17ms)[22m
 GET / [32m200[39m in 18ms[2m (next.js: 847µs, application-code: 17ms)[22m
 GET / [32m200[39m in 18ms[2m (next.js: 814µs, application-code: 17ms)[22m
 GET / [32m200[39m in 17ms[2m (next.js: 806µs, application-code: 16ms)[22m
 GET /login [32m200[39m in 19ms[2m (next.js: 821µs, application-code: 18ms)[22m
 GET /login [32m200[39m in 22ms[2m (next.js: 783µs, application-code: 21ms)[22m
 GET /app [32m200[39m in 21ms[2m (next.js: 819µs, proxy.ts: 2ms, application-code: 18ms)[22m
 POST /login [34m303[39m in 55ms[2m (next.js: 924µs, application-code: 54ms)[22m
  └─ ƒ loginAction({}) in 30ms [2msrc/app/login/actions.ts[22m
 GET / [32m200[39m in 16ms[2m (next.js: 760µs, application-code: 16ms)[22m
 GET /login [32m200[39m in 14ms[2m (next.js: 759µs, application-code: 14ms)[22m
 GET /app [32m200[39m in 21ms[2m (next.js: 1193µs, proxy.ts: 3ms, application-code: 18ms)[22m
 POST /login [34m303[39m in 54ms[2m (next.js: 911µs, application-code: 53ms)[22m
  └─ ƒ loginAction({}) in 29ms [2msrc/app/login/actions.ts[22m
 GET /app/search [32m200[39m in 32ms[2m (next.js: 2ms, proxy.ts: 3ms, application-code: 27ms)[22m
 GET /app/links [32m200[39m in 39ms[2m (next.js: 795µs, proxy.ts: 3ms, application-code: 36ms)[22m
 GET /app [32m200[39m in 31ms[2m (next.js: 875µs, proxy.ts: 3ms, application-code: 27ms)[22m
 GET /app/notes/cmn16p62q000w67yb85g9qtne/edit [32m200[39m in 20ms[2m (next.js: 3ms, proxy.ts: 3ms, application-code: 15ms)[22m
 GET /login [32m200[39m in 19ms[2m (next.js: 790µs, application-code: 18ms)[22m
 GET /app [32m200[39m in 26ms[2m (next.js: 1059µs, proxy.ts: 8ms, application-code: 17ms)[22m
 POST /login [34m303[39m in 61ms[2m (next.js: 907µs, application-code: 60ms)[22m
  └─ ƒ loginAction({}) in 31ms [2msrc/app/login/actions.ts[22m
 GET /app/notes/new [32m200[39m in 28ms[2m (next.js: 931µs, proxy.ts: 3ms, application-code: 24ms)[22m
 GET /app/notes/cmn16p74l000d65ybcv11f18q/edit?saved=1 [32m200[39m in 23ms[2m (next.js: 2ms, proxy.ts: 2ms, application-code: 18ms)[22m
 POST /app/notes/new [34m303[39m in 34ms[2m (next.js: 844µs, proxy.ts: 3ms, application-code: 31ms)[22m
  └─ ƒ createNoteAction({}) in 5ms [2msrc/app/app/notes/actions.ts[22m
 GET /login [32m200[39m in 18ms[2m (next.js: 807µs, application-code: 17ms)[22m
 GET /app [32m200[39m in 26ms[2m (next.js: 957µs, proxy.ts: 2ms, application-code: 23ms)[22m
 POST /login [34m303[39m in 62ms[2m (next.js: 1024µs, application-code: 61ms)[22m
  └─ ƒ loginAction({}) in 31ms [2msrc/app/login/actions.ts[22m
 GET /app/notes/cmn16p77j000z67ybulyrpyft/edit [32m200[39m in 43ms[2m (next.js: 2ms, proxy.ts: 2ms, application-code: 39ms)[22m
 GET /login [32m200[39m in 16ms[2m (next.js: 794µs, application-code: 15ms)[22m
 GET /app [32m200[39m in 21ms[2m (next.js: 1083µs, proxy.ts: 2ms, application-code: 18ms)[22m
 POST /login [34m303[39m in 56ms[2m (next.js: 910µs, application-code: 55ms)[22m
  └─ ƒ loginAction({}) in 31ms [2msrc/app/login/actions.ts[22m
 GET /app/notes/new [32m200[39m in 26ms[2m (next.js: 980µs, proxy.ts: 3ms, application-code: 22ms)[22m
 GET /media/3b92f5a1-6c7b-417c-b948-3dfdce5a8efe-with-extra-wrap-length-for-the-gutter [33m404[39m in 9ms[2m (next.js: 4ms, application-code: 5ms)[22m
 GET /login [32m200[39m in 23ms[2m (next.js: 820µs, application-code: 22ms)[22m
 GET /app [32m200[39m in 20ms[2m (next.js: 1037µs, proxy.ts: 2ms, application-code: 17ms)[22m
 POST /login [34m303[39m in 56ms[2m (next.js: 902µs, application-code: 55ms)[22m
  └─ ƒ loginAction({}) in 30ms [2msrc/app/login/actions.ts[22m
 GET /app/notes/cmn16p81b001167ybitv3u1u2/edit [32m200[39m in 40ms[2m (next.js: 2ms, proxy.ts: 3ms, application-code: 34ms)[22m
 GET /login [32m200[39m in 16ms[2m (next.js: 819µs, application-code: 15ms)[22m
 GET /app [32m200[39m in 20ms[2m (next.js: 927µs, proxy.ts: 2ms, application-code: 17ms)[22m
 POST /login [34m303[39m in 54ms[2m (next.js: 941µs, application-code: 53ms)[22m
  └─ ƒ loginAction({}) in 29ms [2msrc/app/login/actions.ts[22m
 GET /app/notes/cmn16p8h5001267ybiuj60sja/edit [32m200[39m in 42ms[2m (next.js: 7ms, proxy.ts: 3ms, application-code: 32ms)[22m
 GET /app/notes/cmn16p8h5001267ybiuj60sja/edit?saved=1 [32m200[39m in 22ms[2m (next.js: 1237µs, proxy.ts: 2ms, application-code: 18ms)[22m
 POST /app/notes/cmn16p8h5001267ybiuj60sja/edit [34m303[39m in 38ms[2m (next.js: 2ms, proxy.ts: 3ms, application-code: 33ms)[22m
  └─ ƒ updateNoteAction("cmn16p8h5001267ybiuj60sja", {}) in 6ms [2msrc/app/app/notes/actions.ts[22m
 GET /login [32m200[39m in 16ms[2m (next.js: 787µs, application-code: 15ms)[22m
 GET /app [32m200[39m in 21ms[2m (next.js: 859µs, proxy.ts: 2ms, application-code: 18ms)[22m
 POST /login [34m303[39m in 57ms[2m (next.js: 876µs, application-code: 56ms)[22m
  └─ ƒ loginAction({}) in 32ms [2msrc/app/login/actions.ts[22m
 GET /app/notes/cmn16p9bc001367ybfv4dfnfl/edit [32m200[39m in 47ms[2m (next.js: 2ms, proxy.ts: 3ms, application-code: 42ms)[22m
 GET /login [32m200[39m in 17ms[2m (next.js: 788µs, application-code: 16ms)[22m
 GET /app [32m200[39m in 21ms[2m (next.js: 869µs, proxy.ts: 2ms, application-code: 17ms)[22m
 POST /login [34m303[39m in 55ms[2m (next.js: 892µs, application-code: 55ms)[22m
  └─ ƒ loginAction({}) in 31ms [2msrc/app/login/actions.ts[22m
 GET /app/notes/cmn16p9t4001467ybymyyiv6o/edit [32m200[39m in 44ms[2m (next.js: 2ms, proxy.ts: 3ms, application-code: 39ms)[22m
 GET /app/notes/cmn16p9t4001467ybymyyiv6o/edit?saved=1 [32m200[39m in 30ms[2m (next.js: 1935µs, proxy.ts: 2ms, application-code: 25ms)[22m
 POST /app/notes/cmn16p9t4001467ybymyyiv6o/edit [34m303[39m in 46ms[2m (next.js: 3ms, proxy.ts: 4ms, application-code: 39ms)[22m
  └─ ƒ updateNoteAction("cmn16p9t4001467ybymyyiv6o", {}) in 6ms [2msrc/app/app/notes/actions.ts[22m
 GET /app/notes/cmn16p9t4001467ybymyyiv6o/edit?saved=1 [32m200[39m in 42ms[2m (next.js: 1496µs, proxy.ts: 3ms, application-code: 38ms)[22m
 GET /login [32m200[39m in 16ms[2m (next.js: 878µs, application-code: 15ms)[22m
 GET /app [32m200[39m in 21ms[2m (next.js: 891µs, proxy.ts: 3ms, application-code: 18ms)[22m
 POST /login [34m303[39m in 57ms[2m (next.js: 892µs, application-code: 56ms)[22m
  └─ ƒ loginAction({}) in 31ms [2msrc/app/login/actions.ts[22m
 GET /app/notes/cmn16pam5001567yb6qfa6u06/edit [32m200[39m in 51ms[2m (next.js: 2ms, proxy.ts: 2ms, application-code: 46ms)[22m
 GET /login [32m200[39m in 19ms[2m (next.js: 781µs, application-code: 19ms)[22m
 GET /app [32m200[39m in 21ms[2m (next.js: 1186µs, proxy.ts: 2ms, application-code: 17ms)[22m
 POST /login [34m303[39m in 56ms[2m (next.js: 861µs, application-code: 55ms)[22m
  └─ ƒ loginAction({}) in 30ms [2msrc/app/login/actions.ts[22m
 GET /app/notes/cmn16pb38001667ybr3k66w4x/edit [32m200[39m in 44ms[2m (next.js: 2ms, proxy.ts: 2ms, application-code: 39ms)[22m
 GET /app/notes/cmn16pb38001667ybr3k66w4x/edit?saved=1 [32m200[39m in 22ms[2m (next.js: 1253µs, proxy.ts: 2ms, application-code: 19ms)[22m
 POST /app/notes/cmn16pb38001667ybr3k66w4x/edit [34m303[39m in 37ms[2m (next.js: 3ms, proxy.ts: 3ms, application-code: 32ms)[22m
  └─ ƒ updateNoteAction("cmn16pb38001667ybr3k66w4x", {}) in 6ms [2msrc/app/app/notes/actions.ts[22m
 GET /login [32m200[39m in 21ms[2m (next.js: 805µs, application-code: 20ms)[22m
 GET /app [32m200[39m in 22ms[2m (next.js: 925µs, proxy.ts: 3ms, application-code: 18ms)[22m
 POST /login [34m303[39m in 56ms[2m (next.js: 855µs, application-code: 55ms)[22m
  └─ ƒ loginAction({}) in 30ms [2msrc/app/login/actions.ts[22m
 GET /app/notes/new [32m200[39m in 28ms[2m (next.js: 912µs, proxy.ts: 3ms, application-code: 24ms)[22m
 GET /login [32m200[39m in 18ms[2m (next.js: 842µs, application-code: 17ms)[22m
 GET /app [32m200[39m in 21ms[2m (next.js: 878µs, proxy.ts: 3ms, application-code: 18ms)[22m
 POST /login [34m303[39m in 56ms[2m (next.js: 923µs, application-code: 55ms)[22m
  └─ ƒ loginAction({}) in 31ms [2msrc/app/login/actions.ts[22m
 GET /app/notes/cmn16pch0001867yber9i7dfl/edit [32m200[39m in 52ms[2m (next.js: 2ms, proxy.ts: 3ms, application-code: 47ms)[22m
 GET /login [32m200[39m in 15ms[2m (next.js: 799µs, application-code: 15ms)[22m
 GET /app [32m200[39m in 21ms[2m (next.js: 944µs, proxy.ts: 2ms, application-code: 17ms)[22m
 POST /login [34m303[39m in 56ms[2m (next.js: 903µs, application-code: 55ms)[22m
  └─ ƒ loginAction({}) in 30ms [2msrc/app/login/actions.ts[22m
 GET /app/notes/cmn16pcxh001967ybumxkoamd/edit [32m200[39m in 44ms[2m (next.js: 2ms, proxy.ts: 3ms, application-code: 39ms)[22m
 GET /media/ui-note-images-draft-1774149331431 [33m404[39m in 6ms[2m (next.js: 2ms, application-code: 3ms)[22m
 GET /login [32m200[39m in 19ms[2m (next.js: 727µs, application-code: 18ms)[22m
 GET /app [32m200[39m in 22ms[2m (next.js: 1016µs, proxy.ts: 2ms, application-code: 19ms)[22m
 POST /login [34m303[39m in 58ms[2m (next.js: 999µs, application-code: 57ms)[22m
  └─ ƒ loginAction({}) in 31ms [2msrc/app/login/actions.ts[22m
 GET /media/ui-note-images-published-first-1774149331431 [32m200[39m in 8ms[2m (next.js: 1028µs, application-code: 7ms)[22m
 GET /media/ui-note-images-draft-1774149331431 [32m200[39m in 9ms[2m (next.js: 2ms, application-code: 7ms)[22m
 GET / [32m200[39m in 17ms[2m (next.js: 936µs, application-code: 16ms)[22m
 GET /media/ui-note-images-published-first-1774149331431 [32m200[39m in 8ms[2m (next.js: 1374µs, application-code: 7ms)[22m
 GET /notes/published-note-image-card [32m200[39m in 43ms[2m (next.js: 3ms, application-code: 39ms)[22m
 GET /media/ui-note-images-published-second-1774149331431 [32m200[39m in 14ms[2m (next.js: 4ms, application-code: 10ms)[22m
 GET /media/ui-note-images-published-first-1774149331431 [32m200[39m in 15ms[2m (next.js: 2ms, application-code: 13ms)[22m
 GET /login [32m200[39m in 16ms[2m (next.js: 744µs, application-code: 15ms)[22m
 GET /app [32m200[39m in 23ms[2m (next.js: 873µs, proxy.ts: 2ms, application-code: 20ms)[22m
 POST /login [34m303[39m in 64ms[2m (next.js: 1023µs, application-code: 63ms)[22m
  └─ ƒ loginAction({}) in 36ms [2msrc/app/login/actions.ts[22m
 GET /login [32m200[39m in 17ms[2m (next.js: 922µs, application-code: 16ms)[22m
 GET /app [32m200[39m in 23ms[2m (next.js: 1020µs, proxy.ts: 2ms, application-code: 20ms)[22m
 POST /login [34m303[39m in 58ms[2m (next.js: 872µs, application-code: 57ms)[22m
  └─ ƒ loginAction({}) in 30ms [2msrc/app/login/actions.ts[22m
 GET /login [32m200[39m in 15ms[2m (next.js: 888µs, application-code: 14ms)[22m
 GET /app [32m200[39m in 30ms[2m (next.js: 914µs, proxy.ts: 3ms, application-code: 26ms)[22m
 POST /login [34m303[39m in 66ms[2m (next.js: 863µs, application-code: 65ms)[22m
  └─ ƒ loginAction({}) in 31ms [2msrc/app/login/actions.ts[22m
 GET /login [32m200[39m in 19ms[2m (next.js: 773µs, application-code: 18ms)[22m
 GET /app [32m200[39m in 21ms[2m (next.js: 870µs, proxy.ts: 3ms, application-code: 18ms)[22m
 POST /login [34m303[39m in 56ms[2m (next.js: 894µs, application-code: 55ms)[22m
  └─ ƒ loginAction({}) in 31ms [2msrc/app/login/actions.ts[22m
 GET /app/links [32m200[39m in 51ms[2m (next.js: 1492µs, proxy.ts: 3ms, application-code: 47ms)[22m
 GET /login [32m200[39m in 16ms[2m (next.js: 771µs, application-code: 15ms)[22m
 GET /app [32m200[39m in 22ms[2m (next.js: 998µs, proxy.ts: 2ms, application-code: 18ms)[22m
 POST /login [34m303[39m in 56ms[2m (next.js: 846µs, application-code: 55ms)[22m
  └─ ƒ loginAction({}) in 30ms [2msrc/app/login/actions.ts[22m
 GET /app/links [32m200[39m in 49ms[2m (next.js: 850µs, proxy.ts: 3ms, application-code: 45ms)[22m
 GET /login [32m200[39m in 16ms[2m (next.js: 952µs, application-code: 15ms)[22m
 GET /app [32m200[39m in 27ms[2m (next.js: 968µs, proxy.ts: 2ms, application-code: 24ms)[22m
 POST /login [34m303[39m in 63ms[2m (next.js: 889µs, application-code: 62ms)[22m
  └─ ƒ loginAction({}) in 31ms [2msrc/app/login/actions.ts[22m
 GET /app/tags?tag=studio-systems [32m200[39m in 43ms[2m (next.js: 2ms, proxy.ts: 3ms, application-code: 38ms)[22m
 GET /login [32m200[39m in 16ms[2m (next.js: 809µs, application-code: 15ms)[22m
 GET /app [32m200[39m in 21ms[2m (next.js: 865µs, proxy.ts: 3ms, application-code: 18ms)[22m
 POST /login [34m303[39m in 55ms[2m (next.js: 913µs, application-code: 54ms)[22m
  └─ ƒ loginAction({}) in 29ms [2msrc/app/login/actions.ts[22m
 GET /app/tags?tag=studio-systems [32m200[39m in 49ms[2m (next.js: 857µs, proxy.ts: 3ms, application-code: 45ms)[22m
 GET /login [32m200[39m in 18ms[2m (next.js: 770µs, application-code: 17ms)[22m
 GET /app [32m200[39m in 21ms[2m (next.js: 1024µs, proxy.ts: 2ms, application-code: 18ms)[22m
 POST /login [34m303[39m in 57ms[2m (next.js: 887µs, application-code: 56ms)[22m
  └─ ƒ loginAction({}) in 31ms [2msrc/app/login/actions.ts[22m
 GET /app/search?q=rhythm [32m200[39m in 42ms[2m (next.js: 2ms, proxy.ts: 2ms, application-code: 38ms)[22m
 GET /login [32m200[39m in 17ms[2m (next.js: 786µs, application-code: 16ms)[22m
 GET /app [32m200[39m in 22ms[2m (next.js: 900µs, proxy.ts: 2ms, application-code: 19ms)[22m
 POST /login [34m303[39m in 58ms[2m (next.js: 911µs, application-code: 57ms)[22m
  └─ ƒ loginAction({}) in 31ms [2msrc/app/login/actions.ts[22m
 GET /app/search?q=rhythm [32m200[39m in 43ms[2m (next.js: 910µs, proxy.ts: 2ms, application-code: 40ms)[22m
 GET / [32m200[39m in 18ms[2m (next.js: 814µs, application-code: 17ms)[22m
 GET / [32m200[39m in 19ms[2m (next.js: 798µs, application-code: 18ms)[22m
 GET /notes/public-notes-should-read-like-finished-pages-not-dashboards [32m200[39m in 33ms[2m (next.js: 1995µs, application-code: 31ms)[22m
 GET /notes/public-notes-should-read-like-finished-pages-not-dashboards [32m200[39m in 21ms[2m (next.js: 1634µs, application-code: 19ms)[22m
 GET / [32m200[39m in 19ms[2m (next.js: 922µs, application-code: 18ms)[22m
 GET / [32m200[39m in 18ms[2m (next.js: 790µs, application-code: 17ms)[22m
 GET / [32m200[39m in 18ms[2m (next.js: 795µs, application-code: 17ms)[22m
 GET /notes/tag-chips-should-fit-a-calmer-public-hierarchy [32m200[39m in 20ms[2m (next.js: 1777µs, application-code: 19ms)[22m
 GET / [32m200[39m in 18ms[2m (next.js: 789µs, application-code: 17ms)[22m
 GET /login [32m200[39m in 16ms[2m (next.js: 796µs, application-code: 15ms)[22m
 GET /login [32m200[39m in 16ms[2m (next.js: 820µs, application-code: 16ms)[22m
 GET /app [32m200[39m in 33ms[2m (next.js: 999µs, proxy.ts: 2ms, application-code: 30ms)[22m
 POST /login [34m303[39m in 68ms[2m (next.js: 929µs, application-code: 67ms)[22m
  └─ ƒ loginAction({}) in 30ms [2msrc/app/login/actions.ts[22m
 GET /login [32m200[39m in 16ms[2m (next.js: 798µs, application-code: 15ms)[22m
 GET /app [32m200[39m in 27ms[2m (next.js: 846µs, proxy.ts: 3ms, application-code: 23ms)[22m
 POST /login [34m303[39m in 62ms[2m (next.js: 982µs, application-code: 61ms)[22m
  └─ ƒ loginAction({}) in 31ms [2msrc/app/login/actions.ts[22m
