[main 2a927f9] ralph: 020-ai-ui-hardening 2026-03-21T04:42:33+09:00
 53 files changed, 2748 insertions(+), 152 deletions(-)
 rename docs/exec-plans/{active => completed}/019-knowledge-studio-ui-refresh.md (93%)
 create mode 100644 src/features/enrichment/components/status-block.tsx
 create mode 100644 state/artifacts/20260321T035650-019-knowledge-studio-ui-refresh/backlog.log
 create mode 100644 state/artifacts/20260321T035650-019-knowledge-studio-ui-refresh/promote.log
 create mode 100644 state/artifacts/20260321T041842-020-ai-ui-hardening/backlog.log
 create mode 100644 state/artifacts/20260321T041842-020-ai-ui-hardening/commit.log
 create mode 100644 state/artifacts/20260321T041842-020-ai-ui-hardening/evaluator.log
 create mode 100644 state/artifacts/20260321T041842-020-ai-ui-hardening/npm-run-test-e2e-grep-ai-real-next-server.log
 create mode 100644 state/artifacts/20260321T041842-020-ai-ui-hardening/npm-run-verify-next-server.log
 create mode 100644 state/artifacts/20260321T041842-020-ai-ui-hardening/promote.log
 create mode 100644 state/artifacts/20260321T041842-020-ai-ui-hardening/task-prompt.log
 create mode 100644 state/artifacts/20260321T041842-020-ai-ui-hardening/worker.jsonl
 create mode 100644 state/artifacts/20260321T043134-020-ai-ui-hardening/commit.log
 create mode 100644 state/artifacts/20260321T043134-020-ai-ui-hardening/evaluator.log
 create mode 100644 state/artifacts/20260321T043134-020-ai-ui-hardening/npm-run-test-e2e-grep-ai-real-next-server.log
 create mode 100644 state/artifacts/20260321T043134-020-ai-ui-hardening/npm-run-verify-next-server.log
 create mode 100644 state/artifacts/20260321T043134-020-ai-ui-hardening/task-prompt.log
 create mode 100644 state/artifacts/20260321T043134-020-ai-ui-hardening/worker.jsonl
commit: created
