
> minakeep@0.1.0 dev
> next dev --hostname 127.0.0.1 --port 3100

[1m[38;2;173;127;168m▲ Next.js 16.2.0[39m[22m (Turbopack)
- Local:         http://127.0.0.1:3100
- Network:       http://127.0.0.1:3100
- Environments: .env
[32m[1m✓[22m[39m Ready in 193ms

 GET /api/health [32m200[39m in 93ms[2m (next.js: 83ms, application-code: 10ms)[22m
 GET / [32m200[39m in 341ms[2m (next.js: 96ms, application-code: 245ms)[22m
 GET /login [32m200[39m in 351ms[2m (next.js: 49ms, application-code: 302ms)[22m
 GET /login [32m200[39m in 351ms[2m (next.js: 196ms, application-code: 155ms)[22m
 GET /login [32m200[39m in 355ms[2m (next.js: 291ms, application-code: 64ms)[22m
 GET /login?callbackUrl=http%3A%2F%2Flocalhost%3A3100%2Fapp%2Fsearch [32m200[39m in 49ms[2m (next.js: 4ms, application-code: 45ms)[22m
 GET /app [32m200[39m in 603ms[2m (next.js: 51ms, proxy.ts: 18ms, application-code: 535ms)[22m
 GET /app [32m200[39m in 608ms[2m (next.js: 33ms, proxy.ts: 19ms, application-code: 556ms)[22m
 GET /app [32m200[39m in 605ms[2m (next.js: 59ms, proxy.ts: 18ms, application-code: 527ms)[22m
 POST /login [34m303[39m in 737ms[2m (next.js: 2ms, application-code: 734ms)[22m
  └─ ƒ loginAction({}) in 109ms [2msrc/app/login/actions.ts[22m
 POST /login [34m303[39m in 737ms[2m (next.js: 8ms, application-code: 729ms)[22m
  └─ ƒ loginAction({}) in 109ms [2msrc/app/login/actions.ts[22m
 POST /login [34m303[39m in 737ms[2m (next.js: 10ms, application-code: 727ms)[22m
  └─ ƒ loginAction({}) in 107ms [2msrc/app/login/actions.ts[22m
 GET /login?callbackUrl=http%3A%2F%2Flocalhost%3A3100%2Fapp%2Fnotes%2Fnew [32m200[39m in 128ms[2m (next.js: 1106µs, application-code: 127ms)[22m
 GET /app/notes/new [32m200[39m in 165ms[2m (next.js: 23ms, proxy.ts: 23ms, application-code: 118ms)[22m
 GET /app/links [32m200[39m in 199ms[2m (next.js: 41ms, proxy.ts: 22ms, application-code: 135ms)[22m
 GET /app [32m200[39m in 354ms[2m (next.js: 3ms, proxy.ts: 16ms, application-code: 335ms)[22m
 POST /login?callbackUrl=http%3A%2F%2Flocalhost%3A3100%2Fapp%2Fnotes%2Fnew [34m303[39m in 404ms[2m (next.js: 1887µs, application-code: 402ms)[22m
  └─ ƒ loginAction({}) in 37ms [2msrc/app/login/actions.ts[22m
 GET /app/links?saved=1 [32m200[39m in 167ms[2m (next.js: 2ms, proxy.ts: 6ms, application-code: 159ms)[22m
 POST /app/links [34m303[39m in 333ms[2m (next.js: 5ms, proxy.ts: 127ms, application-code: 201ms)[22m
  └─ ƒ createLinkAction({}) in 27ms [2msrc/app/app/links/actions.ts[22m
 GET /app/notes/cmmzaxjv400006hybjbvcelan/edit?saved=1 [32m200[39m in 335ms[2m (next.js: 307ms, proxy.ts: 6ms, application-code: 22ms)[22m
 POST /app/notes/new [34m303[39m in 501ms[2m (next.js: 2ms, proxy.ts: 128ms, application-code: 371ms)[22m
  └─ ƒ createNoteAction({}) in 25ms [2msrc/app/app/notes/actions.ts[22m
 GET /app/notes/new [32m200[39m in 20ms[2m (next.js: 1586µs, proxy.ts: 4ms, application-code: 15ms)[22m
 GET /app/notes/cmmzaxkhp00026hyb0nynmng5/edit?saved=1 [32m200[39m in 27ms[2m (next.js: 3ms, proxy.ts: 2ms, application-code: 22ms)[22m
 POST /app/notes/new [34m303[39m in 43ms[2m (next.js: 1664µs, proxy.ts: 4ms, application-code: 38ms)[22m
  └─ ƒ createNoteAction({}) in 7ms [2msrc/app/app/notes/actions.ts[22m
 POST /app/notes/cmmzaxkhp00026hyb0nynmng5/edit?saved=1 [34m303[39m in 280ms[2m (next.js: 3ms, proxy.ts: 5ms, application-code: 272ms)[22m
  └─ ƒ updateNoteAction("cmmzaxkhp00026hyb0nynmng5", {}) in 24ms [2msrc/app/app/notes/actions.ts[22m
 GET /app/notes/cmmzaxkhp00026hyb0nynmng5/edit?saved=1 [32m200[39m in 284ms[2m (next.js: 5ms, proxy.ts: 246ms, application-code: 33ms)[22m
 GET /app [32m200[39m in 356ms[2m (next.js: 1353µs, proxy.ts: 7ms, application-code: 347ms)[22m
 GET /app/notes/cmmzaxkhp00026hyb0nynmng5/edit [32m200[39m in 26ms[2m (next.js: 2ms, proxy.ts: 3ms, application-code: 21ms)[22m
 GET /login [32m200[39m in 18ms[2m (next.js: 1178µs, application-code: 17ms)[22m
 GET /app [32m200[39m in 135ms[2m (next.js: 1167µs, proxy.ts: 3ms, application-code: 131ms)[22m
 POST /login [34m303[39m in 172ms[2m (next.js: 1187µs, application-code: 171ms)[22m
  └─ ƒ loginAction({}) in 31ms [2msrc/app/login/actions.ts[22m
 GET /app/notes/new [32m200[39m in 20ms[2m (next.js: 3ms, proxy.ts: 4ms, application-code: 13ms)[22m
 GET /app/notes/cmmzaxlkf00066hyb8ok9tkck/edit?saved=1 [32m200[39m in 27ms[2m (next.js: 2ms, proxy.ts: 2ms, application-code: 22ms)[22m
 POST /app/notes/new [34m303[39m in 46ms[2m (next.js: 1049µs, proxy.ts: 3ms, application-code: 43ms)[22m
  └─ ƒ createNoteAction({}) in 11ms [2msrc/app/app/notes/actions.ts[22m
 GET /app/links?saved=1 [32m200[39m in 141ms[2m (next.js: 16ms, proxy.ts: 13ms, application-code: 112ms)[22m
 GET /app/notes/cmmzaxjv400006hybjbvcelan/edit?saved=1 [32m200[39m in 28ms[2m (next.js: 1496µs, proxy.ts: 3ms, application-code: 23ms)[22m
 GET /app [32m200[39m in 242ms[2m (next.js: 1212µs, proxy.ts: 3ms, application-code: 238ms)[22m
 GET /app/search?q=demonstration [32m200[39m in 75ms[2m (next.js: 15ms, proxy.ts: 3ms, application-code: 58ms)[22m
 GET /app/tags?tag=demonstration [32m200[39m in 133ms[2m (next.js: 13ms, proxy.ts: 3ms, application-code: 118ms)[22m
 POST /api/test/mina/chat/completions [32m200[39m in 1513ms[2m (next.js: 14ms, application-code: 1499ms)[22m
 GET /app/notes/cmmzaxlkf00066hyb8ok9tkck/edit?saved=1 [32m200[39m in 64ms[2m (next.js: 16ms, proxy.ts: 10ms, application-code: 39ms)[22m
 GET /app/notes/cmmzaxlkf00066hyb8ok9tkck/edit?retried=1 [32m200[39m in 25ms[2m (next.js: 1660µs, proxy.ts: 3ms, application-code: 21ms)[22m
 POST /app/notes/cmmzaxlkf00066hyb8ok9tkck/edit?saved=1 [34m303[39m in 47ms[2m (next.js: 4ms, proxy.ts: 6ms, application-code: 37ms)[22m
  └─ ƒ retryNoteEnrichmentAction("cmmzaxlkf00066hyb8ok9tkck") in 6ms [2msrc/app/app/notes/actions.ts[22m
 POST /api/test/mina/chat/completions [32m200[39m in 1508ms[2m (next.js: 683µs, application-code: 1507ms)[22m
 GET /app/notes/cmmzaxlkf00066hyb8ok9tkck/edit?retried=1 [32m200[39m in 41ms[2m (next.js: 7ms, proxy.ts: 8ms, application-code: 26ms)[22m
 GET /login [32m200[39m in 16ms[2m (next.js: 1028µs, application-code: 15ms)[22m
 GET /app [32m200[39m in 129ms[2m (next.js: 964µs, proxy.ts: 2ms, application-code: 125ms)[22m
 POST /login [34m303[39m in 165ms[2m (next.js: 1195µs, application-code: 164ms)[22m
  └─ ƒ loginAction({}) in 30ms [2msrc/app/login/actions.ts[22m
 GET /app/notes/new [32m200[39m in 17ms[2m (next.js: 1266µs, proxy.ts: 4ms, application-code: 12ms)[22m
 GET /app/notes/cmmzaxqr300076hyb394sb1af/edit?saved=1 [32m200[39m in 41ms[2m (next.js: 3ms, proxy.ts: 4ms, application-code: 34ms)[22m
 POST /app/notes/new [34m303[39m in 61ms[2m (next.js: 1276µs, proxy.ts: 3ms, application-code: 56ms)[22m
  └─ ƒ createNoteAction({}) in 6ms [2msrc/app/app/notes/actions.ts[22m
 GET /app/notes/cmmzaxqr300076hyb394sb1af/edit?published=1 [32m200[39m in 21ms[2m (next.js: 1410µs, proxy.ts: 2ms, application-code: 18ms)[22m
 POST /app/notes/cmmzaxqr300076hyb394sb1af/edit?saved=1 [34m303[39m in 37ms[2m (next.js: 2ms, proxy.ts: 5ms, application-code: 30ms)[22m
  └─ ƒ publishNoteAction("cmmzaxqr300076hyb394sb1af") in 6ms [2msrc/app/app/notes/actions.ts[22m
 GET / [32m200[39m in 16ms[2m (next.js: 929µs, application-code: 15ms)[22m
 GET /notes/public-note-1774035507449 [32m200[39m in 199ms[2m (next.js: 183ms, application-code: 16ms)[22m
 GET /app [32m200[39m in 217ms[2m (next.js: 856µs, proxy.ts: 3ms, application-code: 214ms)[22m
 GET /app/notes/cmmzaxqr300076hyb394sb1af/edit [32m200[39m in 22ms[2m (next.js: 3ms, proxy.ts: 4ms, application-code: 15ms)[22m
 GET /app/notes/cmmzaxqr300076hyb394sb1af/edit?unpublished=1 [32m200[39m in 22ms[2m (next.js: 1307µs, proxy.ts: 3ms, application-code: 18ms)[22m
 POST /app/notes/cmmzaxqr300076hyb394sb1af/edit [34m303[39m in 37ms[2m (next.js: 1343µs, proxy.ts: 3ms, application-code: 33ms)[22m
  └─ ƒ unpublishNoteAction("cmmzaxqr300076hyb394sb1af") in 7ms [2msrc/app/app/notes/actions.ts[22m
 GET / [32m200[39m in 15ms[2m (next.js: 913µs, application-code: 14ms)[22m
 GET /notes/public-note-1774035507449 [33m404[39m in 23ms[2m (next.js: 1590µs, application-code: 22ms)[22m
 GET /login [32m200[39m in 16ms[2m (next.js: 831µs, application-code: 16ms)[22m
 GET /app [32m200[39m in 144ms[2m (next.js: 1240µs, proxy.ts: 2ms, application-code: 141ms)[22m
 POST /login [34m303[39m in 178ms[2m (next.js: 918µs, application-code: 178ms)[22m
  └─ ƒ loginAction({}) in 29ms [2msrc/app/login/actions.ts[22m
 GET /app/links [32m200[39m in 97ms[2m (next.js: 1092µs, proxy.ts: 3ms, application-code: 92ms)[22m
 GET /app/links?saved=1 [32m200[39m in 108ms[2m (next.js: 985µs, proxy.ts: 3ms, application-code: 104ms)[22m
 POST /app/links [34m303[39m in 126ms[2m (next.js: 2ms, proxy.ts: 4ms, application-code: 119ms)[22m
  └─ ƒ createLinkAction({}) in 7ms [2msrc/app/app/links/actions.ts[22m
 POST /api/test/mina/chat/completions [32m200[39m in 3ms[2m (next.js: 671µs, application-code: 2ms)[22m
 GET /app/links?saved=1 [32m200[39m in 104ms[2m (next.js: 1273µs, proxy.ts: 5ms, application-code: 98ms)[22m
 GET / [32m200[39m in 21ms[2m (next.js: 1152µs, application-code: 20ms)[22m
 GET /login [32m200[39m in 15ms[2m (next.js: 801µs, application-code: 14ms)[22m
 GET /app [32m200[39m in 139ms[2m (next.js: 1185µs, proxy.ts: 2ms, application-code: 135ms)[22m
 POST /login [34m303[39m in 174ms[2m (next.js: 970µs, application-code: 173ms)[22m
  └─ ƒ loginAction({}) in 30ms [2msrc/app/login/actions.ts[22m
 GET /app/links [32m200[39m in 96ms[2m (next.js: 1731µs, proxy.ts: 4ms, application-code: 90ms)[22m
 GET /app/links?saved=1 [32m200[39m in 115ms[2m (next.js: 1017µs, proxy.ts: 3ms, application-code: 112ms)[22m
 POST /app/links [34m303[39m in 133ms[2m (next.js: 1387µs, proxy.ts: 5ms, application-code: 127ms)[22m
  └─ ƒ createLinkAction({}) in 7ms [2msrc/app/app/links/actions.ts[22m
 POST /api/test/mina/chat/completions [32m200[39m in 1510ms[2m (next.js: 711µs, application-code: 1509ms)[22m
 GET /app/links?saved=1 [32m200[39m in 113ms[2m (next.js: 2ms, proxy.ts: 7ms, application-code: 104ms)[22m
 GET /app/links?retried=1 [32m200[39m in 116ms[2m (next.js: 988µs, proxy.ts: 3ms, application-code: 112ms)[22m
 POST /app/links?saved=1 [34m303[39m in 131ms[2m (next.js: 1133µs, proxy.ts: 4ms, application-code: 126ms)[22m
  └─ ƒ retryLinkEnrichmentAction("cmmzaxw0f00096hybn4h1keoc") in 5ms [2msrc/app/app/links/actions.ts[22m
 GET /app/links?retried=1 [32m200[39m in 128ms[2m (next.js: 3ms, proxy.ts: 9ms, application-code: 116ms)[22m
 POST /api/test/mina/chat/completions [32m200[39m in 1510ms[2m (next.js: 597µs, application-code: 1509ms)[22m
 GET /app/links?retried=1 [32m200[39m in 128ms[2m (next.js: 3ms, proxy.ts: 9ms, application-code: 116ms)[22m
 GET /login [32m200[39m in 19ms[2m (next.js: 860µs, application-code: 19ms)[22m
 GET /app [32m200[39m in 143ms[2m (next.js: 901µs, proxy.ts: 2ms, application-code: 140ms)[22m
 POST /login [34m303[39m in 178ms[2m (next.js: 1013µs, application-code: 177ms)[22m
  └─ ƒ loginAction({}) in 30ms [2msrc/app/login/actions.ts[22m
 GET /app/links [32m200[39m in 106ms[2m (next.js: 1042µs, proxy.ts: 3ms, application-code: 102ms)[22m
 GET /app/links?error=invalid-url [32m200[39m in 120ms[2m (next.js: 997µs, proxy.ts: 3ms, application-code: 116ms)[22m
 POST /app/links [34m303[39m in 141ms[2m (next.js: 3ms, proxy.ts: 9ms, application-code: 129ms)[22m
  └─ ƒ createLinkAction({}) in 4ms [2msrc/app/app/links/actions.ts[22m
 GET /login [32m200[39m in 16ms[2m (next.js: 814µs, application-code: 15ms)[22m
 GET /app [32m200[39m in 140ms[2m (next.js: 768µs, proxy.ts: 2ms, application-code: 137ms)[22m
 POST /login [34m303[39m in 175ms[2m (next.js: 851µs, application-code: 174ms)[22m
  └─ ƒ loginAction({}) in 30ms [2msrc/app/login/actions.ts[22m
 GET /app/notes/new [32m200[39m in 17ms[2m (next.js: 1037µs, proxy.ts: 3ms, application-code: 13ms)[22m
 GET /app/notes/cmmzay2ry000a6hybm35iq8ed/edit?saved=1 [32m200[39m in 24ms[2m (next.js: 2ms, proxy.ts: 3ms, application-code: 19ms)[22m
 POST /app/notes/new [34m303[39m in 38ms[2m (next.js: 927µs, proxy.ts: 3ms, application-code: 34ms)[22m
  └─ ƒ createNoteAction({}) in 6ms [2msrc/app/app/notes/actions.ts[22m
 GET /app/links [32m200[39m in 230ms[2m (next.js: 1029µs, proxy.ts: 2ms, application-code: 227ms)[22m
 GET /app/links?saved=1 [32m200[39m in 121ms[2m (next.js: 841µs, proxy.ts: 3ms, application-code: 118ms)[22m
 POST /app/links [34m303[39m in 135ms[2m (next.js: 896µs, proxy.ts: 3ms, application-code: 131ms)[22m
  └─ ƒ createLinkAction({}) in 6ms [2msrc/app/app/links/actions.ts[22m
 POST /api/test/mina/chat/completions [32m200[39m in 2ms[2m (next.js: 666µs, application-code: 1467µs)[22m
 GET /app/links?saved=1 [32m200[39m in 124ms[2m (next.js: 2ms, proxy.ts: 7ms, application-code: 116ms)[22m
 GET /app/tags?tag=ai-owned [32m200[39m in 135ms[2m (next.js: 1202µs, proxy.ts: 3ms, application-code: 130ms)[22m
 GET /app/tags [32m200[39m in 386ms[2m (next.js: 960µs, proxy.ts: 3ms, application-code: 382ms)[22m
 GET /app/search?q=Filtered%20note%201774035523031 [32m200[39m in 36ms[2m (next.js: 912µs, proxy.ts: 3ms, application-code: 33ms)[22m
 GET /app/search?q=url-needle-1774035523031 [32m200[39m in 27ms[2m (next.js: 814µs, proxy.ts: 3ms, application-code: 24ms)[22m
 GET /app/search?q=ai-owned [32m200[39m in 72ms[2m (next.js: 803µs, proxy.ts: 3ms, application-code: 68ms)[22m
