
> minakeep@0.1.0 dev
> next dev --hostname 127.0.0.1 --port 3100

[1m[38;2;173;127;168m▲ Next.js 16.2.0[39m[22m (Turbopack)
- Local:         http://127.0.0.1:3100
- Network:       http://127.0.0.1:3100
- Environments: .env
[32m[1m✓[22m[39m Ready in 194ms

 GET /api/health [32m200[39m in 119ms[2m (next.js: 109ms, application-code: 10ms)[22m
 GET /login [32m200[39m in 161ms[2m (next.js: 49ms, application-code: 112ms)[22m
 GET /app [32m200[39m in 117ms[2m (next.js: 26ms, proxy.ts: 38ms, application-code: 53ms)[22m
 POST /login [34m303[39m in 220ms[2m (next.js: 1258µs, application-code: 219ms)[22m
  └─ ƒ loginAction({}) in 92ms [2msrc/app/login/actions.ts[22m
 GET / [32m200[39m in 37ms[2m (next.js: 10ms, application-code: 27ms)[22m
 GET /login?callbackUrl=http%3A%2F%2Flocalhost%3A3100%2Fapp%2Fsearch [32m200[39m in 22ms[2m (next.js: 868µs, application-code: 21ms)[22m
 GET /login?callbackUrl=http%3A%2F%2Flocalhost%3A3100%2Fapp%2Fnotes%2Fnew [32m200[39m in 22ms[2m (next.js: 846µs, application-code: 22ms)[22m
 GET /app [32m200[39m in 23ms[2m (next.js: 1088µs, proxy.ts: 3ms, application-code: 19ms)[22m
 POST /login?callbackUrl=http%3A%2F%2Flocalhost%3A3100%2Fapp%2Fnotes%2Fnew [34m303[39m in 58ms[2m (next.js: 1071µs, application-code: 56ms)[22m
  └─ ƒ loginAction({}) in 30ms [2msrc/app/login/actions.ts[22m
 GET /app/notes/new [32m200[39m in 39ms[2m (next.js: 22ms, proxy.ts: 3ms, application-code: 14ms)[22m
 GET /app/notes/cmn00ka1t0000z7ybeiwtm9vu/edit?saved=1 [32m200[39m in 246ms[2m (next.js: 214ms, proxy.ts: 3ms, application-code: 29ms)[22m
 POST /app/notes/new [34m303[39m in 277ms[2m (next.js: 1215µs, proxy.ts: 4ms, application-code: 271ms)[22m
  └─ ƒ createNoteAction({}) in 21ms [2msrc/app/app/notes/actions.ts[22m
 POST /app/notes/cmn00ka1t0000z7ybeiwtm9vu/edit?saved=1 [34m303[39m in 116ms[2m (next.js: 4ms, proxy.ts: 5ms, application-code: 107ms)[22m
  └─ ƒ updateNoteAction("cmn00ka1t0000z7ybeiwtm9vu", {}) in 27ms [2msrc/app/app/notes/actions.ts[22m
 GET /app [32m200[39m in 165ms[2m (next.js: 1132µs, proxy.ts: 8ms, application-code: 156ms)[22m
 GET /app/notes/cmn00ka1t0000z7ybeiwtm9vu/edit?saved=1 [32m200[39m in 134ms[2m (next.js: 9ms, proxy.ts: 81ms, application-code: 45ms)[22m
 GET /app/notes/cmn00ka1t0000z7ybeiwtm9vu/edit [32m200[39m in 22ms[2m (next.js: 2ms, proxy.ts: 4ms, application-code: 15ms)[22m
 GET /login [32m200[39m in 16ms[2m (next.js: 813µs, application-code: 16ms)[22m
 GET /app [32m200[39m in 22ms[2m (next.js: 958µs, proxy.ts: 3ms, application-code: 19ms)[22m
 POST /login [34m303[39m in 57ms[2m (next.js: 986µs, application-code: 56ms)[22m
  └─ ƒ loginAction({}) in 30ms [2msrc/app/login/actions.ts[22m
 GET /app/notes/new [32m200[39m in 16ms[2m (next.js: 1150µs, proxy.ts: 3ms, application-code: 12ms)[22m
 GET /app/notes/cmn00kaw60001z7yblyvj9mn6/edit?saved=1 [32m200[39m in 23ms[2m (next.js: 2ms, proxy.ts: 3ms, application-code: 18ms)[22m
 POST /app/notes/new [34m303[39m in 36ms[2m (next.js: 1543µs, proxy.ts: 3ms, application-code: 31ms)[22m
  └─ ƒ createNoteAction({}) in 5ms [2msrc/app/app/notes/actions.ts[22m
 POST /api/test/mina/chat/completions [32m200[39m in 1511ms[2m (next.js: 15ms, application-code: 1495ms)[22m
 GET /app/notes/cmn00kaw60001z7yblyvj9mn6/edit?saved=1 [32m200[39m in 42ms[2m (next.js: 6ms, proxy.ts: 10ms, application-code: 26ms)[22m
 GET /app/notes/cmn00kaw60001z7yblyvj9mn6/edit?retried=1 [32m200[39m in 23ms[2m (next.js: 1597µs, proxy.ts: 3ms, application-code: 19ms)[22m
 POST /app/notes/cmn00kaw60001z7yblyvj9mn6/edit?saved=1 [34m303[39m in 42ms[2m (next.js: 4ms, proxy.ts: 5ms, application-code: 33ms)[22m
  └─ ƒ retryNoteEnrichmentAction("cmn00kaw60001z7yblyvj9mn6") in 5ms [2msrc/app/app/notes/actions.ts[22m
 POST /api/test/mina/chat/completions [32m200[39m in 1509ms[2m (next.js: 646µs, application-code: 1508ms)[22m
 GET /app/notes/cmn00kaw60001z7yblyvj9mn6/edit?retried=1 [32m200[39m in 45ms[2m (next.js: 8ms, proxy.ts: 9ms, application-code: 27ms)[22m
 GET /login [32m200[39m in 25ms[2m (next.js: 866µs, application-code: 24ms)[22m
 GET /app [32m200[39m in 24ms[2m (next.js: 1017µs, proxy.ts: 3ms, application-code: 20ms)[22m
 POST /login [34m303[39m in 60ms[2m (next.js: 956µs, application-code: 59ms)[22m
  └─ ƒ loginAction({}) in 30ms [2msrc/app/login/actions.ts[22m
 GET /app/notes/new [32m200[39m in 16ms[2m (next.js: 886µs, proxy.ts: 3ms, application-code: 12ms)[22m
 GET /app/notes/cmn00kfxf0002z7ybxx2v8ohj/edit?saved=1 [32m200[39m in 22ms[2m (next.js: 2ms, proxy.ts: 2ms, application-code: 18ms)[22m
 POST /app/notes/new [34m303[39m in 36ms[2m (next.js: 993µs, proxy.ts: 3ms, application-code: 32ms)[22m
  └─ ƒ createNoteAction({}) in 6ms [2msrc/app/app/notes/actions.ts[22m
 GET /app/notes/cmn00kfxf0002z7ybxx2v8ohj/edit?published=1 [32m200[39m in 21ms[2m (next.js: 1578µs, proxy.ts: 3ms, application-code: 17ms)[22m
 POST /app/notes/cmn00kfxf0002z7ybxx2v8ohj/edit?saved=1 [34m303[39m in 35ms[2m (next.js: 1532µs, proxy.ts: 3ms, application-code: 31ms)[22m
  └─ ƒ publishNoteAction("cmn00kfxf0002z7ybxx2v8ohj") in 5ms [2msrc/app/app/notes/actions.ts[22m
 GET / [32m200[39m in 19ms[2m (next.js: 829µs, application-code: 18ms)[22m
 GET /notes/public-note-1774078557133 [32m200[39m in 199ms[2m (next.js: 184ms, application-code: 15ms)[22m
 GET /app [32m200[39m in 46ms[2m (next.js: 956µs, proxy.ts: 3ms, application-code: 42ms)[22m
 GET /app/notes/cmn00kfxf0002z7ybxx2v8ohj/edit [32m200[39m in 23ms[2m (next.js: 3ms, proxy.ts: 5ms, application-code: 15ms)[22m
 GET /app/notes/cmn00kfxf0002z7ybxx2v8ohj/edit?unpublished=1 [32m200[39m in 22ms[2m (next.js: 1340µs, proxy.ts: 2ms, application-code: 18ms)[22m
 POST /app/notes/cmn00kfxf0002z7ybxx2v8ohj/edit [34m303[39m in 36ms[2m (next.js: 1487µs, proxy.ts: 3ms, application-code: 31ms)[22m
  └─ ƒ unpublishNoteAction("cmn00kfxf0002z7ybxx2v8ohj") in 5ms [2msrc/app/app/notes/actions.ts[22m
 GET / [32m200[39m in 16ms[2m (next.js: 901µs, application-code: 15ms)[22m
 GET /notes/public-note-1774078557133 [33m404[39m in 32ms[2m (next.js: 1790µs, application-code: 31ms)[22m
 GET /login [32m200[39m in 19ms[2m (next.js: 858µs, application-code: 18ms)[22m
 GET /app [32m200[39m in 25ms[2m (next.js: 1124µs, proxy.ts: 2ms, application-code: 22ms)[22m
 POST /login [34m303[39m in 59ms[2m (next.js: 958µs, application-code: 58ms)[22m
  └─ ƒ loginAction({}) in 30ms [2msrc/app/login/actions.ts[22m
 GET /app/links [32m200[39m in 36ms[2m (next.js: 16ms, proxy.ts: 3ms, application-code: 16ms)[22m
 GET /app/links?saved=1 [32m200[39m in 23ms[2m (next.js: 888µs, proxy.ts: 2ms, application-code: 19ms)[22m
 POST /app/links [34m303[39m in 37ms[2m (next.js: 1441µs, proxy.ts: 3ms, application-code: 32ms)[22m
  └─ ƒ createLinkAction({}) in 6ms [2msrc/app/app/links/actions.ts[22m
 POST /api/test/mina/chat/completions [32m200[39m in 2ms[2m (next.js: 704µs, application-code: 1704µs)[22m
 GET /app/links?saved=1 [32m200[39m in 55ms[2m (next.js: 2ms, proxy.ts: 16ms, application-code: 36ms)[22m
 GET / [32m200[39m in 30ms[2m (next.js: 2ms, application-code: 28ms)[22m
 GET /login [32m200[39m in 16ms[2m (next.js: 707µs, application-code: 15ms)[22m
 GET /app [32m200[39m in 23ms[2m (next.js: 961µs, proxy.ts: 3ms, application-code: 20ms)[22m
 POST /login [34m303[39m in 58ms[2m (next.js: 1221µs, application-code: 57ms)[22m
  └─ ƒ loginAction({}) in 30ms [2msrc/app/login/actions.ts[22m
 GET /app/links [32m200[39m in 20ms[2m (next.js: 956µs, proxy.ts: 3ms, application-code: 16ms)[22m
 GET /app/links?saved=1 [32m200[39m in 23ms[2m (next.js: 816µs, proxy.ts: 2ms, application-code: 20ms)[22m
 POST /app/links [34m303[39m in 37ms[2m (next.js: 973µs, proxy.ts: 3ms, application-code: 32ms)[22m
  └─ ƒ createLinkAction({}) in 6ms [2msrc/app/app/links/actions.ts[22m
 POST /api/test/mina/chat/completions [32m200[39m in 2ms[2m (next.js: 588µs, application-code: 1702µs)[22m
 GET /app/links?saved=1 [32m200[39m in 47ms[2m (next.js: 3ms, proxy.ts: 9ms, application-code: 35ms)[22m
 GET /app/links?published=1 [32m200[39m in 28ms[2m (next.js: 1012µs, proxy.ts: 3ms, application-code: 24ms)[22m
 POST /app/links?saved=1 [34m303[39m in 49ms[2m (next.js: 1647µs, proxy.ts: 7ms, application-code: 40ms)[22m
  └─ ƒ publishLinkAction("cmn00kjvj0004z7ybaahtm00o") in 8ms [2msrc/app/app/links/actions.ts[22m
 GET / [32m200[39m in 17ms[2m (next.js: 816µs, application-code: 16ms)[22m
 GET /app/links [32m200[39m in 52ms[2m (next.js: 898µs, proxy.ts: 3ms, application-code: 48ms)[22m
 GET /app/links?unpublished=1 [32m200[39m in 38ms[2m (next.js: 1239µs, proxy.ts: 3ms, application-code: 34ms)[22m
 POST /app/links [34m303[39m in 55ms[2m (next.js: 940µs, proxy.ts: 3ms, application-code: 51ms)[22m
  └─ ƒ unpublishLinkAction("cmn00kjvj0004z7ybaahtm00o") in 5ms [2msrc/app/app/links/actions.ts[22m
 GET / [32m200[39m in 16ms[2m (next.js: 801µs, application-code: 15ms)[22m
 GET /login [32m200[39m in 16ms[2m (next.js: 739µs, application-code: 15ms)[22m
 GET /app [32m200[39m in 24ms[2m (next.js: 1171µs, proxy.ts: 2ms, application-code: 20ms)[22m
 POST /login [34m303[39m in 58ms[2m (next.js: 939µs, application-code: 57ms)[22m
  └─ ƒ loginAction({}) in 30ms [2msrc/app/login/actions.ts[22m
 GET /app/links [32m200[39m in 21ms[2m (next.js: 886µs, proxy.ts: 3ms, application-code: 17ms)[22m
 GET /app/links?saved=1 [32m200[39m in 24ms[2m (next.js: 792µs, proxy.ts: 2ms, application-code: 21ms)[22m
 POST /app/links [34m303[39m in 38ms[2m (next.js: 1027µs, proxy.ts: 3ms, application-code: 34ms)[22m
  └─ ƒ createLinkAction({}) in 6ms [2msrc/app/app/links/actions.ts[22m
 POST /api/test/mina/chat/completions [32m200[39m in 1512ms[2m (next.js: 637µs, application-code: 1511ms)[22m
 GET /app/links?saved=1 [32m200[39m in 50ms[2m (next.js: 3ms, proxy.ts: 9ms, application-code: 38ms)[22m
 GET /app/links?retried=1 [32m200[39m in 30ms[2m (next.js: 1074µs, proxy.ts: 3ms, application-code: 25ms)[22m
 POST /app/links?saved=1 [34m303[39m in 48ms[2m (next.js: 1665µs, proxy.ts: 6ms, application-code: 41ms)[22m
  └─ ƒ retryLinkEnrichmentAction("cmn00kmyf0005z7ybas1qjgmr") in 7ms [2msrc/app/app/links/actions.ts[22m
 POST /api/test/mina/chat/completions [32m200[39m in 1508ms[2m (next.js: 625µs, application-code: 1507ms)[22m
 GET /app/links?retried=1 [32m200[39m in 45ms[2m (next.js: 3ms, proxy.ts: 9ms, application-code: 33ms)[22m
 GET /login [32m200[39m in 15ms[2m (next.js: 795µs, application-code: 14ms)[22m
 GET /app [32m200[39m in 32ms[2m (next.js: 1231µs, proxy.ts: 2ms, application-code: 28ms)[22m
 POST /login [34m303[39m in 87ms[2m (next.js: 878µs, application-code: 86ms)[22m
  └─ ƒ loginAction({}) in 30ms [2msrc/app/login/actions.ts[22m
 GET /app/links [32m200[39m in 24ms[2m (next.js: 1330µs, proxy.ts: 3ms, application-code: 19ms)[22m
 GET /app/links?error=invalid-url [32m200[39m in 23ms[2m (next.js: 873µs, proxy.ts: 2ms, application-code: 20ms)[22m
 POST /app/links [34m303[39m in 34ms[2m (next.js: 858µs, proxy.ts: 3ms, application-code: 31ms)[22m
  └─ ƒ createLinkAction({}) in 4ms [2msrc/app/app/links/actions.ts[22m
 GET /login [32m200[39m in 14ms[2m (next.js: 802µs, application-code: 13ms)[22m
 GET /app [32m200[39m in 24ms[2m (next.js: 822µs, proxy.ts: 2ms, application-code: 21ms)[22m
 POST /login [34m303[39m in 56ms[2m (next.js: 874µs, application-code: 55ms)[22m
  └─ ƒ loginAction({}) in 28ms [2msrc/app/login/actions.ts[22m
 GET /app/notes/new [32m200[39m in 17ms[2m (next.js: 2ms, proxy.ts: 3ms, application-code: 11ms)[22m
 GET /app/notes/cmn00kse80006z7yboocaqfza/edit?saved=1 [32m200[39m in 26ms[2m (next.js: 3ms, proxy.ts: 3ms, application-code: 21ms)[22m
 POST /app/notes/new [34m303[39m in 39ms[2m (next.js: 855µs, proxy.ts: 3ms, application-code: 35ms)[22m
  └─ ƒ createNoteAction({}) in 6ms [2msrc/app/app/notes/actions.ts[22m
 GET /app/links [32m200[39m in 43ms[2m (next.js: 927µs, proxy.ts: 2ms, application-code: 40ms)[22m
 GET /app/links?saved=1 [32m200[39m in 28ms[2m (next.js: 1217µs, proxy.ts: 2ms, application-code: 25ms)[22m
 POST /app/links [34m303[39m in 41ms[2m (next.js: 1098µs, proxy.ts: 3ms, application-code: 37ms)[22m
  └─ ƒ createLinkAction({}) in 5ms [2msrc/app/app/links/actions.ts[22m
 POST /api/test/mina/chat/completions [32m200[39m in 2ms[2m (next.js: 561µs, application-code: 1593µs)[22m
 GET /app/links?saved=1 [32m200[39m in 54ms[2m (next.js: 3ms, proxy.ts: 9ms, application-code: 43ms)[22m
 GET /app/tags?tag=ai-owned [32m200[39m in 113ms[2m (next.js: 25ms, proxy.ts: 6ms, application-code: 81ms)[22m
 GET /app/tags [32m200[39m in 70ms[2m (next.js: 814µs, proxy.ts: 2ms, application-code: 66ms)[22m
 GET /app/search?q=Filtered%20note%201774078573319 [32m200[39m in 82ms[2m (next.js: 16ms, proxy.ts: 3ms, application-code: 64ms)[22m
 GET /app/search?q=url-needle-1774078573319 [32m200[39m in 43ms[2m (next.js: 856µs, proxy.ts: 3ms, application-code: 40ms)[22m
 GET /app/search?q=ai-owned [32m200[39m in 36ms[2m (next.js: 908µs, proxy.ts: 3ms, application-code: 32ms)[22m
 GET /login [32m200[39m in 16ms[2m (next.js: 947µs, application-code: 15ms)[22m
 GET /app [32m200[39m in 25ms[2m (next.js: 998µs, proxy.ts: 2ms, application-code: 21ms)[22m
 POST /login [34m303[39m in 59ms[2m (next.js: 899µs, application-code: 59ms)[22m
  └─ ƒ loginAction({}) in 29ms [2msrc/app/login/actions.ts[22m
 GET /app/links [32m200[39m in 24ms[2m (next.js: 917µs, proxy.ts: 3ms, application-code: 20ms)[22m
 GET /app/links?saved=1 [32m200[39m in 32ms[2m (next.js: 786µs, proxy.ts: 2ms, application-code: 30ms)[22m
 POST /app/links [34m303[39m in 47ms[2m (next.js: 949µs, proxy.ts: 3ms, application-code: 43ms)[22m
  └─ ƒ createLinkAction({}) in 6ms [2msrc/app/app/links/actions.ts[22m
 GET /app/links?saved=1 [32m200[39m in 48ms[2m (next.js: 3ms, proxy.ts: 9ms, application-code: 36ms)[22m
 GET /app/search?q=ai [32m200[39m in 54ms[2m (next.js: 1967µs, proxy.ts: 6ms, application-code: 46ms)[22m
 GET /app/tags?tag=ai [32m200[39m in 42ms[2m (next.js: 835µs, proxy.ts: 3ms, application-code: 38ms)[22m
 GET /login [32m200[39m in 27ms[2m (next.js: 861µs, application-code: 26ms)[22m
 GET /app [32m200[39m in 26ms[2m (next.js: 892µs, proxy.ts: 3ms, application-code: 22ms)[22m
 POST /login [34m303[39m in 62ms[2m (next.js: 887µs, application-code: 61ms)[22m
  └─ ƒ loginAction({}) in 30ms [2msrc/app/login/actions.ts[22m
 GET /app/notes/new [32m200[39m in 15ms[2m (next.js: 795µs, proxy.ts: 3ms, application-code: 11ms)[22m
 GET /app/notes/cmn00kyid000az7yb984c0m8i/edit?saved=1 [32m200[39m in 23ms[2m (next.js: 2ms, proxy.ts: 2ms, application-code: 18ms)[22m
 POST /app/notes/new [34m303[39m in 35ms[2m (next.js: 847µs, proxy.ts: 3ms, application-code: 32ms)[22m
  └─ ƒ createNoteAction({}) in 6ms [2msrc/app/app/notes/actions.ts[22m
 GET /app/notes/cmn00kyid000az7yb984c0m8i/edit?saved=1 [32m200[39m in 43ms[2m (next.js: 8ms, proxy.ts: 9ms, application-code: 27ms)[22m
 GET /app [32m200[39m in 67ms[2m (next.js: 1994µs, proxy.ts: 6ms, application-code: 58ms)[22m
 GET / [32m200[39m in 17ms[2m (next.js: 1696µs, application-code: 16ms)[22m
 GET /login [32m200[39m in 18ms[2m (next.js: 804µs, application-code: 17ms)[22m
 GET /login [32m200[39m in 15ms[2m (next.js: 737µs, application-code: 14ms)[22m
 GET /login [32m200[39m in 15ms[2m (next.js: 754µs, application-code: 14ms)[22m
 GET /app [32m200[39m in 21ms[2m (next.js: 862µs, proxy.ts: 3ms, application-code: 18ms)[22m
 POST /login [34m303[39m in 56ms[2m (next.js: 978µs, application-code: 55ms)[22m
  └─ ƒ loginAction({}) in 30ms [2msrc/app/login/actions.ts[22m
 GET /app/notes/cmn00l1kr0008z9ybext5d1th/edit [32m200[39m in 43ms[2m (next.js: 2ms, proxy.ts: 2ms, application-code: 38ms)[22m
 GET /login [32m200[39m in 14ms[2m (next.js: 764µs, application-code: 14ms)[22m
 GET /app [32m200[39m in 22ms[2m (next.js: 860µs, proxy.ts: 2ms, application-code: 19ms)[22m
 POST /login [34m303[39m in 56ms[2m (next.js: 854µs, application-code: 55ms)[22m
  └─ ƒ loginAction({}) in 30ms [2msrc/app/login/actions.ts[22m
 GET /app/notes/cmn00l2090009z9ybxv2wheyw/edit [32m200[39m in 39ms[2m (next.js: 2ms, proxy.ts: 2ms, application-code: 34ms)[22m
 GET / [32m200[39m in 16ms[2m (next.js: 719µs, application-code: 16ms)[22m
 GET / [32m200[39m in 16ms[2m (next.js: 802µs, application-code: 16ms)[22m
 GET / [32m200[39m in 16ms[2m (next.js: 810µs, application-code: 15ms)[22m
 GET / [32m200[39m in 15ms[2m (next.js: 810µs, application-code: 15ms)[22m
 GET /login [32m200[39m in 16ms[2m (next.js: 806µs, application-code: 15ms)[22m
 GET /app [32m200[39m in 23ms[2m (next.js: 1016µs, proxy.ts: 2ms, application-code: 19ms)[22m
 POST /login [34m303[39m in 57ms[2m (next.js: 971µs, application-code: 56ms)[22m
  └─ ƒ loginAction({}) in 30ms [2msrc/app/login/actions.ts[22m
 GET /login [32m200[39m in 14ms[2m (next.js: 723µs, application-code: 13ms)[22m
 GET /app [32m200[39m in 23ms[2m (next.js: 772µs, proxy.ts: 2ms, application-code: 20ms)[22m
 POST /login [34m303[39m in 56ms[2m (next.js: 931µs, application-code: 55ms)[22m
  └─ ƒ loginAction({}) in 30ms [2msrc/app/login/actions.ts[22m
 GET /login [32m200[39m in 15ms[2m (next.js: 864µs, application-code: 14ms)[22m
 GET /app [32m200[39m in 27ms[2m (next.js: 993µs, proxy.ts: 2ms, application-code: 23ms)[22m
 POST /login [34m303[39m in 60ms[2m (next.js: 899µs, application-code: 60ms)[22m
  └─ ƒ loginAction({}) in 30ms [2msrc/app/login/actions.ts[22m
 GET /app/links [32m200[39m in 42ms[2m (next.js: 877µs, proxy.ts: 2ms, application-code: 39ms)[22m
 GET /login [32m200[39m in 15ms[2m (next.js: 774µs, application-code: 14ms)[22m
 GET /app [32m200[39m in 22ms[2m (next.js: 929µs, proxy.ts: 2ms, application-code: 18ms)[22m
 POST /login [34m303[39m in 56ms[2m (next.js: 920µs, application-code: 55ms)[22m
  └─ ƒ loginAction({}) in 30ms [2msrc/app/login/actions.ts[22m
 GET /app/links [32m200[39m in 53ms[2m (next.js: 880µs, proxy.ts: 3ms, application-code: 50ms)[22m
 GET /login [32m200[39m in 15ms[2m (next.js: 781µs, application-code: 14ms)[22m
 GET /app [32m200[39m in 22ms[2m (next.js: 812µs, proxy.ts: 3ms, application-code: 18ms)[22m
 POST /login [34m303[39m in 55ms[2m (next.js: 842µs, application-code: 55ms)[22m
  └─ ƒ loginAction({}) in 30ms [2msrc/app/login/actions.ts[22m
 GET /app/tags?tag=studio-systems [32m200[39m in 32ms[2m (next.js: 844µs, proxy.ts: 2ms, application-code: 29ms)[22m
 GET /login [32m200[39m in 15ms[2m (next.js: 710µs, application-code: 14ms)[22m
 GET /app [32m200[39m in 22ms[2m (next.js: 920µs, proxy.ts: 2ms, application-code: 19ms)[22m
 POST /login [34m303[39m in 54ms[2m (next.js: 963µs, application-code: 53ms)[22m
  └─ ƒ loginAction({}) in 28ms [2msrc/app/login/actions.ts[22m
 GET /app/tags?tag=studio-systems [32m200[39m in 41ms[2m (next.js: 967µs, proxy.ts: 3ms, application-code: 38ms)[22m
 GET /login [32m200[39m in 15ms[2m (next.js: 841µs, application-code: 14ms)[22m
 GET /app [32m200[39m in 22ms[2m (next.js: 831µs, proxy.ts: 2ms, application-code: 18ms)[22m
 POST /login [34m303[39m in 54ms[2m (next.js: 1008µs, application-code: 53ms)[22m
  └─ ƒ loginAction({}) in 29ms [2msrc/app/login/actions.ts[22m
 GET /app/search?q=rhythm [32m200[39m in 39ms[2m (next.js: 2ms, proxy.ts: 2ms, application-code: 34ms)[22m
 GET /login [32m200[39m in 15ms[2m (next.js: 805µs, application-code: 14ms)[22m
 GET /app [32m200[39m in 23ms[2m (next.js: 898µs, proxy.ts: 2ms, application-code: 20ms)[22m
 POST /login [34m303[39m in 57ms[2m (next.js: 1004µs, application-code: 56ms)[22m
  └─ ƒ loginAction({}) in 30ms [2msrc/app/login/actions.ts[22m
 GET /app/search?q=rhythm [32m200[39m in 37ms[2m (next.js: 1036µs, proxy.ts: 3ms, application-code: 33ms)[22m
 GET / [32m200[39m in 16ms[2m (next.js: 823µs, application-code: 15ms)[22m
 GET / [32m200[39m in 16ms[2m (next.js: 742µs, application-code: 16ms)[22m
 GET /notes/public-notes-should-read-like-finished-pages-not-dashboards [32m200[39m in 37ms[2m (next.js: 3ms, application-code: 34ms)[22m
 GET /notes/public-notes-should-read-like-finished-pages-not-dashboards [32m200[39m in 18ms[2m (next.js: 1763µs, application-code: 16ms)[22m
 GET / [32m200[39m in 16ms[2m (next.js: 755µs, application-code: 15ms)[22m
 GET / [32m200[39m in 16ms[2m (next.js: 748µs, application-code: 16ms)[22m
 GET / [32m200[39m in 20ms[2m (next.js: 840µs, application-code: 20ms)[22m
 GET /login [32m200[39m in 16ms[2m (next.js: 723µs, application-code: 15ms)[22m
 GET /login [32m200[39m in 16ms[2m (next.js: 743µs, application-code: 15ms)[22m
 GET /app [32m200[39m in 22ms[2m (next.js: 1288µs, proxy.ts: 2ms, application-code: 18ms)[22m
 POST /login [34m303[39m in 56ms[2m (next.js: 1054µs, application-code: 55ms)[22m
  └─ ƒ loginAction({}) in 29ms [2msrc/app/login/actions.ts[22m
 GET /login [32m200[39m in 16ms[2m (next.js: 742µs, application-code: 15ms)[22m
 GET /app [32m200[39m in 27ms[2m (next.js: 1012µs, proxy.ts: 2ms, application-code: 24ms)[22m
 POST /login [34m303[39m in 61ms[2m (next.js: 946µs, application-code: 60ms)[22m
  └─ ƒ loginAction({}) in 30ms [2msrc/app/login/actions.ts[22m
