
> minakeep@0.1.0 dev
> next dev --hostname 127.0.0.1 --port 3100

[1m[38;2;173;127;168m▲ Next.js 16.2.0[39m[22m (Turbopack)
- Local:         http://127.0.0.1:3100
- Network:       http://127.0.0.1:3100
- Environments: .env
[32m[1m✓[22m[39m Ready in 198ms

 GET /api/health [32m200[39m in 101ms[2m (next.js: 91ms, application-code: 10ms)[22m
 GET /login [32m200[39m in 155ms[2m (next.js: 46ms, application-code: 109ms)[22m
 GET /app [32m200[39m in 113ms[2m (next.js: 25ms, proxy.ts: 35ms, application-code: 53ms)[22m
 POST /login [34m303[39m in 218ms[2m (next.js: 1253µs, application-code: 216ms)[22m
  └─ ƒ loginAction({}) in 94ms [2msrc/app/login/actions.ts[22m
 GET / [32m200[39m in 47ms[2m (next.js: 10ms, application-code: 37ms)[22m
 GET /login?callbackUrl=http%3A%2F%2Flocalhost%3A3100%2Fapp%2Fsearch [32m200[39m in 21ms[2m (next.js: 936µs, application-code: 20ms)[22m
 GET /login?callbackUrl=http%3A%2F%2Flocalhost%3A3100%2Fapp%2Fnotes%2Fnew [32m200[39m in 24ms[2m (next.js: 841µs, application-code: 23ms)[22m
 GET /app [32m200[39m in 24ms[2m (next.js: 1177µs, proxy.ts: 3ms, application-code: 20ms)[22m
 POST /login?callbackUrl=http%3A%2F%2Flocalhost%3A3100%2Fapp%2Fnotes%2Fnew [34m303[39m in 59ms[2m (next.js: 1074µs, application-code: 58ms)[22m
  └─ ƒ loginAction({}) in 30ms [2msrc/app/login/actions.ts[22m
 GET /app/notes/new [32m200[39m in 37ms[2m (next.js: 20ms, proxy.ts: 3ms, application-code: 14ms)[22m
 GET /app/notes/cmn0e2iqm0000znybifjzxl3b/edit?saved=1 [32m200[39m in 245ms[2m (next.js: 220ms, proxy.ts: 3ms, application-code: 23ms)[22m
 POST /app/notes/new [34m303[39m in 278ms[2m (next.js: 1608µs, proxy.ts: 3ms, application-code: 273ms)[22m
  └─ ƒ createNoteAction({}) in 21ms [2msrc/app/app/notes/actions.ts[22m
 POST /app/notes/cmn0e2iqm0000znybifjzxl3b/edit?saved=1 [34m303[39m in 146ms[2m (next.js: 3ms, proxy.ts: 13ms, application-code: 130ms)[22m
  └─ ƒ updateNoteAction("cmn0e2iqm0000znybifjzxl3b", {}) in 28ms [2msrc/app/app/notes/actions.ts[22m
 GET /app [32m200[39m in 196ms[2m (next.js: 4ms, proxy.ts: 5ms, application-code: 187ms)[22m
 GET /app/notes/cmn0e2iqm0000znybifjzxl3b/edit?saved=1 [32m200[39m in 71ms[2m (next.js: 10ms, proxy.ts: 28ms, application-code: 33ms)[22m
 GET /app/notes/cmn0e2iqm0000znybifjzxl3b/edit [32m200[39m in 21ms[2m (next.js: 1543µs, proxy.ts: 3ms, application-code: 16ms)[22m
 GET /login [32m200[39m in 17ms[2m (next.js: 764µs, application-code: 16ms)[22m
 GET /app [32m200[39m in 23ms[2m (next.js: 984µs, proxy.ts: 3ms, application-code: 19ms)[22m
 POST /login [34m303[39m in 58ms[2m (next.js: 985µs, application-code: 57ms)[22m
  └─ ƒ loginAction({}) in 30ms [2msrc/app/login/actions.ts[22m
 GET /app/notes/new [32m200[39m in 17ms[2m (next.js: 973µs, proxy.ts: 3ms, application-code: 13ms)[22m
 GET /app/notes/cmn0e2jn90001znybjikzwa10/edit?saved=1 [32m200[39m in 28ms[2m (next.js: 2ms, proxy.ts: 7ms, application-code: 19ms)[22m
 POST /app/notes/new [34m303[39m in 43ms[2m (next.js: 900µs, proxy.ts: 3ms, application-code: 39ms)[22m
  └─ ƒ createNoteAction({}) in 7ms [2msrc/app/app/notes/actions.ts[22m
 POST /api/test/mina/chat/completions [32m200[39m in 1514ms[2m (next.js: 13ms, application-code: 1500ms)[22m
 GET /app/notes/cmn0e2jn90001znybjikzwa10/edit?saved=1 [32m200[39m in 43ms[2m (next.js: 7ms, proxy.ts: 9ms, application-code: 27ms)[22m
 GET /app/notes/cmn0e2jn90001znybjikzwa10/edit?retried=1 [32m200[39m in 25ms[2m (next.js: 1746µs, proxy.ts: 3ms, application-code: 20ms)[22m
 POST /app/notes/cmn0e2jn90001znybjikzwa10/edit?saved=1 [34m303[39m in 46ms[2m (next.js: 4ms, proxy.ts: 6ms, application-code: 36ms)[22m
  └─ ƒ retryNoteEnrichmentAction("cmn0e2jn90001znybjikzwa10") in 6ms [2msrc/app/app/notes/actions.ts[22m
 POST /api/test/mina/chat/completions [32m200[39m in 1512ms[2m (next.js: 708µs, application-code: 1512ms)[22m
 GET /app/notes/cmn0e2jn90001znybjikzwa10/edit?retried=1 [32m200[39m in 46ms[2m (next.js: 8ms, proxy.ts: 10ms, application-code: 28ms)[22m
 GET /login [32m200[39m in 23ms[2m (next.js: 939µs, application-code: 22ms)[22m
 GET /app [32m200[39m in 27ms[2m (next.js: 1008µs, proxy.ts: 3ms, application-code: 23ms)[22m
 POST /login [34m303[39m in 61ms[2m (next.js: 950µs, application-code: 60ms)[22m
  └─ ƒ loginAction({}) in 30ms [2msrc/app/login/actions.ts[22m
 GET /app/notes/new [32m200[39m in 16ms[2m (next.js: 885µs, proxy.ts: 3ms, application-code: 12ms)[22m
 GET /app/notes/cmn0e2oo10002znybxmyb6oyb/edit?saved=1 [32m200[39m in 35ms[2m (next.js: 2ms, proxy.ts: 2ms, application-code: 31ms)[22m
 POST /app/notes/new [34m303[39m in 56ms[2m (next.js: 891µs, proxy.ts: 3ms, application-code: 52ms)[22m
  └─ ƒ createNoteAction({}) in 6ms [2msrc/app/app/notes/actions.ts[22m
 GET /app/notes/cmn0e2oo10002znybxmyb6oyb/edit?published=1 [32m200[39m in 24ms[2m (next.js: 1284µs, proxy.ts: 2ms, application-code: 20ms)[22m
 POST /app/notes/cmn0e2oo10002znybxmyb6oyb/edit?saved=1 [34m303[39m in 38ms[2m (next.js: 1936µs, proxy.ts: 3ms, application-code: 33ms)[22m
  └─ ƒ publishNoteAction("cmn0e2oo10002znybxmyb6oyb") in 5ms [2msrc/app/app/notes/actions.ts[22m
 GET / [32m200[39m in 25ms[2m (next.js: 952µs, application-code: 24ms)[22m
 GET /notes/public-note-1774101243275 [32m200[39m in 198ms[2m (next.js: 180ms, application-code: 18ms)[22m
 GET /app [32m200[39m in 45ms[2m (next.js: 918µs, proxy.ts: 3ms, application-code: 42ms)[22m
 GET /app/notes/cmn0e2oo10002znybxmyb6oyb/edit [32m200[39m in 29ms[2m (next.js: 3ms, proxy.ts: 3ms, application-code: 24ms)[22m
 GET /app/notes/cmn0e2oo10002znybxmyb6oyb/edit?unpublished=1 [32m200[39m in 22ms[2m (next.js: 1542µs, proxy.ts: 2ms, application-code: 18ms)[22m
 POST /app/notes/cmn0e2oo10002znybxmyb6oyb/edit [34m303[39m in 36ms[2m (next.js: 1543µs, proxy.ts: 3ms, application-code: 31ms)[22m
  └─ ƒ unpublishNoteAction("cmn0e2oo10002znybxmyb6oyb") in 5ms [2msrc/app/app/notes/actions.ts[22m
 GET / [32m200[39m in 18ms[2m (next.js: 948µs, application-code: 17ms)[22m
 GET /notes/public-note-1774101243275 [33m404[39m in 40ms[2m (next.js: 2ms, application-code: 38ms)[22m
 GET /login [32m200[39m in 20ms[2m (next.js: 867µs, application-code: 19ms)[22m
 GET /app [32m200[39m in 28ms[2m (next.js: 1115µs, proxy.ts: 2ms, application-code: 25ms)[22m
 POST /login [34m303[39m in 62ms[2m (next.js: 901µs, application-code: 61ms)[22m
  └─ ƒ loginAction({}) in 30ms [2msrc/app/login/actions.ts[22m
 GET /app/links [32m200[39m in 38ms[2m (next.js: 18ms, proxy.ts: 3ms, application-code: 17ms)[22m
 GET /app/links?saved=1 [32m200[39m in 31ms[2m (next.js: 803µs, proxy.ts: 2ms, application-code: 28ms)[22m
 POST /app/links [34m303[39m in 48ms[2m (next.js: 938µs, proxy.ts: 3ms, application-code: 44ms)[22m
  └─ ƒ createLinkAction({}) in 8ms [2msrc/app/app/links/actions.ts[22m
 POST /api/test/mina/chat/completions [32m200[39m in 4ms[2m (next.js: 1293µs, application-code: 2ms)[22m
{"level":"warn","message":"Link favicon could not be resolved.","metadata":{"linkId":"cmn0e2pw90003znyb8815orv4","url":"https://example.com/reference-1774101244894"},"timestamp":"2026-03-21T13:54:05.447Z"}
 GET /app/links?saved=1 [32m200[39m in 43ms[2m (next.js: 1816µs, proxy.ts: 14ms, application-code: 27ms)[22m
 GET / [32m200[39m in 29ms[2m (next.js: 1966µs, application-code: 28ms)[22m
 GET /login [32m200[39m in 16ms[2m (next.js: 780µs, application-code: 15ms)[22m
 GET /app [32m200[39m in 26ms[2m (next.js: 1129µs, proxy.ts: 2ms, application-code: 22ms)[22m
 POST /login [34m303[39m in 60ms[2m (next.js: 943µs, application-code: 59ms)[22m
  └─ ƒ loginAction({}) in 30ms [2msrc/app/login/actions.ts[22m
 GET /app/links [32m200[39m in 21ms[2m (next.js: 1299µs, proxy.ts: 3ms, application-code: 17ms)[22m
 GET /app/links?saved=1 [32m200[39m in 30ms[2m (next.js: 839µs, proxy.ts: 2ms, application-code: 27ms)[22m
 POST /app/links [34m303[39m in 44ms[2m (next.js: 1107µs, proxy.ts: 3ms, application-code: 40ms)[22m
  └─ ƒ createLinkAction({}) in 6ms [2msrc/app/app/links/actions.ts[22m
 POST /api/test/mina/chat/completions [32m200[39m in 2ms[2m (next.js: 656µs, application-code: 1634µs)[22m
{"level":"warn","message":"Link favicon could not be resolved.","metadata":{"linkId":"cmn0e2smd0004znybhkuju8qy","url":"https://example.com/published-link-1774101248426"},"timestamp":"2026-03-21T13:54:08.970Z"}
 GET /app/links?saved=1 [32m200[39m in 43ms[2m (next.js: 3ms, proxy.ts: 9ms, application-code: 31ms)[22m
 GET /app/links?published=1 [32m200[39m in 30ms[2m (next.js: 1077µs, proxy.ts: 3ms, application-code: 26ms)[22m
 POST /app/links?saved=1 [34m303[39m in 51ms[2m (next.js: 1536µs, proxy.ts: 7ms, application-code: 42ms)[22m
  └─ ƒ publishLinkAction("cmn0e2smd0004znybhkuju8qy") in 8ms [2msrc/app/app/links/actions.ts[22m
 GET / [32m200[39m in 20ms[2m (next.js: 890µs, application-code: 19ms)[22m
 GET /app/links [32m200[39m in 95ms[2m (next.js: 904µs, proxy.ts: 2ms, application-code: 92ms)[22m
 GET /app/links?unpublished=1 [32m200[39m in 24ms[2m (next.js: 766µs, proxy.ts: 2ms, application-code: 21ms)[22m
 POST /app/links [34m303[39m in 38ms[2m (next.js: 800µs, proxy.ts: 3ms, application-code: 34ms)[22m
  └─ ƒ unpublishLinkAction("cmn0e2smd0004znybhkuju8qy") in 6ms [2msrc/app/app/links/actions.ts[22m
 GET / [32m200[39m in 17ms[2m (next.js: 808µs, application-code: 17ms)[22m
 GET /login [32m200[39m in 16ms[2m (next.js: 688µs, application-code: 15ms)[22m
 GET /app [32m200[39m in 25ms[2m (next.js: 877µs, proxy.ts: 2ms, application-code: 22ms)[22m
 POST /login [34m303[39m in 59ms[2m (next.js: 931µs, application-code: 58ms)[22m
  └─ ƒ loginAction({}) in 30ms [2msrc/app/login/actions.ts[22m
 GET /app/links [32m200[39m in 23ms[2m (next.js: 909µs, proxy.ts: 3ms, application-code: 19ms)[22m
 GET /app/links?saved=1 [32m200[39m in 31ms[2m (next.js: 848µs, proxy.ts: 2ms, application-code: 28ms)[22m
 POST /app/links [34m303[39m in 46ms[2m (next.js: 1075µs, proxy.ts: 4ms, application-code: 41ms)[22m
  └─ ƒ createLinkAction({}) in 6ms [2msrc/app/app/links/actions.ts[22m
{"level":"warn","message":"Link favicon could not be resolved.","metadata":{"linkId":"cmn0e2vr40005znybsetmbetk","url":"https://example.com/retry-link-1774101252440"},"timestamp":"2026-03-21T13:54:13.016Z"}
 POST /api/test/mina/chat/completions [32m200[39m in 1509ms[2m (next.js: 647µs, application-code: 1509ms)[22m
 GET /app/links?saved=1 [32m200[39m in 42ms[2m (next.js: 2ms, proxy.ts: 8ms, application-code: 32ms)[22m
 GET /app/links?retried=1 [32m200[39m in 29ms[2m (next.js: 944µs, proxy.ts: 3ms, application-code: 25ms)[22m
 POST /app/links?saved=1 [34m303[39m in 50ms[2m (next.js: 1982µs, proxy.ts: 7ms, application-code: 41ms)[22m
  └─ ƒ retryLinkEnrichmentAction("cmn0e2vr40005znybsetmbetk") in 8ms [2msrc/app/app/links/actions.ts[22m
 POST /api/test/mina/chat/completions [32m200[39m in 1509ms[2m (next.js: 581µs, application-code: 1509ms)[22m
 GET /app/links?retried=1 [32m200[39m in 48ms[2m (next.js: 3ms, proxy.ts: 9ms, application-code: 36ms)[22m
 GET /login [32m200[39m in 29ms[2m (next.js: 996µs, application-code: 28ms)[22m
 GET /app [32m200[39m in 25ms[2m (next.js: 1195µs, proxy.ts: 3ms, application-code: 22ms)[22m
 POST /login [34m303[39m in 59ms[2m (next.js: 904µs, application-code: 58ms)[22m
  └─ ƒ loginAction({}) in 29ms [2msrc/app/login/actions.ts[22m
 GET /app/links [32m200[39m in 24ms[2m (next.js: 876µs, proxy.ts: 3ms, application-code: 20ms)[22m
 GET /app/links?error=invalid-url [32m200[39m in 26ms[2m (next.js: 786µs, proxy.ts: 2ms, application-code: 23ms)[22m
 POST /app/links [34m303[39m in 36ms[2m (next.js: 897µs, proxy.ts: 3ms, application-code: 33ms)[22m
  └─ ƒ createLinkAction({}) in 3ms [2msrc/app/app/links/actions.ts[22m
 GET /login [32m200[39m in 15ms[2m (next.js: 730µs, application-code: 14ms)[22m
 GET /app [32m200[39m in 24ms[2m (next.js: 813µs, proxy.ts: 2ms, application-code: 21ms)[22m
 POST /login [34m303[39m in 58ms[2m (next.js: 939µs, application-code: 57ms)[22m
  └─ ƒ loginAction({}) in 29ms [2msrc/app/login/actions.ts[22m
 GET /app/notes/new [32m200[39m in 16ms[2m (next.js: 927µs, proxy.ts: 3ms, application-code: 12ms)[22m
 GET /app/notes/cmn0e31860006znyb13zr8l76/edit?saved=1 [32m200[39m in 24ms[2m (next.js: 2ms, proxy.ts: 2ms, application-code: 19ms)[22m
 POST /app/notes/new [34m303[39m in 40ms[2m (next.js: 986µs, proxy.ts: 3ms, application-code: 37ms)[22m
  └─ ƒ createNoteAction({}) in 7ms [2msrc/app/app/notes/actions.ts[22m
 GET /app/links [32m200[39m in 55ms[2m (next.js: 943µs, proxy.ts: 2ms, application-code: 52ms)[22m
 GET /app/links?saved=1 [32m200[39m in 33ms[2m (next.js: 830µs, proxy.ts: 2ms, application-code: 30ms)[22m
 POST /app/links [34m303[39m in 48ms[2m (next.js: 1132µs, proxy.ts: 3ms, application-code: 44ms)[22m
  └─ ƒ createLinkAction({}) in 6ms [2msrc/app/app/links/actions.ts[22m
 POST /api/test/mina/chat/completions [32m200[39m in 2ms[2m (next.js: 612µs, application-code: 1587µs)[22m
{"level":"warn","message":"Link favicon could not be resolved.","metadata":{"linkId":"cmn0e31f30007znybkgrtag31","url":"https://example.com/url-needle-1774101259571"},"timestamp":"2026-03-21T13:54:20.346Z"}
 GET /app/links?saved=1 [32m200[39m in 46ms[2m (next.js: 3ms, proxy.ts: 8ms, application-code: 35ms)[22m
 GET /app/tags?tag=ai-owned [32m200[39m in 150ms[2m (next.js: 26ms, proxy.ts: 6ms, application-code: 118ms)[22m
 GET /app/tags [32m200[39m in 62ms[2m (next.js: 748µs, proxy.ts: 3ms, application-code: 59ms)[22m
 GET /app/search?q=Filtered%20note%201774101259571 [32m200[39m in 83ms[2m (next.js: 16ms, proxy.ts: 2ms, application-code: 65ms)[22m
 GET /app/search?q=url-needle-1774101259571 [32m200[39m in 51ms[2m (next.js: 822µs, proxy.ts: 2ms, application-code: 48ms)[22m
 GET /app/search?q=ai-owned [32m200[39m in 45ms[2m (next.js: 1005µs, proxy.ts: 3ms, application-code: 42ms)[22m
 GET /login [32m200[39m in 15ms[2m (next.js: 823µs, application-code: 15ms)[22m
 GET /app [32m200[39m in 25ms[2m (next.js: 1041µs, proxy.ts: 2ms, application-code: 21ms)[22m
 POST /login [34m303[39m in 60ms[2m (next.js: 966µs, application-code: 59ms)[22m
  └─ ƒ loginAction({}) in 30ms [2msrc/app/login/actions.ts[22m
 GET /app/links [32m200[39m in 26ms[2m (next.js: 859µs, proxy.ts: 3ms, application-code: 22ms)[22m
 GET /app/links?saved=1 [32m200[39m in 30ms[2m (next.js: 767µs, proxy.ts: 2ms, application-code: 27ms)[22m
 POST /app/links [34m303[39m in 48ms[2m (next.js: 7ms, proxy.ts: 3ms, application-code: 39ms)[22m
  └─ ƒ createLinkAction({}) in 6ms [2msrc/app/app/links/actions.ts[22m
{"level":"warn","message":"Link favicon could not be resolved.","metadata":{"linkId":"cmn0e34k40009znybx43nehri","url":"https://example.com/ai-enriched-link-1774101263897"},"timestamp":"2026-03-21T13:54:24.421Z"}
 GET /app/links?saved=1 [32m200[39m in 54ms[2m (next.js: 3ms, proxy.ts: 10ms, application-code: 40ms)[22m
 GET /app/search?q=ai [32m200[39m in 54ms[2m (next.js: 1786µs, proxy.ts: 5ms, application-code: 47ms)[22m
 GET /app/tags?tag=ai [32m200[39m in 65ms[2m (next.js: 1135µs, proxy.ts: 2ms, application-code: 61ms)[22m
 GET /login [32m200[39m in 15ms[2m (next.js: 821µs, application-code: 14ms)[22m
 GET /app [32m200[39m in 26ms[2m (next.js: 1375µs, proxy.ts: 2ms, application-code: 22ms)[22m
 POST /login [34m303[39m in 60ms[2m (next.js: 889µs, application-code: 59ms)[22m
  └─ ƒ loginAction({}) in 30ms [2msrc/app/login/actions.ts[22m
 GET /app/links [32m200[39m in 57ms[2m (next.js: 869µs, proxy.ts: 2ms, application-code: 54ms)[22m
 GET /app/links?saved=1 [32m200[39m in 34ms[2m (next.js: 925µs, proxy.ts: 5ms, application-code: 27ms)[22m
 POST /app/links [34m303[39m in 48ms[2m (next.js: 841µs, proxy.ts: 3ms, application-code: 44ms)[22m
  └─ ƒ createLinkAction({}) in 7ms [2msrc/app/app/links/actions.ts[22m
 POST /api/test/mina/chat/completions [32m200[39m in 3ms[2m (next.js: 763µs, application-code: 1977µs)[22m
 GET /app/links?saved=1 [32m200[39m in 49ms[2m (next.js: 2ms, proxy.ts: 8ms, application-code: 38ms)[22m
 GET /media/e564f955-185b-486c-8f2d-4b481f020143 [32m200[39m in 443ms[2m (next.js: 431ms, application-code: 12ms)[22m
 GET /app/links?published=1 [32m200[39m in 48ms[2m (next.js: 997µs, proxy.ts: 3ms, application-code: 44ms)[22m
 POST /app/links?saved=1 [34m303[39m in 65ms[2m (next.js: 1743µs, proxy.ts: 5ms, application-code: 59ms)[22m
  └─ ƒ publishLinkAction("cmn0e37fp000aznybnmucx6jw") in 6ms [2msrc/app/app/links/actions.ts[22m
 GET /media/e564f955-185b-486c-8f2d-4b481f020143 [32m200[39m in 11ms[2m (next.js: 1897µs, application-code: 9ms)[22m
 GET / [32m200[39m in 19ms[2m (next.js: 3ms, application-code: 17ms)[22m
 GET /media/e564f955-185b-486c-8f2d-4b481f020143 [32m200[39m in 10ms[2m (next.js: 1511µs, application-code: 9ms)[22m
 GET /app/links [32m200[39m in 65ms[2m (next.js: 897µs, proxy.ts: 3ms, application-code: 61ms)[22m
 GET /media/e564f955-185b-486c-8f2d-4b481f020143 [32m200[39m in 15ms[2m (next.js: 1230µs, application-code: 13ms)[22m
 GET /app/links?saved=1 [32m200[39m in 36ms[2m (next.js: 777µs, proxy.ts: 2ms, application-code: 33ms)[22m
 POST /app/links [34m303[39m in 48ms[2m (next.js: 844µs, proxy.ts: 3ms, application-code: 45ms)[22m
  └─ ƒ createLinkAction({}) in 6ms [2msrc/app/app/links/actions.ts[22m
{"level":"warn","message":"Link favicon cache failed.","metadata":{"error":"Configured link favicon fetch failure for Playwright.","linkId":"cmn0e3a0i000bznybalqm3swc","url":"https://example.com/fallback-favicon-1774101267606"},"timestamp":"2026-03-21T13:54:31.450Z"}
 POST /api/test/mina/chat/completions [32m200[39m in 1738µs[2m (next.js: 543µs, application-code: 1195µs)[22m
 GET /media/e564f955-185b-486c-8f2d-4b481f020143 [32m200[39m in 7ms[2m (next.js: 1138µs, application-code: 6ms)[22m
 GET /app/links?saved=1 [32m200[39m in 57ms[2m (next.js: 3ms, proxy.ts: 10ms, application-code: 44ms)[22m
 GET /app/links?favicon=1 [32m200[39m in 39ms[2m (next.js: 980µs, proxy.ts: 3ms, application-code: 35ms)[22m
 POST /app/links?saved=1 [34m303[39m in 58ms[2m (next.js: 1344µs, proxy.ts: 6ms, application-code: 51ms)[22m
  └─ ƒ refreshLinkFaviconAction("cmn0e3a0i000bznybalqm3swc") in 8ms [2msrc/app/app/links/actions.ts[22m
 GET /media/e564f955-185b-486c-8f2d-4b481f020143 [32m200[39m in 14ms[2m (next.js: 6ms, application-code: 9ms)[22m
 GET /media/0514a972-bf55-4032-8b1f-cf8310a2d057 [32m200[39m in 15ms[2m (next.js: 7ms, application-code: 8ms)[22m
 GET /media/draft-note-image-1774101274641 [33m404[39m in 4ms[2m (next.js: 686µs, application-code: 3ms)[22m
 GET /login [32m200[39m in 25ms[2m (next.js: 803µs, application-code: 24ms)[22m
 GET /app [32m200[39m in 22ms[2m (next.js: 900µs, proxy.ts: 3ms, application-code: 18ms)[22m
 POST /login [34m303[39m in 59ms[2m (next.js: 1301µs, application-code: 58ms)[22m
  └─ ƒ loginAction({}) in 32ms [2msrc/app/login/actions.ts[22m
 GET /media/draft-note-image-1774101274641 [32m200[39m in 10ms[2m (next.js: 1675µs, application-code: 9ms)[22m
 GET /media/draft-note-image-1774101274641 [32m200[39m in 5ms[2m (next.js: 610µs, application-code: 5ms)[22m
 GET /media/published-note-image-1774101275018 [32m200[39m in 5ms[2m (next.js: 1349µs, application-code: 4ms)[22m
 GET /media/hidden-note-image-1774101275018 [33m404[39m in 4ms[2m (next.js: 694µs, application-code: 3ms)[22m
 GET /media/published-link-favicon-1774101275018 [32m200[39m in 4ms[2m (next.js: 591µs, application-code: 4ms)[22m
 GET /login [32m200[39m in 15ms[2m (next.js: 809µs, application-code: 14ms)[22m
 GET /app [32m200[39m in 23ms[2m (next.js: 1327µs, proxy.ts: 2ms, application-code: 19ms)[22m
 POST /login [34m303[39m in 57ms[2m (next.js: 942µs, application-code: 56ms)[22m
  └─ ƒ loginAction({}) in 31ms [2msrc/app/login/actions.ts[22m
 GET /media/published-note-image-1774101275018 [32m200[39m in 9ms[2m (next.js: 1162µs, application-code: 8ms)[22m
 GET /app/notes/new [32m200[39m in 17ms[2m (next.js: 2ms, proxy.ts: 3ms, application-code: 12ms)[22m
 GET /app/notes/cmn0e3d74000cznybibpjytup/edit?saved=1 [32m200[39m in 23ms[2m (next.js: 2ms, proxy.ts: 2ms, application-code: 19ms)[22m
 POST /app/notes/new [34m303[39m in 37ms[2m (next.js: 908µs, proxy.ts: 3ms, application-code: 34ms)[22m
  └─ ƒ createNoteAction({}) in 6ms [2msrc/app/app/notes/actions.ts[22m
 GET /app/notes/cmn0e3d74000cznybibpjytup/edit?saved=1 [32m200[39m in 32ms[2m (next.js: 4ms, proxy.ts: 4ms, application-code: 25ms)[22m
 GET /app [32m200[39m in 55ms[2m (next.js: 1950µs, proxy.ts: 6ms, application-code: 47ms)[22m
 GET /media/published-note-image-1774101275018 [32m200[39m in 12ms[2m (next.js: 3ms, application-code: 9ms)[22m
 GET /login [32m200[39m in 27ms[2m (next.js: 2ms, application-code: 24ms)[22m
 GET /app [32m200[39m in 21ms[2m (next.js: 934µs, proxy.ts: 2ms, application-code: 18ms)[22m
 POST /login [34m303[39m in 55ms[2m (next.js: 979µs, application-code: 54ms)[22m
  └─ ƒ loginAction({}) in 29ms [2msrc/app/login/actions.ts[22m
 GET /app/notes/new [32m200[39m in 53ms[2m (next.js: 936µs, proxy.ts: 3ms, application-code: 49ms)[22m
 POST /api/notes/images [32m201[39m in 34ms[2m (next.js: 25ms, application-code: 9ms)[22m
 GET /media/00f0d724-e620-4626-b23f-0e69a4cd9d7e [32m200[39m in 11ms[2m (next.js: 4ms, application-code: 7ms)[22m
 GET /app/notes/cmn0e3g2t000dznybmuhid76w/edit?saved=1 [32m200[39m in 23ms[2m (next.js: 2ms, proxy.ts: 2ms, application-code: 19ms)[22m
 POST /app/notes/new [34m303[39m in 40ms[2m (next.js: 1044µs, proxy.ts: 3ms, application-code: 36ms)[22m
  └─ ƒ createNoteAction({}) in 9ms [2msrc/app/app/notes/actions.ts[22m
 GET /media/00f0d724-e620-4626-b23f-0e69a4cd9d7e [32m200[39m in 9ms[2m (next.js: 1266µs, application-code: 8ms)[22m
 GET / [32m200[39m in 20ms[2m (next.js: 1740µs, application-code: 19ms)[22m
 GET /login [32m200[39m in 15ms[2m (next.js: 816µs, application-code: 14ms)[22m
 GET /login [32m200[39m in 14ms[2m (next.js: 707µs, application-code: 14ms)[22m
 GET /login [32m200[39m in 14ms[2m (next.js: 750µs, application-code: 14ms)[22m
 GET /app [32m200[39m in 26ms[2m (next.js: 937µs, proxy.ts: 2ms, application-code: 23ms)[22m
 POST /login [34m303[39m in 60ms[2m (next.js: 902µs, application-code: 59ms)[22m
  └─ ƒ loginAction({}) in 30ms [2msrc/app/login/actions.ts[22m
 GET /app/notes/cmn0e3gs00008zpybewzfycsf/edit [32m200[39m in 44ms[2m (next.js: 2ms, proxy.ts: 2ms, application-code: 40ms)[22m
 GET /login [32m200[39m in 15ms[2m (next.js: 789µs, application-code: 14ms)[22m
 GET /app [32m200[39m in 21ms[2m (next.js: 982µs, proxy.ts: 2ms, application-code: 18ms)[22m
 POST /login [34m303[39m in 56ms[2m (next.js: 865µs, application-code: 55ms)[22m
  └─ ƒ loginAction({}) in 30ms [2msrc/app/login/actions.ts[22m
 GET /app/notes/cmn0e3h9p0009zpybukc006q8/edit [32m200[39m in 47ms[2m (next.js: 2ms, proxy.ts: 3ms, application-code: 42ms)[22m
 GET / [32m200[39m in 18ms[2m (next.js: 811µs, application-code: 17ms)[22m
 GET / [32m200[39m in 18ms[2m (next.js: 832µs, application-code: 17ms)[22m
 GET / [32m200[39m in 17ms[2m (next.js: 778µs, application-code: 16ms)[22m
 GET / [32m200[39m in 18ms[2m (next.js: 799µs, application-code: 17ms)[22m
 GET /login [32m200[39m in 15ms[2m (next.js: 786µs, application-code: 15ms)[22m
 GET /app [32m200[39m in 21ms[2m (next.js: 998µs, proxy.ts: 2ms, application-code: 18ms)[22m
 POST /login [34m303[39m in 56ms[2m (next.js: 924µs, application-code: 55ms)[22m
  └─ ƒ loginAction({}) in 30ms [2msrc/app/login/actions.ts[22m
 GET /app/notes/new [32m200[39m in 26ms[2m (next.js: 876µs, proxy.ts: 3ms, application-code: 23ms)[22m
 GET /app/notes/cmn0e3j5n000eznyb5bsvcl8g/edit?saved=1 [32m200[39m in 23ms[2m (next.js: 2ms, proxy.ts: 2ms, application-code: 18ms)[22m
 POST /app/notes/new [34m303[39m in 35ms[2m (next.js: 887µs, proxy.ts: 3ms, application-code: 32ms)[22m
  └─ ƒ createNoteAction({}) in 6ms [2msrc/app/app/notes/actions.ts[22m
 GET /login [32m200[39m in 18ms[2m (next.js: 860µs, application-code: 17ms)[22m
 GET /app [32m200[39m in 28ms[2m (next.js: 839µs, proxy.ts: 2ms, application-code: 25ms)[22m
 POST /login [34m303[39m in 61ms[2m (next.js: 1009µs, application-code: 60ms)[22m
  └─ ƒ loginAction({}) in 29ms [2msrc/app/login/actions.ts[22m
 GET /app/notes/cmn0e3j8i000tzpybsihju9cr/edit [32m200[39m in 41ms[2m (next.js: 2ms, proxy.ts: 3ms, application-code: 37ms)[22m
 GET /login [32m200[39m in 15ms[2m (next.js: 773µs, application-code: 14ms)[22m
 GET /app [32m200[39m in 22ms[2m (next.js: 907µs, proxy.ts: 2ms, application-code: 19ms)[22m
 POST /login [34m303[39m in 56ms[2m (next.js: 929µs, application-code: 55ms)[22m
  └─ ƒ loginAction({}) in 30ms [2msrc/app/login/actions.ts[22m
 GET /app/notes/cmn0e3jr7000uzpybd7x27r21/edit [32m200[39m in 42ms[2m (next.js: 2ms, proxy.ts: 3ms, application-code: 37ms)[22m
 GET /login [32m200[39m in 15ms[2m (next.js: 777µs, application-code: 14ms)[22m
 GET /app [32m200[39m in 24ms[2m (next.js: 1162µs, proxy.ts: 2ms, application-code: 21ms)[22m
 POST /login [34m303[39m in 59ms[2m (next.js: 935µs, application-code: 58ms)[22m
  └─ ƒ loginAction({}) in 30ms [2msrc/app/login/actions.ts[22m
 GET /app/notes/cmn0e3k6g000vzpybfo69rh8m/edit [32m200[39m in 39ms[2m (next.js: 2ms, proxy.ts: 3ms, application-code: 35ms)[22m
 GET /app/notes/cmn0e3k6g000vzpybfo69rh8m/edit?saved=1 [32m200[39m in 30ms[2m (next.js: 1424µs, proxy.ts: 2ms, application-code: 26ms)[22m
 POST /app/notes/cmn0e3k6g000vzpybfo69rh8m/edit [34m303[39m in 45ms[2m (next.js: 3ms, proxy.ts: 3ms, application-code: 39ms)[22m
  └─ ƒ updateNoteAction("cmn0e3k6g000vzpybfo69rh8m", {}) in 6ms [2msrc/app/app/notes/actions.ts[22m
 GET /login [32m200[39m in 15ms[2m (next.js: 816µs, application-code: 14ms)[22m
 GET /app [32m200[39m in 21ms[2m (next.js: 1104µs, proxy.ts: 2ms, application-code: 18ms)[22m
 POST /login [34m303[39m in 55ms[2m (next.js: 931µs, application-code: 54ms)[22m
  └─ ƒ loginAction({}) in 30ms [2msrc/app/login/actions.ts[22m
 GET /app/notes/cmn0e3kyb000wzpybkc0ianx2/edit [32m200[39m in 42ms[2m (next.js: 2ms, proxy.ts: 3ms, application-code: 37ms)[22m
 GET /login [32m200[39m in 16ms[2m (next.js: 890µs, application-code: 15ms)[22m
 GET /app [32m200[39m in 28ms[2m (next.js: 1073µs, proxy.ts: 2ms, application-code: 24ms)[22m
 POST /login [34m303[39m in 62ms[2m (next.js: 1158µs, application-code: 61ms)[22m
  └─ ƒ loginAction({}) in 29ms [2msrc/app/login/actions.ts[22m
 GET /app/notes/cmn0e3lft000xzpybt7q2c3rn/edit [32m200[39m in 42ms[2m (next.js: 2ms, proxy.ts: 2ms, application-code: 38ms)[22m
 GET /app/notes/cmn0e3lft000xzpybt7q2c3rn/edit?saved=1 [32m200[39m in 24ms[2m (next.js: 1398µs, proxy.ts: 3ms, application-code: 20ms)[22m
 POST /app/notes/cmn0e3lft000xzpybt7q2c3rn/edit [34m303[39m in 40ms[2m (next.js: 2ms, proxy.ts: 4ms, application-code: 33ms)[22m
  └─ ƒ updateNoteAction("cmn0e3lft000xzpybt7q2c3rn", {}) in 6ms [2msrc/app/app/notes/actions.ts[22m
 GET /app/notes/cmn0e3lft000xzpybt7q2c3rn/edit?saved=1 [32m200[39m in 40ms[2m (next.js: 1486µs, proxy.ts: 3ms, application-code: 36ms)[22m
 GET /login [32m200[39m in 21ms[2m (next.js: 809µs, application-code: 20ms)[22m
 GET /app [32m200[39m in 22ms[2m (next.js: 869µs, proxy.ts: 2ms, application-code: 18ms)[22m
 POST /login [34m303[39m in 55ms[2m (next.js: 974µs, application-code: 54ms)[22m
  └─ ƒ loginAction({}) in 29ms [2msrc/app/login/actions.ts[22m
 GET /app/notes/cmn0e3m96000yzpyblp4ifahy/edit [32m200[39m in 44ms[2m (next.js: 2ms, proxy.ts: 3ms, application-code: 39ms)[22m
 GET /login [32m200[39m in 16ms[2m (next.js: 783µs, application-code: 15ms)[22m
 GET /app [32m200[39m in 23ms[2m (next.js: 942µs, proxy.ts: 3ms, application-code: 19ms)[22m
 POST /login [34m303[39m in 58ms[2m (next.js: 1038µs, application-code: 57ms)[22m
  └─ ƒ loginAction({}) in 31ms [2msrc/app/login/actions.ts[22m
 GET /app/notes/cmn0e3mqf000zzpybr81c3uh5/edit [32m200[39m in 48ms[2m (next.js: 7ms, proxy.ts: 3ms, application-code: 38ms)[22m
 GET /app/notes/cmn0e3mqf000zzpybr81c3uh5/edit?saved=1 [32m200[39m in 22ms[2m (next.js: 1308µs, proxy.ts: 2ms, application-code: 19ms)[22m
 POST /app/notes/cmn0e3mqf000zzpybr81c3uh5/edit [34m303[39m in 39ms[2m (next.js: 3ms, proxy.ts: 3ms, application-code: 34ms)[22m
  └─ ƒ updateNoteAction("cmn0e3mqf000zzpybr81c3uh5", {}) in 6ms [2msrc/app/app/notes/actions.ts[22m
 GET /login [32m200[39m in 16ms[2m (next.js: 821µs, application-code: 15ms)[22m
 GET /app [32m200[39m in 22ms[2m (next.js: 1080µs, proxy.ts: 2ms, application-code: 18ms)[22m
 POST /login [34m303[39m in 55ms[2m (next.js: 945µs, application-code: 54ms)[22m
  └─ ƒ loginAction({}) in 29ms [2msrc/app/login/actions.ts[22m
 GET /app/notes/new [32m200[39m in 32ms[2m (next.js: 899µs, proxy.ts: 3ms, application-code: 29ms)[22m
 GET /login [32m200[39m in 16ms[2m (next.js: 895µs, application-code: 16ms)[22m
 GET /app [32m200[39m in 22ms[2m (next.js: 1110µs, proxy.ts: 2ms, application-code: 18ms)[22m
 POST /login [34m303[39m in 55ms[2m (next.js: 940µs, application-code: 54ms)[22m
  └─ ƒ loginAction({}) in 29ms [2msrc/app/login/actions.ts[22m
 GET /app/notes/cmn0e3o2x0011zpybdzx190qe/edit [32m200[39m in 44ms[2m (next.js: 2ms, proxy.ts: 3ms, application-code: 39ms)[22m
 GET /login [32m200[39m in 16ms[2m (next.js: 922µs, application-code: 15ms)[22m
 GET /app [32m200[39m in 21ms[2m (next.js: 864µs, proxy.ts: 2ms, application-code: 18ms)[22m
 POST /login [34m303[39m in 60ms[2m (next.js: 921µs, application-code: 59ms)[22m
  └─ ƒ loginAction({}) in 35ms [2msrc/app/login/actions.ts[22m
 GET /app/notes/cmn0e3ojn0012zpybjwmnbse6/edit [32m200[39m in 52ms[2m (next.js: 2ms, proxy.ts: 3ms, application-code: 47ms)[22m
 GET /media/ui-note-images-draft-1774101290799 [33m404[39m in 7ms[2m (next.js: 4ms, application-code: 4ms)[22m
 GET /login [32m200[39m in 18ms[2m (next.js: 779µs, application-code: 17ms)[22m
 GET /app [32m200[39m in 23ms[2m (next.js: 1205µs, proxy.ts: 2ms, application-code: 19ms)[22m
 POST /login [34m303[39m in 57ms[2m (next.js: 921µs, application-code: 56ms)[22m
  └─ ƒ loginAction({}) in 30ms [2msrc/app/login/actions.ts[22m
 GET /media/ui-note-images-published-first-1774101290799 [32m200[39m in 8ms[2m (next.js: 893µs, application-code: 7ms)[22m
 GET /media/ui-note-images-draft-1774101290799 [32m200[39m in 10ms[2m (next.js: 2ms, application-code: 8ms)[22m
 GET / [32m200[39m in 21ms[2m (next.js: 861µs, application-code: 20ms)[22m
 GET /media/ui-note-images-published-first-1774101290799 [32m200[39m in 12ms[2m (next.js: 1319µs, application-code: 10ms)[22m
 GET /notes/published-note-image-card [32m200[39m in 49ms[2m (next.js: 3ms, application-code: 46ms)[22m
 GET /media/ui-note-images-published-first-1774101290799 [32m200[39m in 17ms[2m (next.js: 2ms, application-code: 15ms)[22m
 GET /media/ui-note-images-published-second-1774101290799 [32m200[39m in 17ms[2m (next.js: 7ms, application-code: 10ms)[22m
 GET /login [32m200[39m in 17ms[2m (next.js: 731µs, application-code: 16ms)[22m
 GET /app [32m200[39m in 24ms[2m (next.js: 1027µs, proxy.ts: 2ms, application-code: 20ms)[22m
 POST /login [34m303[39m in 57ms[2m (next.js: 889µs, application-code: 57ms)[22m
  └─ ƒ loginAction({}) in 29ms [2msrc/app/login/actions.ts[22m
 GET /login [32m200[39m in 16ms[2m (next.js: 822µs, application-code: 15ms)[22m
 GET /app [32m200[39m in 24ms[2m (next.js: 899µs, proxy.ts: 2ms, application-code: 21ms)[22m
 POST /login [34m303[39m in 57ms[2m (next.js: 914µs, application-code: 56ms)[22m
  └─ ƒ loginAction({}) in 29ms [2msrc/app/login/actions.ts[22m
 GET /login [32m200[39m in 18ms[2m (next.js: 931µs, application-code: 17ms)[22m
 GET /app [32m200[39m in 23ms[2m (next.js: 985µs, proxy.ts: 2ms, application-code: 20ms)[22m
 POST /login [34m303[39m in 57ms[2m (next.js: 913µs, application-code: 56ms)[22m
  └─ ƒ loginAction({}) in 29ms [2msrc/app/login/actions.ts[22m
 GET /app/links [32m200[39m in 56ms[2m (next.js: 1688µs, proxy.ts: 2ms, application-code: 52ms)[22m
 GET /login [32m200[39m in 16ms[2m (next.js: 822µs, application-code: 16ms)[22m
 GET /app [32m200[39m in 23ms[2m (next.js: 1306µs, proxy.ts: 2ms, application-code: 20ms)[22m
 POST /login [34m303[39m in 57ms[2m (next.js: 1009µs, application-code: 56ms)[22m
  └─ ƒ loginAction({}) in 30ms [2msrc/app/login/actions.ts[22m
 GET /app/links [32m200[39m in 50ms[2m (next.js: 939µs, proxy.ts: 3ms, application-code: 46ms)[22m
 GET /login [32m200[39m in 15ms[2m (next.js: 780µs, application-code: 14ms)[22m
 GET /app [32m200[39m in 22ms[2m (next.js: 885µs, proxy.ts: 3ms, application-code: 19ms)[22m
 POST /login [34m303[39m in 56ms[2m (next.js: 870µs, application-code: 55ms)[22m
  └─ ƒ loginAction({}) in 30ms [2msrc/app/login/actions.ts[22m
 GET /app/tags?tag=studio-systems [32m200[39m in 43ms[2m (next.js: 2ms, proxy.ts: 2ms, application-code: 38ms)[22m
 GET /login [32m200[39m in 17ms[2m (next.js: 1003µs, application-code: 16ms)[22m
 GET /app [32m200[39m in 28ms[2m (next.js: 1133µs, proxy.ts: 2ms, application-code: 24ms)[22m
 POST /login [34m303[39m in 62ms[2m (next.js: 904µs, application-code: 61ms)[22m
  └─ ƒ loginAction({}) in 30ms [2msrc/app/login/actions.ts[22m
 GET /app/tags?tag=studio-systems [32m200[39m in 40ms[2m (next.js: 925µs, proxy.ts: 3ms, application-code: 36ms)[22m
 GET /login [32m200[39m in 16ms[2m (next.js: 799µs, application-code: 15ms)[22m
 GET /app [32m200[39m in 23ms[2m (next.js: 886µs, proxy.ts: 2ms, application-code: 20ms)[22m
 POST /login [34m303[39m in 56ms[2m (next.js: 1038µs, application-code: 55ms)[22m
  └─ ƒ loginAction({}) in 29ms [2msrc/app/login/actions.ts[22m
 GET /app/search?q=rhythm [32m200[39m in 44ms[2m (next.js: 2ms, proxy.ts: 2ms, application-code: 39ms)[22m
 GET /login [32m200[39m in 17ms[2m (next.js: 805µs, application-code: 16ms)[22m
 GET /app [32m200[39m in 22ms[2m (next.js: 910µs, proxy.ts: 2ms, application-code: 19ms)[22m
 POST /login [34m303[39m in 55ms[2m (next.js: 882µs, application-code: 54ms)[22m
  └─ ƒ loginAction({}) in 29ms [2msrc/app/login/actions.ts[22m
 GET /app/search?q=rhythm [32m200[39m in 39ms[2m (next.js: 859µs, proxy.ts: 3ms, application-code: 35ms)[22m
 GET / [32m200[39m in 22ms[2m (next.js: 806µs, application-code: 22ms)[22m
 GET / [32m200[39m in 18ms[2m (next.js: 759µs, application-code: 17ms)[22m
 GET /notes/public-notes-should-read-like-finished-pages-not-dashboards [32m200[39m in 26ms[2m (next.js: 1787µs, application-code: 25ms)[22m
 GET /notes/public-notes-should-read-like-finished-pages-not-dashboards [32m200[39m in 20ms[2m (next.js: 1606µs, application-code: 18ms)[22m
 GET / [32m200[39m in 18ms[2m (next.js: 894µs, application-code: 17ms)[22m
 GET / [32m200[39m in 17ms[2m (next.js: 949µs, application-code: 17ms)[22m
 GET / [32m200[39m in 17ms[2m (next.js: 781µs, application-code: 16ms)[22m
 GET /login [32m200[39m in 14ms[2m (next.js: 736µs, application-code: 14ms)[22m
 GET /login [32m200[39m in 15ms[2m (next.js: 703µs, application-code: 14ms)[22m
 GET /app [32m200[39m in 21ms[2m (next.js: 874µs, proxy.ts: 3ms, application-code: 18ms)[22m
 POST /login [34m303[39m in 56ms[2m (next.js: 892µs, application-code: 55ms)[22m
  └─ ƒ loginAction({}) in 30ms [2msrc/app/login/actions.ts[22m
 GET /login [32m200[39m in 14ms[2m (next.js: 710µs, application-code: 14ms)[22m
 GET /app [32m200[39m in 21ms[2m (next.js: 673µs, proxy.ts: 2ms, application-code: 18ms)[22m
 POST /login [34m303[39m in 54ms[2m (next.js: 831µs, application-code: 53ms)[22m
  └─ ƒ loginAction({}) in 29ms [2msrc/app/login/actions.ts[22m
