
> minakeep@0.1.0 dev
> next dev --hostname 127.0.0.1 --port 3100

[1m[38;2;173;127;168m▲ Next.js 16.2.0[39m[22m (Turbopack)
- Local:         http://127.0.0.1:3100
- Network:       http://127.0.0.1:3100
- Environments: .env
[32m[1m✓[22m[39m Ready in 194ms

 GET /api/health [32m200[39m in 116ms[2m (next.js: 104ms, application-code: 12ms)[22m
 GET /login [32m200[39m in 159ms[2m (next.js: 49ms, application-code: 111ms)[22m
 GET /app [32m200[39m in 118ms[2m (next.js: 27ms, proxy.ts: 38ms, application-code: 53ms)[22m
 POST /login [34m303[39m in 223ms[2m (next.js: 1480µs, application-code: 221ms)[22m
  └─ ƒ loginAction({}) in 94ms [2msrc/app/login/actions.ts[22m
 GET / [32m200[39m in 37ms[2m (next.js: 9ms, application-code: 28ms)[22m
 GET /login?callbackUrl=http%3A%2F%2Flocalhost%3A3100%2Fapp%2Fsearch [32m200[39m in 20ms[2m (next.js: 884µs, application-code: 19ms)[22m
 GET /login?callbackUrl=http%3A%2F%2Flocalhost%3A3100%2Fapp%2Fnotes%2Fnew [32m200[39m in 23ms[2m (next.js: 841µs, application-code: 22ms)[22m
 GET /app [32m200[39m in 23ms[2m (next.js: 1053µs, proxy.ts: 3ms, application-code: 19ms)[22m
 POST /login?callbackUrl=http%3A%2F%2Flocalhost%3A3100%2Fapp%2Fnotes%2Fnew [34m303[39m in 59ms[2m (next.js: 1169µs, application-code: 58ms)[22m
  └─ ƒ loginAction({}) in 30ms [2msrc/app/login/actions.ts[22m
 GET /app/notes/new [32m200[39m in 37ms[2m (next.js: 20ms, proxy.ts: 3ms, application-code: 14ms)[22m
 GET /app/notes/cmn04qyyw0000z4ybwdh1zk4p/edit?saved=1 [32m200[39m in 235ms[2m (next.js: 211ms, proxy.ts: 3ms, application-code: 21ms)[22m
 POST /app/notes/new [34m303[39m in 276ms[2m (next.js: 1523µs, proxy.ts: 3ms, application-code: 272ms)[22m
  └─ ƒ createNoteAction({}) in 22ms [2msrc/app/app/notes/actions.ts[22m
 POST /app/notes/cmn04qyyw0000z4ybwdh1zk4p/edit?saved=1 [34m303[39m in 138ms[2m (next.js: 3ms, proxy.ts: 3ms, application-code: 132ms)[22m
  └─ ƒ updateNoteAction("cmn04qyyw0000z4ybwdh1zk4p", {}) in 9ms [2msrc/app/app/notes/actions.ts[22m
 GET /app/notes/cmn04qyyw0000z4ybwdh1zk4p/edit?saved=1 [32m200[39m in 147ms[2m (next.js: 77ms, proxy.ts: 28ms, application-code: 43ms)[22m
 GET /app [32m200[39m in 158ms[2m (next.js: 1656µs, proxy.ts: 9ms, application-code: 148ms)[22m
 GET /app/notes/cmn04qyyw0000z4ybwdh1zk4p/edit [32m200[39m in 23ms[2m (next.js: 2ms, proxy.ts: 4ms, application-code: 17ms)[22m
 GET /login [32m200[39m in 20ms[2m (next.js: 1858µs, application-code: 18ms)[22m
 GET /app [32m200[39m in 28ms[2m (next.js: 1137µs, proxy.ts: 2ms, application-code: 25ms)[22m
 POST /login [34m303[39m in 62ms[2m (next.js: 935µs, application-code: 61ms)[22m
  └─ ƒ loginAction({}) in 30ms [2msrc/app/login/actions.ts[22m
 GET /app/notes/new [32m200[39m in 17ms[2m (next.js: 1025µs, proxy.ts: 3ms, application-code: 12ms)[22m
 GET /app/notes/cmn04qzw20001z4yb0e0se6wd/edit?saved=1 [32m200[39m in 23ms[2m (next.js: 2ms, proxy.ts: 2ms, application-code: 18ms)[22m
 POST /app/notes/new [34m303[39m in 38ms[2m (next.js: 1838µs, proxy.ts: 3ms, application-code: 33ms)[22m
  └─ ƒ createNoteAction({}) in 7ms [2msrc/app/app/notes/actions.ts[22m
 POST /api/test/mina/chat/completions [32m200[39m in 1513ms[2m (next.js: 13ms, application-code: 1500ms)[22m
 GET /app/notes/cmn04qzw20001z4yb0e0se6wd/edit?saved=1 [32m200[39m in 44ms[2m (next.js: 6ms, proxy.ts: 11ms, application-code: 26ms)[22m
 GET /app/notes/cmn04qzw20001z4yb0e0se6wd/edit?retried=1 [32m200[39m in 26ms[2m (next.js: 1800µs, proxy.ts: 3ms, application-code: 21ms)[22m
 POST /app/notes/cmn04qzw20001z4yb0e0se6wd/edit?saved=1 [34m303[39m in 50ms[2m (next.js: 6ms, proxy.ts: 7ms, application-code: 37ms)[22m
  └─ ƒ retryNoteEnrichmentAction("cmn04qzw20001z4yb0e0se6wd") in 6ms [2msrc/app/app/notes/actions.ts[22m
 POST /api/test/mina/chat/completions [32m200[39m in 1508ms[2m (next.js: 643µs, application-code: 1508ms)[22m
 GET /app/notes/cmn04qzw20001z4yb0e0se6wd/edit?retried=1 [32m200[39m in 50ms[2m (next.js: 7ms, proxy.ts: 9ms, application-code: 35ms)[22m
 GET /login [32m200[39m in 17ms[2m (next.js: 812µs, application-code: 17ms)[22m
 GET /app [32m200[39m in 23ms[2m (next.js: 1065µs, proxy.ts: 3ms, application-code: 20ms)[22m
 POST /login [34m303[39m in 57ms[2m (next.js: 889µs, application-code: 57ms)[22m
  └─ ƒ loginAction({}) in 30ms [2msrc/app/login/actions.ts[22m
 GET /app/notes/new [32m200[39m in 15ms[2m (next.js: 829µs, proxy.ts: 3ms, application-code: 12ms)[22m
 GET /app/notes/cmn04r4wp0002z4ybqx3hpt0x/edit?saved=1 [32m200[39m in 23ms[2m (next.js: 2ms, proxy.ts: 2ms, application-code: 18ms)[22m
 POST /app/notes/new [34m303[39m in 37ms[2m (next.js: 976µs, proxy.ts: 4ms, application-code: 32ms)[22m
  └─ ƒ createNoteAction({}) in 6ms [2msrc/app/app/notes/actions.ts[22m
 GET /app/notes/cmn04r4wp0002z4ybqx3hpt0x/edit?published=1 [32m200[39m in 21ms[2m (next.js: 1236µs, proxy.ts: 2ms, application-code: 17ms)[22m
 POST /app/notes/cmn04r4wp0002z4ybqx3hpt0x/edit?saved=1 [34m303[39m in 35ms[2m (next.js: 3ms, proxy.ts: 3ms, application-code: 29ms)[22m
  └─ ƒ publishNoteAction("cmn04r4wp0002z4ybqx3hpt0x") in 5ms [2msrc/app/app/notes/actions.ts[22m
 GET / [32m200[39m in 17ms[2m (next.js: 925µs, application-code: 16ms)[22m
 GET /notes/public-note-1774085587926 [32m200[39m in 201ms[2m (next.js: 186ms, application-code: 16ms)[22m
 GET /app [32m200[39m in 53ms[2m (next.js: 904µs, proxy.ts: 3ms, application-code: 50ms)[22m
 GET /app/notes/cmn04r4wp0002z4ybqx3hpt0x/edit [32m200[39m in 22ms[2m (next.js: 3ms, proxy.ts: 3ms, application-code: 15ms)[22m
 GET /app/notes/cmn04r4wp0002z4ybqx3hpt0x/edit?unpublished=1 [32m200[39m in 21ms[2m (next.js: 1301µs, proxy.ts: 2ms, application-code: 18ms)[22m
 POST /app/notes/cmn04r4wp0002z4ybqx3hpt0x/edit [34m303[39m in 35ms[2m (next.js: 2ms, proxy.ts: 3ms, application-code: 30ms)[22m
  └─ ƒ unpublishNoteAction("cmn04r4wp0002z4ybqx3hpt0x") in 5ms [2msrc/app/app/notes/actions.ts[22m
 GET / [32m200[39m in 16ms[2m (next.js: 926µs, application-code: 15ms)[22m
 GET /notes/public-note-1774085587926 [33m404[39m in 25ms[2m (next.js: 1885µs, application-code: 23ms)[22m
 GET /login [32m200[39m in 18ms[2m (next.js: 792µs, application-code: 17ms)[22m
 GET /app [32m200[39m in 23ms[2m (next.js: 893µs, proxy.ts: 2ms, application-code: 20ms)[22m
 POST /login [34m303[39m in 58ms[2m (next.js: 896µs, application-code: 57ms)[22m
  └─ ƒ loginAction({}) in 30ms [2msrc/app/login/actions.ts[22m
 GET /app/links [32m200[39m in 36ms[2m (next.js: 18ms, proxy.ts: 3ms, application-code: 15ms)[22m
 GET /app/links?saved=1 [32m200[39m in 23ms[2m (next.js: 797µs, proxy.ts: 2ms, application-code: 20ms)[22m
 POST /app/links [34m303[39m in 39ms[2m (next.js: 1411µs, proxy.ts: 4ms, application-code: 34ms)[22m
  └─ ƒ createLinkAction({}) in 8ms [2msrc/app/app/links/actions.ts[22m
 POST /api/test/mina/chat/completions [32m200[39m in 3ms[2m (next.js: 658µs, application-code: 1900µs)[22m
 GET /app/links?saved=1 [32m200[39m in 48ms[2m (next.js: 1925µs, proxy.ts: 16ms, application-code: 29ms)[22m
 GET / [32m200[39m in 33ms[2m (next.js: 4ms, application-code: 29ms)[22m
 GET /login [32m200[39m in 16ms[2m (next.js: 805µs, application-code: 15ms)[22m
 GET /app [32m200[39m in 28ms[2m (next.js: 1013µs, proxy.ts: 3ms, application-code: 25ms)[22m
 POST /login [34m303[39m in 63ms[2m (next.js: 929µs, application-code: 62ms)[22m
  └─ ƒ loginAction({}) in 29ms [2msrc/app/login/actions.ts[22m
 GET /app/links [32m200[39m in 21ms[2m (next.js: 876µs, proxy.ts: 3ms, application-code: 17ms)[22m
 GET /app/links?saved=1 [32m200[39m in 23ms[2m (next.js: 874µs, proxy.ts: 3ms, application-code: 19ms)[22m
 POST /app/links [34m303[39m in 37ms[2m (next.js: 1009µs, proxy.ts: 3ms, application-code: 33ms)[22m
  └─ ƒ createLinkAction({}) in 6ms [2msrc/app/app/links/actions.ts[22m
 POST /api/test/mina/chat/completions [32m200[39m in 1998µs[2m (next.js: 605µs, application-code: 1393µs)[22m
 GET /app/links?saved=1 [32m200[39m in 42ms[2m (next.js: 3ms, proxy.ts: 9ms, application-code: 31ms)[22m
 GET /app/links?published=1 [32m200[39m in 28ms[2m (next.js: 1045µs, proxy.ts: 3ms, application-code: 24ms)[22m
 POST /app/links?saved=1 [34m303[39m in 49ms[2m (next.js: 1685µs, proxy.ts: 7ms, application-code: 40ms)[22m
  └─ ƒ publishLinkAction("cmn04r8uh0004z4yboqnfi12f") in 8ms [2msrc/app/app/links/actions.ts[22m
 GET / [32m200[39m in 17ms[2m (next.js: 874µs, application-code: 17ms)[22m
 GET /app/links [32m200[39m in 58ms[2m (next.js: 1073µs, proxy.ts: 2ms, application-code: 55ms)[22m
 GET /app/links?unpublished=1 [32m200[39m in 22ms[2m (next.js: 773µs, proxy.ts: 2ms, application-code: 19ms)[22m
 POST /app/links [34m303[39m in 35ms[2m (next.js: 899µs, proxy.ts: 3ms, application-code: 31ms)[22m
  └─ ƒ unpublishLinkAction("cmn04r8uh0004z4yboqnfi12f") in 5ms [2msrc/app/app/links/actions.ts[22m
 GET / [32m200[39m in 18ms[2m (next.js: 906µs, application-code: 18ms)[22m
 GET /login [32m200[39m in 17ms[2m (next.js: 757µs, application-code: 16ms)[22m
 GET /app [32m200[39m in 24ms[2m (next.js: 908µs, proxy.ts: 3ms, application-code: 20ms)[22m
 POST /login [34m303[39m in 57ms[2m (next.js: 1007µs, application-code: 56ms)[22m
  └─ ƒ loginAction({}) in 29ms [2msrc/app/login/actions.ts[22m
 GET /app/links [32m200[39m in 21ms[2m (next.js: 899µs, proxy.ts: 3ms, application-code: 17ms)[22m
 GET /app/links?saved=1 [32m200[39m in 24ms[2m (next.js: 758µs, proxy.ts: 2ms, application-code: 21ms)[22m
 POST /app/links [34m303[39m in 37ms[2m (next.js: 933µs, proxy.ts: 3ms, application-code: 33ms)[22m
  └─ ƒ createLinkAction({}) in 6ms [2msrc/app/app/links/actions.ts[22m
 POST /api/test/mina/chat/completions [32m200[39m in 1512ms[2m (next.js: 811µs, application-code: 1512ms)[22m
 GET /app/links?saved=1 [32m200[39m in 45ms[2m (next.js: 3ms, proxy.ts: 8ms, application-code: 34ms)[22m
 GET /app/links?retried=1 [32m200[39m in 33ms[2m (next.js: 1145µs, proxy.ts: 3ms, application-code: 29ms)[22m
 POST /app/links?saved=1 [34m303[39m in 52ms[2m (next.js: 1944µs, proxy.ts: 6ms, application-code: 44ms)[22m
  └─ ƒ retryLinkEnrichmentAction("cmn04rbxc0005z4ybicrxldep") in 7ms [2msrc/app/app/links/actions.ts[22m
 POST /api/test/mina/chat/completions [32m200[39m in 1509ms[2m (next.js: 587µs, application-code: 1509ms)[22m
 GET /app/links?retried=1 [32m200[39m in 46ms[2m (next.js: 3ms, proxy.ts: 9ms, application-code: 34ms)[22m
 GET /login [32m200[39m in 17ms[2m (next.js: 1043µs, application-code: 16ms)[22m
 GET /app [32m200[39m in 24ms[2m (next.js: 916µs, proxy.ts: 2ms, application-code: 21ms)[22m
 POST /login [34m303[39m in 58ms[2m (next.js: 919µs, application-code: 58ms)[22m
  └─ ƒ loginAction({}) in 30ms [2msrc/app/login/actions.ts[22m
 GET /app/links [32m200[39m in 23ms[2m (next.js: 1398µs, proxy.ts: 3ms, application-code: 19ms)[22m
 GET /app/links?error=invalid-url [32m200[39m in 35ms[2m (next.js: 821µs, proxy.ts: 2ms, application-code: 32ms)[22m
 POST /app/links [34m303[39m in 47ms[2m (next.js: 1003µs, proxy.ts: 3ms, application-code: 43ms)[22m
  └─ ƒ createLinkAction({}) in 3ms [2msrc/app/app/links/actions.ts[22m
 GET /login [32m200[39m in 15ms[2m (next.js: 874µs, application-code: 14ms)[22m
 GET /app [32m200[39m in 24ms[2m (next.js: 935µs, proxy.ts: 3ms, application-code: 20ms)[22m
 POST /login [34m303[39m in 58ms[2m (next.js: 901µs, application-code: 57ms)[22m
  └─ ƒ loginAction({}) in 30ms [2msrc/app/login/actions.ts[22m
 GET /app/notes/new [32m200[39m in 16ms[2m (next.js: 939µs, proxy.ts: 3ms, application-code: 12ms)[22m
 GET /app/notes/cmn04rhdz0006z4ybsvy7fdvg/edit?saved=1 [32m200[39m in 22ms[2m (next.js: 2ms, proxy.ts: 2ms, application-code: 18ms)[22m
 POST /app/notes/new [34m303[39m in 39ms[2m (next.js: 3ms, proxy.ts: 4ms, application-code: 32ms)[22m
  └─ ƒ createNoteAction({}) in 6ms [2msrc/app/app/notes/actions.ts[22m
 GET /app/links [32m200[39m in 43ms[2m (next.js: 971µs, proxy.ts: 2ms, application-code: 40ms)[22m
 GET /app/links?saved=1 [32m200[39m in 27ms[2m (next.js: 906µs, proxy.ts: 2ms, application-code: 24ms)[22m
 POST /app/links [34m303[39m in 46ms[2m (next.js: 7ms, proxy.ts: 3ms, application-code: 36ms)[22m
  └─ ƒ createLinkAction({}) in 6ms [2msrc/app/app/links/actions.ts[22m
 POST /api/test/mina/chat/completions [32m200[39m in 2ms[2m (next.js: 741µs, application-code: 1511µs)[22m
 GET /app/links?saved=1 [32m200[39m in 49ms[2m (next.js: 4ms, proxy.ts: 8ms, application-code: 37ms)[22m
 GET /app/tags?tag=ai-owned [32m200[39m in 139ms[2m (next.js: 27ms, proxy.ts: 8ms, application-code: 104ms)[22m
 GET /app/tags [32m200[39m in 67ms[2m (next.js: 857µs, proxy.ts: 3ms, application-code: 63ms)[22m
 GET /app/search?q=Filtered%20note%201774085604091 [32m200[39m in 82ms[2m (next.js: 17ms, proxy.ts: 3ms, application-code: 62ms)[22m
 GET /app/search?q=url-needle-1774085604091 [32m200[39m in 46ms[2m (next.js: 835µs, proxy.ts: 3ms, application-code: 42ms)[22m
 GET /app/search?q=ai-owned [32m200[39m in 40ms[2m (next.js: 977µs, proxy.ts: 3ms, application-code: 36ms)[22m
 GET /login [32m200[39m in 17ms[2m (next.js: 827µs, application-code: 16ms)[22m
 GET /app [32m200[39m in 24ms[2m (next.js: 1029µs, proxy.ts: 2ms, application-code: 21ms)[22m
 POST /login [34m303[39m in 60ms[2m (next.js: 978µs, application-code: 59ms)[22m
  └─ ƒ loginAction({}) in 30ms [2msrc/app/login/actions.ts[22m
 GET /app/links [32m200[39m in 24ms[2m (next.js: 910µs, proxy.ts: 3ms, application-code: 20ms)[22m
 GET /app/links?saved=1 [32m200[39m in 33ms[2m (next.js: 841µs, proxy.ts: 2ms, application-code: 30ms)[22m
 POST /app/links [34m303[39m in 46ms[2m (next.js: 891µs, proxy.ts: 3ms, application-code: 42ms)[22m
  └─ ƒ createLinkAction({}) in 6ms [2msrc/app/app/links/actions.ts[22m
 GET /app/links?saved=1 [32m200[39m in 30ms[2m (next.js: 1344µs, proxy.ts: 4ms, application-code: 26ms)[22m
 GET /app/search?q=ai [32m200[39m in 55ms[2m (next.js: 2ms, proxy.ts: 6ms, application-code: 47ms)[22m
 GET /app/tags?tag=ai [32m200[39m in 57ms[2m (next.js: 807µs, proxy.ts: 3ms, application-code: 54ms)[22m
 GET /login [32m200[39m in 15ms[2m (next.js: 820µs, application-code: 14ms)[22m
 GET /app [32m200[39m in 25ms[2m (next.js: 1051µs, proxy.ts: 3ms, application-code: 21ms)[22m
 POST /login [34m303[39m in 60ms[2m (next.js: 876µs, application-code: 59ms)[22m
  └─ ƒ loginAction({}) in 30ms [2msrc/app/login/actions.ts[22m
 GET /app/notes/new [32m200[39m in 16ms[2m (next.js: 842µs, proxy.ts: 3ms, application-code: 12ms)[22m
 GET /app/notes/cmn04rni40009z4yb553slcci/edit?saved=1 [32m200[39m in 23ms[2m (next.js: 2ms, proxy.ts: 2ms, application-code: 18ms)[22m
 POST /app/notes/new [34m303[39m in 36ms[2m (next.js: 920µs, proxy.ts: 4ms, application-code: 31ms)[22m
  └─ ƒ createNoteAction({}) in 6ms [2msrc/app/app/notes/actions.ts[22m
 GET /app/notes/cmn04rni40009z4yb553slcci/edit?saved=1 [32m200[39m in 43ms[2m (next.js: 6ms, proxy.ts: 7ms, application-code: 29ms)[22m
 GET /app [32m200[39m in 63ms[2m (next.js: 1937µs, proxy.ts: 6ms, application-code: 55ms)[22m
 GET / [32m200[39m in 16ms[2m (next.js: 790µs, application-code: 16ms)[22m
 GET /login [32m200[39m in 18ms[2m (next.js: 881µs, application-code: 17ms)[22m
 GET /login [32m200[39m in 14ms[2m (next.js: 736µs, application-code: 14ms)[22m
 GET /login [32m200[39m in 16ms[2m (next.js: 805µs, application-code: 15ms)[22m
 GET /app [32m200[39m in 22ms[2m (next.js: 1052µs, proxy.ts: 3ms, application-code: 18ms)[22m
 POST /login [34m303[39m in 56ms[2m (next.js: 956µs, application-code: 55ms)[22m
  └─ ƒ loginAction({}) in 29ms [2msrc/app/login/actions.ts[22m
 GET /app/notes/cmn04rqkc0008z6ybxhemlorw/edit [32m200[39m in 47ms[2m (next.js: 2ms, proxy.ts: 2ms, application-code: 43ms)[22m
 GET /login [32m200[39m in 15ms[2m (next.js: 756µs, application-code: 14ms)[22m
 GET /app [32m200[39m in 21ms[2m (next.js: 882µs, proxy.ts: 2ms, application-code: 18ms)[22m
 POST /login [34m303[39m in 53ms[2m (next.js: 913µs, application-code: 52ms)[22m
  └─ ƒ loginAction({}) in 28ms [2msrc/app/login/actions.ts[22m
 GET /app/notes/cmn04rr2u0009z6yb442nhwby/edit [32m200[39m in 39ms[2m (next.js: 2ms, proxy.ts: 3ms, application-code: 34ms)[22m
 GET / [32m200[39m in 17ms[2m (next.js: 708µs, application-code: 16ms)[22m
 GET / [32m200[39m in 17ms[2m (next.js: 848µs, application-code: 16ms)[22m
 GET / [32m200[39m in 16ms[2m (next.js: 747µs, application-code: 15ms)[22m
 GET / [32m200[39m in 16ms[2m (next.js: 858µs, application-code: 15ms)[22m
 GET /login [32m200[39m in 21ms[2m (next.js: 816µs, application-code: 20ms)[22m
 GET /app [32m200[39m in 21ms[2m (next.js: 857µs, proxy.ts: 3ms, application-code: 17ms)[22m
 POST /login [34m303[39m in 54ms[2m (next.js: 1054µs, application-code: 53ms)[22m
  └─ ƒ loginAction({}) in 29ms [2msrc/app/login/actions.ts[22m
 GET /app/notes/new [32m200[39m in 24ms[2m (next.js: 880µs, proxy.ts: 2ms, application-code: 21ms)[22m
 GET /app/notes/cmn04rsz8000az4yb8t1gyrxk/edit?saved=1 [32m200[39m in 22ms[2m (next.js: 2ms, proxy.ts: 2ms, application-code: 18ms)[22m
 POST /app/notes/new [34m303[39m in 35ms[2m (next.js: 908µs, proxy.ts: 3ms, application-code: 32ms)[22m
  └─ ƒ createNoteAction({}) in 6ms [2msrc/app/app/notes/actions.ts[22m
 GET /login [32m200[39m in 18ms[2m (next.js: 782µs, application-code: 17ms)[22m
 GET /app [32m200[39m in 22ms[2m (next.js: 1696µs, proxy.ts: 3ms, application-code: 18ms)[22m
 POST /login [34m303[39m in 62ms[2m (next.js: 877µs, application-code: 61ms)[22m
  └─ ƒ loginAction({}) in 30ms [2msrc/app/login/actions.ts[22m
 GET /app/notes/cmn04rt25000tz6ybbonzgf6y/edit [32m200[39m in 39ms[2m (next.js: 2ms, proxy.ts: 3ms, application-code: 34ms)[22m
 GET /login [32m200[39m in 15ms[2m (next.js: 766µs, application-code: 14ms)[22m
 GET /app [32m200[39m in 21ms[2m (next.js: 869µs, proxy.ts: 2ms, application-code: 18ms)[22m
 POST /login [34m303[39m in 56ms[2m (next.js: 914µs, application-code: 55ms)[22m
  └─ ƒ loginAction({}) in 31ms [2msrc/app/login/actions.ts[22m
 GET /app/notes/cmn04rtjy000uz6yby4ntq3uz/edit [32m200[39m in 34ms[2m (next.js: 2ms, proxy.ts: 3ms, application-code: 29ms)[22m
 GET /login [32m200[39m in 14ms[2m (next.js: 733µs, application-code: 13ms)[22m
 GET /app [32m200[39m in 21ms[2m (next.js: 926µs, proxy.ts: 3ms, application-code: 17ms)[22m
 POST /login [34m303[39m in 55ms[2m (next.js: 839µs, application-code: 54ms)[22m
  └─ ƒ loginAction({}) in 30ms [2msrc/app/login/actions.ts[22m
 GET /app/notes/cmn04rtz5000vz6ybtjjz8zm0/edit [32m200[39m in 36ms[2m (next.js: 2ms, proxy.ts: 3ms, application-code: 31ms)[22m
 GET /app/notes/cmn04rtz5000vz6ybtjjz8zm0/edit?saved=1 [32m200[39m in 22ms[2m (next.js: 1282µs, proxy.ts: 2ms, application-code: 19ms)[22m
 POST /app/notes/cmn04rtz5000vz6ybtjjz8zm0/edit [34m303[39m in 37ms[2m (next.js: 2ms, proxy.ts: 3ms, application-code: 33ms)[22m
  └─ ƒ updateNoteAction("cmn04rtz5000vz6ybtjjz8zm0", {}) in 6ms [2msrc/app/app/notes/actions.ts[22m
 GET /login [32m200[39m in 15ms[2m (next.js: 825µs, application-code: 14ms)[22m
 GET /app [32m200[39m in 22ms[2m (next.js: 968µs, proxy.ts: 3ms, application-code: 18ms)[22m
 POST /login [34m303[39m in 55ms[2m (next.js: 940µs, application-code: 54ms)[22m
  └─ ƒ loginAction({}) in 30ms [2msrc/app/login/actions.ts[22m
 GET /app/notes/cmn04rurr000wz6ybx5wuj4wa/edit [32m200[39m in 38ms[2m (next.js: 2ms, proxy.ts: 3ms, application-code: 33ms)[22m
 GET /login [32m200[39m in 15ms[2m (next.js: 814µs, application-code: 14ms)[22m
 GET /app [32m200[39m in 21ms[2m (next.js: 775µs, proxy.ts: 2ms, application-code: 18ms)[22m
 POST /login [34m303[39m in 55ms[2m (next.js: 925µs, application-code: 54ms)[22m
  └─ ƒ loginAction({}) in 30ms [2msrc/app/login/actions.ts[22m
 GET /app/notes/cmn04rv99000xz6yb1ilpo7fp/edit [32m200[39m in 39ms[2m (next.js: 2ms, proxy.ts: 3ms, application-code: 34ms)[22m
 GET /app/notes/cmn04rv99000xz6yb1ilpo7fp/edit?saved=1 [32m200[39m in 23ms[2m (next.js: 1361µs, proxy.ts: 3ms, application-code: 19ms)[22m
 POST /app/notes/cmn04rv99000xz6yb1ilpo7fp/edit [34m303[39m in 38ms[2m (next.js: 3ms, proxy.ts: 4ms, application-code: 31ms)[22m
  └─ ƒ updateNoteAction("cmn04rv99000xz6yb1ilpo7fp", {}) in 6ms [2msrc/app/app/notes/actions.ts[22m
 GET /app/notes/cmn04rv99000xz6yb1ilpo7fp/edit?saved=1 [32m200[39m in 42ms[2m (next.js: 1439µs, proxy.ts: 3ms, application-code: 38ms)[22m
 GET /login [32m200[39m in 15ms[2m (next.js: 894µs, application-code: 15ms)[22m
 GET /app [32m200[39m in 22ms[2m (next.js: 1185µs, proxy.ts: 2ms, application-code: 18ms)[22m
 POST /login [34m303[39m in 55ms[2m (next.js: 940µs, application-code: 54ms)[22m
  └─ ƒ loginAction({}) in 30ms [2msrc/app/login/actions.ts[22m
 GET /app/notes/cmn04rw3j000yz6ybqcrv3bku/edit [32m200[39m in 40ms[2m (next.js: 2ms, proxy.ts: 2ms, application-code: 35ms)[22m
 GET /login [32m200[39m in 20ms[2m (next.js: 772µs, application-code: 19ms)[22m
 GET /app [32m200[39m in 22ms[2m (next.js: 1123µs, proxy.ts: 2ms, application-code: 19ms)[22m
 POST /login [34m303[39m in 57ms[2m (next.js: 972µs, application-code: 56ms)[22m
  └─ ƒ loginAction({}) in 30ms [2msrc/app/login/actions.ts[22m
 GET /app/notes/cmn04rwl4000zz6ybisip35vh/edit [32m200[39m in 41ms[2m (next.js: 2ms, proxy.ts: 3ms, application-code: 36ms)[22m
 GET /app/notes/cmn04rwl4000zz6ybisip35vh/edit?saved=1 [32m200[39m in 24ms[2m (next.js: 1240µs, proxy.ts: 2ms, application-code: 20ms)[22m
 POST /app/notes/cmn04rwl4000zz6ybisip35vh/edit [34m303[39m in 40ms[2m (next.js: 2ms, proxy.ts: 3ms, application-code: 34ms)[22m
  └─ ƒ updateNoteAction("cmn04rwl4000zz6ybisip35vh", {}) in 6ms [2msrc/app/app/notes/actions.ts[22m
 GET /login [32m200[39m in 15ms[2m (next.js: 766µs, application-code: 15ms)[22m
 GET /app [32m200[39m in 23ms[2m (next.js: 1157µs, proxy.ts: 2ms, application-code: 19ms)[22m
 POST /login [34m303[39m in 57ms[2m (next.js: 969µs, application-code: 56ms)[22m
  └─ ƒ loginAction({}) in 31ms [2msrc/app/login/actions.ts[22m
 GET /app/notes/new [32m200[39m in 26ms[2m (next.js: 876µs, proxy.ts: 3ms, application-code: 23ms)[22m
 GET /login [32m200[39m in 16ms[2m (next.js: 878µs, application-code: 15ms)[22m
 GET /app [32m200[39m in 24ms[2m (next.js: 892µs, proxy.ts: 2ms, application-code: 21ms)[22m
 POST /login [34m303[39m in 57ms[2m (next.js: 926µs, application-code: 56ms)[22m
  └─ ƒ loginAction({}) in 29ms [2msrc/app/login/actions.ts[22m
 GET /app/notes/cmn04rxx40011z6ybrpkw4m2x/edit [32m200[39m in 44ms[2m (next.js: 2ms, proxy.ts: 3ms, application-code: 39ms)[22m
 GET /login [32m200[39m in 16ms[2m (next.js: 774µs, application-code: 15ms)[22m
 GET /app [32m200[39m in 22ms[2m (next.js: 831µs, proxy.ts: 2ms, application-code: 19ms)[22m
 POST /login [34m303[39m in 56ms[2m (next.js: 876µs, application-code: 56ms)[22m
  └─ ƒ loginAction({}) in 30ms [2msrc/app/login/actions.ts[22m
 GET /app/notes/cmn04rye70012z6ybuwa4oqgt/edit [32m200[39m in 40ms[2m (next.js: 2ms, proxy.ts: 3ms, application-code: 36ms)[22m
 GET /login [32m200[39m in 15ms[2m (next.js: 769µs, application-code: 15ms)[22m
 GET /app [32m200[39m in 24ms[2m (next.js: 1042µs, proxy.ts: 2ms, application-code: 20ms)[22m
 POST /login [34m303[39m in 58ms[2m (next.js: 883µs, application-code: 57ms)[22m
  └─ ƒ loginAction({}) in 30ms [2msrc/app/login/actions.ts[22m
 GET /login [32m200[39m in 16ms[2m (next.js: 740µs, application-code: 15ms)[22m
 GET /app [32m200[39m in 25ms[2m (next.js: 881µs, proxy.ts: 2ms, application-code: 22ms)[22m
 POST /login [34m303[39m in 59ms[2m (next.js: 890µs, application-code: 58ms)[22m
  └─ ƒ loginAction({}) in 30ms [2msrc/app/login/actions.ts[22m
 GET /login [32m200[39m in 16ms[2m (next.js: 777µs, application-code: 15ms)[22m
 GET /app [32m200[39m in 28ms[2m (next.js: 968µs, proxy.ts: 2ms, application-code: 24ms)[22m
 POST /login [34m303[39m in 63ms[2m (next.js: 963µs, application-code: 62ms)[22m
  └─ ƒ loginAction({}) in 31ms [2msrc/app/login/actions.ts[22m
 GET /app/links [32m200[39m in 44ms[2m (next.js: 2ms, proxy.ts: 2ms, application-code: 39ms)[22m
 GET /login [32m200[39m in 16ms[2m (next.js: 765µs, application-code: 15ms)[22m
 GET /app [32m200[39m in 22ms[2m (next.js: 1076µs, proxy.ts: 3ms, application-code: 19ms)[22m
 POST /login [34m303[39m in 56ms[2m (next.js: 984µs, application-code: 55ms)[22m
  └─ ƒ loginAction({}) in 30ms [2msrc/app/login/actions.ts[22m
 GET /app/links [32m200[39m in 48ms[2m (next.js: 873µs, proxy.ts: 3ms, application-code: 44ms)[22m
 GET /login [32m200[39m in 15ms[2m (next.js: 776µs, application-code: 14ms)[22m
 GET /app [32m200[39m in 22ms[2m (next.js: 1231µs, proxy.ts: 2ms, application-code: 19ms)[22m
 POST /login [34m303[39m in 56ms[2m (next.js: 882µs, application-code: 56ms)[22m
  └─ ƒ loginAction({}) in 30ms [2msrc/app/login/actions.ts[22m
 GET /app/tags?tag=studio-systems [32m200[39m in 42ms[2m (next.js: 2ms, proxy.ts: 3ms, application-code: 37ms)[22m
 GET /login [32m200[39m in 16ms[2m (next.js: 789µs, application-code: 15ms)[22m
 GET /app [32m200[39m in 23ms[2m (next.js: 1036µs, proxy.ts: 3ms, application-code: 19ms)[22m
 POST /login [34m303[39m in 57ms[2m (next.js: 845µs, application-code: 57ms)[22m
  └─ ƒ loginAction({}) in 30ms [2msrc/app/login/actions.ts[22m
 GET /app/tags?tag=studio-systems [32m200[39m in 38ms[2m (next.js: 994µs, proxy.ts: 3ms, application-code: 35ms)[22m
 GET /login [32m200[39m in 17ms[2m (next.js: 773µs, application-code: 16ms)[22m
 GET /app [32m200[39m in 22ms[2m (next.js: 986µs, proxy.ts: 2ms, application-code: 19ms)[22m
 POST /login [34m303[39m in 57ms[2m (next.js: 933µs, application-code: 56ms)[22m
  └─ ƒ loginAction({}) in 31ms [2msrc/app/login/actions.ts[22m
 GET /app/search?q=rhythm [32m200[39m in 45ms[2m (next.js: 1264µs, proxy.ts: 3ms, application-code: 41ms)[22m
 GET /login [32m200[39m in 16ms[2m (next.js: 776µs, application-code: 16ms)[22m
 GET /app [32m200[39m in 23ms[2m (next.js: 1054µs, proxy.ts: 3ms, application-code: 19ms)[22m
 POST /login [34m303[39m in 58ms[2m (next.js: 863µs, application-code: 57ms)[22m
  └─ ƒ loginAction({}) in 31ms [2msrc/app/login/actions.ts[22m
 GET /app/search?q=rhythm [32m200[39m in 38ms[2m (next.js: 1074µs, proxy.ts: 3ms, application-code: 34ms)[22m
 GET / [32m200[39m in 22ms[2m (next.js: 805µs, application-code: 21ms)[22m
 GET / [32m200[39m in 17ms[2m (next.js: 737µs, application-code: 16ms)[22m
 GET /notes/public-notes-should-read-like-finished-pages-not-dashboards [32m200[39m in 37ms[2m (next.js: 3ms, application-code: 34ms)[22m
 GET /notes/public-notes-should-read-like-finished-pages-not-dashboards [32m200[39m in 20ms[2m (next.js: 1725µs, application-code: 18ms)[22m
 GET / [32m200[39m in 19ms[2m (next.js: 795µs, application-code: 19ms)[22m
 GET / [32m200[39m in 22ms[2m (next.js: 798µs, application-code: 21ms)[22m
 GET / [32m200[39m in 16ms[2m (next.js: 828µs, application-code: 15ms)[22m
 GET /login [32m200[39m in 16ms[2m (next.js: 747µs, application-code: 15ms)[22m
 GET /login [32m200[39m in 16ms[2m (next.js: 852µs, application-code: 15ms)[22m
 GET /app [32m200[39m in 22ms[2m (next.js: 866µs, proxy.ts: 2ms, application-code: 18ms)[22m
 POST /login [34m303[39m in 55ms[2m (next.js: 897µs, application-code: 54ms)[22m
  └─ ƒ loginAction({}) in 30ms [2msrc/app/login/actions.ts[22m
 GET /login [32m200[39m in 24ms[2m (next.js: 843µs, application-code: 23ms)[22m
 GET /app [32m200[39m in 22ms[2m (next.js: 891µs, proxy.ts: 3ms, application-code: 19ms)[22m
 POST /login [34m303[39m in 55ms[2m (next.js: 895µs, application-code: 55ms)[22m
  └─ ƒ loginAction({}) in 29ms [2msrc/app/login/actions.ts[22m
