
> minakeep@0.1.0 dev
> next dev --hostname 127.0.0.1 --port 3100

[1m[38;2;173;127;168m▲ Next.js 16.2.0[39m[22m (Turbopack)
- Local:         http://127.0.0.1:3100
- Network:       http://127.0.0.1:3100
- Environments: .env
[32m[1m✓[22m[39m Ready in 193ms

 GET /api/health [32m200[39m in 107ms[2m (next.js: 97ms, application-code: 10ms)[22m
 GET /login [32m200[39m in 159ms[2m (next.js: 49ms, application-code: 110ms)[22m
 GET /app [32m200[39m in 111ms[2m (next.js: 24ms, proxy.ts: 36ms, application-code: 51ms)[22m
 POST /login [34m303[39m in 221ms[2m (next.js: 1249µs, application-code: 220ms)[22m
  └─ ƒ loginAction({}) in 97ms [2msrc/app/login/actions.ts[22m
 GET / [32m200[39m in 60ms[2m (next.js: 10ms, application-code: 50ms)[22m
 GET /login?callbackUrl=http%3A%2F%2Flocalhost%3A3100%2Fapp%2Fsearch [32m200[39m in 22ms[2m (next.js: 903µs, application-code: 21ms)[22m
 GET /login?callbackUrl=http%3A%2F%2Flocalhost%3A3100%2Fapp%2Fnotes%2Fnew [32m200[39m in 18ms[2m (next.js: 906µs, application-code: 17ms)[22m
 GET /app [32m200[39m in 24ms[2m (next.js: 1084µs, proxy.ts: 3ms, application-code: 20ms)[22m
 POST /login?callbackUrl=http%3A%2F%2Flocalhost%3A3100%2Fapp%2Fnotes%2Fnew [34m303[39m in 59ms[2m (next.js: 1050µs, application-code: 58ms)[22m
  └─ ƒ loginAction({}) in 30ms [2msrc/app/login/actions.ts[22m
 GET /app/notes/new [32m200[39m in 55ms[2m (next.js: 20ms, proxy.ts: 3ms, application-code: 32ms)[22m
 GET /app/notes/cmmzwx1910000t8ybybfb5ekq/edit?saved=1 [32m200[39m in 245ms[2m (next.js: 222ms, proxy.ts: 3ms, application-code: 20ms)[22m
 POST /app/notes/new [34m303[39m in 273ms[2m (next.js: 978µs, proxy.ts: 3ms, application-code: 269ms)[22m
  └─ ƒ createNoteAction({}) in 20ms [2msrc/app/app/notes/actions.ts[22m
 POST /app/notes/cmmzwx1910000t8ybybfb5ekq/edit?saved=1 [34m303[39m in 121ms[2m (next.js: 4ms, proxy.ts: 4ms, application-code: 113ms)[22m
  └─ ƒ updateNoteAction("cmmzwx1910000t8ybybfb5ekq", {}) in 27ms [2msrc/app/app/notes/actions.ts[22m
 GET /app [32m200[39m in 170ms[2m (next.js: 1268µs, proxy.ts: 7ms, application-code: 161ms)[22m
 GET /app/notes/cmmzwx1910000t8ybybfb5ekq/edit?saved=1 [32m200[39m in 141ms[2m (next.js: 10ms, proxy.ts: 95ms, application-code: 36ms)[22m
 GET /app/notes/cmmzwx1910000t8ybybfb5ekq/edit [32m200[39m in 22ms[2m (next.js: 1581µs, proxy.ts: 4ms, application-code: 17ms)[22m
 GET /login [32m200[39m in 17ms[2m (next.js: 798µs, application-code: 16ms)[22m
 GET /app [32m200[39m in 22ms[2m (next.js: 872µs, proxy.ts: 2ms, application-code: 19ms)[22m
 POST /login [34m303[39m in 57ms[2m (next.js: 903µs, application-code: 56ms)[22m
  └─ ƒ loginAction({}) in 30ms [2msrc/app/login/actions.ts[22m
 GET /app/notes/new [32m200[39m in 16ms[2m (next.js: 994µs, proxy.ts: 3ms, application-code: 12ms)[22m
 GET /app/notes/cmmzwx24u0001t8ybd2jg67z1/edit?saved=1 [32m200[39m in 24ms[2m (next.js: 2ms, proxy.ts: 2ms, application-code: 19ms)[22m
 POST /app/notes/new [34m303[39m in 39ms[2m (next.js: 910µs, proxy.ts: 3ms, application-code: 35ms)[22m
  └─ ƒ createNoteAction({}) in 7ms [2msrc/app/app/notes/actions.ts[22m
 POST /api/test/mina/chat/completions [32m200[39m in 1514ms[2m (next.js: 14ms, application-code: 1500ms)[22m
 GET /app/notes/cmmzwx24u0001t8ybd2jg67z1/edit?saved=1 [32m200[39m in 36ms[2m (next.js: 5ms, proxy.ts: 6ms, application-code: 25ms)[22m
 GET /app/notes/cmmzwx24u0001t8ybd2jg67z1/edit?retried=1 [32m200[39m in 48ms[2m (next.js: 1985µs, proxy.ts: 9ms, application-code: 38ms)[22m
 POST /app/notes/cmmzwx24u0001t8ybd2jg67z1/edit?saved=1 [34m303[39m in 70ms[2m (next.js: 4ms, proxy.ts: 7ms, application-code: 59ms)[22m
  └─ ƒ retryNoteEnrichmentAction("cmmzwx24u0001t8ybd2jg67z1") in 6ms [2msrc/app/app/notes/actions.ts[22m
 POST /api/test/mina/chat/completions [32m200[39m in 1512ms[2m (next.js: 617µs, application-code: 1512ms)[22m
 GET /app/notes/cmmzwx24u0001t8ybd2jg67z1/edit?retried=1 [32m200[39m in 43ms[2m (next.js: 8ms, proxy.ts: 10ms, application-code: 25ms)[22m
 GET /login [32m200[39m in 18ms[2m (next.js: 1044µs, application-code: 17ms)[22m
 GET /app [32m200[39m in 22ms[2m (next.js: 900µs, proxy.ts: 2ms, application-code: 19ms)[22m
 POST /login [34m303[39m in 56ms[2m (next.js: 903µs, application-code: 56ms)[22m
  └─ ƒ loginAction({}) in 30ms [2msrc/app/login/actions.ts[22m
 GET /app/notes/new [32m200[39m in 16ms[2m (next.js: 844µs, proxy.ts: 3ms, application-code: 12ms)[22m
 GET /app/notes/cmmzwx7530002t8ybisspsnv6/edit?saved=1 [32m200[39m in 22ms[2m (next.js: 2ms, proxy.ts: 2ms, application-code: 18ms)[22m
 POST /app/notes/new [34m303[39m in 36ms[2m (next.js: 874µs, proxy.ts: 3ms, application-code: 33ms)[22m
  └─ ƒ createNoteAction({}) in 7ms [2msrc/app/app/notes/actions.ts[22m
 GET /app/notes/cmmzwx7530002t8ybisspsnv6/edit?published=1 [32m200[39m in 25ms[2m (next.js: 1372µs, proxy.ts: 3ms, application-code: 21ms)[22m
 POST /app/notes/cmmzwx7530002t8ybisspsnv6/edit?saved=1 [34m303[39m in 38ms[2m (next.js: 1309µs, proxy.ts: 3ms, application-code: 34ms)[22m
  └─ ƒ publishNoteAction("cmmzwx7530002t8ybisspsnv6") in 5ms [2msrc/app/app/notes/actions.ts[22m
 GET / [32m200[39m in 19ms[2m (next.js: 853µs, application-code: 18ms)[22m
 GET /notes/public-note-1774072433843 [32m200[39m in 198ms[2m (next.js: 183ms, application-code: 14ms)[22m
 GET /app [32m200[39m in 41ms[2m (next.js: 907µs, proxy.ts: 3ms, application-code: 38ms)[22m
 GET /app/notes/cmmzwx7530002t8ybisspsnv6/edit [32m200[39m in 21ms[2m (next.js: 3ms, proxy.ts: 3ms, application-code: 15ms)[22m
 GET /app/notes/cmmzwx7530002t8ybisspsnv6/edit?unpublished=1 [32m200[39m in 38ms[2m (next.js: 1650µs, proxy.ts: 3ms, application-code: 33ms)[22m
 POST /app/notes/cmmzwx7530002t8ybisspsnv6/edit [34m303[39m in 52ms[2m (next.js: 1667µs, proxy.ts: 4ms, application-code: 47ms)[22m
  └─ ƒ unpublishNoteAction("cmmzwx7530002t8ybisspsnv6") in 6ms [2msrc/app/app/notes/actions.ts[22m
 GET / [32m200[39m in 17ms[2m (next.js: 860µs, application-code: 16ms)[22m
 GET /notes/public-note-1774072433843 [33m404[39m in 27ms[2m (next.js: 1776µs, application-code: 26ms)[22m
 GET /login [32m200[39m in 18ms[2m (next.js: 775µs, application-code: 17ms)[22m
 GET /app [32m200[39m in 23ms[2m (next.js: 1010µs, proxy.ts: 2ms, application-code: 20ms)[22m
 POST /login [34m303[39m in 57ms[2m (next.js: 888µs, application-code: 56ms)[22m
  └─ ƒ loginAction({}) in 30ms [2msrc/app/login/actions.ts[22m
 GET /app/links [32m200[39m in 34ms[2m (next.js: 15ms, proxy.ts: 3ms, application-code: 16ms)[22m
 GET /app/links?saved=1 [32m200[39m in 26ms[2m (next.js: 795µs, proxy.ts: 2ms, application-code: 23ms)[22m
 POST /app/links [34m303[39m in 43ms[2m (next.js: 1459µs, proxy.ts: 3ms, application-code: 38ms)[22m
  └─ ƒ createLinkAction({}) in 8ms [2msrc/app/app/links/actions.ts[22m
 POST /api/test/mina/chat/completions [32m200[39m in 3ms[2m (next.js: 669µs, application-code: 2ms)[22m
 GET /app/links?saved=1 [32m200[39m in 48ms[2m (next.js: 2ms, proxy.ts: 18ms, application-code: 28ms)[22m
 GET / [32m200[39m in 29ms[2m (next.js: 2ms, application-code: 27ms)[22m
 GET /login [32m200[39m in 16ms[2m (next.js: 734µs, application-code: 15ms)[22m
 GET /app [32m200[39m in 25ms[2m (next.js: 863µs, proxy.ts: 2ms, application-code: 21ms)[22m
 POST /login [34m303[39m in 59ms[2m (next.js: 957µs, application-code: 58ms)[22m
  └─ ƒ loginAction({}) in 30ms [2msrc/app/login/actions.ts[22m
 GET /app/links [32m200[39m in 20ms[2m (next.js: 873µs, proxy.ts: 3ms, application-code: 17ms)[22m
 GET /app/links?saved=1 [32m200[39m in 23ms[2m (next.js: 776µs, proxy.ts: 2ms, application-code: 20ms)[22m
 POST /app/links [34m303[39m in 38ms[2m (next.js: 1056µs, proxy.ts: 3ms, application-code: 34ms)[22m
  └─ ƒ createLinkAction({}) in 6ms [2msrc/app/app/links/actions.ts[22m
 POST /api/test/mina/chat/completions [32m200[39m in 1946µs[2m (next.js: 595µs, application-code: 1351µs)[22m
 GET /app/links?saved=1 [32m200[39m in 42ms[2m (next.js: 3ms, proxy.ts: 9ms, application-code: 30ms)[22m
 GET /app/links?published=1 [32m200[39m in 29ms[2m (next.js: 1069µs, proxy.ts: 3ms, application-code: 24ms)[22m
 POST /app/links?saved=1 [34m303[39m in 49ms[2m (next.js: 1561µs, proxy.ts: 6ms, application-code: 41ms)[22m
  └─ ƒ publishLinkAction("cmmzwxb2s0004t8ybgsu3824u") in 8ms [2msrc/app/app/links/actions.ts[22m
 GET / [32m200[39m in 21ms[2m (next.js: 808µs, application-code: 20ms)[22m
 GET /app/links [32m200[39m in 51ms[2m (next.js: 802µs, proxy.ts: 3ms, application-code: 48ms)[22m
 GET /app/links?unpublished=1 [32m200[39m in 22ms[2m (next.js: 741µs, proxy.ts: 2ms, application-code: 19ms)[22m
 POST /app/links [34m303[39m in 35ms[2m (next.js: 959µs, proxy.ts: 3ms, application-code: 31ms)[22m
  └─ ƒ unpublishLinkAction("cmmzwxb2s0004t8ybgsu3824u") in 5ms [2msrc/app/app/links/actions.ts[22m
 GET / [32m200[39m in 18ms[2m (next.js: 909µs, application-code: 17ms)[22m
 GET /login [32m200[39m in 15ms[2m (next.js: 729µs, application-code: 14ms)[22m
 GET /app [32m200[39m in 23ms[2m (next.js: 856µs, proxy.ts: 2ms, application-code: 20ms)[22m
 POST /login [34m303[39m in 57ms[2m (next.js: 1039µs, application-code: 56ms)[22m
  └─ ƒ loginAction({}) in 30ms [2msrc/app/login/actions.ts[22m
 GET /app/links [32m200[39m in 21ms[2m (next.js: 893µs, proxy.ts: 3ms, application-code: 17ms)[22m
 GET /app/links?saved=1 [32m200[39m in 24ms[2m (next.js: 769µs, proxy.ts: 2ms, application-code: 21ms)[22m
 POST /app/links [34m303[39m in 38ms[2m (next.js: 935µs, proxy.ts: 3ms, application-code: 34ms)[22m
  └─ ƒ createLinkAction({}) in 6ms [2msrc/app/app/links/actions.ts[22m
 POST /api/test/mina/chat/completions [32m200[39m in 1511ms[2m (next.js: 557µs, application-code: 1511ms)[22m
 GET /app/links?saved=1 [32m200[39m in 37ms[2m (next.js: 1804µs, proxy.ts: 6ms, application-code: 29ms)[22m
 GET /app/links?retried=1 [32m200[39m in 32ms[2m (next.js: 900µs, proxy.ts: 3ms, application-code: 29ms)[22m
 POST /app/links?saved=1 [34m303[39m in 49ms[2m (next.js: 1635µs, proxy.ts: 6ms, application-code: 41ms)[22m
  └─ ƒ retryLinkEnrichmentAction("cmmzwxe3c0005t8ybuvx40rht") in 5ms [2msrc/app/app/links/actions.ts[22m
 POST /api/test/mina/chat/completions [32m200[39m in 1510ms[2m (next.js: 566µs, application-code: 1509ms)[22m
 GET /app/links?retried=1 [32m200[39m in 43ms[2m (next.js: 2ms, proxy.ts: 9ms, application-code: 32ms)[22m
 GET /login [32m200[39m in 17ms[2m (next.js: 929µs, application-code: 16ms)[22m
 GET /app [32m200[39m in 23ms[2m (next.js: 917µs, proxy.ts: 2ms, application-code: 20ms)[22m
 POST /login [34m303[39m in 57ms[2m (next.js: 874µs, application-code: 56ms)[22m
  └─ ƒ loginAction({}) in 30ms [2msrc/app/login/actions.ts[22m
 GET /app/links [32m200[39m in 23ms[2m (next.js: 840µs, proxy.ts: 3ms, application-code: 19ms)[22m
 GET /app/links?error=invalid-url [32m200[39m in 52ms[2m (next.js: 769µs, proxy.ts: 2ms, application-code: 49ms)[22m
 POST /app/links [34m303[39m in 63ms[2m (next.js: 1256µs, proxy.ts: 3ms, application-code: 59ms)[22m
  └─ ƒ createLinkAction({}) in 3ms [2msrc/app/app/links/actions.ts[22m
 GET /login [32m200[39m in 14ms[2m (next.js: 764µs, application-code: 14ms)[22m
 GET /app [32m200[39m in 23ms[2m (next.js: 903µs, proxy.ts: 3ms, application-code: 19ms)[22m
 POST /login [34m303[39m in 57ms[2m (next.js: 921µs, application-code: 56ms)[22m
  └─ ƒ loginAction({}) in 30ms [2msrc/app/login/actions.ts[22m
 GET /app/notes/new [32m200[39m in 16ms[2m (next.js: 900µs, proxy.ts: 3ms, application-code: 12ms)[22m
 GET /app/notes/cmmzwxjjv0006t8ybeow2sy34/edit?saved=1 [32m200[39m in 22ms[2m (next.js: 2ms, proxy.ts: 2ms, application-code: 17ms)[22m
 POST /app/notes/new [34m303[39m in 36ms[2m (next.js: 824µs, proxy.ts: 3ms, application-code: 32ms)[22m
  └─ ƒ createNoteAction({}) in 6ms [2msrc/app/app/notes/actions.ts[22m
 GET /app/links [32m200[39m in 43ms[2m (next.js: 892µs, proxy.ts: 3ms, application-code: 40ms)[22m
 GET /app/links?saved=1 [32m200[39m in 26ms[2m (next.js: 1077µs, proxy.ts: 2ms, application-code: 22ms)[22m
 POST /app/links [34m303[39m in 43ms[2m (next.js: 1056µs, proxy.ts: 8ms, application-code: 34ms)[22m
  └─ ƒ createLinkAction({}) in 6ms [2msrc/app/app/links/actions.ts[22m
 POST /api/test/mina/chat/completions [32m200[39m in 2ms[2m (next.js: 551µs, application-code: 1742µs)[22m
 GET /app/links?saved=1 [32m200[39m in 49ms[2m (next.js: 4ms, proxy.ts: 10ms, application-code: 36ms)[22m
 GET /app/tags?tag=ai-owned [32m200[39m in 131ms[2m (next.js: 23ms, proxy.ts: 8ms, application-code: 101ms)[22m
 GET /app/tags [32m200[39m in 65ms[2m (next.js: 831µs, proxy.ts: 3ms, application-code: 62ms)[22m
 GET /app/search?q=Filtered%20note%201774072449929 [32m200[39m in 80ms[2m (next.js: 13ms, proxy.ts: 2ms, application-code: 64ms)[22m
 GET /app/search?q=url-needle-1774072449929 [32m200[39m in 45ms[2m (next.js: 822µs, proxy.ts: 3ms, application-code: 42ms)[22m
 GET /app/search?q=ai-owned [32m200[39m in 43ms[2m (next.js: 918µs, proxy.ts: 3ms, application-code: 40ms)[22m
 GET /login [32m200[39m in 15ms[2m (next.js: 794µs, application-code: 14ms)[22m
 GET /app [32m200[39m in 26ms[2m (next.js: 1237µs, proxy.ts: 2ms, application-code: 22ms)[22m
 POST /login [34m303[39m in 60ms[2m (next.js: 901µs, application-code: 59ms)[22m
  └─ ƒ loginAction({}) in 30ms [2msrc/app/login/actions.ts[22m
 GET /app/links [32m200[39m in 24ms[2m (next.js: 872µs, proxy.ts: 3ms, application-code: 20ms)[22m
 GET /app/links?saved=1 [32m200[39m in 32ms[2m (next.js: 788µs, proxy.ts: 2ms, application-code: 29ms)[22m
 POST /app/links [34m303[39m in 46ms[2m (next.js: 937µs, proxy.ts: 3ms, application-code: 42ms)[22m
  └─ ƒ createLinkAction({}) in 6ms [2msrc/app/app/links/actions.ts[22m
 GET /app/links?saved=1 [32m200[39m in 48ms[2m (next.js: 3ms, proxy.ts: 10ms, application-code: 35ms)[22m
 GET /app/search?q=ai [32m200[39m in 52ms[2m (next.js: 1900µs, proxy.ts: 5ms, application-code: 45ms)[22m
 GET /app/tags?tag=ai [32m200[39m in 53ms[2m (next.js: 792µs, proxy.ts: 2ms, application-code: 50ms)[22m
 GET /login [32m200[39m in 15ms[2m (next.js: 835µs, application-code: 14ms)[22m
 GET /app [32m200[39m in 25ms[2m (next.js: 873µs, proxy.ts: 3ms, application-code: 22ms)[22m
 POST /login [34m303[39m in 59ms[2m (next.js: 885µs, application-code: 58ms)[22m
  └─ ƒ loginAction({}) in 29ms [2msrc/app/login/actions.ts[22m
 GET /app/notes/new [32m200[39m in 16ms[2m (next.js: 845µs, proxy.ts: 3ms, application-code: 12ms)[22m
 GET /app/notes/cmmzwxpoi000at8ybu4ku5b73/edit?saved=1 [32m200[39m in 22ms[2m (next.js: 2ms, proxy.ts: 2ms, application-code: 18ms)[22m
 POST /app/notes/new [34m303[39m in 38ms[2m (next.js: 853µs, proxy.ts: 3ms, application-code: 34ms)[22m
  └─ ƒ createNoteAction({}) in 7ms [2msrc/app/app/notes/actions.ts[22m
 GET /app/notes/cmmzwxpoi000at8ybu4ku5b73/edit?saved=1 [32m200[39m in 41ms[2m (next.js: 6ms, proxy.ts: 10ms, application-code: 26ms)[22m
 GET /app [32m200[39m in 63ms[2m (next.js: 1890µs, proxy.ts: 6ms, application-code: 55ms)[22m
 GET /login [32m200[39m in 15ms[2m (next.js: 807µs, application-code: 14ms)[22m
 GET /login [32m200[39m in 15ms[2m (next.js: 776µs, application-code: 14ms)[22m
 GET /login [32m200[39m in 14ms[2m (next.js: 764µs, application-code: 14ms)[22m
 GET /app [32m200[39m in 21ms[2m (next.js: 824µs, proxy.ts: 3ms, application-code: 17ms)[22m
 POST /login [34m303[39m in 56ms[2m (next.js: 950µs, application-code: 55ms)[22m
  └─ ƒ loginAction({}) in 30ms [2msrc/app/login/actions.ts[22m
 GET /app/notes/cmmzwxsij0002taybi8hahmck/edit [32m200[39m in 39ms[2m (next.js: 2ms, proxy.ts: 2ms, application-code: 34ms)[22m
 GET /login [32m200[39m in 15ms[2m (next.js: 820µs, application-code: 14ms)[22m
 GET /app [32m200[39m in 21ms[2m (next.js: 755µs, proxy.ts: 3ms, application-code: 17ms)[22m
 POST /login [34m303[39m in 54ms[2m (next.js: 850µs, application-code: 53ms)[22m
  └─ ƒ loginAction({}) in 30ms [2msrc/app/login/actions.ts[22m
 GET /app/notes/cmmzwxsyh0003taybbo1mfju1/edit [32m200[39m in 36ms[2m (next.js: 2ms, proxy.ts: 3ms, application-code: 32ms)[22m
 GET / [32m200[39m in 26ms[2m (next.js: 861µs, application-code: 25ms)[22m
 GET / [32m200[39m in 20ms[2m (next.js: 727µs, application-code: 20ms)[22m
 GET / [32m200[39m in 18ms[2m (next.js: 774µs, application-code: 17ms)[22m
 GET / [32m200[39m in 18ms[2m (next.js: 729µs, application-code: 17ms)[22m
 GET /login [32m200[39m in 15ms[2m (next.js: 805µs, application-code: 14ms)[22m
 GET /app [32m200[39m in 23ms[2m (next.js: 933µs, proxy.ts: 2ms, application-code: 20ms)[22m
 POST /login [34m303[39m in 57ms[2m (next.js: 889µs, application-code: 56ms)[22m
  └─ ƒ loginAction({}) in 30ms [2msrc/app/login/actions.ts[22m
 GET /login [32m200[39m in 16ms[2m (next.js: 800µs, application-code: 15ms)[22m
 GET /app [32m200[39m in 24ms[2m (next.js: 958µs, proxy.ts: 2ms, application-code: 20ms)[22m
 POST /login [34m303[39m in 57ms[2m (next.js: 907µs, application-code: 56ms)[22m
  └─ ƒ loginAction({}) in 29ms [2msrc/app/login/actions.ts[22m
 GET /login [32m200[39m in 14ms[2m (next.js: 869µs, application-code: 13ms)[22m
 GET /app [32m200[39m in 21ms[2m (next.js: 960µs, proxy.ts: 2ms, application-code: 18ms)[22m
 POST /login [34m303[39m in 54ms[2m (next.js: 858µs, application-code: 53ms)[22m
  └─ ƒ loginAction({}) in 28ms [2msrc/app/login/actions.ts[22m
 GET /app/links [32m200[39m in 37ms[2m (next.js: 820µs, proxy.ts: 2ms, application-code: 34ms)[22m
 GET /login [32m200[39m in 14ms[2m (next.js: 717µs, application-code: 14ms)[22m
 GET /app [32m200[39m in 23ms[2m (next.js: 1155µs, proxy.ts: 2ms, application-code: 19ms)[22m
 POST /login [34m303[39m in 57ms[2m (next.js: 897µs, application-code: 56ms)[22m
  └─ ƒ loginAction({}) in 30ms [2msrc/app/login/actions.ts[22m
 GET /app/links [32m200[39m in 40ms[2m (next.js: 846µs, proxy.ts: 3ms, application-code: 37ms)[22m
 GET /login [32m200[39m in 14ms[2m (next.js: 755µs, application-code: 14ms)[22m
 GET /app [32m200[39m in 29ms[2m (next.js: 848µs, proxy.ts: 2ms, application-code: 26ms)[22m
 POST /login [34m303[39m in 64ms[2m (next.js: 900µs, application-code: 63ms)[22m
  └─ ƒ loginAction({}) in 30ms [2msrc/app/login/actions.ts[22m
 GET /app/tags?tag=studio-systems [32m200[39m in 35ms[2m (next.js: 837µs, proxy.ts: 3ms, application-code: 31ms)[22m
 GET /login [32m200[39m in 15ms[2m (next.js: 784µs, application-code: 14ms)[22m
 GET /app [32m200[39m in 22ms[2m (next.js: 812µs, proxy.ts: 2ms, application-code: 19ms)[22m
 POST /login [34m303[39m in 56ms[2m (next.js: 953µs, application-code: 55ms)[22m
  └─ ƒ loginAction({}) in 30ms [2msrc/app/login/actions.ts[22m
 GET /app/tags?tag=studio-systems [32m200[39m in 43ms[2m (next.js: 867µs, proxy.ts: 3ms, application-code: 40ms)[22m
 GET /login [32m200[39m in 15ms[2m (next.js: 803µs, application-code: 14ms)[22m
 GET /app [32m200[39m in 23ms[2m (next.js: 817µs, proxy.ts: 3ms, application-code: 19ms)[22m
 POST /login [34m303[39m in 57ms[2m (next.js: 920µs, application-code: 56ms)[22m
  └─ ƒ loginAction({}) in 30ms [2msrc/app/login/actions.ts[22m
 GET /app/search?q=rhythm [32m200[39m in 33ms[2m (next.js: 832µs, proxy.ts: 2ms, application-code: 30ms)[22m
 GET /login [32m200[39m in 15ms[2m (next.js: 766µs, application-code: 14ms)[22m
 GET /app [32m200[39m in 27ms[2m (next.js: 1074µs, proxy.ts: 7ms, application-code: 19ms)[22m
 POST /login [34m303[39m in 62ms[2m (next.js: 1009µs, application-code: 61ms)[22m
  └─ ƒ loginAction({}) in 30ms [2msrc/app/login/actions.ts[22m
 GET /app/search?q=rhythm [32m200[39m in 35ms[2m (next.js: 893µs, proxy.ts: 3ms, application-code: 32ms)[22m
 GET /notes/public-notes-should-read-like-finished-pages-not-dashboards [32m200[39m in 35ms[2m (next.js: 1903µs, application-code: 33ms)[22m
 GET /notes/public-notes-should-read-like-finished-pages-not-dashboards [32m200[39m in 23ms[2m (next.js: 1703µs, application-code: 21ms)[22m
 GET / [32m200[39m in 16ms[2m (next.js: 792µs, application-code: 15ms)[22m
 GET /login [32m200[39m in 16ms[2m (next.js: 835µs, application-code: 15ms)[22m
 GET /login [32m200[39m in 16ms[2m (next.js: 747µs, application-code: 15ms)[22m
 GET /app [32m200[39m in 23ms[2m (next.js: 1014µs, proxy.ts: 2ms, application-code: 20ms)[22m
 POST /login [34m303[39m in 56ms[2m (next.js: 911µs, application-code: 55ms)[22m
  └─ ƒ loginAction({}) in 28ms [2msrc/app/login/actions.ts[22m
 GET /login [32m200[39m in 15ms[2m (next.js: 840µs, application-code: 14ms)[22m
 GET /app [32m200[39m in 21ms[2m (next.js: 888µs, proxy.ts: 2ms, application-code: 18ms)[22m
 POST /login [34m303[39m in 56ms[2m (next.js: 932µs, application-code: 55ms)[22m
  └─ ƒ loginAction({}) in 30ms [2msrc/app/login/actions.ts[22m
