
> minakeep@0.1.0 dev
> next dev --hostname 127.0.0.1 --port 3100

[1m[38;2;173;127;168m▲ Next.js 16.2.0[39m[22m (Turbopack)
- Local:         http://127.0.0.1:3100
- Network:       http://127.0.0.1:3100
- Environments: .env
[32m[1m✓[22m[39m Ready in 195ms

 GET /api/health [32m200[39m in 91ms[2m (next.js: 81ms, application-code: 10ms)[22m
 GET /login [32m200[39m in 159ms[2m (next.js: 49ms, application-code: 110ms)[22m
 GET /app [32m200[39m in 115ms[2m (next.js: 26ms, proxy.ts: 36ms, application-code: 53ms)[22m
 POST /login [34m303[39m in 213ms[2m (next.js: 1422µs, application-code: 212ms)[22m
  └─ ƒ loginAction({}) in 87ms [2msrc/app/login/actions.ts[22m
 GET / [32m200[39m in 34ms[2m (next.js: 9ms, application-code: 25ms)[22m
 GET /login?callbackUrl=http%3A%2F%2Flocalhost%3A3100%2Fapp%2Fsearch [32m200[39m in 21ms[2m (next.js: 930µs, application-code: 20ms)[22m
 GET /login?callbackUrl=http%3A%2F%2Flocalhost%3A3100%2Fapp%2Fnotes%2Fnew [32m200[39m in 31ms[2m (next.js: 941µs, application-code: 31ms)[22m
 GET /app [32m200[39m in 23ms[2m (next.js: 1049µs, proxy.ts: 3ms, application-code: 19ms)[22m
 POST /login?callbackUrl=http%3A%2F%2Flocalhost%3A3100%2Fapp%2Fnotes%2Fnew [34m303[39m in 59ms[2m (next.js: 1091µs, application-code: 57ms)[22m
  └─ ƒ loginAction({}) in 29ms [2msrc/app/login/actions.ts[22m
 GET /app/notes/new [32m200[39m in 36ms[2m (next.js: 20ms, proxy.ts: 3ms, application-code: 13ms)[22m
 GET /app/notes/cmn011awr0000beyb4xhd0xm7/edit?saved=1 [32m200[39m in 250ms[2m (next.js: 227ms, proxy.ts: 3ms, application-code: 21ms)[22m
 POST /app/notes/new [34m303[39m in 281ms[2m (next.js: 2ms, proxy.ts: 4ms, application-code: 275ms)[22m
  └─ ƒ createNoteAction({}) in 21ms [2msrc/app/app/notes/actions.ts[22m
 POST /app/notes/cmn011awr0000beyb4xhd0xm7/edit?saved=1 [34m303[39m in 143ms[2m (next.js: 5ms, proxy.ts: 3ms, application-code: 134ms)[22m
  └─ ƒ updateNoteAction("cmn011awr0000beyb4xhd0xm7", {}) in 28ms [2msrc/app/app/notes/actions.ts[22m
 GET /app [32m200[39m in 148ms[2m (next.js: 1626µs, proxy.ts: 8ms, application-code: 138ms)[22m
 GET /app/notes/cmn011awr0000beyb4xhd0xm7/edit?saved=1 [32m200[39m in 137ms[2m (next.js: 3ms, proxy.ts: 85ms, application-code: 48ms)[22m
 GET /app/notes/cmn011awr0000beyb4xhd0xm7/edit [32m200[39m in 28ms[2m (next.js: 1587µs, proxy.ts: 4ms, application-code: 23ms)[22m
 GET /login [32m200[39m in 17ms[2m (next.js: 790µs, application-code: 16ms)[22m
 GET /app [32m200[39m in 23ms[2m (next.js: 924µs, proxy.ts: 3ms, application-code: 20ms)[22m
 POST /login [34m303[39m in 61ms[2m (next.js: 1674µs, application-code: 59ms)[22m
  └─ ƒ loginAction({}) in 32ms [2msrc/app/login/actions.ts[22m
 GET /app/notes/new [32m200[39m in 16ms[2m (next.js: 1002µs, proxy.ts: 3ms, application-code: 12ms)[22m
 GET /app/notes/cmn011brt0001beyb5dubwr4m/edit?saved=1 [32m200[39m in 23ms[2m (next.js: 2ms, proxy.ts: 2ms, application-code: 18ms)[22m
 POST /app/notes/new [34m303[39m in 37ms[2m (next.js: 869µs, proxy.ts: 3ms, application-code: 33ms)[22m
  └─ ƒ createNoteAction({}) in 6ms [2msrc/app/app/notes/actions.ts[22m
 POST /api/test/mina/chat/completions [32m200[39m in 1515ms[2m (next.js: 14ms, application-code: 1500ms)[22m
 GET /app/notes/cmn011brt0001beyb5dubwr4m/edit?saved=1 [32m200[39m in 43ms[2m (next.js: 6ms, proxy.ts: 10ms, application-code: 27ms)[22m
 GET /app/notes/cmn011brt0001beyb5dubwr4m/edit?retried=1 [32m200[39m in 25ms[2m (next.js: 1676µs, proxy.ts: 3ms, application-code: 21ms)[22m
 POST /app/notes/cmn011brt0001beyb5dubwr4m/edit?saved=1 [34m303[39m in 47ms[2m (next.js: 4ms, proxy.ts: 6ms, application-code: 36ms)[22m
  └─ ƒ retryNoteEnrichmentAction("cmn011brt0001beyb5dubwr4m") in 6ms [2msrc/app/app/notes/actions.ts[22m
 POST /api/test/mina/chat/completions [32m200[39m in 1508ms[2m (next.js: 683µs, application-code: 1508ms)[22m
 GET /app/notes/cmn011brt0001beyb5dubwr4m/edit?retried=1 [32m200[39m in 35ms[2m (next.js: 6ms, proxy.ts: 6ms, application-code: 24ms)[22m
 GET /login [32m200[39m in 20ms[2m (next.js: 1025µs, application-code: 19ms)[22m
 GET /app [32m200[39m in 32ms[2m (next.js: 956µs, proxy.ts: 3ms, application-code: 28ms)[22m
 POST /login [34m303[39m in 67ms[2m (next.js: 1747µs, application-code: 65ms)[22m
  └─ ƒ loginAction({}) in 30ms [2msrc/app/login/actions.ts[22m
 GET /app/notes/new [32m200[39m in 16ms[2m (next.js: 866µs, proxy.ts: 3ms, application-code: 12ms)[22m
 GET /app/notes/cmn011gre0002beyb3akkw1iz/edit?saved=1 [32m200[39m in 24ms[2m (next.js: 2ms, proxy.ts: 2ms, application-code: 19ms)[22m
 POST /app/notes/new [34m303[39m in 37ms[2m (next.js: 948µs, proxy.ts: 3ms, application-code: 33ms)[22m
  └─ ƒ createNoteAction({}) in 5ms [2msrc/app/app/notes/actions.ts[22m
 GET /app/notes/cmn011gre0002beyb3akkw1iz/edit?published=1 [32m200[39m in 21ms[2m (next.js: 1586µs, proxy.ts: 2ms, application-code: 17ms)[22m
 POST /app/notes/cmn011gre0002beyb3akkw1iz/edit?saved=1 [34m303[39m in 35ms[2m (next.js: 1373µs, proxy.ts: 3ms, application-code: 31ms)[22m
  └─ ƒ publishNoteAction("cmn011gre0002beyb3akkw1iz") in 6ms [2msrc/app/app/notes/actions.ts[22m
 GET / [32m200[39m in 15ms[2m (next.js: 893µs, application-code: 14ms)[22m
 GET /notes/public-note-1774079351396 [32m200[39m in 194ms[2m (next.js: 180ms, application-code: 14ms)[22m
 GET /app [32m200[39m in 44ms[2m (next.js: 852µs, proxy.ts: 3ms, application-code: 40ms)[22m
 GET /app/notes/cmn011gre0002beyb3akkw1iz/edit [32m200[39m in 21ms[2m (next.js: 3ms, proxy.ts: 3ms, application-code: 15ms)[22m
 GET /app/notes/cmn011gre0002beyb3akkw1iz/edit?unpublished=1 [32m200[39m in 23ms[2m (next.js: 1482µs, proxy.ts: 2ms, application-code: 19ms)[22m
 POST /app/notes/cmn011gre0002beyb3akkw1iz/edit [34m303[39m in 36ms[2m (next.js: 1560µs, proxy.ts: 3ms, application-code: 32ms)[22m
  └─ ƒ unpublishNoteAction("cmn011gre0002beyb3akkw1iz") in 5ms [2msrc/app/app/notes/actions.ts[22m
 GET / [32m200[39m in 20ms[2m (next.js: 1094µs, application-code: 19ms)[22m
 GET /notes/public-note-1774079351396 [33m404[39m in 25ms[2m (next.js: 1751µs, application-code: 23ms)[22m
 GET /login [32m200[39m in 17ms[2m (next.js: 927µs, application-code: 17ms)[22m
 GET /app [32m200[39m in 24ms[2m (next.js: 916µs, proxy.ts: 2ms, application-code: 20ms)[22m
 POST /login [34m303[39m in 63ms[2m (next.js: 924µs, application-code: 62ms)[22m
  └─ ƒ loginAction({}) in 35ms [2msrc/app/login/actions.ts[22m
 GET /app/links [32m200[39m in 36ms[2m (next.js: 16ms, proxy.ts: 3ms, application-code: 17ms)[22m
 GET /app/links?saved=1 [32m200[39m in 23ms[2m (next.js: 827µs, proxy.ts: 2ms, application-code: 20ms)[22m
 POST /app/links [34m303[39m in 38ms[2m (next.js: 954µs, proxy.ts: 3ms, application-code: 34ms)[22m
  └─ ƒ createLinkAction({}) in 8ms [2msrc/app/app/links/actions.ts[22m
 POST /api/test/mina/chat/completions [32m200[39m in 2ms[2m (next.js: 691µs, application-code: 1774µs)[22m
 GET /app/links?saved=1 [32m200[39m in 33ms[2m (next.js: 1704µs, proxy.ts: 6ms, application-code: 25ms)[22m
 GET / [32m200[39m in 26ms[2m (next.js: 1962µs, application-code: 25ms)[22m
 GET /login [32m200[39m in 16ms[2m (next.js: 765µs, application-code: 15ms)[22m
 GET /app [32m200[39m in 23ms[2m (next.js: 871µs, proxy.ts: 3ms, application-code: 20ms)[22m
 POST /login [34m303[39m in 58ms[2m (next.js: 833µs, application-code: 58ms)[22m
  └─ ƒ loginAction({}) in 30ms [2msrc/app/login/actions.ts[22m
 GET /app/links [32m200[39m in 20ms[2m (next.js: 866µs, proxy.ts: 3ms, application-code: 16ms)[22m
 GET /app/links?saved=1 [32m200[39m in 23ms[2m (next.js: 888µs, proxy.ts: 3ms, application-code: 20ms)[22m
 POST /app/links [34m303[39m in 36ms[2m (next.js: 895µs, proxy.ts: 3ms, application-code: 32ms)[22m
  └─ ƒ createLinkAction({}) in 6ms [2msrc/app/app/links/actions.ts[22m
 POST /api/test/mina/chat/completions [32m200[39m in 3ms[2m (next.js: 685µs, application-code: 2ms)[22m
 GET /app/links?saved=1 [32m200[39m in 38ms[2m (next.js: 2ms, proxy.ts: 8ms, application-code: 28ms)[22m
 GET /app/links?published=1 [32m200[39m in 31ms[2m (next.js: 1037µs, proxy.ts: 3ms, application-code: 27ms)[22m
 POST /app/links?saved=1 [34m303[39m in 52ms[2m (next.js: 1670µs, proxy.ts: 7ms, application-code: 44ms)[22m
  └─ ƒ publishLinkAction("cmn011koc0004beybcsr9oqlm") in 8ms [2msrc/app/app/links/actions.ts[22m
 GET / [32m200[39m in 17ms[2m (next.js: 770µs, application-code: 16ms)[22m
 GET /app/links [32m200[39m in 50ms[2m (next.js: 967µs, proxy.ts: 2ms, application-code: 47ms)[22m
 GET /app/links?unpublished=1 [32m200[39m in 29ms[2m (next.js: 768µs, proxy.ts: 2ms, application-code: 26ms)[22m
 POST /app/links [34m303[39m in 41ms[2m (next.js: 842µs, proxy.ts: 3ms, application-code: 38ms)[22m
  └─ ƒ unpublishLinkAction("cmn011koc0004beybcsr9oqlm") in 6ms [2msrc/app/app/links/actions.ts[22m
 GET / [32m200[39m in 15ms[2m (next.js: 839µs, application-code: 14ms)[22m
 GET /login [32m200[39m in 14ms[2m (next.js: 708µs, application-code: 13ms)[22m
 GET /app [32m200[39m in 23ms[2m (next.js: 1034µs, proxy.ts: 3ms, application-code: 20ms)[22m
 POST /login [34m303[39m in 58ms[2m (next.js: 959µs, application-code: 57ms)[22m
  └─ ƒ loginAction({}) in 30ms [2msrc/app/login/actions.ts[22m
 GET /app/links [32m200[39m in 21ms[2m (next.js: 865µs, proxy.ts: 3ms, application-code: 17ms)[22m
 GET /app/links?saved=1 [32m200[39m in 23ms[2m (next.js: 758µs, proxy.ts: 2ms, application-code: 20ms)[22m
 POST /app/links [34m303[39m in 38ms[2m (next.js: 1239µs, proxy.ts: 3ms, application-code: 33ms)[22m
  └─ ƒ createLinkAction({}) in 6ms [2msrc/app/app/links/actions.ts[22m
 POST /api/test/mina/chat/completions [32m200[39m in 1514ms[2m (next.js: 517µs, application-code: 1513ms)[22m
 GET /app/links?saved=1 [32m200[39m in 46ms[2m (next.js: 2ms, proxy.ts: 9ms, application-code: 36ms)[22m
 GET /app/links?retried=1 [32m200[39m in 29ms[2m (next.js: 930µs, proxy.ts: 3ms, application-code: 25ms)[22m
 POST /app/links?saved=1 [34m303[39m in 46ms[2m (next.js: 1464µs, proxy.ts: 6ms, application-code: 39ms)[22m
  └─ ƒ retryLinkEnrichmentAction("cmn011nqd0005beybuyrwc0f5") in 7ms [2msrc/app/app/links/actions.ts[22m
 POST /api/test/mina/chat/completions [32m200[39m in 1510ms[2m (next.js: 590µs, application-code: 1509ms)[22m
 GET /app/links?retried=1 [32m200[39m in 46ms[2m (next.js: 3ms, proxy.ts: 10ms, application-code: 33ms)[22m
 GET /login [32m200[39m in 16ms[2m (next.js: 877µs, application-code: 16ms)[22m
 GET /app [32m200[39m in 24ms[2m (next.js: 1114µs, proxy.ts: 3ms, application-code: 20ms)[22m
 POST /login [34m303[39m in 57ms[2m (next.js: 912µs, application-code: 57ms)[22m
  └─ ƒ loginAction({}) in 30ms [2msrc/app/login/actions.ts[22m
 GET /app/links [32m200[39m in 36ms[2m (next.js: 917µs, proxy.ts: 3ms, application-code: 32ms)[22m
 GET /app/links?error=invalid-url [32m200[39m in 24ms[2m (next.js: 852µs, proxy.ts: 3ms, application-code: 20ms)[22m
 POST /app/links [34m303[39m in 35ms[2m (next.js: 1057µs, proxy.ts: 3ms, application-code: 31ms)[22m
  └─ ƒ createLinkAction({}) in 3ms [2msrc/app/app/links/actions.ts[22m
 GET /login [32m200[39m in 14ms[2m (next.js: 794µs, application-code: 14ms)[22m
 GET /app [32m200[39m in 23ms[2m (next.js: 977µs, proxy.ts: 2ms, application-code: 19ms)[22m
 POST /login [34m303[39m in 56ms[2m (next.js: 955µs, application-code: 55ms)[22m
  └─ ƒ loginAction({}) in 29ms [2msrc/app/login/actions.ts[22m
 GET /app/notes/new [32m200[39m in 16ms[2m (next.js: 917µs, proxy.ts: 3ms, application-code: 12ms)[22m
 GET /app/notes/cmn011t5y0006beybbs4vm2nu/edit?saved=1 [32m200[39m in 23ms[2m (next.js: 2ms, proxy.ts: 2ms, application-code: 18ms)[22m
 POST /app/notes/new [34m303[39m in 37ms[2m (next.js: 899µs, proxy.ts: 3ms, application-code: 33ms)[22m
  └─ ƒ createNoteAction({}) in 7ms [2msrc/app/app/notes/actions.ts[22m
 GET /app/links [32m200[39m in 48ms[2m (next.js: 967µs, proxy.ts: 3ms, application-code: 44ms)[22m
 GET /app/links?saved=1 [32m200[39m in 26ms[2m (next.js: 847µs, proxy.ts: 2ms, application-code: 23ms)[22m
 POST /app/links [34m303[39m in 41ms[2m (next.js: 1848µs, proxy.ts: 3ms, application-code: 36ms)[22m
  └─ ƒ createLinkAction({}) in 6ms [2msrc/app/app/links/actions.ts[22m
 POST /api/test/mina/chat/completions [32m200[39m in 2ms[2m (next.js: 611µs, application-code: 1541µs)[22m
 GET /app/links?saved=1 [32m200[39m in 40ms[2m (next.js: 2ms, proxy.ts: 7ms, application-code: 31ms)[22m
 GET /app/tags?tag=ai-owned [32m200[39m in 129ms[2m (next.js: 24ms, proxy.ts: 6ms, application-code: 100ms)[22m
 GET /app/tags [32m200[39m in 65ms[2m (next.js: 763µs, proxy.ts: 3ms, application-code: 61ms)[22m
 GET /app/search?q=Filtered%20note%201774079367467 [32m200[39m in 77ms[2m (next.js: 14ms, proxy.ts: 2ms, application-code: 62ms)[22m
 GET /app/search?q=url-needle-1774079367467 [32m200[39m in 45ms[2m (next.js: 934µs, proxy.ts: 3ms, application-code: 40ms)[22m
 GET /app/search?q=ai-owned [32m200[39m in 40ms[2m (next.js: 776µs, proxy.ts: 2ms, application-code: 37ms)[22m
 GET /login [32m200[39m in 16ms[2m (next.js: 807µs, application-code: 15ms)[22m
 GET /app [32m200[39m in 24ms[2m (next.js: 869µs, proxy.ts: 2ms, application-code: 21ms)[22m
 POST /login [34m303[39m in 59ms[2m (next.js: 879µs, application-code: 58ms)[22m
  └─ ƒ loginAction({}) in 30ms [2msrc/app/login/actions.ts[22m
 GET /app/links [32m200[39m in 24ms[2m (next.js: 858µs, proxy.ts: 3ms, application-code: 20ms)[22m
 GET /app/links?saved=1 [32m200[39m in 32ms[2m (next.js: 730µs, proxy.ts: 2ms, application-code: 29ms)[22m
 POST /app/links [34m303[39m in 45ms[2m (next.js: 918µs, proxy.ts: 3ms, application-code: 41ms)[22m
  └─ ƒ createLinkAction({}) in 6ms [2msrc/app/app/links/actions.ts[22m
 GET /app/links?saved=1 [32m200[39m in 48ms[2m (next.js: 3ms, proxy.ts: 10ms, application-code: 36ms)[22m
 GET /app/search?q=ai [32m200[39m in 53ms[2m (next.js: 1894µs, proxy.ts: 5ms, application-code: 46ms)[22m
 GET /app/tags?tag=ai [32m200[39m in 53ms[2m (next.js: 862µs, proxy.ts: 3ms, application-code: 49ms)[22m
 GET /login [32m200[39m in 15ms[2m (next.js: 804µs, application-code: 14ms)[22m
 GET /app [32m200[39m in 25ms[2m (next.js: 957µs, proxy.ts: 3ms, application-code: 21ms)[22m
 POST /login [34m303[39m in 59ms[2m (next.js: 895µs, application-code: 58ms)[22m
  └─ ƒ loginAction({}) in 29ms [2msrc/app/login/actions.ts[22m
 GET /app/notes/new [32m200[39m in 16ms[2m (next.js: 1291µs, proxy.ts: 3ms, application-code: 11ms)[22m
 GET /app/notes/cmn011zaa000bbeybazbwnolr/edit?saved=1 [32m200[39m in 23ms[2m (next.js: 2ms, proxy.ts: 2ms, application-code: 18ms)[22m
 POST /app/notes/new [34m303[39m in 36ms[2m (next.js: 841µs, proxy.ts: 3ms, application-code: 32ms)[22m
  └─ ƒ createNoteAction({}) in 6ms [2msrc/app/app/notes/actions.ts[22m
 GET /app/notes/cmn011zaa000bbeybazbwnolr/edit?saved=1 [32m200[39m in 27ms[2m (next.js: 3ms, proxy.ts: 4ms, application-code: 20ms)[22m
 GET /app [32m200[39m in 62ms[2m (next.js: 1947µs, proxy.ts: 6ms, application-code: 54ms)[22m
 GET / [32m200[39m in 17ms[2m (next.js: 769µs, application-code: 16ms)[22m
 GET /login [32m200[39m in 17ms[2m (next.js: 854µs, application-code: 16ms)[22m
 GET /login [32m200[39m in 14ms[2m (next.js: 789µs, application-code: 14ms)[22m
 GET /login [32m200[39m in 15ms[2m (next.js: 774µs, application-code: 14ms)[22m
 GET /app [32m200[39m in 22ms[2m (next.js: 1197µs, proxy.ts: 3ms, application-code: 18ms)[22m
 POST /login [34m303[39m in 57ms[2m (next.js: 944µs, application-code: 56ms)[22m
  └─ ƒ loginAction({}) in 30ms [2msrc/app/login/actions.ts[22m
 GET /app/notes/cmn0122c90008bgybfv0t45b6/edit [32m200[39m in 41ms[2m (next.js: 2ms, proxy.ts: 2ms, application-code: 37ms)[22m
 GET /login [32m200[39m in 14ms[2m (next.js: 818µs, application-code: 13ms)[22m
 GET /app [32m200[39m in 21ms[2m (next.js: 998µs, proxy.ts: 2ms, application-code: 18ms)[22m
 POST /login [34m303[39m in 55ms[2m (next.js: 866µs, application-code: 54ms)[22m
  └─ ƒ loginAction({}) in 30ms [2msrc/app/login/actions.ts[22m
 GET /app/notes/cmn0122rr0009bgybzathhf0u/edit [32m200[39m in 46ms[2m (next.js: 2ms, proxy.ts: 3ms, application-code: 41ms)[22m
 GET / [32m200[39m in 16ms[2m (next.js: 743µs, application-code: 16ms)[22m
 GET / [32m200[39m in 17ms[2m (next.js: 780µs, application-code: 16ms)[22m
 GET / [32m200[39m in 16ms[2m (next.js: 782µs, application-code: 15ms)[22m
 GET / [32m200[39m in 16ms[2m (next.js: 895µs, application-code: 15ms)[22m
 GET /login [32m200[39m in 20ms[2m (next.js: 805µs, application-code: 20ms)[22m
 GET /app [32m200[39m in 24ms[2m (next.js: 879µs, proxy.ts: 2ms, application-code: 21ms)[22m
 POST /login [34m303[39m in 58ms[2m (next.js: 981µs, application-code: 57ms)[22m
  └─ ƒ loginAction({}) in 30ms [2msrc/app/login/actions.ts[22m
 GET /login [32m200[39m in 15ms[2m (next.js: 764µs, application-code: 14ms)[22m
 GET /app [32m200[39m in 23ms[2m (next.js: 929µs, proxy.ts: 2ms, application-code: 20ms)[22m
 POST /login [34m303[39m in 57ms[2m (next.js: 1022µs, application-code: 56ms)[22m
  └─ ƒ loginAction({}) in 30ms [2msrc/app/login/actions.ts[22m
 GET /login [32m200[39m in 16ms[2m (next.js: 938µs, application-code: 15ms)[22m
 GET /app [32m200[39m in 36ms[2m (next.js: 899µs, proxy.ts: 2ms, application-code: 33ms)[22m
 POST /login [34m303[39m in 72ms[2m (next.js: 917µs, application-code: 71ms)[22m
  └─ ƒ loginAction({}) in 30ms [2msrc/app/login/actions.ts[22m
 GET /app/links [32m200[39m in 43ms[2m (next.js: 914µs, proxy.ts: 3ms, application-code: 39ms)[22m
 GET /login [32m200[39m in 15ms[2m (next.js: 747µs, application-code: 14ms)[22m
 GET /app [32m200[39m in 22ms[2m (next.js: 1007µs, proxy.ts: 2ms, application-code: 19ms)[22m
 POST /login [34m303[39m in 56ms[2m (next.js: 850µs, application-code: 55ms)[22m
  └─ ƒ loginAction({}) in 30ms [2msrc/app/login/actions.ts[22m
 GET /app/links [32m200[39m in 36ms[2m (next.js: 857µs, proxy.ts: 2ms, application-code: 33ms)[22m
 GET /login [32m200[39m in 19ms[2m (next.js: 771µs, application-code: 18ms)[22m
 GET /app [32m200[39m in 22ms[2m (next.js: 849µs, proxy.ts: 2ms, application-code: 19ms)[22m
 POST /login [34m303[39m in 55ms[2m (next.js: 890µs, application-code: 54ms)[22m
  └─ ƒ loginAction({}) in 30ms [2msrc/app/login/actions.ts[22m
 GET /app/tags?tag=studio-systems [32m200[39m in 36ms[2m (next.js: 844µs, proxy.ts: 3ms, application-code: 32ms)[22m
 GET /login [32m200[39m in 15ms[2m (next.js: 795µs, application-code: 14ms)[22m
 GET /app [32m200[39m in 29ms[2m (next.js: 866µs, proxy.ts: 2ms, application-code: 26ms)[22m
 POST /login [34m303[39m in 63ms[2m (next.js: 983µs, application-code: 62ms)[22m
  └─ ƒ loginAction({}) in 30ms [2msrc/app/login/actions.ts[22m
 GET /app/tags?tag=studio-systems [32m200[39m in 34ms[2m (next.js: 948µs, proxy.ts: 3ms, application-code: 30ms)[22m
 GET /login [32m200[39m in 15ms[2m (next.js: 844µs, application-code: 14ms)[22m
 GET /app [32m200[39m in 22ms[2m (next.js: 1128µs, proxy.ts: 2ms, application-code: 19ms)[22m
 POST /login [34m303[39m in 56ms[2m (next.js: 974µs, application-code: 55ms)[22m
  └─ ƒ loginAction({}) in 30ms [2msrc/app/login/actions.ts[22m
 GET /app/search?q=rhythm [32m200[39m in 43ms[2m (next.js: 897µs, proxy.ts: 2ms, application-code: 40ms)[22m
 GET /login [32m200[39m in 16ms[2m (next.js: 747µs, application-code: 15ms)[22m
 GET /app [32m200[39m in 22ms[2m (next.js: 1012µs, proxy.ts: 2ms, application-code: 19ms)[22m
 POST /login [34m303[39m in 57ms[2m (next.js: 982µs, application-code: 56ms)[22m
  └─ ƒ loginAction({}) in 30ms [2msrc/app/login/actions.ts[22m
 GET /app/search?q=rhythm [32m200[39m in 36ms[2m (next.js: 1068µs, proxy.ts: 3ms, application-code: 33ms)[22m
 GET / [32m200[39m in 17ms[2m (next.js: 852µs, application-code: 17ms)[22m
 GET / [32m200[39m in 22ms[2m (next.js: 774µs, application-code: 21ms)[22m
 GET /notes/public-notes-should-read-like-finished-pages-not-dashboards [32m200[39m in 36ms[2m (next.js: 3ms, application-code: 33ms)[22m
 GET /notes/public-notes-should-read-like-finished-pages-not-dashboards [32m200[39m in 18ms[2m (next.js: 1743µs, application-code: 17ms)[22m
 GET / [32m200[39m in 17ms[2m (next.js: 854µs, application-code: 16ms)[22m
 GET / [32m200[39m in 17ms[2m (next.js: 756µs, application-code: 16ms)[22m
 GET / [32m200[39m in 20ms[2m (next.js: 821µs, application-code: 20ms)[22m
 GET /login [32m200[39m in 16ms[2m (next.js: 787µs, application-code: 15ms)[22m
 GET /login [32m200[39m in 21ms[2m (next.js: 826µs, application-code: 20ms)[22m
 GET /app [32m200[39m in 21ms[2m (next.js: 885µs, proxy.ts: 2ms, application-code: 18ms)[22m
 POST /login [34m303[39m in 56ms[2m (next.js: 943µs, application-code: 55ms)[22m
  └─ ƒ loginAction({}) in 30ms [2msrc/app/login/actions.ts[22m
 GET /login [32m200[39m in 15ms[2m (next.js: 780µs, application-code: 15ms)[22m
 GET /app [32m200[39m in 27ms[2m (next.js: 875µs, proxy.ts: 2ms, application-code: 24ms)[22m
 POST /login [34m303[39m in 60ms[2m (next.js: 974µs, application-code: 59ms)[22m
  └─ ƒ loginAction({}) in 29ms [2msrc/app/login/actions.ts[22m
