[main d2d47fd] ralph: 016-ai-enrichment-foundation 2026-03-21T02:39:53+09:00
 61 files changed, 2893 insertions(+), 161 deletions(-)
 create mode 100644 docs/design-docs/ai-enrichment-lifecycle.md
 create mode 100644 docs/design-docs/knowledge-studio-visual-system.md
 create mode 100644 docs/exec-plans/active/016-ai-enrichment-foundation.md
 create mode 100644 docs/exec-plans/active/017-note-ai-enrichment.md
 create mode 100644 docs/exec-plans/active/018-link-ai-enrichment.md
 create mode 100644 docs/exec-plans/active/019-knowledge-studio-ui-refresh.md
 create mode 100644 docs/exec-plans/active/020-ai-ui-hardening.md
 create mode 100644 docs/product-specs/knowledge-studio-ui-refresh.md
 create mode 100644 docs/product-specs/link-ai-enrichment.md
 create mode 100644 docs/product-specs/note-ai-enrichment.md
 create mode 100644 src/features/ai/client.ts
 create mode 100644 src/features/enrichment/service.ts
 create mode 100644 src/features/enrichment/types.ts
 create mode 100644 state/artifacts/20260321T022107-016-ai-enrichment-foundation/commit.log
 create mode 100644 state/artifacts/20260321T022107-016-ai-enrichment-foundation/evaluator.log
 create mode 100644 state/artifacts/20260321T022107-016-ai-enrichment-foundation/npm-run-verify-next-server.log
 create mode 100644 state/artifacts/20260321T022107-016-ai-enrichment-foundation/task-prompt.log
 create mode 100644 state/artifacts/20260321T022107-016-ai-enrichment-foundation/worker.jsonl
 create mode 100644 tests/e2e/ai-real.ts
 create mode 100644 tests/unit/ai-client.test.ts
 create mode 100644 tests/unit/enrichment-service.test.ts
commit: created
