
> minakeep@0.1.0 dev
> next dev --hostname 127.0.0.1 --port 3100

[1m[38;2;173;127;168m▲ Next.js 16.2.0[39m[22m (Turbopack)
- Local:         http://127.0.0.1:3100
- Network:       http://127.0.0.1:3100
- Environments: .env
[32m[1m✓[22m[39m Ready in 198ms

 GET /api/health [32m200[39m in 77ms[2m (next.js: 67ms, application-code: 10ms)[22m
 GET / [32m200[39m in 247ms[2m (next.js: 28ms, application-code: 219ms)[22m
 GET /login [32m200[39m in 247ms[2m (next.js: 155ms, application-code: 91ms)[22m
 GET /login?callbackUrl=http%3A%2F%2Flocalhost%3A3100%2Fapp%2Fsearch [32m200[39m in 30ms[2m (next.js: 3ms, application-code: 27ms)[22m
 GET /app [32m200[39m in 118ms[2m (next.js: 27ms, proxy.ts: 13ms, application-code: 78ms)[22m
 POST /login [34m303[39m in 177ms[2m (next.js: 1061µs, application-code: 176ms)[22m
  └─ ƒ loginAction({}) in 49ms [2msrc/app/login/actions.ts[22m
 GET /login?callbackUrl=http%3A%2F%2Flocalhost%3A3100%2Fapp%2Fnotes%2Fnew [32m200[39m in 24ms[2m (next.js: 954µs, application-code: 23ms)[22m
 GET /app [32m200[39m in 32ms[2m (next.js: 1030µs, proxy.ts: 3ms, application-code: 28ms)[22m
 POST /login?callbackUrl=http%3A%2F%2Flocalhost%3A3100%2Fapp%2Fnotes%2Fnew [34m303[39m in 66ms[2m (next.js: 1071µs, application-code: 65ms)[22m
  └─ ƒ loginAction({}) in 29ms [2msrc/app/login/actions.ts[22m
 GET /app/notes/new [32m200[39m in 43ms[2m (next.js: 26ms, proxy.ts: 4ms, application-code: 14ms)[22m
 GET /app/notes/cmmz6ld62000024yba4z9pfk0/edit?saved=1 [32m200[39m in 226ms[2m (next.js: 198ms, proxy.ts: 3ms, application-code: 25ms)[22m
 POST /app/notes/new [34m303[39m in 254ms[2m (next.js: 1133µs, proxy.ts: 4ms, application-code: 249ms)[22m
  └─ ƒ createNoteAction({}) in 18ms [2msrc/app/app/notes/actions.ts[22m
 POST /app/notes/cmmz6ld62000024yba4z9pfk0/edit?saved=1 [34m303[39m in 97ms[2m (next.js: 4ms, proxy.ts: 6ms, application-code: 88ms)[22m
  └─ ƒ updateNoteAction("cmmz6ld62000024yba4z9pfk0", {}) in 21ms [2msrc/app/app/notes/actions.ts[22m
 GET /app/notes/cmmz6ld62000024yba4z9pfk0/edit?saved=1 [32m200[39m in 102ms[2m (next.js: 10ms, proxy.ts: 70ms, application-code: 23ms)[22m
 GET /app [32m200[39m in 134ms[2m (next.js: 1171µs, proxy.ts: 9ms, application-code: 124ms)[22m
 GET /app/notes/cmmz6ld62000024yba4z9pfk0/edit [32m200[39m in 20ms[2m (next.js: 1486µs, proxy.ts: 3ms, application-code: 15ms)[22m
 GET /login [32m200[39m in 14ms[2m (next.js: 789µs, application-code: 13ms)[22m
 GET /app [32m200[39m in 30ms[2m (next.js: 986µs, proxy.ts: 3ms, application-code: 27ms)[22m
 POST /login [34m303[39m in 63ms[2m (next.js: 990µs, application-code: 62ms)[22m
  └─ ƒ loginAction({}) in 28ms [2msrc/app/login/actions.ts[22m
 GET /app/notes/new [32m200[39m in 36ms[2m (next.js: 1507µs, proxy.ts: 8ms, application-code: 27ms)[22m
 GET /app/notes/cmmz6le19000124ybi9as59cp/edit?saved=1 [32m200[39m in 21ms[2m (next.js: 2ms, proxy.ts: 2ms, application-code: 17ms)[22m
 POST /app/notes/new [34m303[39m in 35ms[2m (next.js: 965µs, proxy.ts: 3ms, application-code: 31ms)[22m
  └─ ƒ createNoteAction({}) in 6ms [2msrc/app/app/notes/actions.ts[22m
 GET /app/notes/cmmz6le19000124ybi9as59cp/edit?published=1 [32m200[39m in 21ms[2m (next.js: 1273µs, proxy.ts: 3ms, application-code: 17ms)[22m
 POST /app/notes/cmmz6le19000124ybi9as59cp/edit?saved=1 [34m303[39m in 35ms[2m (next.js: 1769µs, proxy.ts: 3ms, application-code: 30ms)[22m
  └─ ƒ publishNoteAction("cmmz6le19000124ybi9as59cp") in 5ms [2msrc/app/app/notes/actions.ts[22m
 GET / [32m200[39m in 14ms[2m (next.js: 825µs, application-code: 13ms)[22m
 GET /notes/public-note-1774028212882 [32m200[39m in 191ms[2m (next.js: 176ms, application-code: 15ms)[22m
 GET /app [32m200[39m in 74ms[2m (next.js: 1528µs, proxy.ts: 6ms, application-code: 66ms)[22m
 GET /app/notes/cmmz6le19000124ybi9as59cp/edit [32m200[39m in 19ms[2m (next.js: 2ms, proxy.ts: 3ms, application-code: 14ms)[22m
 GET /app/notes/cmmz6le19000124ybi9as59cp/edit?unpublished=1 [32m200[39m in 20ms[2m (next.js: 1288µs, proxy.ts: 2ms, application-code: 16ms)[22m
 POST /app/notes/cmmz6le19000124ybi9as59cp/edit [34m303[39m in 34ms[2m (next.js: 1427µs, proxy.ts: 3ms, application-code: 29ms)[22m
  └─ ƒ unpublishNoteAction("cmmz6le19000124ybi9as59cp") in 5ms [2msrc/app/app/notes/actions.ts[22m
 GET / [32m200[39m in 13ms[2m (next.js: 837µs, application-code: 12ms)[22m
 GET /notes/public-note-1774028212882 [33m404[39m in 23ms[2m (next.js: 1746µs, application-code: 22ms)[22m
 GET /login [32m200[39m in 16ms[2m (next.js: 821µs, application-code: 15ms)[22m
 GET /app [32m200[39m in 31ms[2m (next.js: 892µs, proxy.ts: 3ms, application-code: 28ms)[22m
 POST /login [34m303[39m in 62ms[2m (next.js: 916µs, application-code: 61ms)[22m
  └─ ƒ loginAction({}) in 27ms [2msrc/app/login/actions.ts[22m
 GET /app/links [32m200[39m in 230ms[2m (next.js: 204ms, proxy.ts: 3ms, application-code: 23ms)[22m
 GET /app/links?saved=1 [32m200[39m in 34ms[2m (next.js: 842µs, proxy.ts: 2ms, application-code: 31ms)[22m
 POST /app/links [34m303[39m in 51ms[2m (next.js: 997µs, proxy.ts: 3ms, application-code: 47ms)[22m
  └─ ƒ createLinkAction({}) in 9ms [2msrc/app/app/links/actions.ts[22m
 GET / [32m200[39m in 15ms[2m (next.js: 845µs, application-code: 14ms)[22m
 GET /login [32m200[39m in 14ms[2m (next.js: 797µs, application-code: 13ms)[22m
 GET /app [32m200[39m in 31ms[2m (next.js: 819µs, proxy.ts: 3ms, application-code: 28ms)[22m
 POST /login [34m303[39m in 64ms[2m (next.js: 997µs, application-code: 63ms)[22m
  └─ ƒ loginAction({}) in 29ms [2msrc/app/login/actions.ts[22m
 GET /app/links [32m200[39m in 27ms[2m (next.js: 1465µs, proxy.ts: 4ms, application-code: 22ms)[22m
 GET /app/links?error=invalid-url [32m200[39m in 34ms[2m (next.js: 820µs, proxy.ts: 2ms, application-code: 31ms)[22m
 POST /app/links [34m303[39m in 46ms[2m (next.js: 1041µs, proxy.ts: 3ms, application-code: 41ms)[22m
  └─ ƒ createLinkAction({}) in 3ms [2msrc/app/app/links/actions.ts[22m
 GET /login [32m200[39m in 14ms[2m (next.js: 809µs, application-code: 14ms)[22m
 GET /app [32m200[39m in 30ms[2m (next.js: 759µs, proxy.ts: 3ms, application-code: 27ms)[22m
 POST /login [34m303[39m in 62ms[2m (next.js: 924µs, application-code: 61ms)[22m
  └─ ƒ loginAction({}) in 28ms [2msrc/app/login/actions.ts[22m
 GET /app/notes/new [32m200[39m in 15ms[2m (next.js: 978µs, proxy.ts: 3ms, application-code: 11ms)[22m
 GET /app/notes/cmmz6lgcu000324ybknvon51b/edit?saved=1 [32m200[39m in 26ms[2m (next.js: 2ms, proxy.ts: 2ms, application-code: 22ms)[22m
 POST /app/notes/new [34m303[39m in 43ms[2m (next.js: 991µs, proxy.ts: 3ms, application-code: 38ms)[22m
  └─ ƒ createNoteAction({}) in 9ms [2msrc/app/app/notes/actions.ts[22m
 GET /app/links [32m200[39m in 61ms[2m (next.js: 918µs, proxy.ts: 3ms, application-code: 58ms)[22m
 GET /app/links?saved=1 [32m200[39m in 29ms[2m (next.js: 801µs, proxy.ts: 2ms, application-code: 26ms)[22m
 POST /app/links [34m303[39m in 45ms[2m (next.js: 1050µs, proxy.ts: 3ms, application-code: 41ms)[22m
  └─ ƒ createLinkAction({}) in 8ms [2msrc/app/app/links/actions.ts[22m
 GET /app/tags?tag=note-only-1774028215904 [32m200[39m in 209ms[2m (next.js: 150ms, proxy.ts: 3ms, application-code: 56ms)[22m
 GET /app/tags?tag=link-only-1774028215904 [32m200[39m in 53ms[2m (next.js: 810µs, proxy.ts: 3ms, application-code: 50ms)[22m
 GET /app/tags?tag=shared-1774028215904 [32m200[39m in 40ms[2m (next.js: 840µs, proxy.ts: 3ms, application-code: 36ms)[22m
 GET /app/search?q=Filtered%20note%201774028215904 [32m200[39m in 172ms[2m (next.js: 129ms, proxy.ts: 3ms, application-code: 41ms)[22m
 GET /app/search?q=url-needle-1774028215904 [32m200[39m in 34ms[2m (next.js: 907µs, proxy.ts: 7ms, application-code: 26ms)[22m
 GET /app/search?q=search-tag-1774028215904 [32m200[39m in 26ms[2m (next.js: 781µs, proxy.ts: 3ms, application-code: 23ms)[22m
