
> minakeep@0.1.0 dev
> next dev --hostname 127.0.0.1 --port 3100

[1m[38;2;173;127;168m▲ Next.js 16.2.0[39m[22m (Turbopack)
- Local:         http://127.0.0.1:3100
- Network:       http://127.0.0.1:3100
- Environments: .env
[32m[1m✓[22m[39m Ready in 198ms

 GET /api/health [32m200[39m in 107ms[2m (next.js: 96ms, application-code: 11ms)[22m
 GET /login [32m200[39m in 166ms[2m (next.js: 52ms, application-code: 114ms)[22m
 GET /app [32m200[39m in 112ms[2m (next.js: 24ms, proxy.ts: 36ms, application-code: 52ms)[22m
 POST /login [34m303[39m in 218ms[2m (next.js: 1177µs, application-code: 216ms)[22m
  └─ ƒ loginAction({}) in 96ms [2msrc/app/login/actions.ts[22m
 GET / [32m200[39m in 50ms[2m (next.js: 10ms, application-code: 41ms)[22m
 GET /login?callbackUrl=http%3A%2F%2Flocalhost%3A3100%2Fapp%2Fsearch [32m200[39m in 20ms[2m (next.js: 870µs, application-code: 19ms)[22m
 GET /login?callbackUrl=http%3A%2F%2Flocalhost%3A3100%2Fapp%2Fnotes%2Fnew [32m200[39m in 23ms[2m (next.js: 923µs, application-code: 22ms)[22m
 GET /app [32m200[39m in 22ms[2m (next.js: 1006µs, proxy.ts: 3ms, application-code: 18ms)[22m
 POST /login?callbackUrl=http%3A%2F%2Flocalhost%3A3100%2Fapp%2Fnotes%2Fnew [34m303[39m in 56ms[2m (next.js: 1109µs, application-code: 55ms)[22m
  └─ ƒ loginAction({}) in 29ms [2msrc/app/login/actions.ts[22m
 GET /app/notes/new [32m200[39m in 36ms[2m (next.js: 20ms, proxy.ts: 3ms, application-code: 13ms)[22m
 GET /app/notes/cmn14qpyh0000nkybxokn1yn9/edit?saved=1 [32m200[39m in 229ms[2m (next.js: 204ms, proxy.ts: 3ms, application-code: 21ms)[22m
 POST /app/notes/new [34m303[39m in 258ms[2m (next.js: 1394µs, proxy.ts: 3ms, application-code: 253ms)[22m
  └─ ƒ createNoteAction({}) in 20ms [2msrc/app/app/notes/actions.ts[22m
 POST /app/notes/cmn14qpyh0000nkybxokn1yn9/edit?saved=1 [34m303[39m in 139ms[2m (next.js: 4ms, proxy.ts: 5ms, application-code: 130ms)[22m
  └─ ƒ updateNoteAction("cmn14qpyh0000nkybxokn1yn9", {}) in 29ms [2msrc/app/app/notes/actions.ts[22m
 GET /app [32m200[39m in 188ms[2m (next.js: 1057µs, proxy.ts: 9ms, application-code: 178ms)[22m
 GET /app/notes/cmn14qpyh0000nkybxokn1yn9/edit?saved=1 [32m200[39m in 153ms[2m (next.js: 13ms, proxy.ts: 104ms, application-code: 36ms)[22m
 GET /app/notes/cmn14qpyh0000nkybxokn1yn9/edit [32m200[39m in 21ms[2m (next.js: 1706µs, proxy.ts: 4ms, application-code: 16ms)[22m
 GET /login [32m200[39m in 19ms[2m (next.js: 780µs, application-code: 19ms)[22m
 GET /app [32m200[39m in 29ms[2m (next.js: 1016µs, proxy.ts: 3ms, application-code: 25ms)[22m
 POST /login [34m303[39m in 64ms[2m (next.js: 983µs, application-code: 63ms)[22m
  └─ ƒ loginAction({}) in 30ms [2msrc/app/login/actions.ts[22m
 GET /app/notes/new [32m200[39m in 16ms[2m (next.js: 931µs, proxy.ts: 3ms, application-code: 12ms)[22m
 GET /app/notes/cmn14qqw40001nkyb5m0bdhig/edit?saved=1 [32m200[39m in 24ms[2m (next.js: 2ms, proxy.ts: 2ms, application-code: 19ms)[22m
 POST /app/notes/new [34m303[39m in 39ms[2m (next.js: 1457µs, proxy.ts: 3ms, application-code: 35ms)[22m
  └─ ƒ createNoteAction({}) in 7ms [2msrc/app/app/notes/actions.ts[22m
 POST /api/test/mina/chat/completions [32m200[39m in 1513ms[2m (next.js: 13ms, application-code: 1500ms)[22m
 GET /app/notes/cmn14qqw40001nkyb5m0bdhig/edit?saved=1 [32m200[39m in 36ms[2m (next.js: 5ms, proxy.ts: 6ms, application-code: 25ms)[22m
 GET /app/notes/cmn14qqw40001nkyb5m0bdhig/edit?retried=1 [32m200[39m in 25ms[2m (next.js: 1609µs, proxy.ts: 3ms, application-code: 21ms)[22m
 POST /app/notes/cmn14qqw40001nkyb5m0bdhig/edit?saved=1 [34m303[39m in 46ms[2m (next.js: 4ms, proxy.ts: 5ms, application-code: 36ms)[22m
  └─ ƒ retryNoteEnrichmentAction("cmn14qqw40001nkyb5m0bdhig") in 6ms [2msrc/app/app/notes/actions.ts[22m
 POST /api/test/mina/chat/completions [32m200[39m in 1511ms[2m (next.js: 632µs, application-code: 1511ms)[22m
 GET /app/notes/cmn14qqw40001nkyb5m0bdhig/edit?retried=1 [32m200[39m in 61ms[2m (next.js: 4ms, proxy.ts: 18ms, application-code: 39ms)[22m
 GET /login [32m200[39m in 18ms[2m (next.js: 944µs, application-code: 17ms)[22m
 GET /app [32m200[39m in 23ms[2m (next.js: 917µs, proxy.ts: 3ms, application-code: 19ms)[22m
 POST /login [34m303[39m in 58ms[2m (next.js: 910µs, application-code: 57ms)[22m
  └─ ƒ loginAction({}) in 31ms [2msrc/app/login/actions.ts[22m
 GET /app/notes/new [32m200[39m in 16ms[2m (next.js: 868µs, proxy.ts: 3ms, application-code: 12ms)[22m
 GET /app/notes/cmn14qvww0002nkybtfs9ac4g/edit?saved=1 [32m200[39m in 26ms[2m (next.js: 2ms, proxy.ts: 4ms, application-code: 20ms)[22m
 POST /app/notes/new [34m303[39m in 40ms[2m (next.js: 883µs, proxy.ts: 3ms, application-code: 36ms)[22m
  └─ ƒ createNoteAction({}) in 6ms [2msrc/app/app/notes/actions.ts[22m
 GET /app/notes/cmn14qvww0002nkybtfs9ac4g/edit?published=1 [32m200[39m in 22ms[2m (next.js: 1240µs, proxy.ts: 2ms, application-code: 18ms)[22m
 POST /app/notes/cmn14qvww0002nkybtfs9ac4g/edit?saved=1 [34m303[39m in 35ms[2m (next.js: 2ms, proxy.ts: 3ms, application-code: 30ms)[22m
  └─ ƒ publishNoteAction("cmn14qvww0002nkybtfs9ac4g") in 5ms [2msrc/app/app/notes/actions.ts[22m
 GET / [32m200[39m in 18ms[2m (next.js: 882µs, application-code: 17ms)[22m
 GET /notes/public-note-1774146042431 [32m200[39m in 202ms[2m (next.js: 186ms, application-code: 16ms)[22m
 GET /app [32m200[39m in 45ms[2m (next.js: 978µs, proxy.ts: 3ms, application-code: 41ms)[22m
 GET /app/notes/cmn14qvww0002nkybtfs9ac4g/edit [32m200[39m in 27ms[2m (next.js: 2ms, proxy.ts: 3ms, application-code: 21ms)[22m
 GET /app/notes/cmn14qvww0002nkybtfs9ac4g/edit?unpublished=1 [32m200[39m in 23ms[2m (next.js: 1430µs, proxy.ts: 3ms, application-code: 19ms)[22m
 POST /app/notes/cmn14qvww0002nkybtfs9ac4g/edit [34m303[39m in 36ms[2m (next.js: 2ms, proxy.ts: 3ms, application-code: 31ms)[22m
  └─ ƒ unpublishNoteAction("cmn14qvww0002nkybtfs9ac4g") in 6ms [2msrc/app/app/notes/actions.ts[22m
 GET / [32m200[39m in 18ms[2m (next.js: 864µs, application-code: 17ms)[22m
 GET /notes/public-note-1774146042431 [33m404[39m in 37ms[2m (next.js: 1805µs, application-code: 35ms)[22m
 GET /login [32m200[39m in 22ms[2m (next.js: 806µs, application-code: 21ms)[22m
 GET /app [32m200[39m in 24ms[2m (next.js: 926µs, proxy.ts: 3ms, application-code: 20ms)[22m
 POST /login [34m303[39m in 58ms[2m (next.js: 918µs, application-code: 57ms)[22m
  └─ ƒ loginAction({}) in 30ms [2msrc/app/login/actions.ts[22m
 GET /app/links [32m200[39m in 39ms[2m (next.js: 19ms, proxy.ts: 3ms, application-code: 17ms)[22m
 GET /app/links?saved=1 [32m200[39m in 24ms[2m (next.js: 861µs, proxy.ts: 2ms, application-code: 21ms)[22m
 POST /app/links [34m303[39m in 40ms[2m (next.js: 971µs, proxy.ts: 3ms, application-code: 36ms)[22m
  └─ ƒ createLinkAction({}) in 8ms [2msrc/app/app/links/actions.ts[22m
 POST /api/test/mina/chat/completions [32m200[39m in 2ms[2m (next.js: 658µs, application-code: 1776µs)[22m
{"level":"warn","message":"Link favicon could not be resolved.","metadata":{"linkId":"cmn14qx530004nkybny0zu23x","url":"https://example.com/reference-1774146044035"},"timestamp":"2026-03-22T02:20:44.596Z"}
 GET /app/links?saved=1 [32m200[39m in 43ms[2m (next.js: 1263µs, proxy.ts: 4ms, application-code: 38ms)[22m
 GET / [32m200[39m in 28ms[2m (next.js: 1806µs, application-code: 26ms)[22m
 GET /login [32m200[39m in 16ms[2m (next.js: 785µs, application-code: 16ms)[22m
 GET /app [32m200[39m in 24ms[2m (next.js: 902µs, proxy.ts: 3ms, application-code: 20ms)[22m
 POST /login [34m303[39m in 59ms[2m (next.js: 919µs, application-code: 58ms)[22m
  └─ ƒ loginAction({}) in 30ms [2msrc/app/login/actions.ts[22m
 GET /app/links [32m200[39m in 21ms[2m (next.js: 889µs, proxy.ts: 3ms, application-code: 17ms)[22m
 GET /app/links?saved=1 [32m200[39m in 24ms[2m (next.js: 730µs, proxy.ts: 2ms, application-code: 21ms)[22m
 POST /app/links [34m303[39m in 39ms[2m (next.js: 953µs, proxy.ts: 3ms, application-code: 34ms)[22m
  └─ ƒ createLinkAction({}) in 6ms [2msrc/app/app/links/actions.ts[22m
 POST /api/test/mina/chat/completions [32m200[39m in 2ms[2m (next.js: 678µs, application-code: 1821µs)[22m
{"level":"warn","message":"Link favicon could not be resolved.","metadata":{"linkId":"cmn14qzuz0005nkyb8vm48tuc","url":"https://example.com/published-link-1774146047573"},"timestamp":"2026-03-22T02:20:48.127Z"}
 GET /app/links?saved=1 [32m200[39m in 45ms[2m (next.js: 1897µs, proxy.ts: 10ms, application-code: 33ms)[22m
 GET /app/links?published=1 [32m200[39m in 29ms[2m (next.js: 1060µs, proxy.ts: 3ms, application-code: 25ms)[22m
 POST /app/links?saved=1 [34m303[39m in 50ms[2m (next.js: 1703µs, proxy.ts: 6ms, application-code: 42ms)[22m
  └─ ƒ publishLinkAction("cmn14qzuz0005nkyb8vm48tuc") in 8ms [2msrc/app/app/links/actions.ts[22m
 GET / [32m200[39m in 18ms[2m (next.js: 884µs, application-code: 17ms)[22m
 GET /app/links [32m200[39m in 77ms[2m (next.js: 852µs, proxy.ts: 2ms, application-code: 74ms)[22m
 GET /app/links?unpublished=1 [32m200[39m in 24ms[2m (next.js: 743µs, proxy.ts: 2ms, application-code: 21ms)[22m
 POST /app/links [34m303[39m in 38ms[2m (next.js: 868µs, proxy.ts: 3ms, application-code: 34ms)[22m
  └─ ƒ unpublishLinkAction("cmn14qzuz0005nkyb8vm48tuc") in 6ms [2msrc/app/app/links/actions.ts[22m
 GET / [32m200[39m in 18ms[2m (next.js: 893µs, application-code: 17ms)[22m
 GET /login [32m200[39m in 18ms[2m (next.js: 782µs, application-code: 18ms)[22m
 GET /app [32m200[39m in 24ms[2m (next.js: 941µs, proxy.ts: 2ms, application-code: 21ms)[22m
 POST /login [34m303[39m in 60ms[2m (next.js: 1007µs, application-code: 59ms)[22m
  └─ ƒ loginAction({}) in 30ms [2msrc/app/login/actions.ts[22m
 GET /app/links [32m200[39m in 24ms[2m (next.js: 928µs, proxy.ts: 3ms, application-code: 20ms)[22m
 GET /app/links?saved=1 [32m200[39m in 31ms[2m (next.js: 904µs, proxy.ts: 2ms, application-code: 28ms)[22m
 POST /app/links [34m303[39m in 43ms[2m (next.js: 878µs, proxy.ts: 3ms, application-code: 39ms)[22m
  └─ ƒ createLinkAction({}) in 5ms [2msrc/app/app/links/actions.ts[22m
{"level":"warn","message":"Link favicon could not be resolved.","metadata":{"linkId":"cmn14r2z70006nkybmzrz65uv","url":"https://example.com/retry-link-1774146051607"},"timestamp":"2026-03-22T02:20:52.144Z"}
 POST /api/test/mina/chat/completions [32m200[39m in 1514ms[2m (next.js: 759µs, application-code: 1513ms)[22m
 GET /app/links?saved=1 [32m200[39m in 41ms[2m (next.js: 3ms, proxy.ts: 7ms, application-code: 32ms)[22m
 GET /app/links?retried=1 [32m200[39m in 31ms[2m (next.js: 998µs, proxy.ts: 3ms, application-code: 27ms)[22m
 POST /app/links?saved=1 [34m303[39m in 50ms[2m (next.js: 1591µs, proxy.ts: 7ms, application-code: 42ms)[22m
  └─ ƒ retryLinkEnrichmentAction("cmn14r2z70006nkybmzrz65uv") in 7ms [2msrc/app/app/links/actions.ts[22m
 POST /api/test/mina/chat/completions [32m200[39m in 1509ms[2m (next.js: 566µs, application-code: 1509ms)[22m
 GET /app/links?retried=1 [32m200[39m in 50ms[2m (next.js: 3ms, proxy.ts: 10ms, application-code: 37ms)[22m
 GET /login [32m200[39m in 31ms[2m (next.js: 908µs, application-code: 30ms)[22m
 GET /app [32m200[39m in 25ms[2m (next.js: 1292µs, proxy.ts: 2ms, application-code: 22ms)[22m
 POST /login [34m303[39m in 60ms[2m (next.js: 977µs, application-code: 59ms)[22m
  └─ ƒ loginAction({}) in 30ms [2msrc/app/login/actions.ts[22m
 GET /app/links [32m200[39m in 24ms[2m (next.js: 930µs, proxy.ts: 3ms, application-code: 20ms)[22m
 GET /app/links?error=invalid-url [32m200[39m in 25ms[2m (next.js: 742µs, proxy.ts: 2ms, application-code: 22ms)[22m
 POST /app/links [34m303[39m in 35ms[2m (next.js: 1180µs, proxy.ts: 3ms, application-code: 30ms)[22m
  └─ ƒ createLinkAction({}) in 2ms [2msrc/app/app/links/actions.ts[22m
 GET /login [32m200[39m in 14ms[2m (next.js: 734µs, application-code: 14ms)[22m
 GET /app [32m200[39m in 23ms[2m (next.js: 897µs, proxy.ts: 2ms, application-code: 20ms)[22m
 POST /login [34m303[39m in 57ms[2m (next.js: 927µs, application-code: 56ms)[22m
  └─ ƒ loginAction({}) in 29ms [2msrc/app/login/actions.ts[22m
 GET /app/notes/new [32m200[39m in 16ms[2m (next.js: 1342µs, proxy.ts: 3ms, application-code: 11ms)[22m
 GET /app/notes/cmn14r8hd0007nkyb6ypcrfyi/edit?saved=1 [32m200[39m in 25ms[2m (next.js: 2ms, proxy.ts: 3ms, application-code: 20ms)[22m
 POST /app/notes/new [34m303[39m in 39ms[2m (next.js: 899µs, proxy.ts: 3ms, application-code: 36ms)[22m
  └─ ƒ createNoteAction({}) in 7ms [2msrc/app/app/notes/actions.ts[22m
 GET /app/links [32m200[39m in 60ms[2m (next.js: 988µs, proxy.ts: 3ms, application-code: 56ms)[22m
 GET /app/links?saved=1 [32m200[39m in 34ms[2m (next.js: 932µs, proxy.ts: 2ms, application-code: 31ms)[22m
 POST /app/links [34m303[39m in 48ms[2m (next.js: 1068µs, proxy.ts: 3ms, application-code: 44ms)[22m
  └─ ƒ createLinkAction({}) in 6ms [2msrc/app/app/links/actions.ts[22m
 POST /api/test/mina/chat/completions [32m200[39m in 2ms[2m (next.js: 743µs, application-code: 1614µs)[22m
{"level":"warn","message":"Link favicon could not be resolved.","metadata":{"linkId":"cmn14r8od0008nkybyb85oe4i","url":"https://example.com/url-needle-1774146058705"},"timestamp":"2026-03-22T02:20:59.520Z"}
 GET /app/links?saved=1 [32m200[39m in 52ms[2m (next.js: 3ms, proxy.ts: 10ms, application-code: 38ms)[22m
 GET /app/tags?tag=ai-owned [32m200[39m in 151ms[2m (next.js: 27ms, proxy.ts: 6ms, application-code: 118ms)[22m
 GET /app/tags [32m200[39m in 63ms[2m (next.js: 755µs, proxy.ts: 3ms, application-code: 60ms)[22m
 GET /app/search?q=Filtered%20note%201774146058705 [32m200[39m in 85ms[2m (next.js: 17ms, proxy.ts: 2ms, application-code: 66ms)[22m
 GET /app/search?q=url-needle-1774146058705 [32m200[39m in 58ms[2m (next.js: 781µs, proxy.ts: 3ms, application-code: 55ms)[22m
 GET /app/search?q=ai-owned [32m200[39m in 50ms[2m (next.js: 1030µs, proxy.ts: 3ms, application-code: 46ms)[22m
 GET /login [32m200[39m in 14ms[2m (next.js: 871µs, application-code: 14ms)[22m
 GET /app [32m200[39m in 24ms[2m (next.js: 898µs, proxy.ts: 3ms, application-code: 21ms)[22m
 POST /login [34m303[39m in 58ms[2m (next.js: 876µs, application-code: 57ms)[22m
  └─ ƒ loginAction({}) in 29ms [2msrc/app/login/actions.ts[22m
 GET /app/links [32m200[39m in 27ms[2m (next.js: 860µs, proxy.ts: 3ms, application-code: 23ms)[22m
 GET /app/links?saved=1 [32m200[39m in 31ms[2m (next.js: 890µs, proxy.ts: 2ms, application-code: 28ms)[22m
 POST /app/links [34m303[39m in 50ms[2m (next.js: 992µs, proxy.ts: 10ms, application-code: 40ms)[22m
  └─ ƒ createLinkAction({}) in 6ms [2msrc/app/app/links/actions.ts[22m
{"level":"warn","message":"Link favicon could not be resolved.","metadata":{"linkId":"cmn14rbut0009nkybkho4ugu5","url":"https://example.com/ai-enriched-link-1774146063086"},"timestamp":"2026-03-22T02:21:03.685Z"}
 GET /app/links?saved=1 [32m200[39m in 55ms[2m (next.js: 4ms, proxy.ts: 10ms, application-code: 41ms)[22m
 GET /app/search?q=ai [32m200[39m in 60ms[2m (next.js: 1848µs, proxy.ts: 6ms, application-code: 53ms)[22m
 GET /app/tags?tag=ai [32m200[39m in 71ms[2m (next.js: 1418µs, proxy.ts: 9ms, application-code: 61ms)[22m
 GET /login [32m200[39m in 15ms[2m (next.js: 810µs, application-code: 14ms)[22m
 GET /app [32m200[39m in 26ms[2m (next.js: 906µs, proxy.ts: 3ms, application-code: 22ms)[22m
 POST /login [34m303[39m in 61ms[2m (next.js: 867µs, application-code: 60ms)[22m
  └─ ƒ loginAction({}) in 31ms [2msrc/app/login/actions.ts[22m
 GET /app/links [32m200[39m in 60ms[2m (next.js: 849µs, proxy.ts: 3ms, application-code: 57ms)[22m
 GET /app/links?saved=1 [32m200[39m in 30ms[2m (next.js: 788µs, proxy.ts: 2ms, application-code: 27ms)[22m
 POST /app/links [34m303[39m in 43ms[2m (next.js: 794µs, proxy.ts: 3ms, application-code: 39ms)[22m
  └─ ƒ createLinkAction({}) in 7ms [2msrc/app/app/links/actions.ts[22m
 POST /api/test/mina/chat/completions [32m200[39m in 2ms[2m (next.js: 681µs, application-code: 1646µs)[22m
 GET /app/links?saved=1 [32m200[39m in 53ms[2m (next.js: 3ms, proxy.ts: 9ms, application-code: 42ms)[22m
 GET /media/39006512-31f1-47e7-a132-f553c901430f [32m200[39m in 440ms[2m (next.js: 430ms, application-code: 10ms)[22m
 GET /app/links?published=1 [32m200[39m in 49ms[2m (next.js: 1240µs, proxy.ts: 3ms, application-code: 44ms)[22m
 POST /app/links?saved=1 [34m303[39m in 66ms[2m (next.js: 1635µs, proxy.ts: 5ms, application-code: 60ms)[22m
  └─ ƒ publishLinkAction("cmn14repn000cnkybu8edk9li") in 6ms [2msrc/app/app/links/actions.ts[22m
 GET /media/39006512-31f1-47e7-a132-f553c901430f [32m200[39m in 9ms[2m (next.js: 2ms, application-code: 7ms)[22m
 GET / [32m200[39m in 20ms[2m (next.js: 3ms, application-code: 18ms)[22m
 GET /media/39006512-31f1-47e7-a132-f553c901430f [32m200[39m in 11ms[2m (next.js: 1451µs, application-code: 10ms)[22m
 GET /app/links [32m200[39m in 64ms[2m (next.js: 822µs, proxy.ts: 3ms, application-code: 60ms)[22m
 GET /media/39006512-31f1-47e7-a132-f553c901430f [32m200[39m in 13ms[2m (next.js: 1030µs, application-code: 12ms)[22m
 GET /app/links?saved=1 [32m200[39m in 35ms[2m (next.js: 4ms, proxy.ts: 2ms, application-code: 29ms)[22m
 POST /app/links [34m303[39m in 49ms[2m (next.js: 796µs, proxy.ts: 3ms, application-code: 45ms)[22m
  └─ ƒ createLinkAction({}) in 7ms [2msrc/app/app/links/actions.ts[22m
{"level":"warn","message":"Link favicon cache failed.","metadata":{"error":"Configured link favicon fetch failure for Playwright.","linkId":"cmn14rha8000dnkyb3a4fyq5p","url":"https://example.com/fallback-favicon-1774146066810"},"timestamp":"2026-03-22T02:21:10.632Z"}
 POST /api/test/mina/chat/completions [32m200[39m in 1718µs[2m (next.js: 558µs, application-code: 1160µs)[22m
 GET /media/39006512-31f1-47e7-a132-f553c901430f [32m200[39m in 9ms[2m (next.js: 4ms, application-code: 6ms)[22m
 GET /app/links?saved=1 [32m200[39m in 49ms[2m (next.js: 2ms, proxy.ts: 7ms, application-code: 40ms)[22m
 GET /app/links?favicon=1 [32m200[39m in 45ms[2m (next.js: 925µs, proxy.ts: 3ms, application-code: 41ms)[22m
 POST /app/links?saved=1 [34m303[39m in 63ms[2m (next.js: 1329µs, proxy.ts: 5ms, application-code: 57ms)[22m
  └─ ƒ refreshLinkFaviconAction("cmn14rha8000dnkyb3a4fyq5p") in 8ms [2msrc/app/app/links/actions.ts[22m
 GET /media/39006512-31f1-47e7-a132-f553c901430f [32m200[39m in 11ms[2m (next.js: 2ms, application-code: 8ms)[22m
 GET /media/0ebd3b28-d8da-43a3-a1a4-c8647f3f1d34 [32m200[39m in 11ms[2m (next.js: 4ms, application-code: 7ms)[22m
 GET /media/draft-note-image-1774146073844 [33m404[39m in 4ms[2m (next.js: 717µs, application-code: 3ms)[22m
 GET /login [32m200[39m in 16ms[2m (next.js: 715µs, application-code: 15ms)[22m
 GET /app [32m200[39m in 22ms[2m (next.js: 901µs, proxy.ts: 2ms, application-code: 19ms)[22m
 POST /login [34m303[39m in 61ms[2m (next.js: 1089µs, application-code: 60ms)[22m
  └─ ƒ loginAction({}) in 33ms [2msrc/app/login/actions.ts[22m
 GET /media/draft-note-image-1774146073844 [32m200[39m in 10ms[2m (next.js: 1846µs, application-code: 8ms)[22m
 GET /media/draft-note-image-1774146073844 [32m200[39m in 6ms[2m (next.js: 626µs, application-code: 5ms)[22m
 GET /media/published-note-image-1774146074195 [32m200[39m in 5ms[2m (next.js: 1337µs, application-code: 4ms)[22m
 GET /media/hidden-note-image-1774146074195 [33m404[39m in 4ms[2m (next.js: 694µs, application-code: 4ms)[22m
 GET /media/published-link-favicon-1774146074195 [32m200[39m in 5ms[2m (next.js: 672µs, application-code: 4ms)[22m
 GET /login [32m200[39m in 15ms[2m (next.js: 785µs, application-code: 14ms)[22m
 GET /app [32m200[39m in 22ms[2m (next.js: 829µs, proxy.ts: 3ms, application-code: 19ms)[22m
 POST /login [34m303[39m in 57ms[2m (next.js: 928µs, application-code: 56ms)[22m
  └─ ƒ loginAction({}) in 31ms [2msrc/app/login/actions.ts[22m
 GET /media/published-note-image-1774146074195 [32m200[39m in 11ms[2m (next.js: 1371µs, application-code: 10ms)[22m
 GET /app/notes/new [32m200[39m in 17ms[2m (next.js: 2ms, proxy.ts: 3ms, application-code: 12ms)[22m
 GET /app/notes/cmn14rkhc000enkybalx71gud/edit?saved=1 [32m200[39m in 28ms[2m (next.js: 2ms, proxy.ts: 2ms, application-code: 23ms)[22m
 POST /app/notes/new [34m303[39m in 42ms[2m (next.js: 850µs, proxy.ts: 3ms, application-code: 38ms)[22m
  └─ ƒ createNoteAction({}) in 6ms [2msrc/app/app/notes/actions.ts[22m
 GET /app/notes/cmn14rkhc000enkybalx71gud/edit?saved=1 [32m200[39m in 37ms[2m (next.js: 5ms, proxy.ts: 6ms, application-code: 26ms)[22m
 GET /app [32m200[39m in 56ms[2m (next.js: 1993µs, proxy.ts: 6ms, application-code: 48ms)[22m
 GET /media/published-note-image-1774146074195 [32m200[39m in 14ms[2m (next.js: 3ms, application-code: 11ms)[22m
 GET /login [32m200[39m in 19ms[2m (next.js: 944µs, application-code: 18ms)[22m
 GET /app [32m200[39m in 29ms[2m (next.js: 1284µs, proxy.ts: 2ms, application-code: 25ms)[22m
 POST /login [34m303[39m in 64ms[2m (next.js: 980µs, application-code: 63ms)[22m
  └─ ƒ loginAction({}) in 30ms [2msrc/app/login/actions.ts[22m
 GET /app/notes/new [32m200[39m in 34ms[2m (next.js: 839µs, proxy.ts: 3ms, application-code: 31ms)[22m
 POST /api/notes/images [32m201[39m in 33ms[2m (next.js: 24ms, application-code: 9ms)[22m
 GET /media/363c3100-34fa-4935-ba94-e46f6c676a1b [32m200[39m in 12ms[2m (next.js: 4ms, application-code: 7ms)[22m
 GET /app/notes/cmn14rnbh000fnkyb5d9bm4gu/edit?saved=1 [32m200[39m in 23ms[2m (next.js: 2ms, proxy.ts: 2ms, application-code: 18ms)[22m
 POST /app/notes/new [34m303[39m in 41ms[2m (next.js: 2ms, proxy.ts: 5ms, application-code: 34ms)[22m
  └─ ƒ createNoteAction({}) in 8ms [2msrc/app/app/notes/actions.ts[22m
 GET /media/363c3100-34fa-4935-ba94-e46f6c676a1b [32m200[39m in 10ms[2m (next.js: 1230µs, application-code: 9ms)[22m
 GET / [32m200[39m in 19ms[2m (next.js: 1698µs, application-code: 18ms)[22m
 GET /login [32m200[39m in 14ms[2m (next.js: 744µs, application-code: 14ms)[22m
 GET /login [32m200[39m in 15ms[2m (next.js: 764µs, application-code: 14ms)[22m
 GET /login [32m200[39m in 19ms[2m (next.js: 749µs, application-code: 18ms)[22m
 GET /app [32m200[39m in 20ms[2m (next.js: 825µs, proxy.ts: 2ms, application-code: 17ms)[22m
 POST /login [34m303[39m in 54ms[2m (next.js: 858µs, application-code: 53ms)[22m
  └─ ƒ loginAction({}) in 30ms [2msrc/app/login/actions.ts[22m
 GET /app/notes/cmn14ro0h0008nmyblfulf84k/edit [32m200[39m in 45ms[2m (next.js: 2ms, proxy.ts: 3ms, application-code: 40ms)[22m
 GET /login [32m200[39m in 15ms[2m (next.js: 732µs, application-code: 14ms)[22m
 GET /app [32m200[39m in 29ms[2m (next.js: 1115µs, proxy.ts: 2ms, application-code: 25ms)[22m
 POST /login [34m303[39m in 63ms[2m (next.js: 910µs, application-code: 63ms)[22m
  └─ ƒ loginAction({}) in 30ms [2msrc/app/login/actions.ts[22m
 GET /app/notes/cmn14rohw0009nmybyua76l17/edit [32m200[39m in 42ms[2m (next.js: 2ms, proxy.ts: 2ms, application-code: 37ms)[22m
 GET / [32m200[39m in 18ms[2m (next.js: 842µs, application-code: 17ms)[22m
 GET / [32m200[39m in 18ms[2m (next.js: 786µs, application-code: 17ms)[22m
 GET / [32m200[39m in 18ms[2m (next.js: 797µs, application-code: 17ms)[22m
 GET / [32m200[39m in 22ms[2m (next.js: 779µs, application-code: 21ms)[22m
 GET /login [32m200[39m in 15ms[2m (next.js: 751µs, application-code: 15ms)[22m
 GET /app [32m200[39m in 22ms[2m (next.js: 1257µs, proxy.ts: 2ms, application-code: 18ms)[22m
 POST /login [34m303[39m in 56ms[2m (next.js: 948µs, application-code: 55ms)[22m
  └─ ƒ loginAction({}) in 30ms [2msrc/app/login/actions.ts[22m
 GET /app/notes/new [32m200[39m in 28ms[2m (next.js: 881µs, proxy.ts: 3ms, application-code: 25ms)[22m
 GET /app/notes/cmn14rqbj000gnkybaoycyar7/edit?saved=1 [32m200[39m in 22ms[2m (next.js: 2ms, proxy.ts: 2ms, application-code: 18ms)[22m
 POST /app/notes/new [34m303[39m in 36ms[2m (next.js: 1533µs, proxy.ts: 3ms, application-code: 32ms)[22m
  └─ ƒ createNoteAction({}) in 6ms [2msrc/app/app/notes/actions.ts[22m
 GET /login [32m200[39m in 23ms[2m (next.js: 799µs, application-code: 23ms)[22m
 GET /app [32m200[39m in 21ms[2m (next.js: 966µs, proxy.ts: 2ms, application-code: 18ms)[22m
 POST /login [34m303[39m in 55ms[2m (next.js: 944µs, application-code: 54ms)[22m
  └─ ƒ loginAction({}) in 30ms [2msrc/app/login/actions.ts[22m
 GET /app/notes/cmn14rqee000tnmybgovrla00/edit [32m200[39m in 42ms[2m (next.js: 2ms, proxy.ts: 3ms, application-code: 37ms)[22m
 GET /login [32m200[39m in 15ms[2m (next.js: 782µs, application-code: 14ms)[22m
 GET /app [32m200[39m in 28ms[2m (next.js: 1105µs, proxy.ts: 3ms, application-code: 24ms)[22m
 POST /login [34m303[39m in 62ms[2m (next.js: 924µs, application-code: 61ms)[22m
  └─ ƒ loginAction({}) in 29ms [2msrc/app/login/actions.ts[22m
 GET /app/notes/new [32m200[39m in 26ms[2m (next.js: 927µs, proxy.ts: 3ms, application-code: 23ms)[22m
 GET /media/3b92f5a1-6c7b-417c-b948-3dfdce5a8efe-with-extra-wrap-length-for-the-gutter [33m404[39m in 9ms[2m (next.js: 3ms, application-code: 6ms)[22m
 GET /login [32m200[39m in 18ms[2m (next.js: 2ms, application-code: 16ms)[22m
 GET /app [32m200[39m in 21ms[2m (next.js: 928µs, proxy.ts: 2ms, application-code: 18ms)[22m
 POST /login [34m303[39m in 55ms[2m (next.js: 909µs, application-code: 54ms)[22m
  └─ ƒ loginAction({}) in 30ms [2msrc/app/login/actions.ts[22m
 GET /app/notes/cmn14rr8b000vnmybvbmlqjbz/edit [32m200[39m in 45ms[2m (next.js: 2ms, proxy.ts: 3ms, application-code: 40ms)[22m
 GET /login [32m200[39m in 22ms[2m (next.js: 899µs, application-code: 21ms)[22m
 GET /app [32m200[39m in 23ms[2m (next.js: 1303µs, proxy.ts: 2ms, application-code: 19ms)[22m
 POST /login [34m303[39m in 57ms[2m (next.js: 924µs, application-code: 57ms)[22m
  └─ ƒ loginAction({}) in 31ms [2msrc/app/login/actions.ts[22m
 GET /app/notes/cmn14rrnr000wnmybfjijkruf/edit [32m200[39m in 43ms[2m (next.js: 2ms, proxy.ts: 2ms, application-code: 38ms)[22m
 GET /app/notes/cmn14rrnr000wnmybfjijkruf/edit?saved=1 [32m200[39m in 24ms[2m (next.js: 1284µs, proxy.ts: 2ms, application-code: 20ms)[22m
 POST /app/notes/cmn14rrnr000wnmybfjijkruf/edit [34m303[39m in 40ms[2m (next.js: 2ms, proxy.ts: 3ms, application-code: 35ms)[22m
  └─ ƒ updateNoteAction("cmn14rrnr000wnmybfjijkruf", {}) in 6ms [2msrc/app/app/notes/actions.ts[22m
 GET /login [32m200[39m in 16ms[2m (next.js: 905µs, application-code: 15ms)[22m
 GET /app [32m200[39m in 22ms[2m (next.js: 855µs, proxy.ts: 2ms, application-code: 19ms)[22m
 POST /login [34m303[39m in 55ms[2m (next.js: 907µs, application-code: 54ms)[22m
  └─ ƒ loginAction({}) in 30ms [2msrc/app/login/actions.ts[22m
 GET /app/notes/cmn14rsib000xnmybtlebddyb/edit [32m200[39m in 40ms[2m (next.js: 2ms, proxy.ts: 2ms, application-code: 35ms)[22m
 GET /login [32m200[39m in 16ms[2m (next.js: 782µs, application-code: 15ms)[22m
 GET /app [32m200[39m in 21ms[2m (next.js: 861µs, proxy.ts: 2ms, application-code: 18ms)[22m
 POST /login [34m303[39m in 55ms[2m (next.js: 955µs, application-code: 54ms)[22m
  └─ ƒ loginAction({}) in 30ms [2msrc/app/login/actions.ts[22m
 GET /app/notes/cmn14rt05000ynmybpudzoh8f/edit [32m200[39m in 51ms[2m (next.js: 2ms, proxy.ts: 3ms, application-code: 46ms)[22m
 GET /app/notes/cmn14rt05000ynmybpudzoh8f/edit?saved=1 [32m200[39m in 24ms[2m (next.js: 1433µs, proxy.ts: 3ms, application-code: 20ms)[22m
 POST /app/notes/cmn14rt05000ynmybpudzoh8f/edit [34m303[39m in 41ms[2m (next.js: 3ms, proxy.ts: 4ms, application-code: 34ms)[22m
  └─ ƒ updateNoteAction("cmn14rt05000ynmybpudzoh8f", {}) in 6ms [2msrc/app/app/notes/actions.ts[22m
 GET /app/notes/cmn14rt05000ynmybpudzoh8f/edit?saved=1 [32m200[39m in 40ms[2m (next.js: 1485µs, proxy.ts: 3ms, application-code: 36ms)[22m
 GET /login [32m200[39m in 16ms[2m (next.js: 779µs, application-code: 15ms)[22m
 GET /app [32m200[39m in 28ms[2m (next.js: 983µs, proxy.ts: 3ms, application-code: 24ms)[22m
 POST /login [34m303[39m in 62ms[2m (next.js: 1199µs, application-code: 61ms)[22m
  └─ ƒ loginAction({}) in 30ms [2msrc/app/login/actions.ts[22m
 GET /app/notes/cmn14rttt000znmybig3zjsge/edit [32m200[39m in 44ms[2m (next.js: 2ms, proxy.ts: 3ms, application-code: 40ms)[22m
 GET /login [32m200[39m in 17ms[2m (next.js: 801µs, application-code: 17ms)[22m
 GET /app [32m200[39m in 22ms[2m (next.js: 1216µs, proxy.ts: 2ms, application-code: 19ms)[22m
 POST /login [34m303[39m in 57ms[2m (next.js: 909µs, application-code: 56ms)[22m
  └─ ƒ loginAction({}) in 30ms [2msrc/app/login/actions.ts[22m
 GET /app/notes/cmn14ruax0010nmybx0cnw3bs/edit [32m200[39m in 50ms[2m (next.js: 2ms, proxy.ts: 3ms, application-code: 45ms)[22m
 GET /app/notes/cmn14ruax0010nmybx0cnw3bs/edit?saved=1 [32m200[39m in 24ms[2m (next.js: 1385µs, proxy.ts: 2ms, application-code: 21ms)[22m
 POST /app/notes/cmn14ruax0010nmybx0cnw3bs/edit [34m303[39m in 41ms[2m (next.js: 2ms, proxy.ts: 3ms, application-code: 35ms)[22m
  └─ ƒ updateNoteAction("cmn14ruax0010nmybx0cnw3bs", {}) in 7ms [2msrc/app/app/notes/actions.ts[22m
 GET /login [32m200[39m in 17ms[2m (next.js: 950µs, application-code: 16ms)[22m
 GET /app [32m200[39m in 22ms[2m (next.js: 1260µs, proxy.ts: 2ms, application-code: 18ms)[22m
 POST /login [34m303[39m in 56ms[2m (next.js: 954µs, application-code: 55ms)[22m
  └─ ƒ loginAction({}) in 30ms [2msrc/app/login/actions.ts[22m
 GET /app/notes/new [32m200[39m in 28ms[2m (next.js: 916µs, proxy.ts: 3ms, application-code: 25ms)[22m
 GET /login [32m200[39m in 25ms[2m (next.js: 778µs, application-code: 24ms)[22m
 GET /app [32m200[39m in 22ms[2m (next.js: 1356µs, proxy.ts: 2ms, application-code: 19ms)[22m
 POST /login [34m303[39m in 57ms[2m (next.js: 885µs, application-code: 56ms)[22m
  └─ ƒ loginAction({}) in 30ms [2msrc/app/login/actions.ts[22m
 GET /app/notes/cmn14rvox0012nmybtws431h0/edit [32m200[39m in 45ms[2m (next.js: 2ms, proxy.ts: 3ms, application-code: 40ms)[22m
 GET /login [32m200[39m in 17ms[2m (next.js: 820µs, application-code: 16ms)[22m
 GET /app [32m200[39m in 22ms[2m (next.js: 917µs, proxy.ts: 3ms, application-code: 18ms)[22m
 POST /login [34m303[39m in 57ms[2m (next.js: 936µs, application-code: 56ms)[22m
  └─ ƒ loginAction({}) in 31ms [2msrc/app/login/actions.ts[22m
 GET /app/notes/cmn14rw610013nmybx53xlujt/edit [32m200[39m in 43ms[2m (next.js: 2ms, proxy.ts: 3ms, application-code: 38ms)[22m
 GET /media/ui-note-images-draft-1774146090438 [33m404[39m in 6ms[2m (next.js: 2ms, application-code: 3ms)[22m
 GET /login [32m200[39m in 17ms[2m (next.js: 1033µs, application-code: 16ms)[22m
 GET /app [32m200[39m in 22ms[2m (next.js: 1018µs, proxy.ts: 2ms, application-code: 19ms)[22m
 POST /login [34m303[39m in 57ms[2m (next.js: 916µs, application-code: 56ms)[22m
  └─ ƒ loginAction({}) in 30ms [2msrc/app/login/actions.ts[22m
 GET /media/ui-note-images-published-first-1774146090438 [32m200[39m in 8ms[2m (next.js: 965µs, application-code: 7ms)[22m
 GET /media/ui-note-images-draft-1774146090438 [32m200[39m in 9ms[2m (next.js: 1972µs, application-code: 7ms)[22m
 GET / [32m200[39m in 17ms[2m (next.js: 872µs, application-code: 16ms)[22m
 GET /media/ui-note-images-published-first-1774146090438 [32m200[39m in 10ms[2m (next.js: 1835µs, application-code: 8ms)[22m
 GET /notes/published-note-image-card [32m200[39m in 56ms[2m (next.js: 3ms, application-code: 53ms)[22m
 GET /media/ui-note-images-published-second-1774146090438 [32m200[39m in 14ms[2m (next.js: 3ms, application-code: 11ms)[22m
 GET /media/ui-note-images-published-first-1774146090438 [32m200[39m in 14ms[2m (next.js: 5ms, application-code: 9ms)[22m
 GET /login [32m200[39m in 16ms[2m (next.js: 752µs, application-code: 16ms)[22m
 GET /app [32m200[39m in 24ms[2m (next.js: 835µs, proxy.ts: 2ms, application-code: 20ms)[22m
 POST /login [34m303[39m in 58ms[2m (next.js: 921µs, application-code: 57ms)[22m
  └─ ƒ loginAction({}) in 30ms [2msrc/app/login/actions.ts[22m
 GET /login [32m200[39m in 17ms[2m (next.js: 775µs, application-code: 16ms)[22m
 GET /app [32m200[39m in 29ms[2m (next.js: 972µs, proxy.ts: 2ms, application-code: 25ms)[22m
 POST /login [34m303[39m in 62ms[2m (next.js: 1016µs, application-code: 61ms)[22m
  └─ ƒ loginAction({}) in 29ms [2msrc/app/login/actions.ts[22m
 GET /login [32m200[39m in 16ms[2m (next.js: 1063µs, application-code: 15ms)[22m
 GET /app [32m200[39m in 25ms[2m (next.js: 998µs, proxy.ts: 2ms, application-code: 22ms)[22m
 POST /login [34m303[39m in 60ms[2m (next.js: 1058µs, application-code: 59ms)[22m
  └─ ƒ loginAction({}) in 30ms [2msrc/app/login/actions.ts[22m
 GET /login [32m200[39m in 17ms[2m (next.js: 800µs, application-code: 17ms)[22m
 GET /app [32m200[39m in 22ms[2m (next.js: 924µs, proxy.ts: 2ms, application-code: 18ms)[22m
 POST /login [34m303[39m in 55ms[2m (next.js: 854µs, application-code: 54ms)[22m
  └─ ƒ loginAction({}) in 30ms [2msrc/app/login/actions.ts[22m
 GET /app/links [32m200[39m in 56ms[2m (next.js: 1527µs, proxy.ts: 2ms, application-code: 52ms)[22m
 GET /login [32m200[39m in 17ms[2m (next.js: 807µs, application-code: 16ms)[22m
 GET /app [32m200[39m in 23ms[2m (next.js: 1110µs, proxy.ts: 2ms, application-code: 19ms)[22m
 POST /login [34m303[39m in 57ms[2m (next.js: 875µs, application-code: 57ms)[22m
  └─ ƒ loginAction({}) in 30ms [2msrc/app/login/actions.ts[22m
 GET /app/links [32m200[39m in 56ms[2m (next.js: 968µs, proxy.ts: 3ms, application-code: 52ms)[22m
 GET /login [32m200[39m in 17ms[2m (next.js: 944µs, application-code: 16ms)[22m
 GET /app [32m200[39m in 23ms[2m (next.js: 1057µs, proxy.ts: 2ms, application-code: 19ms)[22m
 POST /login [34m303[39m in 57ms[2m (next.js: 880µs, application-code: 56ms)[22m
  └─ ƒ loginAction({}) in 30ms [2msrc/app/login/actions.ts[22m
 GET /app/tags?tag=studio-systems [32m200[39m in 43ms[2m (next.js: 1834µs, proxy.ts: 2ms, application-code: 39ms)[22m
 GET /login [32m200[39m in 21ms[2m (next.js: 859µs, application-code: 21ms)[22m
 GET /app [32m200[39m in 22ms[2m (next.js: 1168µs, proxy.ts: 2ms, application-code: 18ms)[22m
 POST /login [34m303[39m in 56ms[2m (next.js: 898µs, application-code: 55ms)[22m
  └─ ƒ loginAction({}) in 30ms [2msrc/app/login/actions.ts[22m
 GET /app/tags?tag=studio-systems [32m200[39m in 41ms[2m (next.js: 961µs, proxy.ts: 3ms, application-code: 37ms)[22m
 GET /login [32m200[39m in 17ms[2m (next.js: 819µs, application-code: 16ms)[22m
 GET /app [32m200[39m in 26ms[2m (next.js: 1029µs, proxy.ts: 2ms, application-code: 23ms)[22m
 POST /login [34m303[39m in 60ms[2m (next.js: 928µs, application-code: 59ms)[22m
  └─ ƒ loginAction({}) in 29ms [2msrc/app/login/actions.ts[22m
 GET /app/search?q=rhythm [32m200[39m in 42ms[2m (next.js: 1391µs, proxy.ts: 3ms, application-code: 38ms)[22m
 GET /login [32m200[39m in 17ms[2m (next.js: 781µs, application-code: 16ms)[22m
 GET /app [32m200[39m in 22ms[2m (next.js: 864µs, proxy.ts: 2ms, application-code: 19ms)[22m
 POST /login [34m303[39m in 57ms[2m (next.js: 1132µs, application-code: 56ms)[22m
  └─ ƒ loginAction({}) in 30ms [2msrc/app/login/actions.ts[22m
 GET /app/search?q=rhythm [32m200[39m in 49ms[2m (next.js: 1040µs, proxy.ts: 3ms, application-code: 45ms)[22m
 GET / [32m200[39m in 18ms[2m (next.js: 796µs, application-code: 17ms)[22m
 GET / [32m200[39m in 18ms[2m (next.js: 790µs, application-code: 17ms)[22m
 GET /notes/public-notes-should-read-like-finished-pages-not-dashboards [32m200[39m in 26ms[2m (next.js: 1906µs, application-code: 24ms)[22m
 GET /notes/public-notes-should-read-like-finished-pages-not-dashboards [32m200[39m in 21ms[2m (next.js: 1628µs, application-code: 19ms)[22m
 GET / [32m200[39m in 18ms[2m (next.js: 775µs, application-code: 17ms)[22m
 GET / [32m200[39m in 18ms[2m (next.js: 878µs, application-code: 17ms)[22m
 GET / [32m200[39m in 17ms[2m (next.js: 778µs, application-code: 17ms)[22m
 GET /notes/tag-chips-should-fit-a-calmer-public-hierarchy [32m200[39m in 22ms[2m (next.js: 1785µs, application-code: 20ms)[22m
 GET / [32m200[39m in 18ms[2m (next.js: 804µs, application-code: 17ms)[22m
 GET /login [32m200[39m in 16ms[2m (next.js: 761µs, application-code: 15ms)[22m
 GET /login [32m200[39m in 23ms[2m (next.js: 826µs, application-code: 22ms)[22m
 GET /app [32m200[39m in 21ms[2m (next.js: 1033µs, proxy.ts: 2ms, application-code: 18ms)[22m
 POST /login [34m303[39m in 55ms[2m (next.js: 1012µs, application-code: 54ms)[22m
  └─ ƒ loginAction({}) in 30ms [2msrc/app/login/actions.ts[22m
 GET /login [32m200[39m in 16ms[2m (next.js: 791µs, application-code: 16ms)[22m
 GET /app [32m200[39m in 22ms[2m (next.js: 1303µs, proxy.ts: 2ms, application-code: 18ms)[22m
 POST /login [34m303[39m in 56ms[2m (next.js: 891µs, application-code: 55ms)[22m
  └─ ƒ loginAction({}) in 30ms [2msrc/app/login/actions.ts[22m
