
> minakeep@0.1.0 dev
> next dev --hostname 127.0.0.1 --port 3100

[1m[38;2;173;127;168m▲ Next.js 16.2.0[39m[22m (Turbopack)
- Local:         http://127.0.0.1:3100
- Network:       http://127.0.0.1:3100
- Environments: .env
[32m[1m✓[22m[39m Ready in 197ms

 GET /api/health [32m200[39m in 113ms[2m (next.js: 103ms, application-code: 10ms)[22m
 GET /login [32m200[39m in 174ms[2m (next.js: 60ms, application-code: 114ms)[22m
 GET /app [32m200[39m in 120ms[2m (next.js: 26ms, proxy.ts: 37ms, application-code: 58ms)[22m
 POST /login [34m303[39m in 226ms[2m (next.js: 1222µs, application-code: 225ms)[22m
  └─ ƒ loginAction({}) in 94ms [2msrc/app/login/actions.ts[22m
 GET / [32m200[39m in 50ms[2m (next.js: 10ms, application-code: 40ms)[22m
 GET /login?callbackUrl=http%3A%2F%2Flocalhost%3A3100%2Fapp%2Fsearch [32m200[39m in 22ms[2m (next.js: 872µs, application-code: 21ms)[22m
 GET /login?callbackUrl=http%3A%2F%2Flocalhost%3A3100%2Fapp%2Fnotes%2Fnew [32m200[39m in 46ms[2m (next.js: 859µs, application-code: 45ms)[22m
 GET /app [32m200[39m in 23ms[2m (next.js: 1053µs, proxy.ts: 3ms, application-code: 19ms)[22m
 POST /login?callbackUrl=http%3A%2F%2Flocalhost%3A3100%2Fapp%2Fnotes%2Fnew [34m303[39m in 59ms[2m (next.js: 1126µs, application-code: 58ms)[22m
  └─ ƒ loginAction({}) in 30ms [2msrc/app/login/actions.ts[22m
 GET /app/notes/new [32m200[39m in 37ms[2m (next.js: 21ms, proxy.ts: 3ms, application-code: 13ms)[22m
 GET /app/notes/cmn12y5mo0000hdybsp2igf3q/edit?saved=1 [32m200[39m in 241ms[2m (next.js: 216ms, proxy.ts: 3ms, application-code: 22ms)[22m
 POST /app/notes/new [34m303[39m in 273ms[2m (next.js: 1784µs, proxy.ts: 3ms, application-code: 268ms)[22m
  └─ ƒ createNoteAction({}) in 21ms [2msrc/app/app/notes/actions.ts[22m
 POST /app/notes/cmn12y5mo0000hdybsp2igf3q/edit?saved=1 [34m303[39m in 149ms[2m (next.js: 4ms, proxy.ts: 4ms, application-code: 141ms)[22m
  └─ ƒ updateNoteAction("cmn12y5mo0000hdybsp2igf3q", {}) in 30ms [2msrc/app/app/notes/actions.ts[22m
 GET /app [32m200[39m in 201ms[2m (next.js: 1088µs, proxy.ts: 9ms, application-code: 191ms)[22m
 GET /app/notes/cmn12y5mo0000hdybsp2igf3q/edit?saved=1 [32m200[39m in 165ms[2m (next.js: 17ms, proxy.ts: 116ms, application-code: 31ms)[22m
 GET /app/notes/cmn12y5mo0000hdybsp2igf3q/edit [32m200[39m in 22ms[2m (next.js: 1795µs, proxy.ts: 4ms, application-code: 16ms)[22m
 GET /login [32m200[39m in 19ms[2m (next.js: 800µs, application-code: 18ms)[22m
 GET /app [32m200[39m in 23ms[2m (next.js: 964µs, proxy.ts: 3ms, application-code: 19ms)[22m
 POST /login [34m303[39m in 57ms[2m (next.js: 1021µs, application-code: 56ms)[22m
  └─ ƒ loginAction({}) in 30ms [2msrc/app/login/actions.ts[22m
 GET /app/notes/new [32m200[39m in 17ms[2m (next.js: 1058µs, proxy.ts: 3ms, application-code: 13ms)[22m
 GET /app/notes/cmn12y6kg0001hdybvs2ls03j/edit?saved=1 [32m200[39m in 24ms[2m (next.js: 2ms, proxy.ts: 2ms, application-code: 19ms)[22m
 POST /app/notes/new [34m303[39m in 39ms[2m (next.js: 1108µs, proxy.ts: 3ms, application-code: 34ms)[22m
  └─ ƒ createNoteAction({}) in 7ms [2msrc/app/app/notes/actions.ts[22m
 POST /api/test/mina/chat/completions [32m200[39m in 1517ms[2m (next.js: 13ms, application-code: 1503ms)[22m
 GET /app/notes/cmn12y6kg0001hdybvs2ls03j/edit?saved=1 [32m200[39m in 36ms[2m (next.js: 5ms, proxy.ts: 6ms, application-code: 25ms)[22m
 GET /app/notes/cmn12y6kg0001hdybvs2ls03j/edit?retried=1 [32m200[39m in 33ms[2m (next.js: 1694µs, proxy.ts: 3ms, application-code: 29ms)[22m
 POST /app/notes/cmn12y6kg0001hdybvs2ls03j/edit?saved=1 [34m303[39m in 55ms[2m (next.js: 4ms, proxy.ts: 7ms, application-code: 44ms)[22m
  └─ ƒ retryNoteEnrichmentAction("cmn12y6kg0001hdybvs2ls03j") in 7ms [2msrc/app/app/notes/actions.ts[22m
 POST /api/test/mina/chat/completions [32m200[39m in 1510ms[2m (next.js: 747µs, application-code: 1509ms)[22m
 GET /app/notes/cmn12y6kg0001hdybvs2ls03j/edit?retried=1 [32m200[39m in 41ms[2m (next.js: 6ms, proxy.ts: 10ms, application-code: 26ms)[22m
 GET /login [32m200[39m in 19ms[2m (next.js: 981µs, application-code: 18ms)[22m
 GET /app [32m200[39m in 23ms[2m (next.js: 1025µs, proxy.ts: 2ms, application-code: 19ms)[22m
 POST /login [34m303[39m in 58ms[2m (next.js: 900µs, application-code: 57ms)[22m
  └─ ƒ loginAction({}) in 30ms [2msrc/app/login/actions.ts[22m
 GET /app/notes/new [32m200[39m in 16ms[2m (next.js: 1367µs, proxy.ts: 3ms, application-code: 11ms)[22m
 GET /app/notes/cmn12ybl80002hdybbq7o45aa/edit?saved=1 [32m200[39m in 23ms[2m (next.js: 2ms, proxy.ts: 2ms, application-code: 18ms)[22m
 POST /app/notes/new [34m303[39m in 37ms[2m (next.js: 847µs, proxy.ts: 3ms, application-code: 33ms)[22m
  └─ ƒ createNoteAction({}) in 7ms [2msrc/app/app/notes/actions.ts[22m
 GET /app/notes/cmn12ybl80002hdybbq7o45aa/edit?published=1 [32m200[39m in 26ms[2m (next.js: 1302µs, proxy.ts: 2ms, application-code: 22ms)[22m
 POST /app/notes/cmn12ybl80002hdybbq7o45aa/edit?saved=1 [34m303[39m in 40ms[2m (next.js: 1538µs, proxy.ts: 3ms, application-code: 35ms)[22m
  └─ ƒ publishNoteAction("cmn12ybl80002hdybbq7o45aa") in 6ms [2msrc/app/app/notes/actions.ts[22m
 GET / [32m200[39m in 21ms[2m (next.js: 1167µs, application-code: 20ms)[22m
 GET /notes/public-note-1774143030109 [32m200[39m in 198ms[2m (next.js: 183ms, application-code: 16ms)[22m
 GET /app [32m200[39m in 51ms[2m (next.js: 1016µs, proxy.ts: 3ms, application-code: 47ms)[22m
 GET /app/notes/cmn12ybl80002hdybbq7o45aa/edit [32m200[39m in 21ms[2m (next.js: 2ms, proxy.ts: 3ms, application-code: 16ms)[22m
 GET /app/notes/cmn12ybl80002hdybbq7o45aa/edit?unpublished=1 [32m200[39m in 30ms[2m (next.js: 1465µs, proxy.ts: 3ms, application-code: 25ms)[22m
 POST /app/notes/cmn12ybl80002hdybbq7o45aa/edit [34m303[39m in 43ms[2m (next.js: 1907µs, proxy.ts: 3ms, application-code: 38ms)[22m
  └─ ƒ unpublishNoteAction("cmn12ybl80002hdybbq7o45aa") in 6ms [2msrc/app/app/notes/actions.ts[22m
 GET / [32m200[39m in 18ms[2m (next.js: 899µs, application-code: 17ms)[22m
 GET /notes/public-note-1774143030109 [33m404[39m in 34ms[2m (next.js: 1928µs, application-code: 32ms)[22m
 GET /login [32m200[39m in 18ms[2m (next.js: 786µs, application-code: 18ms)[22m
 GET /app [32m200[39m in 25ms[2m (next.js: 971µs, proxy.ts: 3ms, application-code: 21ms)[22m
 POST /login [34m303[39m in 59ms[2m (next.js: 903µs, application-code: 58ms)[22m
  └─ ƒ loginAction({}) in 30ms [2msrc/app/login/actions.ts[22m
 GET /app/links [32m200[39m in 34ms[2m (next.js: 15ms, proxy.ts: 3ms, application-code: 17ms)[22m
 GET /app/links?saved=1 [32m200[39m in 27ms[2m (next.js: 823µs, proxy.ts: 2ms, application-code: 24ms)[22m
 POST /app/links [34m303[39m in 44ms[2m (next.js: 1013µs, proxy.ts: 3ms, application-code: 40ms)[22m
  └─ ƒ createLinkAction({}) in 9ms [2msrc/app/app/links/actions.ts[22m
 POST /api/test/mina/chat/completions [32m200[39m in 2ms[2m (next.js: 626µs, application-code: 1597µs)[22m
{"level":"warn","message":"Link favicon could not be resolved.","metadata":{"linkId":"cmn12ycto0003hdybnv6aj9im","url":"https://example.com/reference-1774143031713"},"timestamp":"2026-03-22T01:30:32.247Z"}
 GET /app/links?saved=1 [32m200[39m in 34ms[2m (next.js: 1196µs, proxy.ts: 4ms, application-code: 29ms)[22m
 GET / [32m200[39m in 32ms[2m (next.js: 1926µs, application-code: 30ms)[22m
 GET /login [32m200[39m in 17ms[2m (next.js: 792µs, application-code: 16ms)[22m
 GET /app [32m200[39m in 25ms[2m (next.js: 959µs, proxy.ts: 3ms, application-code: 21ms)[22m
 POST /login [34m303[39m in 59ms[2m (next.js: 919µs, application-code: 59ms)[22m
  └─ ƒ loginAction({}) in 30ms [2msrc/app/login/actions.ts[22m
 GET /app/links [32m200[39m in 36ms[2m (next.js: 938µs, proxy.ts: 3ms, application-code: 32ms)[22m
 GET /app/links?saved=1 [32m200[39m in 24ms[2m (next.js: 785µs, proxy.ts: 2ms, application-code: 20ms)[22m
 POST /app/links [34m303[39m in 38ms[2m (next.js: 1004µs, proxy.ts: 3ms, application-code: 34ms)[22m
  └─ ƒ createLinkAction({}) in 6ms [2msrc/app/app/links/actions.ts[22m
 POST /api/test/mina/chat/completions [32m200[39m in 2ms[2m (next.js: 811µs, application-code: 1583µs)[22m
{"level":"warn","message":"Link favicon could not be resolved.","metadata":{"linkId":"cmn12yfjs0004hdybw7il36ij","url":"https://example.com/published-link-1774143035261"},"timestamp":"2026-03-22T01:30:35.776Z"}
 GET /app/links?saved=1 [32m200[39m in 42ms[2m (next.js: 3ms, proxy.ts: 11ms, application-code: 29ms)[22m
 GET /app/links?published=1 [32m200[39m in 29ms[2m (next.js: 998µs, proxy.ts: 3ms, application-code: 25ms)[22m
 POST /app/links?saved=1 [34m303[39m in 48ms[2m (next.js: 1628µs, proxy.ts: 6ms, application-code: 41ms)[22m
  └─ ƒ publishLinkAction("cmn12yfjs0004hdybw7il36ij") in 8ms [2msrc/app/app/links/actions.ts[22m
 GET / [32m200[39m in 18ms[2m (next.js: 837µs, application-code: 17ms)[22m
 GET /app/links [32m200[39m in 73ms[2m (next.js: 985µs, proxy.ts: 2ms, application-code: 69ms)[22m
 GET /app/links?unpublished=1 [32m200[39m in 25ms[2m (next.js: 876µs, proxy.ts: 2ms, application-code: 22ms)[22m
 POST /app/links [34m303[39m in 39ms[2m (next.js: 871µs, proxy.ts: 3ms, application-code: 35ms)[22m
  └─ ƒ unpublishLinkAction("cmn12yfjs0004hdybw7il36ij") in 6ms [2msrc/app/app/links/actions.ts[22m
 GET / [32m200[39m in 20ms[2m (next.js: 885µs, application-code: 19ms)[22m
 GET /login [32m200[39m in 18ms[2m (next.js: 839µs, application-code: 17ms)[22m
 GET /app [32m200[39m in 49ms[2m (next.js: 990µs, proxy.ts: 3ms, application-code: 45ms)[22m
 POST /login [34m303[39m in 83ms[2m (next.js: 1075µs, application-code: 82ms)[22m
  └─ ƒ loginAction({}) in 30ms [2msrc/app/login/actions.ts[22m
 GET /app/links [32m200[39m in 24ms[2m (next.js: 1185µs, proxy.ts: 3ms, application-code: 19ms)[22m
 GET /app/links?saved=1 [32m200[39m in 26ms[2m (next.js: 720µs, proxy.ts: 2ms, application-code: 23ms)[22m
 POST /app/links [34m303[39m in 40ms[2m (next.js: 890µs, proxy.ts: 3ms, application-code: 36ms)[22m
  └─ ƒ createLinkAction({}) in 6ms [2msrc/app/app/links/actions.ts[22m
{"level":"warn","message":"Link favicon could not be resolved.","metadata":{"linkId":"cmn12yimn0005hdyb15lc6p9j","url":"https://example.com/retry-link-1774143039263"},"timestamp":"2026-03-22T01:30:39.764Z"}
 POST /api/test/mina/chat/completions [32m200[39m in 1513ms[2m (next.js: 682µs, application-code: 1512ms)[22m
 GET /app/links?saved=1 [32m200[39m in 44ms[2m (next.js: 3ms, proxy.ts: 7ms, application-code: 35ms)[22m
 GET /app/links?retried=1 [32m200[39m in 30ms[2m (next.js: 1005µs, proxy.ts: 3ms, application-code: 26ms)[22m
 POST /app/links?saved=1 [34m303[39m in 49ms[2m (next.js: 1573µs, proxy.ts: 6ms, application-code: 41ms)[22m
  └─ ƒ retryLinkEnrichmentAction("cmn12yimn0005hdyb15lc6p9j") in 7ms [2msrc/app/app/links/actions.ts[22m
 POST /api/test/mina/chat/completions [32m200[39m in 1509ms[2m (next.js: 555µs, application-code: 1508ms)[22m
 GET /app/links?retried=1 [32m200[39m in 54ms[2m (next.js: 3ms, proxy.ts: 10ms, application-code: 40ms)[22m
 GET /login [32m200[39m in 17ms[2m (next.js: 869µs, application-code: 16ms)[22m
 GET /app [32m200[39m in 25ms[2m (next.js: 908µs, proxy.ts: 3ms, application-code: 21ms)[22m
 POST /login [34m303[39m in 60ms[2m (next.js: 950µs, application-code: 59ms)[22m
  └─ ƒ loginAction({}) in 30ms [2msrc/app/login/actions.ts[22m
 GET /app/links [32m200[39m in 25ms[2m (next.js: 895µs, proxy.ts: 3ms, application-code: 21ms)[22m
 GET /app/links?error=invalid-url [32m200[39m in 33ms[2m (next.js: 873µs, proxy.ts: 2ms, application-code: 29ms)[22m
 POST /app/links [34m303[39m in 43ms[2m (next.js: 872µs, proxy.ts: 3ms, application-code: 39ms)[22m
  └─ ƒ createLinkAction({}) in 4ms [2msrc/app/app/links/actions.ts[22m
 GET /login [32m200[39m in 15ms[2m (next.js: 737µs, application-code: 14ms)[22m
 GET /app [32m200[39m in 24ms[2m (next.js: 879µs, proxy.ts: 3ms, application-code: 21ms)[22m
 POST /login [34m303[39m in 58ms[2m (next.js: 918µs, application-code: 58ms)[22m
  └─ ƒ loginAction({}) in 30ms [2msrc/app/login/actions.ts[22m
 GET /app/notes/new [32m200[39m in 15ms[2m (next.js: 900µs, proxy.ts: 3ms, application-code: 11ms)[22m
 GET /app/notes/cmn12yo350006hdybpf0fytby/edit?saved=1 [32m200[39m in 24ms[2m (next.js: 2ms, proxy.ts: 2ms, application-code: 19ms)[22m
 POST /app/notes/new [34m303[39m in 36ms[2m (next.js: 881µs, proxy.ts: 3ms, application-code: 32ms)[22m
  └─ ƒ createNoteAction({}) in 5ms [2msrc/app/app/notes/actions.ts[22m
 GET /app/links [32m200[39m in 60ms[2m (next.js: 850µs, proxy.ts: 2ms, application-code: 56ms)[22m
 GET /app/links?saved=1 [32m200[39m in 27ms[2m (next.js: 811µs, proxy.ts: 2ms, application-code: 24ms)[22m
 POST /app/links [34m303[39m in 41ms[2m (next.js: 1644µs, proxy.ts: 4ms, application-code: 36ms)[22m
  └─ ƒ createLinkAction({}) in 6ms [2msrc/app/app/links/actions.ts[22m
 POST /api/test/mina/chat/completions [32m200[39m in 2ms[2m (next.js: 617µs, application-code: 1692µs)[22m
{"level":"warn","message":"Link favicon could not be resolved.","metadata":{"linkId":"cmn12yoa60007hdyb2bv32l2p","url":"https://example.com/url-needle-1774143046313"},"timestamp":"2026-03-22T01:30:47.093Z"}
 GET /app/links?saved=1 [32m200[39m in 47ms[2m (next.js: 2ms, proxy.ts: 8ms, application-code: 37ms)[22m
 GET /app/tags?tag=ai-owned [32m200[39m in 140ms[2m (next.js: 21ms, proxy.ts: 6ms, application-code: 114ms)[22m
 GET /app/tags [32m200[39m in 61ms[2m (next.js: 707µs, proxy.ts: 3ms, application-code: 58ms)[22m
 GET /app/search?q=Filtered%20note%201774143046313 [32m200[39m in 80ms[2m (next.js: 12ms, proxy.ts: 3ms, application-code: 65ms)[22m
 GET /app/search?q=url-needle-1774143046313 [32m200[39m in 55ms[2m (next.js: 779µs, proxy.ts: 2ms, application-code: 52ms)[22m
 GET /app/search?q=ai-owned [32m200[39m in 49ms[2m (next.js: 820µs, proxy.ts: 3ms, application-code: 45ms)[22m
 GET /login [32m200[39m in 15ms[2m (next.js: 783µs, application-code: 14ms)[22m
 GET /app [32m200[39m in 25ms[2m (next.js: 1096µs, proxy.ts: 2ms, application-code: 22ms)[22m
 POST /login [34m303[39m in 60ms[2m (next.js: 918µs, application-code: 59ms)[22m
  └─ ƒ loginAction({}) in 30ms [2msrc/app/login/actions.ts[22m
 GET /app/links [32m200[39m in 26ms[2m (next.js: 866µs, proxy.ts: 3ms, application-code: 22ms)[22m
 GET /app/links?saved=1 [32m200[39m in 30ms[2m (next.js: 773µs, proxy.ts: 2ms, application-code: 27ms)[22m
 POST /app/links [34m303[39m in 48ms[2m (next.js: 1055µs, proxy.ts: 8ms, application-code: 39ms)[22m
  └─ ƒ createLinkAction({}) in 6ms [2msrc/app/app/links/actions.ts[22m
{"level":"warn","message":"Link favicon could not be resolved.","metadata":{"linkId":"cmn12yrer0008hdybyswk3uxb","url":"https://example.com/ai-enriched-link-1774143050650"},"timestamp":"2026-03-22T01:30:51.151Z"}
 GET /app/links?saved=1 [32m200[39m in 52ms[2m (next.js: 3ms, proxy.ts: 10ms, application-code: 40ms)[22m
 GET /app/search?q=ai [32m200[39m in 61ms[2m (next.js: 1872µs, proxy.ts: 7ms, application-code: 51ms)[22m
 GET /app/tags?tag=ai [32m200[39m in 70ms[2m (next.js: 1137µs, proxy.ts: 8ms, application-code: 61ms)[22m
 GET /login [32m200[39m in 14ms[2m (next.js: 783µs, application-code: 13ms)[22m
 GET /app [32m200[39m in 25ms[2m (next.js: 899µs, proxy.ts: 2ms, application-code: 21ms)[22m
 POST /login [34m303[39m in 58ms[2m (next.js: 871µs, application-code: 57ms)[22m
  └─ ƒ loginAction({}) in 29ms [2msrc/app/login/actions.ts[22m
 GET /app/links [32m200[39m in 60ms[2m (next.js: 848µs, proxy.ts: 3ms, application-code: 57ms)[22m
 GET /app/links?saved=1 [32m200[39m in 31ms[2m (next.js: 890µs, proxy.ts: 2ms, application-code: 27ms)[22m
 POST /app/links [34m303[39m in 43ms[2m (next.js: 771µs, proxy.ts: 3ms, application-code: 40ms)[22m
  └─ ƒ createLinkAction({}) in 6ms [2msrc/app/app/links/actions.ts[22m
 POST /api/test/mina/chat/completions [32m200[39m in 2ms[2m (next.js: 630µs, application-code: 1621µs)[22m
 GET /app/links?saved=1 [32m200[39m in 49ms[2m (next.js: 2ms, proxy.ts: 7ms, application-code: 39ms)[22m
 GET /media/2fd5dfa0-9be7-440e-815d-9015e1f81c95 [32m200[39m in 434ms[2m (next.js: 422ms, application-code: 11ms)[22m
 GET /app/links?published=1 [32m200[39m in 35ms[2m (next.js: 1189µs, proxy.ts: 3ms, application-code: 31ms)[22m
 POST /app/links?saved=1 [34m303[39m in 53ms[2m (next.js: 1624µs, proxy.ts: 6ms, application-code: 46ms)[22m
  └─ ƒ publishLinkAction("cmn12yu940009hdyb69d4qf02") in 7ms [2msrc/app/app/links/actions.ts[22m
 GET /media/2fd5dfa0-9be7-440e-815d-9015e1f81c95 [32m200[39m in 11ms[2m (next.js: 2ms, application-code: 9ms)[22m
 GET / [32m200[39m in 18ms[2m (next.js: 884µs, application-code: 17ms)[22m
 GET /media/2fd5dfa0-9be7-440e-815d-9015e1f81c95 [32m200[39m in 9ms[2m (next.js: 869µs, application-code: 8ms)[22m
 GET /app/links [32m200[39m in 68ms[2m (next.js: 878µs, proxy.ts: 2ms, application-code: 64ms)[22m
 GET /media/2fd5dfa0-9be7-440e-815d-9015e1f81c95 [32m200[39m in 14ms[2m (next.js: 1183µs, application-code: 13ms)[22m
 GET /app/links?saved=1 [32m200[39m in 32ms[2m (next.js: 749µs, proxy.ts: 2ms, application-code: 29ms)[22m
 POST /app/links [34m303[39m in 45ms[2m (next.js: 790µs, proxy.ts: 3ms, application-code: 41ms)[22m
  └─ ƒ createLinkAction({}) in 6ms [2msrc/app/app/links/actions.ts[22m
{"level":"warn","message":"Link favicon cache failed.","metadata":{"error":"Configured link favicon fetch failure for Playwright.","linkId":"cmn12ywty000ahdybkq7jx46k","url":"https://example.com/fallback-favicon-1774143054321"},"timestamp":"2026-03-22T01:30:58.138Z"}
 POST /api/test/mina/chat/completions [32m200[39m in 1968µs[2m (next.js: 618µs, application-code: 1350µs)[22m
 GET /media/2fd5dfa0-9be7-440e-815d-9015e1f81c95 [32m200[39m in 6ms[2m (next.js: 771µs, application-code: 5ms)[22m
 GET /app/links?saved=1 [32m200[39m in 57ms[2m (next.js: 3ms, proxy.ts: 10ms, application-code: 44ms)[22m
 GET /app/links?favicon=1 [32m200[39m in 60ms[2m (next.js: 7ms, proxy.ts: 3ms, application-code: 50ms)[22m
 POST /app/links?saved=1 [34m303[39m in 78ms[2m (next.js: 1345µs, proxy.ts: 5ms, application-code: 72ms)[22m
  └─ ƒ refreshLinkFaviconAction("cmn12ywty000ahdybkq7jx46k") in 8ms [2msrc/app/app/links/actions.ts[22m
 GET /media/2fd5dfa0-9be7-440e-815d-9015e1f81c95 [32m200[39m in 11ms[2m (next.js: 3ms, application-code: 8ms)[22m
 GET /media/41c361a8-ce0f-4138-9b33-815ead576d84 [32m200[39m in 11ms[2m (next.js: 4ms, application-code: 7ms)[22m
 GET /media/draft-note-image-1774143061341 [33m404[39m in 4ms[2m (next.js: 691µs, application-code: 3ms)[22m
 GET /login [32m200[39m in 16ms[2m (next.js: 818µs, application-code: 16ms)[22m
 GET /app [32m200[39m in 23ms[2m (next.js: 1060µs, proxy.ts: 3ms, application-code: 19ms)[22m
 POST /login [34m303[39m in 58ms[2m (next.js: 902µs, application-code: 57ms)[22m
  └─ ƒ loginAction({}) in 31ms [2msrc/app/login/actions.ts[22m
 GET /media/draft-note-image-1774143061341 [32m200[39m in 9ms[2m (next.js: 1217µs, application-code: 7ms)[22m
 GET /media/draft-note-image-1774143061341 [32m200[39m in 6ms[2m (next.js: 1435µs, application-code: 5ms)[22m
 GET /media/published-note-image-1774143061695 [32m200[39m in 5ms[2m (next.js: 1417µs, application-code: 4ms)[22m
 GET /media/hidden-note-image-1774143061695 [33m404[39m in 4ms[2m (next.js: 664µs, application-code: 3ms)[22m
 GET /media/published-link-favicon-1774143061695 [32m200[39m in 5ms[2m (next.js: 614µs, application-code: 4ms)[22m
 GET /login [32m200[39m in 15ms[2m (next.js: 805µs, application-code: 14ms)[22m
 GET /app [32m200[39m in 23ms[2m (next.js: 1341µs, proxy.ts: 2ms, application-code: 20ms)[22m
 POST /login [34m303[39m in 58ms[2m (next.js: 869µs, application-code: 57ms)[22m
  └─ ƒ loginAction({}) in 31ms [2msrc/app/login/actions.ts[22m
 GET /media/published-note-image-1774143061695 [32m200[39m in 9ms[2m (next.js: 1180µs, application-code: 8ms)[22m
 GET /app/notes/new [32m200[39m in 16ms[2m (next.js: 938µs, proxy.ts: 3ms, application-code: 12ms)[22m
 GET /app/notes/cmn12z00l000bhdybp2dfl851/edit?saved=1 [32m200[39m in 23ms[2m (next.js: 2ms, proxy.ts: 2ms, application-code: 19ms)[22m
 POST /app/notes/new [34m303[39m in 41ms[2m (next.js: 902µs, proxy.ts: 3ms, application-code: 37ms)[22m
  └─ ƒ createNoteAction({}) in 6ms [2msrc/app/app/notes/actions.ts[22m
 GET /app/notes/cmn12z00l000bhdybp2dfl851/edit?saved=1 [32m200[39m in 36ms[2m (next.js: 5ms, proxy.ts: 6ms, application-code: 25ms)[22m
 GET /app [32m200[39m in 58ms[2m (next.js: 2ms, proxy.ts: 6ms, application-code: 49ms)[22m
 GET /media/published-note-image-1774143061695 [32m200[39m in 12ms[2m (next.js: 4ms, application-code: 8ms)[22m
 GET /login [32m200[39m in 19ms[2m (next.js: 926µs, application-code: 18ms)[22m
 GET /app [32m200[39m in 48ms[2m (next.js: 1186µs, proxy.ts: 9ms, application-code: 38ms)[22m
 POST /login [34m303[39m in 83ms[2m (next.js: 926µs, application-code: 83ms)[22m
  └─ ƒ loginAction({}) in 31ms [2msrc/app/login/actions.ts[22m
 GET /app/notes/new [32m200[39m in 37ms[2m (next.js: 1331µs, proxy.ts: 5ms, application-code: 31ms)[22m
 POST /api/notes/images [32m201[39m in 30ms[2m (next.js: 21ms, application-code: 9ms)[22m
 GET /media/3029850b-67fa-42e0-8cd6-8ad075e0bc02 [32m200[39m in 12ms[2m (next.js: 4ms, application-code: 9ms)[22m
 GET /app/notes/cmn12z2up000chdybk0or22ql/edit?saved=1 [32m200[39m in 23ms[2m (next.js: 2ms, proxy.ts: 2ms, application-code: 19ms)[22m
 POST /app/notes/new [34m303[39m in 40ms[2m (next.js: 1077µs, proxy.ts: 3ms, application-code: 36ms)[22m
  └─ ƒ createNoteAction({}) in 9ms [2msrc/app/app/notes/actions.ts[22m
 GET /media/3029850b-67fa-42e0-8cd6-8ad075e0bc02 [32m200[39m in 10ms[2m (next.js: 1182µs, application-code: 9ms)[22m
 GET / [32m200[39m in 19ms[2m (next.js: 774µs, application-code: 18ms)[22m
 GET /login [32m200[39m in 14ms[2m (next.js: 915µs, application-code: 14ms)[22m
 GET /login [32m200[39m in 14ms[2m (next.js: 748µs, application-code: 14ms)[22m
 GET /login [32m200[39m in 21ms[2m (next.js: 754µs, application-code: 20ms)[22m
 GET /app [32m200[39m in 20ms[2m (next.js: 792µs, proxy.ts: 2ms, application-code: 17ms)[22m
 POST /login [34m303[39m in 53ms[2m (next.js: 868µs, application-code: 52ms)[22m
  └─ ƒ loginAction({}) in 29ms [2msrc/app/login/actions.ts[22m
 GET /app/notes/cmn12z3k70008hfyb6yk7egtx/edit [32m200[39m in 45ms[2m (next.js: 2ms, proxy.ts: 2ms, application-code: 40ms)[22m
 GET /login [32m200[39m in 14ms[2m (next.js: 785µs, application-code: 13ms)[22m
 GET /app [32m200[39m in 29ms[2m (next.js: 888µs, proxy.ts: 3ms, application-code: 25ms)[22m
 POST /login [34m303[39m in 62ms[2m (next.js: 901µs, application-code: 61ms)[22m
  └─ ƒ loginAction({}) in 29ms [2msrc/app/login/actions.ts[22m
 GET /app/notes/cmn12z41f0009hfybmtg22cef/edit [32m200[39m in 43ms[2m (next.js: 2ms, proxy.ts: 3ms, application-code: 38ms)[22m
 GET / [32m200[39m in 18ms[2m (next.js: 821µs, application-code: 17ms)[22m
 GET / [32m200[39m in 18ms[2m (next.js: 802µs, application-code: 17ms)[22m
 GET / [32m200[39m in 19ms[2m (next.js: 805µs, application-code: 18ms)[22m
 GET / [32m200[39m in 22ms[2m (next.js: 822µs, application-code: 21ms)[22m
 GET /login [32m200[39m in 15ms[2m (next.js: 788µs, application-code: 15ms)[22m
 GET /app [32m200[39m in 21ms[2m (next.js: 918µs, proxy.ts: 2ms, application-code: 18ms)[22m
 POST /login [34m303[39m in 55ms[2m (next.js: 890µs, application-code: 54ms)[22m
  └─ ƒ loginAction({}) in 29ms [2msrc/app/login/actions.ts[22m
 GET /app/notes/new [32m200[39m in 26ms[2m (next.js: 885µs, proxy.ts: 3ms, application-code: 23ms)[22m
 GET /app/notes/cmn12z5up000dhdybxt6r0bav/edit?saved=1 [32m200[39m in 22ms[2m (next.js: 2ms, proxy.ts: 2ms, application-code: 18ms)[22m
 POST /app/notes/new [34m303[39m in 35ms[2m (next.js: 912µs, proxy.ts: 3ms, application-code: 32ms)[22m
  └─ ƒ createNoteAction({}) in 6ms [2msrc/app/app/notes/actions.ts[22m
 GET /login [32m200[39m in 23ms[2m (next.js: 833µs, application-code: 22ms)[22m
 GET /app [32m200[39m in 21ms[2m (next.js: 1072µs, proxy.ts: 2ms, application-code: 18ms)[22m
 POST /login [34m303[39m in 56ms[2m (next.js: 1002µs, application-code: 55ms)[22m
  └─ ƒ loginAction({}) in 31ms [2msrc/app/login/actions.ts[22m
 GET /app/notes/cmn12z5xl000thfyb9q833byp/edit [32m200[39m in 42ms[2m (next.js: 2ms, proxy.ts: 3ms, application-code: 37ms)[22m
 GET /login [32m200[39m in 16ms[2m (next.js: 789µs, application-code: 16ms)[22m
 GET /app [32m200[39m in 28ms[2m (next.js: 993µs, proxy.ts: 3ms, application-code: 24ms)[22m
 POST /login [34m303[39m in 63ms[2m (next.js: 921µs, application-code: 62ms)[22m
  └─ ƒ loginAction({}) in 30ms [2msrc/app/login/actions.ts[22m
 GET /app/notes/new [32m200[39m in 29ms[2m (next.js: 909µs, proxy.ts: 3ms, application-code: 26ms)[22m
 GET /media/3b92f5a1-6c7b-417c-b948-3dfdce5a8efe-with-extra-wrap-length-for-the-gutter [33m404[39m in 7ms[2m (next.js: 2ms, application-code: 5ms)[22m
 GET /login [32m200[39m in 17ms[2m (next.js: 770µs, application-code: 16ms)[22m
 GET /app [32m200[39m in 22ms[2m (next.js: 1104µs, proxy.ts: 2ms, application-code: 18ms)[22m
 POST /login [34m303[39m in 55ms[2m (next.js: 929µs, application-code: 54ms)[22m
  └─ ƒ loginAction({}) in 30ms [2msrc/app/login/actions.ts[22m
 GET /app/notes/cmn12z6s1000vhfyb8hjw007i/edit [32m200[39m in 46ms[2m (next.js: 2ms, proxy.ts: 3ms, application-code: 41ms)[22m
 GET /login [32m200[39m in 22ms[2m (next.js: 918µs, application-code: 21ms)[22m
 GET /app [32m200[39m in 22ms[2m (next.js: 804µs, proxy.ts: 3ms, application-code: 18ms)[22m
 POST /login [34m303[39m in 55ms[2m (next.js: 899µs, application-code: 54ms)[22m
  └─ ƒ loginAction({}) in 30ms [2msrc/app/login/actions.ts[22m
 GET /app/notes/cmn12z77m000whfyb4wkimgdr/edit [32m200[39m in 43ms[2m (next.js: 2ms, proxy.ts: 2ms, application-code: 38ms)[22m
 GET /app/notes/cmn12z77m000whfyb4wkimgdr/edit?saved=1 [32m200[39m in 24ms[2m (next.js: 1389µs, proxy.ts: 2ms, application-code: 20ms)[22m
 POST /app/notes/cmn12z77m000whfyb4wkimgdr/edit [34m303[39m in 41ms[2m (next.js: 2ms, proxy.ts: 3ms, application-code: 36ms)[22m
  └─ ƒ updateNoteAction("cmn12z77m000whfyb4wkimgdr", {}) in 6ms [2msrc/app/app/notes/actions.ts[22m
 GET /login [32m200[39m in 24ms[2m (next.js: 929µs, application-code: 23ms)[22m
 GET /app [32m200[39m in 21ms[2m (next.js: 1001µs, proxy.ts: 2ms, application-code: 18ms)[22m
 POST /login [34m303[39m in 56ms[2m (next.js: 944µs, application-code: 55ms)[22m
  └─ ƒ loginAction({}) in 31ms [2msrc/app/login/actions.ts[22m
 GET /app/notes/cmn12z81l000xhfyb47wgm15u/edit [32m200[39m in 42ms[2m (next.js: 2ms, proxy.ts: 3ms, application-code: 37ms)[22m
 GET /login [32m200[39m in 16ms[2m (next.js: 800µs, application-code: 15ms)[22m
 GET /app [32m200[39m in 23ms[2m (next.js: 1018µs, proxy.ts: 2ms, application-code: 19ms)[22m
 POST /login [34m303[39m in 57ms[2m (next.js: 950µs, application-code: 56ms)[22m
  └─ ƒ loginAction({}) in 30ms [2msrc/app/login/actions.ts[22m
 GET /app/notes/cmn12z8jd000yhfybmurs19t6/edit [32m200[39m in 51ms[2m (next.js: 2ms, proxy.ts: 3ms, application-code: 46ms)[22m
 GET /app/notes/cmn12z8jd000yhfybmurs19t6/edit?saved=1 [32m200[39m in 24ms[2m (next.js: 1385µs, proxy.ts: 3ms, application-code: 20ms)[22m
 POST /app/notes/cmn12z8jd000yhfybmurs19t6/edit [34m303[39m in 40ms[2m (next.js: 3ms, proxy.ts: 5ms, application-code: 32ms)[22m
  └─ ƒ updateNoteAction("cmn12z8jd000yhfybmurs19t6", {}) in 5ms [2msrc/app/app/notes/actions.ts[22m
 GET /app/notes/cmn12z8jd000yhfybmurs19t6/edit?saved=1 [32m200[39m in 42ms[2m (next.js: 1409µs, proxy.ts: 3ms, application-code: 38ms)[22m
 GET /login [32m200[39m in 16ms[2m (next.js: 833µs, application-code: 15ms)[22m
 GET /app [32m200[39m in 27ms[2m (next.js: 977µs, proxy.ts: 3ms, application-code: 23ms)[22m
 POST /login [34m303[39m in 62ms[2m (next.js: 1090µs, application-code: 61ms)[22m
  └─ ƒ loginAction({}) in 30ms [2msrc/app/login/actions.ts[22m
 GET /app/notes/cmn12z9d0000zhfybd7x1a6k7/edit [32m200[39m in 43ms[2m (next.js: 2ms, proxy.ts: 2ms, application-code: 39ms)[22m
 GET /login [32m200[39m in 16ms[2m (next.js: 799µs, application-code: 16ms)[22m
 GET /app [32m200[39m in 22ms[2m (next.js: 1086µs, proxy.ts: 2ms, application-code: 19ms)[22m
 POST /login [34m303[39m in 57ms[2m (next.js: 875µs, application-code: 56ms)[22m
  └─ ƒ loginAction({}) in 30ms [2msrc/app/login/actions.ts[22m
 GET /app/notes/cmn12z9ue0010hfybripsbqn6/edit [32m200[39m in 50ms[2m (next.js: 2ms, proxy.ts: 3ms, application-code: 45ms)[22m
 GET /app/notes/cmn12z9ue0010hfybripsbqn6/edit?saved=1 [32m200[39m in 24ms[2m (next.js: 1335µs, proxy.ts: 2ms, application-code: 20ms)[22m
 POST /app/notes/cmn12z9ue0010hfybripsbqn6/edit [34m303[39m in 39ms[2m (next.js: 2ms, proxy.ts: 3ms, application-code: 34ms)[22m
  └─ ƒ updateNoteAction("cmn12z9ue0010hfybripsbqn6", {}) in 6ms [2msrc/app/app/notes/actions.ts[22m
 GET /login [32m200[39m in 16ms[2m (next.js: 869µs, application-code: 16ms)[22m
 GET /app [32m200[39m in 22ms[2m (next.js: 1232µs, proxy.ts: 3ms, application-code: 18ms)[22m
 POST /login [34m303[39m in 56ms[2m (next.js: 915µs, application-code: 55ms)[22m
  └─ ƒ loginAction({}) in 30ms [2msrc/app/login/actions.ts[22m
 GET /app/notes/new [32m200[39m in 31ms[2m (next.js: 912µs, proxy.ts: 3ms, application-code: 27ms)[22m
 GET /login [32m200[39m in 21ms[2m (next.js: 852µs, application-code: 20ms)[22m
 GET /app [32m200[39m in 22ms[2m (next.js: 903µs, proxy.ts: 2ms, application-code: 19ms)[22m
 POST /login [34m303[39m in 56ms[2m (next.js: 875µs, application-code: 55ms)[22m
  └─ ƒ loginAction({}) in 30ms [2msrc/app/login/actions.ts[22m
 GET /app/notes/cmn12zb8f0012hfybcfir895w/edit [32m200[39m in 44ms[2m (next.js: 2ms, proxy.ts: 3ms, application-code: 39ms)[22m
 GET /login [32m200[39m in 18ms[2m (next.js: 782µs, application-code: 17ms)[22m
 GET /app [32m200[39m in 22ms[2m (next.js: 881µs, proxy.ts: 3ms, application-code: 18ms)[22m
 POST /login [34m303[39m in 64ms[2m (next.js: 1025µs, application-code: 63ms)[22m
  └─ ƒ loginAction({}) in 30ms [2msrc/app/login/actions.ts[22m
 GET /app/notes/cmn12zbpa0013hfybkcefrlxz/edit [32m200[39m in 44ms[2m (next.js: 2ms, proxy.ts: 3ms, application-code: 39ms)[22m
 GET /media/ui-note-images-draft-1774143077929 [33m404[39m in 6ms[2m (next.js: 2ms, application-code: 4ms)[22m
 GET /login [32m200[39m in 17ms[2m (next.js: 799µs, application-code: 17ms)[22m
 GET /app [32m200[39m in 22ms[2m (next.js: 954µs, proxy.ts: 2ms, application-code: 19ms)[22m
 POST /login [34m303[39m in 58ms[2m (next.js: 900µs, application-code: 57ms)[22m
  └─ ƒ loginAction({}) in 30ms [2msrc/app/login/actions.ts[22m
 GET /media/ui-note-images-published-first-1774143077929 [32m200[39m in 8ms[2m (next.js: 1292µs, application-code: 7ms)[22m
 GET /media/ui-note-images-draft-1774143077929 [32m200[39m in 9ms[2m (next.js: 3ms, application-code: 7ms)[22m
 GET / [32m200[39m in 17ms[2m (next.js: 790µs, application-code: 16ms)[22m
 GET /media/ui-note-images-published-first-1774143077929 [32m200[39m in 8ms[2m (next.js: 726µs, application-code: 7ms)[22m
 GET /notes/published-note-image-card [32m200[39m in 51ms[2m (next.js: 4ms, application-code: 48ms)[22m
 GET /media/ui-note-images-published-first-1774143077929 [32m200[39m in 16ms[2m (next.js: 5ms, application-code: 11ms)[22m
 GET /media/ui-note-images-published-second-1774143077929 [32m200[39m in 15ms[2m (next.js: 6ms, application-code: 9ms)[22m
 GET /login [32m200[39m in 17ms[2m (next.js: 751µs, application-code: 16ms)[22m
 GET /app [32m200[39m in 25ms[2m (next.js: 873µs, proxy.ts: 3ms, application-code: 22ms)[22m
 POST /login [34m303[39m in 59ms[2m (next.js: 949µs, application-code: 58ms)[22m
  └─ ƒ loginAction({}) in 29ms [2msrc/app/login/actions.ts[22m
 GET /login [32m200[39m in 17ms[2m (next.js: 812µs, application-code: 17ms)[22m
 GET /app [32m200[39m in 30ms[2m (next.js: 1009µs, proxy.ts: 2ms, application-code: 27ms)[22m
 POST /login [34m303[39m in 65ms[2m (next.js: 1017µs, application-code: 64ms)[22m
  └─ ƒ loginAction({}) in 30ms [2msrc/app/login/actions.ts[22m
 GET /login [32m200[39m in 18ms[2m (next.js: 979µs, application-code: 17ms)[22m
 GET /app [32m200[39m in 22ms[2m (next.js: 1029µs, proxy.ts: 2ms, application-code: 19ms)[22m
 POST /login [34m303[39m in 57ms[2m (next.js: 1051µs, application-code: 56ms)[22m
  └─ ƒ loginAction({}) in 30ms [2msrc/app/login/actions.ts[22m
 GET /app/links [32m200[39m in 52ms[2m (next.js: 2ms, proxy.ts: 3ms, application-code: 47ms)[22m
 GET /login [32m200[39m in 21ms[2m (next.js: 797µs, application-code: 20ms)[22m
 GET /app [32m200[39m in 23ms[2m (next.js: 1039µs, proxy.ts: 2ms, application-code: 20ms)[22m
 POST /login [34m303[39m in 58ms[2m (next.js: 918µs, application-code: 57ms)[22m
  └─ ƒ loginAction({}) in 30ms [2msrc/app/login/actions.ts[22m
 GET /app/links [32m200[39m in 50ms[2m (next.js: 870µs, proxy.ts: 3ms, application-code: 46ms)[22m
 GET /login [32m200[39m in 16ms[2m (next.js: 875µs, application-code: 15ms)[22m
 GET /app [32m200[39m in 22ms[2m (next.js: 1046µs, proxy.ts: 2ms, application-code: 19ms)[22m
 POST /login [34m303[39m in 58ms[2m (next.js: 915µs, application-code: 57ms)[22m
  └─ ƒ loginAction({}) in 31ms [2msrc/app/login/actions.ts[22m
 GET /app/tags?tag=studio-systems [32m200[39m in 44ms[2m (next.js: 2ms, proxy.ts: 3ms, application-code: 39ms)[22m
 GET /login [32m200[39m in 16ms[2m (next.js: 781µs, application-code: 15ms)[22m
 GET /app [32m200[39m in 23ms[2m (next.js: 900µs, proxy.ts: 2ms, application-code: 20ms)[22m
 POST /login [34m303[39m in 58ms[2m (next.js: 899µs, application-code: 57ms)[22m
  └─ ƒ loginAction({}) in 30ms [2msrc/app/login/actions.ts[22m
 GET /app/tags?tag=studio-systems [32m200[39m in 45ms[2m (next.js: 924µs, proxy.ts: 7ms, application-code: 37ms)[22m
 GET /login [32m200[39m in 17ms[2m (next.js: 803µs, application-code: 16ms)[22m
 GET /app [32m200[39m in 22ms[2m (next.js: 880µs, proxy.ts: 2ms, application-code: 19ms)[22m
 POST /login [34m303[39m in 56ms[2m (next.js: 915µs, application-code: 55ms)[22m
  └─ ƒ loginAction({}) in 30ms [2msrc/app/login/actions.ts[22m
 GET /app/search?q=rhythm [32m200[39m in 46ms[2m (next.js: 1093µs, proxy.ts: 2ms, application-code: 42ms)[22m
 GET /login [32m200[39m in 17ms[2m (next.js: 825µs, application-code: 16ms)[22m
 GET /app [32m200[39m in 22ms[2m (next.js: 794µs, proxy.ts: 2ms, application-code: 19ms)[22m
 POST /login [34m303[39m in 56ms[2m (next.js: 913µs, application-code: 55ms)[22m
  └─ ƒ loginAction({}) in 30ms [2msrc/app/login/actions.ts[22m
 GET /app/search?q=rhythm [32m200[39m in 41ms[2m (next.js: 1044µs, proxy.ts: 3ms, application-code: 37ms)[22m
 GET / [32m200[39m in 18ms[2m (next.js: 811µs, application-code: 17ms)[22m
 GET / [32m200[39m in 23ms[2m (next.js: 757µs, application-code: 22ms)[22m
 GET /notes/public-notes-should-read-like-finished-pages-not-dashboards [32m200[39m in 26ms[2m (next.js: 1641µs, application-code: 24ms)[22m
 GET /notes/public-notes-should-read-like-finished-pages-not-dashboards [32m200[39m in 21ms[2m (next.js: 1838µs, application-code: 19ms)[22m
 GET / [32m200[39m in 18ms[2m (next.js: 804µs, application-code: 17ms)[22m
 GET / [32m200[39m in 18ms[2m (next.js: 815µs, application-code: 17ms)[22m
 GET / [32m200[39m in 18ms[2m (next.js: 763µs, application-code: 17ms)[22m
 GET /notes/tag-chips-should-fit-a-calmer-public-hierarchy [32m200[39m in 20ms[2m (next.js: 1778µs, application-code: 18ms)[22m
 GET / [32m200[39m in 17ms[2m (next.js: 741µs, application-code: 17ms)[22m
 GET /login [32m200[39m in 17ms[2m (next.js: 766µs, application-code: 16ms)[22m
 GET /login [32m200[39m in 16ms[2m (next.js: 863µs, application-code: 16ms)[22m
 GET /app [32m200[39m in 22ms[2m (next.js: 993µs, proxy.ts: 2ms, application-code: 18ms)[22m
 POST /login [34m303[39m in 57ms[2m (next.js: 903µs, application-code: 56ms)[22m
  └─ ƒ loginAction({}) in 30ms [2msrc/app/login/actions.ts[22m
 GET /login [32m200[39m in 21ms[2m (next.js: 918µs, application-code: 20ms)[22m
 GET /app [32m200[39m in 21ms[2m (next.js: 865µs, proxy.ts: 2ms, application-code: 18ms)[22m
 POST /login [34m303[39m in 56ms[2m (next.js: 947µs, application-code: 55ms)[22m
  └─ ƒ loginAction({}) in 30ms [2msrc/app/login/actions.ts[22m
