
> minakeep@0.1.0 dev
> next dev --hostname 127.0.0.1 --port 3100

[1m[38;2;173;127;168m▲ Next.js 16.2.0[39m[22m (Turbopack)
- Local:         http://127.0.0.1:3100
- Network:       http://127.0.0.1:3100
- Environments: .env
[32m[1m✓[22m[39m Ready in 205ms

 GET /api/health [32m200[39m in 138ms[2m (next.js: 124ms, application-code: 14ms)[22m
 GET /login [32m200[39m in 166ms[2m (next.js: 54ms, application-code: 111ms)[22m
 GET /app [32m200[39m in 114ms[2m (next.js: 25ms, proxy.ts: 37ms, application-code: 51ms)[22m
 POST /login [34m303[39m in 224ms[2m (next.js: 1295µs, application-code: 223ms)[22m
  └─ ƒ loginAction({}) in 99ms [2msrc/app/login/actions.ts[22m
 GET / [32m200[39m in 44ms[2m (next.js: 10ms, application-code: 34ms)[22m
 GET /login?callbackUrl=http%3A%2F%2Flocalhost%3A3100%2Fapp%2Fsearch [32m200[39m in 21ms[2m (next.js: 913µs, application-code: 20ms)[22m
 GET /login?callbackUrl=http%3A%2F%2Flocalhost%3A3100%2Fapp%2Fnotes%2Fnew [32m200[39m in 19ms[2m (next.js: 893µs, application-code: 18ms)[22m
 GET /app [32m200[39m in 33ms[2m (next.js: 1150µs, proxy.ts: 3ms, application-code: 29ms)[22m
 POST /login?callbackUrl=http%3A%2F%2Flocalhost%3A3100%2Fapp%2Fnotes%2Fnew [34m303[39m in 71ms[2m (next.js: 1974µs, application-code: 69ms)[22m
  └─ ƒ loginAction({}) in 31ms [2msrc/app/login/actions.ts[22m
 GET /app/notes/new [32m200[39m in 39ms[2m (next.js: 21ms, proxy.ts: 3ms, application-code: 14ms)[22m
 GET /app/notes/cmn04d2q300008eybshov6tt4/edit?saved=1 [32m200[39m in 236ms[2m (next.js: 212ms, proxy.ts: 3ms, application-code: 21ms)[22m
 POST /app/notes/new [34m303[39m in 267ms[2m (next.js: 1769µs, proxy.ts: 4ms, application-code: 261ms)[22m
  └─ ƒ createNoteAction({}) in 21ms [2msrc/app/app/notes/actions.ts[22m
 POST /app/notes/cmn04d2q300008eybshov6tt4/edit?saved=1 [34m303[39m in 131ms[2m (next.js: 4ms, proxy.ts: 6ms, application-code: 121ms)[22m
  └─ ƒ updateNoteAction("cmn04d2q300008eybshov6tt4", {}) in 29ms [2msrc/app/app/notes/actions.ts[22m
 GET /app [32m200[39m in 176ms[2m (next.js: 1188µs, proxy.ts: 8ms, application-code: 166ms)[22m
 GET /app/notes/cmn04d2q300008eybshov6tt4/edit?saved=1 [32m200[39m in 145ms[2m (next.js: 18ms, proxy.ts: 98ms, application-code: 30ms)[22m
 GET /app/notes/cmn04d2q300008eybshov6tt4/edit [32m200[39m in 22ms[2m (next.js: 2ms, proxy.ts: 4ms, application-code: 16ms)[22m
 GET /login [32m200[39m in 23ms[2m (next.js: 1966µs, application-code: 21ms)[22m
 GET /app [32m200[39m in 24ms[2m (next.js: 1219µs, proxy.ts: 3ms, application-code: 21ms)[22m
 POST /login [34m303[39m in 59ms[2m (next.js: 941µs, application-code: 58ms)[22m
  └─ ƒ loginAction({}) in 30ms [2msrc/app/login/actions.ts[22m
 GET /app/notes/new [32m200[39m in 17ms[2m (next.js: 1022µs, proxy.ts: 3ms, application-code: 13ms)[22m
 GET /app/notes/cmn04d3n800018eyb181qnubm/edit?saved=1 [32m200[39m in 24ms[2m (next.js: 2ms, proxy.ts: 2ms, application-code: 19ms)[22m
 POST /app/notes/new [34m303[39m in 39ms[2m (next.js: 886µs, proxy.ts: 3ms, application-code: 35ms)[22m
  └─ ƒ createNoteAction({}) in 7ms [2msrc/app/app/notes/actions.ts[22m
 POST /api/test/mina/chat/completions [32m200[39m in 1512ms[2m (next.js: 14ms, application-code: 1498ms)[22m
 GET /app/notes/cmn04d3n800018eyb181qnubm/edit?saved=1 [32m200[39m in 43ms[2m (next.js: 7ms, proxy.ts: 9ms, application-code: 27ms)[22m
 GET /app/notes/cmn04d3n800018eyb181qnubm/edit?retried=1 [32m200[39m in 43ms[2m (next.js: 20ms, proxy.ts: 4ms, application-code: 19ms)[22m
 POST /app/notes/cmn04d3n800018eyb181qnubm/edit?saved=1 [34m303[39m in 75ms[2m (next.js: 5ms, proxy.ts: 15ms, application-code: 55ms)[22m
  └─ ƒ retryNoteEnrichmentAction("cmn04d3n800018eyb181qnubm") in 6ms [2msrc/app/app/notes/actions.ts[22m
 POST /api/test/mina/chat/completions [32m200[39m in 1508ms[2m (next.js: 603µs, application-code: 1508ms)[22m
 GET /app/notes/cmn04d3n800018eyb181qnubm/edit?retried=1 [32m200[39m in 44ms[2m (next.js: 7ms, proxy.ts: 9ms, application-code: 28ms)[22m
 GET /login [32m200[39m in 17ms[2m (next.js: 790µs, application-code: 16ms)[22m
 GET /app [32m200[39m in 23ms[2m (next.js: 1073µs, proxy.ts: 2ms, application-code: 20ms)[22m
 POST /login [34m303[39m in 58ms[2m (next.js: 927µs, application-code: 57ms)[22m
  └─ ƒ loginAction({}) in 29ms [2msrc/app/login/actions.ts[22m
 GET /app/notes/new [32m200[39m in 16ms[2m (next.js: 883µs, proxy.ts: 3ms, application-code: 12ms)[22m
 GET /app/notes/cmn04d8od00028eyb2yx5c3b0/edit?saved=1 [32m200[39m in 22ms[2m (next.js: 2ms, proxy.ts: 2000µs, application-code: 18ms)[22m
 POST /app/notes/new [34m303[39m in 37ms[2m (next.js: 1718µs, proxy.ts: 4ms, application-code: 32ms)[22m
  └─ ƒ createNoteAction({}) in 6ms [2msrc/app/app/notes/actions.ts[22m
 GET /app/notes/cmn04d8od00028eyb2yx5c3b0/edit?published=1 [32m200[39m in 25ms[2m (next.js: 1283µs, proxy.ts: 2ms, application-code: 22ms)[22m
 POST /app/notes/cmn04d8od00028eyb2yx5c3b0/edit?saved=1 [34m303[39m in 40ms[2m (next.js: 1553µs, proxy.ts: 3ms, application-code: 35ms)[22m
  └─ ƒ publishNoteAction("cmn04d8od00028eyb2yx5c3b0") in 5ms [2msrc/app/app/notes/actions.ts[22m
 GET / [32m200[39m in 18ms[2m (next.js: 878µs, application-code: 17ms)[22m
 GET /notes/public-note-1774084939612 [32m200[39m in 205ms[2m (next.js: 186ms, application-code: 19ms)[22m
 GET /app [32m200[39m in 48ms[2m (next.js: 903µs, proxy.ts: 3ms, application-code: 44ms)[22m
 GET /app/notes/cmn04d8od00028eyb2yx5c3b0/edit [32m200[39m in 21ms[2m (next.js: 2ms, proxy.ts: 3ms, application-code: 15ms)[22m
 GET /app/notes/cmn04d8od00028eyb2yx5c3b0/edit?unpublished=1 [32m200[39m in 23ms[2m (next.js: 1295µs, proxy.ts: 2ms, application-code: 19ms)[22m
 POST /app/notes/cmn04d8od00028eyb2yx5c3b0/edit [34m303[39m in 37ms[2m (next.js: 1504µs, proxy.ts: 3ms, application-code: 32ms)[22m
  └─ ƒ unpublishNoteAction("cmn04d8od00028eyb2yx5c3b0") in 5ms [2msrc/app/app/notes/actions.ts[22m
 GET / [32m200[39m in 17ms[2m (next.js: 898µs, application-code: 16ms)[22m
 GET /notes/public-note-1774084939612 [33m404[39m in 26ms[2m (next.js: 1804µs, application-code: 25ms)[22m
 GET /login [32m200[39m in 18ms[2m (next.js: 879µs, application-code: 17ms)[22m
 GET /app [32m200[39m in 26ms[2m (next.js: 842µs, proxy.ts: 2ms, application-code: 23ms)[22m
 POST /login [34m303[39m in 58ms[2m (next.js: 843µs, application-code: 57ms)[22m
  └─ ƒ loginAction({}) in 28ms [2msrc/app/login/actions.ts[22m
 GET /app/links [32m200[39m in 38ms[2m (next.js: 18ms, proxy.ts: 3ms, application-code: 17ms)[22m
 GET /app/links?saved=1 [32m200[39m in 24ms[2m (next.js: 861µs, proxy.ts: 2ms, application-code: 20ms)[22m
 POST /app/links [34m303[39m in 40ms[2m (next.js: 945µs, proxy.ts: 4ms, application-code: 36ms)[22m
  └─ ƒ createLinkAction({}) in 8ms [2msrc/app/app/links/actions.ts[22m
 POST /api/test/mina/chat/completions [32m200[39m in 2ms[2m (next.js: 598µs, application-code: 1747µs)[22m
 GET /app/links?saved=1 [32m200[39m in 43ms[2m (next.js: 2ms, proxy.ts: 15ms, application-code: 26ms)[22m
 GET / [32m200[39m in 30ms[2m (next.js: 2ms, application-code: 28ms)[22m
 GET /login [32m200[39m in 16ms[2m (next.js: 756µs, application-code: 16ms)[22m
 GET /app [32m200[39m in 25ms[2m (next.js: 788µs, proxy.ts: 3ms, application-code: 22ms)[22m
 POST /login [34m303[39m in 59ms[2m (next.js: 872µs, application-code: 58ms)[22m
  └─ ƒ loginAction({}) in 29ms [2msrc/app/login/actions.ts[22m
 GET /app/links [32m200[39m in 20ms[2m (next.js: 865µs, proxy.ts: 3ms, application-code: 16ms)[22m
 GET /app/links?saved=1 [32m200[39m in 23ms[2m (next.js: 813µs, proxy.ts: 2ms, application-code: 20ms)[22m
 POST /app/links [34m303[39m in 37ms[2m (next.js: 947µs, proxy.ts: 3ms, application-code: 33ms)[22m
  └─ ƒ createLinkAction({}) in 6ms [2msrc/app/app/links/actions.ts[22m
 POST /api/test/mina/chat/completions [32m200[39m in 3ms[2m (next.js: 896µs, application-code: 1687µs)[22m
 GET /app/links?saved=1 [32m200[39m in 44ms[2m (next.js: 2ms, proxy.ts: 11ms, application-code: 31ms)[22m
 GET /app/links?published=1 [32m200[39m in 33ms[2m (next.js: 1041µs, proxy.ts: 3ms, application-code: 29ms)[22m
 POST /app/links?saved=1 [34m303[39m in 54ms[2m (next.js: 1801µs, proxy.ts: 7ms, application-code: 45ms)[22m
  └─ ƒ publishLinkAction("cmn04dcmu00058eybp4u6cnm5") in 8ms [2msrc/app/app/links/actions.ts[22m
 GET / [32m200[39m in 17ms[2m (next.js: 845µs, application-code: 17ms)[22m
 GET /app/links [32m200[39m in 51ms[2m (next.js: 924µs, proxy.ts: 3ms, application-code: 48ms)[22m
 GET /app/links?unpublished=1 [32m200[39m in 23ms[2m (next.js: 817µs, proxy.ts: 2ms, application-code: 19ms)[22m
 POST /app/links [34m303[39m in 35ms[2m (next.js: 1237µs, proxy.ts: 3ms, application-code: 31ms)[22m
  └─ ƒ unpublishLinkAction("cmn04dcmu00058eybp4u6cnm5") in 5ms [2msrc/app/app/links/actions.ts[22m
 GET / [32m200[39m in 17ms[2m (next.js: 863µs, application-code: 16ms)[22m
 GET /login [32m200[39m in 16ms[2m (next.js: 746µs, application-code: 15ms)[22m
 GET /app [32m200[39m in 24ms[2m (next.js: 864µs, proxy.ts: 2ms, application-code: 21ms)[22m
 POST /login [34m303[39m in 57ms[2m (next.js: 918µs, application-code: 56ms)[22m
  └─ ƒ loginAction({}) in 29ms [2msrc/app/login/actions.ts[22m
 GET /app/links [32m200[39m in 21ms[2m (next.js: 1311µs, proxy.ts: 3ms, application-code: 17ms)[22m
 GET /app/links?saved=1 [32m200[39m in 29ms[2m (next.js: 815µs, proxy.ts: 2ms, application-code: 26ms)[22m
 POST /app/links [34m303[39m in 43ms[2m (next.js: 1063µs, proxy.ts: 3ms, application-code: 39ms)[22m
  └─ ƒ createLinkAction({}) in 6ms [2msrc/app/app/links/actions.ts[22m
 POST /api/test/mina/chat/completions [32m200[39m in 1509ms[2m (next.js: 600µs, application-code: 1509ms)[22m
 GET /app/links?saved=1 [32m200[39m in 47ms[2m (next.js: 3ms, proxy.ts: 9ms, application-code: 35ms)[22m
 GET /app/links?retried=1 [32m200[39m in 30ms[2m (next.js: 1060µs, proxy.ts: 3ms, application-code: 25ms)[22m
 POST /app/links?saved=1 [34m303[39m in 48ms[2m (next.js: 1606µs, proxy.ts: 6ms, application-code: 40ms)[22m
  └─ ƒ retryLinkEnrichmentAction("cmn04dfpq00068eybuf4gzx0y") in 7ms [2msrc/app/app/links/actions.ts[22m
 POST /api/test/mina/chat/completions [32m200[39m in 1509ms[2m (next.js: 631µs, application-code: 1508ms)[22m
 GET /app/links?retried=1 [32m200[39m in 47ms[2m (next.js: 1953µs, proxy.ts: 5ms, application-code: 40ms)[22m
 GET /login [32m200[39m in 16ms[2m (next.js: 808µs, application-code: 16ms)[22m
 GET /app [32m200[39m in 33ms[2m (next.js: 948µs, proxy.ts: 3ms, application-code: 30ms)[22m
 POST /login [34m303[39m in 69ms[2m (next.js: 919µs, application-code: 68ms)[22m
  └─ ƒ loginAction({}) in 30ms [2msrc/app/login/actions.ts[22m
 GET /app/links [32m200[39m in 26ms[2m (next.js: 868µs, proxy.ts: 3ms, application-code: 22ms)[22m
 GET /app/links?error=invalid-url [32m200[39m in 24ms[2m (next.js: 939µs, proxy.ts: 3ms, application-code: 21ms)[22m
 POST /app/links [34m303[39m in 36ms[2m (next.js: 1302µs, proxy.ts: 3ms, application-code: 32ms)[22m
  └─ ƒ createLinkAction({}) in 3ms [2msrc/app/app/links/actions.ts[22m
 GET /login [32m200[39m in 14ms[2m (next.js: 797µs, application-code: 14ms)[22m
 GET /app [32m200[39m in 25ms[2m (next.js: 1004µs, proxy.ts: 2ms, application-code: 21ms)[22m
 POST /login [34m303[39m in 58ms[2m (next.js: 898µs, application-code: 57ms)[22m
  └─ ƒ loginAction({}) in 29ms [2msrc/app/login/actions.ts[22m
 GET /app/notes/new [32m200[39m in 17ms[2m (next.js: 2ms, proxy.ts: 3ms, application-code: 12ms)[22m
 GET /app/notes/cmn04dl5s00078eyb11dp7c5o/edit?saved=1 [32m200[39m in 23ms[2m (next.js: 2ms, proxy.ts: 2ms, application-code: 19ms)[22m
 POST /app/notes/new [34m303[39m in 37ms[2m (next.js: 840µs, proxy.ts: 3ms, application-code: 34ms)[22m
  └─ ƒ createNoteAction({}) in 6ms [2msrc/app/app/notes/actions.ts[22m
 GET /app/links [32m200[39m in 48ms[2m (next.js: 5ms, proxy.ts: 2ms, application-code: 41ms)[22m
 GET /app/links?saved=1 [32m200[39m in 27ms[2m (next.js: 950µs, proxy.ts: 2ms, application-code: 24ms)[22m
 POST /app/links [34m303[39m in 41ms[2m (next.js: 1288µs, proxy.ts: 3ms, application-code: 37ms)[22m
  └─ ƒ createLinkAction({}) in 5ms [2msrc/app/app/links/actions.ts[22m
 POST /api/test/mina/chat/completions [32m200[39m in 2ms[2m (next.js: 701µs, application-code: 1524µs)[22m
 GET /app/links?saved=1 [32m200[39m in 47ms[2m (next.js: 3ms, proxy.ts: 9ms, application-code: 35ms)[22m
 GET /app/tags?tag=ai-owned [32m200[39m in 145ms[2m (next.js: 26ms, proxy.ts: 6ms, application-code: 112ms)[22m
 GET /app/tags [32m200[39m in 69ms[2m (next.js: 740µs, proxy.ts: 3ms, application-code: 65ms)[22m
 GET /app/search?q=Filtered%20note%201774084955808 [32m200[39m in 88ms[2m (next.js: 17ms, proxy.ts: 3ms, application-code: 69ms)[22m
 GET /app/search?q=url-needle-1774084955808 [32m200[39m in 45ms[2m (next.js: 862µs, proxy.ts: 3ms, application-code: 42ms)[22m
 GET /app/search?q=ai-owned [32m200[39m in 42ms[2m (next.js: 839µs, proxy.ts: 3ms, application-code: 38ms)[22m
 GET /login [32m200[39m in 16ms[2m (next.js: 1267µs, application-code: 14ms)[22m
 GET /app [32m200[39m in 26ms[2m (next.js: 970µs, proxy.ts: 2ms, application-code: 23ms)[22m
 POST /login [34m303[39m in 61ms[2m (next.js: 884µs, application-code: 60ms)[22m
  └─ ƒ loginAction({}) in 29ms [2msrc/app/login/actions.ts[22m
 GET /app/links [32m200[39m in 25ms[2m (next.js: 925µs, proxy.ts: 3ms, application-code: 21ms)[22m
 GET /app/links?saved=1 [32m200[39m in 28ms[2m (next.js: 820µs, proxy.ts: 2ms, application-code: 25ms)[22m
 POST /app/links [34m303[39m in 41ms[2m (next.js: 900µs, proxy.ts: 3ms, application-code: 37ms)[22m
  └─ ƒ createLinkAction({}) in 4ms [2msrc/app/app/links/actions.ts[22m
 GET /app/links?saved=1 [32m200[39m in 49ms[2m (next.js: 3ms, proxy.ts: 9ms, application-code: 37ms)[22m
 GET /app/search?q=ai [32m200[39m in 55ms[2m (next.js: 1932µs, proxy.ts: 6ms, application-code: 48ms)[22m
 GET /app/tags?tag=ai [32m200[39m in 39ms[2m (next.js: 874µs, proxy.ts: 3ms, application-code: 36ms)[22m
 GET /login [32m200[39m in 22ms[2m (next.js: 863µs, application-code: 21ms)[22m
 GET /app [32m200[39m in 26ms[2m (next.js: 1126µs, proxy.ts: 2ms, application-code: 22ms)[22m
 POST /login [34m303[39m in 59ms[2m (next.js: 887µs, application-code: 58ms)[22m
  └─ ƒ loginAction({}) in 29ms [2msrc/app/login/actions.ts[22m
 GET /app/notes/new [32m200[39m in 16ms[2m (next.js: 876µs, proxy.ts: 3ms, application-code: 12ms)[22m
 GET /app/notes/cmn04drbe000e8eybvoy0jy47/edit?saved=1 [32m200[39m in 24ms[2m (next.js: 2ms, proxy.ts: 2ms, application-code: 19ms)[22m
 POST /app/notes/new [34m303[39m in 37ms[2m (next.js: 1050µs, proxy.ts: 4ms, application-code: 32ms)[22m
  └─ ƒ createNoteAction({}) in 6ms [2msrc/app/app/notes/actions.ts[22m
 GET /app/notes/cmn04drbe000e8eybvoy0jy47/edit?saved=1 [32m200[39m in 30ms[2m (next.js: 4ms, proxy.ts: 5ms, application-code: 22ms)[22m
 GET /app [32m200[39m in 91ms[2m (next.js: 2ms, proxy.ts: 7ms, application-code: 82ms)[22m
 GET / [32m200[39m in 19ms[2m (next.js: 1765µs, application-code: 17ms)[22m
 GET /login [32m200[39m in 16ms[2m (next.js: 782µs, application-code: 15ms)[22m
 GET /login [32m200[39m in 14ms[2m (next.js: 716µs, application-code: 14ms)[22m
 GET /login [32m200[39m in 14ms[2m (next.js: 699µs, application-code: 13ms)[22m
 GET /app [32m200[39m in 21ms[2m (next.js: 897µs, proxy.ts: 3ms, application-code: 18ms)[22m
 POST /login [34m303[39m in 55ms[2m (next.js: 925µs, application-code: 55ms)[22m
  └─ ƒ loginAction({}) in 30ms [2msrc/app/login/actions.ts[22m
 GET /app/notes/cmn04due200088gybrcybyg5l/edit [32m200[39m in 48ms[2m (next.js: 3ms, proxy.ts: 3ms, application-code: 43ms)[22m
 GET /login [32m200[39m in 16ms[2m (next.js: 723µs, application-code: 15ms)[22m
 GET /app [32m200[39m in 22ms[2m (next.js: 841µs, proxy.ts: 2ms, application-code: 19ms)[22m
 POST /login [34m303[39m in 55ms[2m (next.js: 872µs, application-code: 55ms)[22m
  └─ ƒ loginAction({}) in 29ms [2msrc/app/login/actions.ts[22m
 GET /app/notes/cmn04duw000098gybyct6qh9y/edit [32m200[39m in 36ms[2m (next.js: 2ms, proxy.ts: 3ms, application-code: 32ms)[22m
 GET / [32m200[39m in 16ms[2m (next.js: 744µs, application-code: 16ms)[22m
 GET / [32m200[39m in 17ms[2m (next.js: 761µs, application-code: 16ms)[22m
 GET / [32m200[39m in 16ms[2m (next.js: 751µs, application-code: 15ms)[22m
 GET / [32m200[39m in 16ms[2m (next.js: 773µs, application-code: 16ms)[22m
 GET /login [32m200[39m in 15ms[2m (next.js: 869µs, application-code: 14ms)[22m
 GET /app [32m200[39m in 23ms[2m (next.js: 820µs, proxy.ts: 2ms, application-code: 19ms)[22m
 POST /login [34m303[39m in 56ms[2m (next.js: 948µs, application-code: 55ms)[22m
  └─ ƒ loginAction({}) in 29ms [2msrc/app/login/actions.ts[22m
 GET /app/notes/new [32m200[39m in 25ms[2m (next.js: 807µs, proxy.ts: 3ms, application-code: 21ms)[22m
 GET /app/notes/cmn04dws9000f8eybp5ge2054/edit?saved=1 [32m200[39m in 30ms[2m (next.js: 2ms, proxy.ts: 8ms, application-code: 20ms)[22m
 POST /app/notes/new [34m303[39m in 43ms[2m (next.js: 841µs, proxy.ts: 3ms, application-code: 39ms)[22m
  └─ ƒ createNoteAction({}) in 6ms [2msrc/app/app/notes/actions.ts[22m
 GET /login [32m200[39m in 17ms[2m (next.js: 833µs, application-code: 16ms)[22m
 GET /app [32m200[39m in 22ms[2m (next.js: 920µs, proxy.ts: 2ms, application-code: 18ms)[22m
 POST /login [34m303[39m in 55ms[2m (next.js: 914µs, application-code: 54ms)[22m
  └─ ƒ loginAction({}) in 29ms [2msrc/app/login/actions.ts[22m
 GET /app/notes/cmn04dwv6000t8gyb142338d2/edit [32m200[39m in 38ms[2m (next.js: 2ms, proxy.ts: 3ms, application-code: 33ms)[22m
 GET /login [32m200[39m in 16ms[2m (next.js: 744µs, application-code: 15ms)[22m
 GET /app [32m200[39m in 22ms[2m (next.js: 875µs, proxy.ts: 3ms, application-code: 18ms)[22m
 POST /login [34m303[39m in 61ms[2m (next.js: 869µs, application-code: 60ms)[22m
  └─ ƒ loginAction({}) in 29ms [2msrc/app/login/actions.ts[22m
 GET /app/notes/cmn04dxcu000u8gyb5w9zuvuy/edit [32m200[39m in 37ms[2m (next.js: 2ms, proxy.ts: 2ms, application-code: 32ms)[22m
 GET /login [32m200[39m in 17ms[2m (next.js: 788µs, application-code: 16ms)[22m
 GET /app [32m200[39m in 22ms[2m (next.js: 896µs, proxy.ts: 2ms, application-code: 19ms)[22m
 POST /login [34m303[39m in 57ms[2m (next.js: 914µs, application-code: 56ms)[22m
  └─ ƒ loginAction({}) in 29ms [2msrc/app/login/actions.ts[22m
 GET /app/notes/cmn04dxs3000v8gybnjfsyuua/edit [32m200[39m in 44ms[2m (next.js: 2ms, proxy.ts: 3ms, application-code: 39ms)[22m
 GET /app/notes/cmn04dxs3000v8gybnjfsyuua/edit?saved=1 [32m200[39m in 25ms[2m (next.js: 1401µs, proxy.ts: 2ms, application-code: 21ms)[22m
 POST /app/notes/cmn04dxs3000v8gybnjfsyuua/edit [34m303[39m in 42ms[2m (next.js: 2ms, proxy.ts: 3ms, application-code: 37ms)[22m
  └─ ƒ updateNoteAction("cmn04dxs3000v8gybnjfsyuua", {}) in 8ms [2msrc/app/app/notes/actions.ts[22m
 GET /login [32m200[39m in 16ms[2m (next.js: 1006µs, application-code: 15ms)[22m
 GET /app [32m200[39m in 23ms[2m (next.js: 800µs, proxy.ts: 2ms, application-code: 20ms)[22m
 POST /login [34m303[39m in 56ms[2m (next.js: 1025µs, application-code: 55ms)[22m
  └─ ƒ loginAction({}) in 30ms [2msrc/app/login/actions.ts[22m
 GET /app/notes/cmn04dykv000w8gybb5zq11tk/edit [32m200[39m in 36ms[2m (next.js: 2ms, proxy.ts: 3ms, application-code: 31ms)[22m
 GET /login [32m200[39m in 20ms[2m (next.js: 813µs, application-code: 20ms)[22m
 GET /app [32m200[39m in 22ms[2m (next.js: 780µs, proxy.ts: 2ms, application-code: 19ms)[22m
 POST /login [34m303[39m in 54ms[2m (next.js: 897µs, application-code: 53ms)[22m
  └─ ƒ loginAction({}) in 29ms [2msrc/app/login/actions.ts[22m
 GET /app/notes/cmn04dz2b000x8gybdc3kwpqj/edit [32m200[39m in 34ms[2m (next.js: 2ms, proxy.ts: 3ms, application-code: 29ms)[22m
 GET /app/notes/cmn04dz2b000x8gybdc3kwpqj/edit?saved=1 [32m200[39m in 23ms[2m (next.js: 1358µs, proxy.ts: 3ms, application-code: 19ms)[22m
 POST /app/notes/cmn04dz2b000x8gybdc3kwpqj/edit [34m303[39m in 39ms[2m (next.js: 3ms, proxy.ts: 4ms, application-code: 32ms)[22m
  └─ ƒ updateNoteAction("cmn04dz2b000x8gybdc3kwpqj", {}) in 6ms [2msrc/app/app/notes/actions.ts[22m
 GET /login [32m200[39m in 16ms[2m (next.js: 807µs, application-code: 15ms)[22m
 GET /app [32m200[39m in 22ms[2m (next.js: 821µs, proxy.ts: 3ms, application-code: 18ms)[22m
 POST /login [34m303[39m in 59ms[2m (next.js: 901µs, application-code: 58ms)[22m
  └─ ƒ loginAction({}) in 33ms [2msrc/app/login/actions.ts[22m
 GET /app/notes/cmn04dzu3000y8gybxn9onezo/edit [32m200[39m in 36ms[2m (next.js: 2ms, proxy.ts: 2ms, application-code: 32ms)[22m
 GET /login [32m200[39m in 17ms[2m (next.js: 808µs, application-code: 16ms)[22m
 GET /app [32m200[39m in 22ms[2m (next.js: 869µs, proxy.ts: 2ms, application-code: 19ms)[22m
 POST /login [34m303[39m in 56ms[2m (next.js: 907µs, application-code: 55ms)[22m
  └─ ƒ loginAction({}) in 29ms [2msrc/app/login/actions.ts[22m
 GET /app/notes/cmn04e0be000z8gybvz57nhtd/edit [32m200[39m in 45ms[2m (next.js: 2ms, proxy.ts: 3ms, application-code: 40ms)[22m
 GET /app/notes/cmn04e0be000z8gybvz57nhtd/edit?saved=1 [32m200[39m in 24ms[2m (next.js: 1255µs, proxy.ts: 2ms, application-code: 20ms)[22m
 POST /app/notes/cmn04e0be000z8gybvz57nhtd/edit [34m303[39m in 40ms[2m (next.js: 3ms, proxy.ts: 3ms, application-code: 34ms)[22m
  └─ ƒ updateNoteAction("cmn04e0be000z8gybvz57nhtd", {}) in 6ms [2msrc/app/app/notes/actions.ts[22m
 GET /login [32m200[39m in 17ms[2m (next.js: 774µs, application-code: 16ms)[22m
 GET /app [32m200[39m in 22ms[2m (next.js: 832µs, proxy.ts: 3ms, application-code: 18ms)[22m
 POST /login [34m303[39m in 55ms[2m (next.js: 926µs, application-code: 54ms)[22m
  └─ ƒ loginAction({}) in 29ms [2msrc/app/login/actions.ts[22m
 GET /app/notes/new [32m200[39m in 26ms[2m (next.js: 885µs, proxy.ts: 3ms, application-code: 23ms)[22m
 GET /login [32m200[39m in 21ms[2m (next.js: 819µs, application-code: 20ms)[22m
 GET /app [32m200[39m in 23ms[2m (next.js: 896µs, proxy.ts: 2ms, application-code: 19ms)[22m
 POST /login [34m303[39m in 56ms[2m (next.js: 1011µs, application-code: 55ms)[22m
  └─ ƒ loginAction({}) in 29ms [2msrc/app/login/actions.ts[22m
 GET /app/notes/cmn04e1n000118gybg7wfk85h/edit [32m200[39m in 42ms[2m (next.js: 2ms, proxy.ts: 3ms, application-code: 37ms)[22m
 GET /login [32m200[39m in 16ms[2m (next.js: 794µs, application-code: 16ms)[22m
 GET /app [32m200[39m in 22ms[2m (next.js: 1092µs, proxy.ts: 2ms, application-code: 18ms)[22m
 POST /login [34m303[39m in 56ms[2m (next.js: 932µs, application-code: 55ms)[22m
  └─ ƒ loginAction({}) in 30ms [2msrc/app/login/actions.ts[22m
 GET /app/notes/cmn04e24g00128gyblg5lpne8/edit [32m200[39m in 47ms[2m (next.js: 2ms, proxy.ts: 3ms, application-code: 42ms)[22m
 GET /login [32m200[39m in 16ms[2m (next.js: 884µs, application-code: 15ms)[22m
 GET /app [32m200[39m in 25ms[2m (next.js: 795µs, proxy.ts: 2ms, application-code: 22ms)[22m
 POST /login [34m303[39m in 57ms[2m (next.js: 907µs, application-code: 57ms)[22m
  └─ ƒ loginAction({}) in 29ms [2msrc/app/login/actions.ts[22m
 GET /login [32m200[39m in 17ms[2m (next.js: 771µs, application-code: 16ms)[22m
 GET /app [32m200[39m in 25ms[2m (next.js: 1172µs, proxy.ts: 2ms, application-code: 21ms)[22m
 POST /login [34m303[39m in 58ms[2m (next.js: 936µs, application-code: 57ms)[22m
  └─ ƒ loginAction({}) in 30ms [2msrc/app/login/actions.ts[22m
 GET /login [32m200[39m in 21ms[2m (next.js: 774µs, application-code: 20ms)[22m
 GET /app [32m200[39m in 22ms[2m (next.js: 892µs, proxy.ts: 2ms, application-code: 19ms)[22m
 POST /login [34m303[39m in 56ms[2m (next.js: 869µs, application-code: 55ms)[22m
  └─ ƒ loginAction({}) in 29ms [2msrc/app/login/actions.ts[22m
 GET /app/links [32m200[39m in 46ms[2m (next.js: 2ms, proxy.ts: 3ms, application-code: 41ms)[22m
 GET /login [32m200[39m in 16ms[2m (next.js: 760µs, application-code: 15ms)[22m
 GET /app [32m200[39m in 29ms[2m (next.js: 875µs, proxy.ts: 2ms, application-code: 25ms)[22m
 POST /login [34m303[39m in 62ms[2m (next.js: 905µs, application-code: 61ms)[22m
  └─ ƒ loginAction({}) in 30ms [2msrc/app/login/actions.ts[22m
 GET /app/links [32m200[39m in 43ms[2m (next.js: 920µs, proxy.ts: 2ms, application-code: 40ms)[22m
 GET /login [32m200[39m in 16ms[2m (next.js: 760µs, application-code: 15ms)[22m
 GET /app [32m200[39m in 26ms[2m (next.js: 870µs, proxy.ts: 3ms, application-code: 22ms)[22m
 POST /login [34m303[39m in 60ms[2m (next.js: 922µs, application-code: 59ms)[22m
  └─ ƒ loginAction({}) in 30ms [2msrc/app/login/actions.ts[22m
 GET /app/tags?tag=studio-systems [32m200[39m in 46ms[2m (next.js: 2ms, proxy.ts: 2ms, application-code: 41ms)[22m
 GET /login [32m200[39m in 16ms[2m (next.js: 981µs, application-code: 15ms)[22m
 GET /app [32m200[39m in 24ms[2m (next.js: 1030µs, proxy.ts: 2ms, application-code: 20ms)[22m
 POST /login [34m303[39m in 57ms[2m (next.js: 901µs, application-code: 56ms)[22m
  └─ ƒ loginAction({}) in 29ms [2msrc/app/login/actions.ts[22m
 GET /app/tags?tag=studio-systems [32m200[39m in 37ms[2m (next.js: 939µs, proxy.ts: 3ms, application-code: 33ms)[22m
 GET /login [32m200[39m in 16ms[2m (next.js: 800µs, application-code: 15ms)[22m
 GET /app [32m200[39m in 27ms[2m (next.js: 908µs, proxy.ts: 2ms, application-code: 24ms)[22m
 POST /login [34m303[39m in 59ms[2m (next.js: 882µs, application-code: 58ms)[22m
  └─ ƒ loginAction({}) in 28ms [2msrc/app/login/actions.ts[22m
 GET /app/search?q=rhythm [32m200[39m in 39ms[2m (next.js: 1715µs, proxy.ts: 3ms, application-code: 35ms)[22m
 GET /login [32m200[39m in 16ms[2m (next.js: 793µs, application-code: 15ms)[22m
 GET /app [32m200[39m in 23ms[2m (next.js: 1057µs, proxy.ts: 2ms, application-code: 20ms)[22m
 POST /login [34m303[39m in 57ms[2m (next.js: 898µs, application-code: 56ms)[22m
  └─ ƒ loginAction({}) in 30ms [2msrc/app/login/actions.ts[22m
 GET /app/search?q=rhythm [32m200[39m in 33ms[2m (next.js: 871µs, proxy.ts: 2ms, application-code: 30ms)[22m
 GET / [32m200[39m in 17ms[2m (next.js: 1616µs, application-code: 15ms)[22m
 GET / [32m200[39m in 16ms[2m (next.js: 723µs, application-code: 15ms)[22m
 GET /notes/public-notes-should-read-like-finished-pages-not-dashboards [32m200[39m in 38ms[2m (next.js: 3ms, application-code: 35ms)[22m
 GET /notes/public-notes-should-read-like-finished-pages-not-dashboards [32m200[39m in 19ms[2m (next.js: 1621µs, application-code: 17ms)[22m
 GET / [32m200[39m in 18ms[2m (next.js: 825µs, application-code: 17ms)[22m
 GET / [32m200[39m in 17ms[2m (next.js: 846µs, application-code: 16ms)[22m
 GET / [32m200[39m in 15ms[2m (next.js: 837µs, application-code: 14ms)[22m
 GET /login [32m200[39m in 15ms[2m (next.js: 773µs, application-code: 14ms)[22m
 GET /login [32m200[39m in 27ms[2m (next.js: 705µs, application-code: 26ms)[22m
 GET /app [32m200[39m in 22ms[2m (next.js: 829µs, proxy.ts: 3ms, application-code: 18ms)[22m
 POST /login [34m303[39m in 56ms[2m (next.js: 846µs, application-code: 55ms)[22m
  └─ ƒ loginAction({}) in 30ms [2msrc/app/login/actions.ts[22m
 GET /login [32m200[39m in 15ms[2m (next.js: 687µs, application-code: 14ms)[22m
 GET /app [32m200[39m in 21ms[2m (next.js: 802µs, proxy.ts: 2ms, application-code: 18ms)[22m
 POST /login [34m303[39m in 55ms[2m (next.js: 859µs, application-code: 54ms)[22m
  └─ ƒ loginAction({}) in 29ms [2msrc/app/login/actions.ts[22m
