
> minakeep@0.1.0 dev
> next dev --hostname 127.0.0.1 --port 3100

[1m[38;2;173;127;168m▲ Next.js 16.2.0[39m[22m (Turbopack)
- Local:         http://127.0.0.1:3100
- Network:       http://127.0.0.1:3100
- Environments: .env
[32m[1m✓[22m[39m Ready in 198ms

 GET /api/health [32m200[39m in 105ms[2m (next.js: 91ms, application-code: 13ms)[22m
 GET /login [32m200[39m in 163ms[2m (next.js: 51ms, application-code: 112ms)[22m
 GET /app [32m200[39m in 114ms[2m (next.js: 25ms, proxy.ts: 37ms, application-code: 52ms)[22m
 POST /login [34m303[39m in 220ms[2m (next.js: 1259µs, application-code: 219ms)[22m
  └─ ƒ loginAction({}) in 94ms [2msrc/app/login/actions.ts[22m
 GET / [32m200[39m in 37ms[2m (next.js: 9ms, application-code: 28ms)[22m
 GET /login?callbackUrl=http%3A%2F%2Flocalhost%3A3100%2Fapp%2Fsearch [32m200[39m in 29ms[2m (next.js: 805µs, application-code: 28ms)[22m
 GET /login?callbackUrl=http%3A%2F%2Flocalhost%3A3100%2Fapp%2Fnotes%2Fnew [32m200[39m in 17ms[2m (next.js: 909µs, application-code: 16ms)[22m
 GET /app [32m200[39m in 23ms[2m (next.js: 1057µs, proxy.ts: 3ms, application-code: 19ms)[22m
 POST /login?callbackUrl=http%3A%2F%2Flocalhost%3A3100%2Fapp%2Fnotes%2Fnew [34m303[39m in 59ms[2m (next.js: 1086µs, application-code: 58ms)[22m
  └─ ƒ loginAction({}) in 31ms [2msrc/app/login/actions.ts[22m
 GET /app/notes/new [32m200[39m in 38ms[2m (next.js: 20ms, proxy.ts: 4ms, application-code: 14ms)[22m
 GET /app/notes/cmn033lz80000ebybjzaw7cs2/edit?saved=1 [32m200[39m in 239ms[2m (next.js: 216ms, proxy.ts: 3ms, application-code: 21ms)[22m
 POST /app/notes/new [34m303[39m in 272ms[2m (next.js: 1070µs, proxy.ts: 4ms, application-code: 268ms)[22m
  └─ ƒ createNoteAction({}) in 25ms [2msrc/app/app/notes/actions.ts[22m
 POST /app/notes/cmn033lz80000ebybjzaw7cs2/edit?saved=1 [34m303[39m in 122ms[2m (next.js: 5ms, proxy.ts: 3ms, application-code: 113ms)[22m
  └─ ƒ updateNoteAction("cmn033lz80000ebybjzaw7cs2", {}) in 27ms [2msrc/app/app/notes/actions.ts[22m
 GET /app [32m200[39m in 171ms[2m (next.js: 1196µs, proxy.ts: 8ms, application-code: 161ms)[22m
 GET /app/notes/cmn033lz80000ebybjzaw7cs2/edit?saved=1 [32m200[39m in 137ms[2m (next.js: 10ms, proxy.ts: 88ms, application-code: 39ms)[22m
 GET /app/notes/cmn033lz80000ebybjzaw7cs2/edit [32m200[39m in 21ms[2m (next.js: 1589µs, proxy.ts: 4ms, application-code: 16ms)[22m
 GET /login [32m200[39m in 16ms[2m (next.js: 797µs, application-code: 16ms)[22m
 GET /app [32m200[39m in 22ms[2m (next.js: 937µs, proxy.ts: 2ms, application-code: 19ms)[22m
 POST /login [34m303[39m in 62ms[2m (next.js: 6ms, application-code: 57ms)[22m
  └─ ƒ loginAction({}) in 31ms [2msrc/app/login/actions.ts[22m
 GET /app/notes/new [32m200[39m in 16ms[2m (next.js: 1351µs, proxy.ts: 3ms, application-code: 12ms)[22m
 GET /app/notes/cmn033mvc0001ebyb42hw8hqf/edit?saved=1 [32m200[39m in 23ms[2m (next.js: 2ms, proxy.ts: 2ms, application-code: 19ms)[22m
 POST /app/notes/new [34m303[39m in 38ms[2m (next.js: 1009µs, proxy.ts: 3ms, application-code: 34ms)[22m
  └─ ƒ createNoteAction({}) in 7ms [2msrc/app/app/notes/actions.ts[22m
 POST /api/test/mina/chat/completions [32m200[39m in 1513ms[2m (next.js: 14ms, application-code: 1499ms)[22m
 GET /app/notes/cmn033mvc0001ebyb42hw8hqf/edit?saved=1 [32m200[39m in 37ms[2m (next.js: 5ms, proxy.ts: 7ms, application-code: 25ms)[22m
 GET /app/notes/cmn033mvc0001ebyb42hw8hqf/edit?retried=1 [32m200[39m in 35ms[2m (next.js: 1526µs, proxy.ts: 3ms, application-code: 31ms)[22m
 POST /app/notes/cmn033mvc0001ebyb42hw8hqf/edit?saved=1 [34m303[39m in 52ms[2m (next.js: 3ms, proxy.ts: 4ms, application-code: 45ms)[22m
  └─ ƒ retryNoteEnrichmentAction("cmn033mvc0001ebyb42hw8hqf") in 6ms [2msrc/app/app/notes/actions.ts[22m
 POST /api/test/mina/chat/completions [32m200[39m in 1487ms[2m (next.js: 1395µs, application-code: 1486ms)[22m
 GET /app/notes/cmn033mvc0001ebyb42hw8hqf/edit?retried=1 [32m200[39m in 43ms[2m (next.js: 7ms, proxy.ts: 9ms, application-code: 27ms)[22m
 GET /login [32m200[39m in 17ms[2m (next.js: 781µs, application-code: 16ms)[22m
 GET /app [32m200[39m in 24ms[2m (next.js: 908µs, proxy.ts: 3ms, application-code: 21ms)[22m
 POST /login [34m303[39m in 60ms[2m (next.js: 950µs, application-code: 59ms)[22m
  └─ ƒ loginAction({}) in 31ms [2msrc/app/login/actions.ts[22m
 GET /app/notes/new [32m200[39m in 15ms[2m (next.js: 1076µs, proxy.ts: 3ms, application-code: 11ms)[22m
 GET /app/notes/cmn033rvn0002ebyb3bsfg0di/edit?saved=1 [32m200[39m in 22ms[2m (next.js: 2ms, proxy.ts: 2ms, application-code: 17ms)[22m
 POST /app/notes/new [34m303[39m in 36ms[2m (next.js: 904µs, proxy.ts: 3ms, application-code: 32ms)[22m
  └─ ƒ createNoteAction({}) in 6ms [2msrc/app/app/notes/actions.ts[22m
 GET /app/notes/cmn033rvn0002ebyb3bsfg0di/edit?published=1 [32m200[39m in 25ms[2m (next.js: 1231µs, proxy.ts: 2ms, application-code: 21ms)[22m
 POST /app/notes/cmn033rvn0002ebyb3bsfg0di/edit?saved=1 [34m303[39m in 39ms[2m (next.js: 1802µs, proxy.ts: 3ms, application-code: 34ms)[22m
  └─ ƒ publishNoteAction("cmn033rvn0002ebyb3bsfg0di") in 5ms [2msrc/app/app/notes/actions.ts[22m
 GET / [32m200[39m in 17ms[2m (next.js: 894µs, application-code: 16ms)[22m
 GET /notes/public-note-1774082818331 [32m200[39m in 200ms[2m (next.js: 185ms, application-code: 14ms)[22m
 GET /app [32m200[39m in 42ms[2m (next.js: 857µs, proxy.ts: 3ms, application-code: 38ms)[22m
 GET /app/notes/cmn033rvn0002ebyb3bsfg0di/edit [32m200[39m in 26ms[2m (next.js: 3ms, proxy.ts: 3ms, application-code: 20ms)[22m
 GET /app/notes/cmn033rvn0002ebyb3bsfg0di/edit?unpublished=1 [32m200[39m in 21ms[2m (next.js: 1229µs, proxy.ts: 2ms, application-code: 18ms)[22m
 POST /app/notes/cmn033rvn0002ebyb3bsfg0di/edit [34m303[39m in 35ms[2m (next.js: 1463µs, proxy.ts: 3ms, application-code: 30ms)[22m
  └─ ƒ unpublishNoteAction("cmn033rvn0002ebyb3bsfg0di") in 5ms [2msrc/app/app/notes/actions.ts[22m
 GET / [32m200[39m in 17ms[2m (next.js: 918µs, application-code: 16ms)[22m
 GET /notes/public-note-1774082818331 [33m404[39m in 25ms[2m (next.js: 1801µs, application-code: 24ms)[22m
 GET /login [32m200[39m in 18ms[2m (next.js: 772µs, application-code: 17ms)[22m
 GET /app [32m200[39m in 23ms[2m (next.js: 830µs, proxy.ts: 2ms, application-code: 20ms)[22m
 POST /login [34m303[39m in 56ms[2m (next.js: 914µs, application-code: 55ms)[22m
  └─ ƒ loginAction({}) in 30ms [2msrc/app/login/actions.ts[22m
 GET /app/links [32m200[39m in 36ms[2m (next.js: 17ms, proxy.ts: 3ms, application-code: 16ms)[22m
 GET /app/links?saved=1 [32m200[39m in 23ms[2m (next.js: 893µs, proxy.ts: 3ms, application-code: 19ms)[22m
 POST /app/links [34m303[39m in 42ms[2m (next.js: 5ms, proxy.ts: 3ms, application-code: 34ms)[22m
  └─ ƒ createLinkAction({}) in 8ms [2msrc/app/app/links/actions.ts[22m
 POST /api/test/mina/chat/completions [32m200[39m in 2ms[2m (next.js: 652µs, application-code: 1790µs)[22m
 GET /app/links?saved=1 [32m200[39m in 44ms[2m (next.js: 2ms, proxy.ts: 15ms, application-code: 27ms)[22m
 GET / [32m200[39m in 32ms[2m (next.js: 1930µs, application-code: 30ms)[22m
 GET /login [32m200[39m in 16ms[2m (next.js: 742µs, application-code: 15ms)[22m
 GET /app [32m200[39m in 31ms[2m (next.js: 923µs, proxy.ts: 3ms, application-code: 28ms)[22m
 POST /login [34m303[39m in 68ms[2m (next.js: 862µs, application-code: 67ms)[22m
  └─ ƒ loginAction({}) in 29ms [2msrc/app/login/actions.ts[22m
 GET /app/links [32m200[39m in 21ms[2m (next.js: 908µs, proxy.ts: 3ms, application-code: 17ms)[22m
 GET /app/links?saved=1 [32m200[39m in 22ms[2m (next.js: 768µs, proxy.ts: 2ms, application-code: 20ms)[22m
 POST /app/links [34m303[39m in 36ms[2m (next.js: 891µs, proxy.ts: 3ms, application-code: 32ms)[22m
  └─ ƒ createLinkAction({}) in 6ms [2msrc/app/app/links/actions.ts[22m
 POST /api/test/mina/chat/completions [32m200[39m in 2ms[2m (next.js: 777µs, application-code: 1611µs)[22m
 GET /app/links?saved=1 [32m200[39m in 45ms[2m (next.js: 3ms, proxy.ts: 8ms, application-code: 34ms)[22m
 GET /app/links?published=1 [32m200[39m in 28ms[2m (next.js: 1132µs, proxy.ts: 3ms, application-code: 24ms)[22m
 POST /app/links?saved=1 [34m303[39m in 50ms[2m (next.js: 1777µs, proxy.ts: 7ms, application-code: 41ms)[22m
  └─ ƒ publishLinkAction("cmn033vt20006ebybty4a02hp") in 8ms [2msrc/app/app/links/actions.ts[22m
 GET / [32m200[39m in 17ms[2m (next.js: 851µs, application-code: 16ms)[22m
 GET /app/links [32m200[39m in 53ms[2m (next.js: 856µs, proxy.ts: 2ms, application-code: 50ms)[22m
 GET /app/links?unpublished=1 [32m200[39m in 22ms[2m (next.js: 806µs, proxy.ts: 2ms, application-code: 19ms)[22m
 POST /app/links [34m303[39m in 35ms[2m (next.js: 874µs, proxy.ts: 3ms, application-code: 31ms)[22m
  └─ ƒ unpublishLinkAction("cmn033vt20006ebybty4a02hp") in 6ms [2msrc/app/app/links/actions.ts[22m
 GET / [32m200[39m in 17ms[2m (next.js: 902µs, application-code: 16ms)[22m
 GET /login [32m200[39m in 16ms[2m (next.js: 750µs, application-code: 16ms)[22m
 GET /app [32m200[39m in 24ms[2m (next.js: 975µs, proxy.ts: 2ms, application-code: 20ms)[22m
 POST /login [34m303[39m in 58ms[2m (next.js: 968µs, application-code: 57ms)[22m
  └─ ƒ loginAction({}) in 30ms [2msrc/app/login/actions.ts[22m
 GET /app/links [32m200[39m in 21ms[2m (next.js: 931µs, proxy.ts: 3ms, application-code: 17ms)[22m
 GET /app/links?saved=1 [32m200[39m in 24ms[2m (next.js: 763µs, proxy.ts: 2ms, application-code: 21ms)[22m
 POST /app/links [34m303[39m in 37ms[2m (next.js: 880µs, proxy.ts: 3ms, application-code: 33ms)[22m
  └─ ƒ createLinkAction({}) in 6ms [2msrc/app/app/links/actions.ts[22m
 POST /api/test/mina/chat/completions [32m200[39m in 1509ms[2m (next.js: 601µs, application-code: 1508ms)[22m
 GET /app/links?saved=1 [32m200[39m in 44ms[2m (next.js: 3ms, proxy.ts: 9ms, application-code: 33ms)[22m
 GET /app/links?retried=1 [32m200[39m in 38ms[2m (next.js: 1248µs, proxy.ts: 3ms, application-code: 34ms)[22m
 POST /app/links?saved=1 [34m303[39m in 57ms[2m (next.js: 1680µs, proxy.ts: 6ms, application-code: 49ms)[22m
  └─ ƒ retryLinkEnrichmentAction("cmn033yvy0007ebybo7ekf7ub") in 5ms [2msrc/app/app/links/actions.ts[22m
 POST /api/test/mina/chat/completions [32m200[39m in 1508ms[2m (next.js: 1010µs, application-code: 1507ms)[22m
 GET /app/links?retried=1 [32m200[39m in 50ms[2m (next.js: 3ms, proxy.ts: 10ms, application-code: 37ms)[22m
 GET /login [32m200[39m in 19ms[2m (next.js: 1309µs, application-code: 18ms)[22m
 GET /app [32m200[39m in 26ms[2m (next.js: 1005µs, proxy.ts: 3ms, application-code: 23ms)[22m
 POST /login [34m303[39m in 63ms[2m (next.js: 1655µs, application-code: 61ms)[22m
  └─ ƒ loginAction({}) in 31ms [2msrc/app/login/actions.ts[22m
 GET /app/links [32m200[39m in 24ms[2m (next.js: 944µs, proxy.ts: 3ms, application-code: 20ms)[22m
 GET /app/links?error=invalid-url [32m200[39m in 41ms[2m (next.js: 1021µs, proxy.ts: 3ms, application-code: 37ms)[22m
 POST /app/links [34m303[39m in 67ms[2m (next.js: 988µs, proxy.ts: 3ms, application-code: 63ms)[22m
  └─ ƒ createLinkAction({}) in 3ms [2msrc/app/app/links/actions.ts[22m
 GET /login [32m200[39m in 15ms[2m (next.js: 860µs, application-code: 14ms)[22m
 GET /app [32m200[39m in 25ms[2m (next.js: 1127µs, proxy.ts: 2ms, application-code: 21ms)[22m
 POST /login [34m303[39m in 59ms[2m (next.js: 953µs, application-code: 58ms)[22m
  └─ ƒ loginAction({}) in 30ms [2msrc/app/login/actions.ts[22m
 GET /app/notes/new [32m200[39m in 17ms[2m (next.js: 1547µs, proxy.ts: 3ms, application-code: 12ms)[22m
 GET /app/notes/cmn0344de0008ebybfiskct90/edit?saved=1 [32m200[39m in 24ms[2m (next.js: 4ms, proxy.ts: 3ms, application-code: 17ms)[22m
 POST /app/notes/new [34m303[39m in 37ms[2m (next.js: 913µs, proxy.ts: 3ms, application-code: 33ms)[22m
  └─ ƒ createNoteAction({}) in 6ms [2msrc/app/app/notes/actions.ts[22m
 GET /app/links [32m200[39m in 45ms[2m (next.js: 913µs, proxy.ts: 2ms, application-code: 41ms)[22m
 GET /app/links?saved=1 [32m200[39m in 27ms[2m (next.js: 957µs, proxy.ts: 2ms, application-code: 24ms)[22m
 POST /app/links [34m303[39m in 45ms[2m (next.js: 1044µs, proxy.ts: 8ms, application-code: 35ms)[22m
  └─ ƒ createLinkAction({}) in 5ms [2msrc/app/app/links/actions.ts[22m
 POST /api/test/mina/chat/completions [32m200[39m in 2ms[2m (next.js: 667µs, application-code: 1578µs)[22m
 GET /app/links?saved=1 [32m200[39m in 39ms[2m (next.js: 1972µs, proxy.ts: 5ms, application-code: 31ms)[22m
 GET /app/tags?tag=ai-owned [32m200[39m in 153ms[2m (next.js: 26ms, proxy.ts: 8ms, application-code: 119ms)[22m
 GET /app/tags [32m200[39m in 70ms[2m (next.js: 1049µs, proxy.ts: 3ms, application-code: 66ms)[22m
 GET /app/search?q=Filtered%20note%201774082834529 [32m200[39m in 82ms[2m (next.js: 17ms, proxy.ts: 3ms, application-code: 62ms)[22m
 GET /app/search?q=url-needle-1774082834529 [32m200[39m in 44ms[2m (next.js: 892µs, proxy.ts: 3ms, application-code: 41ms)[22m
 GET /app/search?q=ai-owned [32m200[39m in 39ms[2m (next.js: 888µs, proxy.ts: 3ms, application-code: 36ms)[22m
 GET /login [32m200[39m in 14ms[2m (next.js: 762µs, application-code: 14ms)[22m
 GET /app [32m200[39m in 25ms[2m (next.js: 935µs, proxy.ts: 3ms, application-code: 21ms)[22m
 POST /login [34m303[39m in 60ms[2m (next.js: 916µs, application-code: 59ms)[22m
  └─ ƒ loginAction({}) in 31ms [2msrc/app/login/actions.ts[22m
 GET /app/links [32m200[39m in 24ms[2m (next.js: 1340µs, proxy.ts: 3ms, application-code: 19ms)[22m
 GET /app/links?saved=1 [32m200[39m in 34ms[2m (next.js: 817µs, proxy.ts: 2ms, application-code: 31ms)[22m
 POST /app/links [34m303[39m in 47ms[2m (next.js: 1018µs, proxy.ts: 3ms, application-code: 43ms)[22m
  └─ ƒ createLinkAction({}) in 5ms [2msrc/app/app/links/actions.ts[22m
 GET /app/links?saved=1 [32m200[39m in 48ms[2m (next.js: 3ms, proxy.ts: 8ms, application-code: 37ms)[22m
 GET /app/search?q=advanced_techniques [32m200[39m in 49ms[2m (next.js: 1918µs, proxy.ts: 6ms, application-code: 41ms)[22m
 GET /app/tags?tag=advanced_techniques [32m200[39m in 38ms[2m (next.js: 791µs, proxy.ts: 3ms, application-code: 35ms)[22m
 GET /login [32m200[39m in 27ms[2m (next.js: 810µs, application-code: 26ms)[22m
 GET /app [32m200[39m in 24ms[2m (next.js: 909µs, proxy.ts: 3ms, application-code: 20ms)[22m
 POST /login [34m303[39m in 58ms[2m (next.js: 947µs, application-code: 57ms)[22m
  └─ ƒ loginAction({}) in 29ms [2msrc/app/login/actions.ts[22m
 GET /app/notes/new [32m200[39m in 16ms[2m (next.js: 1221µs, proxy.ts: 3ms, application-code: 11ms)[22m
 GET /app/notes/cmn034ajq000debybrj2ck4dp/edit?saved=1 [32m200[39m in 22ms[2m (next.js: 2ms, proxy.ts: 2ms, application-code: 17ms)[22m
 POST /app/notes/new [34m303[39m in 37ms[2m (next.js: 850µs, proxy.ts: 3ms, application-code: 34ms)[22m
  └─ ƒ createNoteAction({}) in 6ms [2msrc/app/app/notes/actions.ts[22m
 GET /app/notes/cmn034ajq000debybrj2ck4dp/edit?saved=1 [32m200[39m in 41ms[2m (next.js: 6ms, proxy.ts: 9ms, application-code: 26ms)[22m
 GET /app [32m200[39m in 57ms[2m (next.js: 2ms, proxy.ts: 6ms, application-code: 50ms)[22m
 GET / [32m200[39m in 18ms[2m (next.js: 1664µs, application-code: 16ms)[22m
 GET /login [32m200[39m in 16ms[2m (next.js: 806µs, application-code: 15ms)[22m
 GET /login [32m200[39m in 14ms[2m (next.js: 703µs, application-code: 14ms)[22m
 GET /login [32m200[39m in 15ms[2m (next.js: 761µs, application-code: 15ms)[22m
 GET /app [32m200[39m in 22ms[2m (next.js: 1128µs, proxy.ts: 3ms, application-code: 18ms)[22m
 POST /login [34m303[39m in 56ms[2m (next.js: 894µs, application-code: 55ms)[22m
  └─ ƒ loginAction({}) in 30ms [2msrc/app/login/actions.ts[22m
 GET /app/notes/cmn034dlc0008edybhsg494mz/edit [32m200[39m in 43ms[2m (next.js: 2ms, proxy.ts: 2ms, application-code: 38ms)[22m
 GET /login [32m200[39m in 15ms[2m (next.js: 772µs, application-code: 14ms)[22m
 GET /app [32m200[39m in 20ms[2m (next.js: 924µs, proxy.ts: 2ms, application-code: 17ms)[22m
 POST /login [34m303[39m in 55ms[2m (next.js: 868µs, application-code: 54ms)[22m
  └─ ƒ loginAction({}) in 31ms [2msrc/app/login/actions.ts[22m
 GET /app/notes/cmn034e2d0009edybt1l6f7o1/edit [32m200[39m in 42ms[2m (next.js: 2ms, proxy.ts: 3ms, application-code: 37ms)[22m
 GET / [32m200[39m in 17ms[2m (next.js: 728µs, application-code: 16ms)[22m
 GET / [32m200[39m in 22ms[2m (next.js: 984µs, application-code: 21ms)[22m
 GET / [32m200[39m in 17ms[2m (next.js: 783µs, application-code: 17ms)[22m
 GET / [32m200[39m in 17ms[2m (next.js: 938µs, application-code: 16ms)[22m
 GET /login [32m200[39m in 16ms[2m (next.js: 835µs, application-code: 15ms)[22m
 GET /app [32m200[39m in 23ms[2m (next.js: 816µs, proxy.ts: 3ms, application-code: 19ms)[22m
 POST /login [34m303[39m in 60ms[2m (next.js: 909µs, application-code: 59ms)[22m
  └─ ƒ loginAction({}) in 34ms [2msrc/app/login/actions.ts[22m
 GET /app/notes/new [32m200[39m in 27ms[2m (next.js: 948µs, proxy.ts: 2ms, application-code: 24ms)[22m
 GET /app/notes/cmn034fzy000eebyba1vcqhkl/edit?saved=1 [32m200[39m in 25ms[2m (next.js: 2ms, proxy.ts: 2ms, application-code: 20ms)[22m
 POST /app/notes/new [34m303[39m in 39ms[2m (next.js: 1032µs, proxy.ts: 3ms, application-code: 36ms)[22m
  └─ ƒ createNoteAction({}) in 6ms [2msrc/app/app/notes/actions.ts[22m
 GET /login [32m200[39m in 28ms[2m (next.js: 1321µs, application-code: 26ms)[22m
 GET /app [32m200[39m in 25ms[2m (next.js: 795µs, proxy.ts: 2ms, application-code: 22ms)[22m
 POST /login [34m303[39m in 58ms[2m (next.js: 909µs, application-code: 58ms)[22m
  └─ ƒ loginAction({}) in 30ms [2msrc/app/login/actions.ts[22m
 GET /app/notes/cmn034g2t000tedybm667ynzl/edit [32m200[39m in 35ms[2m (next.js: 2ms, proxy.ts: 3ms, application-code: 30ms)[22m
 GET /login [32m200[39m in 15ms[2m (next.js: 740µs, application-code: 15ms)[22m
 GET /app [32m200[39m in 22ms[2m (next.js: 982µs, proxy.ts: 3ms, application-code: 19ms)[22m
 POST /login [34m303[39m in 58ms[2m (next.js: 890µs, application-code: 57ms)[22m
  └─ ƒ loginAction({}) in 31ms [2msrc/app/login/actions.ts[22m
 GET /app/notes/cmn034gkd000uedybyt9n24pp/edit [32m200[39m in 46ms[2m (next.js: 2ms, proxy.ts: 3ms, application-code: 41ms)[22m
 GET /login [32m200[39m in 15ms[2m (next.js: 822µs, application-code: 14ms)[22m
 GET /app [32m200[39m in 22ms[2m (next.js: 849µs, proxy.ts: 3ms, application-code: 18ms)[22m
 POST /login [34m303[39m in 56ms[2m (next.js: 901µs, application-code: 55ms)[22m
  └─ ƒ loginAction({}) in 29ms [2msrc/app/login/actions.ts[22m
 GET /app/notes/new [32m200[39m in 23ms[2m (next.js: 815µs, proxy.ts: 2ms, application-code: 20ms)[22m
 GET /login [32m200[39m in 14ms[2m (next.js: 706µs, application-code: 13ms)[22m
 GET /app [32m200[39m in 21ms[2m (next.js: 845µs, proxy.ts: 3ms, application-code: 17ms)[22m
 POST /login [34m303[39m in 55ms[2m (next.js: 868µs, application-code: 55ms)[22m
  └─ ƒ loginAction({}) in 31ms [2msrc/app/login/actions.ts[22m
 GET /app/notes/cmn034hl1000wedyby8k1yakp/edit [32m200[39m in 33ms[2m (next.js: 2ms, proxy.ts: 3ms, application-code: 28ms)[22m
 GET /login [32m200[39m in 19ms[2m (next.js: 810µs, application-code: 18ms)[22m
 GET /app [32m200[39m in 22ms[2m (next.js: 1117µs, proxy.ts: 2ms, application-code: 19ms)[22m
 POST /login [34m303[39m in 56ms[2m (next.js: 982µs, application-code: 55ms)[22m
  └─ ƒ loginAction({}) in 30ms [2msrc/app/login/actions.ts[22m
 GET /app/notes/cmn034i1y000xedybq46agw7q/edit [32m200[39m in 33ms[2m (next.js: 2ms, proxy.ts: 3ms, application-code: 28ms)[22m
 GET /login [32m200[39m in 15ms[2m (next.js: 748µs, application-code: 15ms)[22m
 GET /app [32m200[39m in 31ms[2m (next.js: 834µs, proxy.ts: 2ms, application-code: 28ms)[22m
 POST /login [34m303[39m in 67ms[2m (next.js: 954µs, application-code: 66ms)[22m
  └─ ƒ loginAction({}) in 32ms [2msrc/app/login/actions.ts[22m
 GET /login [32m200[39m in 15ms[2m (next.js: 837µs, application-code: 14ms)[22m
 GET /app [32m200[39m in 24ms[2m (next.js: 1314µs, proxy.ts: 2ms, application-code: 21ms)[22m
 POST /login [34m303[39m in 58ms[2m (next.js: 936µs, application-code: 57ms)[22m
  └─ ƒ loginAction({}) in 30ms [2msrc/app/login/actions.ts[22m
 GET /login [32m200[39m in 15ms[2m (next.js: 785µs, application-code: 14ms)[22m
 GET /app [32m200[39m in 22ms[2m (next.js: 887µs, proxy.ts: 2ms, application-code: 18ms)[22m
 POST /login [34m303[39m in 55ms[2m (next.js: 867µs, application-code: 54ms)[22m
  └─ ƒ loginAction({}) in 29ms [2msrc/app/login/actions.ts[22m
 GET /app/links [32m200[39m in 51ms[2m (next.js: 2ms, proxy.ts: 2ms, application-code: 46ms)[22m
 GET /login [32m200[39m in 16ms[2m (next.js: 807µs, application-code: 15ms)[22m
 GET /app [32m200[39m in 22ms[2m (next.js: 808µs, proxy.ts: 2ms, application-code: 19ms)[22m
 POST /login [34m303[39m in 55ms[2m (next.js: 916µs, application-code: 55ms)[22m
  └─ ƒ loginAction({}) in 30ms [2msrc/app/login/actions.ts[22m
 GET /app/links [32m200[39m in 45ms[2m (next.js: 903µs, proxy.ts: 3ms, application-code: 41ms)[22m
 GET /login [32m200[39m in 15ms[2m (next.js: 749µs, application-code: 15ms)[22m
 GET /app [32m200[39m in 23ms[2m (next.js: 1079µs, proxy.ts: 2ms, application-code: 19ms)[22m
 POST /login [34m303[39m in 57ms[2m (next.js: 925µs, application-code: 56ms)[22m
  └─ ƒ loginAction({}) in 30ms [2msrc/app/login/actions.ts[22m
 GET /app/tags?tag=studio-systems [32m200[39m in 36ms[2m (next.js: 1668µs, proxy.ts: 2ms, application-code: 32ms)[22m
 GET /login [32m200[39m in 16ms[2m (next.js: 818µs, application-code: 15ms)[22m
 GET /app [32m200[39m in 27ms[2m (next.js: 777µs, proxy.ts: 2ms, application-code: 24ms)[22m
 POST /login [34m303[39m in 60ms[2m (next.js: 910µs, application-code: 59ms)[22m
  └─ ƒ loginAction({}) in 29ms [2msrc/app/login/actions.ts[22m
 GET /app/tags?tag=studio-systems [32m200[39m in 38ms[2m (next.js: 841µs, proxy.ts: 3ms, application-code: 35ms)[22m
 GET /login [32m200[39m in 16ms[2m (next.js: 771µs, application-code: 16ms)[22m
 GET /app [32m200[39m in 23ms[2m (next.js: 922µs, proxy.ts: 2ms, application-code: 19ms)[22m
 POST /login [34m303[39m in 58ms[2m (next.js: 985µs, application-code: 57ms)[22m
  └─ ƒ loginAction({}) in 29ms [2msrc/app/login/actions.ts[22m
 GET /app/search?q=rhythm [32m200[39m in 45ms[2m (next.js: 1137µs, proxy.ts: 2ms, application-code: 42ms)[22m
 GET /login [32m200[39m in 15ms[2m (next.js: 933µs, application-code: 14ms)[22m
 GET /app [32m200[39m in 22ms[2m (next.js: 922µs, proxy.ts: 2ms, application-code: 19ms)[22m
 POST /login [34m303[39m in 56ms[2m (next.js: 926µs, application-code: 56ms)[22m
  └─ ƒ loginAction({}) in 30ms [2msrc/app/login/actions.ts[22m
 GET /app/search?q=rhythm [32m200[39m in 39ms[2m (next.js: 933µs, proxy.ts: 2ms, application-code: 36ms)[22m
 GET / [32m200[39m in 21ms[2m (next.js: 773µs, application-code: 21ms)[22m
 GET / [32m200[39m in 17ms[2m (next.js: 878µs, application-code: 16ms)[22m
 GET /notes/public-notes-should-read-like-finished-pages-not-dashboards [32m200[39m in 37ms[2m (next.js: 3ms, application-code: 34ms)[22m
 GET /notes/public-notes-should-read-like-finished-pages-not-dashboards [32m200[39m in 19ms[2m (next.js: 1669µs, application-code: 17ms)[22m
 GET / [32m200[39m in 17ms[2m (next.js: 764µs, application-code: 16ms)[22m
 GET / [32m200[39m in 21ms[2m (next.js: 837µs, application-code: 20ms)[22m
 GET / [32m200[39m in 16ms[2m (next.js: 793µs, application-code: 15ms)[22m
 GET /login [32m200[39m in 16ms[2m (next.js: 747µs, application-code: 15ms)[22m
 GET /login [32m200[39m in 15ms[2m (next.js: 829µs, application-code: 15ms)[22m
 GET /app [32m200[39m in 23ms[2m (next.js: 958µs, proxy.ts: 3ms, application-code: 19ms)[22m
 POST /login [34m303[39m in 58ms[2m (next.js: 953µs, application-code: 57ms)[22m
  └─ ƒ loginAction({}) in 31ms [2msrc/app/login/actions.ts[22m
 GET /login [32m200[39m in 16ms[2m (next.js: 748µs, application-code: 15ms)[22m
 GET /app [32m200[39m in 22ms[2m (next.js: 895µs, proxy.ts: 2ms, application-code: 19ms)[22m
 POST /login [34m303[39m in 55ms[2m (next.js: 966µs, application-code: 54ms)[22m
  └─ ƒ loginAction({}) in 29ms [2msrc/app/login/actions.ts[22m
