
> minakeep@0.1.0 dev
> next dev --hostname 127.0.0.1 --port 3100

[1m[38;2;173;127;168m▲ Next.js 16.2.0[39m[22m (Turbopack)
- Local:         http://127.0.0.1:3100
- Network:       http://127.0.0.1:3100
- Environments: .env
[32m[1m✓[22m[39m Ready in 202ms

 GET /api/health [32m200[39m in 120ms[2m (next.js: 109ms, application-code: 11ms)[22m
 GET /login [32m200[39m in 154ms[2m (next.js: 49ms, application-code: 105ms)[22m
 GET /app [32m200[39m in 112ms[2m (next.js: 24ms, proxy.ts: 36ms, application-code: 52ms)[22m
 POST /login [34m303[39m in 214ms[2m (next.js: 1321µs, application-code: 213ms)[22m
  └─ ƒ loginAction({}) in 91ms [2msrc/app/login/actions.ts[22m
 GET / [32m200[39m in 71ms[2m (next.js: 9ms, application-code: 61ms)[22m
 GET /login?callbackUrl=http%3A%2F%2Flocalhost%3A3100%2Fapp%2Fsearch [32m200[39m in 17ms[2m (next.js: 838µs, application-code: 17ms)[22m
 GET /login?callbackUrl=http%3A%2F%2Flocalhost%3A3100%2Fapp%2Fnotes%2Fnew [32m200[39m in 17ms[2m (next.js: 863µs, application-code: 16ms)[22m
 GET /app [32m200[39m in 41ms[2m (next.js: 1027µs, proxy.ts: 3ms, application-code: 37ms)[22m
 POST /login?callbackUrl=http%3A%2F%2Flocalhost%3A3100%2Fapp%2Fnotes%2Fnew [34m303[39m in 75ms[2m (next.js: 1021µs, application-code: 74ms)[22m
  └─ ƒ loginAction({}) in 29ms [2msrc/app/login/actions.ts[22m
 GET /app/notes/new [32m200[39m in 37ms[2m (next.js: 20ms, proxy.ts: 3ms, application-code: 14ms)[22m
 GET /app/notes/cmmzoz4520000h2ybr73p980d/edit?saved=1 [32m200[39m in 230ms[2m (next.js: 206ms, proxy.ts: 3ms, application-code: 21ms)[22m
 POST /app/notes/new [34m303[39m in 259ms[2m (next.js: 1523µs, proxy.ts: 3ms, application-code: 254ms)[22m
  └─ ƒ createNoteAction({}) in 20ms [2msrc/app/app/notes/actions.ts[22m
 POST /app/notes/cmmzoz4520000h2ybr73p980d/edit?saved=1 [34m303[39m in 111ms[2m (next.js: 4ms, proxy.ts: 5ms, application-code: 102ms)[22m
  └─ ƒ updateNoteAction("cmmzoz4520000h2ybr73p980d", {}) in 7ms [2msrc/app/app/notes/actions.ts[22m
 GET /app [32m200[39m in 143ms[2m (next.js: 5ms, proxy.ts: 8ms, application-code: 130ms)[22m
 GET /app/notes/cmmzoz4520000h2ybr73p980d/edit?saved=1 [32m200[39m in 125ms[2m (next.js: 9ms, proxy.ts: 72ms, application-code: 44ms)[22m
 GET /app/notes/cmmzoz4520000h2ybr73p980d/edit [32m200[39m in 22ms[2m (next.js: 1636µs, proxy.ts: 4ms, application-code: 16ms)[22m
 GET /login [32m200[39m in 16ms[2m (next.js: 782µs, application-code: 15ms)[22m
 GET /app [32m200[39m in 23ms[2m (next.js: 1051µs, proxy.ts: 2ms, application-code: 19ms)[22m
 POST /login [34m303[39m in 57ms[2m (next.js: 919µs, application-code: 56ms)[22m
  └─ ƒ loginAction({}) in 30ms [2msrc/app/login/actions.ts[22m
 GET /app/notes/new [32m200[39m in 16ms[2m (next.js: 1071µs, proxy.ts: 3ms, application-code: 12ms)[22m
 GET /app/notes/cmmzoz4zf0001h2ybq8mnkwai/edit?saved=1 [32m200[39m in 23ms[2m (next.js: 2ms, proxy.ts: 3ms, application-code: 18ms)[22m
 POST /app/notes/new [34m303[39m in 36ms[2m (next.js: 895µs, proxy.ts: 3ms, application-code: 33ms)[22m
  └─ ƒ createNoteAction({}) in 7ms [2msrc/app/app/notes/actions.ts[22m
 POST /api/test/mina/chat/completions [32m200[39m in 1512ms[2m (next.js: 18ms, application-code: 1494ms)[22m
 GET /app/notes/cmmzoz4zf0001h2ybq8mnkwai/edit?saved=1 [32m200[39m in 43ms[2m (next.js: 7ms, proxy.ts: 9ms, application-code: 27ms)[22m
 GET /app/notes/cmmzoz4zf0001h2ybq8mnkwai/edit?retried=1 [32m200[39m in 35ms[2m (next.js: 1620µs, proxy.ts: 3ms, application-code: 30ms)[22m
 POST /app/notes/cmmzoz4zf0001h2ybq8mnkwai/edit?saved=1 [34m303[39m in 54ms[2m (next.js: 4ms, proxy.ts: 4ms, application-code: 46ms)[22m
  └─ ƒ retryNoteEnrichmentAction("cmmzoz4zf0001h2ybq8mnkwai") in 6ms [2msrc/app/app/notes/actions.ts[22m
 POST /api/test/mina/chat/completions [32m200[39m in 1508ms[2m (next.js: 16ms, application-code: 1492ms)[22m
 GET /app/notes/cmmzoz4zf0001h2ybq8mnkwai/edit?retried=1 [32m200[39m in 46ms[2m (next.js: 8ms, proxy.ts: 9ms, application-code: 29ms)[22m
 GET /login [32m200[39m in 18ms[2m (next.js: 843µs, application-code: 17ms)[22m
 GET /app [32m200[39m in 23ms[2m (next.js: 841µs, proxy.ts: 2ms, application-code: 19ms)[22m
 POST /login [34m303[39m in 56ms[2m (next.js: 939µs, application-code: 55ms)[22m
  └─ ƒ loginAction({}) in 29ms [2msrc/app/login/actions.ts[22m
 GET /app/notes/new [32m200[39m in 15ms[2m (next.js: 911µs, proxy.ts: 3ms, application-code: 11ms)[22m
 GET /app/notes/cmmzoz9zl0002h2ybtc61wvpn/edit?saved=1 [32m200[39m in 23ms[2m (next.js: 2ms, proxy.ts: 2ms, application-code: 18ms)[22m
 POST /app/notes/new [34m303[39m in 38ms[2m (next.js: 1838µs, proxy.ts: 3ms, application-code: 33ms)[22m
  └─ ƒ createNoteAction({}) in 6ms [2msrc/app/app/notes/actions.ts[22m
 GET /app/notes/cmmzoz9zl0002h2ybtc61wvpn/edit?published=1 [32m200[39m in 21ms[2m (next.js: 1411µs, proxy.ts: 3ms, application-code: 17ms)[22m
 POST /app/notes/cmmzoz9zl0002h2ybtc61wvpn/edit?saved=1 [34m303[39m in 33ms[2m (next.js: 1466µs, proxy.ts: 3ms, application-code: 29ms)[22m
  └─ ƒ publishNoteAction("cmmzoz9zl0002h2ybtc61wvpn") in 5ms [2msrc/app/app/notes/actions.ts[22m
 GET / [32m200[39m in 23ms[2m (next.js: 939µs, application-code: 22ms)[22m
 GET /notes/public-note-1774059093908 [32m200[39m in 194ms[2m (next.js: 179ms, application-code: 16ms)[22m
 GET /app [32m200[39m in 47ms[2m (next.js: 1052µs, proxy.ts: 3ms, application-code: 43ms)[22m
 GET /app/notes/cmmzoz9zl0002h2ybtc61wvpn/edit [32m200[39m in 26ms[2m (next.js: 3ms, proxy.ts: 3ms, application-code: 20ms)[22m
 GET /app/notes/cmmzoz9zl0002h2ybtc61wvpn/edit?unpublished=1 [32m200[39m in 21ms[2m (next.js: 1216µs, proxy.ts: 2ms, application-code: 17ms)[22m
 POST /app/notes/cmmzoz9zl0002h2ybtc61wvpn/edit [34m303[39m in 33ms[2m (next.js: 1455µs, proxy.ts: 3ms, application-code: 29ms)[22m
  └─ ƒ unpublishNoteAction("cmmzoz9zl0002h2ybtc61wvpn") in 6ms [2msrc/app/app/notes/actions.ts[22m
 GET / [32m200[39m in 18ms[2m (next.js: 897µs, application-code: 17ms)[22m
 GET /notes/public-note-1774059093908 [33m404[39m in 26ms[2m (next.js: 1747µs, application-code: 24ms)[22m
 GET /login [32m200[39m in 17ms[2m (next.js: 795µs, application-code: 17ms)[22m
 GET /app [32m200[39m in 24ms[2m (next.js: 1099µs, proxy.ts: 2ms, application-code: 20ms)[22m
 POST /login [34m303[39m in 58ms[2m (next.js: 897µs, application-code: 57ms)[22m
  └─ ƒ loginAction({}) in 30ms [2msrc/app/login/actions.ts[22m
 GET /app/links [32m200[39m in 197ms[2m (next.js: 12ms, proxy.ts: 3ms, application-code: 182ms)[22m
 GET /app/links?saved=1 [32m200[39m in 229ms[2m (next.js: 849µs, proxy.ts: 3ms, application-code: 225ms)[22m
 POST /app/links [34m303[39m in 244ms[2m (next.js: 865µs, proxy.ts: 3ms, application-code: 241ms)[22m
  └─ ƒ createLinkAction({}) in 8ms [2msrc/app/app/links/actions.ts[22m
 POST /api/test/mina/chat/completions [32m200[39m in 2ms[2m (next.js: 627µs, application-code: 1697µs)[22m
 GET /app/links?saved=1 [32m200[39m in 182ms[2m (next.js: 1475µs, proxy.ts: 4ms, application-code: 176ms)[22m
 GET / [32m200[39m in 23ms[2m (next.js: 1087µs, application-code: 22ms)[22m
 GET /login [32m200[39m in 21ms[2m (next.js: 755µs, application-code: 20ms)[22m
 GET /app [32m200[39m in 24ms[2m (next.js: 1037µs, proxy.ts: 2ms, application-code: 21ms)[22m
 POST /login [34m303[39m in 59ms[2m (next.js: 1005µs, application-code: 58ms)[22m
  └─ ƒ loginAction({}) in 30ms [2msrc/app/login/actions.ts[22m
 GET /app/links [32m200[39m in 180ms[2m (next.js: 985µs, proxy.ts: 3ms, application-code: 177ms)[22m
 GET /app/links?saved=1 [32m200[39m in 163ms[2m (next.js: 857µs, proxy.ts: 3ms, application-code: 159ms)[22m
 POST /app/links [34m303[39m in 176ms[2m (next.js: 865µs, proxy.ts: 3ms, application-code: 172ms)[22m
  └─ ƒ createLinkAction({}) in 6ms [2msrc/app/app/links/actions.ts[22m
 POST /api/test/mina/chat/completions [32m200[39m in 1511ms[2m (next.js: 662µs, application-code: 1510ms)[22m
 GET /app/links?saved=1 [32m200[39m in 190ms[2m (next.js: 1428µs, proxy.ts: 6ms, application-code: 183ms)[22m
 GET /app/links?retried=1 [32m200[39m in 197ms[2m (next.js: 832µs, proxy.ts: 2ms, application-code: 194ms)[22m
 POST /app/links?saved=1 [34m303[39m in 214ms[2m (next.js: 978µs, proxy.ts: 3ms, application-code: 209ms)[22m
  └─ ƒ retryLinkEnrichmentAction("cmmzozela0008h2yb5mdqwn3l") in 8ms [2msrc/app/app/links/actions.ts[22m
 GET /app/links?retried=1 [32m200[39m in 200ms[2m (next.js: 3ms, proxy.ts: 7ms, application-code: 190ms)[22m
 POST /api/test/mina/chat/completions [32m200[39m in 1508ms[2m (next.js: 654µs, application-code: 1507ms)[22m
 GET /app/links?retried=1 [32m200[39m in 201ms[2m (next.js: 3ms, proxy.ts: 10ms, application-code: 188ms)[22m
 GET /login [32m200[39m in 21ms[2m (next.js: 1022µs, application-code: 20ms)[22m
 GET /app [32m200[39m in 23ms[2m (next.js: 837µs, proxy.ts: 3ms, application-code: 20ms)[22m
 POST /login [34m303[39m in 58ms[2m (next.js: 907µs, application-code: 57ms)[22m
  └─ ƒ loginAction({}) in 30ms [2msrc/app/login/actions.ts[22m
 GET /app/links [32m200[39m in 162ms[2m (next.js: 866µs, proxy.ts: 3ms, application-code: 158ms)[22m
 GET /app/links?error=invalid-url [32m200[39m in 209ms[2m (next.js: 844µs, proxy.ts: 8ms, application-code: 201ms)[22m
 POST /app/links [34m303[39m in 221ms[2m (next.js: 802µs, proxy.ts: 3ms, application-code: 217ms)[22m
  └─ ƒ createLinkAction({}) in 4ms [2msrc/app/app/links/actions.ts[22m
 GET /login [32m200[39m in 21ms[2m (next.js: 779µs, application-code: 20ms)[22m
 GET /app [32m200[39m in 25ms[2m (next.js: 933µs, proxy.ts: 2ms, application-code: 22ms)[22m
 POST /login [34m303[39m in 60ms[2m (next.js: 948µs, application-code: 59ms)[22m
  └─ ƒ loginAction({}) in 31ms [2msrc/app/login/actions.ts[22m
 GET /app/notes/new [32m200[39m in 17ms[2m (next.js: 2ms, proxy.ts: 3ms, application-code: 12ms)[22m
 GET /app/notes/cmmzozkxb0009h2ybbkx8zm5n/edit?saved=1 [32m200[39m in 23ms[2m (next.js: 3ms, proxy.ts: 2ms, application-code: 18ms)[22m
 POST /app/notes/new [34m303[39m in 36ms[2m (next.js: 907µs, proxy.ts: 3ms, application-code: 32ms)[22m
  └─ ƒ createNoteAction({}) in 6ms [2msrc/app/app/notes/actions.ts[22m
 GET /app/links [32m200[39m in 398ms[2m (next.js: 939µs, proxy.ts: 3ms, application-code: 394ms)[22m
 GET /app/links?saved=1 [32m200[39m in 216ms[2m (next.js: 970µs, proxy.ts: 2ms, application-code: 213ms)[22m
 POST /app/links [34m303[39m in 239ms[2m (next.js: 3ms, proxy.ts: 10ms, application-code: 226ms)[22m
  └─ ƒ createLinkAction({}) in 6ms [2msrc/app/app/links/actions.ts[22m
 POST /api/test/mina/chat/completions [32m200[39m in 1912µs[2m (next.js: 618µs, application-code: 1294µs)[22m
 GET /app/links?saved=1 [32m200[39m in 223ms[2m (next.js: 3ms, proxy.ts: 9ms, application-code: 211ms)[22m
 GET /app/tags?tag=ai-owned [32m200[39m in 263ms[2m (next.js: 27ms, proxy.ts: 4ms, application-code: 232ms)[22m
 GET /app/tags [32m200[39m in 437ms[2m (next.js: 1106µs, proxy.ts: 3ms, application-code: 433ms)[22m
 GET /app/search?q=Filtered%20note%201774059108084 [32m200[39m in 92ms[2m (next.js: 19ms, proxy.ts: 3ms, application-code: 70ms)[22m
 GET /app/search?q=url-needle-1774059108084 [32m200[39m in 43ms[2m (next.js: 836µs, proxy.ts: 3ms, application-code: 39ms)[22m
 GET /app/search?q=ai-owned [32m200[39m in 177ms[2m (next.js: 854µs, proxy.ts: 3ms, application-code: 173ms)[22m
 GET /login [32m200[39m in 15ms[2m (next.js: 810µs, application-code: 14ms)[22m
 GET /app [32m200[39m in 25ms[2m (next.js: 1029µs, proxy.ts: 2ms, application-code: 22ms)[22m
 POST /login [34m303[39m in 60ms[2m (next.js: 959µs, application-code: 59ms)[22m
  └─ ƒ loginAction({}) in 30ms [2msrc/app/login/actions.ts[22m
 GET /app/links [32m200[39m in 203ms[2m (next.js: 881µs, proxy.ts: 3ms, application-code: 199ms)[22m
 GET /app/links?saved=1 [32m200[39m in 182ms[2m (next.js: 806µs, proxy.ts: 2ms, application-code: 179ms)[22m
 POST /app/links [34m303[39m in 197ms[2m (next.js: 877µs, proxy.ts: 3ms, application-code: 193ms)[22m
  └─ ƒ createLinkAction({}) in 6ms [2msrc/app/app/links/actions.ts[22m
 GET /app/links?saved=1 [32m200[39m in 355ms[2m (next.js: 1353µs, proxy.ts: 5ms, application-code: 349ms)[22m
 GET /app/search?q=ai [32m200[39m in 231ms[2m (next.js: 1092µs, proxy.ts: 8ms, application-code: 222ms)[22m
 GET /app/tags?tag=ai [32m200[39m in 149ms[2m (next.js: 931µs, proxy.ts: 3ms, application-code: 145ms)[22m
 GET /login [32m200[39m in 15ms[2m (next.js: 768µs, application-code: 14ms)[22m
 GET /app [32m200[39m in 31ms[2m (next.js: 785µs, proxy.ts: 2ms, application-code: 28ms)[22m
 POST /login [34m303[39m in 63ms[2m (next.js: 863µs, application-code: 63ms)[22m
  └─ ƒ loginAction({}) in 29ms [2msrc/app/login/actions.ts[22m
 GET /app/notes/new [32m200[39m in 17ms[2m (next.js: 1903µs, proxy.ts: 4ms, application-code: 11ms)[22m
 GET /app/notes/cmmzozt40000dh2ybh94fln89/edit?saved=1 [32m200[39m in 23ms[2m (next.js: 2ms, proxy.ts: 2ms, application-code: 18ms)[22m
 POST /app/notes/new [34m303[39m in 36ms[2m (next.js: 1247µs, proxy.ts: 4ms, application-code: 31ms)[22m
  └─ ƒ createNoteAction({}) in 5ms [2msrc/app/app/notes/actions.ts[22m
 GET /app/notes/cmmzozt40000dh2ybh94fln89/edit?saved=1 [32m200[39m in 42ms[2m (next.js: 6ms, proxy.ts: 9ms, application-code: 27ms)[22m
 GET /app [32m200[39m in 76ms[2m (next.js: 2ms, proxy.ts: 7ms, application-code: 67ms)[22m
 GET / [32m200[39m in 24ms[2m (next.js: 1660µs, application-code: 22ms)[22m
 GET / [32m200[39m in 21ms[2m (next.js: 738µs, application-code: 20ms)[22m
 GET / [32m200[39m in 18ms[2m (next.js: 715µs, application-code: 17ms)[22m
 GET / [32m200[39m in 18ms[2m (next.js: 739µs, application-code: 17ms)[22m
 GET /notes/public-notes-should-read-like-finished-pages-not-dashboards [32m200[39m in 37ms[2m (next.js: 3ms, application-code: 35ms)[22m
 GET /notes/public-notes-should-read-like-finished-pages-not-dashboards [32m200[39m in 18ms[2m (next.js: 1507µs, application-code: 17ms)[22m
 GET / [32m200[39m in 16ms[2m (next.js: 740µs, application-code: 16ms)[22m
 GET /login [32m200[39m in 14ms[2m (next.js: 896µs, application-code: 13ms)[22m
 GET /login [32m200[39m in 14ms[2m (next.js: 777µs, application-code: 13ms)[22m
 GET /app [32m200[39m in 27ms[2m (next.js: 900µs, proxy.ts: 3ms, application-code: 23ms)[22m
 POST /login [34m303[39m in 62ms[2m (next.js: 860µs, application-code: 61ms)[22m
  └─ ƒ loginAction({}) in 31ms [2msrc/app/login/actions.ts[22m
 GET /login [32m200[39m in 14ms[2m (next.js: 730µs, application-code: 14ms)[22m
 GET /app [32m200[39m in 20ms[2m (next.js: 859µs, proxy.ts: 2ms, application-code: 17ms)[22m
 POST /login [34m303[39m in 53ms[2m (next.js: 860µs, application-code: 53ms)[22m
  └─ ƒ loginAction({}) in 29ms [2msrc/app/login/actions.ts[22m
