
> minakeep@0.1.0 dev
> next dev --hostname 127.0.0.1 --port 3100

[1m[38;2;173;127;168m▲ Next.js 16.2.0[39m[22m (Turbopack)
- Local:         http://127.0.0.1:3100
- Network:       http://127.0.0.1:3100
- Environments: .env
[32m[1m✓[22m[39m Ready in 201ms

 GET /api/health [32m200[39m in 106ms[2m (next.js: 95ms, application-code: 10ms)[22m
 GET /login [32m200[39m in 196ms[2m (next.js: 47ms, application-code: 148ms)[22m
 GET /app [32m200[39m in 107ms[2m (next.js: 13ms, proxy.ts: 53ms, application-code: 41ms)[22m
 POST /login [34m303[39m in 208ms[2m (next.js: 1141µs, application-code: 207ms)[22m
  └─ ƒ loginAction({}) in 91ms [2msrc/app/login/actions.ts[22m
 GET / [32m200[39m in 51ms[2m (next.js: 9ms, application-code: 41ms)[22m
 GET /login?callbackUrl=http%3A%2F%2Flocalhost%3A3100%2Fapp%2Fsearch [32m200[39m in 21ms[2m (next.js: 861µs, application-code: 20ms)[22m
 GET /login?callbackUrl=http%3A%2F%2Flocalhost%3A3100%2Fapp%2Fnotes%2Fnew [32m200[39m in 18ms[2m (next.js: 887µs, application-code: 17ms)[22m
 GET /app [32m200[39m in 27ms[2m (next.js: 1047µs, proxy.ts: 3ms, application-code: 23ms)[22m
 POST /login?callbackUrl=http%3A%2F%2Flocalhost%3A3100%2Fapp%2Fnotes%2Fnew [34m303[39m in 63ms[2m (next.js: 1237µs, application-code: 62ms)[22m
  └─ ƒ loginAction({}) in 31ms [2msrc/app/login/actions.ts[22m
 GET /app/notes/new [32m200[39m in 33ms[2m (next.js: 15ms, proxy.ts: 4ms, application-code: 14ms)[22m
 GET /app/notes/cmn177cud0000o4ybmeyoibmh/edit?saved=1 [32m200[39m in 256ms[2m (next.js: 226ms, proxy.ts: 4ms, application-code: 27ms)[22m
 POST /app/notes/new [34m303[39m in 287ms[2m (next.js: 1399µs, proxy.ts: 3ms, application-code: 283ms)[22m
  └─ ƒ createNoteAction({}) in 21ms [2msrc/app/app/notes/actions.ts[22m
 POST /app/notes/cmn177cud0000o4ybmeyoibmh/edit?saved=1 [34m303[39m in 121ms[2m (next.js: 5ms, proxy.ts: 3ms, application-code: 112ms)[22m
  └─ ƒ updateNoteAction("cmn177cud0000o4ybmeyoibmh", {}) in 7ms [2msrc/app/app/notes/actions.ts[22m
 GET /app [32m200[39m in 171ms[2m (next.js: 5ms, proxy.ts: 10ms, application-code: 156ms)[22m
 GET /app/notes/cmn177cud0000o4ybmeyoibmh/edit?saved=1 [32m200[39m in 141ms[2m (next.js: 13ms, proxy.ts: 84ms, application-code: 44ms)[22m
 GET /app/notes/cmn177cud0000o4ybmeyoibmh/edit [32m200[39m in 23ms[2m (next.js: 4ms, proxy.ts: 4ms, application-code: 16ms)[22m
 GET /login [32m200[39m in 18ms[2m (next.js: 1774µs, application-code: 16ms)[22m
 GET /app [32m200[39m in 26ms[2m (next.js: 946µs, proxy.ts: 3ms, application-code: 23ms)[22m
 POST /login [34m303[39m in 64ms[2m (next.js: 949µs, application-code: 63ms)[22m
  └─ ƒ loginAction({}) in 32ms [2msrc/app/login/actions.ts[22m
 GET /app/notes/new [32m200[39m in 20ms[2m (next.js: 1354µs, proxy.ts: 3ms, application-code: 16ms)[22m
 GET /app/notes/cmn177drc0001o4ybo3jhz7v5/edit?saved=1 [32m200[39m in 28ms[2m (next.js: 2ms, proxy.ts: 2ms, application-code: 23ms)[22m
 POST /app/notes/new [34m303[39m in 46ms[2m (next.js: 902µs, proxy.ts: 3ms, application-code: 42ms)[22m
  └─ ƒ createNoteAction({}) in 10ms [2msrc/app/app/notes/actions.ts[22m
 POST /api/test/mina/chat/completions [32m200[39m in 1513ms[2m (next.js: 13ms, application-code: 1500ms)[22m
 GET /app/notes/cmn177drc0001o4ybo3jhz7v5/edit?saved=1 [32m200[39m in 48ms[2m (next.js: 7ms, proxy.ts: 10ms, application-code: 31ms)[22m
 GET /app/notes/cmn177drc0001o4ybo3jhz7v5/edit?retried=1 [32m200[39m in 32ms[2m (next.js: 1821µs, proxy.ts: 3ms, application-code: 27ms)[22m
 POST /app/notes/cmn177drc0001o4ybo3jhz7v5/edit?saved=1 [34m303[39m in 54ms[2m (next.js: 4ms, proxy.ts: 7ms, application-code: 43ms)[22m
  └─ ƒ retryNoteEnrichmentAction("cmn177drc0001o4ybo3jhz7v5") in 7ms [2msrc/app/app/notes/actions.ts[22m
 POST /api/test/mina/chat/completions [32m200[39m in 1510ms[2m (next.js: 608µs, application-code: 1509ms)[22m
 GET /app/notes/cmn177drc0001o4ybo3jhz7v5/edit?retried=1 [32m200[39m in 54ms[2m (next.js: 6ms, proxy.ts: 10ms, application-code: 38ms)[22m
 GET /login [32m200[39m in 16ms[2m (next.js: 800µs, application-code: 15ms)[22m
 GET /app [32m200[39m in 27ms[2m (next.js: 885µs, proxy.ts: 3ms, application-code: 23ms)[22m
 POST /login [34m303[39m in 62ms[2m (next.js: 895µs, application-code: 61ms)[22m
  └─ ƒ loginAction({}) in 31ms [2msrc/app/login/actions.ts[22m
 GET /app/notes/new [32m200[39m in 16ms[2m (next.js: 817µs, proxy.ts: 3ms, application-code: 12ms)[22m
 GET /app/notes/cmn177isc0002o4yb5ydxs62v/edit?saved=1 [32m200[39m in 27ms[2m (next.js: 2ms, proxy.ts: 2ms, application-code: 23ms)[22m
 POST /app/notes/new [34m303[39m in 42ms[2m (next.js: 1849µs, proxy.ts: 3ms, application-code: 37ms)[22m
  └─ ƒ createNoteAction({}) in 6ms [2msrc/app/app/notes/actions.ts[22m
 GET /app/notes/cmn177isc0002o4yb5ydxs62v/edit?published=1 [32m200[39m in 25ms[2m (next.js: 1282µs, proxy.ts: 2ms, application-code: 22ms)[22m
 POST /app/notes/cmn177isc0002o4yb5ydxs62v/edit?saved=1 [34m303[39m in 39ms[2m (next.js: 1508µs, proxy.ts: 3ms, application-code: 35ms)[22m
  └─ ƒ publishNoteAction("cmn177isc0002o4yb5ydxs62v") in 5ms [2msrc/app/app/notes/actions.ts[22m
 GET / [32m200[39m in 23ms[2m (next.js: 874µs, application-code: 23ms)[22m
 GET /notes/public-note-1774150177804 [32m200[39m in 216ms[2m (next.js: 203ms, application-code: 13ms)[22m
 GET /app [32m200[39m in 51ms[2m (next.js: 955µs, proxy.ts: 3ms, application-code: 47ms)[22m
 GET /app/notes/cmn177isc0002o4yb5ydxs62v/edit [32m200[39m in 21ms[2m (next.js: 3ms, proxy.ts: 3ms, application-code: 15ms)[22m
 GET /app/notes/cmn177isc0002o4yb5ydxs62v/edit?unpublished=1 [32m200[39m in 30ms[2m (next.js: 1300µs, proxy.ts: 2ms, application-code: 27ms)[22m
 POST /app/notes/cmn177isc0002o4yb5ydxs62v/edit [34m303[39m in 45ms[2m (next.js: 1578µs, proxy.ts: 3ms, application-code: 41ms)[22m
  └─ ƒ unpublishNoteAction("cmn177isc0002o4yb5ydxs62v") in 6ms [2msrc/app/app/notes/actions.ts[22m
 GET / [32m200[39m in 23ms[2m (next.js: 975µs, application-code: 22ms)[22m
 GET /notes/public-note-1774150177804 [33m404[39m in 41ms[2m (next.js: 1778µs, application-code: 39ms)[22m
 GET /login [32m200[39m in 18ms[2m (next.js: 806µs, application-code: 17ms)[22m
 GET /app [32m200[39m in 28ms[2m (next.js: 1163µs, proxy.ts: 3ms, application-code: 24ms)[22m
 POST /login [34m303[39m in 64ms[2m (next.js: 1020µs, application-code: 63ms)[22m
  └─ ƒ loginAction({}) in 31ms [2msrc/app/login/actions.ts[22m
 GET /app/links [32m200[39m in 33ms[2m (next.js: 13ms, proxy.ts: 3ms, application-code: 17ms)[22m
 GET /app/links?saved=1 [32m200[39m in 32ms[2m (next.js: 1272µs, proxy.ts: 6ms, application-code: 24ms)[22m
 POST /app/links [34m303[39m in 48ms[2m (next.js: 912µs, proxy.ts: 3ms, application-code: 44ms)[22m
  └─ ƒ createLinkAction({}) in 9ms [2msrc/app/app/links/actions.ts[22m
 POST /api/test/mina/chat/completions [32m200[39m in 2ms[2m (next.js: 632µs, application-code: 1828µs)[22m
{"level":"warn","message":"Link favicon could not be resolved.","metadata":{"linkId":"cmn177k0q0003o4ybvy6nxklc","url":"https://example.com/reference-1774150179424"},"timestamp":"2026-03-22T03:29:39.958Z"}
 GET /app/links?saved=1 [32m200[39m in 37ms[2m (next.js: 1615µs, proxy.ts: 5ms, application-code: 30ms)[22m
 GET / [32m200[39m in 32ms[2m (next.js: 1785µs, application-code: 30ms)[22m
 GET /login [32m200[39m in 17ms[2m (next.js: 1215µs, application-code: 16ms)[22m
 GET /app [32m200[39m in 53ms[2m (next.js: 1041µs, proxy.ts: 2ms, application-code: 50ms)[22m
 POST /login [34m303[39m in 89ms[2m (next.js: 901µs, application-code: 88ms)[22m
  └─ ƒ loginAction({}) in 30ms [2msrc/app/login/actions.ts[22m
 GET /app/links [32m200[39m in 21ms[2m (next.js: 960µs, proxy.ts: 3ms, application-code: 17ms)[22m
 GET /app/links?saved=1 [32m200[39m in 28ms[2m (next.js: 811µs, proxy.ts: 2ms, application-code: 25ms)[22m
 POST /app/links [34m303[39m in 41ms[2m (next.js: 1075µs, proxy.ts: 3ms, application-code: 37ms)[22m
  └─ ƒ createLinkAction({}) in 6ms [2msrc/app/app/links/actions.ts[22m
 POST /api/test/mina/chat/completions [32m200[39m in 2ms[2m (next.js: 626µs, application-code: 1456µs)[22m
{"level":"warn","message":"Link favicon could not be resolved.","metadata":{"linkId":"cmn177mqu0004o4yb4d9y7nsk","url":"https://example.com/published-link-1774150182958"},"timestamp":"2026-03-22T03:29:43.501Z"}
 GET /app/links?saved=1 [32m200[39m in 43ms[2m (next.js: 2ms, proxy.ts: 8ms, application-code: 33ms)[22m
 GET /app/links?published=1 [32m200[39m in 34ms[2m (next.js: 1074µs, proxy.ts: 3ms, application-code: 29ms)[22m
 POST /app/links?saved=1 [34m303[39m in 56ms[2m (next.js: 1814µs, proxy.ts: 7ms, application-code: 47ms)[22m
  └─ ƒ publishLinkAction("cmn177mqu0004o4yb4d9y7nsk") in 8ms [2msrc/app/app/links/actions.ts[22m
 GET / [32m200[39m in 25ms[2m (next.js: 873µs, application-code: 24ms)[22m
 GET /app/links [32m200[39m in 69ms[2m (next.js: 979µs, proxy.ts: 3ms, application-code: 66ms)[22m
 GET /app/links?unpublished=1 [32m200[39m in 36ms[2m (next.js: 802µs, proxy.ts: 2ms, application-code: 33ms)[22m
 POST /app/links [34m303[39m in 49ms[2m (next.js: 847µs, proxy.ts: 3ms, application-code: 45ms)[22m
  └─ ƒ unpublishLinkAction("cmn177mqu0004o4yb4d9y7nsk") in 6ms [2msrc/app/app/links/actions.ts[22m
 GET / [32m200[39m in 20ms[2m (next.js: 846µs, application-code: 19ms)[22m
 GET /login [32m200[39m in 16ms[2m (next.js: 989µs, application-code: 15ms)[22m
 GET /app [32m200[39m in 28ms[2m (next.js: 920µs, proxy.ts: 3ms, application-code: 24ms)[22m
 POST /login [34m303[39m in 62ms[2m (next.js: 1078µs, application-code: 61ms)[22m
  └─ ƒ loginAction({}) in 30ms [2msrc/app/login/actions.ts[22m
 GET /app/links [32m200[39m in 23ms[2m (next.js: 948µs, proxy.ts: 3ms, application-code: 19ms)[22m
 GET /app/links?saved=1 [32m200[39m in 29ms[2m (next.js: 858µs, proxy.ts: 2ms, application-code: 26ms)[22m
 POST /app/links [34m303[39m in 42ms[2m (next.js: 844µs, proxy.ts: 3ms, application-code: 39ms)[22m
  └─ ƒ createLinkAction({}) in 6ms [2msrc/app/app/links/actions.ts[22m
{"level":"warn","message":"Link favicon could not be resolved.","metadata":{"linkId":"cmn177pu60005o4ybwcb53ez4","url":"https://example.com/retry-link-1774150186968"},"timestamp":"2026-03-22T03:29:47.494Z"}
 POST /api/test/mina/chat/completions [32m200[39m in 1512ms[2m (next.js: 984µs, application-code: 1511ms)[22m
 GET /app/links?saved=1 [32m200[39m in 48ms[2m (next.js: 2ms, proxy.ts: 9ms, application-code: 37ms)[22m
 GET /app/links?retried=1 [32m200[39m in 34ms[2m (next.js: 1011µs, proxy.ts: 3ms, application-code: 30ms)[22m
 POST /app/links?saved=1 [34m303[39m in 53ms[2m (next.js: 1548µs, proxy.ts: 7ms, application-code: 45ms)[22m
  └─ ƒ retryLinkEnrichmentAction("cmn177pu60005o4ybwcb53ez4") in 7ms [2msrc/app/app/links/actions.ts[22m
 POST /api/test/mina/chat/completions [32m200[39m in 1510ms[2m (next.js: 597µs, application-code: 1509ms)[22m
 GET /app/links?retried=1 [32m200[39m in 52ms[2m (next.js: 3ms, proxy.ts: 10ms, application-code: 40ms)[22m
 GET /login [32m200[39m in 32ms[2m (next.js: 935µs, application-code: 31ms)[22m
 GET /app [32m200[39m in 28ms[2m (next.js: 942µs, proxy.ts: 3ms, application-code: 24ms)[22m
 POST /login [34m303[39m in 63ms[2m (next.js: 892µs, application-code: 62ms)[22m
  └─ ƒ loginAction({}) in 30ms [2msrc/app/login/actions.ts[22m
 GET /app/links [32m200[39m in 24ms[2m (next.js: 815µs, proxy.ts: 3ms, application-code: 20ms)[22m
 GET /app/links?error=invalid-url [32m200[39m in 29ms[2m (next.js: 917µs, proxy.ts: 2ms, application-code: 26ms)[22m
 POST /app/links [34m303[39m in 40ms[2m (next.js: 852µs, proxy.ts: 3ms, application-code: 36ms)[22m
  └─ ƒ createLinkAction({}) in 3ms [2msrc/app/app/links/actions.ts[22m
 GET /login [32m200[39m in 15ms[2m (next.js: 734µs, application-code: 14ms)[22m
 GET /app [32m200[39m in 31ms[2m (next.js: 1111µs, proxy.ts: 2ms, application-code: 28ms)[22m
 POST /login [34m303[39m in 65ms[2m (next.js: 1008µs, application-code: 64ms)[22m
  └─ ƒ loginAction({}) in 30ms [2msrc/app/login/actions.ts[22m
 GET /app/notes/new [32m200[39m in 16ms[2m (next.js: 944µs, proxy.ts: 3ms, application-code: 12ms)[22m
 GET /app/notes/cmn177vbg0006o4ybe5ei1aip/edit?saved=1 [32m200[39m in 27ms[2m (next.js: 2ms, proxy.ts: 2ms, application-code: 22ms)[22m
 POST /app/notes/new [34m303[39m in 41ms[2m (next.js: 882µs, proxy.ts: 3ms, application-code: 37ms)[22m
  └─ ƒ createNoteAction({}) in 6ms [2msrc/app/app/notes/actions.ts[22m
 GET /app/links [32m200[39m in 57ms[2m (next.js: 955µs, proxy.ts: 3ms, application-code: 54ms)[22m
 GET /app/links?saved=1 [32m200[39m in 31ms[2m (next.js: 812µs, proxy.ts: 2ms, application-code: 28ms)[22m
 POST /app/links [34m303[39m in 44ms[2m (next.js: 977µs, proxy.ts: 3ms, application-code: 40ms)[22m
  └─ ƒ createLinkAction({}) in 6ms [2msrc/app/app/links/actions.ts[22m
 POST /api/test/mina/chat/completions [32m200[39m in 2ms[2m (next.js: 596µs, application-code: 1610µs)[22m
{"level":"warn","message":"Link favicon could not be resolved.","metadata":{"linkId":"cmn177vil0007o4ybrinvg2co","url":"https://example.com/url-needle-1774150194051"},"timestamp":"2026-03-22T03:29:54.841Z"}
 GET /app/links?saved=1 [32m200[39m in 56ms[2m (next.js: 3ms, proxy.ts: 10ms, application-code: 42ms)[22m
 GET /app/tags?tag=ai-owned [32m200[39m in 175ms[2m (next.js: 20ms, proxy.ts: 7ms, application-code: 148ms)[22m
 GET /app/tags [32m200[39m in 65ms[2m (next.js: 761µs, proxy.ts: 3ms, application-code: 62ms)[22m
 GET /app/search?q=Filtered%20note%201774150194051 [32m200[39m in 74ms[2m (next.js: 10ms, proxy.ts: 3ms, application-code: 61ms)[22m
 GET /app/search?q=url-needle-1774150194051 [32m200[39m in 56ms[2m (next.js: 829µs, proxy.ts: 2ms, application-code: 53ms)[22m
 GET /app/search?q=ai-owned [32m200[39m in 50ms[2m (next.js: 884µs, proxy.ts: 3ms, application-code: 46ms)[22m
 GET /login [32m200[39m in 15ms[2m (next.js: 787µs, application-code: 14ms)[22m
 GET /app [32m200[39m in 28ms[2m (next.js: 967µs, proxy.ts: 3ms, application-code: 25ms)[22m
 POST /login [34m303[39m in 64ms[2m (next.js: 915µs, application-code: 63ms)[22m
  └─ ƒ loginAction({}) in 30ms [2msrc/app/login/actions.ts[22m
 GET /app/links [32m200[39m in 32ms[2m (next.js: 934µs, proxy.ts: 3ms, application-code: 28ms)[22m
 GET /app/links?saved=1 [32m200[39m in 35ms[2m (next.js: 926µs, proxy.ts: 2ms, application-code: 31ms)[22m
 POST /app/links [34m303[39m in 46ms[2m (next.js: 846µs, proxy.ts: 3ms, application-code: 42ms)[22m
  └─ ƒ createLinkAction({}) in 5ms [2msrc/app/app/links/actions.ts[22m
{"level":"warn","message":"Link favicon could not be resolved.","metadata":{"linkId":"cmn177yni0008o4ybaco72q3m","url":"https://example.com/ai-enriched-link-1774150198399"},"timestamp":"2026-03-22T03:29:58.917Z"}
 GET /app/links?saved=1 [32m200[39m in 57ms[2m (next.js: 3ms, proxy.ts: 10ms, application-code: 44ms)[22m
 GET /app/search?q=ai [32m200[39m in 80ms[2m (next.js: 1765µs, proxy.ts: 5ms, application-code: 73ms)[22m
 GET /app/tags?tag=ai [32m200[39m in 46ms[2m (next.js: 754µs, proxy.ts: 3ms, application-code: 42ms)[22m
 GET /login [32m200[39m in 15ms[2m (next.js: 906µs, application-code: 14ms)[22m
 GET /app [32m200[39m in 28ms[2m (next.js: 793µs, proxy.ts: 2ms, application-code: 25ms)[22m
 POST /login [34m303[39m in 63ms[2m (next.js: 879µs, application-code: 62ms)[22m
  └─ ƒ loginAction({}) in 29ms [2msrc/app/login/actions.ts[22m
 GET /app/links [32m200[39m in 64ms[2m (next.js: 777µs, proxy.ts: 3ms, application-code: 61ms)[22m
 GET /app/links?saved=1 [32m200[39m in 35ms[2m (next.js: 944µs, proxy.ts: 2ms, application-code: 32ms)[22m
 POST /app/links [34m303[39m in 46ms[2m (next.js: 814µs, proxy.ts: 3ms, application-code: 43ms)[22m
  └─ ƒ createLinkAction({}) in 5ms [2msrc/app/app/links/actions.ts[22m
 POST /api/test/mina/chat/completions [32m200[39m in 2ms[2m (next.js: 645µs, application-code: 1444µs)[22m
 GET /app/links?saved=1 [32m200[39m in 62ms[2m (next.js: 3ms, proxy.ts: 9ms, application-code: 50ms)[22m
 GET /media/e878b048-0dbc-4b12-9be4-4daa6447c39d [32m200[39m in 438ms[2m (next.js: 425ms, application-code: 13ms)[22m
 GET /app/links?published=1 [32m200[39m in 41ms[2m (next.js: 901µs, proxy.ts: 3ms, application-code: 37ms)[22m
 POST /app/links?saved=1 [34m303[39m in 60ms[2m (next.js: 1472µs, proxy.ts: 7ms, application-code: 51ms)[22m
  └─ ƒ publishLinkAction("cmn1781iq000ao4ybaf1m5fsm") in 6ms [2msrc/app/app/links/actions.ts[22m
 GET /media/e878b048-0dbc-4b12-9be4-4daa6447c39d [32m200[39m in 10ms[2m (next.js: 4ms, application-code: 6ms)[22m
 GET / [32m200[39m in 23ms[2m (next.js: 740µs, application-code: 22ms)[22m
 GET /media/e878b048-0dbc-4b12-9be4-4daa6447c39d [32m200[39m in 10ms[2m (next.js: 1417µs, application-code: 9ms)[22m
 GET /app/links [32m200[39m in 71ms[2m (next.js: 884µs, proxy.ts: 3ms, application-code: 67ms)[22m
 GET /media/e878b048-0dbc-4b12-9be4-4daa6447c39d [32m200[39m in 13ms[2m (next.js: 1348µs, application-code: 12ms)[22m
 GET /app/links?saved=1 [32m200[39m in 36ms[2m (next.js: 856µs, proxy.ts: 2ms, application-code: 33ms)[22m
 POST /app/links [34m303[39m in 48ms[2m (next.js: 817µs, proxy.ts: 3ms, application-code: 45ms)[22m
  └─ ƒ createLinkAction({}) in 6ms [2msrc/app/app/links/actions.ts[22m
{"level":"warn","message":"Link favicon cache failed.","metadata":{"error":"Configured link favicon fetch failure for Playwright.","linkId":"cmn178440000bo4ybf3viym1u","url":"https://example.com/fallback-favicon-1774150202090"},"timestamp":"2026-03-22T03:30:05.945Z"}
 POST /api/test/mina/chat/completions [32m200[39m in 1897µs[2m (next.js: 618µs, application-code: 1279µs)[22m
 GET /media/e878b048-0dbc-4b12-9be4-4daa6447c39d [32m200[39m in 7ms[2m (next.js: 793µs, application-code: 6ms)[22m
 GET /app/links?saved=1 [32m200[39m in 67ms[2m (next.js: 3ms, proxy.ts: 9ms, application-code: 55ms)[22m
 GET /app/links?favicon=1 [32m200[39m in 43ms[2m (next.js: 905µs, proxy.ts: 3ms, application-code: 39ms)[22m
 POST /app/links?saved=1 [34m303[39m in 62ms[2m (next.js: 1418µs, proxy.ts: 6ms, application-code: 54ms)[22m
  └─ ƒ refreshLinkFaviconAction("cmn178440000bo4ybf3viym1u") in 8ms [2msrc/app/app/links/actions.ts[22m
 GET /media/e878b048-0dbc-4b12-9be4-4daa6447c39d [32m200[39m in 11ms[2m (next.js: 3ms, application-code: 8ms)[22m
 GET /media/3dd899d3-1d4f-479b-a326-6491e1af3b82 [32m200[39m in 11ms[2m (next.js: 4ms, application-code: 7ms)[22m
 GET /media/draft-note-image-1774150209150 [33m404[39m in 5ms[2m (next.js: 1356µs, application-code: 3ms)[22m
 GET /login [32m200[39m in 15ms[2m (next.js: 746µs, application-code: 14ms)[22m
 GET /app [32m200[39m in 26ms[2m (next.js: 783µs, proxy.ts: 2ms, application-code: 23ms)[22m
 POST /login [34m303[39m in 63ms[2m (next.js: 915µs, application-code: 62ms)[22m
  └─ ƒ loginAction({}) in 33ms [2msrc/app/login/actions.ts[22m
 GET /media/draft-note-image-1774150209150 [32m200[39m in 9ms[2m (next.js: 1771µs, application-code: 7ms)[22m
 GET /media/draft-note-image-1774150209150 [32m200[39m in 5ms[2m (next.js: 643µs, application-code: 5ms)[22m
 GET /media/published-note-image-1774150209498 [32m200[39m in 5ms[2m (next.js: 1580µs, application-code: 4ms)[22m
 GET /media/hidden-note-image-1774150209498 [33m404[39m in 4ms[2m (next.js: 664µs, application-code: 3ms)[22m
 GET /media/published-link-favicon-1774150209498 [32m200[39m in 4ms[2m (next.js: 651µs, application-code: 4ms)[22m
 GET /login [32m200[39m in 15ms[2m (next.js: 828µs, application-code: 14ms)[22m
 GET /app [32m200[39m in 27ms[2m (next.js: 923µs, proxy.ts: 3ms, application-code: 24ms)[22m
 POST /login [34m303[39m in 64ms[2m (next.js: 953µs, application-code: 63ms)[22m
  └─ ƒ loginAction({}) in 32ms [2msrc/app/login/actions.ts[22m
 GET /media/published-note-image-1774150209498 [32m200[39m in 8ms[2m (next.js: 1118µs, application-code: 7ms)[22m
 GET /app/notes/new [32m200[39m in 16ms[2m (next.js: 1171µs, proxy.ts: 3ms, application-code: 12ms)[22m
 GET /app/notes/cmn1787b5000co4ybtafktf2a/edit?saved=1 [32m200[39m in 27ms[2m (next.js: 2ms, proxy.ts: 2ms, application-code: 23ms)[22m
 POST /app/notes/new [34m303[39m in 42ms[2m (next.js: 979µs, proxy.ts: 3ms, application-code: 38ms)[22m
  └─ ƒ createNoteAction({}) in 6ms [2msrc/app/app/notes/actions.ts[22m
 GET /app/notes/cmn1787b5000co4ybtafktf2a/edit?saved=1 [32m200[39m in 33ms[2m (next.js: 3ms, proxy.ts: 4ms, application-code: 25ms)[22m
 GET /app [32m200[39m in 81ms[2m (next.js: 2ms, proxy.ts: 17ms, application-code: 62ms)[22m
 GET /media/published-note-image-1774150209498 [32m200[39m in 15ms[2m (next.js: 4ms, application-code: 11ms)[22m
 GET /login [32m200[39m in 19ms[2m (next.js: 913µs, application-code: 18ms)[22m
 GET /app [32m200[39m in 23ms[2m (next.js: 919µs, proxy.ts: 3ms, application-code: 19ms)[22m
 POST /login [34m303[39m in 57ms[2m (next.js: 952µs, application-code: 56ms)[22m
  └─ ƒ loginAction({}) in 30ms [2msrc/app/login/actions.ts[22m
 GET /app/notes/new [32m200[39m in 36ms[2m (next.js: 895µs, proxy.ts: 3ms, application-code: 32ms)[22m
 POST /api/notes/images [32m201[39m in 30ms[2m (next.js: 21ms, application-code: 9ms)[22m
 GET /media/2c2ea60b-889a-4ac5-bd7a-791d7ecee8b9 [32m200[39m in 11ms[2m (next.js: 3ms, application-code: 8ms)[22m
 GET /app/notes/cmn178a5y000do4ybsdvy2ezj/edit?saved=1 [32m200[39m in 30ms[2m (next.js: 2ms, proxy.ts: 2ms, application-code: 26ms)[22m
 POST /app/notes/new [34m303[39m in 47ms[2m (next.js: 2ms, proxy.ts: 4ms, application-code: 41ms)[22m
  └─ ƒ createNoteAction({}) in 7ms [2msrc/app/app/notes/actions.ts[22m
 GET /media/2c2ea60b-889a-4ac5-bd7a-791d7ecee8b9 [32m200[39m in 10ms[2m (next.js: 1191µs, application-code: 9ms)[22m
 GET / [32m200[39m in 19ms[2m (next.js: 834µs, application-code: 18ms)[22m
 GET /notes/owner-continuity-public-note [32m200[39m in 42ms[2m (next.js: 2ms, application-code: 40ms)[22m
 GET /login [32m200[39m in 17ms[2m (next.js: 777µs, application-code: 17ms)[22m
 GET /app [32m200[39m in 31ms[2m (next.js: 860µs, proxy.ts: 3ms, application-code: 27ms)[22m
 POST /login [34m303[39m in 65ms[2m (next.js: 930µs, application-code: 64ms)[22m
  └─ ƒ loginAction({}) in 30ms [2msrc/app/login/actions.ts[22m
 GET / [32m200[39m in 10ms[2m (next.js: 929µs, application-code: 9ms)[22m
 GET /notes/owner-continuity-public-note [32m200[39m in 14ms[2m (next.js: 2ms, application-code: 11ms)[22m
 GET /app [32m200[39m in 20ms[2m (next.js: 1107µs, proxy.ts: 3ms, application-code: 16ms)[22m
 GET / [32m200[39m in 19ms[2m (next.js: 781µs, application-code: 18ms)[22m
 GET /login [32m200[39m in 16ms[2m (next.js: 824µs, application-code: 15ms)[22m
 GET /login [32m200[39m in 16ms[2m (next.js: 768µs, application-code: 15ms)[22m
 GET /login [32m200[39m in 26ms[2m (next.js: 775µs, application-code: 26ms)[22m
 GET /app [32m200[39m in 25ms[2m (next.js: 961µs, proxy.ts: 2ms, application-code: 22ms)[22m
 POST /login [34m303[39m in 59ms[2m (next.js: 894µs, application-code: 58ms)[22m
  └─ ƒ loginAction({}) in 29ms [2msrc/app/login/actions.ts[22m
 GET /app/notes/cmn178bk3000ao6ybowy9dkdg/edit [32m200[39m in 48ms[2m (next.js: 2ms, proxy.ts: 3ms, application-code: 43ms)[22m
 GET /login [32m200[39m in 15ms[2m (next.js: 867µs, application-code: 15ms)[22m
 GET /app [32m200[39m in 31ms[2m (next.js: 938µs, proxy.ts: 3ms, application-code: 28ms)[22m
 POST /login [34m303[39m in 65ms[2m (next.js: 899µs, application-code: 64ms)[22m
  └─ ƒ loginAction({}) in 30ms [2msrc/app/login/actions.ts[22m
 GET /app/notes/cmn178c1s000bo6yb48p8v93y/edit [32m200[39m in 45ms[2m (next.js: 2ms, proxy.ts: 3ms, application-code: 40ms)[22m
 GET / [32m200[39m in 19ms[2m (next.js: 798µs, application-code: 18ms)[22m
 GET / [32m200[39m in 20ms[2m (next.js: 798µs, application-code: 19ms)[22m
 GET / [32m200[39m in 20ms[2m (next.js: 779µs, application-code: 19ms)[22m
 GET / [32m200[39m in 18ms[2m (next.js: 850µs, application-code: 18ms)[22m
 GET /login [32m200[39m in 16ms[2m (next.js: 786µs, application-code: 15ms)[22m
 GET /login [32m200[39m in 17ms[2m (next.js: 801µs, application-code: 17ms)[22m
 GET /app [32m200[39m in 24ms[2m (next.js: 879µs, proxy.ts: 3ms, application-code: 20ms)[22m
 POST /login [34m303[39m in 62ms[2m (next.js: 939µs, application-code: 61ms)[22m
  └─ ƒ loginAction({}) in 33ms [2msrc/app/login/actions.ts[22m
 GET / [32m200[39m in 18ms[2m (next.js: 802µs, application-code: 17ms)[22m
 GET /login [32m200[39m in 22ms[2m (next.js: 845µs, application-code: 21ms)[22m
 GET /app [32m200[39m in 25ms[2m (next.js: 1151µs, proxy.ts: 3ms, application-code: 21ms)[22m
 POST /login [34m303[39m in 59ms[2m (next.js: 960µs, application-code: 58ms)[22m
  └─ ƒ loginAction({}) in 30ms [2msrc/app/login/actions.ts[22m
 GET /app/search [32m200[39m in 32ms[2m (next.js: 2ms, proxy.ts: 3ms, application-code: 27ms)[22m
 GET /app/links [32m200[39m in 43ms[2m (next.js: 1638µs, proxy.ts: 3ms, application-code: 39ms)[22m
 GET /app [32m200[39m in 36ms[2m (next.js: 780µs, proxy.ts: 3ms, application-code: 32ms)[22m
 GET /app/notes/cmn178dtl000yo6yb9ry4acv4/edit [32m200[39m in 20ms[2m (next.js: 2ms, proxy.ts: 3ms, application-code: 14ms)[22m
 GET /login [32m200[39m in 19ms[2m (next.js: 850µs, application-code: 18ms)[22m
 GET /app [32m200[39m in 25ms[2m (next.js: 1238µs, proxy.ts: 2ms, application-code: 21ms)[22m
 POST /login [34m303[39m in 59ms[2m (next.js: 890µs, application-code: 58ms)[22m
  └─ ƒ loginAction({}) in 30ms [2msrc/app/login/actions.ts[22m
 GET /app/notes/new [32m200[39m in 37ms[2m (next.js: 913µs, proxy.ts: 3ms, application-code: 34ms)[22m
 GET /app/notes/cmn178ew1000eo4ybm9lh8n19/edit?saved=1 [32m200[39m in 28ms[2m (next.js: 3ms, proxy.ts: 3ms, application-code: 23ms)[22m
 POST /app/notes/new [34m303[39m in 43ms[2m (next.js: 859µs, proxy.ts: 3ms, application-code: 39ms)[22m
  └─ ƒ createNoteAction({}) in 7ms [2msrc/app/app/notes/actions.ts[22m
 GET /login [32m200[39m in 18ms[2m (next.js: 855µs, application-code: 17ms)[22m
 GET /app [32m200[39m in 25ms[2m (next.js: 924µs, proxy.ts: 3ms, application-code: 21ms)[22m
 POST /login [34m303[39m in 60ms[2m (next.js: 903µs, application-code: 59ms)[22m
  └─ ƒ loginAction({}) in 30ms [2msrc/app/login/actions.ts[22m
 GET /app/notes/cmn178eyy0011o6ybzlq8g049/edit [32m200[39m in 52ms[2m (next.js: 2ms, proxy.ts: 3ms, application-code: 47ms)[22m
 GET /login [32m200[39m in 16ms[2m (next.js: 800µs, application-code: 15ms)[22m
 GET /app [32m200[39m in 25ms[2m (next.js: 912µs, proxy.ts: 3ms, application-code: 21ms)[22m
 POST /login [34m303[39m in 60ms[2m (next.js: 876µs, application-code: 59ms)[22m
  └─ ƒ loginAction({}) in 30ms [2msrc/app/login/actions.ts[22m
 GET /app/notes/new [32m200[39m in 30ms[2m (next.js: 912µs, proxy.ts: 3ms, application-code: 26ms)[22m
 GET /media/3b92f5a1-6c7b-417c-b948-3dfdce5a8efe-with-extra-wrap-length-for-the-gutter [33m404[39m in 9ms[2m (next.js: 4ms, application-code: 5ms)[22m
 GET /login [32m200[39m in 23ms[2m (next.js: 913µs, application-code: 22ms)[22m
 GET /app [32m200[39m in 24ms[2m (next.js: 905µs, proxy.ts: 2ms, application-code: 21ms)[22m
 POST /login [34m303[39m in 59ms[2m (next.js: 922µs, application-code: 58ms)[22m
  └─ ƒ loginAction({}) in 30ms [2msrc/app/login/actions.ts[22m
 GET /app/notes/cmn178fsn0013o6ybx35fp34g/edit [32m200[39m in 44ms[2m (next.js: 2ms, proxy.ts: 3ms, application-code: 39ms)[22m
 GET /login [32m200[39m in 15ms[2m (next.js: 752µs, application-code: 15ms)[22m
 GET /app [32m200[39m in 29ms[2m (next.js: 947µs, proxy.ts: 2ms, application-code: 26ms)[22m
 POST /login [34m303[39m in 65ms[2m (next.js: 909µs, application-code: 64ms)[22m
  └─ ƒ loginAction({}) in 30ms [2msrc/app/login/actions.ts[22m
 GET /app/notes/cmn178g7z0014o6ybvvabfgaq/edit [32m200[39m in 45ms[2m (next.js: 2ms, proxy.ts: 3ms, application-code: 40ms)[22m
 GET /app/notes/cmn178g7z0014o6ybvvabfgaq/edit?saved=1 [32m200[39m in 28ms[2m (next.js: 1325µs, proxy.ts: 2ms, application-code: 25ms)[22m
 POST /app/notes/cmn178g7z0014o6ybvvabfgaq/edit [34m303[39m in 44ms[2m (next.js: 3ms, proxy.ts: 3ms, application-code: 39ms)[22m
  └─ ƒ updateNoteAction("cmn178g7z0014o6ybvvabfgaq", {}) in 6ms [2msrc/app/app/notes/actions.ts[22m
 GET /login [32m200[39m in 21ms[2m (next.js: 819µs, application-code: 20ms)[22m
 GET /app [32m200[39m in 30ms[2m (next.js: 6ms, proxy.ts: 2ms, application-code: 23ms)[22m
 POST /login [34m303[39m in 65ms[2m (next.js: 895µs, application-code: 64ms)[22m
  └─ ƒ loginAction({}) in 31ms [2msrc/app/login/actions.ts[22m
 GET /app/notes/cmn178h2r0015o6yb154duj5m/edit [32m200[39m in 43ms[2m (next.js: 2ms, proxy.ts: 3ms, application-code: 38ms)[22m
 GET /login [32m200[39m in 18ms[2m (next.js: 928µs, application-code: 17ms)[22m
 GET /app [32m200[39m in 25ms[2m (next.js: 889µs, proxy.ts: 2ms, application-code: 22ms)[22m
 POST /login [34m303[39m in 60ms[2m (next.js: 1053µs, application-code: 59ms)[22m
  └─ ƒ loginAction({}) in 31ms [2msrc/app/login/actions.ts[22m
 GET /app/notes/cmn178hjy0016o6ybulxnpezg/edit [32m200[39m in 52ms[2m (next.js: 3ms, proxy.ts: 7ms, application-code: 42ms)[22m
 GET /app/notes/cmn178hjy0016o6ybulxnpezg/edit?saved=1 [32m200[39m in 28ms[2m (next.js: 1582µs, proxy.ts: 2ms, application-code: 24ms)[22m
 POST /app/notes/cmn178hjy0016o6ybulxnpezg/edit [34m303[39m in 45ms[2m (next.js: 3ms, proxy.ts: 3ms, application-code: 39ms)[22m
  └─ ƒ updateNoteAction("cmn178hjy0016o6ybulxnpezg", {}) in 7ms [2msrc/app/app/notes/actions.ts[22m
 GET /app/notes/cmn178hjy0016o6ybulxnpezg/edit?saved=1 [32m200[39m in 45ms[2m (next.js: 1549µs, proxy.ts: 3ms, application-code: 41ms)[22m
 GET /login [32m200[39m in 21ms[2m (next.js: 812µs, application-code: 20ms)[22m
 GET /app [32m200[39m in 25ms[2m (next.js: 1033µs, proxy.ts: 2ms, application-code: 21ms)[22m
 POST /login [34m303[39m in 60ms[2m (next.js: 1003µs, application-code: 59ms)[22m
  └─ ƒ loginAction({}) in 31ms [2msrc/app/login/actions.ts[22m
 GET /app/notes/cmn178if70017o6ybul9ggoly/edit [32m200[39m in 46ms[2m (next.js: 2ms, proxy.ts: 2ms, application-code: 41ms)[22m
 GET /login [32m200[39m in 20ms[2m (next.js: 780µs, application-code: 20ms)[22m
 GET /app [32m200[39m in 30ms[2m (next.js: 833µs, proxy.ts: 2ms, application-code: 27ms)[22m
 POST /login [34m303[39m in 65ms[2m (next.js: 1136µs, application-code: 64ms)[22m
  └─ ƒ loginAction({}) in 30ms [2msrc/app/login/actions.ts[22m
 GET /app/notes/cmn178iwv0018o6ybugxk9ec3/edit [32m200[39m in 43ms[2m (next.js: 2ms, proxy.ts: 3ms, application-code: 38ms)[22m
 GET /app/notes/cmn178iwv0018o6ybugxk9ec3/edit?saved=1 [32m200[39m in 28ms[2m (next.js: 1252µs, proxy.ts: 2ms, application-code: 25ms)[22m
 POST /app/notes/cmn178iwv0018o6ybugxk9ec3/edit [34m303[39m in 43ms[2m (next.js: 2ms, proxy.ts: 3ms, application-code: 38ms)[22m
  └─ ƒ updateNoteAction("cmn178iwv0018o6ybugxk9ec3", {}) in 6ms [2msrc/app/app/notes/actions.ts[22m
 GET /login [32m200[39m in 17ms[2m (next.js: 792µs, application-code: 16ms)[22m
 GET /app [32m200[39m in 27ms[2m (next.js: 962µs, proxy.ts: 4ms, application-code: 22ms)[22m
 POST /login [34m303[39m in 65ms[2m (next.js: 1425µs, application-code: 64ms)[22m
  └─ ƒ loginAction({}) in 29ms [2msrc/app/login/actions.ts[22m
 GET /app/notes/new [32m200[39m in 34ms[2m (next.js: 908µs, proxy.ts: 3ms, application-code: 30ms)[22m
 GET /login [32m200[39m in 16ms[2m (next.js: 812µs, application-code: 15ms)[22m
 GET /app [32m200[39m in 26ms[2m (next.js: 954µs, proxy.ts: 3ms, application-code: 22ms)[22m
 POST /login [34m303[39m in 59ms[2m (next.js: 1019µs, application-code: 58ms)[22m
  └─ ƒ loginAction({}) in 30ms [2msrc/app/login/actions.ts[22m
 GET /app/notes/cmn178kar001ao6yb9f4bic54/edit [32m200[39m in 51ms[2m (next.js: 2ms, proxy.ts: 3ms, application-code: 46ms)[22m
 GET /login [32m200[39m in 16ms[2m (next.js: 829µs, application-code: 15ms)[22m
 GET /app [32m200[39m in 25ms[2m (next.js: 1280µs, proxy.ts: 2ms, application-code: 21ms)[22m
 POST /login [34m303[39m in 60ms[2m (next.js: 1045µs, application-code: 59ms)[22m
  └─ ƒ loginAction({}) in 30ms [2msrc/app/login/actions.ts[22m
 GET /app/notes/cmn178krj001bo6ybrv6k09j4/edit [32m200[39m in 56ms[2m (next.js: 2ms, proxy.ts: 3ms, application-code: 51ms)[22m
 GET /media/ui-note-images-draft-1774150228074 [33m404[39m in 6ms[2m (next.js: 2ms, application-code: 4ms)[22m
 GET /login [32m200[39m in 18ms[2m (next.js: 764µs, application-code: 17ms)[22m
 GET /app [32m200[39m in 26ms[2m (next.js: 888µs, proxy.ts: 3ms, application-code: 23ms)[22m
 POST /login [34m303[39m in 62ms[2m (next.js: 919µs, application-code: 61ms)[22m
  └─ ƒ loginAction({}) in 31ms [2msrc/app/login/actions.ts[22m
 GET /media/ui-note-images-published-first-1774150228074 [32m200[39m in 10ms[2m (next.js: 937µs, application-code: 9ms)[22m
 GET /media/ui-note-images-draft-1774150228074 [32m200[39m in 11ms[2m (next.js: 3ms, application-code: 8ms)[22m
 GET / [32m200[39m in 20ms[2m (next.js: 811µs, application-code: 20ms)[22m
 GET /media/ui-note-images-published-first-1774150228074 [32m200[39m in 12ms[2m (next.js: 1620µs, application-code: 10ms)[22m
 GET /notes/published-note-image-card [32m200[39m in 48ms[2m (next.js: 3ms, application-code: 44ms)[22m
 GET /media/ui-note-images-published-first-1774150228074 [32m200[39m in 10ms[2m (next.js: 1650µs, application-code: 8ms)[22m
 GET /media/ui-note-images-published-second-1774150228074 [32m200[39m in 10ms[2m (next.js: 3ms, application-code: 8ms)[22m
 GET /login [32m200[39m in 22ms[2m (next.js: 846µs, application-code: 21ms)[22m
 GET /app [32m200[39m in 28ms[2m (next.js: 1040µs, proxy.ts: 2ms, application-code: 24ms)[22m
 POST /login [34m303[39m in 63ms[2m (next.js: 874µs, application-code: 62ms)[22m
  └─ ƒ loginAction({}) in 31ms [2msrc/app/login/actions.ts[22m
 GET /login [32m200[39m in 16ms[2m (next.js: 800µs, application-code: 15ms)[22m
 GET /app [32m200[39m in 28ms[2m (next.js: 772µs, proxy.ts: 2ms, application-code: 25ms)[22m
 POST /login [34m303[39m in 61ms[2m (next.js: 866µs, application-code: 61ms)[22m
  └─ ƒ loginAction({}) in 30ms [2msrc/app/login/actions.ts[22m
 GET /login [32m200[39m in 21ms[2m (next.js: 773µs, application-code: 20ms)[22m
 GET /app [32m200[39m in 29ms[2m (next.js: 1120µs, proxy.ts: 2ms, application-code: 25ms)[22m
 POST /login [34m303[39m in 64ms[2m (next.js: 919µs, application-code: 63ms)[22m
  └─ ƒ loginAction({}) in 30ms [2msrc/app/login/actions.ts[22m
 GET /login [32m200[39m in 17ms[2m (next.js: 995µs, application-code: 16ms)[22m
 GET /app [32m200[39m in 27ms[2m (next.js: 1108µs, proxy.ts: 2ms, application-code: 23ms)[22m
 POST /login [34m303[39m in 62ms[2m (next.js: 859µs, application-code: 61ms)[22m
  └─ ƒ loginAction({}) in 31ms [2msrc/app/login/actions.ts[22m
 GET /app/links [32m200[39m in 60ms[2m (next.js: 1597µs, proxy.ts: 3ms, application-code: 55ms)[22m
 GET /login [32m200[39m in 16ms[2m (next.js: 816µs, application-code: 15ms)[22m
 GET /app [32m200[39m in 25ms[2m (next.js: 865µs, proxy.ts: 2ms, application-code: 22ms)[22m
 POST /login [34m303[39m in 60ms[2m (next.js: 944µs, application-code: 59ms)[22m
  └─ ƒ loginAction({}) in 30ms [2msrc/app/login/actions.ts[22m
 GET /app/links [32m200[39m in 58ms[2m (next.js: 967µs, proxy.ts: 3ms, application-code: 54ms)[22m
 GET /login [32m200[39m in 17ms[2m (next.js: 788µs, application-code: 16ms)[22m
 GET /app [32m200[39m in 25ms[2m (next.js: 889µs, proxy.ts: 2ms, application-code: 22ms)[22m
 POST /login [34m303[39m in 61ms[2m (next.js: 925µs, application-code: 60ms)[22m
  └─ ƒ loginAction({}) in 31ms [2msrc/app/login/actions.ts[22m
 GET /app/tags?tag=studio-systems [32m200[39m in 46ms[2m (next.js: 2ms, proxy.ts: 2ms, application-code: 41ms)[22m
 GET /login [32m200[39m in 16ms[2m (next.js: 741µs, application-code: 16ms)[22m
 GET /app [32m200[39m in 26ms[2m (next.js: 978µs, proxy.ts: 2ms, application-code: 22ms)[22m
 POST /login [34m303[39m in 61ms[2m (next.js: 917µs, application-code: 60ms)[22m
  └─ ƒ loginAction({}) in 30ms [2msrc/app/login/actions.ts[22m
 GET /app/tags?tag=studio-systems [32m200[39m in 44ms[2m (next.js: 903µs, proxy.ts: 3ms, application-code: 40ms)[22m
 GET /login [32m200[39m in 17ms[2m (next.js: 797µs, application-code: 16ms)[22m
 GET /app [32m200[39m in 31ms[2m (next.js: 1010µs, proxy.ts: 7ms, application-code: 23ms)[22m
 POST /login [34m303[39m in 68ms[2m (next.js: 884µs, application-code: 67ms)[22m
  └─ ƒ loginAction({}) in 31ms [2msrc/app/login/actions.ts[22m
 GET /app/search?q=rhythm [32m200[39m in 56ms[2m (next.js: 1529µs, proxy.ts: 3ms, application-code: 52ms)[22m
 GET /login [32m200[39m in 17ms[2m (next.js: 953µs, application-code: 16ms)[22m
 GET /app [32m200[39m in 31ms[2m (next.js: 879µs, proxy.ts: 2ms, application-code: 27ms)[22m
 POST /login [34m303[39m in 66ms[2m (next.js: 883µs, application-code: 65ms)[22m
  └─ ƒ loginAction({}) in 30ms [2msrc/app/login/actions.ts[22m
 GET /app/search?q=rhythm [32m200[39m in 43ms[2m (next.js: 772µs, proxy.ts: 2ms, application-code: 40ms)[22m
 GET / [32m200[39m in 19ms[2m (next.js: 884µs, application-code: 19ms)[22m
 GET / [32m200[39m in 19ms[2m (next.js: 796µs, application-code: 18ms)[22m
 GET /notes/public-notes-should-read-like-finished-pages-not-dashboards [32m200[39m in 28ms[2m (next.js: 1928µs, application-code: 26ms)[22m
 GET /notes/public-notes-should-read-like-finished-pages-not-dashboards [32m200[39m in 26ms[2m (next.js: 7ms, application-code: 19ms)[22m
 GET / [32m200[39m in 19ms[2m (next.js: 769µs, application-code: 18ms)[22m
 GET / [32m200[39m in 20ms[2m (next.js: 781µs, application-code: 19ms)[22m
 GET / [32m200[39m in 19ms[2m (next.js: 895µs, application-code: 18ms)[22m
 GET /notes/tag-chips-should-fit-a-calmer-public-hierarchy [32m200[39m in 22ms[2m (next.js: 1730µs, application-code: 21ms)[22m
 GET / [32m200[39m in 25ms[2m (next.js: 854µs, application-code: 24ms)[22m
 GET /login [32m200[39m in 18ms[2m (next.js: 811µs, application-code: 17ms)[22m
 GET /login [32m200[39m in 16ms[2m (next.js: 804µs, application-code: 15ms)[22m
 GET /app [32m200[39m in 25ms[2m (next.js: 957µs, proxy.ts: 3ms, application-code: 21ms)[22m
 POST /login [34m303[39m in 61ms[2m (next.js: 980µs, application-code: 60ms)[22m
  └─ ƒ loginAction({}) in 31ms [2msrc/app/login/actions.ts[22m
 GET /login [32m200[39m in 16ms[2m (next.js: 933µs, application-code: 15ms)[22m
 GET /app [32m200[39m in 31ms[2m (next.js: 940µs, proxy.ts: 3ms, application-code: 27ms)[22m
 POST /login [34m303[39m in 65ms[2m (next.js: 982µs, application-code: 64ms)[22m
  └─ ƒ loginAction({}) in 30ms [2msrc/app/login/actions.ts[22m
