
> minakeep@0.1.0 dev
> next dev --hostname 127.0.0.1 --port 3100

[1m[38;2;173;127;168m▲ Next.js 16.2.0[39m[22m (Turbopack)
- Local:         http://127.0.0.1:3100
- Network:       http://127.0.0.1:3100
- Environments: .env
[32m[1m✓[22m[39m Ready in 201ms

 GET /api/health [32m200[39m in 79ms[2m (next.js: 69ms, application-code: 10ms)[22m
 GET /login [32m200[39m in 165ms[2m (next.js: 41ms, application-code: 124ms)[22m
 GET /app [32m200[39m in 98ms[2m (next.js: 13ms, proxy.ts: 38ms, application-code: 47ms)[22m
 POST /login [34m303[39m in 196ms[2m (next.js: 1242µs, application-code: 195ms)[22m
  └─ ƒ loginAction({}) in 88ms [2msrc/app/login/actions.ts[22m
 GET /login [32m200[39m in 24ms[2m (next.js: 1130µs, application-code: 23ms)[22m
 GET /app [32m200[39m in 40ms[2m (next.js: 1309µs, proxy.ts: 3ms, application-code: 35ms)[22m
 POST /login [34m303[39m in 50ms[2m (next.js: 1034µs, application-code: 49ms)[22m
  └─ ƒ loginAction({}) in 5ms [2msrc/app/login/actions.ts[22m
 GET /api/auth/session [32m200[39m in 449ms[2m (next.js: 439ms, application-code: 10ms)[22m
 GET /login [32m200[39m in 19ms[2m (next.js: 943µs, application-code: 18ms)[22m
 GET /app [32m200[39m in 35ms[2m (next.js: 924µs, proxy.ts: 3ms, application-code: 31ms)[22m
 POST /login [34m303[39m in 46ms[2m (next.js: 1090µs, application-code: 45ms)[22m
  └─ ƒ loginAction({}) in 4ms [2msrc/app/login/actions.ts[22m
 GET /app/links [32m200[39m in 116ms[2m (next.js: 13ms, proxy.ts: 3ms, application-code: 100ms)[22m
 GET /app/tags [32m200[39m in 134ms[2m (next.js: 8ms, proxy.ts: 3ms, application-code: 123ms)[22m
 GET /app/search?q=Demo%20workspace [32m200[39m in 113ms[2m (next.js: 8ms, proxy.ts: 3ms, application-code: 102ms)[22m
 GET /app/notes/cmn1ckfk000001qybm6bvdxst/edit [32m200[39m in 261ms[2m (next.js: 200ms, proxy.ts: 3ms, application-code: 58ms)[22m
 GET /app/notes/cmn1ckfk200011qyb5au76c4t/edit [32m200[39m in 51ms[2m (next.js: 3ms, proxy.ts: 3ms, application-code: 45ms)[22m
 GET /login [32m200[39m in 18ms[2m (next.js: 835µs, application-code: 17ms)[22m
 GET /app [32m200[39m in 30ms[2m (next.js: 924µs, proxy.ts: 3ms, application-code: 26ms)[22m
 POST /login [34m303[39m in 65ms[2m (next.js: 985µs, application-code: 64ms)[22m
  └─ ƒ loginAction({}) in 30ms [2msrc/app/login/actions.ts[22m
 GET /app/notes/new [32m200[39m in 47ms[2m (next.js: 8ms, proxy.ts: 3ms, application-code: 35ms)[22m
 GET /app/notes/cmn1ckfk000001qybm6bvdxst/edit [32m200[39m in 51ms[2m (next.js: 3ms, proxy.ts: 3ms, application-code: 45ms)[22m
 GET /app/notes/cmn1ckfk200011qyb5au76c4t/edit [32m200[39m in 52ms[2m (next.js: 1722µs, proxy.ts: 3ms, application-code: 47ms)[22m
 GET /app/links [32m200[39m in 60ms[2m (next.js: 1014µs, proxy.ts: 3ms, application-code: 56ms)[22m
 GET /login [32m200[39m in 16ms[2m (next.js: 870µs, application-code: 15ms)[22m
 GET /app [32m200[39m in 33ms[2m (next.js: 819µs, proxy.ts: 2ms, application-code: 29ms)[22m
 POST /login [34m303[39m in 41ms[2m (next.js: 870µs, application-code: 40ms)[22m
  └─ ƒ loginAction({}) in 4ms [2msrc/app/login/actions.ts[22m
 POST /app/notes/new [34m303[39m in 11ms[2m (next.js: 1066µs, proxy.ts: 3ms, application-code: 6ms)[22m
 GET /app?error=read-only [32m200[39m in 82ms[2m (next.js: 857µs, proxy.ts: 2ms, application-code: 79ms)[22m
 POST /app/notes/cmn1ckfk000001qybm6bvdxst/edit [34m303[39m in 10ms[2m (next.js: 2ms, proxy.ts: 3ms, application-code: 5ms)[22m
 GET /app/notes/cmn1ckfk000001qybm6bvdxst/edit?error=read-only [32m200[39m in 41ms[2m (next.js: 1266µs, proxy.ts: 2ms, application-code: 38ms)[22m
 POST /app/notes/cmn1ckfk000001qybm6bvdxst/edit [34m303[39m in 10ms[2m (next.js: 1431µs, proxy.ts: 3ms, application-code: 5ms)[22m
 GET /app/notes/cmn1ckfk000001qybm6bvdxst/edit?error=read-only [32m200[39m in 41ms[2m (next.js: 1302µs, proxy.ts: 2ms, application-code: 38ms)[22m
 POST /app/notes/cmn1ckfk200011qyb5au76c4t/edit [34m303[39m in 14ms[2m (next.js: 1488µs, proxy.ts: 3ms, application-code: 10ms)[22m
 GET /app/notes/cmn1ckfk200011qyb5au76c4t/edit?error=read-only [32m200[39m in 42ms[2m (next.js: 1345µs, proxy.ts: 3ms, application-code: 38ms)[22m
 POST /app/notes/cmn1ckfk000001qybm6bvdxst/edit [34m303[39m in 9ms[2m (next.js: 1390µs, proxy.ts: 3ms, application-code: 5ms)[22m
 GET /app/notes/cmn1ckfk000001qybm6bvdxst/edit?error=read-only [32m200[39m in 41ms[2m (next.js: 1316µs, proxy.ts: 2ms, application-code: 38ms)[22m
 POST /app/links [34m303[39m in 8ms[2m (next.js: 924µs, proxy.ts: 2ms, application-code: 5ms)[22m
 GET /app/links?error=read-only [32m200[39m in 44ms[2m (next.js: 756µs, proxy.ts: 2ms, application-code: 41ms)[22m
 POST /app/links [34m303[39m in 8ms[2m (next.js: 932µs, proxy.ts: 2ms, application-code: 5ms)[22m
 GET /app/links?error=read-only [32m200[39m in 38ms[2m (next.js: 742µs, proxy.ts: 2ms, application-code: 35ms)[22m
 POST /app/links [34m303[39m in 9ms[2m (next.js: 970µs, proxy.ts: 3ms, application-code: 5ms)[22m
 GET /app/links?error=read-only [32m200[39m in 43ms[2m (next.js: 747µs, proxy.ts: 2ms, application-code: 40ms)[22m
 POST /app/links [34m303[39m in 8ms[2m (next.js: 872µs, proxy.ts: 2ms, application-code: 5ms)[22m
 GET /app/links?error=read-only [32m200[39m in 38ms[2m (next.js: 729µs, proxy.ts: 1959µs, application-code: 35ms)[22m
 POST /app/links [34m303[39m in 8ms[2m (next.js: 832µs, proxy.ts: 2ms, application-code: 5ms)[22m
 GET /app/links?error=read-only [32m200[39m in 40ms[2m (next.js: 706µs, proxy.ts: 1968µs, application-code: 37ms)[22m
 POST /api/notes/images [33m403[39m in 23ms[2m (next.js: 16ms, application-code: 6ms)[22m
 GET / [32m200[39m in 46ms[2m (next.js: 9ms, application-code: 37ms)[22m
 GET /login?callbackUrl=http%3A%2F%2Flocalhost%3A3100%2Fapp%2Fsearch [32m200[39m in 16ms[2m (next.js: 748µs, application-code: 15ms)[22m
 GET /login?callbackUrl=http%3A%2F%2Flocalhost%3A3100%2Fapp%2Fnotes%2Fnew [32m200[39m in 16ms[2m (next.js: 807µs, application-code: 15ms)[22m
 GET /app [32m200[39m in 30ms[2m (next.js: 1112µs, proxy.ts: 2ms, application-code: 27ms)[22m
 POST /login?callbackUrl=http%3A%2F%2Flocalhost%3A3100%2Fapp%2Fnotes%2Fnew [34m303[39m in 65ms[2m (next.js: 913µs, application-code: 64ms)[22m
  └─ ƒ loginAction({}) in 30ms [2msrc/app/login/actions.ts[22m
 GET /app/notes/new [32m200[39m in 24ms[2m (next.js: 911µs, proxy.ts: 3ms, application-code: 20ms)[22m
 GET /app/notes/cmn1ckj6d00001oybwkxihmla/edit?saved=1 [32m200[39m in 35ms[2m (next.js: 3ms, proxy.ts: 3ms, application-code: 29ms)[22m
 POST /app/notes/new [34m303[39m in 63ms[2m (next.js: 1224µs, proxy.ts: 3ms, application-code: 59ms)[22m
  └─ ƒ createNoteAction({}) in 19ms [2msrc/app/app/notes/actions.ts[22m
 POST /app/notes/cmn1ckj6d00001oybwkxihmla/edit?saved=1 [34m303[39m in 61ms[2m (next.js: 4ms, proxy.ts: 4ms, application-code: 53ms)[22m
  └─ ƒ updateNoteAction("cmn1ckj6d00001oybwkxihmla", {}) in 7ms [2msrc/app/app/notes/actions.ts[22m
 GET /app [32m200[39m in 122ms[2m (next.js: 6ms, proxy.ts: 7ms, application-code: 109ms)[22m
 GET /app/notes/cmn1ckj6d00001oybwkxihmla/edit?saved=1 [32m200[39m in 99ms[2m (next.js: 11ms, proxy.ts: 31ms, application-code: 58ms)[22m
 GET /app/notes/cmn1ckj6d00001oybwkxihmla/edit [32m200[39m in 22ms[2m (next.js: 2ms, proxy.ts: 3ms, application-code: 16ms)[22m
 GET /login [32m200[39m in 17ms[2m (next.js: 842µs, application-code: 16ms)[22m
 GET /app [32m200[39m in 31ms[2m (next.js: 1183µs, proxy.ts: 2ms, application-code: 28ms)[22m
 POST /login [34m303[39m in 74ms[2m (next.js: 924µs, application-code: 73ms)[22m
  └─ ƒ loginAction({}) in 39ms [2msrc/app/login/actions.ts[22m
 GET /app/notes/new [32m200[39m in 18ms[2m (next.js: 939µs, proxy.ts: 3ms, application-code: 14ms)[22m
 GET /app/notes/cmn1ckjuv00011oybfzqzkuvv/edit?saved=1 [32m200[39m in 33ms[2m (next.js: 2ms, proxy.ts: 2ms, application-code: 29ms)[22m
 POST /app/notes/new [34m303[39m in 51ms[2m (next.js: 1410µs, proxy.ts: 3ms, application-code: 46ms)[22m
  └─ ƒ createNoteAction({}) in 9ms [2msrc/app/app/notes/actions.ts[22m
 POST /api/test/mina/chat/completions [32m200[39m in 1513ms[2m (next.js: 15ms, application-code: 1498ms)[22m
 GET /app/notes/cmn1ckjuv00011oybfzqzkuvv/edit?saved=1 [32m200[39m in 57ms[2m (next.js: 7ms, proxy.ts: 9ms, application-code: 40ms)[22m
 GET /app/notes/cmn1ckjuv00011oybfzqzkuvv/edit?retried=1 [32m200[39m in 36ms[2m (next.js: 1932µs, proxy.ts: 3ms, application-code: 31ms)[22m
 POST /app/notes/cmn1ckjuv00011oybfzqzkuvv/edit?saved=1 [34m303[39m in 59ms[2m (next.js: 4ms, proxy.ts: 7ms, application-code: 48ms)[22m
  └─ ƒ retryNoteEnrichmentAction("cmn1ckjuv00011oybfzqzkuvv") in 7ms [2msrc/app/app/notes/actions.ts[22m
 POST /api/test/mina/chat/completions [32m200[39m in 1510ms[2m (next.js: 739µs, application-code: 1509ms)[22m
 GET /app/notes/cmn1ckjuv00011oybfzqzkuvv/edit?retried=1 [32m200[39m in 122ms[2m (next.js: 6ms, proxy.ts: 21ms, application-code: 96ms)[22m
 GET /login [32m200[39m in 18ms[2m (next.js: 894µs, application-code: 17ms)[22m
 GET /app [32m200[39m in 31ms[2m (next.js: 869µs, proxy.ts: 3ms, application-code: 28ms)[22m
 POST /login [34m303[39m in 66ms[2m (next.js: 890µs, application-code: 66ms)[22m
  └─ ƒ loginAction({}) in 31ms [2msrc/app/login/actions.ts[22m
 GET /app/notes/new [32m200[39m in 17ms[2m (next.js: 1144µs, proxy.ts: 3ms, application-code: 12ms)[22m
 GET /app/notes/cmn1ckovs00031oybdomuv2z3/edit?saved=1 [32m200[39m in 37ms[2m (next.js: 2ms, proxy.ts: 2ms, application-code: 33ms)[22m
 POST /app/notes/new [34m303[39m in 51ms[2m (next.js: 965µs, proxy.ts: 3ms, application-code: 47ms)[22m
  └─ ƒ createNoteAction({}) in 6ms [2msrc/app/app/notes/actions.ts[22m
 GET /app/notes/cmn1ckovs00031oybdomuv2z3/edit?published=1 [32m200[39m in 31ms[2m (next.js: 1185µs, proxy.ts: 2ms, application-code: 28ms)[22m
 POST /app/notes/cmn1ckovs00031oybdomuv2z3/edit?saved=1 [34m303[39m in 46ms[2m (next.js: 1625µs, proxy.ts: 3ms, application-code: 41ms)[22m
  └─ ƒ publishNoteAction("cmn1ckovs00031oybdomuv2z3") in 5ms [2msrc/app/app/notes/actions.ts[22m
 GET / [32m200[39m in 27ms[2m (next.js: 855µs, application-code: 26ms)[22m
 GET /notes/public-note-1774159190314 [32m200[39m in 216ms[2m (next.js: 202ms, application-code: 13ms)[22m
 GET /app [32m200[39m in 67ms[2m (next.js: 951µs, proxy.ts: 3ms, application-code: 63ms)[22m
 GET /app/notes/cmn1ckovs00031oybdomuv2z3/edit [32m200[39m in 22ms[2m (next.js: 3ms, proxy.ts: 3ms, application-code: 16ms)[22m
 GET /app/notes/cmn1ckovs00031oybdomuv2z3/edit?unpublished=1 [32m200[39m in 35ms[2m (next.js: 1316µs, proxy.ts: 2ms, application-code: 31ms)[22m
 POST /app/notes/cmn1ckovs00031oybdomuv2z3/edit [34m303[39m in 49ms[2m (next.js: 1399µs, proxy.ts: 3ms, application-code: 45ms)[22m
  └─ ƒ unpublishNoteAction("cmn1ckovs00031oybdomuv2z3") in 6ms [2msrc/app/app/notes/actions.ts[22m
 GET / [32m200[39m in 24ms[2m (next.js: 814µs, application-code: 23ms)[22m
 GET /notes/public-note-1774159190314 [33m404[39m in 44ms[2m (next.js: 1615µs, application-code: 43ms)[22m
 GET /login [32m200[39m in 19ms[2m (next.js: 792µs, application-code: 19ms)[22m
 GET /app [32m200[39m in 33ms[2m (next.js: 852µs, proxy.ts: 3ms, application-code: 29ms)[22m
 POST /login [34m303[39m in 68ms[2m (next.js: 903µs, application-code: 67ms)[22m
  └─ ƒ loginAction({}) in 31ms [2msrc/app/login/actions.ts[22m
 GET /app/links [32m200[39m in 25ms[2m (next.js: 1610µs, proxy.ts: 3ms, application-code: 20ms)[22m
 GET /app/links?saved=1 [32m200[39m in 43ms[2m (next.js: 791µs, proxy.ts: 3ms, application-code: 39ms)[22m
 POST /app/links [34m303[39m in 57ms[2m (next.js: 869µs, proxy.ts: 3ms, application-code: 54ms)[22m
  └─ ƒ createLinkAction({}) in 8ms [2msrc/app/app/links/actions.ts[22m
 POST /api/test/mina/chat/completions [32m200[39m in 3ms[2m (next.js: 662µs, application-code: 1925µs)[22m
{"level":"warn","message":"Link favicon could not be resolved.","metadata":{"linkId":"cmn1ckq4w00061oybhblyt9d5","url":"https://example.com/reference-1774159191968"},"timestamp":"2026-03-22T05:59:52.490Z"}
 GET /app/links?saved=1 [32m200[39m in 61ms[2m (next.js: 1859µs, proxy.ts: 17ms, application-code: 43ms)[22m
 GET / [32m200[39m in 40ms[2m (next.js: 2ms, application-code: 38ms)[22m
 GET /login [32m200[39m in 17ms[2m (next.js: 726µs, application-code: 16ms)[22m
 GET /app [32m200[39m in 42ms[2m (next.js: 1082µs, proxy.ts: 2ms, application-code: 39ms)[22m
 POST /login [34m303[39m in 79ms[2m (next.js: 964µs, application-code: 78ms)[22m
  └─ ƒ loginAction({}) in 30ms [2msrc/app/login/actions.ts[22m
 GET /app/links [32m200[39m in 25ms[2m (next.js: 962µs, proxy.ts: 3ms, application-code: 21ms)[22m
 GET /app/links?saved=1 [32m200[39m in 38ms[2m (next.js: 863µs, proxy.ts: 2ms, application-code: 35ms)[22m
 POST /app/links [34m303[39m in 50ms[2m (next.js: 876µs, proxy.ts: 3ms, application-code: 46ms)[22m
  └─ ƒ createLinkAction({}) in 6ms [2msrc/app/app/links/actions.ts[22m
 POST /api/test/mina/chat/completions [32m200[39m in 1960µs[2m (next.js: 635µs, application-code: 1325µs)[22m
{"level":"warn","message":"Link favicon could not be resolved.","metadata":{"linkId":"cmn1cksv000071oybwy7f9gy5","url":"https://example.com/published-link-1774159195503"},"timestamp":"2026-03-22T05:59:56.023Z"}
 GET /app/links?saved=1 [32m200[39m in 60ms[2m (next.js: 3ms, proxy.ts: 9ms, application-code: 48ms)[22m
 GET /app/links?published=1 [32m200[39m in 47ms[2m (next.js: 1168µs, proxy.ts: 3ms, application-code: 43ms)[22m
 POST /app/links?saved=1 [34m303[39m in 69ms[2m (next.js: 1536µs, proxy.ts: 7ms, application-code: 61ms)[22m
  └─ ƒ publishLinkAction("cmn1cksv000071oybwy7f9gy5") in 9ms [2msrc/app/app/links/actions.ts[22m
 GET / [32m200[39m in 23ms[2m (next.js: 788µs, application-code: 22ms)[22m
 GET /app/links [32m200[39m in 74ms[2m (next.js: 789µs, proxy.ts: 2ms, application-code: 71ms)[22m
 GET /app/links?unpublished=1 [32m200[39m in 38ms[2m (next.js: 807µs, proxy.ts: 3ms, application-code: 35ms)[22m
 POST /app/links [34m303[39m in 51ms[2m (next.js: 831µs, proxy.ts: 3ms, application-code: 47ms)[22m
  └─ ƒ unpublishLinkAction("cmn1cksv000071oybwy7f9gy5") in 6ms [2msrc/app/app/links/actions.ts[22m
 GET / [32m200[39m in 23ms[2m (next.js: 876µs, application-code: 22ms)[22m
 GET /login [32m200[39m in 16ms[2m (next.js: 831µs, application-code: 16ms)[22m
 GET /app [32m200[39m in 33ms[2m (next.js: 836µs, proxy.ts: 2ms, application-code: 30ms)[22m
 POST /login [34m303[39m in 67ms[2m (next.js: 885µs, application-code: 66ms)[22m
  └─ ƒ loginAction({}) in 30ms [2msrc/app/login/actions.ts[22m
 GET /app/links [32m200[39m in 28ms[2m (next.js: 894µs, proxy.ts: 3ms, application-code: 24ms)[22m
 GET /app/links?saved=1 [32m200[39m in 40ms[2m (next.js: 956µs, proxy.ts: 2ms, application-code: 37ms)[22m
 POST /app/links [34m303[39m in 53ms[2m (next.js: 1135µs, proxy.ts: 3ms, application-code: 49ms)[22m
  └─ ƒ createLinkAction({}) in 6ms [2msrc/app/app/links/actions.ts[22m
{"level":"warn","message":"Link favicon could not be resolved.","metadata":{"linkId":"cmn1ckvyu00081oybmdvmivvf","url":"https://example.com/retry-link-1774159199525"},"timestamp":"2026-03-22T06:00:00.052Z"}
 POST /api/test/mina/chat/completions [32m200[39m in 1510ms[2m (next.js: 767µs, application-code: 1509ms)[22m
 GET /app/links?saved=1 [32m200[39m in 66ms[2m (next.js: 3ms, proxy.ts: 9ms, application-code: 54ms)[22m
 GET /app/links?retried=1 [32m200[39m in 44ms[2m (next.js: 1061µs, proxy.ts: 3ms, application-code: 40ms)[22m
 POST /app/links?saved=1 [34m303[39m in 63ms[2m (next.js: 1967µs, proxy.ts: 5ms, application-code: 56ms)[22m
  └─ ƒ retryLinkEnrichmentAction("cmn1ckvyu00081oybmdvmivvf") in 7ms [2msrc/app/app/links/actions.ts[22m
 POST /api/test/mina/chat/completions [32m200[39m in 1507ms[2m (next.js: 650µs, application-code: 1506ms)[22m
 GET /app/links?retried=1 [32m200[39m in 68ms[2m (next.js: 3ms, proxy.ts: 9ms, application-code: 56ms)[22m
 GET /login [32m200[39m in 19ms[2m (next.js: 841µs, application-code: 18ms)[22m
 GET /app [32m200[39m in 33ms[2m (next.js: 850µs, proxy.ts: 2ms, application-code: 30ms)[22m
 POST /login [34m303[39m in 68ms[2m (next.js: 885µs, application-code: 67ms)[22m
  └─ ƒ loginAction({}) in 30ms [2msrc/app/login/actions.ts[22m
 GET /app/links [32m200[39m in 32ms[2m (next.js: 1094µs, proxy.ts: 3ms, application-code: 27ms)[22m
 GET /app/links?error=invalid-url [32m200[39m in 40ms[2m (next.js: 810µs, proxy.ts: 2ms, application-code: 37ms)[22m
 POST /app/links [34m303[39m in 53ms[2m (next.js: 792µs, proxy.ts: 3ms, application-code: 49ms)[22m
  └─ ƒ createLinkAction({}) in 6ms [2msrc/app/app/links/actions.ts[22m
 GET /login [32m200[39m in 17ms[2m (next.js: 809µs, application-code: 16ms)[22m
 GET /app [32m200[39m in 32ms[2m (next.js: 850µs, proxy.ts: 2ms, application-code: 29ms)[22m
 POST /login [34m303[39m in 67ms[2m (next.js: 920µs, application-code: 66ms)[22m
  └─ ƒ loginAction({}) in 31ms [2msrc/app/login/actions.ts[22m
 GET /app/notes/new [32m200[39m in 17ms[2m (next.js: 891µs, proxy.ts: 3ms, application-code: 13ms)[22m
 GET /app/notes/cmn1cl1ep00091oyb3jnxgppn/edit?saved=1 [32m200[39m in 36ms[2m (next.js: 2ms, proxy.ts: 2ms, application-code: 32ms)[22m
 POST /app/notes/new [34m303[39m in 49ms[2m (next.js: 970µs, proxy.ts: 2ms, application-code: 46ms)[22m
  └─ ƒ createNoteAction({}) in 6ms [2msrc/app/app/notes/actions.ts[22m
 GET /app/links [32m200[39m in 80ms[2m (next.js: 1006µs, proxy.ts: 2ms, application-code: 77ms)[22m
 GET /app/links?saved=1 [32m200[39m in 47ms[2m (next.js: 775µs, proxy.ts: 2ms, application-code: 44ms)[22m
 POST /app/links [34m303[39m in 60ms[2m (next.js: 809µs, proxy.ts: 3ms, application-code: 56ms)[22m
  └─ ƒ createLinkAction({}) in 6ms [2msrc/app/app/links/actions.ts[22m
 POST /api/test/mina/chat/completions [32m200[39m in 3ms[2m (next.js: 1086µs, application-code: 1611µs)[22m
{"level":"warn","message":"Link favicon could not be resolved.","metadata":{"linkId":"cmn1cl1mk000a1oybdvnweqs4","url":"https://example.com/url-needle-1774159206565"},"timestamp":"2026-03-22T06:00:07.385Z"}
 GET /app/links?saved=1 [32m200[39m in 66ms[2m (next.js: 4ms, proxy.ts: 8ms, application-code: 54ms)[22m
 GET /app/tags?tag=ai-owned [32m200[39m in 103ms[2m (next.js: 4ms, proxy.ts: 7ms, application-code: 92ms)[22m
 GET /app/tags [32m200[39m in 75ms[2m (next.js: 749µs, proxy.ts: 3ms, application-code: 71ms)[22m
 GET /app/search?q=Filtered%20note%201774159206565 [32m200[39m in 41ms[2m (next.js: 1226µs, proxy.ts: 4ms, application-code: 36ms)[22m
 GET /app/search?q=url-needle-1774159206565 [32m200[39m in 50ms[2m (next.js: 830µs, proxy.ts: 6ms, application-code: 43ms)[22m
 GET /app/search?q=ai-owned [32m200[39m in 54ms[2m (next.js: 800µs, proxy.ts: 3ms, application-code: 50ms)[22m
 GET /login [32m200[39m in 21ms[2m (next.js: 866µs, application-code: 20ms)[22m
 GET /app [32m200[39m in 34ms[2m (next.js: 1011µs, proxy.ts: 2ms, application-code: 30ms)[22m
 POST /login [34m303[39m in 71ms[2m (next.js: 989µs, application-code: 70ms)[22m
  └─ ƒ loginAction({}) in 30ms [2msrc/app/login/actions.ts[22m
 GET /app/links [32m200[39m in 32ms[2m (next.js: 1102µs, proxy.ts: 4ms, application-code: 26ms)[22m
 GET /app/links?saved=1 [32m200[39m in 51ms[2m (next.js: 788µs, proxy.ts: 2ms, application-code: 48ms)[22m
 POST /app/links [34m303[39m in 65ms[2m (next.js: 856µs, proxy.ts: 3ms, application-code: 61ms)[22m
  └─ ƒ createLinkAction({}) in 6ms [2msrc/app/app/links/actions.ts[22m
{"level":"warn","message":"Link favicon could not be resolved.","metadata":{"linkId":"cmn1cl4qd000e1oybvcrecy22","url":"https://example.com/ai-enriched-link-1774159210875"},"timestamp":"2026-03-22T06:00:11.423Z"}
 GET /app/links?saved=1 [32m200[39m in 69ms[2m (next.js: 4ms, proxy.ts: 9ms, application-code: 57ms)[22m
 GET /app/search?q=ai [32m200[39m in 91ms[2m (next.js: 1912µs, proxy.ts: 5ms, application-code: 84ms)[22m
 GET /app/tags?tag=ai [32m200[39m in 52ms[2m (next.js: 768µs, proxy.ts: 3ms, application-code: 49ms)[22m
 GET /login [32m200[39m in 15ms[2m (next.js: 784µs, application-code: 14ms)[22m
 GET /app [32m200[39m in 33ms[2m (next.js: 846µs, proxy.ts: 2ms, application-code: 30ms)[22m
 POST /login [34m303[39m in 69ms[2m (next.js: 919µs, application-code: 68ms)[22m
  └─ ƒ loginAction({}) in 30ms [2msrc/app/login/actions.ts[22m
 GET /app/links [32m200[39m in 81ms[2m (next.js: 1605µs, proxy.ts: 3ms, application-code: 76ms)[22m
 GET /app/links?saved=1 [32m200[39m in 51ms[2m (next.js: 691µs, proxy.ts: 2ms, application-code: 48ms)[22m
 POST /app/links [34m303[39m in 64ms[2m (next.js: 1569µs, proxy.ts: 3ms, application-code: 59ms)[22m
  └─ ƒ createLinkAction({}) in 5ms [2msrc/app/app/links/actions.ts[22m
 POST /api/test/mina/chat/completions [32m200[39m in 2ms[2m (next.js: 664µs, application-code: 1374µs)[22m
 GET /app/links?saved=1 [32m200[39m in 66ms[2m (next.js: 3ms, proxy.ts: 9ms, application-code: 54ms)[22m
 GET /media/fe05a2b9-60c9-4ea2-bbb7-0f6e7f4a6777 [32m200[39m in 421ms[2m (next.js: 414ms, application-code: 8ms)[22m
 GET /app/links?published=1 [32m200[39m in 60ms[2m (next.js: 1059µs, proxy.ts: 3ms, application-code: 56ms)[22m
 POST /app/links?saved=1 [34m303[39m in 80ms[2m (next.js: 1842µs, proxy.ts: 7ms, application-code: 71ms)[22m
  └─ ƒ publishLinkAction("cmn1cl7ms000h1oybs3vu1z7q") in 7ms [2msrc/app/app/links/actions.ts[22m
 GET /media/fe05a2b9-60c9-4ea2-bbb7-0f6e7f4a6777 [32m200[39m in 28ms[2m (next.js: 1782µs, application-code: 26ms)[22m
 GET / [32m200[39m in 35ms[2m (next.js: 5ms, application-code: 31ms)[22m
 GET /media/fe05a2b9-60c9-4ea2-bbb7-0f6e7f4a6777 [32m200[39m in 11ms[2m (next.js: 2ms, application-code: 9ms)[22m
 GET /app/links [32m200[39m in 81ms[2m (next.js: 792µs, proxy.ts: 2ms, application-code: 78ms)[22m
 GET /media/fe05a2b9-60c9-4ea2-bbb7-0f6e7f4a6777 [32m200[39m in 16ms[2m (next.js: 1522µs, application-code: 14ms)[22m
 GET /app/links?saved=1 [32m200[39m in 46ms[2m (next.js: 705µs, proxy.ts: 2ms, application-code: 44ms)[22m
 POST /app/links [34m303[39m in 61ms[2m (next.js: 815µs, proxy.ts: 3ms, application-code: 57ms)[22m
  └─ ƒ createLinkAction({}) in 7ms [2msrc/app/app/links/actions.ts[22m
{"level":"warn","message":"Link favicon cache failed.","metadata":{"error":"Configured link favicon fetch failure for Playwright.","linkId":"cmn1cla99000i1oyb5xpm77nh","url":"https://example.com/fallback-favicon-1774159214593"},"timestamp":"2026-03-22T06:00:18.528Z"}
 POST /api/test/mina/chat/completions [32m200[39m in 1696µs[2m (next.js: 538µs, application-code: 1158µs)[22m
 GET /media/fe05a2b9-60c9-4ea2-bbb7-0f6e7f4a6777 [32m200[39m in 10ms[2m (next.js: 1180µs, application-code: 9ms)[22m
 GET /app/links?saved=1 [32m200[39m in 77ms[2m (next.js: 3ms, proxy.ts: 8ms, application-code: 65ms)[22m
 GET /app/links?favicon=1 [32m200[39m in 51ms[2m (next.js: 967µs, proxy.ts: 3ms, application-code: 47ms)[22m
 POST /app/links?saved=1 [34m303[39m in 70ms[2m (next.js: 1577µs, proxy.ts: 6ms, application-code: 63ms)[22m
  └─ ƒ refreshLinkFaviconAction("cmn1cla99000i1oyb5xpm77nh") in 8ms [2msrc/app/app/links/actions.ts[22m
 GET /media/fe05a2b9-60c9-4ea2-bbb7-0f6e7f4a6777 [32m200[39m in 13ms[2m (next.js: 3ms, application-code: 10ms)[22m
 GET /media/d07e2b0e-1b19-4633-acbc-30bd92beaa4b [32m200[39m in 14ms[2m (next.js: 5ms, application-code: 9ms)[22m
 GET /media/draft-note-image-1774159221659 [33m404[39m in 4ms[2m (next.js: 721µs, application-code: 4ms)[22m
 GET /login [32m200[39m in 29ms[2m (next.js: 787µs, application-code: 29ms)[22m
 GET /app [32m200[39m in 31ms[2m (next.js: 912µs, proxy.ts: 3ms, application-code: 28ms)[22m
 POST /login [34m303[39m in 66ms[2m (next.js: 895µs, application-code: 65ms)[22m
  └─ ƒ loginAction({}) in 31ms [2msrc/app/login/actions.ts[22m
 GET /media/draft-note-image-1774159221659 [32m200[39m in 10ms[2m (next.js: 1151µs, application-code: 9ms)[22m
 GET /media/draft-note-image-1774159221659 [32m200[39m in 6ms[2m (next.js: 655µs, application-code: 5ms)[22m
 GET /media/published-note-image-1774159222039 [32m200[39m in 10ms[2m (next.js: 7ms, application-code: 4ms)[22m
 GET /media/hidden-note-image-1774159222039 [33m404[39m in 4ms[2m (next.js: 615µs, application-code: 3ms)[22m
 GET /media/published-link-favicon-1774159222039 [32m200[39m in 4ms[2m (next.js: 590µs, application-code: 4ms)[22m
 GET /login [32m200[39m in 16ms[2m (next.js: 741µs, application-code: 15ms)[22m
 GET /app [32m200[39m in 28ms[2m (next.js: 981µs, proxy.ts: 3ms, application-code: 25ms)[22m
 POST /login [34m303[39m in 62ms[2m (next.js: 945µs, application-code: 61ms)[22m
  └─ ƒ loginAction({}) in 30ms [2msrc/app/login/actions.ts[22m
 GET /media/published-note-image-1774159222039 [32m200[39m in 8ms[2m (next.js: 772µs, application-code: 7ms)[22m
 GET /app/notes/new [32m200[39m in 20ms[2m (next.js: 3ms, proxy.ts: 4ms, application-code: 14ms)[22m
 GET /app/notes/cmn1cldf7000j1oybipl1y07n/edit?saved=1 [32m200[39m in 38ms[2m (next.js: 2ms, proxy.ts: 2ms, application-code: 33ms)[22m
 POST /app/notes/new [34m303[39m in 53ms[2m (next.js: 1554µs, proxy.ts: 4ms, application-code: 48ms)[22m
  └─ ƒ createNoteAction({}) in 6ms [2msrc/app/app/notes/actions.ts[22m
 GET /app/notes/cmn1cldf7000j1oybipl1y07n/edit?saved=1 [32m200[39m in 54ms[2m (next.js: 5ms, proxy.ts: 8ms, application-code: 41ms)[22m
 GET /app [32m200[39m in 61ms[2m (next.js: 2ms, proxy.ts: 6ms, application-code: 52ms)[22m
 GET /media/published-note-image-1774159222039 [32m200[39m in 12ms[2m (next.js: 3ms, application-code: 9ms)[22m
 GET /login [32m200[39m in 24ms[2m (next.js: 796µs, application-code: 23ms)[22m
 GET /app [32m200[39m in 36ms[2m (next.js: 1241µs, proxy.ts: 2ms, application-code: 32ms)[22m
 POST /login [34m303[39m in 71ms[2m (next.js: 874µs, application-code: 71ms)[22m
  └─ ƒ loginAction({}) in 30ms [2msrc/app/login/actions.ts[22m
 GET /app/notes/new [32m200[39m in 40ms[2m (next.js: 869µs, proxy.ts: 5ms, application-code: 35ms)[22m
 POST /api/notes/images [32m201[39m in 10ms[2m (next.js: 989µs, application-code: 9ms)[22m
 GET /media/86752bad-f76c-4607-8ce7-0972c04329fa [32m200[39m in 13ms[2m (next.js: 4ms, application-code: 8ms)[22m
 GET /app/notes/cmn1clg9q000m1oybi7fauwli/edit?saved=1 [32m200[39m in 31ms[2m (next.js: 1998µs, proxy.ts: 1981µs, application-code: 27ms)[22m
 POST /app/notes/new [34m303[39m in 48ms[2m (next.js: 3ms, proxy.ts: 3ms, application-code: 42ms)[22m
  └─ ƒ createNoteAction({}) in 8ms [2msrc/app/app/notes/actions.ts[22m
 GET /media/86752bad-f76c-4607-8ce7-0972c04329fa [32m200[39m in 11ms[2m (next.js: 1208µs, application-code: 10ms)[22m
 GET / [32m200[39m in 19ms[2m (next.js: 1734µs, application-code: 17ms)[22m
 GET /notes/owner-continuity-public-note [32m200[39m in 47ms[2m (next.js: 3ms, application-code: 43ms)[22m
 GET /login [32m200[39m in 16ms[2m (next.js: 757µs, application-code: 15ms)[22m
 GET /app [32m200[39m in 30ms[2m (next.js: 1200µs, proxy.ts: 2ms, application-code: 26ms)[22m
 POST /login [34m303[39m in 64ms[2m (next.js: 935µs, application-code: 63ms)[22m
  └─ ƒ loginAction({}) in 31ms [2msrc/app/login/actions.ts[22m
 GET / [32m200[39m in 10ms[2m (next.js: 1119µs, application-code: 9ms)[22m
 GET /notes/owner-continuity-public-note [32m200[39m in 14ms[2m (next.js: 2ms, application-code: 11ms)[22m
 GET /app [32m200[39m in 25ms[2m (next.js: 969µs, proxy.ts: 3ms, application-code: 21ms)[22m
 GET / [32m200[39m in 25ms[2m (next.js: 753µs, application-code: 24ms)[22m
 GET /login [32m200[39m in 17ms[2m (next.js: 768µs, application-code: 16ms)[22m
 GET /login [32m200[39m in 15ms[2m (next.js: 725µs, application-code: 14ms)[22m
 GET /login [32m200[39m in 16ms[2m (next.js: 772µs, application-code: 15ms)[22m
 GET /app [32m200[39m in 29ms[2m (next.js: 1005µs, proxy.ts: 2ms, application-code: 25ms)[22m
 POST /login [34m303[39m in 63ms[2m (next.js: 868µs, application-code: 62ms)[22m
  └─ ƒ loginAction({}) in 30ms [2msrc/app/login/actions.ts[22m
 GET /app/notes/cmn1clho2000e1qybogv0xqq3/edit [32m200[39m in 55ms[2m (next.js: 2ms, proxy.ts: 2ms, application-code: 51ms)[22m
 GET /login [32m200[39m in 15ms[2m (next.js: 730µs, application-code: 14ms)[22m
 GET /app [32m200[39m in 29ms[2m (next.js: 1020µs, proxy.ts: 2ms, application-code: 26ms)[22m
 POST /login [34m303[39m in 64ms[2m (next.js: 912µs, application-code: 63ms)[22m
  └─ ƒ loginAction({}) in 30ms [2msrc/app/login/actions.ts[22m
 GET /app/notes/cmn1cli5o000f1qybihe04min/edit [32m200[39m in 56ms[2m (next.js: 2ms, proxy.ts: 3ms, application-code: 51ms)[22m
 GET / [32m200[39m in 20ms[2m (next.js: 768µs, application-code: 19ms)[22m
 GET / [32m200[39m in 19ms[2m (next.js: 762µs, application-code: 18ms)[22m
 GET / [32m200[39m in 19ms[2m (next.js: 976µs, application-code: 18ms)[22m
 GET / [32m200[39m in 18ms[2m (next.js: 762µs, application-code: 17ms)[22m
 GET /login [32m200[39m in 16ms[2m (next.js: 785µs, application-code: 15ms)[22m
 GET /login [32m200[39m in 16ms[2m (next.js: 814µs, application-code: 15ms)[22m
 GET /app [32m200[39m in 29ms[2m (next.js: 825µs, proxy.ts: 2ms, application-code: 26ms)[22m
 POST /login [34m303[39m in 64ms[2m (next.js: 924µs, application-code: 63ms)[22m
  └─ ƒ loginAction({}) in 31ms [2msrc/app/login/actions.ts[22m
 GET / [32m200[39m in 18ms[2m (next.js: 781µs, application-code: 17ms)[22m
 GET /login [32m200[39m in 17ms[2m (next.js: 762µs, application-code: 16ms)[22m
 GET /app [32m200[39m in 35ms[2m (next.js: 924µs, proxy.ts: 2ms, application-code: 32ms)[22m
 POST /login [34m303[39m in 69ms[2m (next.js: 1120µs, application-code: 68ms)[22m
  └─ ƒ loginAction({}) in 30ms [2msrc/app/login/actions.ts[22m
 GET /app/search [32m200[39m in 38ms[2m (next.js: 2ms, proxy.ts: 2ms, application-code: 33ms)[22m
 GET /app/links [32m200[39m in 49ms[2m (next.js: 880µs, proxy.ts: 3ms, application-code: 45ms)[22m
 GET /app [32m200[39m in 43ms[2m (next.js: 784µs, proxy.ts: 3ms, application-code: 40ms)[22m
 GET /app/notes/cmn1cljwx00121qybut3np9h6/edit [32m200[39m in 21ms[2m (next.js: 3ms, proxy.ts: 3ms, application-code: 16ms)[22m
 GET /login [32m200[39m in 18ms[2m (next.js: 763µs, application-code: 17ms)[22m
 GET /app [32m200[39m in 30ms[2m (next.js: 795µs, proxy.ts: 2ms, application-code: 27ms)[22m
 POST /login [34m303[39m in 63ms[2m (next.js: 1084µs, application-code: 62ms)[22m
  └─ ƒ loginAction({}) in 29ms [2msrc/app/login/actions.ts[22m
 GET /app/notes/new [32m200[39m in 41ms[2m (next.js: 812µs, proxy.ts: 2ms, application-code: 38ms)[22m
 GET /app/notes/cmn1clkzz000n1oyb2m7zaa0a/edit?saved=1 [32m200[39m in 33ms[2m (next.js: 2ms, proxy.ts: 2ms, application-code: 28ms)[22m
 POST /app/notes/new [34m303[39m in 46ms[2m (next.js: 825µs, proxy.ts: 3ms, application-code: 42ms)[22m
  └─ ƒ createNoteAction({}) in 6ms [2msrc/app/app/notes/actions.ts[22m
 GET /login [32m200[39m in 18ms[2m (next.js: 766µs, application-code: 17ms)[22m
 GET /app [32m200[39m in 33ms[2m (next.js: 1181µs, proxy.ts: 2ms, application-code: 30ms)[22m
 POST /login [34m303[39m in 69ms[2m (next.js: 908µs, application-code: 68ms)[22m
  └─ ƒ loginAction({}) in 30ms [2msrc/app/login/actions.ts[22m
 GET /app/notes/cmn1cll2v00151qyb6uty83q7/edit [32m200[39m in 53ms[2m (next.js: 2ms, proxy.ts: 3ms, application-code: 48ms)[22m
 GET /login [32m200[39m in 20ms[2m (next.js: 882µs, application-code: 19ms)[22m
 GET /app [32m200[39m in 29ms[2m (next.js: 1009µs, proxy.ts: 2ms, application-code: 26ms)[22m
 POST /login [34m303[39m in 64ms[2m (next.js: 887µs, application-code: 63ms)[22m
  └─ ƒ loginAction({}) in 31ms [2msrc/app/login/actions.ts[22m
 GET /app/notes/new [32m200[39m in 43ms[2m (next.js: 1096µs, proxy.ts: 3ms, application-code: 39ms)[22m
 GET /media/3b92f5a1-6c7b-417c-b948-3dfdce5a8efe-with-extra-wrap-length-for-the-gutter [33m404[39m in 9ms[2m (next.js: 3ms, application-code: 5ms)[22m
 GET /login [32m200[39m in 17ms[2m (next.js: 928µs, application-code: 16ms)[22m
 GET /app [32m200[39m in 30ms[2m (next.js: 1006µs, proxy.ts: 2ms, application-code: 26ms)[22m
 POST /login [34m303[39m in 63ms[2m (next.js: 938µs, application-code: 62ms)[22m
  └─ ƒ loginAction({}) in 30ms [2msrc/app/login/actions.ts[22m
 GET /app/notes/cmn1cllwl00171qybupjg9jv3/edit [32m200[39m in 59ms[2m (next.js: 2ms, proxy.ts: 3ms, application-code: 54ms)[22m
 GET /login [32m200[39m in 15ms[2m (next.js: 965µs, application-code: 14ms)[22m
 GET /app [32m200[39m in 29ms[2m (next.js: 796µs, proxy.ts: 2ms, application-code: 26ms)[22m
 POST /login [34m303[39m in 63ms[2m (next.js: 876µs, application-code: 62ms)[22m
  └─ ƒ loginAction({}) in 30ms [2msrc/app/login/actions.ts[22m
 GET /app/notes/cmn1clmca00181qybeb3nbtvk/edit [32m200[39m in 59ms[2m (next.js: 2ms, proxy.ts: 3ms, application-code: 54ms)[22m
 GET /app/notes/cmn1clmca00181qybeb3nbtvk/edit?saved=1 [32m200[39m in 35ms[2m (next.js: 1316µs, proxy.ts: 2ms, application-code: 31ms)[22m
 POST /app/notes/cmn1clmca00181qybeb3nbtvk/edit [34m303[39m in 51ms[2m (next.js: 2ms, proxy.ts: 3ms, application-code: 46ms)[22m
  └─ ƒ updateNoteAction("cmn1clmca00181qybeb3nbtvk", {}) in 6ms [2msrc/app/app/notes/actions.ts[22m
 GET /login [32m200[39m in 21ms[2m (next.js: 835µs, application-code: 20ms)[22m
 GET /app [32m200[39m in 29ms[2m (next.js: 873µs, proxy.ts: 3ms, application-code: 26ms)[22m
 POST /login [34m303[39m in 64ms[2m (next.js: 866µs, application-code: 63ms)[22m
  └─ ƒ loginAction({}) in 31ms [2msrc/app/login/actions.ts[22m
 GET /app/notes/cmn1cln7200191qybak9l5hi2/edit [32m200[39m in 55ms[2m (next.js: 2ms, proxy.ts: 2ms, application-code: 51ms)[22m
 GET /login [32m200[39m in 16ms[2m (next.js: 789µs, application-code: 15ms)[22m
 GET /app [32m200[39m in 29ms[2m (next.js: 832µs, proxy.ts: 2ms, application-code: 26ms)[22m
 POST /login [34m303[39m in 62ms[2m (next.js: 874µs, application-code: 62ms)[22m
  └─ ƒ loginAction({}) in 29ms [2msrc/app/login/actions.ts[22m
 GET /app/notes/cmn1clnop001a1qybcn391ds2/edit [32m200[39m in 56ms[2m (next.js: 2ms, proxy.ts: 3ms, application-code: 52ms)[22m
 GET /app/notes/cmn1clnop001a1qybcn391ds2/edit?saved=1 [32m200[39m in 38ms[2m (next.js: 1691µs, proxy.ts: 3ms, application-code: 33ms)[22m
 POST /app/notes/cmn1clnop001a1qybcn391ds2/edit [34m303[39m in 54ms[2m (next.js: 4ms, proxy.ts: 4ms, application-code: 47ms)[22m
  └─ ƒ updateNoteAction("cmn1clnop001a1qybcn391ds2", {}) in 6ms [2msrc/app/app/notes/actions.ts[22m
 GET /app/notes/cmn1clnop001a1qybcn391ds2/edit?saved=1 [32m200[39m in 51ms[2m (next.js: 1506µs, proxy.ts: 3ms, application-code: 46ms)[22m
 GET /login [32m200[39m in 17ms[2m (next.js: 829µs, application-code: 16ms)[22m
 GET /app [32m200[39m in 29ms[2m (next.js: 825µs, proxy.ts: 2ms, application-code: 26ms)[22m
 POST /login [34m303[39m in 63ms[2m (next.js: 837µs, application-code: 62ms)[22m
  └─ ƒ loginAction({}) in 30ms [2msrc/app/login/actions.ts[22m
 GET /app/notes/cmn1cloiy001b1qyb7f53llv6/edit [32m200[39m in 52ms[2m (next.js: 2ms, proxy.ts: 3ms, application-code: 47ms)[22m
 GET /login [32m200[39m in 17ms[2m (next.js: 836µs, application-code: 16ms)[22m
 GET /app [32m200[39m in 33ms[2m (next.js: 873µs, proxy.ts: 2ms, application-code: 30ms)[22m
 POST /login [34m303[39m in 68ms[2m (next.js: 887µs, application-code: 67ms)[22m
  └─ ƒ loginAction({}) in 30ms [2msrc/app/login/actions.ts[22m
 GET /app/notes/cmn1clp0f001c1qybi9vxw54j/edit [32m200[39m in 50ms[2m (next.js: 2ms, proxy.ts: 3ms, application-code: 45ms)[22m
 GET /app/notes/cmn1clp0f001c1qybi9vxw54j/edit?saved=1 [32m200[39m in 35ms[2m (next.js: 1235µs, proxy.ts: 2ms, application-code: 31ms)[22m
 POST /app/notes/cmn1clp0f001c1qybi9vxw54j/edit [34m303[39m in 51ms[2m (next.js: 2ms, proxy.ts: 3ms, application-code: 45ms)[22m
  └─ ƒ updateNoteAction("cmn1clp0f001c1qybi9vxw54j", {}) in 6ms [2msrc/app/app/notes/actions.ts[22m
 GET /login [32m200[39m in 23ms[2m (next.js: 990µs, application-code: 22ms)[22m
 GET /app [32m200[39m in 29ms[2m (next.js: 1003µs, proxy.ts: 2ms, application-code: 26ms)[22m
 POST /login [34m303[39m in 63ms[2m (next.js: 898µs, application-code: 62ms)[22m
  └─ ƒ loginAction({}) in 30ms [2msrc/app/login/actions.ts[22m
 GET /app/notes/new [32m200[39m in 37ms[2m (next.js: 926µs, proxy.ts: 2ms, application-code: 33ms)[22m
 GET /login [32m200[39m in 16ms[2m (next.js: 777µs, application-code: 15ms)[22m
 GET /app [32m200[39m in 35ms[2m (next.js: 1013µs, proxy.ts: 2ms, application-code: 31ms)[22m
 POST /login [34m303[39m in 69ms[2m (next.js: 943µs, application-code: 68ms)[22m
  └─ ƒ loginAction({}) in 30ms [2msrc/app/login/actions.ts[22m
 GET /app/notes/cmn1clqee001e1qybt1vvrg13/edit [32m200[39m in 53ms[2m (next.js: 2ms, proxy.ts: 3ms, application-code: 48ms)[22m
 GET /login [32m200[39m in 16ms[2m (next.js: 793µs, application-code: 15ms)[22m
 GET /app [32m200[39m in 34ms[2m (next.js: 934µs, proxy.ts: 2ms, application-code: 31ms)[22m
 POST /login [34m303[39m in 68ms[2m (next.js: 923µs, application-code: 67ms)[22m
  └─ ƒ loginAction({}) in 30ms [2msrc/app/login/actions.ts[22m
 GET /app/notes/cmn1clqv9001f1qybke4gjm55/edit [32m200[39m in 51ms[2m (next.js: 2ms, proxy.ts: 2ms, application-code: 47ms)[22m
 GET /media/ui-note-images-draft-1774159240581 [33m404[39m in 6ms[2m (next.js: 1698µs, application-code: 4ms)[22m
 GET /login [32m200[39m in 19ms[2m (next.js: 773µs, application-code: 18ms)[22m
 GET /app [32m200[39m in 30ms[2m (next.js: 952µs, proxy.ts: 3ms, application-code: 27ms)[22m
 POST /login [34m303[39m in 66ms[2m (next.js: 979µs, application-code: 65ms)[22m
  └─ ƒ loginAction({}) in 31ms [2msrc/app/login/actions.ts[22m
 GET /media/ui-note-images-published-first-1774159240581 [32m200[39m in 14ms[2m (next.js: 987µs, application-code: 13ms)[22m
 GET /media/ui-note-images-draft-1774159240581 [32m200[39m in 15ms[2m (next.js: 2ms, application-code: 13ms)[22m
 GET / [32m200[39m in 22ms[2m (next.js: 771µs, application-code: 21ms)[22m
 GET /media/ui-note-images-published-first-1774159240581 [32m200[39m in 8ms[2m (next.js: 1339µs, application-code: 7ms)[22m
 GET /notes/published-note-image-card [32m200[39m in 39ms[2m (next.js: 3ms, application-code: 36ms)[22m
 GET /media/ui-note-images-published-first-1774159240581 [32m200[39m in 15ms[2m (next.js: 3ms, application-code: 12ms)[22m
 GET /media/ui-note-images-published-second-1774159240581 [32m200[39m in 15ms[2m (next.js: 5ms, application-code: 10ms)[22m
 GET /login [32m200[39m in 18ms[2m (next.js: 762µs, application-code: 18ms)[22m
 GET /app [32m200[39m in 37ms[2m (next.js: 964µs, proxy.ts: 3ms, application-code: 33ms)[22m
 POST /login [34m303[39m in 73ms[2m (next.js: 896µs, application-code: 72ms)[22m
  └─ ƒ loginAction({}) in 31ms [2msrc/app/login/actions.ts[22m
 GET /login [32m200[39m in 17ms[2m (next.js: 751µs, application-code: 16ms)[22m
 GET /app [32m200[39m in 33ms[2m (next.js: 1173µs, proxy.ts: 2ms, application-code: 29ms)[22m
 POST /login [34m303[39m in 69ms[2m (next.js: 943µs, application-code: 68ms)[22m
  └─ ƒ loginAction({}) in 31ms [2msrc/app/login/actions.ts[22m
 GET /login [32m200[39m in 17ms[2m (next.js: 755µs, application-code: 16ms)[22m
 GET /app [32m200[39m in 38ms[2m (next.js: 872µs, proxy.ts: 2ms, application-code: 35ms)[22m
 POST /login [34m303[39m in 73ms[2m (next.js: 900µs, application-code: 72ms)[22m
  └─ ƒ loginAction({}) in 30ms [2msrc/app/login/actions.ts[22m
 GET /login [32m200[39m in 17ms[2m (next.js: 749µs, application-code: 16ms)[22m
 GET /app [32m200[39m in 31ms[2m (next.js: 1089µs, proxy.ts: 2ms, application-code: 27ms)[22m
 POST /login [34m303[39m in 65ms[2m (next.js: 875µs, application-code: 64ms)[22m
  └─ ƒ loginAction({}) in 30ms [2msrc/app/login/actions.ts[22m
 GET /app/links [32m200[39m in 64ms[2m (next.js: 1606µs, proxy.ts: 3ms, application-code: 60ms)[22m
 GET /login [32m200[39m in 16ms[2m (next.js: 773µs, application-code: 15ms)[22m
 GET /app [32m200[39m in 30ms[2m (next.js: 963µs, proxy.ts: 3ms, application-code: 27ms)[22m
 POST /login [34m303[39m in 65ms[2m (next.js: 860µs, application-code: 64ms)[22m
  └─ ƒ loginAction({}) in 31ms [2msrc/app/login/actions.ts[22m
 GET /app/links [32m200[39m in 63ms[2m (next.js: 943µs, proxy.ts: 3ms, application-code: 59ms)[22m
 GET /login [32m200[39m in 18ms[2m (next.js: 867µs, application-code: 18ms)[22m
 GET /app [32m200[39m in 31ms[2m (next.js: 1052µs, proxy.ts: 3ms, application-code: 27ms)[22m
 POST /login [34m303[39m in 66ms[2m (next.js: 926µs, application-code: 65ms)[22m
  └─ ƒ loginAction({}) in 31ms [2msrc/app/login/actions.ts[22m
 GET /app/tags?tag=studio-systems [32m200[39m in 57ms[2m (next.js: 2ms, proxy.ts: 3ms, application-code: 52ms)[22m
 GET /login [32m200[39m in 17ms[2m (next.js: 805µs, application-code: 16ms)[22m
 GET /app [32m200[39m in 31ms[2m (next.js: 1038µs, proxy.ts: 2ms, application-code: 28ms)[22m
 POST /login [34m303[39m in 65ms[2m (next.js: 872µs, application-code: 64ms)[22m
  └─ ƒ loginAction({}) in 30ms [2msrc/app/login/actions.ts[22m
 GET /app/tags?tag=studio-systems [32m200[39m in 49ms[2m (next.js: 860µs, proxy.ts: 3ms, application-code: 46ms)[22m
 GET /login [32m200[39m in 21ms[2m (next.js: 928µs, application-code: 20ms)[22m
 GET /app [32m200[39m in 31ms[2m (next.js: 985µs, proxy.ts: 2ms, application-code: 28ms)[22m
 POST /login [34m303[39m in 66ms[2m (next.js: 911µs, application-code: 65ms)[22m
  └─ ƒ loginAction({}) in 31ms [2msrc/app/login/actions.ts[22m
 GET /app/search?q=rhythm [32m200[39m in 50ms[2m (next.js: 1301µs, proxy.ts: 3ms, application-code: 46ms)[22m
 GET /login [32m200[39m in 17ms[2m (next.js: 834µs, application-code: 16ms)[22m
 GET /app [32m200[39m in 29ms[2m (next.js: 827µs, proxy.ts: 2ms, application-code: 26ms)[22m
 POST /login [34m303[39m in 68ms[2m (next.js: 943µs, application-code: 67ms)[22m
  └─ ƒ loginAction({}) in 35ms [2msrc/app/login/actions.ts[22m
 GET /app/search?q=rhythm [32m200[39m in 49ms[2m (next.js: 820µs, proxy.ts: 3ms, application-code: 46ms)[22m
 GET / [32m200[39m in 19ms[2m (next.js: 791µs, application-code: 18ms)[22m
 GET / [32m200[39m in 24ms[2m (next.js: 762µs, application-code: 24ms)[22m
 GET /notes/public-notes-should-read-like-finished-pages-not-dashboards [32m200[39m in 30ms[2m (next.js: 1802µs, application-code: 28ms)[22m
 GET /notes/public-notes-should-read-like-finished-pages-not-dashboards [32m200[39m in 22ms[2m (next.js: 1590µs, application-code: 20ms)[22m
 GET / [32m200[39m in 19ms[2m (next.js: 980µs, application-code: 18ms)[22m
 GET / [32m200[39m in 19ms[2m (next.js: 791µs, application-code: 19ms)[22m
 GET / [32m200[39m in 19ms[2m (next.js: 772µs, application-code: 19ms)[22m
 GET /notes/tag-chips-should-fit-a-calmer-public-hierarchy [32m200[39m in 25ms[2m (next.js: 1658µs, application-code: 23ms)[22m
 GET / [32m200[39m in 20ms[2m (next.js: 1047µs, application-code: 19ms)[22m
 GET /login [32m200[39m in 17ms[2m (next.js: 814µs, application-code: 17ms)[22m
 GET /login [32m200[39m in 17ms[2m (next.js: 776µs, application-code: 16ms)[22m
 GET /app [32m200[39m in 42ms[2m (next.js: 897µs, proxy.ts: 8ms, application-code: 33ms)[22m
 POST /login [34m303[39m in 78ms[2m (next.js: 1090µs, application-code: 77ms)[22m
  └─ ƒ loginAction({}) in 31ms [2msrc/app/login/actions.ts[22m
 GET /login [32m200[39m in 17ms[2m (next.js: 795µs, application-code: 16ms)[22m
 GET /app [32m200[39m in 30ms[2m (next.js: 673µs, proxy.ts: 3ms, application-code: 27ms)[22m
 POST /login [34m303[39m in 64ms[2m (next.js: 1042µs, application-code: 63ms)[22m
  └─ ƒ loginAction({}) in 30ms [2msrc/app/login/actions.ts[22m
