
> minakeep@0.1.0 dev
> next dev --hostname 127.0.0.1 --port 3100

[1m[38;2;173;127;168m▲ Next.js 16.2.0[39m[22m (Turbopack)
- Local:         http://127.0.0.1:3100
- Network:       http://127.0.0.1:3100
- Environments: .env
[32m[1m✓[22m[39m Ready in 194ms

 GET /api/health [32m200[39m in 80ms[2m (next.js: 71ms, application-code: 10ms)[22m
 GET / [32m200[39m in 243ms[2m (next.js: 26ms, application-code: 217ms)[22m
 GET /login [32m200[39m in 248ms[2m (next.js: 151ms, application-code: 98ms)[22m
 GET /login?callbackUrl=http%3A%2F%2Flocalhost%3A3100%2Fapp%2Fsearch [32m200[39m in 77ms[2m (next.js: 1941µs, application-code: 75ms)[22m
 GET /app [32m200[39m in 117ms[2m (next.js: 23ms, proxy.ts: 12ms, application-code: 82ms)[22m
 POST /login [34m303[39m in 174ms[2m (next.js: 1107µs, application-code: 173ms)[22m
  └─ ƒ loginAction({}) in 45ms [2msrc/app/login/actions.ts[22m
 GET /login?callbackUrl=http%3A%2F%2Flocalhost%3A3100%2Fapp%2Fnotes%2Fnew [32m200[39m in 16ms[2m (next.js: 1101µs, application-code: 14ms)[22m
 GET /app [32m200[39m in 39ms[2m (next.js: 1030µs, proxy.ts: 3ms, application-code: 36ms)[22m
 POST /login?callbackUrl=http%3A%2F%2Flocalhost%3A3100%2Fapp%2Fnotes%2Fnew [34m303[39m in 74ms[2m (next.js: 1269µs, application-code: 73ms)[22m
  └─ ƒ loginAction({}) in 29ms [2msrc/app/login/actions.ts[22m
 GET /app/notes/new [32m200[39m in 41ms[2m (next.js: 24ms, proxy.ts: 3ms, application-code: 14ms)[22m
 GET /app/notes/cmmz6zu7l0000iryb6a92u7d7/edit?saved=1 [32m200[39m in 220ms[2m (next.js: 197ms, proxy.ts: 3ms, application-code: 21ms)[22m
 POST /app/notes/new [34m303[39m in 249ms[2m (next.js: 2ms, proxy.ts: 4ms, application-code: 243ms)[22m
  └─ ƒ createNoteAction({}) in 18ms [2msrc/app/app/notes/actions.ts[22m
 POST /app/notes/cmmz6zu7l0000iryb6a92u7d7/edit?saved=1 [34m303[39m in 105ms[2m (next.js: 4ms, proxy.ts: 6ms, application-code: 95ms)[22m
  └─ ƒ updateNoteAction("cmmz6zu7l0000iryb6a92u7d7", {}) in 28ms [2msrc/app/app/notes/actions.ts[22m
 GET /app/notes/cmmz6zu7l0000iryb6a92u7d7/edit?saved=1 [32m200[39m in 107ms[2m (next.js: 9ms, proxy.ts: 72ms, application-code: 26ms)[22m
 GET /app [32m200[39m in 147ms[2m (next.js: 1255µs, proxy.ts: 10ms, application-code: 136ms)[22m
 GET /app/notes/cmmz6zu7l0000iryb6a92u7d7/edit [32m200[39m in 20ms[2m (next.js: 2ms, proxy.ts: 4ms, application-code: 14ms)[22m
 GET /login [32m200[39m in 14ms[2m (next.js: 862µs, application-code: 13ms)[22m
 GET /app [32m200[39m in 32ms[2m (next.js: 906µs, proxy.ts: 2ms, application-code: 28ms)[22m
 POST /login [34m303[39m in 65ms[2m (next.js: 1017µs, application-code: 64ms)[22m
  └─ ƒ loginAction({}) in 29ms [2msrc/app/login/actions.ts[22m
 GET /app/notes/new [32m200[39m in 20ms[2m (next.js: 964µs, proxy.ts: 3ms, application-code: 16ms)[22m
 GET /app/notes/cmmz6zv370001irybcxwd6x4s/edit?saved=1 [32m200[39m in 21ms[2m (next.js: 2ms, proxy.ts: 2ms, application-code: 16ms)[22m
 POST /app/notes/new [34m303[39m in 36ms[2m (next.js: 1036µs, proxy.ts: 3ms, application-code: 32ms)[22m
  └─ ƒ createNoteAction({}) in 6ms [2msrc/app/app/notes/actions.ts[22m
 GET /app/notes/cmmz6zv370001irybcxwd6x4s/edit?published=1 [32m200[39m in 26ms[2m (next.js: 1553µs, proxy.ts: 3ms, application-code: 21ms)[22m
 POST /app/notes/cmmz6zv370001irybcxwd6x4s/edit?saved=1 [34m303[39m in 41ms[2m (next.js: 3ms, proxy.ts: 4ms, application-code: 35ms)[22m
  └─ ƒ publishNoteAction("cmmz6zv370001irybcxwd6x4s") in 6ms [2msrc/app/app/notes/actions.ts[22m
 GET / [32m200[39m in 36ms[2m (next.js: 3ms, application-code: 33ms)[22m
 GET /notes/public-note-1774028888177 [32m200[39m in 219ms[2m (next.js: 204ms, application-code: 15ms)[22m
 GET /app [32m200[39m in 73ms[2m (next.js: 1388µs, proxy.ts: 4ms, application-code: 67ms)[22m
 GET /app/notes/cmmz6zv370001irybcxwd6x4s/edit [32m200[39m in 21ms[2m (next.js: 3ms, proxy.ts: 3ms, application-code: 15ms)[22m
 GET /app/notes/cmmz6zv370001irybcxwd6x4s/edit?unpublished=1 [32m200[39m in 21ms[2m (next.js: 1421µs, proxy.ts: 3ms, application-code: 17ms)[22m
 POST /app/notes/cmmz6zv370001irybcxwd6x4s/edit [34m303[39m in 35ms[2m (next.js: 1762µs, proxy.ts: 3ms, application-code: 31ms)[22m
  └─ ƒ unpublishNoteAction("cmmz6zv370001irybcxwd6x4s") in 6ms [2msrc/app/app/notes/actions.ts[22m
 GET / [32m200[39m in 54ms[2m (next.js: 850µs, application-code: 53ms)[22m
 GET /notes/public-note-1774028888177 [33m404[39m in 55ms[2m (next.js: 9ms, application-code: 46ms)[22m
 GET /login [32m200[39m in 19ms[2m (next.js: 834µs, application-code: 18ms)[22m
 GET /app [32m200[39m in 35ms[2m (next.js: 949µs, proxy.ts: 2ms, application-code: 32ms)[22m
 POST /login [34m303[39m in 79ms[2m (next.js: 1081µs, application-code: 78ms)[22m
  └─ ƒ loginAction({}) in 38ms [2msrc/app/login/actions.ts[22m
 GET /app/links [32m200[39m in 257ms[2m (next.js: 229ms, proxy.ts: 3ms, application-code: 26ms)[22m
 GET /app/links?saved=1 [32m200[39m in 43ms[2m (next.js: 841µs, proxy.ts: 2ms, application-code: 40ms)[22m
 POST /app/links [34m303[39m in 61ms[2m (next.js: 1061µs, proxy.ts: 3ms, application-code: 57ms)[22m
  └─ ƒ createLinkAction({}) in 9ms [2msrc/app/app/links/actions.ts[22m
 GET / [32m200[39m in 14ms[2m (next.js: 857µs, application-code: 13ms)[22m
 GET /login [32m200[39m in 16ms[2m (next.js: 807µs, application-code: 15ms)[22m
 GET /app [32m200[39m in 33ms[2m (next.js: 852µs, proxy.ts: 3ms, application-code: 30ms)[22m
 POST /login [34m303[39m in 66ms[2m (next.js: 938µs, application-code: 65ms)[22m
  └─ ƒ loginAction({}) in 29ms [2msrc/app/login/actions.ts[22m
 GET /app/links [32m200[39m in 28ms[2m (next.js: 920µs, proxy.ts: 3ms, application-code: 24ms)[22m
 GET /app/links?error=invalid-url [32m200[39m in 30ms[2m (next.js: 856µs, proxy.ts: 2ms, application-code: 27ms)[22m
 POST /app/links [34m303[39m in 47ms[2m (next.js: 1537µs, proxy.ts: 3ms, application-code: 42ms)[22m
  └─ ƒ createLinkAction({}) in 8ms [2msrc/app/app/links/actions.ts[22m
 GET /login [32m200[39m in 15ms[2m (next.js: 877µs, application-code: 14ms)[22m
 GET /app [32m200[39m in 33ms[2m (next.js: 893µs, proxy.ts: 3ms, application-code: 30ms)[22m
 POST /login [34m303[39m in 66ms[2m (next.js: 901µs, application-code: 65ms)[22m
  └─ ƒ loginAction({}) in 29ms [2msrc/app/login/actions.ts[22m
 GET /app/notes/new [32m200[39m in 15ms[2m (next.js: 944µs, proxy.ts: 3ms, application-code: 11ms)[22m
 GET /app/notes/cmmz6zxkx0003irybnswey3re/edit?saved=1 [32m200[39m in 21ms[2m (next.js: 2ms, proxy.ts: 2ms, application-code: 17ms)[22m
 POST /app/notes/new [34m303[39m in 42ms[2m (next.js: 1063µs, proxy.ts: 3ms, application-code: 38ms)[22m
  └─ ƒ createNoteAction({}) in 13ms [2msrc/app/app/notes/actions.ts[22m
 GET /app/links [32m200[39m in 65ms[2m (next.js: 993µs, proxy.ts: 3ms, application-code: 61ms)[22m
 GET /app/links?saved=1 [32m200[39m in 35ms[2m (next.js: 886µs, proxy.ts: 3ms, application-code: 31ms)[22m
 POST /app/links [34m303[39m in 49ms[2m (next.js: 909µs, proxy.ts: 3ms, application-code: 45ms)[22m
  └─ ƒ createLinkAction({}) in 6ms [2msrc/app/app/links/actions.ts[22m
 GET /app/tags?tag=note-only-1774028891395 [32m200[39m in 213ms[2m (next.js: 151ms, proxy.ts: 3ms, application-code: 59ms)[22m
 GET /app/tags?tag=link-only-1774028891395 [32m200[39m in 48ms[2m (next.js: 805µs, proxy.ts: 3ms, application-code: 45ms)[22m
 GET /app/tags?tag=shared-1774028891395 [32m200[39m in 43ms[2m (next.js: 818µs, proxy.ts: 3ms, application-code: 39ms)[22m
 GET /app/search?q=Filtered%20note%201774028891395 [32m200[39m in 181ms[2m (next.js: 133ms, proxy.ts: 2ms, application-code: 46ms)[22m
 GET /app/search?q=url-needle-1774028891395 [32m200[39m in 30ms[2m (next.js: 816µs, proxy.ts: 3ms, application-code: 27ms)[22m
 GET /app/search?q=search-tag-1774028891395 [32m200[39m in 26ms[2m (next.js: 766µs, proxy.ts: 3ms, application-code: 22ms)[22m
