[main 5a9624c] ralph: 054-docker-packaging-and-compose 2026-03-21T23:36:23+09:00
 46 files changed, 2163 insertions(+), 72 deletions(-)
 create mode 100644 .dockerignore
 create mode 100644 .env.compose.example
 create mode 100644 Dockerfile
 create mode 100644 docker-compose.yml
 rename docs/exec-plans/{active => completed}/053-link-favicon-cache-and-render.md (93%)
 create mode 100644 scripts/container-start.mjs
 create mode 100644 state/artifacts/20260321T221705-053-link-favicon-cache-and-render/backlog.log
 create mode 100644 state/artifacts/20260321T221705-053-link-favicon-cache-and-render/promote.log
 create mode 100644 state/artifacts/20260321T224109-054-docker-packaging-and-compose/backlog.log
 create mode 100644 state/artifacts/20260321T224109-054-docker-packaging-and-compose/commit.log
 create mode 100644 state/artifacts/20260321T224109-054-docker-packaging-and-compose/evaluator.log
 create mode 100644 state/artifacts/20260321T224109-054-docker-packaging-and-compose/npm-run-verify-next-server.log
 create mode 100644 state/artifacts/20260321T224109-054-docker-packaging-and-compose/promote.log
 create mode 100644 state/artifacts/20260321T224109-054-docker-packaging-and-compose/task-prompt.log
 create mode 100644 state/artifacts/20260321T224109-054-docker-packaging-and-compose/worker.jsonl
 create mode 100644 state/artifacts/20260321T225532-054-docker-packaging-and-compose/task-prompt.log
 create mode 100644 state/artifacts/20260321T225532-054-docker-packaging-and-compose/worker-stall.json
 create mode 100644 state/artifacts/20260321T225532-054-docker-packaging-and-compose/worker.jsonl
 create mode 100644 state/artifacts/20260321T232402-054-docker-packaging-and-compose/backlog.log
 create mode 100644 state/artifacts/20260321T232402-054-docker-packaging-and-compose/commit.log
 create mode 100644 state/artifacts/20260321T232402-054-docker-packaging-and-compose/evaluator.log
 create mode 100644 state/artifacts/20260321T232402-054-docker-packaging-and-compose/npm-run-verify-next-server.log
 create mode 100644 state/artifacts/20260321T232402-054-docker-packaging-and-compose/promote.log
 create mode 100644 state/artifacts/20260321T232402-054-docker-packaging-and-compose/task-prompt.log
 create mode 100644 state/artifacts/20260321T232402-054-docker-packaging-and-compose/worker.jsonl
 create mode 100644 state/artifacts/20260321T233002-054-docker-packaging-and-compose/commit.log
 create mode 100644 state/artifacts/20260321T233002-054-docker-packaging-and-compose/evaluator.log
 create mode 100644 state/artifacts/20260321T233002-054-docker-packaging-and-compose/npm-run-verify-next-server.log
 create mode 100644 state/artifacts/20260321T233002-054-docker-packaging-and-compose/task-prompt.log
 create mode 100644 state/artifacts/20260321T233002-054-docker-packaging-and-compose/worker.jsonl
commit: created
