
> minakeep@0.1.0 dev
> next dev --hostname 127.0.0.1 --port 3100

[1m[38;2;173;127;168m▲ Next.js 16.2.0[39m[22m (Turbopack)
- Local:         http://127.0.0.1:3100
- Network:       http://127.0.0.1:3100
- Environments: .env
[32m[1m✓[22m[39m Ready in 205ms

 GET /api/health [32m200[39m in 106ms[2m (next.js: 96ms, application-code: 10ms)[22m
 GET /login [32m200[39m in 161ms[2m (next.js: 52ms, application-code: 108ms)[22m
 GET /app [32m200[39m in 115ms[2m (next.js: 26ms, proxy.ts: 36ms, application-code: 53ms)[22m
 POST /login [34m303[39m in 220ms[2m (next.js: 1236µs, application-code: 218ms)[22m
  └─ ƒ loginAction({}) in 92ms [2msrc/app/login/actions.ts[22m
 GET / [32m200[39m in 49ms[2m (next.js: 10ms, application-code: 39ms)[22m
 GET /login?callbackUrl=http%3A%2F%2Flocalhost%3A3100%2Fapp%2Fsearch [32m200[39m in 26ms[2m (next.js: 865µs, application-code: 25ms)[22m
 GET /login?callbackUrl=http%3A%2F%2Flocalhost%3A3100%2Fapp%2Fnotes%2Fnew [32m200[39m in 18ms[2m (next.js: 872µs, application-code: 17ms)[22m
 GET /app [32m200[39m in 29ms[2m (next.js: 1414µs, proxy.ts: 3ms, application-code: 24ms)[22m
 POST /login?callbackUrl=http%3A%2F%2Flocalhost%3A3100%2Fapp%2Fnotes%2Fnew [34m303[39m in 71ms[2m (next.js: 2ms, application-code: 68ms)[22m
  └─ ƒ loginAction({}) in 34ms [2msrc/app/login/actions.ts[22m
 GET /app/notes/new [32m200[39m in 45ms[2m (next.js: 21ms, proxy.ts: 3ms, application-code: 21ms)[22m
 GET /app/notes/cmn0fj2n40000e5ybzvyfbk6a/edit?saved=1 [32m200[39m in 255ms[2m (next.js: 230ms, proxy.ts: 3ms, application-code: 22ms)[22m
 POST /app/notes/new [34m303[39m in 285ms[2m (next.js: 1442µs, proxy.ts: 3ms, application-code: 280ms)[22m
  └─ ƒ createNoteAction({}) in 21ms [2msrc/app/app/notes/actions.ts[22m
 POST /app/notes/cmn0fj2n40000e5ybzvyfbk6a/edit?saved=1 [34m303[39m in 158ms[2m (next.js: 6ms, proxy.ts: 8ms, application-code: 144ms)[22m
  └─ ƒ updateNoteAction("cmn0fj2n40000e5ybzvyfbk6a", {}) in 32ms [2msrc/app/app/notes/actions.ts[22m
 GET /app [32m200[39m in 200ms[2m (next.js: 2ms, proxy.ts: 13ms, application-code: 185ms)[22m
 GET /app/notes/cmn0fj2n40000e5ybzvyfbk6a/edit?saved=1 [32m200[39m in 163ms[2m (next.js: 15ms, proxy.ts: 116ms, application-code: 32ms)[22m
 GET /app/notes/cmn0fj2n40000e5ybzvyfbk6a/edit [32m200[39m in 24ms[2m (next.js: 3ms, proxy.ts: 4ms, application-code: 17ms)[22m
 GET /login [32m200[39m in 18ms[2m (next.js: 860µs, application-code: 17ms)[22m
 GET /app [32m200[39m in 29ms[2m (next.js: 1056µs, proxy.ts: 3ms, application-code: 26ms)[22m
 POST /login [34m303[39m in 64ms[2m (next.js: 947µs, application-code: 63ms)[22m
  └─ ƒ loginAction({}) in 30ms [2msrc/app/login/actions.ts[22m
 GET /app/notes/new [32m200[39m in 16ms[2m (next.js: 1021µs, proxy.ts: 3ms, application-code: 12ms)[22m
 GET /app/notes/cmn0fj3la0001e5yb3bl19ad3/edit?saved=1 [32m200[39m in 25ms[2m (next.js: 3ms, proxy.ts: 2ms, application-code: 20ms)[22m
 POST /app/notes/new [34m303[39m in 42ms[2m (next.js: 1302µs, proxy.ts: 3ms, application-code: 38ms)[22m
  └─ ƒ createNoteAction({}) in 6ms [2msrc/app/app/notes/actions.ts[22m
 POST /api/test/mina/chat/completions [32m200[39m in 1515ms[2m (next.js: 13ms, application-code: 1502ms)[22m
 GET /app/notes/cmn0fj3la0001e5yb3bl19ad3/edit?saved=1 [32m200[39m in 44ms[2m (next.js: 6ms, proxy.ts: 11ms, application-code: 27ms)[22m
 GET /app/notes/cmn0fj3la0001e5yb3bl19ad3/edit?retried=1 [32m200[39m in 25ms[2m (next.js: 1732µs, proxy.ts: 3ms, application-code: 20ms)[22m
 POST /app/notes/cmn0fj3la0001e5yb3bl19ad3/edit?saved=1 [34m303[39m in 46ms[2m (next.js: 4ms, proxy.ts: 6ms, application-code: 36ms)[22m
  └─ ƒ retryNoteEnrichmentAction("cmn0fj3la0001e5yb3bl19ad3") in 6ms [2msrc/app/app/notes/actions.ts[22m
 POST /api/test/mina/chat/completions [32m200[39m in 1508ms[2m (next.js: 1210µs, application-code: 1507ms)[22m
 GET /app/notes/cmn0fj3la0001e5yb3bl19ad3/edit?retried=1 [32m200[39m in 51ms[2m (next.js: 6ms, proxy.ts: 11ms, application-code: 34ms)[22m
 GET /login [32m200[39m in 19ms[2m (next.js: 1004µs, application-code: 18ms)[22m
 GET /app [32m200[39m in 23ms[2m (next.js: 1000µs, proxy.ts: 3ms, application-code: 20ms)[22m
 POST /login [34m303[39m in 58ms[2m (next.js: 885µs, application-code: 57ms)[22m
  └─ ƒ loginAction({}) in 30ms [2msrc/app/login/actions.ts[22m
 GET /app/notes/new [32m200[39m in 15ms[2m (next.js: 918µs, proxy.ts: 3ms, application-code: 11ms)[22m
 GET /app/notes/cmn0fj8lx0002e5yblrcxoe67/edit?saved=1 [32m200[39m in 23ms[2m (next.js: 2ms, proxy.ts: 2ms, application-code: 18ms)[22m
 POST /app/notes/new [34m303[39m in 43ms[2m (next.js: 2ms, proxy.ts: 5ms, application-code: 35ms)[22m
  └─ ƒ createNoteAction({}) in 8ms [2msrc/app/app/notes/actions.ts[22m
 GET /app/notes/cmn0fj8lx0002e5yblrcxoe67/edit?published=1 [32m200[39m in 21ms[2m (next.js: 1269µs, proxy.ts: 2ms, application-code: 18ms)[22m
 POST /app/notes/cmn0fj8lx0002e5yblrcxoe67/edit?saved=1 [34m303[39m in 35ms[2m (next.js: 2ms, proxy.ts: 3ms, application-code: 29ms)[22m
  └─ ƒ publishNoteAction("cmn0fj8lx0002e5yblrcxoe67") in 5ms [2msrc/app/app/notes/actions.ts[22m
 GET / [32m200[39m in 17ms[2m (next.js: 895µs, application-code: 16ms)[22m
 GET /notes/public-note-1774103695231 [32m200[39m in 198ms[2m (next.js: 182ms, application-code: 16ms)[22m
 GET /app [32m200[39m in 44ms[2m (next.js: 941µs, proxy.ts: 3ms, application-code: 40ms)[22m
 GET /app/notes/cmn0fj8lx0002e5yblrcxoe67/edit [32m200[39m in 22ms[2m (next.js: 2ms, proxy.ts: 3ms, application-code: 17ms)[22m
 GET /app/notes/cmn0fj8lx0002e5yblrcxoe67/edit?unpublished=1 [32m200[39m in 21ms[2m (next.js: 1166µs, proxy.ts: 2ms, application-code: 18ms)[22m
 POST /app/notes/cmn0fj8lx0002e5yblrcxoe67/edit [34m303[39m in 35ms[2m (next.js: 2ms, proxy.ts: 3ms, application-code: 30ms)[22m
  └─ ƒ unpublishNoteAction("cmn0fj8lx0002e5yblrcxoe67") in 6ms [2msrc/app/app/notes/actions.ts[22m
 GET / [32m200[39m in 17ms[2m (next.js: 836µs, application-code: 16ms)[22m
 GET /notes/public-note-1774103695231 [33m404[39m in 39ms[2m (next.js: 1802µs, application-code: 37ms)[22m
 GET /login [32m200[39m in 18ms[2m (next.js: 721µs, application-code: 17ms)[22m
 GET /app [32m200[39m in 24ms[2m (next.js: 974µs, proxy.ts: 2ms, application-code: 20ms)[22m
 POST /login [34m303[39m in 59ms[2m (next.js: 917µs, application-code: 58ms)[22m
  └─ ƒ loginAction({}) in 30ms [2msrc/app/login/actions.ts[22m
 GET /app/links [32m200[39m in 36ms[2m (next.js: 13ms, proxy.ts: 3ms, application-code: 20ms)[22m
 GET /app/links?saved=1 [32m200[39m in 24ms[2m (next.js: 841µs, proxy.ts: 2ms, application-code: 21ms)[22m
 POST /app/links [34m303[39m in 41ms[2m (next.js: 907µs, proxy.ts: 3ms, application-code: 37ms)[22m
  └─ ƒ createLinkAction({}) in 9ms [2msrc/app/app/links/actions.ts[22m
 POST /api/test/mina/chat/completions [32m200[39m in 3ms[2m (next.js: 638µs, application-code: 2ms)[22m
{"level":"warn","message":"Link favicon could not be resolved.","metadata":{"linkId":"cmn0fj9ty0003e5ybcom0bzux","url":"https://example.com/reference-1774103696840"},"timestamp":"2026-03-21T14:34:57.362Z"}
 GET /app/links?saved=1 [32m200[39m in 38ms[2m (next.js: 2ms, proxy.ts: 6ms, application-code: 30ms)[22m
 GET / [32m200[39m in 32ms[2m (next.js: 2ms, application-code: 30ms)[22m
 GET /login [32m200[39m in 18ms[2m (next.js: 1012µs, application-code: 16ms)[22m
 GET /app [32m200[39m in 39ms[2m (next.js: 1061µs, proxy.ts: 3ms, application-code: 35ms)[22m
 POST /login [34m303[39m in 95ms[2m (next.js: 985µs, application-code: 94ms)[22m
  └─ ƒ loginAction({}) in 30ms [2msrc/app/login/actions.ts[22m
 GET /app/links [32m200[39m in 23ms[2m (next.js: 1831µs, proxy.ts: 4ms, application-code: 17ms)[22m
 GET /app/links?saved=1 [32m200[39m in 24ms[2m (next.js: 887µs, proxy.ts: 3ms, application-code: 21ms)[22m
 POST /app/links [34m303[39m in 37ms[2m (next.js: 871µs, proxy.ts: 3ms, application-code: 34ms)[22m
  └─ ƒ createLinkAction({}) in 6ms [2msrc/app/app/links/actions.ts[22m
 POST /api/test/mina/chat/completions [32m200[39m in 2ms[2m (next.js: 658µs, application-code: 1488µs)[22m
{"level":"warn","message":"Link favicon could not be resolved.","metadata":{"linkId":"cmn0fjclw0004e5yb8j8x3g1k","url":"https://example.com/published-link-1774103700420"},"timestamp":"2026-03-21T14:35:00.954Z"}
 GET /app/links?saved=1 [32m200[39m in 45ms[2m (next.js: 3ms, proxy.ts: 11ms, application-code: 31ms)[22m
 GET /app/links?published=1 [32m200[39m in 30ms[2m (next.js: 1056µs, proxy.ts: 3ms, application-code: 26ms)[22m
 POST /app/links?saved=1 [34m303[39m in 52ms[2m (next.js: 1658µs, proxy.ts: 7ms, application-code: 43ms)[22m
  └─ ƒ publishLinkAction("cmn0fjclw0004e5yb8j8x3g1k") in 8ms [2msrc/app/app/links/actions.ts[22m
 GET / [32m200[39m in 18ms[2m (next.js: 826µs, application-code: 17ms)[22m
 GET /app/links [32m200[39m in 83ms[2m (next.js: 1045µs, proxy.ts: 3ms, application-code: 79ms)[22m
 GET /app/links?unpublished=1 [32m200[39m in 24ms[2m (next.js: 784µs, proxy.ts: 2ms, application-code: 21ms)[22m
 POST /app/links [34m303[39m in 37ms[2m (next.js: 844µs, proxy.ts: 3ms, application-code: 33ms)[22m
  └─ ƒ unpublishLinkAction("cmn0fjclw0004e5yb8j8x3g1k") in 5ms [2msrc/app/app/links/actions.ts[22m
 GET / [32m200[39m in 17ms[2m (next.js: 837µs, application-code: 16ms)[22m
 GET /login [32m200[39m in 30ms[2m (next.js: 926µs, application-code: 29ms)[22m
 GET /app [32m200[39m in 26ms[2m (next.js: 879µs, proxy.ts: 2ms, application-code: 22ms)[22m
 POST /login [34m303[39m in 60ms[2m (next.js: 947µs, application-code: 59ms)[22m
  └─ ƒ loginAction({}) in 30ms [2msrc/app/login/actions.ts[22m
 GET /app/links [32m200[39m in 22ms[2m (next.js: 923µs, proxy.ts: 3ms, application-code: 18ms)[22m
 GET /app/links?saved=1 [32m200[39m in 25ms[2m (next.js: 830µs, proxy.ts: 2ms, application-code: 22ms)[22m
 POST /app/links [34m303[39m in 38ms[2m (next.js: 870µs, proxy.ts: 3ms, application-code: 34ms)[22m
  └─ ƒ createLinkAction({}) in 6ms [2msrc/app/app/links/actions.ts[22m
{"level":"warn","message":"Link favicon could not be resolved.","metadata":{"linkId":"cmn0fjfqf0005e5yboriyvlvy","url":"https://example.com/retry-link-1774103704469"},"timestamp":"2026-03-21T14:35:05.002Z"}
 POST /api/test/mina/chat/completions [32m200[39m in 1512ms[2m (next.js: 600µs, application-code: 1512ms)[22m
 GET /app/links?saved=1 [32m200[39m in 41ms[2m (next.js: 1981µs, proxy.ts: 8ms, application-code: 32ms)[22m
 GET /app/links?retried=1 [32m200[39m in 35ms[2m (next.js: 995µs, proxy.ts: 3ms, application-code: 31ms)[22m
 POST /app/links?saved=1 [34m303[39m in 53ms[2m (next.js: 1467µs, proxy.ts: 6ms, application-code: 45ms)[22m
  └─ ƒ retryLinkEnrichmentAction("cmn0fjfqf0005e5yboriyvlvy") in 7ms [2msrc/app/app/links/actions.ts[22m
 POST /api/test/mina/chat/completions [32m200[39m in 1509ms[2m (next.js: 666µs, application-code: 1509ms)[22m
 GET /app/links?retried=1 [32m200[39m in 48ms[2m (next.js: 3ms, proxy.ts: 10ms, application-code: 35ms)[22m
 GET /login [32m200[39m in 18ms[2m (next.js: 993µs, application-code: 17ms)[22m
 GET /app [32m200[39m in 24ms[2m (next.js: 937µs, proxy.ts: 2ms, application-code: 21ms)[22m
 POST /login [34m303[39m in 60ms[2m (next.js: 914µs, application-code: 59ms)[22m
  └─ ƒ loginAction({}) in 31ms [2msrc/app/login/actions.ts[22m
 GET /app/links [32m200[39m in 25ms[2m (next.js: 864µs, proxy.ts: 3ms, application-code: 21ms)[22m
 GET /app/links?error=invalid-url [32m200[39m in 26ms[2m (next.js: 766µs, proxy.ts: 2ms, application-code: 23ms)[22m
 POST /app/links [34m303[39m in 43ms[2m (next.js: 929µs, proxy.ts: 3ms, application-code: 39ms)[22m
  └─ ƒ createLinkAction({}) in 9ms [2msrc/app/app/links/actions.ts[22m
 GET /login [32m200[39m in 15ms[2m (next.js: 791µs, application-code: 14ms)[22m
 GET /app [32m200[39m in 24ms[2m (next.js: 870µs, proxy.ts: 3ms, application-code: 20ms)[22m
 POST /login [34m303[39m in 57ms[2m (next.js: 1012µs, application-code: 56ms)[22m
  └─ ƒ loginAction({}) in 29ms [2msrc/app/login/actions.ts[22m
 GET /app/notes/new [32m200[39m in 16ms[2m (next.js: 945µs, proxy.ts: 3ms, application-code: 12ms)[22m
 GET /app/notes/cmn0fjl770006e5ybfue4h23t/edit?saved=1 [32m200[39m in 23ms[2m (next.js: 2ms, proxy.ts: 2ms, application-code: 18ms)[22m
 POST /app/notes/new [34m303[39m in 38ms[2m (next.js: 905µs, proxy.ts: 3ms, application-code: 34ms)[22m
  └─ ƒ createNoteAction({}) in 6ms [2msrc/app/app/notes/actions.ts[22m
 GET /app/links [32m200[39m in 68ms[2m (next.js: 1104µs, proxy.ts: 8ms, application-code: 59ms)[22m
 GET /app/links?saved=1 [32m200[39m in 28ms[2m (next.js: 773µs, proxy.ts: 2ms, application-code: 24ms)[22m
 POST /app/links [34m303[39m in 42ms[2m (next.js: 1295µs, proxy.ts: 4ms, application-code: 37ms)[22m
  └─ ƒ createLinkAction({}) in 6ms [2msrc/app/app/links/actions.ts[22m
 POST /api/test/mina/chat/completions [32m200[39m in 2ms[2m (next.js: 546µs, application-code: 1584µs)[22m
{"level":"warn","message":"Link favicon could not be resolved.","metadata":{"linkId":"cmn0fjlen0007e5ybxqxe5rre","url":"https://example.com/url-needle-1774103711563"},"timestamp":"2026-03-21T14:35:12.357Z"}
 GET /app/links?saved=1 [32m200[39m in 47ms[2m (next.js: 2ms, proxy.ts: 10ms, application-code: 35ms)[22m
 GET /app/tags?tag=ai-owned [32m200[39m in 132ms[2m (next.js: 26ms, proxy.ts: 5ms, application-code: 101ms)[22m
 GET /app/tags [32m200[39m in 81ms[2m (next.js: 746µs, proxy.ts: 2ms, application-code: 78ms)[22m
 GET /app/search?q=Filtered%20note%201774103711563 [32m200[39m in 79ms[2m (next.js: 16ms, proxy.ts: 3ms, application-code: 60ms)[22m
 GET /app/search?q=url-needle-1774103711563 [32m200[39m in 53ms[2m (next.js: 759µs, proxy.ts: 3ms, application-code: 49ms)[22m
 GET /app/search?q=ai-owned [32m200[39m in 35ms[2m (next.js: 931µs, proxy.ts: 2ms, application-code: 31ms)[22m
 GET /login [32m200[39m in 14ms[2m (next.js: 764µs, application-code: 14ms)[22m
 GET /app [32m200[39m in 29ms[2m (next.js: 980µs, proxy.ts: 2ms, application-code: 26ms)[22m
 POST /login [34m303[39m in 65ms[2m (next.js: 955µs, application-code: 64ms)[22m
  └─ ƒ loginAction({}) in 30ms [2msrc/app/login/actions.ts[22m
 GET /app/links [32m200[39m in 26ms[2m (next.js: 833µs, proxy.ts: 3ms, application-code: 23ms)[22m
 GET /app/links?saved=1 [32m200[39m in 29ms[2m (next.js: 810µs, proxy.ts: 2ms, application-code: 26ms)[22m
 POST /app/links [34m303[39m in 42ms[2m (next.js: 859µs, proxy.ts: 3ms, application-code: 38ms)[22m
  └─ ƒ createLinkAction({}) in 6ms [2msrc/app/app/links/actions.ts[22m
{"level":"warn","message":"Link favicon could not be resolved.","metadata":{"linkId":"cmn0fjojs0009e5ybzugjhw7g","url":"https://example.com/ai-enriched-link-1774103715917"},"timestamp":"2026-03-21T14:35:16.429Z"}
 GET /app/links?saved=1 [32m200[39m in 49ms[2m (next.js: 3ms, proxy.ts: 9ms, application-code: 37ms)[22m
 GET /app/search?q=ai [32m200[39m in 60ms[2m (next.js: 2ms, proxy.ts: 6ms, application-code: 52ms)[22m
 GET /app/tags?tag=ai [32m200[39m in 41ms[2m (next.js: 861µs, proxy.ts: 3ms, application-code: 37ms)[22m
 GET /login [32m200[39m in 15ms[2m (next.js: 803µs, application-code: 14ms)[22m
 GET /app [32m200[39m in 32ms[2m (next.js: 911µs, proxy.ts: 3ms, application-code: 28ms)[22m
 POST /login [34m303[39m in 67ms[2m (next.js: 906µs, application-code: 66ms)[22m
  └─ ƒ loginAction({}) in 30ms [2msrc/app/login/actions.ts[22m
 GET /app/links [32m200[39m in 59ms[2m (next.js: 839µs, proxy.ts: 3ms, application-code: 55ms)[22m
 GET /app/links?saved=1 [32m200[39m in 30ms[2m (next.js: 876µs, proxy.ts: 2ms, application-code: 27ms)[22m
 POST /app/links [34m303[39m in 44ms[2m (next.js: 821µs, proxy.ts: 3ms, application-code: 40ms)[22m
  └─ ƒ createLinkAction({}) in 6ms [2msrc/app/app/links/actions.ts[22m
 POST /api/test/mina/chat/completions [32m200[39m in 2ms[2m (next.js: 731µs, application-code: 1677µs)[22m
 GET /app/links?saved=1 [32m200[39m in 52ms[2m (next.js: 3ms, proxy.ts: 10ms, application-code: 40ms)[22m
 GET /media/a9b21eb1-fef2-4a06-b88c-f5de3991deb6 [32m200[39m in 528ms[2m (next.js: 515ms, application-code: 13ms)[22m
 GET /app/links?published=1 [32m200[39m in 33ms[2m (next.js: 889µs, proxy.ts: 3ms, application-code: 30ms)[22m
 POST /app/links?saved=1 [34m303[39m in 51ms[2m (next.js: 1821µs, proxy.ts: 4ms, application-code: 45ms)[22m
  └─ ƒ publishLinkAction("cmn0fjre4000be5ybb9ctrfod") in 7ms [2msrc/app/app/links/actions.ts[22m
 GET /media/a9b21eb1-fef2-4a06-b88c-f5de3991deb6 [32m200[39m in 11ms[2m (next.js: 2ms, application-code: 8ms)[22m
 GET / [32m200[39m in 19ms[2m (next.js: 2ms, application-code: 16ms)[22m
 GET /media/a9b21eb1-fef2-4a06-b88c-f5de3991deb6 [32m200[39m in 14ms[2m (next.js: 1405µs, application-code: 12ms)[22m
 GET /app/links [32m200[39m in 84ms[2m (next.js: 920µs, proxy.ts: 2ms, application-code: 81ms)[22m
 GET /media/a9b21eb1-fef2-4a06-b88c-f5de3991deb6 [32m200[39m in 14ms[2m (next.js: 1264µs, application-code: 13ms)[22m
 GET /app/links?saved=1 [32m200[39m in 32ms[2m (next.js: 792µs, proxy.ts: 2ms, application-code: 29ms)[22m
 POST /app/links [34m303[39m in 46ms[2m (next.js: 990µs, proxy.ts: 3ms, application-code: 43ms)[22m
  └─ ƒ createLinkAction({}) in 6ms [2msrc/app/app/links/actions.ts[22m
{"level":"warn","message":"Link favicon cache failed.","metadata":{"error":"Configured link favicon fetch failure for Playwright.","linkId":"cmn0fjtyh000ce5yb9d706kvq","url":"https://example.com/fallback-favicon-1774103719591"},"timestamp":"2026-03-21T14:35:23.406Z"}
 POST /api/test/mina/chat/completions [32m200[39m in 1876µs[2m (next.js: 618µs, application-code: 1258µs)[22m
 GET /media/a9b21eb1-fef2-4a06-b88c-f5de3991deb6 [32m200[39m in 8ms[2m (next.js: 1305µs, application-code: 6ms)[22m
 GET /app/links?saved=1 [32m200[39m in 54ms[2m (next.js: 3ms, proxy.ts: 9ms, application-code: 42ms)[22m
 GET /app/links?favicon=1 [32m200[39m in 45ms[2m (next.js: 1088µs, proxy.ts: 3ms, application-code: 40ms)[22m
 POST /app/links?saved=1 [34m303[39m in 64ms[2m (next.js: 1471µs, proxy.ts: 5ms, application-code: 57ms)[22m
  └─ ƒ refreshLinkFaviconAction("cmn0fjtyh000ce5yb9d706kvq") in 8ms [2msrc/app/app/links/actions.ts[22m
 GET /media/a9b21eb1-fef2-4a06-b88c-f5de3991deb6 [32m200[39m in 10ms[2m (next.js: 2ms, application-code: 8ms)[22m
 GET /media/d04aa5d2-65c1-479b-abc5-e2c31180a7ca [32m200[39m in 10ms[2m (next.js: 4ms, application-code: 6ms)[22m
 GET /media/draft-note-image-1774103726620 [33m404[39m in 4ms[2m (next.js: 800µs, application-code: 4ms)[22m
 GET /login [32m200[39m in 15ms[2m (next.js: 746µs, application-code: 14ms)[22m
 GET /app [32m200[39m in 24ms[2m (next.js: 916µs, proxy.ts: 2ms, application-code: 20ms)[22m
 POST /login [34m303[39m in 61ms[2m (next.js: 968µs, application-code: 60ms)[22m
  └─ ƒ loginAction({}) in 33ms [2msrc/app/login/actions.ts[22m
 GET /media/draft-note-image-1774103726620 [32m200[39m in 9ms[2m (next.js: 1792µs, application-code: 7ms)[22m
 GET /media/draft-note-image-1774103726620 [32m200[39m in 6ms[2m (next.js: 591µs, application-code: 5ms)[22m
 GET /media/published-note-image-1774103726977 [32m200[39m in 6ms[2m (next.js: 1747µs, application-code: 4ms)[22m
 GET /media/hidden-note-image-1774103726977 [33m404[39m in 4ms[2m (next.js: 633µs, application-code: 4ms)[22m
 GET /media/published-link-favicon-1774103726977 [32m200[39m in 4ms[2m (next.js: 584µs, application-code: 4ms)[22m
 GET /login [32m200[39m in 15ms[2m (next.js: 850µs, application-code: 14ms)[22m
 GET /app [32m200[39m in 23ms[2m (next.js: 916µs, proxy.ts: 2ms, application-code: 20ms)[22m
 POST /login [34m303[39m in 59ms[2m (next.js: 887µs, application-code: 58ms)[22m
  └─ ƒ loginAction({}) in 31ms [2msrc/app/login/actions.ts[22m
 GET /media/published-note-image-1774103726977 [32m200[39m in 9ms[2m (next.js: 1081µs, application-code: 8ms)[22m
 GET /app/notes/new [32m200[39m in 17ms[2m (next.js: 2ms, proxy.ts: 3ms, application-code: 12ms)[22m
 GET /app/notes/cmn0fjx5c000de5yb41t82zeb/edit?saved=1 [32m200[39m in 27ms[2m (next.js: 3ms, proxy.ts: 6ms, application-code: 18ms)[22m
 POST /app/notes/new [34m303[39m in 43ms[2m (next.js: 929µs, proxy.ts: 3ms, application-code: 39ms)[22m
  └─ ƒ createNoteAction({}) in 8ms [2msrc/app/app/notes/actions.ts[22m
 GET /app/notes/cmn0fjx5c000de5yb41t82zeb/edit?saved=1 [32m200[39m in 39ms[2m (next.js: 6ms, proxy.ts: 8ms, application-code: 25ms)[22m
 GET /app [32m200[39m in 54ms[2m (next.js: 2ms, proxy.ts: 6ms, application-code: 46ms)[22m
 GET /media/published-note-image-1774103726977 [32m200[39m in 12ms[2m (next.js: 3ms, application-code: 9ms)[22m
 GET /login [32m200[39m in 19ms[2m (next.js: 927µs, application-code: 18ms)[22m
 GET /app [32m200[39m in 34ms[2m (next.js: 983µs, proxy.ts: 3ms, application-code: 31ms)[22m
 POST /login [34m303[39m in 69ms[2m (next.js: 957µs, application-code: 68ms)[22m
  └─ ƒ loginAction({}) in 30ms [2msrc/app/login/actions.ts[22m
 GET /app/notes/new [32m200[39m in 34ms[2m (next.js: 977µs, proxy.ts: 3ms, application-code: 29ms)[22m
 POST /api/notes/images [32m201[39m in 33ms[2m (next.js: 23ms, application-code: 9ms)[22m
 GET /media/a53636e0-abba-47d1-a5d2-fadd41fd1b90 [32m200[39m in 11ms[2m (next.js: 4ms, application-code: 7ms)[22m
 GET /app/notes/cmn0fk003000ee5yby4pue1ty/edit?saved=1 [32m200[39m in 22ms[2m (next.js: 2ms, proxy.ts: 2ms, application-code: 18ms)[22m
 POST /app/notes/new [34m303[39m in 40ms[2m (next.js: 2ms, proxy.ts: 3ms, application-code: 35ms)[22m
  └─ ƒ createNoteAction({}) in 8ms [2msrc/app/app/notes/actions.ts[22m
 GET /media/a53636e0-abba-47d1-a5d2-fadd41fd1b90 [32m200[39m in 9ms[2m (next.js: 1097µs, application-code: 7ms)[22m
 GET / [32m200[39m in 21ms[2m (next.js: 1843µs, application-code: 19ms)[22m
 GET /login [32m200[39m in 15ms[2m (next.js: 849µs, application-code: 14ms)[22m
 GET /login [32m200[39m in 16ms[2m (next.js: 800µs, application-code: 15ms)[22m
 GET /login [32m200[39m in 19ms[2m (next.js: 786µs, application-code: 18ms)[22m
 GET /app [32m200[39m in 22ms[2m (next.js: 851µs, proxy.ts: 2ms, application-code: 19ms)[22m
 POST /login [34m303[39m in 56ms[2m (next.js: 888µs, application-code: 55ms)[22m
  └─ ƒ loginAction({}) in 30ms [2msrc/app/login/actions.ts[22m
 GET /app/notes/cmn0fk0pd0008e7ybpe3k4ok5/edit [32m200[39m in 41ms[2m (next.js: 2ms, proxy.ts: 2ms, application-code: 36ms)[22m
 GET /login [32m200[39m in 14ms[2m (next.js: 830µs, application-code: 13ms)[22m
 GET /app [32m200[39m in 29ms[2m (next.js: 975µs, proxy.ts: 3ms, application-code: 26ms)[22m
 POST /login [34m303[39m in 64ms[2m (next.js: 903µs, application-code: 63ms)[22m
  └─ ƒ loginAction({}) in 31ms [2msrc/app/login/actions.ts[22m
 GET /app/notes/cmn0fk17f0009e7yb883svu5s/edit [32m200[39m in 37ms[2m (next.js: 2ms, proxy.ts: 3ms, application-code: 32ms)[22m
 GET / [32m200[39m in 18ms[2m (next.js: 792µs, application-code: 17ms)[22m
 GET / [32m200[39m in 18ms[2m (next.js: 825µs, application-code: 17ms)[22m
 GET / [32m200[39m in 17ms[2m (next.js: 853µs, application-code: 16ms)[22m
 GET / [32m200[39m in 25ms[2m (next.js: 800µs, application-code: 24ms)[22m
 GET /login [32m200[39m in 16ms[2m (next.js: 883µs, application-code: 15ms)[22m
 GET /app [32m200[39m in 22ms[2m (next.js: 930µs, proxy.ts: 2ms, application-code: 18ms)[22m
 POST /login [34m303[39m in 57ms[2m (next.js: 898µs, application-code: 56ms)[22m
  └─ ƒ loginAction({}) in 31ms [2msrc/app/login/actions.ts[22m
 GET /app/notes/new [32m200[39m in 26ms[2m (next.js: 915µs, proxy.ts: 2ms, application-code: 22ms)[22m
 GET /app/notes/cmn0fk34u000fe5ybaxw0yms5/edit?saved=1 [32m200[39m in 23ms[2m (next.js: 2ms, proxy.ts: 2ms, application-code: 18ms)[22m
 POST /app/notes/new [34m303[39m in 36ms[2m (next.js: 987µs, proxy.ts: 3ms, application-code: 32ms)[22m
  └─ ƒ createNoteAction({}) in 5ms [2msrc/app/app/notes/actions.ts[22m
 GET /login [32m200[39m in 23ms[2m (next.js: 838µs, application-code: 22ms)[22m
 GET /app [32m200[39m in 21ms[2m (next.js: 940µs, proxy.ts: 3ms, application-code: 18ms)[22m
 POST /login [34m303[39m in 56ms[2m (next.js: 1097µs, application-code: 55ms)[22m
  └─ ƒ loginAction({}) in 30ms [2msrc/app/login/actions.ts[22m
 GET /app/notes/cmn0fk37s000te7yb7zd8mplb/edit [32m200[39m in 41ms[2m (next.js: 2ms, proxy.ts: 3ms, application-code: 37ms)[22m
 GET /login [32m200[39m in 15ms[2m (next.js: 787µs, application-code: 15ms)[22m
 GET /app [32m200[39m in 21ms[2m (next.js: 945µs, proxy.ts: 2ms, application-code: 18ms)[22m
 POST /login [34m303[39m in 57ms[2m (next.js: 931µs, application-code: 56ms)[22m
  └─ ƒ loginAction({}) in 31ms [2msrc/app/login/actions.ts[22m
 GET /app/notes/cmn0fk3pk000ue7ybx9xqf910/edit [32m200[39m in 42ms[2m (next.js: 2ms, proxy.ts: 8ms, application-code: 31ms)[22m
 GET /login [32m200[39m in 15ms[2m (next.js: 803µs, application-code: 14ms)[22m
 GET /app [32m200[39m in 22ms[2m (next.js: 866µs, proxy.ts: 2ms, application-code: 18ms)[22m
 POST /login [34m303[39m in 55ms[2m (next.js: 851µs, application-code: 54ms)[22m
  └─ ƒ loginAction({}) in 30ms [2msrc/app/login/actions.ts[22m
 GET /app/notes/cmn0fk44z000ve7ybrl6z1523/edit [32m200[39m in 41ms[2m (next.js: 2ms, proxy.ts: 3ms, application-code: 36ms)[22m
 GET /app/notes/cmn0fk44z000ve7ybrl6z1523/edit?saved=1 [32m200[39m in 25ms[2m (next.js: 2ms, proxy.ts: 2ms, application-code: 20ms)[22m
 POST /app/notes/cmn0fk44z000ve7ybrl6z1523/edit [34m303[39m in 45ms[2m (next.js: 2ms, proxy.ts: 3ms, application-code: 40ms)[22m
  └─ ƒ updateNoteAction("cmn0fk44z000ve7ybrl6z1523", {}) in 6ms [2msrc/app/app/notes/actions.ts[22m
 GET /login [32m200[39m in 16ms[2m (next.js: 858µs, application-code: 15ms)[22m
 GET /app [32m200[39m in 22ms[2m (next.js: 837µs, proxy.ts: 3ms, application-code: 18ms)[22m
 POST /login [34m303[39m in 57ms[2m (next.js: 907µs, application-code: 56ms)[22m
  └─ ƒ loginAction({}) in 30ms [2msrc/app/login/actions.ts[22m
 GET /app/notes/cmn0fk4xh000we7ybrheidl3p/edit [32m200[39m in 43ms[2m (next.js: 2ms, proxy.ts: 3ms, application-code: 39ms)[22m
 GET /login [32m200[39m in 15ms[2m (next.js: 758µs, application-code: 14ms)[22m
 GET /app [32m200[39m in 21ms[2m (next.js: 937µs, proxy.ts: 2ms, application-code: 18ms)[22m
 POST /login [34m303[39m in 55ms[2m (next.js: 1150µs, application-code: 54ms)[22m
  └─ ƒ loginAction({}) in 30ms [2msrc/app/login/actions.ts[22m
 GET /app/notes/cmn0fk5g4000xe7ybxo2v673i/edit [32m200[39m in 39ms[2m (next.js: 2ms, proxy.ts: 3ms, application-code: 34ms)[22m
 GET /app/notes/cmn0fk5g4000xe7ybxo2v673i/edit?saved=1 [32m200[39m in 24ms[2m (next.js: 1357µs, proxy.ts: 3ms, application-code: 20ms)[22m
 POST /app/notes/cmn0fk5g4000xe7ybxo2v673i/edit [34m303[39m in 41ms[2m (next.js: 3ms, proxy.ts: 4ms, application-code: 34ms)[22m
  └─ ƒ updateNoteAction("cmn0fk5g4000xe7ybxo2v673i", {}) in 6ms [2msrc/app/app/notes/actions.ts[22m
 GET /app/notes/cmn0fk5g4000xe7ybxo2v673i/edit?saved=1 [32m200[39m in 45ms[2m (next.js: 1483µs, proxy.ts: 3ms, application-code: 41ms)[22m
 GET /login [32m200[39m in 16ms[2m (next.js: 837µs, application-code: 16ms)[22m
 GET /app [32m200[39m in 23ms[2m (next.js: 833µs, proxy.ts: 2ms, application-code: 19ms)[22m
 POST /login [34m303[39m in 56ms[2m (next.js: 919µs, application-code: 55ms)[22m
  └─ ƒ loginAction({}) in 29ms [2msrc/app/login/actions.ts[22m
 GET /app/notes/cmn0fk69k000ye7ybvt80zert/edit [32m200[39m in 45ms[2m (next.js: 2ms, proxy.ts: 3ms, application-code: 40ms)[22m
 GET /login [32m200[39m in 16ms[2m (next.js: 789µs, application-code: 16ms)[22m
 GET /app [32m200[39m in 28ms[2m (next.js: 923µs, proxy.ts: 2ms, application-code: 25ms)[22m
 POST /login [34m303[39m in 61ms[2m (next.js: 890µs, application-code: 60ms)[22m
  └─ ƒ loginAction({}) in 29ms [2msrc/app/login/actions.ts[22m
 GET /app/notes/cmn0fk6rd000ze7ybmr4kmr46/edit [32m200[39m in 42ms[2m (next.js: 2ms, proxy.ts: 3ms, application-code: 37ms)[22m
 GET /app/notes/cmn0fk6rd000ze7ybmr4kmr46/edit?saved=1 [32m200[39m in 23ms[2m (next.js: 1426µs, proxy.ts: 2ms, application-code: 19ms)[22m
 POST /app/notes/cmn0fk6rd000ze7ybmr4kmr46/edit [34m303[39m in 39ms[2m (next.js: 3ms, proxy.ts: 3ms, application-code: 34ms)[22m
  └─ ƒ updateNoteAction("cmn0fk6rd000ze7ybmr4kmr46", {}) in 6ms [2msrc/app/app/notes/actions.ts[22m
 GET /login [32m200[39m in 15ms[2m (next.js: 793µs, application-code: 15ms)[22m
 GET /app [32m200[39m in 27ms[2m (next.js: 938µs, proxy.ts: 2ms, application-code: 24ms)[22m
 POST /login [34m303[39m in 62ms[2m (next.js: 912µs, application-code: 61ms)[22m
  └─ ƒ loginAction({}) in 30ms [2msrc/app/login/actions.ts[22m
 GET /app/notes/new [32m200[39m in 27ms[2m (next.js: 884µs, proxy.ts: 2ms, application-code: 23ms)[22m
 GET /login [32m200[39m in 16ms[2m (next.js: 913µs, application-code: 15ms)[22m
 GET /app [32m200[39m in 22ms[2m (next.js: 1055µs, proxy.ts: 2ms, application-code: 18ms)[22m
 POST /login [34m303[39m in 56ms[2m (next.js: 1142µs, application-code: 54ms)[22m
  └─ ƒ loginAction({}) in 30ms [2msrc/app/login/actions.ts[22m
 GET /app/notes/cmn0fk83w0011e7yb78ajrroy/edit [32m200[39m in 43ms[2m (next.js: 2ms, proxy.ts: 3ms, application-code: 38ms)[22m
 GET /login [32m200[39m in 21ms[2m (next.js: 903µs, application-code: 20ms)[22m
 GET /app [32m200[39m in 23ms[2m (next.js: 1027µs, proxy.ts: 2ms, application-code: 19ms)[22m
 POST /login [34m303[39m in 57ms[2m (next.js: 976µs, application-code: 56ms)[22m
  └─ ƒ loginAction({}) in 30ms [2msrc/app/login/actions.ts[22m
 GET /app/notes/cmn0fk8ko0012e7ybrfjp78xj/edit [32m200[39m in 42ms[2m (next.js: 6ms, proxy.ts: 2ms, application-code: 34ms)[22m
 GET /media/ui-note-images-draft-1774103742889 [33m404[39m in 6ms[2m (next.js: 2ms, application-code: 4ms)[22m
 GET /login [32m200[39m in 19ms[2m (next.js: 1700µs, application-code: 17ms)[22m
 GET /app [32m200[39m in 23ms[2m (next.js: 854µs, proxy.ts: 3ms, application-code: 19ms)[22m
 POST /login [34m303[39m in 58ms[2m (next.js: 905µs, application-code: 57ms)[22m
  └─ ƒ loginAction({}) in 31ms [2msrc/app/login/actions.ts[22m
 GET /media/ui-note-images-published-first-1774103742889 [32m200[39m in 8ms[2m (next.js: 895µs, application-code: 7ms)[22m
 GET /media/ui-note-images-draft-1774103742889 [32m200[39m in 8ms[2m (next.js: 1986µs, application-code: 6ms)[22m
 GET / [32m200[39m in 16ms[2m (next.js: 769µs, application-code: 15ms)[22m
 GET /media/ui-note-images-published-first-1774103742889 [32m200[39m in 12ms[2m (next.js: 1574µs, application-code: 11ms)[22m
 GET /notes/published-note-image-card [32m200[39m in 45ms[2m (next.js: 3ms, application-code: 43ms)[22m
 GET /media/ui-note-images-published-first-1774103742889 [32m200[39m in 15ms[2m (next.js: 1955µs, application-code: 13ms)[22m
 GET /media/ui-note-images-published-second-1774103742889 [32m200[39m in 15ms[2m (next.js: 5ms, application-code: 10ms)[22m
 GET /login [32m200[39m in 17ms[2m (next.js: 816µs, application-code: 17ms)[22m
 GET /app [32m200[39m in 26ms[2m (next.js: 1096µs, proxy.ts: 3ms, application-code: 22ms)[22m
 POST /login [34m303[39m in 61ms[2m (next.js: 930µs, application-code: 60ms)[22m
  └─ ƒ loginAction({}) in 31ms [2msrc/app/login/actions.ts[22m
 GET /login [32m200[39m in 22ms[2m (next.js: 789µs, application-code: 21ms)[22m
 GET /app [32m200[39m in 26ms[2m (next.js: 1198µs, proxy.ts: 3ms, application-code: 22ms)[22m
 POST /login [34m303[39m in 60ms[2m (next.js: 923µs, application-code: 59ms)[22m
  └─ ƒ loginAction({}) in 29ms [2msrc/app/login/actions.ts[22m
 GET /login [32m200[39m in 17ms[2m (next.js: 886µs, application-code: 16ms)[22m
 GET /app [32m200[39m in 23ms[2m (next.js: 828µs, proxy.ts: 3ms, application-code: 20ms)[22m
 POST /login [34m303[39m in 56ms[2m (next.js: 896µs, application-code: 55ms)[22m
  └─ ƒ loginAction({}) in 29ms [2msrc/app/login/actions.ts[22m
 GET /app/links [32m200[39m in 59ms[2m (next.js: 2ms, proxy.ts: 2ms, application-code: 54ms)[22m
 GET /login [32m200[39m in 15ms[2m (next.js: 915µs, application-code: 15ms)[22m
 GET /app [32m200[39m in 23ms[2m (next.js: 1359µs, proxy.ts: 2ms, application-code: 19ms)[22m
 POST /login [34m303[39m in 57ms[2m (next.js: 1104µs, application-code: 56ms)[22m
  └─ ƒ loginAction({}) in 30ms [2msrc/app/login/actions.ts[22m
 GET /app/links [32m200[39m in 54ms[2m (next.js: 892µs, proxy.ts: 3ms, application-code: 51ms)[22m
 GET /login [32m200[39m in 16ms[2m (next.js: 784µs, application-code: 16ms)[22m
 GET /app [32m200[39m in 22ms[2m (next.js: 961µs, proxy.ts: 3ms, application-code: 19ms)[22m
 POST /login [34m303[39m in 57ms[2m (next.js: 909µs, application-code: 56ms)[22m
  └─ ƒ loginAction({}) in 30ms [2msrc/app/login/actions.ts[22m
 GET /app/tags?tag=studio-systems [32m200[39m in 43ms[2m (next.js: 2ms, proxy.ts: 2ms, application-code: 38ms)[22m
 GET /login [32m200[39m in 18ms[2m (next.js: 952µs, application-code: 17ms)[22m
 GET /app [32m200[39m in 29ms[2m (next.js: 900µs, proxy.ts: 3ms, application-code: 25ms)[22m
 POST /login [34m303[39m in 64ms[2m (next.js: 1121µs, application-code: 63ms)[22m
  └─ ƒ loginAction({}) in 30ms [2msrc/app/login/actions.ts[22m
 GET /app/tags?tag=studio-systems [32m200[39m in 40ms[2m (next.js: 999µs, proxy.ts: 3ms, application-code: 36ms)[22m
 GET /login [32m200[39m in 17ms[2m (next.js: 761µs, application-code: 17ms)[22m
 GET /app [32m200[39m in 23ms[2m (next.js: 822µs, proxy.ts: 2ms, application-code: 19ms)[22m
 POST /login [34m303[39m in 56ms[2m (next.js: 879µs, application-code: 55ms)[22m
  └─ ƒ loginAction({}) in 30ms [2msrc/app/login/actions.ts[22m
 GET /app/search?q=rhythm [32m200[39m in 46ms[2m (next.js: 1329µs, proxy.ts: 2ms, application-code: 43ms)[22m
 GET /login [32m200[39m in 16ms[2m (next.js: 795µs, application-code: 15ms)[22m
 GET /app [32m200[39m in 23ms[2m (next.js: 858µs, proxy.ts: 3ms, application-code: 19ms)[22m
 POST /login [34m303[39m in 58ms[2m (next.js: 859µs, application-code: 57ms)[22m
  └─ ƒ loginAction({}) in 31ms [2msrc/app/login/actions.ts[22m
 GET /app/search?q=rhythm [32m200[39m in 40ms[2m (next.js: 881µs, proxy.ts: 3ms, application-code: 36ms)[22m
 GET / [32m200[39m in 25ms[2m (next.js: 762µs, application-code: 24ms)[22m
 GET / [32m200[39m in 17ms[2m (next.js: 792µs, application-code: 16ms)[22m
 GET /notes/public-notes-should-read-like-finished-pages-not-dashboards [32m200[39m in 27ms[2m (next.js: 3ms, application-code: 25ms)[22m
 GET /notes/public-notes-should-read-like-finished-pages-not-dashboards [32m200[39m in 22ms[2m (next.js: 1583µs, application-code: 20ms)[22m
 GET / [32m200[39m in 18ms[2m (next.js: 933µs, application-code: 17ms)[22m
 GET / [32m200[39m in 18ms[2m (next.js: 1083µs, application-code: 17ms)[22m
 GET / [32m200[39m in 29ms[2m (next.js: 824µs, application-code: 28ms)[22m
 GET /login [32m200[39m in 16ms[2m (next.js: 798µs, application-code: 15ms)[22m
 GET /login [32m200[39m in 15ms[2m (next.js: 822µs, application-code: 14ms)[22m
 GET /app [32m200[39m in 23ms[2m (next.js: 1060µs, proxy.ts: 3ms, application-code: 19ms)[22m
 POST /login [34m303[39m in 61ms[2m (next.js: 944µs, application-code: 60ms)[22m
  └─ ƒ loginAction({}) in 33ms [2msrc/app/login/actions.ts[22m
 GET /login [32m200[39m in 14ms[2m (next.js: 759µs, application-code: 13ms)[22m
 GET /app [32m200[39m in 21ms[2m (next.js: 1001µs, proxy.ts: 2ms, application-code: 17ms)[22m
 POST /login [34m303[39m in 55ms[2m (next.js: 961µs, application-code: 54ms)[22m
  └─ ƒ loginAction({}) in 30ms [2msrc/app/login/actions.ts[22m
