
> minakeep@0.1.0 dev
> next dev --hostname 127.0.0.1 --port 3100

[1m[38;2;173;127;168m▲ Next.js 16.2.0[39m[22m (Turbopack)
- Local:         http://127.0.0.1:3100
- Network:       http://127.0.0.1:3100
- Environments: .env
[32m[1m✓[22m[39m Ready in 198ms

 GET /api/health [32m200[39m in 105ms[2m (next.js: 91ms, application-code: 14ms)[22m
 GET /login [32m200[39m in 161ms[2m (next.js: 54ms, application-code: 107ms)[22m
 GET /app [32m200[39m in 117ms[2m (next.js: 26ms, proxy.ts: 36ms, application-code: 54ms)[22m
 POST /login [34m303[39m in 224ms[2m (next.js: 1156µs, application-code: 223ms)[22m
  └─ ƒ loginAction({}) in 96ms [2msrc/app/login/actions.ts[22m
 GET / [32m200[39m in 36ms[2m (next.js: 9ms, application-code: 27ms)[22m
 GET /login?callbackUrl=http%3A%2F%2Flocalhost%3A3100%2Fapp%2Fsearch [32m200[39m in 27ms[2m (next.js: 895µs, application-code: 26ms)[22m
 GET /login?callbackUrl=http%3A%2F%2Flocalhost%3A3100%2Fapp%2Fnotes%2Fnew [32m200[39m in 19ms[2m (next.js: 849µs, application-code: 18ms)[22m
 GET /app [32m200[39m in 24ms[2m (next.js: 1086µs, proxy.ts: 3ms, application-code: 20ms)[22m
 POST /login?callbackUrl=http%3A%2F%2Flocalhost%3A3100%2Fapp%2Fnotes%2Fnew [34m303[39m in 61ms[2m (next.js: 1128µs, application-code: 60ms)[22m
  └─ ƒ loginAction({}) in 31ms [2msrc/app/login/actions.ts[22m
 GET /app/notes/new [32m200[39m in 37ms[2m (next.js: 20ms, proxy.ts: 4ms, application-code: 14ms)[22m
 GET /app/notes/cmmzxkcdl0000bwyb637a7rw4/edit?saved=1 [32m200[39m in 235ms[2m (next.js: 211ms, proxy.ts: 3ms, application-code: 21ms)[22m
 POST /app/notes/new [34m303[39m in 281ms[2m (next.js: 1418µs, proxy.ts: 3ms, application-code: 276ms)[22m
  └─ ƒ createNoteAction({}) in 24ms [2msrc/app/app/notes/actions.ts[22m
 POST /app/notes/cmmzxkcdl0000bwyb637a7rw4/edit?saved=1 [34m303[39m in 123ms[2m (next.js: 5ms, proxy.ts: 3ms, application-code: 115ms)[22m
  └─ ƒ updateNoteAction("cmmzxkcdl0000bwyb637a7rw4", {}) in 28ms [2msrc/app/app/notes/actions.ts[22m
 GET /app [32m200[39m in 172ms[2m (next.js: 1607µs, proxy.ts: 8ms, application-code: 162ms)[22m
 GET /app/notes/cmmzxkcdl0000bwyb637a7rw4/edit?saved=1 [32m200[39m in 137ms[2m (next.js: 10ms, proxy.ts: 88ms, application-code: 39ms)[22m
 GET /app/notes/cmmzxkcdl0000bwyb637a7rw4/edit [32m200[39m in 23ms[2m (next.js: 1633µs, proxy.ts: 5ms, application-code: 16ms)[22m
 GET /login [32m200[39m in 17ms[2m (next.js: 841µs, application-code: 16ms)[22m
 GET /app [32m200[39m in 28ms[2m (next.js: 991µs, proxy.ts: 3ms, application-code: 24ms)[22m
 POST /login [34m303[39m in 63ms[2m (next.js: 977µs, application-code: 62ms)[22m
  └─ ƒ loginAction({}) in 31ms [2msrc/app/login/actions.ts[22m
 GET /app/notes/new [32m200[39m in 17ms[2m (next.js: 1039µs, proxy.ts: 3ms, application-code: 12ms)[22m
 GET /app/notes/cmmzxkd8h0001bwybn1cwac9u/edit?saved=1 [32m200[39m in 24ms[2m (next.js: 2ms, proxy.ts: 2ms, application-code: 19ms)[22m
 POST /app/notes/new [34m303[39m in 39ms[2m (next.js: 962µs, proxy.ts: 3ms, application-code: 35ms)[22m
  └─ ƒ createNoteAction({}) in 7ms [2msrc/app/app/notes/actions.ts[22m
 POST /api/test/mina/chat/completions [32m200[39m in 1513ms[2m (next.js: 14ms, application-code: 1499ms)[22m
 GET /app/notes/cmmzxkd8h0001bwybn1cwac9u/edit?saved=1 [32m200[39m in 36ms[2m (next.js: 6ms, proxy.ts: 7ms, application-code: 24ms)[22m
 GET /app/notes/cmmzxkd8h0001bwybn1cwac9u/edit?retried=1 [32m200[39m in 25ms[2m (next.js: 1780µs, proxy.ts: 3ms, application-code: 20ms)[22m
 POST /app/notes/cmmzxkd8h0001bwybn1cwac9u/edit?saved=1 [34m303[39m in 46ms[2m (next.js: 4ms, proxy.ts: 6ms, application-code: 36ms)[22m
  └─ ƒ retryNoteEnrichmentAction("cmmzxkd8h0001bwybn1cwac9u") in 7ms [2msrc/app/app/notes/actions.ts[22m
 POST /api/test/mina/chat/completions [32m200[39m in 1510ms[2m (next.js: 758µs, application-code: 1509ms)[22m
 GET /app/notes/cmmzxkd8h0001bwybn1cwac9u/edit?retried=1 [32m200[39m in 49ms[2m (next.js: 5ms, proxy.ts: 7ms, application-code: 36ms)[22m
 GET /login [32m200[39m in 18ms[2m (next.js: 926µs, application-code: 17ms)[22m
 GET /app [32m200[39m in 23ms[2m (next.js: 903µs, proxy.ts: 2ms, application-code: 20ms)[22m
 POST /login [34m303[39m in 61ms[2m (next.js: 889µs, application-code: 60ms)[22m
  └─ ƒ loginAction({}) in 33ms [2msrc/app/login/actions.ts[22m
 GET /app/notes/new [32m200[39m in 16ms[2m (next.js: 901µs, proxy.ts: 3ms, application-code: 12ms)[22m
 GET /app/notes/cmmzxki970002bwyblsxyg3cj/edit?saved=1 [32m200[39m in 23ms[2m (next.js: 2ms, proxy.ts: 2ms, application-code: 18ms)[22m
 POST /app/notes/new [34m303[39m in 37ms[2m (next.js: 851µs, proxy.ts: 3ms, application-code: 33ms)[22m
  └─ ƒ createNoteAction({}) in 6ms [2msrc/app/app/notes/actions.ts[22m
 GET /app/notes/cmmzxki970002bwyblsxyg3cj/edit?published=1 [32m200[39m in 21ms[2m (next.js: 1333µs, proxy.ts: 3ms, application-code: 17ms)[22m
 POST /app/notes/cmmzxki970002bwyblsxyg3cj/edit?saved=1 [34m303[39m in 35ms[2m (next.js: 1692µs, proxy.ts: 3ms, application-code: 30ms)[22m
  └─ ƒ publishNoteAction("cmmzxki970002bwyblsxyg3cj") in 5ms [2msrc/app/app/notes/actions.ts[22m
 GET / [32m200[39m in 16ms[2m (next.js: 846µs, application-code: 15ms)[22m
 GET /notes/public-note-1774073521313 [32m200[39m in 204ms[2m (next.js: 185ms, application-code: 19ms)[22m
 GET /app [32m200[39m in 44ms[2m (next.js: 899µs, proxy.ts: 3ms, application-code: 40ms)[22m
 GET /app/notes/cmmzxki970002bwyblsxyg3cj/edit [32m200[39m in 22ms[2m (next.js: 3ms, proxy.ts: 3ms, application-code: 16ms)[22m
 GET /app/notes/cmmzxki970002bwyblsxyg3cj/edit?unpublished=1 [32m200[39m in 22ms[2m (next.js: 1566µs, proxy.ts: 2ms, application-code: 18ms)[22m
 POST /app/notes/cmmzxki970002bwyblsxyg3cj/edit [34m303[39m in 35ms[2m (next.js: 1427µs, proxy.ts: 3ms, application-code: 31ms)[22m
  └─ ƒ unpublishNoteAction("cmmzxki970002bwyblsxyg3cj") in 6ms [2msrc/app/app/notes/actions.ts[22m
 GET / [32m200[39m in 16ms[2m (next.js: 873µs, application-code: 16ms)[22m
 GET /notes/public-note-1774073521313 [33m404[39m in 32ms[2m (next.js: 1719µs, application-code: 30ms)[22m
 GET /login [32m200[39m in 18ms[2m (next.js: 906µs, application-code: 18ms)[22m
 GET /app [32m200[39m in 25ms[2m (next.js: 912µs, proxy.ts: 3ms, application-code: 21ms)[22m
 POST /login [34m303[39m in 60ms[2m (next.js: 941µs, application-code: 59ms)[22m
  └─ ƒ loginAction({}) in 30ms [2msrc/app/login/actions.ts[22m
 GET /app/links [32m200[39m in 37ms[2m (next.js: 17ms, proxy.ts: 3ms, application-code: 16ms)[22m
 GET /app/links?saved=1 [32m200[39m in 23ms[2m (next.js: 837µs, proxy.ts: 2ms, application-code: 20ms)[22m
 POST /app/links [34m303[39m in 39ms[2m (next.js: 936µs, proxy.ts: 3ms, application-code: 35ms)[22m
  └─ ƒ createLinkAction({}) in 8ms [2msrc/app/app/links/actions.ts[22m
 POST /api/test/mina/chat/completions [32m200[39m in 2ms[2m (next.js: 650µs, application-code: 1682µs)[22m
 GET /app/links?saved=1 [32m200[39m in 48ms[2m (next.js: 1723µs, proxy.ts: 13ms, application-code: 33ms)[22m
 GET / [32m200[39m in 30ms[2m (next.js: 2ms, application-code: 28ms)[22m
 GET /login [32m200[39m in 16ms[2m (next.js: 768µs, application-code: 15ms)[22m
 GET /app [32m200[39m in 25ms[2m (next.js: 1200µs, proxy.ts: 3ms, application-code: 22ms)[22m
 POST /login [34m303[39m in 60ms[2m (next.js: 862µs, application-code: 59ms)[22m
  └─ ƒ loginAction({}) in 30ms [2msrc/app/login/actions.ts[22m
 GET /app/links [32m200[39m in 20ms[2m (next.js: 923µs, proxy.ts: 3ms, application-code: 16ms)[22m
 GET /app/links?saved=1 [32m200[39m in 23ms[2m (next.js: 818µs, proxy.ts: 3ms, application-code: 20ms)[22m
 POST /app/links [34m303[39m in 37ms[2m (next.js: 965µs, proxy.ts: 3ms, application-code: 33ms)[22m
  └─ ƒ createLinkAction({}) in 5ms [2msrc/app/app/links/actions.ts[22m
 POST /api/test/mina/chat/completions [32m200[39m in 2ms[2m (next.js: 658µs, application-code: 1374µs)[22m
 GET /app/links?saved=1 [32m200[39m in 41ms[2m (next.js: 2ms, proxy.ts: 9ms, application-code: 29ms)[22m
 GET /app/links?published=1 [32m200[39m in 28ms[2m (next.js: 1168µs, proxy.ts: 3ms, application-code: 23ms)[22m
 POST /app/links?saved=1 [34m303[39m in 53ms[2m (next.js: 1915µs, proxy.ts: 7ms, application-code: 44ms)[22m
  └─ ƒ publishLinkAction("cmmzxkm730004bwybezggpkt4") in 8ms [2msrc/app/app/links/actions.ts[22m
 GET / [32m200[39m in 17ms[2m (next.js: 791µs, application-code: 16ms)[22m
 GET /app/links [32m200[39m in 65ms[2m (next.js: 828µs, proxy.ts: 3ms, application-code: 61ms)[22m
 GET /app/links?unpublished=1 [32m200[39m in 22ms[2m (next.js: 729µs, proxy.ts: 2ms, application-code: 19ms)[22m
 POST /app/links [34m303[39m in 35ms[2m (next.js: 816µs, proxy.ts: 3ms, application-code: 31ms)[22m
  └─ ƒ unpublishLinkAction("cmmzxkm730004bwybezggpkt4") in 5ms [2msrc/app/app/links/actions.ts[22m
 GET / [32m200[39m in 17ms[2m (next.js: 934µs, application-code: 16ms)[22m
 GET /login [32m200[39m in 16ms[2m (next.js: 984µs, application-code: 15ms)[22m
 GET /app [32m200[39m in 24ms[2m (next.js: 812µs, proxy.ts: 2ms, application-code: 21ms)[22m
 POST /login [34m303[39m in 58ms[2m (next.js: 965µs, application-code: 57ms)[22m
  └─ ƒ loginAction({}) in 29ms [2msrc/app/login/actions.ts[22m
 GET /app/links [32m200[39m in 22ms[2m (next.js: 939µs, proxy.ts: 3ms, application-code: 18ms)[22m
 GET /app/links?saved=1 [32m200[39m in 28ms[2m (next.js: 768µs, proxy.ts: 2ms, application-code: 26ms)[22m
 POST /app/links [34m303[39m in 42ms[2m (next.js: 967µs, proxy.ts: 3ms, application-code: 38ms)[22m
  └─ ƒ createLinkAction({}) in 6ms [2msrc/app/app/links/actions.ts[22m
 POST /api/test/mina/chat/completions [32m200[39m in 1513ms[2m (next.js: 706µs, application-code: 1512ms)[22m
 GET /app/links?saved=1 [32m200[39m in 43ms[2m (next.js: 2ms, proxy.ts: 9ms, application-code: 32ms)[22m
 GET /app/links?retried=1 [32m200[39m in 30ms[2m (next.js: 915µs, proxy.ts: 4ms, application-code: 25ms)[22m
 POST /app/links?saved=1 [34m303[39m in 48ms[2m (next.js: 1561µs, proxy.ts: 5ms, application-code: 41ms)[22m
  └─ ƒ retryLinkEnrichmentAction("cmmzxkp7w0005bwybv51cykqc") in 6ms [2msrc/app/app/links/actions.ts[22m
 POST /api/test/mina/chat/completions [32m200[39m in 1511ms[2m (next.js: 619µs, application-code: 1510ms)[22m
 GET /app/links?retried=1 [32m200[39m in 49ms[2m (next.js: 4ms, proxy.ts: 11ms, application-code: 35ms)[22m
 GET /login [32m200[39m in 17ms[2m (next.js: 940µs, application-code: 16ms)[22m
 GET /app [32m200[39m in 33ms[2m (next.js: 1027µs, proxy.ts: 2ms, application-code: 30ms)[22m
 POST /login [34m303[39m in 66ms[2m (next.js: 890µs, application-code: 65ms)[22m
  └─ ƒ loginAction({}) in 28ms [2msrc/app/login/actions.ts[22m
 GET /app/links [32m200[39m in 25ms[2m (next.js: 827µs, proxy.ts: 3ms, application-code: 22ms)[22m
 GET /app/links?error=invalid-url [32m200[39m in 24ms[2m (next.js: 825µs, proxy.ts: 3ms, application-code: 20ms)[22m
 POST /app/links [34m303[39m in 35ms[2m (next.js: 873µs, proxy.ts: 3ms, application-code: 31ms)[22m
  └─ ƒ createLinkAction({}) in 3ms [2msrc/app/app/links/actions.ts[22m
 GET /login [32m200[39m in 14ms[2m (next.js: 835µs, application-code: 13ms)[22m
 GET /app [32m200[39m in 25ms[2m (next.js: 888µs, proxy.ts: 3ms, application-code: 21ms)[22m
 POST /login [34m303[39m in 60ms[2m (next.js: 965µs, application-code: 59ms)[22m
  └─ ƒ loginAction({}) in 31ms [2msrc/app/login/actions.ts[22m
 GET /app/notes/new [32m200[39m in 16ms[2m (next.js: 857µs, proxy.ts: 3ms, application-code: 12ms)[22m
 GET /app/notes/cmmzxkunq0006bwybusxu7sda/edit?saved=1 [32m200[39m in 23ms[2m (next.js: 2ms, proxy.ts: 2ms, application-code: 18ms)[22m
 POST /app/notes/new [34m303[39m in 37ms[2m (next.js: 860µs, proxy.ts: 3ms, application-code: 33ms)[22m
  └─ ƒ createNoteAction({}) in 7ms [2msrc/app/app/notes/actions.ts[22m
 GET /app/links [32m200[39m in 49ms[2m (next.js: 905µs, proxy.ts: 3ms, application-code: 45ms)[22m
 GET /app/links?saved=1 [32m200[39m in 27ms[2m (next.js: 812µs, proxy.ts: 2ms, application-code: 24ms)[22m
 POST /app/links [34m303[39m in 43ms[2m (next.js: 1228µs, proxy.ts: 5ms, application-code: 36ms)[22m
  └─ ƒ createLinkAction({}) in 6ms [2msrc/app/app/links/actions.ts[22m
 POST /api/test/mina/chat/completions [32m200[39m in 2ms[2m (next.js: 670µs, application-code: 1597µs)[22m
 GET /app/links?saved=1 [32m200[39m in 42ms[2m (next.js: 2ms, proxy.ts: 8ms, application-code: 32ms)[22m
 GET /app/tags?tag=ai-owned [32m200[39m in 136ms[2m (next.js: 25ms, proxy.ts: 6ms, application-code: 104ms)[22m
 GET /app/tags [32m200[39m in 65ms[2m (next.js: 734µs, proxy.ts: 3ms, application-code: 61ms)[22m
 GET /app/search?q=Filtered%20note%201774073537406 [32m200[39m in 79ms[2m (next.js: 15ms, proxy.ts: 2ms, application-code: 62ms)[22m
 GET /app/search?q=url-needle-1774073537406 [32m200[39m in 45ms[2m (next.js: 753µs, proxy.ts: 3ms, application-code: 42ms)[22m
 GET /app/search?q=ai-owned [32m200[39m in 42ms[2m (next.js: 869µs, proxy.ts: 3ms, application-code: 39ms)[22m
 GET /login [32m200[39m in 16ms[2m (next.js: 1330µs, application-code: 14ms)[22m
 GET /app [32m200[39m in 24ms[2m (next.js: 893µs, proxy.ts: 2ms, application-code: 21ms)[22m
 POST /login [34m303[39m in 58ms[2m (next.js: 896µs, application-code: 58ms)[22m
  └─ ƒ loginAction({}) in 30ms [2msrc/app/login/actions.ts[22m
 GET /app/links [32m200[39m in 24ms[2m (next.js: 1308µs, proxy.ts: 3ms, application-code: 20ms)[22m
 GET /app/links?saved=1 [32m200[39m in 28ms[2m (next.js: 780µs, proxy.ts: 2ms, application-code: 25ms)[22m
 POST /app/links [34m303[39m in 41ms[2m (next.js: 916µs, proxy.ts: 3ms, application-code: 38ms)[22m
  └─ ƒ createLinkAction({}) in 6ms [2msrc/app/app/links/actions.ts[22m
 GET /app/links?saved=1 [32m200[39m in 43ms[2m (next.js: 2ms, proxy.ts: 6ms, application-code: 34ms)[22m
 GET /app/search?q=ai [32m200[39m in 54ms[2m (next.js: 1951µs, proxy.ts: 6ms, application-code: 46ms)[22m
 GET /app/tags?tag=ai [32m200[39m in 38ms[2m (next.js: 838µs, proxy.ts: 3ms, application-code: 34ms)[22m
 GET /login [32m200[39m in 16ms[2m (next.js: 807µs, application-code: 15ms)[22m
 GET /app [32m200[39m in 25ms[2m (next.js: 939µs, proxy.ts: 2ms, application-code: 21ms)[22m
 POST /login [34m303[39m in 59ms[2m (next.js: 864µs, application-code: 58ms)[22m
  └─ ƒ loginAction({}) in 30ms [2msrc/app/login/actions.ts[22m
 GET /app/notes/new [32m200[39m in 16ms[2m (next.js: 862µs, proxy.ts: 3ms, application-code: 12ms)[22m
 GET /app/notes/cmmzxl0si000abwybbvcu2txc/edit?saved=1 [32m200[39m in 23ms[2m (next.js: 2ms, proxy.ts: 2ms, application-code: 18ms)[22m
 POST /app/notes/new [34m303[39m in 35ms[2m (next.js: 859µs, proxy.ts: 3ms, application-code: 32ms)[22m
  └─ ƒ createNoteAction({}) in 6ms [2msrc/app/app/notes/actions.ts[22m
 GET /app/notes/cmmzxl0si000abwybbvcu2txc/edit?saved=1 [32m200[39m in 38ms[2m (next.js: 5ms, proxy.ts: 7ms, application-code: 25ms)[22m
 GET /app [32m200[39m in 60ms[2m (next.js: 2ms, proxy.ts: 7ms, application-code: 51ms)[22m
 GET / [32m200[39m in 20ms[2m (next.js: 817µs, application-code: 19ms)[22m
 GET /login [32m200[39m in 18ms[2m (next.js: 968µs, application-code: 17ms)[22m
 GET /login [32m200[39m in 21ms[2m (next.js: 732µs, application-code: 20ms)[22m
 GET /login [32m200[39m in 15ms[2m (next.js: 739µs, application-code: 14ms)[22m
 GET /app [32m200[39m in 21ms[2m (next.js: 787µs, proxy.ts: 2ms, application-code: 18ms)[22m
 POST /login [34m303[39m in 55ms[2m (next.js: 918µs, application-code: 54ms)[22m
  └─ ƒ loginAction({}) in 30ms [2msrc/app/login/actions.ts[22m
 GET /app/notes/cmmzxl3t80007byybo5uzpwno/edit [32m200[39m in 41ms[2m (next.js: 2ms, proxy.ts: 3ms, application-code: 36ms)[22m
 GET /login [32m200[39m in 14ms[2m (next.js: 751µs, application-code: 13ms)[22m
 GET /app [32m200[39m in 22ms[2m (next.js: 820µs, proxy.ts: 2ms, application-code: 19ms)[22m
 POST /login [34m303[39m in 56ms[2m (next.js: 874µs, application-code: 56ms)[22m
  └─ ƒ loginAction({}) in 30ms [2msrc/app/login/actions.ts[22m
 GET /app/notes/cmmzxl48y0008byybju1s10fo/edit [32m200[39m in 40ms[2m (next.js: 2ms, proxy.ts: 3ms, application-code: 35ms)[22m
 GET / [32m200[39m in 16ms[2m (next.js: 801µs, application-code: 15ms)[22m
 GET / [32m200[39m in 16ms[2m (next.js: 759µs, application-code: 15ms)[22m
 GET / [32m200[39m in 16ms[2m (next.js: 787µs, application-code: 15ms)[22m
 GET / [32m200[39m in 16ms[2m (next.js: 821µs, application-code: 15ms)[22m
 GET /login [32m200[39m in 15ms[2m (next.js: 855µs, application-code: 14ms)[22m
 GET /app [32m200[39m in 23ms[2m (next.js: 809µs, proxy.ts: 2ms, application-code: 20ms)[22m
 POST /login [34m303[39m in 56ms[2m (next.js: 922µs, application-code: 55ms)[22m
  └─ ƒ loginAction({}) in 29ms [2msrc/app/login/actions.ts[22m
 GET /login [32m200[39m in 14ms[2m (next.js: 726µs, application-code: 13ms)[22m
 GET /app [32m200[39m in 24ms[2m (next.js: 720µs, proxy.ts: 2ms, application-code: 21ms)[22m
 POST /login [34m303[39m in 59ms[2m (next.js: 936µs, application-code: 58ms)[22m
  └─ ƒ loginAction({}) in 30ms [2msrc/app/login/actions.ts[22m
 GET /login [32m200[39m in 14ms[2m (next.js: 803µs, application-code: 14ms)[22m
 GET /app [32m200[39m in 23ms[2m (next.js: 850µs, proxy.ts: 3ms, application-code: 19ms)[22m
 POST /login [34m303[39m in 56ms[2m (next.js: 905µs, application-code: 55ms)[22m
  └─ ƒ loginAction({}) in 29ms [2msrc/app/login/actions.ts[22m
 GET /app/links [32m200[39m in 45ms[2m (next.js: 912µs, proxy.ts: 6ms, application-code: 39ms)[22m
 GET /login [32m200[39m in 15ms[2m (next.js: 1279µs, application-code: 13ms)[22m
 GET /app [32m200[39m in 23ms[2m (next.js: 848µs, proxy.ts: 2ms, application-code: 19ms)[22m
 POST /login [34m303[39m in 55ms[2m (next.js: 914µs, application-code: 54ms)[22m
  └─ ƒ loginAction({}) in 28ms [2msrc/app/login/actions.ts[22m
 GET /app/links [32m200[39m in 52ms[2m (next.js: 918µs, proxy.ts: 3ms, application-code: 49ms)[22m
 GET /login [32m200[39m in 15ms[2m (next.js: 804µs, application-code: 14ms)[22m
 GET /app [32m200[39m in 23ms[2m (next.js: 967µs, proxy.ts: 3ms, application-code: 19ms)[22m
 POST /login [34m303[39m in 58ms[2m (next.js: 1282µs, application-code: 57ms)[22m
  └─ ƒ loginAction({}) in 30ms [2msrc/app/login/actions.ts[22m
 GET /app/tags?tag=studio-systems [32m200[39m in 32ms[2m (next.js: 884µs, proxy.ts: 2ms, application-code: 29ms)[22m
 GET /login [32m200[39m in 15ms[2m (next.js: 742µs, application-code: 14ms)[22m
 GET /app [32m200[39m in 23ms[2m (next.js: 849µs, proxy.ts: 2ms, application-code: 20ms)[22m
 POST /login [34m303[39m in 56ms[2m (next.js: 934µs, application-code: 55ms)[22m
  └─ ƒ loginAction({}) in 29ms [2msrc/app/login/actions.ts[22m
 GET /app/tags?tag=studio-systems [32m200[39m in 38ms[2m (next.js: 929µs, proxy.ts: 3ms, application-code: 34ms)[22m
 GET /login [32m200[39m in 15ms[2m (next.js: 805µs, application-code: 14ms)[22m
 GET /app [32m200[39m in 23ms[2m (next.js: 948µs, proxy.ts: 2ms, application-code: 19ms)[22m
 POST /login [34m303[39m in 56ms[2m (next.js: 962µs, application-code: 55ms)[22m
  └─ ƒ loginAction({}) in 30ms [2msrc/app/login/actions.ts[22m
 GET /app/search?q=rhythm [32m200[39m in 38ms[2m (next.js: 2ms, proxy.ts: 3ms, application-code: 33ms)[22m
 GET /login [32m200[39m in 15ms[2m (next.js: 809µs, application-code: 14ms)[22m
 GET /app [32m200[39m in 22ms[2m (next.js: 820µs, proxy.ts: 2ms, application-code: 19ms)[22m
 POST /login [34m303[39m in 56ms[2m (next.js: 986µs, application-code: 55ms)[22m
  └─ ƒ loginAction({}) in 30ms [2msrc/app/login/actions.ts[22m
 GET /app/search?q=rhythm [32m200[39m in 38ms[2m (next.js: 1049µs, proxy.ts: 3ms, application-code: 34ms)[22m
 GET /notes/public-notes-should-read-like-finished-pages-not-dashboards [32m200[39m in 37ms[2m (next.js: 3ms, application-code: 34ms)[22m
 GET /notes/public-notes-should-read-like-finished-pages-not-dashboards [32m200[39m in 27ms[2m (next.js: 1909µs, application-code: 25ms)[22m
 GET / [32m200[39m in 15ms[2m (next.js: 819µs, application-code: 14ms)[22m
 GET /login [32m200[39m in 14ms[2m (next.js: 793µs, application-code: 14ms)[22m
 GET /login [32m200[39m in 15ms[2m (next.js: 751µs, application-code: 14ms)[22m
 GET /app [32m200[39m in 22ms[2m (next.js: 911µs, proxy.ts: 2ms, application-code: 18ms)[22m
 POST /login [34m303[39m in 56ms[2m (next.js: 866µs, application-code: 55ms)[22m
  └─ ƒ loginAction({}) in 30ms [2msrc/app/login/actions.ts[22m
 GET /login [32m200[39m in 15ms[2m (next.js: 778µs, application-code: 14ms)[22m
 GET /app [32m200[39m in 22ms[2m (next.js: 841µs, proxy.ts: 2ms, application-code: 19ms)[22m
 POST /login [34m303[39m in 62ms[2m (next.js: 887µs, application-code: 61ms)[22m
  └─ ƒ loginAction({}) in 30ms [2msrc/app/login/actions.ts[22m
