[main 24f4ab9] ralph: 045-markdown-editor-foundation 2026-03-21T17:34:35+09:00
 40 files changed, 1998 insertions(+), 59 deletions(-)
 create mode 100644 docs/design-docs/markdown-editor-workbench.md
 create mode 100644 docs/exec-plans/active/045-markdown-editor-foundation.md
 create mode 100644 docs/exec-plans/active/046-note-editor-toolbar-and-shortcuts.md
 create mode 100644 docs/exec-plans/active/047-note-editor-view-modes.md
 create mode 100644 docs/exec-plans/active/048-note-editor-mobile-workflow.md
 create mode 100644 docs/exec-plans/active/049-note-editor-hardening.md
 rename docs/exec-plans/{active => completed}/044-public-home-wave-hardening.md (93%)
 create mode 100644 docs/product-specs/markdown-editor-workbench.md
 create mode 100644 docs/references/markdown-editor-patterns.md
 create mode 100644 state/artifacts/20260321T164319-044-public-home-wave-hardening/backlog.log
 create mode 100644 state/artifacts/20260321T164319-044-public-home-wave-hardening/promote.log
 create mode 100644 state/artifacts/20260321T171853-045-markdown-editor-foundation/commit.log
 create mode 100644 state/artifacts/20260321T171853-045-markdown-editor-foundation/evaluator.log
 create mode 100644 state/artifacts/20260321T171853-045-markdown-editor-foundation/npm-run-test-e2e-grep-ui-note-editor-foundation-next-server.log
 create mode 100644 state/artifacts/20260321T171853-045-markdown-editor-foundation/npm-run-verify-next-server.log
 create mode 100644 state/artifacts/20260321T171853-045-markdown-editor-foundation/task-prompt.log
 create mode 100644 state/artifacts/20260321T171853-045-markdown-editor-foundation/worker.jsonl
 create mode 100644 tests/e2e/ui-note-editor-foundation.spec.ts
 create mode 100644 tests/e2e/ui-note-editor-foundation.spec.ts-snapshots/ui-note-editor-foundation-desktop-darwin.png
 create mode 100644 tests/e2e/ui-note-editor-foundation.spec.ts-snapshots/ui-note-editor-foundation-mobile-darwin.png
commit: created
