
> minakeep@0.1.0 dev
> next dev --hostname 127.0.0.1 --port 3100

[1m[38;2;173;127;168m▲ Next.js 16.2.0[39m[22m (Turbopack)
- Local:         http://127.0.0.1:3100
- Network:       http://127.0.0.1:3100
- Environments: .env
[32m[1m✓[22m[39m Ready in 195ms

 GET /api/health [32m200[39m in 75ms[2m (next.js: 66ms, application-code: 9ms)[22m
 GET / [32m200[39m in 284ms[2m (next.js: 27ms, application-code: 256ms)[22m
 GET /login [32m200[39m in 286ms[2m (next.js: 170ms, application-code: 117ms)[22m
 GET /login [32m200[39m in 287ms[2m (next.js: 179ms, application-code: 108ms)[22m
 GET /login?callbackUrl=http%3A%2F%2Flocalhost%3A3100%2Fapp%2Fsearch [32m200[39m in 132ms[2m (next.js: 60ms, application-code: 71ms)[22m
 GET /app [32m200[39m in 231ms[2m (next.js: 25ms, proxy.ts: 21ms, application-code: 185ms)[22m
 GET /app [32m200[39m in 231ms[2m (next.js: 58ms, proxy.ts: 22ms, application-code: 151ms)[22m
 POST /login [34m303[39m in 350ms[2m (next.js: 3ms, application-code: 347ms)[22m
  └─ ƒ loginAction({}) in 97ms [2msrc/app/login/actions.ts[22m
 POST /login [34m303[39m in 350ms[2m (next.js: 21ms, application-code: 330ms)[22m
  └─ ƒ loginAction({}) in 81ms [2msrc/app/login/actions.ts[22m
 GET /login?callbackUrl=http%3A%2F%2Flocalhost%3A3100%2Fapp%2Fnotes%2Fnew [32m200[39m in 18ms[2m (next.js: 1572µs, application-code: 16ms)[22m
 GET /app [32m200[39m in 53ms[2m (next.js: 1189µs, proxy.ts: 3ms, application-code: 49ms)[22m
 POST /login?callbackUrl=http%3A%2F%2Flocalhost%3A3100%2Fapp%2Fnotes%2Fnew [34m303[39m in 88ms[2m (next.js: 1358µs, application-code: 87ms)[22m
  └─ ƒ loginAction({}) in 28ms [2msrc/app/login/actions.ts[22m
 GET /app/notes/new [32m200[39m in 50ms[2m (next.js: 26ms, proxy.ts: 4ms, application-code: 20ms)[22m
 GET /app/notes/new [32m200[39m in 44ms[2m (next.js: 4ms, proxy.ts: 7ms, application-code: 32ms)[22m
 GET /app/notes/cmmz7yq710001imybhqxffdws/edit?saved=1 [32m200[39m in 147ms[2m (next.js: 109ms, proxy.ts: 2ms, application-code: 36ms)[22m
 GET /app/notes/cmmz7yq3t0000imybm3napvuv/edit?saved=1 [32m200[39m in 252ms[2m (next.js: 211ms, proxy.ts: 5ms, application-code: 36ms)[22m
 POST /app/notes/new [34m303[39m in 296ms[2m (next.js: 3ms, proxy.ts: 7ms, application-code: 287ms)[22m
  └─ ƒ createNoteAction({}) in 29ms [2msrc/app/app/notes/actions.ts[22m
 POST /app/notes/new [34m303[39m in 166ms[2m (next.js: 949µs, proxy.ts: 3ms, application-code: 161ms)[22m
  └─ ƒ createNoteAction({}) in 6ms [2msrc/app/app/notes/actions.ts[22m
 POST /app/notes/cmmz7yq710001imybhqxffdws/edit?saved=1 [34m303[39m in 140ms[2m (next.js: 6ms, proxy.ts: 4ms, application-code: 130ms)[22m
  └─ ƒ updateNoteAction("cmmz7yq710001imybhqxffdws", {}) in 7ms [2msrc/app/app/notes/actions.ts[22m
 GET /app/notes/cmmz7yq710001imybhqxffdws/edit?saved=1 [32m200[39m in 149ms[2m (next.js: 10ms, proxy.ts: 106ms, application-code: 32ms)[22m
 GET /app [32m200[39m in 181ms[2m (next.js: 5ms, proxy.ts: 10ms, application-code: 166ms)[22m
 GET /app/notes/cmmz7yq710001imybhqxffdws/edit [32m200[39m in 20ms[2m (next.js: 3ms, proxy.ts: 3ms, application-code: 15ms)[22m
 GET /login [32m200[39m in 17ms[2m (next.js: 828µs, application-code: 16ms)[22m
 GET /app [32m200[39m in 59ms[2m (next.js: 935µs, proxy.ts: 3ms, application-code: 55ms)[22m
 POST /login [34m303[39m in 93ms[2m (next.js: 968µs, application-code: 92ms)[22m
  └─ ƒ loginAction({}) in 29ms [2msrc/app/login/actions.ts[22m
 GET /app/notes/new [32m200[39m in 26ms[2m (next.js: 1858µs, proxy.ts: 6ms, application-code: 18ms)[22m
 GET /app/notes/cmmz7yrde0002imybdn0vp3pk/edit?saved=1 [32m200[39m in 22ms[2m (next.js: 2ms, proxy.ts: 2ms, application-code: 17ms)[22m
 POST /app/notes/new [34m303[39m in 37ms[2m (next.js: 1082µs, proxy.ts: 3ms, application-code: 33ms)[22m
  └─ ƒ createNoteAction({}) in 6ms [2msrc/app/app/notes/actions.ts[22m
 GET /app/notes/cmmz7yrde0002imybdn0vp3pk/edit?published=1 [32m200[39m in 22ms[2m (next.js: 1348µs, proxy.ts: 2ms, application-code: 18ms)[22m
 POST /app/notes/cmmz7yrde0002imybdn0vp3pk/edit?saved=1 [34m303[39m in 36ms[2m (next.js: 1834µs, proxy.ts: 3ms, application-code: 31ms)[22m
  └─ ƒ publishNoteAction("cmmz7yrde0002imybdn0vp3pk") in 5ms [2msrc/app/app/notes/actions.ts[22m
 GET / [32m200[39m in 17ms[2m (next.js: 1192µs, application-code: 15ms)[22m
 GET /notes/public-note-1774030516035 [32m200[39m in 192ms[2m (next.js: 176ms, application-code: 16ms)[22m
 GET /app/notes/cmmz7yq3t0000imybm3napvuv/edit?saved=1 [32m200[39m in 105ms[2m (next.js: 5ms, proxy.ts: 67ms, application-code: 33ms)[22m
 GET /app [32m200[39m in 130ms[2m (next.js: 1091µs, proxy.ts: 3ms, application-code: 126ms)[22m
 GET /app/notes/cmmz7yrde0002imybdn0vp3pk/edit [32m200[39m in 20ms[2m (next.js: 1697µs, proxy.ts: 3ms, application-code: 15ms)[22m
 GET /app/notes/cmmz7yrde0002imybdn0vp3pk/edit?unpublished=1 [32m200[39m in 21ms[2m (next.js: 1477µs, proxy.ts: 2ms, application-code: 17ms)[22m
 POST /app/notes/cmmz7yrde0002imybdn0vp3pk/edit [34m303[39m in 38ms[2m (next.js: 3ms, proxy.ts: 3ms, application-code: 31ms)[22m
  └─ ƒ unpublishNoteAction("cmmz7yrde0002imybdn0vp3pk") in 6ms [2msrc/app/app/notes/actions.ts[22m
 GET / [32m200[39m in 18ms[2m (next.js: 758µs, application-code: 17ms)[22m
 GET /notes/public-note-1774030516035 [33m404[39m in 28ms[2m (next.js: 1728µs, application-code: 27ms)[22m
 GET /login [32m200[39m in 23ms[2m (next.js: 868µs, application-code: 22ms)[22m
 GET /app [32m200[39m in 51ms[2m (next.js: 887µs, proxy.ts: 2ms, application-code: 48ms)[22m
 POST /login [34m303[39m in 87ms[2m (next.js: 1236µs, application-code: 86ms)[22m
  └─ ƒ loginAction({}) in 29ms [2msrc/app/login/actions.ts[22m
 GET /app [32m200[39m in 103ms[2m (next.js: 1018µs, proxy.ts: 3ms, application-code: 99ms)[22m
 GET /app/links [32m200[39m in 47ms[2m (next.js: 14ms, proxy.ts: 3ms, application-code: 30ms)[22m
 GET /app/links?saved=1 [32m200[39m in 36ms[2m (next.js: 875µs, proxy.ts: 2ms, application-code: 32ms)[22m
 POST /app/links [34m303[39m in 55ms[2m (next.js: 898µs, proxy.ts: 3ms, application-code: 51ms)[22m
  └─ ƒ createLinkAction({}) in 8ms [2msrc/app/app/links/actions.ts[22m
 GET / [32m200[39m in 14ms[2m (next.js: 867µs, application-code: 13ms)[22m
 GET /login [32m200[39m in 14ms[2m (next.js: 835µs, application-code: 13ms)[22m
 GET /app [32m200[39m in 58ms[2m (next.js: 901µs, proxy.ts: 3ms, application-code: 54ms)[22m
 POST /login [34m303[39m in 91ms[2m (next.js: 1045µs, application-code: 90ms)[22m
  └─ ƒ loginAction({}) in 29ms [2msrc/app/login/actions.ts[22m
 GET /app/links [32m200[39m in 45ms[2m (next.js: 1802µs, proxy.ts: 8ms, application-code: 35ms)[22m
 GET /app/links?error=invalid-url [32m200[39m in 35ms[2m (next.js: 840µs, proxy.ts: 2ms, application-code: 31ms)[22m
 POST /app/links [34m303[39m in 46ms[2m (next.js: 1049µs, proxy.ts: 3ms, application-code: 42ms)[22m
  └─ ƒ createLinkAction({}) in 3ms [2msrc/app/app/links/actions.ts[22m
 GET /login [32m200[39m in 14ms[2m (next.js: 834µs, application-code: 13ms)[22m
 GET /app [32m200[39m in 58ms[2m (next.js: 1037µs, proxy.ts: 8ms, application-code: 49ms)[22m
 POST /login [34m303[39m in 91ms[2m (next.js: 886µs, application-code: 91ms)[22m
  └─ ƒ loginAction({}) in 29ms [2msrc/app/login/actions.ts[22m
 GET /app/notes/new [32m200[39m in 26ms[2m (next.js: 2ms, proxy.ts: 8ms, application-code: 16ms)[22m
 GET /app/notes/cmmz7yu710006imybr8c3076x/edit?saved=1 [32m200[39m in 23ms[2m (next.js: 3ms, proxy.ts: 2ms, application-code: 17ms)[22m
 POST /app/notes/new [34m303[39m in 38ms[2m (next.js: 1578µs, proxy.ts: 4ms, application-code: 33ms)[22m
  └─ ƒ createNoteAction({}) in 6ms [2msrc/app/app/notes/actions.ts[22m
 GET /app/links [32m200[39m in 77ms[2m (next.js: 960µs, proxy.ts: 3ms, application-code: 73ms)[22m
 GET /app/links?saved=1 [32m200[39m in 39ms[2m (next.js: 799µs, proxy.ts: 2ms, application-code: 37ms)[22m
 POST /app/links [34m303[39m in 53ms[2m (next.js: 840µs, proxy.ts: 3ms, application-code: 49ms)[22m
  └─ ƒ createLinkAction({}) in 6ms [2msrc/app/app/links/actions.ts[22m
 GET /app/tags?tag=link-only-1774030519688 [32m200[39m in 98ms[2m (next.js: 15ms, proxy.ts: 3ms, application-code: 80ms)[22m
 GET /app/tags [32m200[39m in 150ms[2m (next.js: 1031µs, proxy.ts: 3ms, application-code: 146ms)[22m
 GET /app/search?q=Filtered%20note%201774030519688 [32m200[39m in 68ms[2m (next.js: 14ms, proxy.ts: 3ms, application-code: 51ms)[22m
 GET /app/search?q=url-needle-1774030519688 [32m200[39m in 30ms[2m (next.js: 810µs, proxy.ts: 3ms, application-code: 27ms)[22m
 GET /app/search?q=search-tag-1774030519688 [32m200[39m in 25ms[2m (next.js: 740µs, proxy.ts: 3ms, application-code: 21ms)[22m
