
> minakeep@0.1.0 dev
> next dev --hostname 127.0.0.1 --port 3100

[1m[38;2;173;127;168m▲ Next.js 16.2.0[39m[22m (Turbopack)
- Local:         http://127.0.0.1:3100
- Network:       http://127.0.0.1:3100
- Environments: .env
[32m[1m✓[22m[39m Ready in 188ms

 GET /api/health [32m200[39m in 71ms[2m (next.js: 61ms, application-code: 10ms)[22m
 GET /login [32m200[39m in 161ms[2m (next.js: 48ms, application-code: 113ms)[22m
 GET /app [32m200[39m in 121ms[2m (next.js: 26ms, proxy.ts: 42ms, application-code: 53ms)[22m
 POST /login [34m303[39m in 223ms[2m (next.js: 1323µs, application-code: 221ms)[22m
  └─ ƒ loginAction({}) in 92ms [2msrc/app/login/actions.ts[22m
 GET / [32m200[39m in 50ms[2m (next.js: 10ms, application-code: 41ms)[22m
 GET /login?callbackUrl=http%3A%2F%2Flocalhost%3A3100%2Fapp%2Fsearch [32m200[39m in 22ms[2m (next.js: 917µs, application-code: 21ms)[22m
 GET /login?callbackUrl=http%3A%2F%2Flocalhost%3A3100%2Fapp%2Fnotes%2Fnew [32m200[39m in 27ms[2m (next.js: 813µs, application-code: 27ms)[22m
 GET /app [32m200[39m in 22ms[2m (next.js: 1010µs, proxy.ts: 3ms, application-code: 18ms)[22m
 POST /login?callbackUrl=http%3A%2F%2Flocalhost%3A3100%2Fapp%2Fnotes%2Fnew [34m303[39m in 58ms[2m (next.js: 1110µs, application-code: 57ms)[22m
  └─ ƒ loginAction({}) in 31ms [2msrc/app/login/actions.ts[22m
 GET /app/notes/new [32m200[39m in 36ms[2m (next.js: 19ms, proxy.ts: 3ms, application-code: 13ms)[22m
 GET /app/notes/cmn0djsck0000pgybgavcccvk/edit?saved=1 [32m200[39m in 235ms[2m (next.js: 211ms, proxy.ts: 3ms, application-code: 21ms)[22m
 POST /app/notes/new [34m303[39m in 263ms[2m (next.js: 1025µs, proxy.ts: 3ms, application-code: 259ms)[22m
  └─ ƒ createNoteAction({}) in 19ms [2msrc/app/app/notes/actions.ts[22m
 POST /app/notes/cmn0djsck0000pgybgavcccvk/edit?saved=1 [34m303[39m in 172ms[2m (next.js: 5ms, proxy.ts: 3ms, application-code: 164ms)[22m
  └─ ƒ updateNoteAction("cmn0djsck0000pgybgavcccvk", {}) in 9ms [2msrc/app/app/notes/actions.ts[22m
 GET /app/notes/cmn0djsck0000pgybgavcccvk/edit?saved=1 [32m200[39m in 179ms[2m (next.js: 3ms, proxy.ts: 26ms, application-code: 150ms)[22m
 GET /app [32m200[39m in 193ms[2m (next.js: 1192µs, proxy.ts: 13ms, application-code: 179ms)[22m
 GET /app/notes/cmn0djsck0000pgybgavcccvk/edit [32m200[39m in 25ms[2m (next.js: 3ms, proxy.ts: 4ms, application-code: 17ms)[22m
 GET /login [32m200[39m in 19ms[2m (next.js: 1040µs, application-code: 18ms)[22m
 GET /app [32m200[39m in 29ms[2m (next.js: 1230µs, proxy.ts: 8ms, application-code: 20ms)[22m
 POST /login [34m303[39m in 65ms[2m (next.js: 968µs, application-code: 64ms)[22m
  └─ ƒ loginAction({}) in 31ms [2msrc/app/login/actions.ts[22m
 GET /app/notes/new [32m200[39m in 17ms[2m (next.js: 1026µs, proxy.ts: 3ms, application-code: 12ms)[22m
 GET /app/notes/cmn0djtbn0001pgybil5yoild/edit?saved=1 [32m200[39m in 31ms[2m (next.js: 2ms, proxy.ts: 2ms, application-code: 26ms)[22m
 POST /app/notes/new [34m303[39m in 47ms[2m (next.js: 1506µs, proxy.ts: 3ms, application-code: 42ms)[22m
  └─ ƒ createNoteAction({}) in 7ms [2msrc/app/app/notes/actions.ts[22m
 POST /api/test/mina/chat/completions [32m200[39m in 1512ms[2m (next.js: 15ms, application-code: 1497ms)[22m
 GET /app/notes/cmn0djtbn0001pgybil5yoild/edit?saved=1 [32m200[39m in 43ms[2m (next.js: 6ms, proxy.ts: 10ms, application-code: 26ms)[22m
 GET /app/notes/cmn0djtbn0001pgybil5yoild/edit?retried=1 [32m200[39m in 37ms[2m (next.js: 1680µs, proxy.ts: 3ms, application-code: 33ms)[22m
 POST /app/notes/cmn0djtbn0001pgybil5yoild/edit?saved=1 [34m303[39m in 60ms[2m (next.js: 5ms, proxy.ts: 7ms, application-code: 49ms)[22m
  └─ ƒ retryNoteEnrichmentAction("cmn0djtbn0001pgybil5yoild") in 7ms [2msrc/app/app/notes/actions.ts[22m
 POST /api/test/mina/chat/completions [32m200[39m in 1510ms[2m (next.js: 1227µs, application-code: 1509ms)[22m
 GET /app/notes/cmn0djtbn0001pgybil5yoild/edit?retried=1 [32m200[39m in 42ms[2m (next.js: 6ms, proxy.ts: 10ms, application-code: 26ms)[22m
 GET /login [32m200[39m in 17ms[2m (next.js: 870µs, application-code: 16ms)[22m
 GET /app [32m200[39m in 23ms[2m (next.js: 893µs, proxy.ts: 3ms, application-code: 19ms)[22m
 POST /login [34m303[39m in 58ms[2m (next.js: 913µs, application-code: 57ms)[22m
  └─ ƒ loginAction({}) in 31ms [2msrc/app/login/actions.ts[22m
 GET /app/notes/new [32m200[39m in 16ms[2m (next.js: 939µs, proxy.ts: 3ms, application-code: 12ms)[22m
 GET /app/notes/cmn0djycg0002pgyb30cabnrm/edit?saved=1 [32m200[39m in 22ms[2m (next.js: 2ms, proxy.ts: 2ms, application-code: 18ms)[22m
 POST /app/notes/new [34m303[39m in 38ms[2m (next.js: 2ms, proxy.ts: 3ms, application-code: 32ms)[22m
  └─ ƒ createNoteAction({}) in 6ms [2msrc/app/app/notes/actions.ts[22m
 GET /app/notes/cmn0djycg0002pgyb30cabnrm/edit?published=1 [32m200[39m in 21ms[2m (next.js: 1229µs, proxy.ts: 2ms, application-code: 17ms)[22m
 POST /app/notes/cmn0djycg0002pgyb30cabnrm/edit?saved=1 [34m303[39m in 35ms[2m (next.js: 1885µs, proxy.ts: 3ms, application-code: 30ms)[22m
  └─ ƒ publishNoteAction("cmn0djycg0002pgyb30cabnrm") in 5ms [2msrc/app/app/notes/actions.ts[22m
 GET / [32m200[39m in 22ms[2m (next.js: 1001µs, application-code: 21ms)[22m
 GET /notes/public-note-1774100369361 [32m200[39m in 200ms[2m (next.js: 185ms, application-code: 16ms)[22m
 GET /app [32m200[39m in 43ms[2m (next.js: 959µs, proxy.ts: 3ms, application-code: 39ms)[22m
 GET /app/notes/cmn0djycg0002pgyb30cabnrm/edit [32m200[39m in 23ms[2m (next.js: 3ms, proxy.ts: 3ms, application-code: 18ms)[22m
 GET /app/notes/cmn0djycg0002pgyb30cabnrm/edit?unpublished=1 [32m200[39m in 21ms[2m (next.js: 1293µs, proxy.ts: 3ms, application-code: 17ms)[22m
 POST /app/notes/cmn0djycg0002pgyb30cabnrm/edit [34m303[39m in 35ms[2m (next.js: 2ms, proxy.ts: 3ms, application-code: 30ms)[22m
  └─ ƒ unpublishNoteAction("cmn0djycg0002pgyb30cabnrm") in 5ms [2msrc/app/app/notes/actions.ts[22m
 GET / [32m200[39m in 17ms[2m (next.js: 881µs, application-code: 16ms)[22m
 GET /notes/public-note-1774100369361 [33m404[39m in 36ms[2m (next.js: 1777µs, application-code: 34ms)[22m
 GET /login [32m200[39m in 18ms[2m (next.js: 799µs, application-code: 17ms)[22m
 GET /app [32m200[39m in 24ms[2m (next.js: 1048µs, proxy.ts: 2ms, application-code: 21ms)[22m
 POST /login [34m303[39m in 59ms[2m (next.js: 867µs, application-code: 58ms)[22m
  └─ ƒ loginAction({}) in 30ms [2msrc/app/login/actions.ts[22m
 GET /app/links [32m200[39m in 37ms[2m (next.js: 15ms, proxy.ts: 3ms, application-code: 19ms)[22m
 GET /app/links?saved=1 [32m200[39m in 23ms[2m (next.js: 766µs, proxy.ts: 2ms, application-code: 20ms)[22m
 POST /app/links [34m303[39m in 39ms[2m (next.js: 1570µs, proxy.ts: 3ms, application-code: 34ms)[22m
  └─ ƒ createLinkAction({}) in 8ms [2msrc/app/app/links/actions.ts[22m
 POST /api/test/mina/chat/completions [32m200[39m in 3ms[2m (next.js: 676µs, application-code: 1826µs)[22m
{"level":"warn","message":"Link favicon could not be resolved.","metadata":{"linkId":"cmn0djzk50003pgybegtpaklo","url":"https://example.com/reference-1774100370954"},"timestamp":"2026-03-21T13:39:31.467Z"}
 GET /app/links?saved=1 [32m200[39m in 35ms[2m (next.js: 2ms, proxy.ts: 6ms, application-code: 27ms)[22m
 GET / [32m200[39m in 30ms[2m (next.js: 2ms, application-code: 28ms)[22m
 GET /login [32m200[39m in 16ms[2m (next.js: 785µs, application-code: 15ms)[22m
 GET /app [32m200[39m in 51ms[2m (next.js: 978µs, proxy.ts: 3ms, application-code: 48ms)[22m
 POST /login [34m303[39m in 86ms[2m (next.js: 924µs, application-code: 85ms)[22m
  └─ ƒ loginAction({}) in 30ms [2msrc/app/login/actions.ts[22m
 GET /app/links [32m200[39m in 24ms[2m (next.js: 1257µs, proxy.ts: 6ms, application-code: 16ms)[22m
 GET /app/links?saved=1 [32m200[39m in 24ms[2m (next.js: 786µs, proxy.ts: 3ms, application-code: 20ms)[22m
 POST /app/links [34m303[39m in 37ms[2m (next.js: 939µs, proxy.ts: 3ms, application-code: 34ms)[22m
  └─ ƒ createLinkAction({}) in 6ms [2msrc/app/app/links/actions.ts[22m
 POST /api/test/mina/chat/completions [32m200[39m in 1978µs[2m (next.js: 600µs, application-code: 1378µs)[22m
{"level":"warn","message":"Link favicon could not be resolved.","metadata":{"linkId":"cmn0dk2a10004pgybz9u56ifz","url":"https://example.com/published-link-1774100374480"},"timestamp":"2026-03-21T13:39:34.997Z"}
 GET /app/links?saved=1 [32m200[39m in 44ms[2m (next.js: 3ms, proxy.ts: 10ms, application-code: 32ms)[22m
 GET /app/links?published=1 [32m200[39m in 30ms[2m (next.js: 1113µs, proxy.ts: 3ms, application-code: 25ms)[22m
 POST /app/links?saved=1 [34m303[39m in 55ms[2m (next.js: 1637µs, proxy.ts: 9ms, application-code: 44ms)[22m
  └─ ƒ publishLinkAction("cmn0dk2a10004pgybz9u56ifz") in 9ms [2msrc/app/app/links/actions.ts[22m
 GET / [32m200[39m in 18ms[2m (next.js: 767µs, application-code: 17ms)[22m
 GET /app/links [32m200[39m in 69ms[2m (next.js: 988µs, proxy.ts: 3ms, application-code: 66ms)[22m
 GET /app/links?unpublished=1 [32m200[39m in 25ms[2m (next.js: 842µs, proxy.ts: 2ms, application-code: 22ms)[22m
 POST /app/links [34m303[39m in 38ms[2m (next.js: 841µs, proxy.ts: 3ms, application-code: 35ms)[22m
  └─ ƒ unpublishLinkAction("cmn0dk2a10004pgybz9u56ifz") in 7ms [2msrc/app/app/links/actions.ts[22m
 GET / [32m200[39m in 18ms[2m (next.js: 874µs, application-code: 17ms)[22m
 GET /login [32m200[39m in 16ms[2m (next.js: 805µs, application-code: 15ms)[22m
 GET /app [32m200[39m in 25ms[2m (next.js: 884µs, proxy.ts: 3ms, application-code: 21ms)[22m
 POST /login [34m303[39m in 58ms[2m (next.js: 932µs, application-code: 57ms)[22m
  └─ ƒ loginAction({}) in 29ms [2msrc/app/login/actions.ts[22m
 GET /app/links [32m200[39m in 22ms[2m (next.js: 917µs, proxy.ts: 3ms, application-code: 18ms)[22m
 GET /app/links?saved=1 [32m200[39m in 26ms[2m (next.js: 827µs, proxy.ts: 2ms, application-code: 23ms)[22m
 POST /app/links [34m303[39m in 38ms[2m (next.js: 865µs, proxy.ts: 3ms, application-code: 35ms)[22m
  └─ ƒ createLinkAction({}) in 6ms [2msrc/app/app/links/actions.ts[22m
{"level":"warn","message":"Link favicon could not be resolved.","metadata":{"linkId":"cmn0dk5dk0005pgybcuaeuo0h","url":"https://example.com/retry-link-1774100378506"},"timestamp":"2026-03-21T13:39:39.004Z"}
 POST /api/test/mina/chat/completions [32m200[39m in 1512ms[2m (next.js: 610µs, application-code: 1511ms)[22m
 GET /app/links?saved=1 [32m200[39m in 47ms[2m (next.js: 3ms, proxy.ts: 10ms, application-code: 35ms)[22m
 GET /app/links?retried=1 [32m200[39m in 30ms[2m (next.js: 1066µs, proxy.ts: 3ms, application-code: 26ms)[22m
 POST /app/links?saved=1 [34m303[39m in 53ms[2m (next.js: 1715µs, proxy.ts: 6ms, application-code: 45ms)[22m
  └─ ƒ retryLinkEnrichmentAction("cmn0dk5dk0005pgybcuaeuo0h") in 7ms [2msrc/app/app/links/actions.ts[22m
 POST /api/test/mina/chat/completions [32m200[39m in 1508ms[2m (next.js: 607µs, application-code: 1508ms)[22m
 GET /app/links?retried=1 [32m200[39m in 54ms[2m (next.js: 4ms, proxy.ts: 10ms, application-code: 40ms)[22m
 GET /login [32m200[39m in 64ms[2m (next.js: 2ms, application-code: 62ms)[22m
 GET /app [32m200[39m in 168ms[2m (next.js: 1179µs, proxy.ts: 3ms, application-code: 163ms)[22m
 POST /login [34m303[39m in 230ms[2m (next.js: 1569µs, application-code: 228ms)[22m
  └─ ƒ loginAction({}) in 54ms [2msrc/app/login/actions.ts[22m
 GET /app/links [32m200[39m in 151ms[2m (next.js: 4ms, proxy.ts: 14ms, application-code: 133ms)[22m
 GET /app/links?error=invalid-url [32m200[39m in 46ms[2m (next.js: 1739µs, proxy.ts: 4ms, application-code: 41ms)[22m
 POST /app/links [34m303[39m in 59ms[2m (next.js: 841µs, proxy.ts: 3ms, application-code: 55ms)[22m
  └─ ƒ createLinkAction({}) in 6ms [2msrc/app/app/links/actions.ts[22m
 GET /login [32m200[39m in 18ms[2m (next.js: 909µs, application-code: 17ms)[22m
 GET /app [32m200[39m in 25ms[2m (next.js: 1091µs, proxy.ts: 2ms, application-code: 22ms)[22m
 POST /login [34m303[39m in 60ms[2m (next.js: 950µs, application-code: 59ms)[22m
  └─ ƒ loginAction({}) in 31ms [2msrc/app/login/actions.ts[22m
 GET /app/notes/new [32m200[39m in 17ms[2m (next.js: 1700µs, proxy.ts: 3ms, application-code: 12ms)[22m
 GET /app/notes/cmn0dkb8t0006pgybgwiy2jaw/edit?saved=1 [32m200[39m in 25ms[2m (next.js: 3ms, proxy.ts: 2ms, application-code: 19ms)[22m
 POST /app/notes/new [34m303[39m in 42ms[2m (next.js: 895µs, proxy.ts: 3ms, application-code: 38ms)[22m
  └─ ƒ createNoteAction({}) in 6ms [2msrc/app/app/notes/actions.ts[22m
 GET /app/links [32m200[39m in 60ms[2m (next.js: 1106µs, proxy.ts: 3ms, application-code: 56ms)[22m
 GET /app/links?saved=1 [32m200[39m in 32ms[2m (next.js: 797µs, proxy.ts: 2ms, application-code: 28ms)[22m
 POST /app/links [34m303[39m in 46ms[2m (next.js: 2ms, proxy.ts: 3ms, application-code: 40ms)[22m
  └─ ƒ createLinkAction({}) in 5ms [2msrc/app/app/links/actions.ts[22m
 POST /api/test/mina/chat/completions [32m200[39m in 2ms[2m (next.js: 634µs, application-code: 1657µs)[22m
{"level":"warn","message":"Link favicon could not be resolved.","metadata":{"linkId":"cmn0dkbg50007pgyb0a2i04e7","url":"https://example.com/url-needle-1774100386070"},"timestamp":"2026-03-21T13:39:46.895Z"}
 GET /app/links?saved=1 [32m200[39m in 53ms[2m (next.js: 4ms, proxy.ts: 9ms, application-code: 40ms)[22m
 GET /app/tags?tag=ai-owned [32m200[39m in 159ms[2m (next.js: 28ms, proxy.ts: 7ms, application-code: 125ms)[22m
 GET /app/tags [32m200[39m in 59ms[2m (next.js: 728µs, proxy.ts: 3ms, application-code: 56ms)[22m
 GET /app/search?q=Filtered%20note%201774100386070 [32m200[39m in 85ms[2m (next.js: 16ms, proxy.ts: 3ms, application-code: 66ms)[22m
 GET /app/search?q=url-needle-1774100386070 [32m200[39m in 65ms[2m (next.js: 829µs, proxy.ts: 3ms, application-code: 61ms)[22m
 GET /app/search?q=ai-owned [32m200[39m in 38ms[2m (next.js: 922µs, proxy.ts: 3ms, application-code: 35ms)[22m
 GET /login [32m200[39m in 15ms[2m (next.js: 773µs, application-code: 14ms)[22m
 GET /app [32m200[39m in 25ms[2m (next.js: 958µs, proxy.ts: 3ms, application-code: 21ms)[22m
 POST /login [34m303[39m in 60ms[2m (next.js: 988µs, application-code: 59ms)[22m
  └─ ƒ loginAction({}) in 30ms [2msrc/app/login/actions.ts[22m
 GET /app/links [32m200[39m in 29ms[2m (next.js: 868µs, proxy.ts: 3ms, application-code: 26ms)[22m
 GET /app/links?saved=1 [32m200[39m in 30ms[2m (next.js: 849µs, proxy.ts: 2ms, application-code: 27ms)[22m
 POST /app/links [34m303[39m in 42ms[2m (next.js: 920µs, proxy.ts: 3ms, application-code: 38ms)[22m
  └─ ƒ createLinkAction({}) in 6ms [2msrc/app/app/links/actions.ts[22m
{"level":"warn","message":"Link favicon could not be resolved.","metadata":{"linkId":"cmn0dkelq0009pgybzixpip93","url":"https://example.com/ai-enriched-link-1774100390460"},"timestamp":"2026-03-21T13:39:51.030Z"}
 GET /app/links?saved=1 [32m200[39m in 51ms[2m (next.js: 3ms, proxy.ts: 9ms, application-code: 39ms)[22m
 GET /app/search?q=ai [32m200[39m in 86ms[2m (next.js: 1881µs, proxy.ts: 6ms, application-code: 78ms)[22m
 GET /app/tags?tag=ai [32m200[39m in 39ms[2m (next.js: 791µs, proxy.ts: 3ms, application-code: 35ms)[22m
 GET /login [32m200[39m in 15ms[2m (next.js: 766µs, application-code: 14ms)[22m
 GET /app [32m200[39m in 25ms[2m (next.js: 1063µs, proxy.ts: 2ms, application-code: 21ms)[22m
 POST /login [34m303[39m in 59ms[2m (next.js: 873µs, application-code: 58ms)[22m
  └─ ƒ loginAction({}) in 30ms [2msrc/app/login/actions.ts[22m
 GET /app/links [32m200[39m in 61ms[2m (next.js: 830µs, proxy.ts: 2ms, application-code: 58ms)[22m
 GET /app/links?saved=1 [32m200[39m in 32ms[2m (next.js: 871µs, proxy.ts: 3ms, application-code: 28ms)[22m
 POST /app/links [34m303[39m in 44ms[2m (next.js: 810µs, proxy.ts: 3ms, application-code: 40ms)[22m
  └─ ƒ createLinkAction({}) in 6ms [2msrc/app/app/links/actions.ts[22m
 POST /api/test/mina/chat/completions [32m200[39m in 2ms[2m (next.js: 696µs, application-code: 1705µs)[22m
 GET /app/links?saved=1 [32m200[39m in 50ms[2m (next.js: 2ms, proxy.ts: 9ms, application-code: 39ms)[22m
 GET /media/f0019fb7-a1dd-4daa-9ba6-819e14bb4f1f [32m200[39m in 504ms[2m (next.js: 493ms, application-code: 11ms)[22m
 GET /app/links?published=1 [32m200[39m in 47ms[2m (next.js: 1126µs, proxy.ts: 3ms, application-code: 42ms)[22m
 POST /app/links?saved=1 [34m303[39m in 65ms[2m (next.js: 1865µs, proxy.ts: 4ms, application-code: 58ms)[22m
  └─ ƒ publishLinkAction("cmn0dkhga000bpgybyfm4y3ey") in 6ms [2msrc/app/app/links/actions.ts[22m
 GET /media/f0019fb7-a1dd-4daa-9ba6-819e14bb4f1f [32m200[39m in 28ms[2m (next.js: 3ms, application-code: 26ms)[22m
 GET / [32m200[39m in 34ms[2m (next.js: 2ms, application-code: 31ms)[22m
 GET /media/f0019fb7-a1dd-4daa-9ba6-819e14bb4f1f [32m200[39m in 10ms[2m (next.js: 1484µs, application-code: 9ms)[22m
 GET /app/links [32m200[39m in 64ms[2m (next.js: 825µs, proxy.ts: 3ms, application-code: 61ms)[22m
 GET /media/f0019fb7-a1dd-4daa-9ba6-819e14bb4f1f [32m200[39m in 15ms[2m (next.js: 1288µs, application-code: 14ms)[22m
 GET /app/links?saved=1 [32m200[39m in 37ms[2m (next.js: 822µs, proxy.ts: 2ms, application-code: 34ms)[22m
 POST /app/links [34m303[39m in 50ms[2m (next.js: 1236µs, proxy.ts: 3ms, application-code: 45ms)[22m
  └─ ƒ createLinkAction({}) in 5ms [2msrc/app/app/links/actions.ts[22m
{"level":"warn","message":"Link favicon cache failed.","metadata":{"error":"Configured link favicon fetch failure for Playwright.","linkId":"cmn0dkk14000cpgybdwimc3uo","url":"https://example.com/fallback-favicon-1774100394133"},"timestamp":"2026-03-21T13:39:57.969Z"}
 POST /api/test/mina/chat/completions [32m200[39m in 1803µs[2m (next.js: 557µs, application-code: 1245µs)[22m
 GET /media/f0019fb7-a1dd-4daa-9ba6-819e14bb4f1f [32m200[39m in 7ms[2m (next.js: 798µs, application-code: 6ms)[22m
 GET /app/links?saved=1 [32m200[39m in 55ms[2m (next.js: 3ms, proxy.ts: 11ms, application-code: 41ms)[22m
 GET /app/links?favicon=1 [32m200[39m in 44ms[2m (next.js: 1010µs, proxy.ts: 3ms, application-code: 40ms)[22m
 POST /app/links?saved=1 [34m303[39m in 64ms[2m (next.js: 1553µs, proxy.ts: 6ms, application-code: 57ms)[22m
  └─ ƒ refreshLinkFaviconAction("cmn0dkk14000cpgybdwimc3uo") in 9ms [2msrc/app/app/links/actions.ts[22m
 GET /media/f0019fb7-a1dd-4daa-9ba6-819e14bb4f1f [32m200[39m in 11ms[2m (next.js: 1902µs, application-code: 9ms)[22m
 GET /media/baddb2f3-472d-4815-a64b-34c640626136 [32m200[39m in 12ms[2m (next.js: 5ms, application-code: 8ms)[22m
 GET /media/draft-note-image-1774100401172 [33m404[39m in 5ms[2m (next.js: 1298µs, application-code: 3ms)[22m
 GET /login [32m200[39m in 24ms[2m (next.js: 755µs, application-code: 23ms)[22m
 GET /app [32m200[39m in 24ms[2m (next.js: 1138µs, proxy.ts: 2ms, application-code: 21ms)[22m
 POST /login [34m303[39m in 61ms[2m (next.js: 984µs, application-code: 60ms)[22m
  └─ ƒ loginAction({}) in 32ms [2msrc/app/login/actions.ts[22m
 GET /media/draft-note-image-1774100401172 [32m200[39m in 10ms[2m (next.js: 1644µs, application-code: 8ms)[22m
 GET /media/draft-note-image-1774100401172 [32m200[39m in 6ms[2m (next.js: 625µs, application-code: 5ms)[22m
 GET /media/published-note-image-1774100401535 [32m200[39m in 5ms[2m (next.js: 792µs, application-code: 4ms)[22m
 GET /media/hidden-note-image-1774100401535 [33m404[39m in 4ms[2m (next.js: 668µs, application-code: 3ms)[22m
 GET /media/published-link-favicon-1774100401535 [32m200[39m in 5ms[2m (next.js: 880µs, application-code: 4ms)[22m
 GET /login [32m200[39m in 14ms[2m (next.js: 800µs, application-code: 14ms)[22m
 GET /app [32m200[39m in 23ms[2m (next.js: 1124µs, proxy.ts: 3ms, application-code: 19ms)[22m
 POST /login [34m303[39m in 58ms[2m (next.js: 910µs, application-code: 57ms)[22m
  └─ ƒ loginAction({}) in 31ms [2msrc/app/login/actions.ts[22m
 GET /media/published-note-image-1774100401535 [32m200[39m in 9ms[2m (next.js: 1073µs, application-code: 8ms)[22m
 GET /app/notes/new [32m200[39m in 17ms[2m (next.js: 2ms, proxy.ts: 3ms, application-code: 12ms)[22m
 GET /app/notes/cmn0dkn81000dpgybd1mygmxd/edit?saved=1 [32m200[39m in 23ms[2m (next.js: 2ms, proxy.ts: 2ms, application-code: 19ms)[22m
 POST /app/notes/new [34m303[39m in 38ms[2m (next.js: 2ms, proxy.ts: 4ms, application-code: 32ms)[22m
  └─ ƒ createNoteAction({}) in 6ms [2msrc/app/app/notes/actions.ts[22m
 GET /app/notes/cmn0dkn81000dpgybd1mygmxd/edit?saved=1 [32m200[39m in 43ms[2m (next.js: 6ms, proxy.ts: 8ms, application-code: 29ms)[22m
 GET /app [32m200[39m in 56ms[2m (next.js: 2ms, proxy.ts: 6ms, application-code: 48ms)[22m
 GET /media/published-note-image-1774100401535 [32m200[39m in 13ms[2m (next.js: 3ms, application-code: 10ms)[22m
 GET /login [32m200[39m in 21ms[2m (next.js: 842µs, application-code: 20ms)[22m
 GET /app [32m200[39m in 20ms[2m (next.js: 813µs, proxy.ts: 2ms, application-code: 17ms)[22m
 POST /login [34m303[39m in 54ms[2m (next.js: 904µs, application-code: 53ms)[22m
  └─ ƒ loginAction({}) in 30ms [2msrc/app/login/actions.ts[22m
 GET /app/notes/new [32m200[39m in 51ms[2m (next.js: 1068µs, proxy.ts: 3ms, application-code: 47ms)[22m
 POST /api/notes/images [32m201[39m in 27ms[2m (next.js: 20ms, application-code: 7ms)[22m
 GET /media/f78124d1-7390-413a-8a8a-a5bdb50266e6 [32m200[39m in 13ms[2m (next.js: 4ms, application-code: 10ms)[22m
 GET /app/notes/cmn0dkq2k000epgyb41vnghfk/edit?saved=1 [32m200[39m in 23ms[2m (next.js: 3ms, proxy.ts: 3ms, application-code: 18ms)[22m
 POST /app/notes/new [34m303[39m in 42ms[2m (next.js: 1399µs, proxy.ts: 3ms, application-code: 38ms)[22m
  └─ ƒ createNoteAction({}) in 10ms [2msrc/app/app/notes/actions.ts[22m
 GET /media/f78124d1-7390-413a-8a8a-a5bdb50266e6 [32m200[39m in 11ms[2m (next.js: 1241µs, application-code: 9ms)[22m
 GET / [32m200[39m in 19ms[2m (next.js: 1698µs, application-code: 17ms)[22m
 GET /login [32m200[39m in 15ms[2m (next.js: 737µs, application-code: 14ms)[22m
 GET /login [32m200[39m in 15ms[2m (next.js: 752µs, application-code: 14ms)[22m
 GET /login [32m200[39m in 14ms[2m (next.js: 727µs, application-code: 13ms)[22m
 GET /app [32m200[39m in 26ms[2m (next.js: 1241µs, proxy.ts: 2ms, application-code: 23ms)[22m
 POST /login [34m303[39m in 60ms[2m (next.js: 883µs, application-code: 59ms)[22m
  └─ ƒ loginAction({}) in 30ms [2msrc/app/login/actions.ts[22m
 GET /app/notes/cmn0dkqrf0008piyboujkzsn8/edit [32m200[39m in 42ms[2m (next.js: 3ms, proxy.ts: 2ms, application-code: 37ms)[22m
 GET /login [32m200[39m in 15ms[2m (next.js: 845µs, application-code: 14ms)[22m
 GET /app [32m200[39m in 22ms[2m (next.js: 912µs, proxy.ts: 3ms, application-code: 18ms)[22m
 POST /login [34m303[39m in 56ms[2m (next.js: 896µs, application-code: 55ms)[22m
  └─ ƒ loginAction({}) in 30ms [2msrc/app/login/actions.ts[22m
 GET /app/notes/cmn0dkr970009piybu0ghh2sr/edit [32m200[39m in 44ms[2m (next.js: 2ms, proxy.ts: 3ms, application-code: 39ms)[22m
 GET / [32m200[39m in 18ms[2m (next.js: 840µs, application-code: 17ms)[22m
 GET / [32m200[39m in 18ms[2m (next.js: 817µs, application-code: 17ms)[22m
 GET / [32m200[39m in 17ms[2m (next.js: 748µs, application-code: 16ms)[22m
 GET / [32m200[39m in 17ms[2m (next.js: 743µs, application-code: 16ms)[22m
 GET /login [32m200[39m in 16ms[2m (next.js: 760µs, application-code: 15ms)[22m
 GET /app [32m200[39m in 21ms[2m (next.js: 943µs, proxy.ts: 2ms, application-code: 18ms)[22m
 POST /login [34m303[39m in 55ms[2m (next.js: 907µs, application-code: 54ms)[22m
  └─ ƒ loginAction({}) in 30ms [2msrc/app/login/actions.ts[22m
 GET /app/notes/new [32m200[39m in 25ms[2m (next.js: 818µs, proxy.ts: 2ms, application-code: 21ms)[22m
 GET /app/notes/cmn0dkt5k000fpgybflpteoxf/edit?saved=1 [32m200[39m in 23ms[2m (next.js: 2ms, proxy.ts: 3ms, application-code: 18ms)[22m
 POST /app/notes/new [34m303[39m in 35ms[2m (next.js: 852µs, proxy.ts: 3ms, application-code: 32ms)[22m
  └─ ƒ createNoteAction({}) in 6ms [2msrc/app/app/notes/actions.ts[22m
 GET /login [32m200[39m in 18ms[2m (next.js: 795µs, application-code: 17ms)[22m
 GET /app [32m200[39m in 28ms[2m (next.js: 1118µs, proxy.ts: 2ms, application-code: 25ms)[22m
 POST /login [34m303[39m in 63ms[2m (next.js: 936µs, application-code: 62ms)[22m
  └─ ƒ loginAction({}) in 30ms [2msrc/app/login/actions.ts[22m
 GET /app/notes/cmn0dkt8h000tpiybj1lwane7/edit [32m200[39m in 37ms[2m (next.js: 2ms, proxy.ts: 2ms, application-code: 32ms)[22m
 GET /login [32m200[39m in 15ms[2m (next.js: 769µs, application-code: 15ms)[22m
 GET /app [32m200[39m in 22ms[2m (next.js: 1141µs, proxy.ts: 3ms, application-code: 18ms)[22m
 POST /login [34m303[39m in 56ms[2m (next.js: 908µs, application-code: 55ms)[22m
  └─ ƒ loginAction({}) in 30ms [2msrc/app/login/actions.ts[22m
 GET /app/notes/cmn0dktq2000upiybovefhrkd/edit [32m200[39m in 39ms[2m (next.js: 2ms, proxy.ts: 3ms, application-code: 34ms)[22m
 GET /login [32m200[39m in 16ms[2m (next.js: 791µs, application-code: 15ms)[22m
 GET /app [32m200[39m in 22ms[2m (next.js: 1127µs, proxy.ts: 3ms, application-code: 18ms)[22m
 POST /login [34m303[39m in 56ms[2m (next.js: 993µs, application-code: 55ms)[22m
  └─ ƒ loginAction({}) in 30ms [2msrc/app/login/actions.ts[22m
 GET /app/notes/cmn0dku5k000vpiyb5c64a7k7/edit [32m200[39m in 41ms[2m (next.js: 2ms, proxy.ts: 3ms, application-code: 36ms)[22m
 GET /app/notes/cmn0dku5k000vpiyb5c64a7k7/edit?saved=1 [32m200[39m in 23ms[2m (next.js: 1437µs, proxy.ts: 2ms, application-code: 20ms)[22m
 POST /app/notes/cmn0dku5k000vpiyb5c64a7k7/edit [34m303[39m in 39ms[2m (next.js: 2ms, proxy.ts: 3ms, application-code: 34ms)[22m
  └─ ƒ updateNoteAction("cmn0dku5k000vpiyb5c64a7k7", {}) in 6ms [2msrc/app/app/notes/actions.ts[22m
 GET /login [32m200[39m in 20ms[2m (next.js: 789µs, application-code: 19ms)[22m
 GET /app [32m200[39m in 22ms[2m (next.js: 1107µs, proxy.ts: 2ms, application-code: 19ms)[22m
 POST /login [34m303[39m in 56ms[2m (next.js: 948µs, application-code: 55ms)[22m
  └─ ƒ loginAction({}) in 30ms [2msrc/app/login/actions.ts[22m
 GET /app/notes/cmn0dkuxo000wpiyb9rnvgu46/edit [32m200[39m in 44ms[2m (next.js: 2ms, proxy.ts: 2ms, application-code: 40ms)[22m
 GET /login [32m200[39m in 19ms[2m (next.js: 771µs, application-code: 18ms)[22m
 GET /app [32m200[39m in 21ms[2m (next.js: 808µs, proxy.ts: 2ms, application-code: 18ms)[22m
 POST /login [34m303[39m in 55ms[2m (next.js: 1028µs, application-code: 54ms)[22m
  └─ ƒ loginAction({}) in 30ms [2msrc/app/login/actions.ts[22m
 GET /app/notes/cmn0dkvfm000xpiybe36lgu4v/edit [32m200[39m in 42ms[2m (next.js: 2ms, proxy.ts: 7ms, application-code: 33ms)[22m
 GET /app/notes/cmn0dkvfm000xpiybe36lgu4v/edit?saved=1 [32m200[39m in 24ms[2m (next.js: 1377µs, proxy.ts: 3ms, application-code: 20ms)[22m
 POST /app/notes/cmn0dkvfm000xpiybe36lgu4v/edit [34m303[39m in 41ms[2m (next.js: 2ms, proxy.ts: 5ms, application-code: 34ms)[22m
  └─ ƒ updateNoteAction("cmn0dkvfm000xpiybe36lgu4v", {}) in 6ms [2msrc/app/app/notes/actions.ts[22m
 GET /app/notes/cmn0dkvfm000xpiybe36lgu4v/edit?saved=1 [32m200[39m in 38ms[2m (next.js: 1485µs, proxy.ts: 3ms, application-code: 34ms)[22m
 GET /login [32m200[39m in 16ms[2m (next.js: 891µs, application-code: 15ms)[22m
 GET /app [32m200[39m in 28ms[2m (next.js: 1037µs, proxy.ts: 8ms, application-code: 19ms)[22m
 POST /login [34m303[39m in 63ms[2m (next.js: 917µs, application-code: 62ms)[22m
  └─ ƒ loginAction({}) in 31ms [2msrc/app/login/actions.ts[22m
 GET /app/notes/cmn0dkw9a000ypiyb36ynn9q3/edit [32m200[39m in 44ms[2m (next.js: 2ms, proxy.ts: 2ms, application-code: 39ms)[22m
 GET /login [32m200[39m in 15ms[2m (next.js: 769µs, application-code: 15ms)[22m
 GET /app [32m200[39m in 25ms[2m (next.js: 1081µs, proxy.ts: 3ms, application-code: 21ms)[22m
 POST /login [34m303[39m in 60ms[2m (next.js: 937µs, application-code: 59ms)[22m
  └─ ƒ loginAction({}) in 31ms [2msrc/app/login/actions.ts[22m
 GET /app/notes/cmn0dkwqy000zpiybaenlhpk6/edit [32m200[39m in 49ms[2m (next.js: 2ms, proxy.ts: 3ms, application-code: 45ms)[22m
 GET /app/notes/cmn0dkwqy000zpiybaenlhpk6/edit?saved=1 [32m200[39m in 31ms[2m (next.js: 1463µs, proxy.ts: 3ms, application-code: 27ms)[22m
 POST /app/notes/cmn0dkwqy000zpiybaenlhpk6/edit [34m303[39m in 47ms[2m (next.js: 2ms, proxy.ts: 3ms, application-code: 42ms)[22m
  └─ ƒ updateNoteAction("cmn0dkwqy000zpiybaenlhpk6", {}) in 6ms [2msrc/app/app/notes/actions.ts[22m
 GET /login [32m200[39m in 15ms[2m (next.js: 774µs, application-code: 14ms)[22m
 GET /app [32m200[39m in 23ms[2m (next.js: 1168µs, proxy.ts: 2ms, application-code: 19ms)[22m
 POST /login [34m303[39m in 57ms[2m (next.js: 877µs, application-code: 56ms)[22m
  └─ ƒ loginAction({}) in 30ms [2msrc/app/login/actions.ts[22m
 GET /app/notes/new [32m200[39m in 26ms[2m (next.js: 928µs, proxy.ts: 2ms, application-code: 23ms)[22m
 GET /login [32m200[39m in 16ms[2m (next.js: 806µs, application-code: 15ms)[22m
 GET /app [32m200[39m in 22ms[2m (next.js: 1128µs, proxy.ts: 3ms, application-code: 18ms)[22m
 POST /login [34m303[39m in 56ms[2m (next.js: 1082µs, application-code: 55ms)[22m
  └─ ƒ loginAction({}) in 30ms [2msrc/app/login/actions.ts[22m
 GET /app/notes/cmn0dky3r0011piybw5ze015y/edit [32m200[39m in 43ms[2m (next.js: 2ms, proxy.ts: 3ms, application-code: 38ms)[22m
 GET /login [32m200[39m in 15ms[2m (next.js: 842µs, application-code: 14ms)[22m
 GET /app [32m200[39m in 28ms[2m (next.js: 903µs, proxy.ts: 2ms, application-code: 25ms)[22m
 POST /login [34m303[39m in 63ms[2m (next.js: 915µs, application-code: 62ms)[22m
  └─ ƒ loginAction({}) in 30ms [2msrc/app/login/actions.ts[22m
 GET /app/notes/cmn0dkyl00012piybu4rkkror/edit [32m200[39m in 41ms[2m (next.js: 2ms, proxy.ts: 3ms, application-code: 36ms)[22m
 GET /media/ui-note-images-draft-1774100417348 [33m404[39m in 6ms[2m (next.js: 2ms, application-code: 4ms)[22m
 GET /login [32m200[39m in 18ms[2m (next.js: 2ms, application-code: 16ms)[22m
 GET /app [32m200[39m in 24ms[2m (next.js: 976µs, proxy.ts: 2ms, application-code: 20ms)[22m
 POST /login [34m303[39m in 59ms[2m (next.js: 862µs, application-code: 58ms)[22m
  └─ ƒ loginAction({}) in 30ms [2msrc/app/login/actions.ts[22m
 GET /media/ui-note-images-published-first-1774100417348 [32m200[39m in 8ms[2m (next.js: 896µs, application-code: 7ms)[22m
 GET /media/ui-note-images-draft-1774100417348 [32m200[39m in 8ms[2m (next.js: 1894µs, application-code: 7ms)[22m
 GET / [32m200[39m in 16ms[2m (next.js: 761µs, application-code: 16ms)[22m
 GET /media/ui-note-images-published-first-1774100417348 [32m200[39m in 11ms[2m (next.js: 1815µs, application-code: 9ms)[22m
 GET /notes/published-note-image-card [32m200[39m in 50ms[2m (next.js: 3ms, application-code: 47ms)[22m
 GET /media/ui-note-images-published-first-1774100417348 [32m200[39m in 17ms[2m (next.js: 2ms, application-code: 15ms)[22m
 GET /media/ui-note-images-published-second-1774100417348 [32m200[39m in 13ms[2m (next.js: 2ms, application-code: 11ms)[22m
 GET /login [32m200[39m in 17ms[2m (next.js: 851µs, application-code: 16ms)[22m
 GET /app [32m200[39m in 24ms[2m (next.js: 1124µs, proxy.ts: 2ms, application-code: 21ms)[22m
 POST /login [34m303[39m in 59ms[2m (next.js: 898µs, application-code: 58ms)[22m
  └─ ƒ loginAction({}) in 31ms [2msrc/app/login/actions.ts[22m
 GET /login [32m200[39m in 16ms[2m (next.js: 869µs, application-code: 15ms)[22m
 GET /app [32m200[39m in 32ms[2m (next.js: 1205µs, proxy.ts: 3ms, application-code: 28ms)[22m
 POST /login [34m303[39m in 67ms[2m (next.js: 938µs, application-code: 66ms)[22m
  └─ ƒ loginAction({}) in 30ms [2msrc/app/login/actions.ts[22m
 GET /login [32m200[39m in 18ms[2m (next.js: 861µs, application-code: 17ms)[22m
 GET /app [32m200[39m in 22ms[2m (next.js: 953µs, proxy.ts: 2ms, application-code: 19ms)[22m
 POST /login [34m303[39m in 56ms[2m (next.js: 978µs, application-code: 55ms)[22m
  └─ ƒ loginAction({}) in 29ms [2msrc/app/login/actions.ts[22m
 GET /app/links [32m200[39m in 52ms[2m (next.js: 2ms, proxy.ts: 2ms, application-code: 47ms)[22m
 GET /login [32m200[39m in 20ms[2m (next.js: 729µs, application-code: 19ms)[22m
 GET /app [32m200[39m in 22ms[2m (next.js: 1226µs, proxy.ts: 2ms, application-code: 19ms)[22m
 POST /login [34m303[39m in 57ms[2m (next.js: 1070µs, application-code: 56ms)[22m
  └─ ƒ loginAction({}) in 30ms [2msrc/app/login/actions.ts[22m
 GET /app/links [32m200[39m in 48ms[2m (next.js: 847µs, proxy.ts: 3ms, application-code: 44ms)[22m
 GET /login [32m200[39m in 16ms[2m (next.js: 770µs, application-code: 15ms)[22m
 GET /app [32m200[39m in 22ms[2m (next.js: 806µs, proxy.ts: 2ms, application-code: 19ms)[22m
 POST /login [34m303[39m in 60ms[2m (next.js: 847µs, application-code: 59ms)[22m
  └─ ƒ loginAction({}) in 34ms [2msrc/app/login/actions.ts[22m
 GET /app/tags?tag=studio-systems [32m200[39m in 41ms[2m (next.js: 2ms, proxy.ts: 2ms, application-code: 36ms)[22m
 GET /login [32m200[39m in 16ms[2m (next.js: 897µs, application-code: 15ms)[22m
 GET /app [32m200[39m in 22ms[2m (next.js: 964µs, proxy.ts: 2ms, application-code: 19ms)[22m
 POST /login [34m303[39m in 57ms[2m (next.js: 938µs, application-code: 56ms)[22m
  └─ ƒ loginAction({}) in 30ms [2msrc/app/login/actions.ts[22m
 GET /app/tags?tag=studio-systems [32m200[39m in 45ms[2m (next.js: 973µs, proxy.ts: 2ms, application-code: 42ms)[22m
 GET /login [32m200[39m in 15ms[2m (next.js: 827µs, application-code: 14ms)[22m
 GET /app [32m200[39m in 23ms[2m (next.js: 934µs, proxy.ts: 2ms, application-code: 20ms)[22m
 POST /login [34m303[39m in 58ms[2m (next.js: 982µs, application-code: 57ms)[22m
  └─ ƒ loginAction({}) in 31ms [2msrc/app/login/actions.ts[22m
 GET /app/search?q=rhythm [32m200[39m in 41ms[2m (next.js: 1739µs, proxy.ts: 2ms, application-code: 36ms)[22m
 GET /login [32m200[39m in 22ms[2m (next.js: 871µs, application-code: 21ms)[22m
 GET /app [32m200[39m in 24ms[2m (next.js: 983µs, proxy.ts: 3ms, application-code: 20ms)[22m
 POST /login [34m303[39m in 59ms[2m (next.js: 878µs, application-code: 58ms)[22m
  └─ ƒ loginAction({}) in 31ms [2msrc/app/login/actions.ts[22m
 GET /app/search?q=rhythm [32m200[39m in 40ms[2m (next.js: 881µs, proxy.ts: 3ms, application-code: 37ms)[22m
 GET / [32m200[39m in 18ms[2m (next.js: 785µs, application-code: 17ms)[22m
 GET / [32m200[39m in 18ms[2m (next.js: 748µs, application-code: 17ms)[22m
 GET /notes/public-notes-should-read-like-finished-pages-not-dashboards [32m200[39m in 26ms[2m (next.js: 1838µs, application-code: 24ms)[22m
 GET /notes/public-notes-should-read-like-finished-pages-not-dashboards [32m200[39m in 21ms[2m (next.js: 1658µs, application-code: 19ms)[22m
 GET / [32m200[39m in 18ms[2m (next.js: 878µs, application-code: 17ms)[22m
 GET / [32m200[39m in 18ms[2m (next.js: 1000µs, application-code: 17ms)[22m
 GET / [32m200[39m in 18ms[2m (next.js: 784µs, application-code: 17ms)[22m
 GET /login [32m200[39m in 29ms[2m (next.js: 865µs, application-code: 28ms)[22m
 GET /login [32m200[39m in 15ms[2m (next.js: 770µs, application-code: 14ms)[22m
 GET /app [32m200[39m in 21ms[2m (next.js: 1030µs, proxy.ts: 2ms, application-code: 18ms)[22m
 POST /login [34m303[39m in 56ms[2m (next.js: 904µs, application-code: 55ms)[22m
  └─ ƒ loginAction({}) in 30ms [2msrc/app/login/actions.ts[22m
 GET /login [32m200[39m in 15ms[2m (next.js: 735µs, application-code: 14ms)[22m
 GET /app [32m200[39m in 20ms[2m (next.js: 795µs, proxy.ts: 2ms, application-code: 17ms)[22m
 POST /login [34m303[39m in 55ms[2m (next.js: 872µs, application-code: 54ms)[22m
  └─ ƒ loginAction({}) in 31ms [2msrc/app/login/actions.ts[22m
