
> minakeep@0.1.0 dev
> next dev --hostname 127.0.0.1 --port 3100

[1m[38;2;173;127;168m▲ Next.js 16.2.0[39m[22m (Turbopack)
- Local:         http://127.0.0.1:3100
- Network:       http://127.0.0.1:3100
- Environments: .env
[32m[1m✓[22m[39m Ready in 195ms

 GET /api/health [32m200[39m in 104ms[2m (next.js: 88ms, application-code: 15ms)[22m
 GET /login [32m200[39m in 159ms[2m (next.js: 51ms, application-code: 108ms)[22m
 GET /app [32m200[39m in 114ms[2m (next.js: 25ms, proxy.ts: 35ms, application-code: 54ms)[22m
 POST /login [34m303[39m in 223ms[2m (next.js: 1329µs, application-code: 222ms)[22m
  └─ ƒ loginAction({}) in 97ms [2msrc/app/login/actions.ts[22m
 GET / [32m200[39m in 37ms[2m (next.js: 9ms, application-code: 28ms)[22m
 GET /login?callbackUrl=http%3A%2F%2Flocalhost%3A3100%2Fapp%2Fsearch [32m200[39m in 28ms[2m (next.js: 832µs, application-code: 27ms)[22m
 GET /login?callbackUrl=http%3A%2F%2Flocalhost%3A3100%2Fapp%2Fnotes%2Fnew [32m200[39m in 18ms[2m (next.js: 823µs, application-code: 17ms)[22m
 GET /app [32m200[39m in 23ms[2m (next.js: 1187µs, proxy.ts: 3ms, application-code: 19ms)[22m
 POST /login?callbackUrl=http%3A%2F%2Flocalhost%3A3100%2Fapp%2Fnotes%2Fnew [34m303[39m in 59ms[2m (next.js: 1070µs, application-code: 58ms)[22m
  └─ ƒ loginAction({}) in 30ms [2msrc/app/login/actions.ts[22m
 GET /app/notes/new [32m200[39m in 37ms[2m (next.js: 20ms, proxy.ts: 3ms, application-code: 13ms)[22m
 GET /app/notes/cmn00s5900000q0ybx5q17ach/edit?saved=1 [32m200[39m in 232ms[2m (next.js: 208ms, proxy.ts: 3ms, application-code: 21ms)[22m
 POST /app/notes/new [34m303[39m in 265ms[2m (next.js: 1290µs, proxy.ts: 3ms, application-code: 261ms)[22m
  └─ ƒ createNoteAction({}) in 25ms [2msrc/app/app/notes/actions.ts[22m
 POST /app/notes/cmn00s5900000q0ybx5q17ach/edit?saved=1 [34m303[39m in 124ms[2m (next.js: 4ms, proxy.ts: 4ms, application-code: 116ms)[22m
  └─ ƒ updateNoteAction("cmn00s5900000q0ybx5q17ach", {}) in 26ms [2msrc/app/app/notes/actions.ts[22m
 GET /app [32m200[39m in 188ms[2m (next.js: 1320µs, proxy.ts: 8ms, application-code: 179ms)[22m
 GET /app/notes/cmn00s5900000q0ybx5q17ach/edit?saved=1 [32m200[39m in 156ms[2m (next.js: 17ms, proxy.ts: 89ms, application-code: 50ms)[22m
 GET /app/notes/cmn00s5900000q0ybx5q17ach/edit [32m200[39m in 22ms[2m (next.js: 1442µs, proxy.ts: 3ms, application-code: 17ms)[22m
 GET /login [32m200[39m in 18ms[2m (next.js: 1919µs, application-code: 16ms)[22m
 GET /app [32m200[39m in 23ms[2m (next.js: 960µs, proxy.ts: 3ms, application-code: 20ms)[22m
 POST /login [34m303[39m in 60ms[2m (next.js: 913µs, application-code: 60ms)[22m
  └─ ƒ loginAction({}) in 33ms [2msrc/app/login/actions.ts[22m
 GET /app/notes/new [32m200[39m in 17ms[2m (next.js: 1184µs, proxy.ts: 5ms, application-code: 11ms)[22m
 GET /app/notes/cmn00s65b0001q0yb911u66tj/edit?saved=1 [32m200[39m in 23ms[2m (next.js: 2ms, proxy.ts: 3ms, application-code: 18ms)[22m
 POST /app/notes/new [34m303[39m in 36ms[2m (next.js: 918µs, proxy.ts: 3ms, application-code: 32ms)[22m
  └─ ƒ createNoteAction({}) in 7ms [2msrc/app/app/notes/actions.ts[22m
 POST /api/test/mina/chat/completions [32m200[39m in 1514ms[2m (next.js: 15ms, application-code: 1499ms)[22m
 GET /app/notes/cmn00s65b0001q0yb911u66tj/edit?saved=1 [32m200[39m in 47ms[2m (next.js: 6ms, proxy.ts: 11ms, application-code: 29ms)[22m
 GET /app/notes/cmn00s65b0001q0yb911u66tj/edit?retried=1 [32m200[39m in 27ms[2m (next.js: 1911µs, proxy.ts: 3ms, application-code: 22ms)[22m
 POST /app/notes/cmn00s65b0001q0yb911u66tj/edit?saved=1 [34m303[39m in 53ms[2m (next.js: 5ms, proxy.ts: 8ms, application-code: 40ms)[22m
  └─ ƒ retryNoteEnrichmentAction("cmn00s65b0001q0yb911u66tj") in 7ms [2msrc/app/app/notes/actions.ts[22m
 POST /api/test/mina/chat/completions [32m200[39m in 1508ms[2m (next.js: 1551µs, application-code: 1506ms)[22m
 GET /app/notes/cmn00s65b0001q0yb911u66tj/edit?retried=1 [32m200[39m in 45ms[2m (next.js: 7ms, proxy.ts: 9ms, application-code: 28ms)[22m
 GET /login [32m200[39m in 17ms[2m (next.js: 813µs, application-code: 16ms)[22m
 GET /app [32m200[39m in 24ms[2m (next.js: 951µs, proxy.ts: 3ms, application-code: 20ms)[22m
 POST /login [34m303[39m in 59ms[2m (next.js: 976µs, application-code: 58ms)[22m
  └─ ƒ loginAction({}) in 31ms [2msrc/app/login/actions.ts[22m
 GET /app/notes/new [32m200[39m in 15ms[2m (next.js: 848µs, proxy.ts: 3ms, application-code: 12ms)[22m
 GET /app/notes/cmn00sb650004q0ybssdhnozz/edit?saved=1 [32m200[39m in 23ms[2m (next.js: 3ms, proxy.ts: 2ms, application-code: 17ms)[22m
 POST /app/notes/new [34m303[39m in 37ms[2m (next.js: 1387µs, proxy.ts: 3ms, application-code: 32ms)[22m
  └─ ƒ createNoteAction({}) in 6ms [2msrc/app/app/notes/actions.ts[22m
 GET /app/notes/cmn00sb650004q0ybssdhnozz/edit?published=1 [32m200[39m in 21ms[2m (next.js: 1284µs, proxy.ts: 2ms, application-code: 17ms)[22m
 POST /app/notes/cmn00sb650004q0ybssdhnozz/edit?saved=1 [34m303[39m in 34ms[2m (next.js: 1431µs, proxy.ts: 3ms, application-code: 30ms)[22m
  └─ ƒ publishNoteAction("cmn00sb650004q0ybssdhnozz") in 5ms [2msrc/app/app/notes/actions.ts[22m
 GET / [32m200[39m in 18ms[2m (next.js: 992µs, application-code: 17ms)[22m
 GET /notes/public-note-1774078924226 [32m200[39m in 201ms[2m (next.js: 186ms, application-code: 15ms)[22m
 GET /app [32m200[39m in 48ms[2m (next.js: 4ms, proxy.ts: 3ms, application-code: 41ms)[22m
 GET /app/notes/cmn00sb650004q0ybssdhnozz/edit [32m200[39m in 21ms[2m (next.js: 2ms, proxy.ts: 3ms, application-code: 15ms)[22m
 GET /app/notes/cmn00sb650004q0ybssdhnozz/edit?unpublished=1 [32m200[39m in 29ms[2m (next.js: 1539µs, proxy.ts: 3ms, application-code: 25ms)[22m
 POST /app/notes/cmn00sb650004q0ybssdhnozz/edit [34m303[39m in 44ms[2m (next.js: 1615µs, proxy.ts: 3ms, application-code: 39ms)[22m
  └─ ƒ unpublishNoteAction("cmn00sb650004q0ybssdhnozz") in 5ms [2msrc/app/app/notes/actions.ts[22m
 GET / [32m200[39m in 17ms[2m (next.js: 927µs, application-code: 16ms)[22m
 GET /notes/public-note-1774078924226 [33m404[39m in 26ms[2m (next.js: 1955µs, application-code: 24ms)[22m
 GET /login [32m200[39m in 17ms[2m (next.js: 785µs, application-code: 17ms)[22m
 GET /app [32m200[39m in 24ms[2m (next.js: 936µs, proxy.ts: 2ms, application-code: 20ms)[22m
 POST /login [34m303[39m in 58ms[2m (next.js: 948µs, application-code: 57ms)[22m
  └─ ƒ loginAction({}) in 30ms [2msrc/app/login/actions.ts[22m
 GET /app/links [32m200[39m in 38ms[2m (next.js: 18ms, proxy.ts: 3ms, application-code: 17ms)[22m
 GET /app/links?saved=1 [32m200[39m in 23ms[2m (next.js: 803µs, proxy.ts: 2ms, application-code: 20ms)[22m
 POST /app/links [34m303[39m in 39ms[2m (next.js: 927µs, proxy.ts: 3ms, application-code: 35ms)[22m
  └─ ƒ createLinkAction({}) in 8ms [2msrc/app/app/links/actions.ts[22m
 POST /api/test/mina/chat/completions [32m200[39m in 7ms[2m (next.js: 5ms, application-code: 2ms)[22m
 GET /app/links?saved=1 [32m200[39m in 44ms[2m (next.js: 2ms, proxy.ts: 16ms, application-code: 27ms)[22m
 GET / [32m200[39m in 30ms[2m (next.js: 2ms, application-code: 28ms)[22m
 GET /login [32m200[39m in 16ms[2m (next.js: 809µs, application-code: 15ms)[22m
 GET /app [32m200[39m in 25ms[2m (next.js: 921µs, proxy.ts: 2ms, application-code: 21ms)[22m
 POST /login [34m303[39m in 59ms[2m (next.js: 949µs, application-code: 58ms)[22m
  └─ ƒ loginAction({}) in 29ms [2msrc/app/login/actions.ts[22m
 GET /app/links [32m200[39m in 21ms[2m (next.js: 1476µs, proxy.ts: 4ms, application-code: 16ms)[22m
 GET /app/links?saved=1 [32m200[39m in 39ms[2m (next.js: 1270µs, proxy.ts: 18ms, application-code: 20ms)[22m
 POST /app/links [34m303[39m in 65ms[2m (next.js: 1713µs, proxy.ts: 12ms, application-code: 51ms)[22m
  └─ ƒ createLinkAction({}) in 9ms [2msrc/app/app/links/actions.ts[22m
 POST /api/test/mina/chat/completions [32m200[39m in 1944µs[2m (next.js: 594µs, application-code: 1350µs)[22m
 GET /app/links?saved=1 [32m200[39m in 46ms[2m (next.js: 3ms, proxy.ts: 10ms, application-code: 32ms)[22m
 GET /app/links?published=1 [32m200[39m in 28ms[2m (next.js: 1011µs, proxy.ts: 3ms, application-code: 24ms)[22m
 POST /app/links?saved=1 [34m303[39m in 49ms[2m (next.js: 1711µs, proxy.ts: 7ms, application-code: 41ms)[22m
  └─ ƒ publishLinkAction("cmn00sf430006q0ybk5h7f30r") in 8ms [2msrc/app/app/links/actions.ts[22m
 GET / [32m200[39m in 17ms[2m (next.js: 828µs, application-code: 16ms)[22m
 GET /app/links [32m200[39m in 54ms[2m (next.js: 907µs, proxy.ts: 2ms, application-code: 50ms)[22m
 GET /app/links?unpublished=1 [32m200[39m in 22ms[2m (next.js: 830µs, proxy.ts: 2ms, application-code: 19ms)[22m
 POST /app/links [34m303[39m in 34ms[2m (next.js: 895µs, proxy.ts: 3ms, application-code: 31ms)[22m
  └─ ƒ unpublishLinkAction("cmn00sf430006q0ybk5h7f30r") in 5ms [2msrc/app/app/links/actions.ts[22m
 GET / [32m200[39m in 17ms[2m (next.js: 947µs, application-code: 16ms)[22m
 GET /login [32m200[39m in 17ms[2m (next.js: 766µs, application-code: 16ms)[22m
 GET /app [32m200[39m in 29ms[2m (next.js: 896µs, proxy.ts: 2ms, application-code: 26ms)[22m
 POST /login [34m303[39m in 64ms[2m (next.js: 1013µs, application-code: 63ms)[22m
  └─ ƒ loginAction({}) in 30ms [2msrc/app/login/actions.ts[22m
 GET /app/links [32m200[39m in 22ms[2m (next.js: 847µs, proxy.ts: 3ms, application-code: 18ms)[22m
 GET /app/links?saved=1 [32m200[39m in 24ms[2m (next.js: 843µs, proxy.ts: 2ms, application-code: 21ms)[22m
 POST /app/links [34m303[39m in 38ms[2m (next.js: 1468µs, proxy.ts: 3ms, application-code: 33ms)[22m
  └─ ƒ createLinkAction({}) in 6ms [2msrc/app/app/links/actions.ts[22m
 POST /api/test/mina/chat/completions [32m200[39m in 1512ms[2m (next.js: 608µs, application-code: 1511ms)[22m
 GET /app/links?saved=1 [32m200[39m in 44ms[2m (next.js: 3ms, proxy.ts: 9ms, application-code: 32ms)[22m
 GET /app/links?retried=1 [32m200[39m in 30ms[2m (next.js: 997µs, proxy.ts: 3ms, application-code: 26ms)[22m
 POST /app/links?saved=1 [34m303[39m in 48ms[2m (next.js: 1555µs, proxy.ts: 6ms, application-code: 40ms)[22m
  └─ ƒ retryLinkEnrichmentAction("cmn00si680007q0ybpnr70weo") in 7ms [2msrc/app/app/links/actions.ts[22m
 POST /api/test/mina/chat/completions [32m200[39m in 1508ms[2m (next.js: 880µs, application-code: 1507ms)[22m
 GET /app/links?retried=1 [32m200[39m in 49ms[2m (next.js: 3ms, proxy.ts: 9ms, application-code: 38ms)[22m
 GET /login [32m200[39m in 17ms[2m (next.js: 857µs, application-code: 17ms)[22m
 GET /app [32m200[39m in 24ms[2m (next.js: 834µs, proxy.ts: 2ms, application-code: 21ms)[22m
 POST /login [34m303[39m in 57ms[2m (next.js: 919µs, application-code: 56ms)[22m
  └─ ƒ loginAction({}) in 29ms [2msrc/app/login/actions.ts[22m
 GET /app/links [32m200[39m in 23ms[2m (next.js: 900µs, proxy.ts: 3ms, application-code: 19ms)[22m
 GET /app/links?error=invalid-url [32m200[39m in 24ms[2m (next.js: 894µs, proxy.ts: 2ms, application-code: 21ms)[22m
 POST /app/links [34m303[39m in 36ms[2m (next.js: 970µs, proxy.ts: 3ms, application-code: 32ms)[22m
  └─ ƒ createLinkAction({}) in 3ms [2msrc/app/app/links/actions.ts[22m
 GET /login [32m200[39m in 15ms[2m (next.js: 847µs, application-code: 14ms)[22m
 GET /app [32m200[39m in 24ms[2m (next.js: 934µs, proxy.ts: 3ms, application-code: 20ms)[22m
 POST /login [34m303[39m in 58ms[2m (next.js: 1031µs, application-code: 57ms)[22m
  └─ ƒ loginAction({}) in 30ms [2msrc/app/login/actions.ts[22m
 GET /app/notes/new [32m200[39m in 15ms[2m (next.js: 845µs, proxy.ts: 3ms, application-code: 12ms)[22m
 GET /app/notes/cmn00snma0008q0ybbb6g41o3/edit?saved=1 [32m200[39m in 23ms[2m (next.js: 2ms, proxy.ts: 2ms, application-code: 18ms)[22m
 POST /app/notes/new [34m303[39m in 38ms[2m (next.js: 951µs, proxy.ts: 3ms, application-code: 34ms)[22m
  └─ ƒ createNoteAction({}) in 7ms [2msrc/app/app/notes/actions.ts[22m
 GET /app/links [32m200[39m in 43ms[2m (next.js: 890µs, proxy.ts: 2ms, application-code: 40ms)[22m
 GET /app/links?saved=1 [32m200[39m in 31ms[2m (next.js: 812µs, proxy.ts: 2ms, application-code: 28ms)[22m
 POST /app/links [34m303[39m in 46ms[2m (next.js: 2ms, proxy.ts: 3ms, application-code: 41ms)[22m
  └─ ƒ createLinkAction({}) in 6ms [2msrc/app/app/links/actions.ts[22m
 POST /api/test/mina/chat/completions [32m200[39m in 2ms[2m (next.js: 613µs, application-code: 1554µs)[22m
 GET /app/links?saved=1 [32m200[39m in 48ms[2m (next.js: 3ms, proxy.ts: 9ms, application-code: 36ms)[22m
 GET /app/tags?tag=ai-owned [32m200[39m in 136ms[2m (next.js: 26ms, proxy.ts: 7ms, application-code: 103ms)[22m
 GET /app/tags [32m200[39m in 67ms[2m (next.js: 825µs, proxy.ts: 4ms, application-code: 62ms)[22m
 GET /app/search?q=Filtered%20note%201774078940360 [32m200[39m in 82ms[2m (next.js: 16ms, proxy.ts: 3ms, application-code: 63ms)[22m
 GET /app/search?q=url-needle-1774078940360 [32m200[39m in 45ms[2m (next.js: 794µs, proxy.ts: 3ms, application-code: 41ms)[22m
 GET /app/search?q=ai-owned [32m200[39m in 42ms[2m (next.js: 864µs, proxy.ts: 3ms, application-code: 38ms)[22m
 GET /login [32m200[39m in 18ms[2m (next.js: 853µs, application-code: 17ms)[22m
 GET /app [32m200[39m in 26ms[2m (next.js: 1126µs, proxy.ts: 3ms, application-code: 23ms)[22m
 POST /login [34m303[39m in 61ms[2m (next.js: 876µs, application-code: 60ms)[22m
  └─ ƒ loginAction({}) in 29ms [2msrc/app/login/actions.ts[22m
 GET /app/links [32m200[39m in 24ms[2m (next.js: 904µs, proxy.ts: 3ms, application-code: 20ms)[22m
 GET /app/links?saved=1 [32m200[39m in 33ms[2m (next.js: 848µs, proxy.ts: 2ms, application-code: 30ms)[22m
 POST /app/links [34m303[39m in 46ms[2m (next.js: 888µs, proxy.ts: 3ms, application-code: 43ms)[22m
  └─ ƒ createLinkAction({}) in 6ms [2msrc/app/app/links/actions.ts[22m
 GET /app/links?saved=1 [32m200[39m in 48ms[2m (next.js: 3ms, proxy.ts: 9ms, application-code: 36ms)[22m
 GET /app/search?q=ai [32m200[39m in 57ms[2m (next.js: 1921µs, proxy.ts: 6ms, application-code: 49ms)[22m
 GET /app/tags?tag=ai [32m200[39m in 56ms[2m (next.js: 816µs, proxy.ts: 3ms, application-code: 52ms)[22m
 GET /login [32m200[39m in 15ms[2m (next.js: 809µs, application-code: 14ms)[22m
 GET /app [32m200[39m in 25ms[2m (next.js: 863µs, proxy.ts: 3ms, application-code: 21ms)[22m
 POST /login [34m303[39m in 60ms[2m (next.js: 872µs, application-code: 60ms)[22m
  └─ ƒ loginAction({}) in 31ms [2msrc/app/login/actions.ts[22m
 GET /app/notes/new [32m200[39m in 15ms[2m (next.js: 840µs, proxy.ts: 3ms, application-code: 12ms)[22m
 GET /app/notes/cmn00stpx000fq0ybdhbhigqk/edit?saved=1 [32m200[39m in 22ms[2m (next.js: 2ms, proxy.ts: 2ms, application-code: 17ms)[22m
 POST /app/notes/new [34m303[39m in 34ms[2m (next.js: 811µs, proxy.ts: 3ms, application-code: 31ms)[22m
  └─ ƒ createNoteAction({}) in 6ms [2msrc/app/app/notes/actions.ts[22m
 GET /app/notes/cmn00stpx000fq0ybdhbhigqk/edit?saved=1 [32m200[39m in 31ms[2m (next.js: 4ms, proxy.ts: 5ms, application-code: 22ms)[22m
 GET /app [32m200[39m in 62ms[2m (next.js: 1948µs, proxy.ts: 6ms, application-code: 53ms)[22m
 GET / [32m200[39m in 16ms[2m (next.js: 863µs, application-code: 15ms)[22m
 GET /login [32m200[39m in 17ms[2m (next.js: 856µs, application-code: 16ms)[22m
 GET /login [32m200[39m in 15ms[2m (next.js: 747µs, application-code: 14ms)[22m
 GET /login [32m200[39m in 15ms[2m (next.js: 796µs, application-code: 14ms)[22m
 GET /app [32m200[39m in 21ms[2m (next.js: 1151µs, proxy.ts: 3ms, application-code: 17ms)[22m
 POST /login [34m303[39m in 56ms[2m (next.js: 983µs, application-code: 55ms)[22m
  └─ ƒ loginAction({}) in 31ms [2msrc/app/login/actions.ts[22m
 GET /app/notes/cmn00swrs0008q2yb6i5ejyoz/edit [32m200[39m in 42ms[2m (next.js: 2ms, proxy.ts: 3ms, application-code: 37ms)[22m
 GET /login [32m200[39m in 15ms[2m (next.js: 830µs, application-code: 14ms)[22m
 GET /app [32m200[39m in 21ms[2m (next.js: 886µs, proxy.ts: 2ms, application-code: 18ms)[22m
 POST /login [34m303[39m in 55ms[2m (next.js: 832µs, application-code: 54ms)[22m
  └─ ƒ loginAction({}) in 30ms [2msrc/app/login/actions.ts[22m
 GET /app/notes/cmn00sx7d0009q2ybffudhe6h/edit [32m200[39m in 39ms[2m (next.js: 2ms, proxy.ts: 3ms, application-code: 34ms)[22m
 GET / [32m200[39m in 17ms[2m (next.js: 732µs, application-code: 16ms)[22m
 GET / [32m200[39m in 17ms[2m (next.js: 832µs, application-code: 17ms)[22m
 GET / [32m200[39m in 16ms[2m (next.js: 771µs, application-code: 15ms)[22m
 GET / [32m200[39m in 16ms[2m (next.js: 882µs, application-code: 15ms)[22m
 GET /login [32m200[39m in 15ms[2m (next.js: 796µs, application-code: 14ms)[22m
 GET /app [32m200[39m in 24ms[2m (next.js: 1112µs, proxy.ts: 2ms, application-code: 20ms)[22m
 POST /login [34m303[39m in 58ms[2m (next.js: 1265µs, application-code: 56ms)[22m
  └─ ƒ loginAction({}) in 30ms [2msrc/app/login/actions.ts[22m
 GET /login [32m200[39m in 14ms[2m (next.js: 715µs, application-code: 14ms)[22m
 GET /app [32m200[39m in 24ms[2m (next.js: 1032µs, proxy.ts: 2ms, application-code: 21ms)[22m
 POST /login [34m303[39m in 58ms[2m (next.js: 907µs, application-code: 57ms)[22m
  └─ ƒ loginAction({}) in 30ms [2msrc/app/login/actions.ts[22m
 GET /login [32m200[39m in 15ms[2m (next.js: 800µs, application-code: 14ms)[22m
 GET /app [32m200[39m in 26ms[2m (next.js: 841µs, proxy.ts: 2ms, application-code: 22ms)[22m
 POST /login [34m303[39m in 59ms[2m (next.js: 858µs, application-code: 58ms)[22m
  └─ ƒ loginAction({}) in 30ms [2msrc/app/login/actions.ts[22m
 GET /app/links [32m200[39m in 37ms[2m (next.js: 797µs, proxy.ts: 2ms, application-code: 34ms)[22m
 GET /login [32m200[39m in 14ms[2m (next.js: 746µs, application-code: 14ms)[22m
 GET /app [32m200[39m in 22ms[2m (next.js: 822µs, proxy.ts: 2ms, application-code: 18ms)[22m
 POST /login [34m303[39m in 56ms[2m (next.js: 824µs, application-code: 55ms)[22m
  └─ ƒ loginAction({}) in 30ms [2msrc/app/login/actions.ts[22m
 GET /app/links [32m200[39m in 52ms[2m (next.js: 817µs, proxy.ts: 3ms, application-code: 48ms)[22m
 GET /login [32m200[39m in 15ms[2m (next.js: 783µs, application-code: 14ms)[22m
 GET /app [32m200[39m in 22ms[2m (next.js: 792µs, proxy.ts: 3ms, application-code: 18ms)[22m
 POST /login [34m303[39m in 57ms[2m (next.js: 881µs, application-code: 56ms)[22m
  └─ ƒ loginAction({}) in 31ms [2msrc/app/login/actions.ts[22m
 GET /app/tags?tag=studio-systems [32m200[39m in 33ms[2m (next.js: 823µs, proxy.ts: 2ms, application-code: 30ms)[22m
 GET /login [32m200[39m in 15ms[2m (next.js: 760µs, application-code: 15ms)[22m
 GET /app [32m200[39m in 22ms[2m (next.js: 833µs, proxy.ts: 2ms, application-code: 19ms)[22m
 POST /login [34m303[39m in 56ms[2m (next.js: 872µs, application-code: 55ms)[22m
  └─ ƒ loginAction({}) in 30ms [2msrc/app/login/actions.ts[22m
 GET /app/tags?tag=studio-systems [32m200[39m in 37ms[2m (next.js: 917µs, proxy.ts: 3ms, application-code: 34ms)[22m
 GET /login [32m200[39m in 14ms[2m (next.js: 771µs, application-code: 14ms)[22m
 GET /app [32m200[39m in 22ms[2m (next.js: 1281µs, proxy.ts: 2ms, application-code: 19ms)[22m
 POST /login [34m303[39m in 57ms[2m (next.js: 959µs, application-code: 56ms)[22m
  └─ ƒ loginAction({}) in 30ms [2msrc/app/login/actions.ts[22m
 GET /app/search?q=rhythm [32m200[39m in 37ms[2m (next.js: 2ms, proxy.ts: 2ms, application-code: 32ms)[22m
 GET /login [32m200[39m in 15ms[2m (next.js: 808µs, application-code: 14ms)[22m
 GET /app [32m200[39m in 22ms[2m (next.js: 861µs, proxy.ts: 2ms, application-code: 19ms)[22m
 POST /login [34m303[39m in 56ms[2m (next.js: 986µs, application-code: 55ms)[22m
  └─ ƒ loginAction({}) in 30ms [2msrc/app/login/actions.ts[22m
 GET /app/search?q=rhythm [32m200[39m in 36ms[2m (next.js: 1037µs, proxy.ts: 3ms, application-code: 32ms)[22m
 GET / [32m200[39m in 16ms[2m (next.js: 863µs, application-code: 15ms)[22m
 GET / [32m200[39m in 17ms[2m (next.js: 786µs, application-code: 16ms)[22m
 GET /notes/public-notes-should-read-like-finished-pages-not-dashboards [32m200[39m in 36ms[2m (next.js: 3ms, application-code: 34ms)[22m
 GET /notes/public-notes-should-read-like-finished-pages-not-dashboards [32m200[39m in 18ms[2m (next.js: 1671µs, application-code: 16ms)[22m
 GET / [32m200[39m in 17ms[2m (next.js: 754µs, application-code: 16ms)[22m
 GET / [32m200[39m in 16ms[2m (next.js: 797µs, application-code: 16ms)[22m
 GET / [32m200[39m in 20ms[2m (next.js: 785µs, application-code: 19ms)[22m
 GET /login [32m200[39m in 15ms[2m (next.js: 768µs, application-code: 15ms)[22m
 GET /login [32m200[39m in 15ms[2m (next.js: 755µs, application-code: 15ms)[22m
 GET /app [32m200[39m in 21ms[2m (next.js: 1112µs, proxy.ts: 3ms, application-code: 18ms)[22m
 POST /login [34m303[39m in 55ms[2m (next.js: 909µs, application-code: 55ms)[22m
  └─ ƒ loginAction({}) in 30ms [2msrc/app/login/actions.ts[22m
 GET /login [32m200[39m in 16ms[2m (next.js: 797µs, application-code: 15ms)[22m
 GET /app [32m200[39m in 27ms[2m (next.js: 980µs, proxy.ts: 2ms, application-code: 24ms)[22m
 POST /login [34m303[39m in 62ms[2m (next.js: 958µs, application-code: 61ms)[22m
  └─ ƒ loginAction({}) in 30ms [2msrc/app/login/actions.ts[22m
