
> minakeep@0.1.0 dev
> next dev --hostname 127.0.0.1 --port 3100

[1m[38;2;173;127;168m▲ Next.js 16.2.0[39m[22m (Turbopack)
- Local:         http://127.0.0.1:3100
- Network:       http://127.0.0.1:3100
- Environments: .env
[32m[1m✓[22m[39m Ready in 202ms

 GET /api/health [32m200[39m in 118ms[2m (next.js: 108ms, application-code: 11ms)[22m
 GET /login [32m200[39m in 169ms[2m (next.js: 57ms, application-code: 113ms)[22m
 GET /app [32m200[39m in 121ms[2m (next.js: 28ms, proxy.ts: 39ms, application-code: 54ms)[22m
 POST /login [34m303[39m in 225ms[2m (next.js: 1207µs, application-code: 223ms)[22m
  └─ ƒ loginAction({}) in 93ms [2msrc/app/login/actions.ts[22m
 GET / [32m200[39m in 51ms[2m (next.js: 10ms, application-code: 41ms)[22m
 GET /login?callbackUrl=http%3A%2F%2Flocalhost%3A3100%2Fapp%2Fsearch [32m200[39m in 21ms[2m (next.js: 908µs, application-code: 20ms)[22m
 GET /login?callbackUrl=http%3A%2F%2Flocalhost%3A3100%2Fapp%2Fnotes%2Fnew [32m200[39m in 24ms[2m (next.js: 894µs, application-code: 23ms)[22m
 GET /app [32m200[39m in 22ms[2m (next.js: 1062µs, proxy.ts: 3ms, application-code: 19ms)[22m
 POST /login?callbackUrl=http%3A%2F%2Flocalhost%3A3100%2Fapp%2Fnotes%2Fnew [34m303[39m in 59ms[2m (next.js: 1097µs, application-code: 58ms)[22m
  └─ ƒ loginAction({}) in 31ms [2msrc/app/login/actions.ts[22m
 GET /app/notes/new [32m200[39m in 37ms[2m (next.js: 20ms, proxy.ts: 4ms, application-code: 14ms)[22m
 GET /app/notes/cmn162ckx0000dsybom3al6v8/edit?saved=1 [32m200[39m in 244ms[2m (next.js: 212ms, proxy.ts: 4ms, application-code: 28ms)[22m
 POST /app/notes/new [34m303[39m in 273ms[2m (next.js: 1566µs, proxy.ts: 3ms, application-code: 268ms)[22m
  └─ ƒ createNoteAction({}) in 19ms [2msrc/app/app/notes/actions.ts[22m
 POST /app/notes/cmn162ckx0000dsybom3al6v8/edit?saved=1 [34m303[39m in 133ms[2m (next.js: 5ms, proxy.ts: 4ms, application-code: 125ms)[22m
  └─ ƒ updateNoteAction("cmn162ckx0000dsybom3al6v8", {}) in 27ms [2msrc/app/app/notes/actions.ts[22m
 GET /app [32m200[39m in 187ms[2m (next.js: 1158µs, proxy.ts: 9ms, application-code: 177ms)[22m
 GET /app/notes/cmn162ckx0000dsybom3al6v8/edit?saved=1 [32m200[39m in 153ms[2m (next.js: 9ms, proxy.ts: 97ms, application-code: 47ms)[22m
 GET /app/notes/cmn162ckx0000dsybom3al6v8/edit [32m200[39m in 23ms[2m (next.js: 1672µs, proxy.ts: 4ms, application-code: 17ms)[22m
 GET /login [32m200[39m in 18ms[2m (next.js: 1692µs, application-code: 16ms)[22m
 GET /app [32m200[39m in 22ms[2m (next.js: 1082µs, proxy.ts: 2ms, application-code: 19ms)[22m
 POST /login [34m303[39m in 58ms[2m (next.js: 948µs, application-code: 57ms)[22m
  └─ ƒ loginAction({}) in 30ms [2msrc/app/login/actions.ts[22m
 GET /app/notes/new [32m200[39m in 17ms[2m (next.js: 1131µs, proxy.ts: 4ms, application-code: 12ms)[22m
 GET /app/notes/cmn162dj40001dsyb7wc89thn/edit?saved=1 [32m200[39m in 36ms[2m (next.js: 2ms, proxy.ts: 2ms, application-code: 31ms)[22m
 POST /app/notes/new [34m303[39m in 70ms[2m (next.js: 4ms, proxy.ts: 3ms, application-code: 64ms)[22m
  └─ ƒ createNoteAction({}) in 7ms [2msrc/app/app/notes/actions.ts[22m
 POST /api/test/mina/chat/completions [32m200[39m in 1515ms[2m (next.js: 13ms, application-code: 1502ms)[22m
 GET /app/notes/cmn162dj40001dsyb7wc89thn/edit?saved=1 [32m200[39m in 42ms[2m (next.js: 7ms, proxy.ts: 8ms, application-code: 27ms)[22m
 GET /app/notes/cmn162dj40001dsyb7wc89thn/edit?retried=1 [32m200[39m in 26ms[2m (next.js: 2ms, proxy.ts: 3ms, application-code: 21ms)[22m
 POST /app/notes/cmn162dj40001dsyb7wc89thn/edit?saved=1 [34m303[39m in 48ms[2m (next.js: 5ms, proxy.ts: 6ms, application-code: 37ms)[22m
  └─ ƒ retryNoteEnrichmentAction("cmn162dj40001dsyb7wc89thn") in 7ms [2msrc/app/app/notes/actions.ts[22m
 POST /api/test/mina/chat/completions [32m200[39m in 1512ms[2m (next.js: 682µs, application-code: 1511ms)[22m
 GET /app/notes/cmn162dj40001dsyb7wc89thn/edit?retried=1 [32m200[39m in 40ms[2m (next.js: 6ms, proxy.ts: 9ms, application-code: 25ms)[22m
 GET /login [32m200[39m in 16ms[2m (next.js: 760µs, application-code: 16ms)[22m
 GET /app [32m200[39m in 23ms[2m (next.js: 969µs, proxy.ts: 3ms, application-code: 19ms)[22m
 POST /login [34m303[39m in 58ms[2m (next.js: 920µs, application-code: 57ms)[22m
  └─ ƒ loginAction({}) in 30ms [2msrc/app/login/actions.ts[22m
 GET /app/notes/new [32m200[39m in 20ms[2m (next.js: 900µs, proxy.ts: 3ms, application-code: 16ms)[22m
 GET /app/notes/cmn162ikd0002dsybu8l4wlpw/edit?saved=1 [32m200[39m in 24ms[2m (next.js: 2ms, proxy.ts: 2ms, application-code: 19ms)[22m
 POST /app/notes/new [34m303[39m in 41ms[2m (next.js: 1201µs, proxy.ts: 3ms, application-code: 37ms)[22m
  └─ ƒ createNoteAction({}) in 6ms [2msrc/app/app/notes/actions.ts[22m
 GET /app/notes/cmn162ikd0002dsybu8l4wlpw/edit?published=1 [32m200[39m in 21ms[2m (next.js: 1295µs, proxy.ts: 2ms, application-code: 18ms)[22m
 POST /app/notes/cmn162ikd0002dsybu8l4wlpw/edit?saved=1 [34m303[39m in 36ms[2m (next.js: 2ms, proxy.ts: 3ms, application-code: 30ms)[22m
  └─ ƒ publishNoteAction("cmn162ikd0002dsybu8l4wlpw") in 5ms [2msrc/app/app/notes/actions.ts[22m
 GET / [32m200[39m in 19ms[2m (next.js: 890µs, application-code: 19ms)[22m
 GET /notes/public-note-1774148264612 [32m200[39m in 209ms[2m (next.js: 192ms, application-code: 17ms)[22m
 GET /app [32m200[39m in 43ms[2m (next.js: 866µs, proxy.ts: 3ms, application-code: 39ms)[22m
 GET /app/notes/cmn162ikd0002dsybu8l4wlpw/edit [32m200[39m in 20ms[2m (next.js: 3ms, proxy.ts: 3ms, application-code: 15ms)[22m
 GET /app/notes/cmn162ikd0002dsybu8l4wlpw/edit?unpublished=1 [32m200[39m in 21ms[2m (next.js: 1227µs, proxy.ts: 2ms, application-code: 17ms)[22m
 POST /app/notes/cmn162ikd0002dsybu8l4wlpw/edit [34m303[39m in 35ms[2m (next.js: 1687µs, proxy.ts: 3ms, application-code: 30ms)[22m
  └─ ƒ unpublishNoteAction("cmn162ikd0002dsybu8l4wlpw") in 5ms [2msrc/app/app/notes/actions.ts[22m
 GET / [32m200[39m in 20ms[2m (next.js: 946µs, application-code: 19ms)[22m
 GET /notes/public-note-1774148264612 [33m404[39m in 40ms[2m (next.js: 1882µs, application-code: 38ms)[22m
 GET /login [32m200[39m in 23ms[2m (next.js: 815µs, application-code: 22ms)[22m
 GET /app [32m200[39m in 24ms[2m (next.js: 885µs, proxy.ts: 2ms, application-code: 21ms)[22m
 POST /login [34m303[39m in 59ms[2m (next.js: 926µs, application-code: 58ms)[22m
  └─ ƒ loginAction({}) in 29ms [2msrc/app/login/actions.ts[22m
 GET /app/links [32m200[39m in 38ms[2m (next.js: 18ms, proxy.ts: 3ms, application-code: 17ms)[22m
 GET /app/links?saved=1 [32m200[39m in 23ms[2m (next.js: 831µs, proxy.ts: 2ms, application-code: 20ms)[22m
 POST /app/links [34m303[39m in 39ms[2m (next.js: 1105µs, proxy.ts: 4ms, application-code: 34ms)[22m
  └─ ƒ createLinkAction({}) in 8ms [2msrc/app/app/links/actions.ts[22m
 POST /api/test/mina/chat/completions [32m200[39m in 2ms[2m (next.js: 612µs, application-code: 1681µs)[22m
{"level":"warn","message":"Link favicon could not be resolved.","metadata":{"linkId":"cmn162jsh0004dsybn3yqzv8i","url":"https://example.com/reference-1774148266220"},"timestamp":"2026-03-22T02:57:46.748Z"}
 GET /app/links?saved=1 [32m200[39m in 47ms[2m (next.js: 1410µs, proxy.ts: 4ms, application-code: 42ms)[22m
 GET / [32m200[39m in 31ms[2m (next.js: 1956µs, application-code: 29ms)[22m
 GET /login [32m200[39m in 15ms[2m (next.js: 774µs, application-code: 15ms)[22m
 GET /app [32m200[39m in 23ms[2m (next.js: 935µs, proxy.ts: 2ms, application-code: 20ms)[22m
 POST /login [34m303[39m in 60ms[2m (next.js: 897µs, application-code: 59ms)[22m
  └─ ƒ loginAction({}) in 31ms [2msrc/app/login/actions.ts[22m
 GET /app/links [32m200[39m in 21ms[2m (next.js: 873µs, proxy.ts: 3ms, application-code: 17ms)[22m
 GET /app/links?saved=1 [32m200[39m in 23ms[2m (next.js: 820µs, proxy.ts: 2ms, application-code: 20ms)[22m
 POST /app/links [34m303[39m in 37ms[2m (next.js: 1618µs, proxy.ts: 3ms, application-code: 32ms)[22m
  └─ ƒ createLinkAction({}) in 6ms [2msrc/app/app/links/actions.ts[22m
 POST /api/test/mina/chat/completions [32m200[39m in 2ms[2m (next.js: 619µs, application-code: 1427µs)[22m
{"level":"warn","message":"Link favicon could not be resolved.","metadata":{"linkId":"cmn162mid0005dsybn86zncjk","url":"https://example.com/published-link-1774148269768"},"timestamp":"2026-03-22T02:57:50.261Z"}
 GET /app/links?saved=1 [32m200[39m in 49ms[2m (next.js: 3ms, proxy.ts: 9ms, application-code: 37ms)[22m
 GET /app/links?published=1 [32m200[39m in 29ms[2m (next.js: 1016µs, proxy.ts: 3ms, application-code: 25ms)[22m
 POST /app/links?saved=1 [34m303[39m in 49ms[2m (next.js: 1612µs, proxy.ts: 6ms, application-code: 41ms)[22m
  └─ ƒ publishLinkAction("cmn162mid0005dsybn86zncjk") in 8ms [2msrc/app/app/links/actions.ts[22m
 GET / [32m200[39m in 20ms[2m (next.js: 893µs, application-code: 19ms)[22m
 GET /app/links [32m200[39m in 89ms[2m (next.js: 940µs, proxy.ts: 2ms, application-code: 86ms)[22m
 GET /app/links?unpublished=1 [32m200[39m in 23ms[2m (next.js: 750µs, proxy.ts: 2ms, application-code: 20ms)[22m
 POST /app/links [34m303[39m in 36ms[2m (next.js: 984µs, proxy.ts: 3ms, application-code: 32ms)[22m
  └─ ƒ unpublishLinkAction("cmn162mid0005dsybn86zncjk") in 5ms [2msrc/app/app/links/actions.ts[22m
 GET / [32m200[39m in 18ms[2m (next.js: 951µs, application-code: 17ms)[22m
 GET /login [32m200[39m in 16ms[2m (next.js: 816µs, application-code: 15ms)[22m
 GET /app [32m200[39m in 23ms[2m (next.js: 1049µs, proxy.ts: 2ms, application-code: 20ms)[22m
 POST /login [34m303[39m in 59ms[2m (next.js: 963µs, application-code: 58ms)[22m
  └─ ƒ loginAction({}) in 30ms [2msrc/app/login/actions.ts[22m
 GET /app/links [32m200[39m in 23ms[2m (next.js: 968µs, proxy.ts: 3ms, application-code: 19ms)[22m
 GET /app/links?saved=1 [32m200[39m in 29ms[2m (next.js: 778µs, proxy.ts: 2ms, application-code: 26ms)[22m
 POST /app/links [34m303[39m in 42ms[2m (next.js: 922µs, proxy.ts: 3ms, application-code: 39ms)[22m
  └─ ƒ createLinkAction({}) in 6ms [2msrc/app/app/links/actions.ts[22m
{"level":"warn","message":"Link favicon could not be resolved.","metadata":{"linkId":"cmn162plh0006dsybls33p949","url":"https://example.com/retry-link-1774148273766"},"timestamp":"2026-03-22T02:57:54.270Z"}
 POST /api/test/mina/chat/completions [32m200[39m in 1513ms[2m (next.js: 684µs, application-code: 1512ms)[22m
 GET /app/links?saved=1 [32m200[39m in 51ms[2m (next.js: 3ms, proxy.ts: 11ms, application-code: 36ms)[22m
 GET /app/links?retried=1 [32m200[39m in 30ms[2m (next.js: 952µs, proxy.ts: 3ms, application-code: 26ms)[22m
 POST /app/links?saved=1 [34m303[39m in 49ms[2m (next.js: 1705µs, proxy.ts: 6ms, application-code: 41ms)[22m
  └─ ƒ retryLinkEnrichmentAction("cmn162plh0006dsybls33p949") in 7ms [2msrc/app/app/links/actions.ts[22m
 POST /api/test/mina/chat/completions [32m200[39m in 1509ms[2m (next.js: 558µs, application-code: 1509ms)[22m
 GET /app/links?retried=1 [32m200[39m in 51ms[2m (next.js: 3ms, proxy.ts: 10ms, application-code: 37ms)[22m
 GET /login [32m200[39m in 33ms[2m (next.js: 976µs, application-code: 32ms)[22m
 GET /app [32m200[39m in 24ms[2m (next.js: 803µs, proxy.ts: 2ms, application-code: 20ms)[22m
 POST /login [34m303[39m in 59ms[2m (next.js: 916µs, application-code: 58ms)[22m
  └─ ƒ loginAction({}) in 31ms [2msrc/app/login/actions.ts[22m
 GET /app/links [32m200[39m in 24ms[2m (next.js: 970µs, proxy.ts: 3ms, application-code: 20ms)[22m
 GET /app/links?error=invalid-url [32m200[39m in 24ms[2m (next.js: 786µs, proxy.ts: 2ms, application-code: 21ms)[22m
 POST /app/links [34m303[39m in 35ms[2m (next.js: 926µs, proxy.ts: 3ms, application-code: 31ms)[22m
  └─ ƒ createLinkAction({}) in 3ms [2msrc/app/app/links/actions.ts[22m
 GET /login [32m200[39m in 15ms[2m (next.js: 718µs, application-code: 14ms)[22m
 GET /app [32m200[39m in 22ms[2m (next.js: 888µs, proxy.ts: 2ms, application-code: 19ms)[22m
 POST /login [34m303[39m in 58ms[2m (next.js: 957µs, application-code: 57ms)[22m
  └─ ƒ loginAction({}) in 30ms [2msrc/app/login/actions.ts[22m
 GET /app/notes/new [32m200[39m in 20ms[2m (next.js: 895µs, proxy.ts: 3ms, application-code: 16ms)[22m
 GET /app/notes/cmn162v270007dsyb5uxk584e/edit?saved=1 [32m200[39m in 23ms[2m (next.js: 2ms, proxy.ts: 2ms, application-code: 18ms)[22m
 POST /app/notes/new [34m303[39m in 36ms[2m (next.js: 923µs, proxy.ts: 3ms, application-code: 32ms)[22m
  └─ ƒ createNoteAction({}) in 5ms [2msrc/app/app/notes/actions.ts[22m
 GET /app/links [32m200[39m in 60ms[2m (next.js: 934µs, proxy.ts: 3ms, application-code: 56ms)[22m
 GET /app/links?saved=1 [32m200[39m in 35ms[2m (next.js: 877µs, proxy.ts: 2ms, application-code: 32ms)[22m
 POST /app/links [34m303[39m in 50ms[2m (next.js: 1886µs, proxy.ts: 3ms, application-code: 45ms)[22m
  └─ ƒ createLinkAction({}) in 6ms [2msrc/app/app/links/actions.ts[22m
 POST /api/test/mina/chat/completions [32m200[39m in 2ms[2m (next.js: 665µs, application-code: 1523µs)[22m
{"level":"warn","message":"Link favicon could not be resolved.","metadata":{"linkId":"cmn162v900008dsybn02pri01","url":"https://example.com/url-needle-1774148280840"},"timestamp":"2026-03-22T02:58:01.605Z"}
 GET /app/links?saved=1 [32m200[39m in 51ms[2m (next.js: 3ms, proxy.ts: 12ms, application-code: 37ms)[22m
 GET /app/tags?tag=ai-owned [32m200[39m in 151ms[2m (next.js: 27ms, proxy.ts: 6ms, application-code: 118ms)[22m
 GET /app/tags [32m200[39m in 63ms[2m (next.js: 803µs, proxy.ts: 3ms, application-code: 59ms)[22m
 GET /app/search?q=Filtered%20note%201774148280840 [32m200[39m in 82ms[2m (next.js: 16ms, proxy.ts: 2ms, application-code: 63ms)[22m
 GET /app/search?q=url-needle-1774148280840 [32m200[39m in 54ms[2m (next.js: 829µs, proxy.ts: 3ms, application-code: 50ms)[22m
 GET /app/search?q=ai-owned [32m200[39m in 44ms[2m (next.js: 1015µs, proxy.ts: 3ms, application-code: 40ms)[22m
 GET /login [32m200[39m in 15ms[2m (next.js: 858µs, application-code: 14ms)[22m
 GET /app [32m200[39m in 25ms[2m (next.js: 870µs, proxy.ts: 3ms, application-code: 21ms)[22m
 POST /login [34m303[39m in 61ms[2m (next.js: 898µs, application-code: 60ms)[22m
  └─ ƒ loginAction({}) in 30ms [2msrc/app/login/actions.ts[22m
 GET /app/links [32m200[39m in 26ms[2m (next.js: 911µs, proxy.ts: 3ms, application-code: 22ms)[22m
 GET /app/links?saved=1 [32m200[39m in 31ms[2m (next.js: 759µs, proxy.ts: 2ms, application-code: 28ms)[22m
 POST /app/links [34m303[39m in 49ms[2m (next.js: 922µs, proxy.ts: 3ms, application-code: 45ms)[22m
  └─ ƒ createLinkAction({}) in 11ms [2msrc/app/app/links/actions.ts[22m
{"level":"warn","message":"Link favicon could not be resolved.","metadata":{"linkId":"cmn162yeq0009dsybr3thqoj6","url":"https://example.com/ai-enriched-link-1774148285147"},"timestamp":"2026-03-22T02:58:05.689Z"}
 GET /app/links?saved=1 [32m200[39m in 44ms[2m (next.js: 2ms, proxy.ts: 6ms, application-code: 36ms)[22m
 GET /app/search?q=ai [32m200[39m in 57ms[2m (next.js: 1947µs, proxy.ts: 6ms, application-code: 50ms)[22m
 GET /app/tags?tag=ai [32m200[39m in 67ms[2m (next.js: 758µs, proxy.ts: 2ms, application-code: 64ms)[22m
 GET /login [32m200[39m in 17ms[2m (next.js: 960µs, application-code: 16ms)[22m
 GET /app [32m200[39m in 24ms[2m (next.js: 1124µs, proxy.ts: 2ms, application-code: 21ms)[22m
 POST /login [34m303[39m in 60ms[2m (next.js: 885µs, application-code: 59ms)[22m
  └─ ƒ loginAction({}) in 30ms [2msrc/app/login/actions.ts[22m
 GET /app/links [32m200[39m in 58ms[2m (next.js: 836µs, proxy.ts: 3ms, application-code: 54ms)[22m
 GET /app/links?saved=1 [32m200[39m in 34ms[2m (next.js: 808µs, proxy.ts: 2ms, application-code: 31ms)[22m
 POST /app/links [34m303[39m in 46ms[2m (next.js: 1270µs, proxy.ts: 3ms, application-code: 41ms)[22m
  └─ ƒ createLinkAction({}) in 4ms [2msrc/app/app/links/actions.ts[22m
 POST /api/test/mina/chat/completions [32m200[39m in 2ms[2m (next.js: 601µs, application-code: 1499µs)[22m
 GET /app/links?saved=1 [32m200[39m in 44ms[2m (next.js: 2ms, proxy.ts: 7ms, application-code: 36ms)[22m
 GET /media/e08248cf-959a-40d8-829d-8b0dca99f33f [32m200[39m in 446ms[2m (next.js: 433ms, application-code: 13ms)[22m
 GET /app/links?published=1 [32m200[39m in 46ms[2m (next.js: 1101µs, proxy.ts: 3ms, application-code: 42ms)[22m
 POST /app/links?saved=1 [34m303[39m in 65ms[2m (next.js: 1642µs, proxy.ts: 6ms, application-code: 57ms)[22m
  └─ ƒ publishLinkAction("cmn16319k000adsybeck6tg0v") in 6ms [2msrc/app/app/links/actions.ts[22m
 GET /media/e08248cf-959a-40d8-829d-8b0dca99f33f [32m200[39m in 23ms[2m (next.js: 2ms, application-code: 20ms)[22m
 GET / [32m200[39m in 38ms[2m (next.js: 920µs, application-code: 37ms)[22m
 GET /media/e08248cf-959a-40d8-829d-8b0dca99f33f [32m200[39m in 12ms[2m (next.js: 1905µs, application-code: 10ms)[22m
 GET /app/links [32m200[39m in 75ms[2m (next.js: 847µs, proxy.ts: 3ms, application-code: 71ms)[22m
 GET /media/e08248cf-959a-40d8-829d-8b0dca99f33f [32m200[39m in 17ms[2m (next.js: 1257µs, application-code: 15ms)[22m
 GET /app/links?saved=1 [32m200[39m in 37ms[2m (next.js: 734µs, proxy.ts: 2ms, application-code: 34ms)[22m
 POST /app/links [34m303[39m in 50ms[2m (next.js: 801µs, proxy.ts: 3ms, application-code: 46ms)[22m
  └─ ƒ createLinkAction({}) in 7ms [2msrc/app/app/links/actions.ts[22m
{"level":"warn","message":"Link favicon cache failed.","metadata":{"error":"Configured link favicon fetch failure for Playwright.","linkId":"cmn1633ue000bdsyb6mkwfkut","url":"https://example.com/fallback-favicon-1774148288875"},"timestamp":"2026-03-22T02:58:12.704Z"}
 POST /api/test/mina/chat/completions [32m200[39m in 1765µs[2m (next.js: 547µs, application-code: 1218µs)[22m
 GET /media/e08248cf-959a-40d8-829d-8b0dca99f33f [32m200[39m in 7ms[2m (next.js: 837µs, application-code: 6ms)[22m
 GET /app/links?saved=1 [32m200[39m in 55ms[2m (next.js: 3ms, proxy.ts: 9ms, application-code: 43ms)[22m
 GET /app/links?favicon=1 [32m200[39m in 42ms[2m (next.js: 1106µs, proxy.ts: 3ms, application-code: 38ms)[22m
 POST /app/links?saved=1 [34m303[39m in 62ms[2m (next.js: 1504µs, proxy.ts: 5ms, application-code: 55ms)[22m
  └─ ƒ refreshLinkFaviconAction("cmn1633ue000bdsyb6mkwfkut") in 9ms [2msrc/app/app/links/actions.ts[22m
 GET /media/e08248cf-959a-40d8-829d-8b0dca99f33f [32m200[39m in 9ms[2m (next.js: 3ms, application-code: 6ms)[22m
 GET /media/9fdcf9f0-9b81-486e-8466-e84bd40784a6 [32m200[39m in 10ms[2m (next.js: 4ms, application-code: 6ms)[22m
 GET /media/draft-note-image-1774148295902 [33m404[39m in 7ms[2m (next.js: 3ms, application-code: 3ms)[22m
 GET /login [32m200[39m in 30ms[2m (next.js: 771µs, application-code: 29ms)[22m
 GET /app [32m200[39m in 22ms[2m (next.js: 881µs, proxy.ts: 3ms, application-code: 19ms)[22m
 POST /login [34m303[39m in 62ms[2m (next.js: 952µs, application-code: 61ms)[22m
  └─ ƒ loginAction({}) in 33ms [2msrc/app/login/actions.ts[22m
 GET /media/draft-note-image-1774148295902 [32m200[39m in 10ms[2m (next.js: 1717µs, application-code: 9ms)[22m
 GET /media/draft-note-image-1774148295902 [32m200[39m in 6ms[2m (next.js: 620µs, application-code: 5ms)[22m
 GET /media/published-note-image-1774148296280 [32m200[39m in 5ms[2m (next.js: 1431µs, application-code: 4ms)[22m
 GET /media/hidden-note-image-1774148296280 [33m404[39m in 4ms[2m (next.js: 714µs, application-code: 3ms)[22m
 GET /media/published-link-favicon-1774148296280 [32m200[39m in 5ms[2m (next.js: 628µs, application-code: 4ms)[22m
 GET /login [32m200[39m in 15ms[2m (next.js: 803µs, application-code: 14ms)[22m
 GET /app [32m200[39m in 23ms[2m (next.js: 883µs, proxy.ts: 3ms, application-code: 19ms)[22m
 POST /login [34m303[39m in 59ms[2m (next.js: 823µs, application-code: 59ms)[22m
  └─ ƒ loginAction({}) in 31ms [2msrc/app/login/actions.ts[22m
 GET /media/published-note-image-1774148296280 [32m200[39m in 10ms[2m (next.js: 1143µs, application-code: 8ms)[22m
 GET /app/notes/new [32m200[39m in 16ms[2m (next.js: 1708µs, proxy.ts: 3ms, application-code: 12ms)[22m
 GET /app/notes/cmn163728000cdsyb703r7nrt/edit?saved=1 [32m200[39m in 24ms[2m (next.js: 2ms, proxy.ts: 2ms, application-code: 19ms)[22m
 POST /app/notes/new [34m303[39m in 38ms[2m (next.js: 1614µs, proxy.ts: 3ms, application-code: 33ms)[22m
  └─ ƒ createNoteAction({}) in 6ms [2msrc/app/app/notes/actions.ts[22m
 GET /app/notes/cmn163728000cdsyb703r7nrt/edit?saved=1 [32m200[39m in 40ms[2m (next.js: 5ms, proxy.ts: 6ms, application-code: 29ms)[22m
 GET /app [32m200[39m in 59ms[2m (next.js: 2ms, proxy.ts: 6ms, application-code: 50ms)[22m
 GET /media/published-note-image-1774148296280 [32m200[39m in 15ms[2m (next.js: 4ms, application-code: 12ms)[22m
 GET /login [32m200[39m in 21ms[2m (next.js: 904µs, application-code: 20ms)[22m
 GET /app [32m200[39m in 19ms[2m (next.js: 819µs, proxy.ts: 2ms, application-code: 16ms)[22m
 POST /login [34m303[39m in 53ms[2m (next.js: 950µs, application-code: 52ms)[22m
  └─ ƒ loginAction({}) in 29ms [2msrc/app/login/actions.ts[22m
 GET /app/notes/new [32m200[39m in 53ms[2m (next.js: 1063µs, proxy.ts: 3ms, application-code: 49ms)[22m
 POST /api/notes/images [32m201[39m in 33ms[2m (next.js: 24ms, application-code: 9ms)[22m
 GET /media/646e9bd0-fca0-42fa-8bc1-5bfd328f142d [32m200[39m in 12ms[2m (next.js: 5ms, application-code: 7ms)[22m
 GET /app/notes/cmn1639wt000ddsybog7x475p/edit?saved=1 [32m200[39m in 23ms[2m (next.js: 2ms, proxy.ts: 2ms, application-code: 19ms)[22m
 POST /app/notes/new [34m303[39m in 41ms[2m (next.js: 2ms, proxy.ts: 4ms, application-code: 36ms)[22m
  └─ ƒ createNoteAction({}) in 8ms [2msrc/app/app/notes/actions.ts[22m
 GET /media/646e9bd0-fca0-42fa-8bc1-5bfd328f142d [32m200[39m in 11ms[2m (next.js: 1224µs, application-code: 9ms)[22m
 GET / [32m200[39m in 19ms[2m (next.js: 852µs, application-code: 18ms)[22m
 GET /login [32m200[39m in 15ms[2m (next.js: 744µs, application-code: 14ms)[22m
 GET /login [32m200[39m in 16ms[2m (next.js: 791µs, application-code: 16ms)[22m
 GET /login [32m200[39m in 15ms[2m (next.js: 766µs, application-code: 14ms)[22m
 GET /app [32m200[39m in 26ms[2m (next.js: 857µs, proxy.ts: 2ms, application-code: 23ms)[22m
 POST /login [34m303[39m in 61ms[2m (next.js: 955µs, application-code: 60ms)[22m
  └─ ƒ loginAction({}) in 29ms [2msrc/app/login/actions.ts[22m
 GET /app/notes/cmn163am70008duybd2l0m9l5/edit [32m200[39m in 46ms[2m (next.js: 2ms, proxy.ts: 2ms, application-code: 42ms)[22m
 GET /login [32m200[39m in 15ms[2m (next.js: 881µs, application-code: 14ms)[22m
 GET /app [32m200[39m in 20ms[2m (next.js: 804µs, proxy.ts: 2ms, application-code: 17ms)[22m
 POST /login [34m303[39m in 54ms[2m (next.js: 846µs, application-code: 53ms)[22m
  └─ ƒ loginAction({}) in 29ms [2msrc/app/login/actions.ts[22m
 GET /app/notes/cmn163b480009duybx4bnquyr/edit [32m200[39m in 47ms[2m (next.js: 3ms, proxy.ts: 3ms, application-code: 42ms)[22m
 GET / [32m200[39m in 19ms[2m (next.js: 858µs, application-code: 18ms)[22m
 GET / [32m200[39m in 19ms[2m (next.js: 840µs, application-code: 18ms)[22m
 GET / [32m200[39m in 19ms[2m (next.js: 778µs, application-code: 18ms)[22m
 GET / [32m200[39m in 17ms[2m (next.js: 774µs, application-code: 16ms)[22m
 GET /login [32m200[39m in 15ms[2m (next.js: 885µs, application-code: 14ms)[22m
 GET /login [32m200[39m in 21ms[2m (next.js: 793µs, application-code: 20ms)[22m
 GET /app [32m200[39m in 21ms[2m (next.js: 867µs, proxy.ts: 2ms, application-code: 18ms)[22m
 POST /login [34m303[39m in 55ms[2m (next.js: 908µs, application-code: 54ms)[22m
  └─ ƒ loginAction({}) in 29ms [2msrc/app/login/actions.ts[22m
 GET / [32m200[39m in 17ms[2m (next.js: 762µs, application-code: 16ms)[22m
 GET /login [32m200[39m in 15ms[2m (next.js: 794µs, application-code: 14ms)[22m
 GET /app [32m200[39m in 20ms[2m (next.js: 852µs, proxy.ts: 2ms, application-code: 17ms)[22m
 POST /login [34m303[39m in 54ms[2m (next.js: 918µs, application-code: 53ms)[22m
  └─ ƒ loginAction({}) in 29ms [2msrc/app/login/actions.ts[22m
 GET /app/search [32m200[39m in 32ms[2m (next.js: 2ms, proxy.ts: 3ms, application-code: 27ms)[22m
 GET /app/links [32m200[39m in 37ms[2m (next.js: 840µs, proxy.ts: 3ms, application-code: 33ms)[22m
 GET /app [32m200[39m in 31ms[2m (next.js: 783µs, proxy.ts: 3ms, application-code: 28ms)[22m
 GET /app/notes/cmn163cw6000wduybk7ecjyjx/edit [32m200[39m in 21ms[2m (next.js: 3ms, proxy.ts: 3ms, application-code: 15ms)[22m
 GET /login [32m200[39m in 16ms[2m (next.js: 855µs, application-code: 16ms)[22m
 GET /app [32m200[39m in 27ms[2m (next.js: 955µs, proxy.ts: 8ms, application-code: 18ms)[22m
 POST /login [34m303[39m in 61ms[2m (next.js: 872µs, application-code: 61ms)[22m
  └─ ƒ loginAction({}) in 30ms [2msrc/app/login/actions.ts[22m
 GET /app/notes/new [32m200[39m in 27ms[2m (next.js: 861µs, proxy.ts: 4ms, application-code: 22ms)[22m
 GET /app/notes/cmn163dxu000edsybztnvvxn8/edit?saved=1 [32m200[39m in 22ms[2m (next.js: 2ms, proxy.ts: 2ms, application-code: 17ms)[22m
 POST /app/notes/new [34m303[39m in 35ms[2m (next.js: 914µs, proxy.ts: 3ms, application-code: 32ms)[22m
  └─ ƒ createNoteAction({}) in 6ms [2msrc/app/app/notes/actions.ts[22m
 GET /login [32m200[39m in 17ms[2m (next.js: 798µs, application-code: 16ms)[22m
 GET /app [32m200[39m in 27ms[2m (next.js: 958µs, proxy.ts: 2ms, application-code: 24ms)[22m
 POST /login [34m303[39m in 62ms[2m (next.js: 1056µs, application-code: 61ms)[22m
  └─ ƒ loginAction({}) in 31ms [2msrc/app/login/actions.ts[22m
 GET /app/notes/cmn163e0o000zduybdx3earbp/edit [32m200[39m in 40ms[2m (next.js: 2ms, proxy.ts: 2ms, application-code: 35ms)[22m
 GET /login [32m200[39m in 16ms[2m (next.js: 852µs, application-code: 15ms)[22m
 GET /app [32m200[39m in 21ms[2m (next.js: 1051µs, proxy.ts: 2ms, application-code: 17ms)[22m
 POST /login [34m303[39m in 55ms[2m (next.js: 860µs, application-code: 54ms)[22m
  └─ ƒ loginAction({}) in 30ms [2msrc/app/login/actions.ts[22m
 GET /app/notes/new [32m200[39m in 28ms[2m (next.js: 1052µs, proxy.ts: 3ms, application-code: 24ms)[22m
 GET /media/3b92f5a1-6c7b-417c-b948-3dfdce5a8efe-with-extra-wrap-length-for-the-gutter [33m404[39m in 7ms[2m (next.js: 1893µs, application-code: 5ms)[22m
 GET /login [32m200[39m in 22ms[2m (next.js: 740µs, application-code: 21ms)[22m
 GET /app [32m200[39m in 21ms[2m (next.js: 911µs, proxy.ts: 2ms, application-code: 18ms)[22m
 POST /login [34m303[39m in 54ms[2m (next.js: 909µs, application-code: 53ms)[22m
  └─ ƒ loginAction({}) in 28ms [2msrc/app/login/actions.ts[22m
 GET /app/notes/cmn163eu20011duybg20u8fn0/edit [32m200[39m in 46ms[2m (next.js: 2ms, proxy.ts: 3ms, application-code: 41ms)[22m
 GET /login [32m200[39m in 16ms[2m (next.js: 744µs, application-code: 15ms)[22m
 GET /app [32m200[39m in 21ms[2m (next.js: 1035µs, proxy.ts: 2ms, application-code: 18ms)[22m
 POST /login [34m303[39m in 56ms[2m (next.js: 932µs, application-code: 55ms)[22m
  └─ ƒ loginAction({}) in 29ms [2msrc/app/login/actions.ts[22m
 GET /app/notes/cmn163f9g0012duybnluvzr4z/edit [32m200[39m in 48ms[2m (next.js: 2ms, proxy.ts: 8ms, application-code: 38ms)[22m
 GET /app/notes/cmn163f9g0012duybnluvzr4z/edit?saved=1 [32m200[39m in 22ms[2m (next.js: 1297µs, proxy.ts: 2ms, application-code: 18ms)[22m
 POST /app/notes/cmn163f9g0012duybnluvzr4z/edit [34m303[39m in 38ms[2m (next.js: 2ms, proxy.ts: 3ms, application-code: 33ms)[22m
  └─ ƒ updateNoteAction("cmn163f9g0012duybnluvzr4z", {}) in 6ms [2msrc/app/app/notes/actions.ts[22m
 GET /login [32m200[39m in 15ms[2m (next.js: 758µs, application-code: 14ms)[22m
 GET /app [32m200[39m in 21ms[2m (next.js: 1063µs, proxy.ts: 2ms, application-code: 17ms)[22m
 POST /login [34m303[39m in 55ms[2m (next.js: 972µs, application-code: 54ms)[22m
  └─ ƒ loginAction({}) in 30ms [2msrc/app/login/actions.ts[22m
 GET /app/notes/cmn163g470013duyb6ccwvdiv/edit [32m200[39m in 47ms[2m (next.js: 2ms, proxy.ts: 3ms, application-code: 42ms)[22m
 GET /login [32m200[39m in 16ms[2m (next.js: 843µs, application-code: 15ms)[22m
 GET /app [32m200[39m in 22ms[2m (next.js: 915µs, proxy.ts: 3ms, application-code: 19ms)[22m
 POST /login [34m303[39m in 56ms[2m (next.js: 964µs, application-code: 55ms)[22m
  └─ ƒ loginAction({}) in 29ms [2msrc/app/login/actions.ts[22m
 GET /app/notes/cmn163glw0014duybw8qce9rs/edit [32m200[39m in 43ms[2m (next.js: 2ms, proxy.ts: 3ms, application-code: 38ms)[22m
 GET /app/notes/cmn163glw0014duybw8qce9rs/edit?saved=1 [32m200[39m in 31ms[2m (next.js: 1540µs, proxy.ts: 3ms, application-code: 27ms)[22m
 POST /app/notes/cmn163glw0014duybw8qce9rs/edit [34m303[39m in 48ms[2m (next.js: 3ms, proxy.ts: 4ms, application-code: 41ms)[22m
  └─ ƒ updateNoteAction("cmn163glw0014duybw8qce9rs", {}) in 6ms [2msrc/app/app/notes/actions.ts[22m
 GET /app/notes/cmn163glw0014duybw8qce9rs/edit?saved=1 [32m200[39m in 42ms[2m (next.js: 1463µs, proxy.ts: 3ms, application-code: 38ms)[22m
 GET /login [32m200[39m in 16ms[2m (next.js: 791µs, application-code: 15ms)[22m
 GET /app [32m200[39m in 21ms[2m (next.js: 837µs, proxy.ts: 2ms, application-code: 18ms)[22m
 POST /login [34m303[39m in 56ms[2m (next.js: 868µs, application-code: 55ms)[22m
  └─ ƒ loginAction({}) in 30ms [2msrc/app/login/actions.ts[22m
 GET /app/notes/cmn163hft0015duyblzgktru2/edit [32m200[39m in 58ms[2m (next.js: 2ms, proxy.ts: 3ms, application-code: 53ms)[22m
 GET /login [32m200[39m in 16ms[2m (next.js: 784µs, application-code: 15ms)[22m
 GET /app [32m200[39m in 21ms[2m (next.js: 865µs, proxy.ts: 3ms, application-code: 18ms)[22m
 POST /login [34m303[39m in 56ms[2m (next.js: 909µs, application-code: 55ms)[22m
  └─ ƒ loginAction({}) in 29ms [2msrc/app/login/actions.ts[22m
 GET /app/notes/cmn163hww0016duybjnpt3kdb/edit [32m200[39m in 43ms[2m (next.js: 2ms, proxy.ts: 2ms, application-code: 38ms)[22m
 GET /app/notes/cmn163hww0016duybjnpt3kdb/edit?saved=1 [32m200[39m in 22ms[2m (next.js: 1294µs, proxy.ts: 2ms, application-code: 19ms)[22m
 POST /app/notes/cmn163hww0016duybjnpt3kdb/edit [34m303[39m in 39ms[2m (next.js: 3ms, proxy.ts: 3ms, application-code: 33ms)[22m
  └─ ƒ updateNoteAction("cmn163hww0016duybjnpt3kdb", {}) in 6ms [2msrc/app/app/notes/actions.ts[22m
 GET /login [32m200[39m in 21ms[2m (next.js: 793µs, application-code: 20ms)[22m
 GET /app [32m200[39m in 22ms[2m (next.js: 871µs, proxy.ts: 2ms, application-code: 19ms)[22m
 POST /login [34m303[39m in 56ms[2m (next.js: 889µs, application-code: 55ms)[22m
  └─ ƒ loginAction({}) in 30ms [2msrc/app/login/actions.ts[22m
 GET /app/notes/new [32m200[39m in 31ms[2m (next.js: 902µs, proxy.ts: 3ms, application-code: 27ms)[22m
 GET /login [32m200[39m in 15ms[2m (next.js: 808µs, application-code: 14ms)[22m
 GET /app [32m200[39m in 21ms[2m (next.js: 1140µs, proxy.ts: 2ms, application-code: 18ms)[22m
 POST /login [34m303[39m in 56ms[2m (next.js: 894µs, application-code: 55ms)[22m
  └─ ƒ loginAction({}) in 30ms [2msrc/app/login/actions.ts[22m
 GET /app/notes/cmn163jbb0018duybf5jybdll/edit [32m200[39m in 48ms[2m (next.js: 2ms, proxy.ts: 3ms, application-code: 43ms)[22m
 GET /login [32m200[39m in 15ms[2m (next.js: 803µs, application-code: 14ms)[22m
 GET /app [32m200[39m in 22ms[2m (next.js: 1208µs, proxy.ts: 2ms, application-code: 19ms)[22m
 POST /login [34m303[39m in 58ms[2m (next.js: 883µs, application-code: 57ms)[22m
  └─ ƒ loginAction({}) in 30ms [2msrc/app/login/actions.ts[22m
 GET /app/notes/cmn163js90019duybopwad1ac/edit [32m200[39m in 40ms[2m (next.js: 2ms, proxy.ts: 3ms, application-code: 35ms)[22m
 GET /media/ui-note-images-draft-1774148313891 [33m404[39m in 5ms[2m (next.js: 1654µs, application-code: 4ms)[22m
 GET /login [32m200[39m in 18ms[2m (next.js: 768µs, application-code: 17ms)[22m
 GET /app [32m200[39m in 22ms[2m (next.js: 1105µs, proxy.ts: 2ms, application-code: 18ms)[22m
 POST /login [34m303[39m in 56ms[2m (next.js: 1000µs, application-code: 55ms)[22m
  └─ ƒ loginAction({}) in 30ms [2msrc/app/login/actions.ts[22m
 GET /media/ui-note-images-published-first-1774148313891 [32m200[39m in 8ms[2m (next.js: 997µs, application-code: 7ms)[22m
 GET /media/ui-note-images-draft-1774148313891 [32m200[39m in 9ms[2m (next.js: 2ms, application-code: 7ms)[22m
 GET / [32m200[39m in 17ms[2m (next.js: 1037µs, application-code: 16ms)[22m
 GET /media/ui-note-images-published-first-1774148313891 [32m200[39m in 9ms[2m (next.js: 1260µs, application-code: 7ms)[22m
 GET /notes/published-note-image-card [32m200[39m in 47ms[2m (next.js: 3ms, application-code: 44ms)[22m
 GET /media/ui-note-images-published-first-1774148313891 [32m200[39m in 17ms[2m (next.js: 1938µs, application-code: 15ms)[22m
 GET /media/ui-note-images-published-second-1774148313891 [32m200[39m in 17ms[2m (next.js: 4ms, application-code: 14ms)[22m
 GET /login [32m200[39m in 16ms[2m (next.js: 803µs, application-code: 15ms)[22m
 GET /app [32m200[39m in 24ms[2m (next.js: 875µs, proxy.ts: 2ms, application-code: 21ms)[22m
 POST /login [34m303[39m in 63ms[2m (next.js: 1059µs, application-code: 62ms)[22m
  └─ ƒ loginAction({}) in 34ms [2msrc/app/login/actions.ts[22m
 GET /login [32m200[39m in 18ms[2m (next.js: 885µs, application-code: 17ms)[22m
 GET /app [32m200[39m in 24ms[2m (next.js: 840µs, proxy.ts: 3ms, application-code: 20ms)[22m
 POST /login [34m303[39m in 58ms[2m (next.js: 907µs, application-code: 57ms)[22m
  └─ ƒ loginAction({}) in 30ms [2msrc/app/login/actions.ts[22m
 GET /login [32m200[39m in 18ms[2m (next.js: 897µs, application-code: 17ms)[22m
 GET /app [32m200[39m in 31ms[2m (next.js: 1288µs, proxy.ts: 2ms, application-code: 27ms)[22m
 POST /login [34m303[39m in 65ms[2m (next.js: 903µs, application-code: 64ms)[22m
  └─ ƒ loginAction({}) in 29ms [2msrc/app/login/actions.ts[22m
 GET /login [32m200[39m in 17ms[2m (next.js: 750µs, application-code: 17ms)[22m
 GET /app [32m200[39m in 23ms[2m (next.js: 1038µs, proxy.ts: 2ms, application-code: 19ms)[22m
 POST /login [34m303[39m in 57ms[2m (next.js: 893µs, application-code: 56ms)[22m
  └─ ƒ loginAction({}) in 30ms [2msrc/app/login/actions.ts[22m
 GET /app/links [32m200[39m in 50ms[2m (next.js: 868µs, proxy.ts: 3ms, application-code: 47ms)[22m
 GET /login [32m200[39m in 16ms[2m (next.js: 865µs, application-code: 15ms)[22m
 GET /app [32m200[39m in 22ms[2m (next.js: 787µs, proxy.ts: 2ms, application-code: 19ms)[22m
 POST /login [34m303[39m in 57ms[2m (next.js: 907µs, application-code: 56ms)[22m
  └─ ƒ loginAction({}) in 30ms [2msrc/app/login/actions.ts[22m
 GET /app/links [32m200[39m in 51ms[2m (next.js: 867µs, proxy.ts: 3ms, application-code: 47ms)[22m
 GET /login [32m200[39m in 17ms[2m (next.js: 986µs, application-code: 16ms)[22m
 GET /app [32m200[39m in 27ms[2m (next.js: 1077µs, proxy.ts: 2ms, application-code: 24ms)[22m
 POST /login [34m303[39m in 62ms[2m (next.js: 853µs, application-code: 61ms)[22m
  └─ ƒ loginAction({}) in 30ms [2msrc/app/login/actions.ts[22m
 GET /app/tags?tag=studio-systems [32m200[39m in 42ms[2m (next.js: 2ms, proxy.ts: 3ms, application-code: 37ms)[22m
 GET /login [32m200[39m in 16ms[2m (next.js: 815µs, application-code: 15ms)[22m
 GET /app [32m200[39m in 22ms[2m (next.js: 837µs, proxy.ts: 3ms, application-code: 19ms)[22m
 POST /login [34m303[39m in 56ms[2m (next.js: 928µs, application-code: 55ms)[22m
  └─ ƒ loginAction({}) in 29ms [2msrc/app/login/actions.ts[22m
 GET /app/tags?tag=studio-systems [32m200[39m in 48ms[2m (next.js: 888µs, proxy.ts: 3ms, application-code: 44ms)[22m
 GET /login [32m200[39m in 17ms[2m (next.js: 819µs, application-code: 17ms)[22m
 GET /app [32m200[39m in 22ms[2m (next.js: 1161µs, proxy.ts: 2ms, application-code: 19ms)[22m
 POST /login [34m303[39m in 56ms[2m (next.js: 900µs, application-code: 55ms)[22m
  └─ ƒ loginAction({}) in 28ms [2msrc/app/login/actions.ts[22m
 GET /app/search?q=rhythm [32m200[39m in 43ms[2m (next.js: 2ms, proxy.ts: 2ms, application-code: 38ms)[22m
 GET /login [32m200[39m in 15ms[2m (next.js: 952µs, application-code: 14ms)[22m
 GET /app [32m200[39m in 24ms[2m (next.js: 861µs, proxy.ts: 3ms, application-code: 20ms)[22m
 POST /login [34m303[39m in 58ms[2m (next.js: 890µs, application-code: 57ms)[22m
  └─ ƒ loginAction({}) in 29ms [2msrc/app/login/actions.ts[22m
 GET /app/search?q=rhythm [32m200[39m in 39ms[2m (next.js: 864µs, proxy.ts: 2ms, application-code: 36ms)[22m
 GET / [32m200[39m in 18ms[2m (next.js: 781µs, application-code: 17ms)[22m
 GET / [32m200[39m in 18ms[2m (next.js: 888µs, application-code: 17ms)[22m
 GET /notes/public-notes-should-read-like-finished-pages-not-dashboards [32m200[39m in 32ms[2m (next.js: 1799µs, application-code: 31ms)[22m
 GET /notes/public-notes-should-read-like-finished-pages-not-dashboards [32m200[39m in 20ms[2m (next.js: 1702µs, application-code: 19ms)[22m
 GET / [32m200[39m in 18ms[2m (next.js: 1055µs, application-code: 17ms)[22m
 GET / [32m200[39m in 18ms[2m (next.js: 757µs, application-code: 17ms)[22m
 GET / [32m200[39m in 17ms[2m (next.js: 770µs, application-code: 17ms)[22m
 GET /notes/tag-chips-should-fit-a-calmer-public-hierarchy [32m200[39m in 22ms[2m (next.js: 1698µs, application-code: 20ms)[22m
 GET / [32m200[39m in 18ms[2m (next.js: 763µs, application-code: 17ms)[22m
 GET /login [32m200[39m in 16ms[2m (next.js: 805µs, application-code: 15ms)[22m
 GET /login [32m200[39m in 16ms[2m (next.js: 826µs, application-code: 15ms)[22m
 GET /app [32m200[39m in 21ms[2m (next.js: 1086µs, proxy.ts: 2ms, application-code: 17ms)[22m
 POST /login [34m303[39m in 55ms[2m (next.js: 1053µs, application-code: 54ms)[22m
  └─ ƒ loginAction({}) in 30ms [2msrc/app/login/actions.ts[22m
 GET /login [32m200[39m in 15ms[2m (next.js: 782µs, application-code: 15ms)[22m
 GET /app [32m200[39m in 28ms[2m (next.js: 923µs, proxy.ts: 2ms, application-code: 25ms)[22m
 POST /login [34m303[39m in 62ms[2m (next.js: 855µs, application-code: 61ms)[22m
  └─ ƒ loginAction({}) in 29ms [2msrc/app/login/actions.ts[22m
