
> minakeep@0.1.0 dev
> next dev --hostname 127.0.0.1 --port 3100

[1m[38;2;173;127;168m▲ Next.js 16.2.0[39m[22m (Turbopack)
- Local:         http://127.0.0.1:3100
- Network:       http://127.0.0.1:3100
- Environments: .env
[32m[1m✓[22m[39m Ready in 199ms

 GET /api/health [32m200[39m in 97ms[2m (next.js: 87ms, application-code: 10ms)[22m
 GET /login [32m200[39m in 157ms[2m (next.js: 51ms, application-code: 106ms)[22m
 GET /app [32m200[39m in 123ms[2m (next.js: 26ms, proxy.ts: 42ms, application-code: 55ms)[22m
 POST /login [34m303[39m in 232ms[2m (next.js: 1441µs, application-code: 230ms)[22m
  └─ ƒ loginAction({}) in 96ms [2msrc/app/login/actions.ts[22m
 GET / [32m200[39m in 53ms[2m (next.js: 10ms, application-code: 42ms)[22m
 GET /login?callbackUrl=http%3A%2F%2Flocalhost%3A3100%2Fapp%2Fsearch [32m200[39m in 27ms[2m (next.js: 946µs, application-code: 26ms)[22m
 GET /login?callbackUrl=http%3A%2F%2Flocalhost%3A3100%2Fapp%2Fnotes%2Fnew [32m200[39m in 18ms[2m (next.js: 834µs, application-code: 18ms)[22m
 GET /app [32m200[39m in 24ms[2m (next.js: 1129µs, proxy.ts: 3ms, application-code: 20ms)[22m
 POST /login?callbackUrl=http%3A%2F%2Flocalhost%3A3100%2Fapp%2Fnotes%2Fnew [34m303[39m in 59ms[2m (next.js: 1064µs, application-code: 58ms)[22m
  └─ ƒ loginAction({}) in 30ms [2msrc/app/login/actions.ts[22m
 GET /app/notes/new [32m200[39m in 37ms[2m (next.js: 20ms, proxy.ts: 3ms, application-code: 14ms)[22m
 GET /app/notes/cmn0fvqyu0000o4ybq1b73m1k/edit?saved=1 [32m200[39m in 264ms[2m (next.js: 239ms, proxy.ts: 3ms, application-code: 21ms)[22m
 POST /app/notes/new [34m303[39m in 294ms[2m (next.js: 1387µs, proxy.ts: 3ms, application-code: 290ms)[22m
  └─ ƒ createNoteAction({}) in 20ms [2msrc/app/app/notes/actions.ts[22m
 POST /app/notes/cmn0fvqyu0000o4ybq1b73m1k/edit?saved=1 [34m303[39m in 150ms[2m (next.js: 5ms, proxy.ts: 4ms, application-code: 142ms)[22m
  └─ ƒ updateNoteAction("cmn0fvqyu0000o4ybq1b73m1k", {}) in 27ms [2msrc/app/app/notes/actions.ts[22m
 GET /app [32m200[39m in 192ms[2m (next.js: 1213µs, proxy.ts: 8ms, application-code: 183ms)[22m
 GET /app/notes/cmn0fvqyu0000o4ybq1b73m1k/edit?saved=1 [32m200[39m in 159ms[2m (next.js: 9ms, proxy.ts: 114ms, application-code: 35ms)[22m
 GET /app/notes/cmn0fvqyu0000o4ybq1b73m1k/edit [32m200[39m in 22ms[2m (next.js: 2ms, proxy.ts: 4ms, application-code: 16ms)[22m
 GET /login [32m200[39m in 17ms[2m (next.js: 808µs, application-code: 16ms)[22m
 GET /app [32m200[39m in 23ms[2m (next.js: 984µs, proxy.ts: 3ms, application-code: 19ms)[22m
 POST /login [34m303[39m in 63ms[2m (next.js: 957µs, application-code: 62ms)[22m
  └─ ƒ loginAction({}) in 30ms [2msrc/app/login/actions.ts[22m
 GET /app/notes/new [32m200[39m in 17ms[2m (next.js: 1008µs, proxy.ts: 3ms, application-code: 12ms)[22m
 GET /app/notes/cmn0fvrvr0001o4yb06rzfqjq/edit?saved=1 [32m200[39m in 24ms[2m (next.js: 2ms, proxy.ts: 2ms, application-code: 19ms)[22m
 POST /app/notes/new [34m303[39m in 39ms[2m (next.js: 897µs, proxy.ts: 3ms, application-code: 35ms)[22m
  └─ ƒ createNoteAction({}) in 7ms [2msrc/app/app/notes/actions.ts[22m
 POST /api/test/mina/chat/completions [32m200[39m in 1513ms[2m (next.js: 15ms, application-code: 1498ms)[22m
 GET /app/notes/cmn0fvrvr0001o4yb06rzfqjq/edit?saved=1 [32m200[39m in 41ms[2m (next.js: 6ms, proxy.ts: 10ms, application-code: 26ms)[22m
 GET /app/notes/cmn0fvrvr0001o4yb06rzfqjq/edit?retried=1 [32m200[39m in 26ms[2m (next.js: 1686µs, proxy.ts: 3ms, application-code: 22ms)[22m
 POST /app/notes/cmn0fvrvr0001o4yb06rzfqjq/edit?saved=1 [34m303[39m in 48ms[2m (next.js: 4ms, proxy.ts: 7ms, application-code: 36ms)[22m
  └─ ƒ retryNoteEnrichmentAction("cmn0fvrvr0001o4yb06rzfqjq") in 5ms [2msrc/app/app/notes/actions.ts[22m
 POST /api/test/mina/chat/completions [32m200[39m in 1509ms[2m (next.js: 657µs, application-code: 1508ms)[22m
 GET /app/notes/cmn0fvrvr0001o4yb06rzfqjq/edit?retried=1 [32m200[39m in 51ms[2m (next.js: 7ms, proxy.ts: 11ms, application-code: 33ms)[22m
 GET /login [32m200[39m in 17ms[2m (next.js: 818µs, application-code: 16ms)[22m
 GET /app [32m200[39m in 24ms[2m (next.js: 922µs, proxy.ts: 3ms, application-code: 20ms)[22m
 POST /login [34m303[39m in 60ms[2m (next.js: 970µs, application-code: 59ms)[22m
  └─ ƒ loginAction({}) in 32ms [2msrc/app/login/actions.ts[22m
 GET /app/notes/new [32m200[39m in 15ms[2m (next.js: 923µs, proxy.ts: 3ms, application-code: 12ms)[22m
 GET /app/notes/cmn0fvwwj0002o4ybr0c9cj13/edit?saved=1 [32m200[39m in 24ms[2m (next.js: 2ms, proxy.ts: 2ms, application-code: 19ms)[22m
 POST /app/notes/new [34m303[39m in 38ms[2m (next.js: 871µs, proxy.ts: 3ms, application-code: 34ms)[22m
  └─ ƒ createNoteAction({}) in 6ms [2msrc/app/app/notes/actions.ts[22m
 GET /app/notes/cmn0fvwwj0002o4ybr0c9cj13/edit?published=1 [32m200[39m in 21ms[2m (next.js: 1362µs, proxy.ts: 2ms, application-code: 18ms)[22m
 POST /app/notes/cmn0fvwwj0002o4ybr0c9cj13/edit?saved=1 [34m303[39m in 35ms[2m (next.js: 1344µs, proxy.ts: 3ms, application-code: 30ms)[22m
  └─ ƒ publishNoteAction("cmn0fvwwj0002o4ybr0c9cj13") in 5ms [2msrc/app/app/notes/actions.ts[22m
 GET / [32m200[39m in 17ms[2m (next.js: 958µs, application-code: 16ms)[22m
 GET /notes/public-note-1774104286598 [32m200[39m in 200ms[2m (next.js: 185ms, application-code: 15ms)[22m
 GET /app [32m200[39m in 43ms[2m (next.js: 1005µs, proxy.ts: 3ms, application-code: 39ms)[22m
 GET /app/notes/cmn0fvwwj0002o4ybr0c9cj13/edit [32m200[39m in 21ms[2m (next.js: 3ms, proxy.ts: 3ms, application-code: 15ms)[22m
 GET /app/notes/cmn0fvwwj0002o4ybr0c9cj13/edit?unpublished=1 [32m200[39m in 21ms[2m (next.js: 1228µs, proxy.ts: 2ms, application-code: 18ms)[22m
 POST /app/notes/cmn0fvwwj0002o4ybr0c9cj13/edit [34m303[39m in 35ms[2m (next.js: 2ms, proxy.ts: 3ms, application-code: 30ms)[22m
  └─ ƒ unpublishNoteAction("cmn0fvwwj0002o4ybr0c9cj13") in 5ms [2msrc/app/app/notes/actions.ts[22m
 GET / [32m200[39m in 19ms[2m (next.js: 866µs, application-code: 18ms)[22m
 GET /notes/public-note-1774104286598 [33m404[39m in 37ms[2m (next.js: 2ms, application-code: 35ms)[22m
 GET /login [32m200[39m in 17ms[2m (next.js: 767µs, application-code: 17ms)[22m
 GET /app [32m200[39m in 23ms[2m (next.js: 847µs, proxy.ts: 2ms, application-code: 20ms)[22m
 POST /login [34m303[39m in 57ms[2m (next.js: 860µs, application-code: 56ms)[22m
  └─ ƒ loginAction({}) in 29ms [2msrc/app/login/actions.ts[22m
 GET /app/links [32m200[39m in 40ms[2m (next.js: 17ms, proxy.ts: 3ms, application-code: 20ms)[22m
 GET /app/links?saved=1 [32m200[39m in 24ms[2m (next.js: 942µs, proxy.ts: 3ms, application-code: 21ms)[22m
 POST /app/links [34m303[39m in 38ms[2m (next.js: 935µs, proxy.ts: 3ms, application-code: 34ms)[22m
  └─ ƒ createLinkAction({}) in 6ms [2msrc/app/app/links/actions.ts[22m
 POST /api/test/mina/chat/completions [32m200[39m in 2ms[2m (next.js: 635µs, application-code: 1760µs)[22m
{"level":"warn","message":"Link favicon could not be resolved.","metadata":{"linkId":"cmn0fvy480003o4ybteahhxy2","url":"https://example.com/reference-1774104288189"},"timestamp":"2026-03-21T14:44:48.704Z"}
 GET /app/links?saved=1 [32m200[39m in 34ms[2m (next.js: 1626µs, proxy.ts: 6ms, application-code: 26ms)[22m
 GET / [32m200[39m in 30ms[2m (next.js: 2ms, application-code: 28ms)[22m
 GET /login [32m200[39m in 16ms[2m (next.js: 803µs, application-code: 15ms)[22m
 GET /app [32m200[39m in 37ms[2m (next.js: 960µs, proxy.ts: 3ms, application-code: 34ms)[22m
 POST /login [34m303[39m in 87ms[2m (next.js: 913µs, application-code: 86ms)[22m
  └─ ƒ loginAction({}) in 30ms [2msrc/app/login/actions.ts[22m
 GET /app/links [32m200[39m in 22ms[2m (next.js: 2ms, proxy.ts: 3ms, application-code: 17ms)[22m
 GET /app/links?saved=1 [32m200[39m in 24ms[2m (next.js: 860µs, proxy.ts: 2ms, application-code: 21ms)[22m
 POST /app/links [34m303[39m in 37ms[2m (next.js: 871µs, proxy.ts: 3ms, application-code: 33ms)[22m
  └─ ƒ createLinkAction({}) in 6ms [2msrc/app/app/links/actions.ts[22m
 POST /api/test/mina/chat/completions [32m200[39m in 2ms[2m (next.js: 597µs, application-code: 1523µs)[22m
{"level":"warn","message":"Link favicon could not be resolved.","metadata":{"linkId":"cmn0fw0ud0004o4yb4ujip7b8","url":"https://example.com/published-link-1774104291725"},"timestamp":"2026-03-21T14:44:52.234Z"}
 GET /app/links?saved=1 [32m200[39m in 42ms[2m (next.js: 2ms, proxy.ts: 9ms, application-code: 31ms)[22m
 GET /app/links?published=1 [32m200[39m in 28ms[2m (next.js: 1027µs, proxy.ts: 3ms, application-code: 24ms)[22m
 POST /app/links?saved=1 [34m303[39m in 49ms[2m (next.js: 1815µs, proxy.ts: 6ms, application-code: 41ms)[22m
  └─ ƒ publishLinkAction("cmn0fw0ud0004o4yb4ujip7b8") in 8ms [2msrc/app/app/links/actions.ts[22m
 GET / [32m200[39m in 17ms[2m (next.js: 806µs, application-code: 17ms)[22m
 GET /app/links [32m200[39m in 68ms[2m (next.js: 908µs, proxy.ts: 2ms, application-code: 65ms)[22m
 GET /app/links?unpublished=1 [32m200[39m in 24ms[2m (next.js: 787µs, proxy.ts: 2ms, application-code: 20ms)[22m
 POST /app/links [34m303[39m in 38ms[2m (next.js: 784µs, proxy.ts: 3ms, application-code: 34ms)[22m
  └─ ƒ unpublishLinkAction("cmn0fw0ud0004o4yb4ujip7b8") in 5ms [2msrc/app/app/links/actions.ts[22m
 GET / [32m200[39m in 17ms[2m (next.js: 815µs, application-code: 16ms)[22m
 GET /login [32m200[39m in 29ms[2m (next.js: 826µs, application-code: 28ms)[22m
 GET /app [32m200[39m in 24ms[2m (next.js: 1065µs, proxy.ts: 2ms, application-code: 21ms)[22m
 POST /login [34m303[39m in 59ms[2m (next.js: 881µs, application-code: 58ms)[22m
  └─ ƒ loginAction({}) in 30ms [2msrc/app/login/actions.ts[22m
 GET /app/links [32m200[39m in 22ms[2m (next.js: 946µs, proxy.ts: 3ms, application-code: 18ms)[22m
 GET /app/links?saved=1 [32m200[39m in 25ms[2m (next.js: 804µs, proxy.ts: 1988µs, application-code: 22ms)[22m
 POST /app/links [34m303[39m in 37ms[2m (next.js: 886µs, proxy.ts: 3ms, application-code: 33ms)[22m
  └─ ƒ createLinkAction({}) in 5ms [2msrc/app/app/links/actions.ts[22m
{"level":"warn","message":"Link favicon could not be resolved.","metadata":{"linkId":"cmn0fw3xp0005o4ybkwdc9whm","url":"https://example.com/retry-link-1774104295712"},"timestamp":"2026-03-21T14:44:56.238Z"}
 POST /api/test/mina/chat/completions [32m200[39m in 1513ms[2m (next.js: 591µs, application-code: 1512ms)[22m
 GET /app/links?saved=1 [32m200[39m in 40ms[2m (next.js: 2ms, proxy.ts: 8ms, application-code: 31ms)[22m
 GET /app/links?retried=1 [32m200[39m in 33ms[2m (next.js: 948µs, proxy.ts: 3ms, application-code: 29ms)[22m
 POST /app/links?saved=1 [34m303[39m in 50ms[2m (next.js: 1496µs, proxy.ts: 6ms, application-code: 42ms)[22m
  └─ ƒ retryLinkEnrichmentAction("cmn0fw3xp0005o4ybkwdc9whm") in 5ms [2msrc/app/app/links/actions.ts[22m
 POST /api/test/mina/chat/completions [32m200[39m in 1509ms[2m (next.js: 634µs, application-code: 1508ms)[22m
 GET /app/links?retried=1 [32m200[39m in 42ms[2m (next.js: 2000µs, proxy.ts: 8ms, application-code: 32ms)[22m
 GET /login [32m200[39m in 18ms[2m (next.js: 903µs, application-code: 17ms)[22m
 GET /app [32m200[39m in 25ms[2m (next.js: 1149µs, proxy.ts: 2ms, application-code: 21ms)[22m
 POST /login [34m303[39m in 58ms[2m (next.js: 938µs, application-code: 57ms)[22m
  └─ ƒ loginAction({}) in 29ms [2msrc/app/login/actions.ts[22m
 GET /app/links [32m200[39m in 25ms[2m (next.js: 908µs, proxy.ts: 3ms, application-code: 21ms)[22m
 GET /app/links?error=invalid-url [32m200[39m in 25ms[2m (next.js: 742µs, proxy.ts: 2ms, application-code: 22ms)[22m
 POST /app/links [34m303[39m in 41ms[2m (next.js: 956µs, proxy.ts: 3ms, application-code: 38ms)[22m
  └─ ƒ createLinkAction({}) in 9ms [2msrc/app/app/links/actions.ts[22m
 GET /login [32m200[39m in 15ms[2m (next.js: 801µs, application-code: 14ms)[22m
 GET /app [32m200[39m in 25ms[2m (next.js: 1135µs, proxy.ts: 3ms, application-code: 21ms)[22m
 POST /login [34m303[39m in 59ms[2m (next.js: 1019µs, application-code: 58ms)[22m
  └─ ƒ loginAction({}) in 30ms [2msrc/app/login/actions.ts[22m
 GET /app/notes/new [32m200[39m in 16ms[2m (next.js: 937µs, proxy.ts: 3ms, application-code: 12ms)[22m
 GET /app/notes/cmn0fw9e10006o4yb8g6s8ewh/edit?saved=1 [32m200[39m in 23ms[2m (next.js: 2ms, proxy.ts: 2ms, application-code: 18ms)[22m
 POST /app/notes/new [34m303[39m in 37ms[2m (next.js: 880µs, proxy.ts: 3ms, application-code: 33ms)[22m
  └─ ƒ createNoteAction({}) in 6ms [2msrc/app/app/notes/actions.ts[22m
 GET /app/links [32m200[39m in 65ms[2m (next.js: 1080µs, proxy.ts: 8ms, application-code: 57ms)[22m
 GET /app/links?saved=1 [32m200[39m in 27ms[2m (next.js: 786µs, proxy.ts: 2ms, application-code: 24ms)[22m
 POST /app/links [34m303[39m in 41ms[2m (next.js: 870µs, proxy.ts: 3ms, application-code: 37ms)[22m
  └─ ƒ createLinkAction({}) in 6ms [2msrc/app/app/links/actions.ts[22m
 POST /api/test/mina/chat/completions [32m200[39m in 2ms[2m (next.js: 637µs, application-code: 1406µs)[22m
{"level":"warn","message":"Link favicon could not be resolved.","metadata":{"linkId":"cmn0fw9lp0007o4yb9ejvr11r","url":"https://example.com/url-needle-1774104302793"},"timestamp":"2026-03-21T14:45:03.592Z"}
 GET /app/links?saved=1 [32m200[39m in 44ms[2m (next.js: 2ms, proxy.ts: 8ms, application-code: 34ms)[22m
 GET /app/tags?tag=ai-owned [32m200[39m in 135ms[2m (next.js: 26ms, proxy.ts: 6ms, application-code: 104ms)[22m
 GET /app/tags [32m200[39m in 80ms[2m (next.js: 731µs, proxy.ts: 2ms, application-code: 77ms)[22m
 GET /app/search?q=Filtered%20note%201774104302793 [32m200[39m in 81ms[2m (next.js: 18ms, proxy.ts: 3ms, application-code: 60ms)[22m
 GET /app/search?q=url-needle-1774104302793 [32m200[39m in 53ms[2m (next.js: 766µs, proxy.ts: 2ms, application-code: 50ms)[22m
 GET /app/search?q=ai-owned [32m200[39m in 35ms[2m (next.js: 834µs, proxy.ts: 3ms, application-code: 32ms)[22m
 GET /login [32m200[39m in 14ms[2m (next.js: 743µs, application-code: 14ms)[22m
 GET /app [32m200[39m in 30ms[2m (next.js: 989µs, proxy.ts: 2ms, application-code: 27ms)[22m
 POST /login [34m303[39m in 65ms[2m (next.js: 889µs, application-code: 64ms)[22m
  └─ ƒ loginAction({}) in 30ms [2msrc/app/login/actions.ts[22m
 GET /app/links [32m200[39m in 26ms[2m (next.js: 863µs, proxy.ts: 3ms, application-code: 23ms)[22m
 GET /app/links?saved=1 [32m200[39m in 29ms[2m (next.js: 784µs, proxy.ts: 2ms, application-code: 26ms)[22m
 POST /app/links [34m303[39m in 43ms[2m (next.js: 841µs, proxy.ts: 3ms, application-code: 39ms)[22m
  └─ ƒ createLinkAction({}) in 6ms [2msrc/app/app/links/actions.ts[22m
{"level":"warn","message":"Link favicon could not be resolved.","metadata":{"linkId":"cmn0fwcqv0008o4ybas4a8pvv","url":"https://example.com/ai-enriched-link-1774104307161"},"timestamp":"2026-03-21T14:45:07.660Z"}
 GET /app/links?saved=1 [32m200[39m in 50ms[2m (next.js: 3ms, proxy.ts: 10ms, application-code: 38ms)[22m
 GET /app/search?q=ai [32m200[39m in 60ms[2m (next.js: 1890µs, proxy.ts: 6ms, application-code: 52ms)[22m
 GET /app/tags?tag=ai [32m200[39m in 42ms[2m (next.js: 981µs, proxy.ts: 3ms, application-code: 39ms)[22m
 GET /login [32m200[39m in 14ms[2m (next.js: 817µs, application-code: 14ms)[22m
 GET /app [32m200[39m in 32ms[2m (next.js: 1098µs, proxy.ts: 2ms, application-code: 29ms)[22m
 POST /login [34m303[39m in 66ms[2m (next.js: 893µs, application-code: 65ms)[22m
  └─ ƒ loginAction({}) in 30ms [2msrc/app/login/actions.ts[22m
 GET /app/links [32m200[39m in 59ms[2m (next.js: 948µs, proxy.ts: 3ms, application-code: 55ms)[22m
 GET /app/links?saved=1 [32m200[39m in 30ms[2m (next.js: 866µs, proxy.ts: 2ms, application-code: 27ms)[22m
 POST /app/links [34m303[39m in 43ms[2m (next.js: 1014µs, proxy.ts: 3ms, application-code: 40ms)[22m
  └─ ƒ createLinkAction({}) in 5ms [2msrc/app/app/links/actions.ts[22m
 POST /api/test/mina/chat/completions [32m200[39m in 2ms[2m (next.js: 769µs, application-code: 1575µs)[22m
 GET /app/links?saved=1 [32m200[39m in 53ms[2m (next.js: 2ms, proxy.ts: 11ms, application-code: 39ms)[22m
 GET /media/f9481c4d-d12b-4f71-8e97-187f249a7b86 [32m200[39m in 448ms[2m (next.js: 437ms, application-code: 11ms)[22m
 GET /app/links?published=1 [32m200[39m in 35ms[2m (next.js: 1030µs, proxy.ts: 3ms, application-code: 30ms)[22m
 POST /app/links?saved=1 [34m303[39m in 52ms[2m (next.js: 1842µs, proxy.ts: 5ms, application-code: 45ms)[22m
  └─ ƒ publishLinkAction("cmn0fwflf0009o4ybnnksj0oq") in 6ms [2msrc/app/app/links/actions.ts[22m
 GET /media/f9481c4d-d12b-4f71-8e97-187f249a7b86 [32m200[39m in 12ms[2m (next.js: 1776µs, application-code: 11ms)[22m
 GET / [32m200[39m in 18ms[2m (next.js: 1683µs, application-code: 17ms)[22m
 GET /media/f9481c4d-d12b-4f71-8e97-187f249a7b86 [32m200[39m in 11ms[2m (next.js: 1626µs, application-code: 9ms)[22m
 GET /app/links [32m200[39m in 69ms[2m (next.js: 842µs, proxy.ts: 3ms, application-code: 65ms)[22m
 GET /media/f9481c4d-d12b-4f71-8e97-187f249a7b86 [32m200[39m in 9ms[2m (next.js: 1293µs, application-code: 8ms)[22m
 GET /app/links?saved=1 [32m200[39m in 32ms[2m (next.js: 731µs, proxy.ts: 2ms, application-code: 29ms)[22m
 POST /app/links [34m303[39m in 45ms[2m (next.js: 828µs, proxy.ts: 3ms, application-code: 42ms)[22m
  └─ ƒ createLinkAction({}) in 7ms [2msrc/app/app/links/actions.ts[22m
{"level":"warn","message":"Link favicon cache failed.","metadata":{"error":"Configured link favicon fetch failure for Playwright.","linkId":"cmn0fwi69000ao4ybt95vqqkk","url":"https://example.com/fallback-favicon-1774104310826"},"timestamp":"2026-03-21T14:45:14.661Z"}
 POST /api/test/mina/chat/completions [32m200[39m in 1873µs[2m (next.js: 633µs, application-code: 1241µs)[22m
 GET /media/f9481c4d-d12b-4f71-8e97-187f249a7b86 [32m200[39m in 7ms[2m (next.js: 787µs, application-code: 7ms)[22m
 GET /app/links?saved=1 [32m200[39m in 74ms[2m (next.js: 2ms, proxy.ts: 9ms, application-code: 63ms)[22m
 GET /app/links?favicon=1 [32m200[39m in 36ms[2m (next.js: 954µs, proxy.ts: 3ms, application-code: 33ms)[22m
 POST /app/links?saved=1 [34m303[39m in 55ms[2m (next.js: 1381µs, proxy.ts: 6ms, application-code: 47ms)[22m
  └─ ƒ refreshLinkFaviconAction("cmn0fwi69000ao4ybt95vqqkk") in 7ms [2msrc/app/app/links/actions.ts[22m
 GET /media/f9481c4d-d12b-4f71-8e97-187f249a7b86 [32m200[39m in 10ms[2m (next.js: 3ms, application-code: 7ms)[22m
 GET /media/b3ef8f3d-6002-4d65-a660-2f6764ff329c [32m200[39m in 11ms[2m (next.js: 4ms, application-code: 6ms)[22m
 GET /media/draft-note-image-1774104317863 [33m404[39m in 6ms[2m (next.js: 3ms, application-code: 3ms)[22m
 GET /login [32m200[39m in 14ms[2m (next.js: 729µs, application-code: 13ms)[22m
 GET /app [32m200[39m in 23ms[2m (next.js: 1070µs, proxy.ts: 3ms, application-code: 19ms)[22m
 POST /login [34m303[39m in 61ms[2m (next.js: 1000µs, application-code: 60ms)[22m
  └─ ƒ loginAction({}) in 32ms [2msrc/app/login/actions.ts[22m
 GET /media/draft-note-image-1774104317863 [32m200[39m in 9ms[2m (next.js: 1667µs, application-code: 7ms)[22m
 GET /media/draft-note-image-1774104317863 [32m200[39m in 5ms[2m (next.js: 597µs, application-code: 5ms)[22m
 GET /media/published-note-image-1774104318215 [32m200[39m in 5ms[2m (next.js: 1544µs, application-code: 4ms)[22m
 GET /media/hidden-note-image-1774104318215 [33m404[39m in 4ms[2m (next.js: 715µs, application-code: 3ms)[22m
 GET /media/published-link-favicon-1774104318215 [32m200[39m in 4ms[2m (next.js: 667µs, application-code: 3ms)[22m
 GET /login [32m200[39m in 14ms[2m (next.js: 791µs, application-code: 14ms)[22m
 GET /app [32m200[39m in 29ms[2m (next.js: 956µs, proxy.ts: 3ms, application-code: 25ms)[22m
 POST /login [34m303[39m in 64ms[2m (next.js: 1035µs, application-code: 63ms)[22m
  └─ ƒ loginAction({}) in 30ms [2msrc/app/login/actions.ts[22m
 GET /media/published-note-image-1774104318215 [32m200[39m in 9ms[2m (next.js: 1299µs, application-code: 8ms)[22m
 GET /app/notes/new [32m200[39m in 18ms[2m (next.js: 3ms, proxy.ts: 3ms, application-code: 13ms)[22m
 GET /app/notes/cmn0fwlcq000bo4ybrn26fi50/edit?saved=1 [32m200[39m in 23ms[2m (next.js: 3ms, proxy.ts: 2ms, application-code: 18ms)[22m
 POST /app/notes/new [34m303[39m in 36ms[2m (next.js: 1209µs, proxy.ts: 4ms, application-code: 31ms)[22m
  └─ ƒ createNoteAction({}) in 6ms [2msrc/app/app/notes/actions.ts[22m
 GET /app/notes/cmn0fwlcq000bo4ybrn26fi50/edit?saved=1 [32m200[39m in 35ms[2m (next.js: 5ms, proxy.ts: 6ms, application-code: 24ms)[22m
 GET /app [32m200[39m in 81ms[2m (next.js: 2ms, proxy.ts: 6ms, application-code: 72ms)[22m
 GET /media/published-note-image-1774104318215 [32m200[39m in 16ms[2m (next.js: 5ms, application-code: 10ms)[22m
 GET /login [32m200[39m in 19ms[2m (next.js: 885µs, application-code: 18ms)[22m
 GET /app [32m200[39m in 21ms[2m (next.js: 890µs, proxy.ts: 3ms, application-code: 17ms)[22m
 POST /login [34m303[39m in 55ms[2m (next.js: 899µs, application-code: 54ms)[22m
  └─ ƒ loginAction({}) in 30ms [2msrc/app/login/actions.ts[22m
 GET /app/notes/new [32m200[39m in 31ms[2m (next.js: 899µs, proxy.ts: 3ms, application-code: 28ms)[22m
 POST /api/notes/images [32m201[39m in 30ms[2m (next.js: 23ms, application-code: 7ms)[22m
 GET /media/a03161ce-a94d-4113-8a59-4e77eb0a1d5a [32m200[39m in 12ms[2m (next.js: 4ms, application-code: 8ms)[22m
 GET /app/notes/cmn0fwo7i000eo4ybf6jzexrr/edit?saved=1 [32m200[39m in 22ms[2m (next.js: 2ms, proxy.ts: 2ms, application-code: 17ms)[22m
 POST /app/notes/new [34m303[39m in 40ms[2m (next.js: 2ms, proxy.ts: 3ms, application-code: 35ms)[22m
  └─ ƒ createNoteAction({}) in 8ms [2msrc/app/app/notes/actions.ts[22m
 GET /media/a03161ce-a94d-4113-8a59-4e77eb0a1d5a [32m200[39m in 11ms[2m (next.js: 1221µs, application-code: 9ms)[22m
 GET / [32m200[39m in 19ms[2m (next.js: 1693µs, application-code: 18ms)[22m
 GET /login [32m200[39m in 19ms[2m (next.js: 787µs, application-code: 18ms)[22m
 GET /login [32m200[39m in 15ms[2m (next.js: 829µs, application-code: 14ms)[22m
 GET /login [32m200[39m in 14ms[2m (next.js: 771µs, application-code: 14ms)[22m
 GET /app [32m200[39m in 22ms[2m (next.js: 1183µs, proxy.ts: 2ms, application-code: 19ms)[22m
 POST /login [34m303[39m in 56ms[2m (next.js: 869µs, application-code: 55ms)[22m
  └─ ƒ loginAction({}) in 30ms [2msrc/app/login/actions.ts[22m
 GET /app/notes/cmn0fwoxl0008o6ybapf21jdf/edit [32m200[39m in 48ms[2m (next.js: 2ms, proxy.ts: 2ms, application-code: 43ms)[22m
 GET /login [32m200[39m in 14ms[2m (next.js: 751µs, application-code: 14ms)[22m
 GET /app [32m200[39m in 21ms[2m (next.js: 861µs, proxy.ts: 2ms, application-code: 18ms)[22m
 POST /login [34m303[39m in 55ms[2m (next.js: 886µs, application-code: 54ms)[22m
  └─ ƒ loginAction({}) in 30ms [2msrc/app/login/actions.ts[22m
 GET /app/notes/cmn0fwpf60009o6ybglqpbvqg/edit [32m200[39m in 39ms[2m (next.js: 2ms, proxy.ts: 3ms, application-code: 34ms)[22m
 GET / [32m200[39m in 18ms[2m (next.js: 824µs, application-code: 17ms)[22m
 GET / [32m200[39m in 24ms[2m (next.js: 802µs, application-code: 23ms)[22m
 GET / [32m200[39m in 17ms[2m (next.js: 770µs, application-code: 16ms)[22m
 GET / [32m200[39m in 17ms[2m (next.js: 750µs, application-code: 16ms)[22m
 GET /login [32m200[39m in 15ms[2m (next.js: 747µs, application-code: 14ms)[22m
 GET /app [32m200[39m in 22ms[2m (next.js: 1202µs, proxy.ts: 2ms, application-code: 18ms)[22m
 POST /login [34m303[39m in 56ms[2m (next.js: 927µs, application-code: 55ms)[22m
  └─ ƒ loginAction({}) in 30ms [2msrc/app/login/actions.ts[22m
 GET /app/notes/new [32m200[39m in 26ms[2m (next.js: 932µs, proxy.ts: 3ms, application-code: 22ms)[22m
 GET /app/notes/cmn0fwrbm000fo4yb4uu7dvo5/edit?saved=1 [32m200[39m in 23ms[2m (next.js: 2ms, proxy.ts: 2ms, application-code: 19ms)[22m
 POST /app/notes/new [34m303[39m in 35ms[2m (next.js: 884µs, proxy.ts: 3ms, application-code: 32ms)[22m
  └─ ƒ createNoteAction({}) in 6ms [2msrc/app/app/notes/actions.ts[22m
 GET /login [32m200[39m in 17ms[2m (next.js: 809µs, application-code: 16ms)[22m
 GET /app [32m200[39m in 21ms[2m (next.js: 873µs, proxy.ts: 2ms, application-code: 18ms)[22m
 POST /login [34m303[39m in 56ms[2m (next.js: 1016µs, application-code: 54ms)[22m
  └─ ƒ loginAction({}) in 30ms [2msrc/app/login/actions.ts[22m
 GET /app/notes/cmn0fwrej000to6ybf14r1huf/edit [32m200[39m in 39ms[2m (next.js: 2ms, proxy.ts: 3ms, application-code: 35ms)[22m
 GET /login [32m200[39m in 21ms[2m (next.js: 747µs, application-code: 20ms)[22m
 GET /app [32m200[39m in 21ms[2m (next.js: 846µs, proxy.ts: 2ms, application-code: 18ms)[22m
 POST /login [34m303[39m in 55ms[2m (next.js: 916µs, application-code: 54ms)[22m
  └─ ƒ loginAction({}) in 30ms [2msrc/app/login/actions.ts[22m
 GET /app/notes/cmn0fwrwl000uo6ybr0wnidz6/edit [32m200[39m in 40ms[2m (next.js: 2ms, proxy.ts: 4ms, application-code: 34ms)[22m
 GET /login [32m200[39m in 15ms[2m (next.js: 747µs, application-code: 14ms)[22m
 GET /app [32m200[39m in 22ms[2m (next.js: 879µs, proxy.ts: 2ms, application-code: 19ms)[22m
 POST /login [34m303[39m in 55ms[2m (next.js: 961µs, application-code: 54ms)[22m
  └─ ƒ loginAction({}) in 29ms [2msrc/app/login/actions.ts[22m
 GET /app/notes/cmn0fwsbs000vo6ybklbq4mxg/edit [32m200[39m in 42ms[2m (next.js: 2ms, proxy.ts: 7ms, application-code: 32ms)[22m
 GET /app/notes/cmn0fwsbs000vo6ybklbq4mxg/edit?saved=1 [32m200[39m in 23ms[2m (next.js: 1330µs, proxy.ts: 2ms, application-code: 19ms)[22m
 POST /app/notes/cmn0fwsbs000vo6ybklbq4mxg/edit [34m303[39m in 40ms[2m (next.js: 3ms, proxy.ts: 4ms, application-code: 32ms)[22m
  └─ ƒ updateNoteAction("cmn0fwsbs000vo6ybklbq4mxg", {}) in 6ms [2msrc/app/app/notes/actions.ts[22m
 GET /login [32m200[39m in 15ms[2m (next.js: 848µs, application-code: 14ms)[22m
 GET /app [32m200[39m in 21ms[2m (next.js: 756µs, proxy.ts: 2ms, application-code: 18ms)[22m
 POST /login [34m303[39m in 54ms[2m (next.js: 898µs, application-code: 53ms)[22m
  └─ ƒ loginAction({}) in 30ms [2msrc/app/login/actions.ts[22m
 GET /app/notes/cmn0fwt48000wo6ybrrrp9psh/edit [32m200[39m in 49ms[2m (next.js: 2ms, proxy.ts: 2ms, application-code: 44ms)[22m
 GET /login [32m200[39m in 16ms[2m (next.js: 871µs, application-code: 15ms)[22m
 GET /app [32m200[39m in 21ms[2m (next.js: 854µs, proxy.ts: 2ms, application-code: 18ms)[22m
 POST /login [34m303[39m in 57ms[2m (next.js: 1107µs, application-code: 56ms)[22m
  └─ ƒ loginAction({}) in 31ms [2msrc/app/login/actions.ts[22m
 GET /app/notes/cmn0fwtlq000xo6yb8zwtcws5/edit [32m200[39m in 38ms[2m (next.js: 2ms, proxy.ts: 2ms, application-code: 33ms)[22m
 GET /app/notes/cmn0fwtlq000xo6yb8zwtcws5/edit?saved=1 [32m200[39m in 30ms[2m (next.js: 1329µs, proxy.ts: 3ms, application-code: 26ms)[22m
 POST /app/notes/cmn0fwtlq000xo6yb8zwtcws5/edit [34m303[39m in 46ms[2m (next.js: 2ms, proxy.ts: 4ms, application-code: 39ms)[22m
  └─ ƒ updateNoteAction("cmn0fwtlq000xo6yb8zwtcws5", {}) in 6ms [2msrc/app/app/notes/actions.ts[22m
 GET /app/notes/cmn0fwtlq000xo6yb8zwtcws5/edit?saved=1 [32m200[39m in 35ms[2m (next.js: 1523µs, proxy.ts: 3ms, application-code: 31ms)[22m
 GET /login [32m200[39m in 15ms[2m (next.js: 779µs, application-code: 15ms)[22m
 GET /app [32m200[39m in 21ms[2m (next.js: 809µs, proxy.ts: 2ms, application-code: 18ms)[22m
 POST /login [34m303[39m in 55ms[2m (next.js: 922µs, application-code: 54ms)[22m
  └─ ƒ loginAction({}) in 30ms [2msrc/app/login/actions.ts[22m
 GET /app/notes/cmn0fwuf2000yo6yb8v0rzl3w/edit [32m200[39m in 41ms[2m (next.js: 2ms, proxy.ts: 2ms, application-code: 36ms)[22m
 GET /login [32m200[39m in 15ms[2m (next.js: 762µs, application-code: 15ms)[22m
 GET /app [32m200[39m in 23ms[2m (next.js: 1006µs, proxy.ts: 3ms, application-code: 19ms)[22m
 POST /login [34m303[39m in 57ms[2m (next.js: 942µs, application-code: 56ms)[22m
  └─ ƒ loginAction({}) in 31ms [2msrc/app/login/actions.ts[22m
 GET /app/notes/cmn0fwuwt000zo6ybjne4u0vs/edit [32m200[39m in 43ms[2m (next.js: 2ms, proxy.ts: 2ms, application-code: 39ms)[22m
 GET /app/notes/cmn0fwuwt000zo6ybjne4u0vs/edit?saved=1 [32m200[39m in 24ms[2m (next.js: 1362µs, proxy.ts: 3ms, application-code: 20ms)[22m
 POST /app/notes/cmn0fwuwt000zo6ybjne4u0vs/edit [34m303[39m in 40ms[2m (next.js: 2ms, proxy.ts: 3ms, application-code: 35ms)[22m
  └─ ƒ updateNoteAction("cmn0fwuwt000zo6ybjne4u0vs", {}) in 6ms [2msrc/app/app/notes/actions.ts[22m
 GET /login [32m200[39m in 21ms[2m (next.js: 838µs, application-code: 20ms)[22m
 GET /app [32m200[39m in 21ms[2m (next.js: 887µs, proxy.ts: 2ms, application-code: 18ms)[22m
 POST /login [34m303[39m in 55ms[2m (next.js: 896µs, application-code: 54ms)[22m
  └─ ƒ loginAction({}) in 30ms [2msrc/app/login/actions.ts[22m
 GET /app/notes/new [32m200[39m in 27ms[2m (next.js: 860µs, proxy.ts: 3ms, application-code: 24ms)[22m
 GET /login [32m200[39m in 15ms[2m (next.js: 856µs, application-code: 14ms)[22m
 GET /app [32m200[39m in 21ms[2m (next.js: 1014µs, proxy.ts: 2ms, application-code: 18ms)[22m
 POST /login [34m303[39m in 55ms[2m (next.js: 1068µs, application-code: 54ms)[22m
  └─ ƒ loginAction({}) in 30ms [2msrc/app/login/actions.ts[22m
 GET /app/notes/cmn0fww950011o6ybg56ir8pp/edit [32m200[39m in 47ms[2m (next.js: 2ms, proxy.ts: 3ms, application-code: 42ms)[22m
 GET /login [32m200[39m in 15ms[2m (next.js: 1025µs, application-code: 14ms)[22m
 GET /app [32m200[39m in 22ms[2m (next.js: 1277µs, proxy.ts: 2ms, application-code: 19ms)[22m
 POST /login [34m303[39m in 56ms[2m (next.js: 921µs, application-code: 55ms)[22m
  └─ ƒ loginAction({}) in 30ms [2msrc/app/login/actions.ts[22m
 GET /app/notes/cmn0fwwq30012o6ybxwa5vpkl/edit [32m200[39m in 37ms[2m (next.js: 2ms, proxy.ts: 3ms, application-code: 32ms)[22m
 GET /media/ui-note-images-draft-1774104334050 [33m404[39m in 6ms[2m (next.js: 2ms, application-code: 4ms)[22m
 GET /login [32m200[39m in 26ms[2m (next.js: 766µs, application-code: 25ms)[22m
 GET /app [32m200[39m in 24ms[2m (next.js: 1140µs, proxy.ts: 2ms, application-code: 20ms)[22m
 POST /login [34m303[39m in 58ms[2m (next.js: 1011µs, application-code: 57ms)[22m
  └─ ƒ loginAction({}) in 30ms [2msrc/app/login/actions.ts[22m
 GET /media/ui-note-images-published-first-1774104334050 [32m200[39m in 8ms[2m (next.js: 861µs, application-code: 7ms)[22m
 GET /media/ui-note-images-draft-1774104334050 [32m200[39m in 9ms[2m (next.js: 2ms, application-code: 7ms)[22m
 GET / [32m200[39m in 16ms[2m (next.js: 790µs, application-code: 15ms)[22m
 GET /media/ui-note-images-published-first-1774104334050 [32m200[39m in 12ms[2m (next.js: 1656µs, application-code: 10ms)[22m
 GET /notes/published-note-image-card [32m200[39m in 51ms[2m (next.js: 3ms, application-code: 48ms)[22m
 GET /media/ui-note-images-published-first-1774104334050 [32m200[39m in 16ms[2m (next.js: 1740µs, application-code: 15ms)[22m
 GET /media/ui-note-images-published-second-1774104334050 [32m200[39m in 17ms[2m (next.js: 7ms, application-code: 11ms)[22m
 GET /login [32m200[39m in 18ms[2m (next.js: 1103µs, application-code: 17ms)[22m
 GET /app [32m200[39m in 24ms[2m (next.js: 1053µs, proxy.ts: 2ms, application-code: 21ms)[22m
 POST /login [34m303[39m in 59ms[2m (next.js: 919µs, application-code: 58ms)[22m
  └─ ƒ loginAction({}) in 30ms [2msrc/app/login/actions.ts[22m
 GET /login [32m200[39m in 16ms[2m (next.js: 826µs, application-code: 15ms)[22m
 GET /app [32m200[39m in 24ms[2m (next.js: 987µs, proxy.ts: 3ms, application-code: 21ms)[22m
 POST /login [34m303[39m in 57ms[2m (next.js: 1034µs, application-code: 56ms)[22m
  └─ ƒ loginAction({}) in 29ms [2msrc/app/login/actions.ts[22m
 GET /login [32m200[39m in 17ms[2m (next.js: 885µs, application-code: 17ms)[22m
 GET /app [32m200[39m in 28ms[2m (next.js: 1015µs, proxy.ts: 2ms, application-code: 25ms)[22m
 POST /login [34m303[39m in 62ms[2m (next.js: 872µs, application-code: 61ms)[22m
  └─ ƒ loginAction({}) in 30ms [2msrc/app/login/actions.ts[22m
 GET /app/links [32m200[39m in 50ms[2m (next.js: 1688µs, proxy.ts: 2ms, application-code: 46ms)[22m
 GET /login [32m200[39m in 16ms[2m (next.js: 907µs, application-code: 15ms)[22m
 GET /app [32m200[39m in 23ms[2m (next.js: 986µs, proxy.ts: 2ms, application-code: 20ms)[22m
 POST /login [34m303[39m in 57ms[2m (next.js: 1041µs, application-code: 56ms)[22m
  └─ ƒ loginAction({}) in 30ms [2msrc/app/login/actions.ts[22m
 GET /app/links [32m200[39m in 52ms[2m (next.js: 868µs, proxy.ts: 3ms, application-code: 49ms)[22m
 GET /login [32m200[39m in 15ms[2m (next.js: 759µs, application-code: 15ms)[22m
 GET /app [32m200[39m in 22ms[2m (next.js: 1095µs, proxy.ts: 2ms, application-code: 19ms)[22m
 POST /login [34m303[39m in 56ms[2m (next.js: 974µs, application-code: 55ms)[22m
  └─ ƒ loginAction({}) in 30ms [2msrc/app/login/actions.ts[22m
 GET /app/tags?tag=studio-systems [32m200[39m in 46ms[2m (next.js: 2ms, proxy.ts: 2ms, application-code: 41ms)[22m
 GET /login [32m200[39m in 15ms[2m (next.js: 895µs, application-code: 14ms)[22m
 GET /app [32m200[39m in 23ms[2m (next.js: 991µs, proxy.ts: 2ms, application-code: 20ms)[22m
 POST /login [34m303[39m in 58ms[2m (next.js: 890µs, application-code: 57ms)[22m
  └─ ƒ loginAction({}) in 30ms [2msrc/app/login/actions.ts[22m
 GET /app/tags?tag=studio-systems [32m200[39m in 40ms[2m (next.js: 932µs, proxy.ts: 3ms, application-code: 37ms)[22m
 GET /login [32m200[39m in 16ms[2m (next.js: 759µs, application-code: 15ms)[22m
 GET /app [32m200[39m in 23ms[2m (next.js: 962µs, proxy.ts: 3ms, application-code: 19ms)[22m
 POST /login [34m303[39m in 58ms[2m (next.js: 1681µs, application-code: 57ms)[22m
  └─ ƒ loginAction({}) in 31ms [2msrc/app/login/actions.ts[22m
 GET /app/search?q=rhythm [32m200[39m in 40ms[2m (next.js: 1393µs, proxy.ts: 3ms, application-code: 36ms)[22m
 GET /login [32m200[39m in 16ms[2m (next.js: 804µs, application-code: 15ms)[22m
 GET /app [32m200[39m in 24ms[2m (next.js: 892µs, proxy.ts: 3ms, application-code: 20ms)[22m
 POST /login [34m303[39m in 74ms[2m (next.js: 1512µs, application-code: 72ms)[22m
  └─ ƒ loginAction({}) in 43ms [2msrc/app/login/actions.ts[22m
 GET /app/search?q=rhythm [32m200[39m in 42ms[2m (next.js: 811µs, proxy.ts: 2ms, application-code: 38ms)[22m
 GET / [32m200[39m in 17ms[2m (next.js: 797µs, application-code: 17ms)[22m
 GET / [32m200[39m in 17ms[2m (next.js: 781µs, application-code: 16ms)[22m
 GET /notes/public-notes-should-read-like-finished-pages-not-dashboards [32m200[39m in 26ms[2m (next.js: 1841µs, application-code: 24ms)[22m
 GET /notes/public-notes-should-read-like-finished-pages-not-dashboards [32m200[39m in 21ms[2m (next.js: 1696µs, application-code: 20ms)[22m
 GET / [32m200[39m in 18ms[2m (next.js: 936µs, application-code: 17ms)[22m
 GET / [32m200[39m in 18ms[2m (next.js: 998µs, application-code: 17ms)[22m
 GET / [32m200[39m in 17ms[2m (next.js: 797µs, application-code: 16ms)[22m
 GET /login [32m200[39m in 15ms[2m (next.js: 786µs, application-code: 15ms)[22m
 GET /login [32m200[39m in 16ms[2m (next.js: 815µs, application-code: 16ms)[22m
 GET /app [32m200[39m in 29ms[2m (next.js: 1113µs, proxy.ts: 2ms, application-code: 25ms)[22m
 POST /login [34m303[39m in 63ms[2m (next.js: 854µs, application-code: 63ms)[22m
  └─ ƒ loginAction({}) in 30ms [2msrc/app/login/actions.ts[22m
 GET /login [32m200[39m in 15ms[2m (next.js: 739µs, application-code: 14ms)[22m
 GET /app [32m200[39m in 21ms[2m (next.js: 1000µs, proxy.ts: 2ms, application-code: 18ms)[22m
 POST /login [34m303[39m in 56ms[2m (next.js: 931µs, application-code: 55ms)[22m
  └─ ƒ loginAction({}) in 31ms [2msrc/app/login/actions.ts[22m
