
> minakeep@0.1.0 dev
> next dev --hostname 127.0.0.1 --port 3100

[1m[38;2;173;127;168m▲ Next.js 16.2.0[39m[22m (Turbopack)
- Local:         http://127.0.0.1:3100
- Network:       http://127.0.0.1:3100
- Environments: .env
[32m[1m✓[22m[39m Ready in 186ms

 GET /api/health [32m200[39m in 72ms[2m (next.js: 62ms, application-code: 10ms)[22m
 GET /login [32m200[39m in 160ms[2m (next.js: 52ms, application-code: 109ms)[22m
 GET /app [32m200[39m in 118ms[2m (next.js: 29ms, proxy.ts: 39ms, application-code: 51ms)[22m
 POST /login [34m303[39m in 220ms[2m (next.js: 1249µs, application-code: 219ms)[22m
  └─ ƒ loginAction({}) in 91ms [2msrc/app/login/actions.ts[22m
 GET / [32m200[39m in 59ms[2m (next.js: 10ms, application-code: 49ms)[22m
 GET /login?callbackUrl=http%3A%2F%2Flocalhost%3A3100%2Fapp%2Fsearch [32m200[39m in 22ms[2m (next.js: 886µs, application-code: 21ms)[22m
 GET /login?callbackUrl=http%3A%2F%2Flocalhost%3A3100%2Fapp%2Fnotes%2Fnew [32m200[39m in 18ms[2m (next.js: 870µs, application-code: 17ms)[22m
 GET /app [32m200[39m in 29ms[2m (next.js: 1153µs, proxy.ts: 3ms, application-code: 25ms)[22m
 POST /login?callbackUrl=http%3A%2F%2Flocalhost%3A3100%2Fapp%2Fnotes%2Fnew [34m303[39m in 67ms[2m (next.js: 997µs, application-code: 66ms)[22m
  └─ ƒ loginAction({}) in 31ms [2msrc/app/login/actions.ts[22m
 GET /app/notes/new [32m200[39m in 37ms[2m (next.js: 20ms, proxy.ts: 3ms, application-code: 14ms)[22m
 GET /app/notes/cmn16ydya0000g5yb9ced7gmy/edit?saved=1 [32m200[39m in 251ms[2m (next.js: 227ms, proxy.ts: 3ms, application-code: 22ms)[22m
 POST /app/notes/new [34m303[39m in 284ms[2m (next.js: 1467µs, proxy.ts: 4ms, application-code: 278ms)[22m
  └─ ƒ createNoteAction({}) in 22ms [2msrc/app/app/notes/actions.ts[22m
 POST /app/notes/cmn16ydya0000g5yb9ced7gmy/edit?saved=1 [34m303[39m in 136ms[2m (next.js: 6ms, proxy.ts: 4ms, application-code: 125ms)[22m
  └─ ƒ updateNoteAction("cmn16ydya0000g5yb9ced7gmy", {}) in 28ms [2msrc/app/app/notes/actions.ts[22m
 GET /app [32m200[39m in 172ms[2m (next.js: 1119µs, proxy.ts: 10ms, application-code: 161ms)[22m
 GET /app/notes/cmn16ydya0000g5yb9ced7gmy/edit?saved=1 [32m200[39m in 137ms[2m (next.js: 7ms, proxy.ts: 96ms, application-code: 33ms)[22m
 GET /app/notes/cmn16ydya0000g5yb9ced7gmy/edit [32m200[39m in 22ms[2m (next.js: 1636µs, proxy.ts: 4ms, application-code: 17ms)[22m
 GET /login [32m200[39m in 17ms[2m (next.js: 830µs, application-code: 16ms)[22m
 GET /app [32m200[39m in 23ms[2m (next.js: 1288µs, proxy.ts: 2ms, application-code: 19ms)[22m
 POST /login [34m303[39m in 59ms[2m (next.js: 924µs, application-code: 58ms)[22m
  └─ ƒ loginAction({}) in 31ms [2msrc/app/login/actions.ts[22m
 GET /app/notes/new [32m200[39m in 21ms[2m (next.js: 972µs, proxy.ts: 3ms, application-code: 17ms)[22m
 GET /app/notes/cmn16yev90001g5ybj8ao5h4f/edit?saved=1 [32m200[39m in 42ms[2m (next.js: 4ms, proxy.ts: 3ms, application-code: 35ms)[22m
 POST /app/notes/new [34m303[39m in 60ms[2m (next.js: 891µs, proxy.ts: 3ms, application-code: 56ms)[22m
  └─ ƒ createNoteAction({}) in 7ms [2msrc/app/app/notes/actions.ts[22m
 POST /api/test/mina/chat/completions [32m200[39m in 1514ms[2m (next.js: 13ms, application-code: 1501ms)[22m
 GET /app/notes/cmn16yev90001g5ybj8ao5h4f/edit?saved=1 [32m200[39m in 45ms[2m (next.js: 6ms, proxy.ts: 11ms, application-code: 28ms)[22m
 GET /app/notes/cmn16yev90001g5ybj8ao5h4f/edit?retried=1 [32m200[39m in 25ms[2m (next.js: 1703µs, proxy.ts: 3ms, application-code: 21ms)[22m
 POST /app/notes/cmn16yev90001g5ybj8ao5h4f/edit?saved=1 [34m303[39m in 45ms[2m (next.js: 4ms, proxy.ts: 6ms, application-code: 35ms)[22m
  └─ ƒ retryNoteEnrichmentAction("cmn16yev90001g5ybj8ao5h4f") in 6ms [2msrc/app/app/notes/actions.ts[22m
 POST /api/test/mina/chat/completions [32m200[39m in 1510ms[2m (next.js: 647µs, application-code: 1509ms)[22m
 GET /app/notes/cmn16yev90001g5ybj8ao5h4f/edit?retried=1 [32m200[39m in 44ms[2m (next.js: 7ms, proxy.ts: 10ms, application-code: 27ms)[22m
 GET /login [32m200[39m in 20ms[2m (next.js: 857µs, application-code: 19ms)[22m
 GET /app [32m200[39m in 22ms[2m (next.js: 889µs, proxy.ts: 3ms, application-code: 19ms)[22m
 POST /login [34m303[39m in 58ms[2m (next.js: 898µs, application-code: 57ms)[22m
  └─ ƒ loginAction({}) in 31ms [2msrc/app/login/actions.ts[22m
 GET /app/notes/new [32m200[39m in 20ms[2m (next.js: 888µs, proxy.ts: 3ms, application-code: 16ms)[22m
 GET /app/notes/cmn16yjwa0002g5ybxz8dgt8l/edit?saved=1 [32m200[39m in 24ms[2m (next.js: 2ms, proxy.ts: 2ms, application-code: 19ms)[22m
 POST /app/notes/new [34m303[39m in 40ms[2m (next.js: 874µs, proxy.ts: 3ms, application-code: 37ms)[22m
  └─ ƒ createNoteAction({}) in 6ms [2msrc/app/app/notes/actions.ts[22m
 GET /app/notes/cmn16yjwa0002g5ybxz8dgt8l/edit?published=1 [32m200[39m in 26ms[2m (next.js: 1372µs, proxy.ts: 2ms, application-code: 22ms)[22m
 POST /app/notes/cmn16yjwa0002g5ybxz8dgt8l/edit?saved=1 [34m303[39m in 41ms[2m (next.js: 1896µs, proxy.ts: 4ms, application-code: 35ms)[22m
  └─ ƒ publishNoteAction("cmn16yjwa0002g5ybxz8dgt8l") in 5ms [2msrc/app/app/notes/actions.ts[22m
 GET / [32m200[39m in 22ms[2m (next.js: 961µs, application-code: 21ms)[22m
 GET /notes/public-note-1774149759333 [32m200[39m in 206ms[2m (next.js: 189ms, application-code: 17ms)[22m
 GET /app [32m200[39m in 39ms[2m (next.js: 980µs, proxy.ts: 3ms, application-code: 35ms)[22m
 GET /app/notes/cmn16yjwa0002g5ybxz8dgt8l/edit [32m200[39m in 21ms[2m (next.js: 2ms, proxy.ts: 3ms, application-code: 15ms)[22m
 GET /app/notes/cmn16yjwa0002g5ybxz8dgt8l/edit?unpublished=1 [32m200[39m in 22ms[2m (next.js: 1291µs, proxy.ts: 2ms, application-code: 18ms)[22m
 POST /app/notes/cmn16yjwa0002g5ybxz8dgt8l/edit [34m303[39m in 36ms[2m (next.js: 1752µs, proxy.ts: 3ms, application-code: 31ms)[22m
  └─ ƒ unpublishNoteAction("cmn16yjwa0002g5ybxz8dgt8l") in 5ms [2msrc/app/app/notes/actions.ts[22m
 GET / [32m200[39m in 21ms[2m (next.js: 860µs, application-code: 20ms)[22m
 GET /notes/public-note-1774149759333 [33m404[39m in 41ms[2m (next.js: 1716µs, application-code: 39ms)[22m
 GET /login [32m200[39m in 17ms[2m (next.js: 833µs, application-code: 16ms)[22m
 GET /app [32m200[39m in 23ms[2m (next.js: 1321µs, proxy.ts: 2ms, application-code: 19ms)[22m
 POST /login [34m303[39m in 59ms[2m (next.js: 917µs, application-code: 58ms)[22m
  └─ ƒ loginAction({}) in 29ms [2msrc/app/login/actions.ts[22m
 GET /app/links [32m200[39m in 37ms[2m (next.js: 16ms, proxy.ts: 3ms, application-code: 17ms)[22m
 GET /app/links?saved=1 [32m200[39m in 23ms[2m (next.js: 893µs, proxy.ts: 2ms, application-code: 20ms)[22m
 POST /app/links [34m303[39m in 38ms[2m (next.js: 1423µs, proxy.ts: 3ms, application-code: 33ms)[22m
  └─ ƒ createLinkAction({}) in 7ms [2msrc/app/app/links/actions.ts[22m
 POST /api/test/mina/chat/completions [32m200[39m in 2ms[2m (next.js: 613µs, application-code: 1648µs)[22m
{"level":"warn","message":"Link favicon could not be resolved.","metadata":{"linkId":"cmn16yl4m0003g5ybob2u51cs","url":"https://example.com/reference-1774149760951"},"timestamp":"2026-03-22T03:22:41.547Z"}
 GET /app/links?saved=1 [32m200[39m in 47ms[2m (next.js: 1673µs, proxy.ts: 5ms, application-code: 40ms)[22m
 GET / [32m200[39m in 32ms[2m (next.js: 2ms, application-code: 30ms)[22m
 GET /login [32m200[39m in 15ms[2m (next.js: 807µs, application-code: 14ms)[22m
 GET /app [32m200[39m in 23ms[2m (next.js: 993µs, proxy.ts: 3ms, application-code: 20ms)[22m
 POST /login [34m303[39m in 59ms[2m (next.js: 843µs, application-code: 58ms)[22m
  └─ ƒ loginAction({}) in 30ms [2msrc/app/login/actions.ts[22m
 GET /app/links [32m200[39m in 21ms[2m (next.js: 955µs, proxy.ts: 3ms, application-code: 17ms)[22m
 GET /app/links?saved=1 [32m200[39m in 23ms[2m (next.js: 814µs, proxy.ts: 2ms, application-code: 20ms)[22m
 POST /app/links [34m303[39m in 35ms[2m (next.js: 826µs, proxy.ts: 3ms, application-code: 31ms)[22m
  └─ ƒ createLinkAction({}) in 5ms [2msrc/app/app/links/actions.ts[22m
 POST /api/test/mina/chat/completions [32m200[39m in 2ms[2m (next.js: 599µs, application-code: 1684µs)[22m
{"level":"warn","message":"Link favicon could not be resolved.","metadata":{"linkId":"cmn16ynup0004g5yb8dn2kv1b","url":"https://example.com/published-link-1774149764494"},"timestamp":"2026-03-22T03:22:45.044Z"}
 GET /app/links?saved=1 [32m200[39m in 41ms[2m (next.js: 1917µs, proxy.ts: 7ms, application-code: 32ms)[22m
 GET /app/links?published=1 [32m200[39m in 28ms[2m (next.js: 1016µs, proxy.ts: 3ms, application-code: 24ms)[22m
 POST /app/links?saved=1 [34m303[39m in 53ms[2m (next.js: 1708µs, proxy.ts: 7ms, application-code: 44ms)[22m
  └─ ƒ publishLinkAction("cmn16ynup0004g5yb8dn2kv1b") in 11ms [2msrc/app/app/links/actions.ts[22m
 GET / [32m200[39m in 20ms[2m (next.js: 887µs, application-code: 19ms)[22m
 GET /app/links [32m200[39m in 103ms[2m (next.js: 1019µs, proxy.ts: 3ms, application-code: 100ms)[22m
 GET /app/links?unpublished=1 [32m200[39m in 23ms[2m (next.js: 746µs, proxy.ts: 2ms, application-code: 20ms)[22m
 POST /app/links [34m303[39m in 36ms[2m (next.js: 792µs, proxy.ts: 3ms, application-code: 32ms)[22m
  └─ ƒ unpublishLinkAction("cmn16ynup0004g5yb8dn2kv1b") in 6ms [2msrc/app/app/links/actions.ts[22m
 GET / [32m200[39m in 16ms[2m (next.js: 894µs, application-code: 15ms)[22m
 GET /login [32m200[39m in 16ms[2m (next.js: 789µs, application-code: 15ms)[22m
 GET /app [32m200[39m in 23ms[2m (next.js: 811µs, proxy.ts: 2ms, application-code: 20ms)[22m
 POST /login [34m303[39m in 58ms[2m (next.js: 970µs, application-code: 57ms)[22m
  └─ ƒ loginAction({}) in 30ms [2msrc/app/login/actions.ts[22m
 GET /app/links [32m200[39m in 23ms[2m (next.js: 955µs, proxy.ts: 3ms, application-code: 19ms)[22m
 GET /app/links?saved=1 [32m200[39m in 32ms[2m (next.js: 986µs, proxy.ts: 2ms, application-code: 29ms)[22m
 POST /app/links [34m303[39m in 45ms[2m (next.js: 902µs, proxy.ts: 3ms, application-code: 42ms)[22m
  └─ ƒ createLinkAction({}) in 6ms [2msrc/app/app/links/actions.ts[22m
{"level":"warn","message":"Link favicon could not be resolved.","metadata":{"linkId":"cmn16yqyc0005g5ybmbanbu54","url":"https://example.com/retry-link-1774149768514"},"timestamp":"2026-03-22T03:22:49.046Z"}
 POST /api/test/mina/chat/completions [32m200[39m in 1512ms[2m (next.js: 589µs, application-code: 1512ms)[22m
 GET /app/links?saved=1 [32m200[39m in 51ms[2m (next.js: 3ms, proxy.ts: 11ms, application-code: 37ms)[22m
 GET /app/links?retried=1 [32m200[39m in 31ms[2m (next.js: 1025µs, proxy.ts: 3ms, application-code: 27ms)[22m
 POST /app/links?saved=1 [34m303[39m in 51ms[2m (next.js: 1654µs, proxy.ts: 7ms, application-code: 43ms)[22m
  └─ ƒ retryLinkEnrichmentAction("cmn16yqyc0005g5ybmbanbu54") in 7ms [2msrc/app/app/links/actions.ts[22m
 POST /api/test/mina/chat/completions [32m200[39m in 1513ms[2m (next.js: 609µs, application-code: 1512ms)[22m
 GET /app/links?retried=1 [32m200[39m in 48ms[2m (next.js: 3ms, proxy.ts: 10ms, application-code: 35ms)[22m
 GET /login [32m200[39m in 17ms[2m (next.js: 864µs, application-code: 16ms)[22m
 GET /app [32m200[39m in 54ms[2m (next.js: 950µs, proxy.ts: 3ms, application-code: 50ms)[22m
 POST /login [34m303[39m in 88ms[2m (next.js: 912µs, application-code: 87ms)[22m
  └─ ƒ loginAction({}) in 30ms [2msrc/app/login/actions.ts[22m
 GET /app/links [32m200[39m in 26ms[2m (next.js: 1805µs, proxy.ts: 3ms, application-code: 21ms)[22m
 GET /app/links?error=invalid-url [32m200[39m in 26ms[2m (next.js: 928µs, proxy.ts: 2ms, application-code: 22ms)[22m
 POST /app/links [34m303[39m in 36ms[2m (next.js: 1023µs, proxy.ts: 3ms, application-code: 33ms)[22m
  └─ ƒ createLinkAction({}) in 3ms [2msrc/app/app/links/actions.ts[22m
 GET /login [32m200[39m in 14ms[2m (next.js: 724µs, application-code: 14ms)[22m
 GET /app [32m200[39m in 23ms[2m (next.js: 1125µs, proxy.ts: 2ms, application-code: 20ms)[22m
 POST /login [34m303[39m in 59ms[2m (next.js: 990µs, application-code: 58ms)[22m
  └─ ƒ loginAction({}) in 30ms [2msrc/app/login/actions.ts[22m
 GET /app/notes/new [32m200[39m in 16ms[2m (next.js: 942µs, proxy.ts: 3ms, application-code: 12ms)[22m
 GET /app/notes/cmn16ywf40006g5yb5ujb3c4u/edit?saved=1 [32m200[39m in 24ms[2m (next.js: 2ms, proxy.ts: 2ms, application-code: 19ms)[22m
 POST /app/notes/new [34m303[39m in 43ms[2m (next.js: 1113µs, proxy.ts: 3ms, application-code: 39ms)[22m
  └─ ƒ createNoteAction({}) in 6ms [2msrc/app/app/notes/actions.ts[22m
 GET /app/links [32m200[39m in 56ms[2m (next.js: 890µs, proxy.ts: 3ms, application-code: 52ms)[22m
 GET /app/links?saved=1 [32m200[39m in 29ms[2m (next.js: 897µs, proxy.ts: 3ms, application-code: 26ms)[22m
 POST /app/links [34m303[39m in 42ms[2m (next.js: 873µs, proxy.ts: 3ms, application-code: 39ms)[22m
  └─ ƒ createLinkAction({}) in 6ms [2msrc/app/app/links/actions.ts[22m
 POST /api/test/mina/chat/completions [32m200[39m in 2ms[2m (next.js: 618µs, application-code: 1447µs)[22m
{"level":"warn","message":"Link favicon could not be resolved.","metadata":{"linkId":"cmn16ywm10007g5ybljd9p934","url":"https://example.com/url-needle-1774149775568"},"timestamp":"2026-03-22T03:22:56.353Z"}
 GET /app/links?saved=1 [32m200[39m in 57ms[2m (next.js: 2ms, proxy.ts: 9ms, application-code: 45ms)[22m
 GET /app/tags?tag=ai-owned [32m200[39m in 132ms[2m (next.js: 27ms, proxy.ts: 8ms, application-code: 98ms)[22m
 GET /app/tags [32m200[39m in 65ms[2m (next.js: 735µs, proxy.ts: 2ms, application-code: 62ms)[22m
 GET /app/search?q=Filtered%20note%201774149775568 [32m200[39m in 89ms[2m (next.js: 16ms, proxy.ts: 3ms, application-code: 70ms)[22m
 GET /app/search?q=url-needle-1774149775568 [32m200[39m in 58ms[2m (next.js: 824µs, proxy.ts: 3ms, application-code: 55ms)[22m
 GET /app/search?q=ai-owned [32m200[39m in 49ms[2m (next.js: 901µs, proxy.ts: 3ms, application-code: 45ms)[22m
 GET /login [32m200[39m in 14ms[2m (next.js: 900µs, application-code: 13ms)[22m
 GET /app [32m200[39m in 25ms[2m (next.js: 1102µs, proxy.ts: 2ms, application-code: 21ms)[22m
 POST /login [34m303[39m in 61ms[2m (next.js: 928µs, application-code: 60ms)[22m
  └─ ƒ loginAction({}) in 30ms [2msrc/app/login/actions.ts[22m
 GET /app/links [32m200[39m in 26ms[2m (next.js: 911µs, proxy.ts: 3ms, application-code: 22ms)[22m
 GET /app/links?saved=1 [32m200[39m in 35ms[2m (next.js: 1087µs, proxy.ts: 7ms, application-code: 27ms)[22m
 POST /app/links [34m303[39m in 49ms[2m (next.js: 902µs, proxy.ts: 3ms, application-code: 45ms)[22m
  └─ ƒ createLinkAction({}) in 6ms [2msrc/app/app/links/actions.ts[22m
{"level":"warn","message":"Link favicon could not be resolved.","metadata":{"linkId":"cmn16yzqb0009g5yblfjxcveq","url":"https://example.com/ai-enriched-link-1774149779898"},"timestamp":"2026-03-22T03:23:00.422Z"}
 GET /app/links?saved=1 [32m200[39m in 45ms[2m (next.js: 2ms, proxy.ts: 6ms, application-code: 37ms)[22m
 GET /app/search?q=ai [32m200[39m in 57ms[2m (next.js: 1742µs, proxy.ts: 6ms, application-code: 50ms)[22m
 GET /app/tags?tag=ai [32m200[39m in 57ms[2m (next.js: 805µs, proxy.ts: 3ms, application-code: 54ms)[22m
 GET /login [32m200[39m in 16ms[2m (next.js: 765µs, application-code: 15ms)[22m
 GET /app [32m200[39m in 24ms[2m (next.js: 1136µs, proxy.ts: 2ms, application-code: 21ms)[22m
 POST /login [34m303[39m in 60ms[2m (next.js: 889µs, application-code: 60ms)[22m
  └─ ƒ loginAction({}) in 30ms [2msrc/app/login/actions.ts[22m
 GET /app/links [32m200[39m in 59ms[2m (next.js: 795µs, proxy.ts: 3ms, application-code: 55ms)[22m
 GET /app/links?saved=1 [32m200[39m in 34ms[2m (next.js: 824µs, proxy.ts: 2ms, application-code: 32ms)[22m
 POST /app/links [34m303[39m in 47ms[2m (next.js: 808µs, proxy.ts: 3ms, application-code: 44ms)[22m
  └─ ƒ createLinkAction({}) in 6ms [2msrc/app/app/links/actions.ts[22m
 POST /api/test/mina/chat/completions [32m200[39m in 2ms[2m (next.js: 637µs, application-code: 1454µs)[22m
 GET /app/links?saved=1 [32m200[39m in 47ms[2m (next.js: 2ms, proxy.ts: 7ms, application-code: 38ms)[22m
 GET /media/2ce31bb4-8c1c-4103-84c3-9850329b0a9d [32m200[39m in 446ms[2m (next.js: 434ms, application-code: 12ms)[22m
 GET /app/links?published=1 [32m200[39m in 39ms[2m (next.js: 1025µs, proxy.ts: 4ms, application-code: 34ms)[22m
 POST /app/links?saved=1 [34m303[39m in 57ms[2m (next.js: 1408µs, proxy.ts: 7ms, application-code: 49ms)[22m
  └─ ƒ publishLinkAction("cmn16z2ku000ag5yb3yw7ziko") in 6ms [2msrc/app/app/links/actions.ts[22m
 GET /media/2ce31bb4-8c1c-4103-84c3-9850329b0a9d [32m200[39m in 10ms[2m (next.js: 2ms, application-code: 7ms)[22m
 GET / [32m200[39m in 49ms[2m (next.js: 1609µs, application-code: 47ms)[22m
 GET /media/2ce31bb4-8c1c-4103-84c3-9850329b0a9d [32m200[39m in 35ms[2m (next.js: 3ms, application-code: 32ms)[22m
 GET /app/links [32m200[39m in 68ms[2m (next.js: 920µs, proxy.ts: 4ms, application-code: 64ms)[22m
 GET /media/2ce31bb4-8c1c-4103-84c3-9850329b0a9d [32m200[39m in 13ms[2m (next.js: 1932µs, application-code: 11ms)[22m
 GET /app/links?saved=1 [32m200[39m in 32ms[2m (next.js: 737µs, proxy.ts: 2ms, application-code: 29ms)[22m
 POST /app/links [34m303[39m in 45ms[2m (next.js: 1149µs, proxy.ts: 3ms, application-code: 41ms)[22m
  └─ ƒ createLinkAction({}) in 6ms [2msrc/app/app/links/actions.ts[22m
{"level":"warn","message":"Link favicon cache failed.","metadata":{"error":"Configured link favicon fetch failure for Playwright.","linkId":"cmn16z56d000bg5ybg7g2q6db","url":"https://example.com/fallback-favicon-1774149783561"},"timestamp":"2026-03-22T03:23:07.418Z"}
 POST /api/test/mina/chat/completions [32m200[39m in 1793µs[2m (next.js: 561µs, application-code: 1232µs)[22m
 GET /media/2ce31bb4-8c1c-4103-84c3-9850329b0a9d [32m200[39m in 7ms[2m (next.js: 1223µs, application-code: 6ms)[22m
 GET /app/links?saved=1 [32m200[39m in 57ms[2m (next.js: 2ms, proxy.ts: 9ms, application-code: 46ms)[22m
 GET /app/links?favicon=1 [32m200[39m in 36ms[2m (next.js: 946µs, proxy.ts: 3ms, application-code: 32ms)[22m
 POST /app/links?saved=1 [34m303[39m in 53ms[2m (next.js: 1346µs, proxy.ts: 5ms, application-code: 47ms)[22m
  └─ ƒ refreshLinkFaviconAction("cmn16z56d000bg5ybg7g2q6db") in 7ms [2msrc/app/app/links/actions.ts[22m
 GET /media/2ce31bb4-8c1c-4103-84c3-9850329b0a9d [32m200[39m in 10ms[2m (next.js: 3ms, application-code: 8ms)[22m
 GET /media/bb9cce07-8ebb-4688-8942-0ef487afe6cc [32m200[39m in 11ms[2m (next.js: 4ms, application-code: 7ms)[22m
 GET /media/draft-note-image-1774149790618 [33m404[39m in 4ms[2m (next.js: 781µs, application-code: 4ms)[22m
 GET /login [32m200[39m in 15ms[2m (next.js: 753µs, application-code: 14ms)[22m
 GET /app [32m200[39m in 30ms[2m (next.js: 935µs, proxy.ts: 2ms, application-code: 26ms)[22m
 POST /login [34m303[39m in 67ms[2m (next.js: 891µs, application-code: 66ms)[22m
  └─ ƒ loginAction({}) in 33ms [2msrc/app/login/actions.ts[22m
 GET /media/draft-note-image-1774149790618 [32m200[39m in 9ms[2m (next.js: 2ms, application-code: 7ms)[22m
 GET /media/draft-note-image-1774149790618 [32m200[39m in 6ms[2m (next.js: 602µs, application-code: 5ms)[22m
 GET /media/published-note-image-1774149790965 [32m200[39m in 6ms[2m (next.js: 1443µs, application-code: 4ms)[22m
 GET /media/hidden-note-image-1774149790965 [33m404[39m in 3ms[2m (next.js: 733µs, application-code: 2ms)[22m
 GET /media/published-link-favicon-1774149790965 [32m200[39m in 5ms[2m (next.js: 606µs, application-code: 4ms)[22m
 GET /login [32m200[39m in 15ms[2m (next.js: 915µs, application-code: 14ms)[22m
 GET /app [32m200[39m in 22ms[2m (next.js: 1019µs, proxy.ts: 3ms, application-code: 18ms)[22m
 POST /login [34m303[39m in 58ms[2m (next.js: 932µs, application-code: 57ms)[22m
  └─ ƒ loginAction({}) in 31ms [2msrc/app/login/actions.ts[22m
 GET /media/published-note-image-1774149790965 [32m200[39m in 9ms[2m (next.js: 1211µs, application-code: 7ms)[22m
 GET /app/notes/new [32m200[39m in 18ms[2m (next.js: 2ms, proxy.ts: 3ms, application-code: 13ms)[22m
 GET /app/notes/cmn16z8cj000cg5yb1dztnoho/edit?saved=1 [32m200[39m in 27ms[2m (next.js: 3ms, proxy.ts: 2ms, application-code: 22ms)[22m
 POST /app/notes/new [34m303[39m in 41ms[2m (next.js: 837µs, proxy.ts: 3ms, application-code: 37ms)[22m
  └─ ƒ createNoteAction({}) in 6ms [2msrc/app/app/notes/actions.ts[22m
 GET /app/notes/cmn16z8cj000cg5yb1dztnoho/edit?saved=1 [32m200[39m in 52ms[2m (next.js: 6ms, proxy.ts: 9ms, application-code: 37ms)[22m
 GET /app [32m200[39m in 53ms[2m (next.js: 2ms, proxy.ts: 6ms, application-code: 45ms)[22m
 GET /media/published-note-image-1774149790965 [32m200[39m in 16ms[2m (next.js: 3ms, application-code: 13ms)[22m
 GET /login [32m200[39m in 17ms[2m (next.js: 964µs, application-code: 16ms)[22m
 GET /app [32m200[39m in 18ms[2m (next.js: 865µs, proxy.ts: 2ms, application-code: 15ms)[22m
 POST /login [34m303[39m in 55ms[2m (next.js: 948µs, application-code: 54ms)[22m
  └─ ƒ loginAction({}) in 30ms [2msrc/app/login/actions.ts[22m
 GET /app/notes/new [32m200[39m in 32ms[2m (next.js: 965µs, proxy.ts: 3ms, application-code: 28ms)[22m
 POST /api/notes/images [32m201[39m in 30ms[2m (next.js: 21ms, application-code: 9ms)[22m
 GET /media/54d053d7-032c-429f-9142-ebfff314e935 [32m200[39m in 12ms[2m (next.js: 5ms, application-code: 8ms)[22m
 GET /app/notes/cmn16zb7c000dg5ybx3viuocj/edit?saved=1 [32m200[39m in 28ms[2m (next.js: 2ms, proxy.ts: 2ms, application-code: 24ms)[22m
 POST /app/notes/new [34m303[39m in 47ms[2m (next.js: 1909µs, proxy.ts: 3ms, application-code: 42ms)[22m
  └─ ƒ createNoteAction({}) in 8ms [2msrc/app/app/notes/actions.ts[22m
 GET /media/54d053d7-032c-429f-9142-ebfff314e935 [32m200[39m in 10ms[2m (next.js: 1407µs, application-code: 8ms)[22m
 GET / [32m200[39m in 20ms[2m (next.js: 1850µs, application-code: 18ms)[22m
 GET /login [32m200[39m in 15ms[2m (next.js: 750µs, application-code: 15ms)[22m
 GET /login [32m200[39m in 15ms[2m (next.js: 835µs, application-code: 14ms)[22m
 GET /login [32m200[39m in 15ms[2m (next.js: 796µs, application-code: 14ms)[22m
 GET /app [32m200[39m in 21ms[2m (next.js: 1164µs, proxy.ts: 2ms, application-code: 18ms)[22m
 POST /login [34m303[39m in 56ms[2m (next.js: 905µs, application-code: 55ms)[22m
  └─ ƒ loginAction({}) in 31ms [2msrc/app/login/actions.ts[22m
 GET /app/notes/cmn16zbw30008g7ybqzrpnvby/edit [32m200[39m in 52ms[2m (next.js: 2ms, proxy.ts: 3ms, application-code: 47ms)[22m
 GET /login [32m200[39m in 15ms[2m (next.js: 759µs, application-code: 14ms)[22m
 GET /app [32m200[39m in 20ms[2m (next.js: 829µs, proxy.ts: 2ms, application-code: 17ms)[22m
 POST /login [34m303[39m in 53ms[2m (next.js: 874µs, application-code: 52ms)[22m
  └─ ƒ loginAction({}) in 28ms [2msrc/app/login/actions.ts[22m
 GET /app/notes/cmn16zcdp0009g7yba0ebpsgx/edit [32m200[39m in 42ms[2m (next.js: 3ms, proxy.ts: 3ms, application-code: 36ms)[22m
 GET / [32m200[39m in 18ms[2m (next.js: 1030µs, application-code: 17ms)[22m
 GET / [32m200[39m in 18ms[2m (next.js: 850µs, application-code: 17ms)[22m
 GET / [32m200[39m in 17ms[2m (next.js: 791µs, application-code: 17ms)[22m
 GET / [32m200[39m in 17ms[2m (next.js: 777µs, application-code: 17ms)[22m
 GET /login [32m200[39m in 15ms[2m (next.js: 790µs, application-code: 15ms)[22m
 GET /login [32m200[39m in 19ms[2m (next.js: 811µs, application-code: 18ms)[22m
 GET /app [32m200[39m in 21ms[2m (next.js: 1066µs, proxy.ts: 3ms, application-code: 18ms)[22m
 POST /login [34m303[39m in 55ms[2m (next.js: 922µs, application-code: 54ms)[22m
  └─ ƒ loginAction({}) in 30ms [2msrc/app/login/actions.ts[22m
 GET / [32m200[39m in 18ms[2m (next.js: 759µs, application-code: 17ms)[22m
 GET /login [32m200[39m in 16ms[2m (next.js: 799µs, application-code: 16ms)[22m
 GET /app [32m200[39m in 21ms[2m (next.js: 1085µs, proxy.ts: 3ms, application-code: 17ms)[22m
 POST /login [34m303[39m in 56ms[2m (next.js: 905µs, application-code: 55ms)[22m
  └─ ƒ loginAction({}) in 30ms [2msrc/app/login/actions.ts[22m
 GET /app/search [32m200[39m in 26ms[2m (next.js: 3ms, proxy.ts: 3ms, application-code: 21ms)[22m
 GET /app/links [32m200[39m in 46ms[2m (next.js: 831µs, proxy.ts: 3ms, application-code: 43ms)[22m
 GET /app [32m200[39m in 28ms[2m (next.js: 781µs, proxy.ts: 3ms, application-code: 24ms)[22m
 GET /app/notes/cmn16ze47000wg7ybuey6yz1e/edit [32m200[39m in 20ms[2m (next.js: 3ms, proxy.ts: 3ms, application-code: 15ms)[22m
 GET /login [32m200[39m in 17ms[2m (next.js: 808µs, application-code: 16ms)[22m
 GET /app [32m200[39m in 21ms[2m (next.js: 1003µs, proxy.ts: 3ms, application-code: 18ms)[22m
 POST /login [34m303[39m in 55ms[2m (next.js: 896µs, application-code: 54ms)[22m
  └─ ƒ loginAction({}) in 30ms [2msrc/app/login/actions.ts[22m
 GET /app/notes/new [32m200[39m in 28ms[2m (next.js: 884µs, proxy.ts: 3ms, application-code: 24ms)[22m
 GET /app/notes/cmn16zf69000eg5yb80tbzrsx/edit?saved=1 [32m200[39m in 22ms[2m (next.js: 2ms, proxy.ts: 2ms, application-code: 18ms)[22m
 POST /app/notes/new [34m303[39m in 41ms[2m (next.js: 1416µs, proxy.ts: 9ms, application-code: 31ms)[22m
  └─ ƒ createNoteAction({}) in 6ms [2msrc/app/app/notes/actions.ts[22m
 GET /login [32m200[39m in 18ms[2m (next.js: 881µs, application-code: 18ms)[22m
 GET /app [32m200[39m in 21ms[2m (next.js: 863µs, proxy.ts: 3ms, application-code: 18ms)[22m
 POST /login [34m303[39m in 57ms[2m (next.js: 1228µs, application-code: 56ms)[22m
  └─ ƒ loginAction({}) in 31ms [2msrc/app/login/actions.ts[22m
 GET /app/notes/cmn16zf8y000zg7ybjnnjnsj4/edit [32m200[39m in 43ms[2m (next.js: 2ms, proxy.ts: 3ms, application-code: 38ms)[22m
 GET /login [32m200[39m in 18ms[2m (next.js: 812µs, application-code: 17ms)[22m
 GET /app [32m200[39m in 22ms[2m (next.js: 1067µs, proxy.ts: 2ms, application-code: 18ms)[22m
 POST /login [34m303[39m in 63ms[2m (next.js: 964µs, application-code: 62ms)[22m
  └─ ƒ loginAction({}) in 36ms [2msrc/app/login/actions.ts[22m
 GET /app/notes/new [32m200[39m in 30ms[2m (next.js: 1033µs, proxy.ts: 3ms, application-code: 26ms)[22m
 GET /media/3b92f5a1-6c7b-417c-b948-3dfdce5a8efe-with-extra-wrap-length-for-the-gutter [33m404[39m in 9ms[2m (next.js: 3ms, application-code: 6ms)[22m
 GET /login [32m200[39m in 18ms[2m (next.js: 817µs, application-code: 17ms)[22m
 GET /app [32m200[39m in 22ms[2m (next.js: 902µs, proxy.ts: 2ms, application-code: 19ms)[22m
 POST /login [34m303[39m in 56ms[2m (next.js: 946µs, application-code: 55ms)[22m
  └─ ƒ loginAction({}) in 30ms [2msrc/app/login/actions.ts[22m
 GET /app/notes/cmn16zg210011g7ybr40jrbcp/edit [32m200[39m in 52ms[2m (next.js: 3ms, proxy.ts: 2ms, application-code: 47ms)[22m
 GET /login [32m200[39m in 16ms[2m (next.js: 800µs, application-code: 15ms)[22m
 GET /app [32m200[39m in 21ms[2m (next.js: 1014µs, proxy.ts: 3ms, application-code: 17ms)[22m
 POST /login [34m303[39m in 55ms[2m (next.js: 923µs, application-code: 54ms)[22m
  └─ ƒ loginAction({}) in 30ms [2msrc/app/login/actions.ts[22m
 GET /app/notes/cmn16zgho0012g7ybejdp9yql/edit [32m200[39m in 42ms[2m (next.js: 2ms, proxy.ts: 3ms, application-code: 38ms)[22m
 GET /app/notes/cmn16zgho0012g7ybejdp9yql/edit?saved=1 [32m200[39m in 22ms[2m (next.js: 1255µs, proxy.ts: 2ms, application-code: 19ms)[22m
 POST /app/notes/cmn16zgho0012g7ybejdp9yql/edit [34m303[39m in 38ms[2m (next.js: 3ms, proxy.ts: 3ms, application-code: 33ms)[22m
  └─ ƒ updateNoteAction("cmn16zgho0012g7ybejdp9yql", {}) in 6ms [2msrc/app/app/notes/actions.ts[22m
 GET /login [32m200[39m in 16ms[2m (next.js: 769µs, application-code: 15ms)[22m
 GET /app [32m200[39m in 21ms[2m (next.js: 1046µs, proxy.ts: 2ms, application-code: 17ms)[22m
 POST /login [34m303[39m in 55ms[2m (next.js: 929µs, application-code: 54ms)[22m
  └─ ƒ loginAction({}) in 31ms [2msrc/app/login/actions.ts[22m
 GET /app/notes/cmn16zhbb0013g7ybyhqcxmb4/edit [32m200[39m in 41ms[2m (next.js: 2ms, proxy.ts: 3ms, application-code: 36ms)[22m
 GET /login [32m200[39m in 16ms[2m (next.js: 789µs, application-code: 15ms)[22m
 GET /app [32m200[39m in 20ms[2m (next.js: 927µs, proxy.ts: 3ms, application-code: 17ms)[22m
 POST /login [34m303[39m in 56ms[2m (next.js: 910µs, application-code: 55ms)[22m
  └─ ƒ loginAction({}) in 31ms [2msrc/app/login/actions.ts[22m
 GET /app/notes/cmn16zhsz0014g7ybbtl1k9cg/edit [32m200[39m in 50ms[2m (next.js: 2ms, proxy.ts: 3ms, application-code: 45ms)[22m
 GET /app/notes/cmn16zhsz0014g7ybbtl1k9cg/edit?saved=1 [32m200[39m in 24ms[2m (next.js: 1452µs, proxy.ts: 2ms, application-code: 20ms)[22m
 POST /app/notes/cmn16zhsz0014g7ybbtl1k9cg/edit [34m303[39m in 40ms[2m (next.js: 3ms, proxy.ts: 4ms, application-code: 33ms)[22m
  └─ ƒ updateNoteAction("cmn16zhsz0014g7ybbtl1k9cg", {}) in 5ms [2msrc/app/app/notes/actions.ts[22m
 GET /app/notes/cmn16zhsz0014g7ybbtl1k9cg/edit?saved=1 [32m200[39m in 47ms[2m (next.js: 1522µs, proxy.ts: 3ms, application-code: 42ms)[22m
 GET /login [32m200[39m in 15ms[2m (next.js: 820µs, application-code: 15ms)[22m
 GET /app [32m200[39m in 21ms[2m (next.js: 897µs, proxy.ts: 3ms, application-code: 18ms)[22m
 POST /login [34m303[39m in 56ms[2m (next.js: 919µs, application-code: 55ms)[22m
  └─ ƒ loginAction({}) in 30ms [2msrc/app/login/actions.ts[22m
 GET /app/notes/cmn16zin20015g7ybtc2v194y/edit [32m200[39m in 50ms[2m (next.js: 2ms, proxy.ts: 3ms, application-code: 45ms)[22m
 GET /login [32m200[39m in 16ms[2m (next.js: 917µs, application-code: 15ms)[22m
 GET /app [32m200[39m in 21ms[2m (next.js: 999µs, proxy.ts: 3ms, application-code: 18ms)[22m
 POST /login [34m303[39m in 57ms[2m (next.js: 893µs, application-code: 56ms)[22m
  └─ ƒ loginAction({}) in 30ms [2msrc/app/login/actions.ts[22m
 GET /app/notes/cmn16zj4k0016g7yblu8njc77/edit [32m200[39m in 44ms[2m (next.js: 2ms, proxy.ts: 3ms, application-code: 39ms)[22m
 GET /app/notes/cmn16zj4k0016g7yblu8njc77/edit?saved=1 [32m200[39m in 29ms[2m (next.js: 1257µs, proxy.ts: 2ms, application-code: 26ms)[22m
 POST /app/notes/cmn16zj4k0016g7yblu8njc77/edit [34m303[39m in 46ms[2m (next.js: 3ms, proxy.ts: 3ms, application-code: 40ms)[22m
  └─ ƒ updateNoteAction("cmn16zj4k0016g7yblu8njc77", {}) in 6ms [2msrc/app/app/notes/actions.ts[22m
 GET /login [32m200[39m in 16ms[2m (next.js: 756µs, application-code: 16ms)[22m
 GET /app [32m200[39m in 25ms[2m (next.js: 1177µs, proxy.ts: 2ms, application-code: 21ms)[22m
 POST /login [34m303[39m in 60ms[2m (next.js: 910µs, application-code: 59ms)[22m
  └─ ƒ loginAction({}) in 30ms [2msrc/app/login/actions.ts[22m
 GET /app/notes/new [32m200[39m in 27ms[2m (next.js: 977µs, proxy.ts: 3ms, application-code: 23ms)[22m
 GET /login [32m200[39m in 15ms[2m (next.js: 774µs, application-code: 14ms)[22m
 GET /app [32m200[39m in 22ms[2m (next.js: 899µs, proxy.ts: 3ms, application-code: 18ms)[22m
 POST /login [34m303[39m in 57ms[2m (next.js: 988µs, application-code: 56ms)[22m
  └─ ƒ loginAction({}) in 31ms [2msrc/app/login/actions.ts[22m
 GET /app/notes/cmn16zkif0018g7yb7f8ketfw/edit [32m200[39m in 52ms[2m (next.js: 8ms, proxy.ts: 3ms, application-code: 41ms)[22m
 GET /login [32m200[39m in 15ms[2m (next.js: 843µs, application-code: 14ms)[22m
 GET /app [32m200[39m in 21ms[2m (next.js: 982µs, proxy.ts: 3ms, application-code: 18ms)[22m
 POST /login [34m303[39m in 55ms[2m (next.js: 883µs, application-code: 55ms)[22m
  └─ ƒ loginAction({}) in 30ms [2msrc/app/login/actions.ts[22m
 GET /app/notes/cmn16zkzt0019g7yb4tic2j3y/edit [32m200[39m in 44ms[2m (next.js: 2ms, proxy.ts: 3ms, application-code: 39ms)[22m
 GET /media/ui-note-images-draft-1774149808439 [33m404[39m in 5ms[2m (next.js: 1798µs, application-code: 4ms)[22m
 GET /login [32m200[39m in 18ms[2m (next.js: 772µs, application-code: 17ms)[22m
 GET /app [32m200[39m in 21ms[2m (next.js: 1062µs, proxy.ts: 2ms, application-code: 18ms)[22m
 POST /login [34m303[39m in 56ms[2m (next.js: 1042µs, application-code: 55ms)[22m
  └─ ƒ loginAction({}) in 30ms [2msrc/app/login/actions.ts[22m
 GET /media/ui-note-images-published-first-1774149808439 [32m200[39m in 8ms[2m (next.js: 1304µs, application-code: 7ms)[22m
 GET /media/ui-note-images-draft-1774149808439 [32m200[39m in 9ms[2m (next.js: 2ms, application-code: 7ms)[22m
 GET / [32m200[39m in 17ms[2m (next.js: 1064µs, application-code: 16ms)[22m
 GET /media/ui-note-images-published-first-1774149808439 [32m200[39m in 8ms[2m (next.js: 1448µs, application-code: 7ms)[22m
 GET /notes/published-note-image-card [32m200[39m in 45ms[2m (next.js: 3ms, application-code: 42ms)[22m
 GET /media/ui-note-images-published-first-1774149808439 [32m200[39m in 18ms[2m (next.js: 1795µs, application-code: 17ms)[22m
 GET /media/ui-note-images-published-second-1774149808439 [32m200[39m in 19ms[2m (next.js: 4ms, application-code: 14ms)[22m
 GET /login [32m200[39m in 16ms[2m (next.js: 737µs, application-code: 16ms)[22m
 GET /app [32m200[39m in 29ms[2m (next.js: 905µs, proxy.ts: 3ms, application-code: 26ms)[22m
 POST /login [34m303[39m in 65ms[2m (next.js: 1056µs, application-code: 64ms)[22m
  └─ ƒ loginAction({}) in 30ms [2msrc/app/login/actions.ts[22m
 GET /login [32m200[39m in 20ms[2m (next.js: 940µs, application-code: 19ms)[22m
 GET /app [32m200[39m in 24ms[2m (next.js: 938µs, proxy.ts: 3ms, application-code: 20ms)[22m
 POST /login [34m303[39m in 58ms[2m (next.js: 813µs, application-code: 57ms)[22m
  └─ ƒ loginAction({}) in 30ms [2msrc/app/login/actions.ts[22m
 GET /login [32m200[39m in 16ms[2m (next.js: 768µs, application-code: 15ms)[22m
 GET /app [32m200[39m in 24ms[2m (next.js: 955µs, proxy.ts: 2ms, application-code: 20ms)[22m
 POST /login [34m303[39m in 60ms[2m (next.js: 846µs, application-code: 59ms)[22m
  └─ ƒ loginAction({}) in 31ms [2msrc/app/login/actions.ts[22m
 GET /login [32m200[39m in 23ms[2m (next.js: 823µs, application-code: 22ms)[22m
 GET /app [32m200[39m in 23ms[2m (next.js: 1187µs, proxy.ts: 2ms, application-code: 19ms)[22m
 POST /login [34m303[39m in 58ms[2m (next.js: 908µs, application-code: 57ms)[22m
  └─ ƒ loginAction({}) in 30ms [2msrc/app/login/actions.ts[22m
 GET /app/links [32m200[39m in 51ms[2m (next.js: 1217µs, proxy.ts: 2ms, application-code: 47ms)[22m
 GET /login [32m200[39m in 16ms[2m (next.js: 786µs, application-code: 15ms)[22m
 GET /app [32m200[39m in 27ms[2m (next.js: 881µs, proxy.ts: 2ms, application-code: 24ms)[22m
 POST /login [34m303[39m in 62ms[2m (next.js: 916µs, application-code: 61ms)[22m
  └─ ƒ loginAction({}) in 29ms [2msrc/app/login/actions.ts[22m
 GET /app/links [32m200[39m in 50ms[2m (next.js: 879µs, proxy.ts: 3ms, application-code: 46ms)[22m
 GET /login [32m200[39m in 16ms[2m (next.js: 999µs, application-code: 15ms)[22m
 GET /app [32m200[39m in 23ms[2m (next.js: 912µs, proxy.ts: 2ms, application-code: 19ms)[22m
 POST /login [34m303[39m in 57ms[2m (next.js: 860µs, application-code: 56ms)[22m
  └─ ƒ loginAction({}) in 30ms [2msrc/app/login/actions.ts[22m
 GET /app/tags?tag=studio-systems [32m200[39m in 48ms[2m (next.js: 2ms, proxy.ts: 3ms, application-code: 43ms)[22m
 GET /login [32m200[39m in 15ms[2m (next.js: 771µs, application-code: 14ms)[22m
 GET /app [32m200[39m in 22ms[2m (next.js: 1003µs, proxy.ts: 3ms, application-code: 18ms)[22m
 POST /login [34m303[39m in 56ms[2m (next.js: 909µs, application-code: 56ms)[22m
  └─ ƒ loginAction({}) in 30ms [2msrc/app/login/actions.ts[22m
 GET /app/tags?tag=studio-systems [32m200[39m in 42ms[2m (next.js: 927µs, proxy.ts: 3ms, application-code: 38ms)[22m
 GET /login [32m200[39m in 16ms[2m (next.js: 778µs, application-code: 15ms)[22m
 GET /app [32m200[39m in 23ms[2m (next.js: 883µs, proxy.ts: 3ms, application-code: 19ms)[22m
 POST /login [34m303[39m in 59ms[2m (next.js: 901µs, application-code: 58ms)[22m
  └─ ƒ loginAction({}) in 31ms [2msrc/app/login/actions.ts[22m
 GET /app/search?q=rhythm [32m200[39m in 42ms[2m (next.js: 1445µs, proxy.ts: 3ms, application-code: 38ms)[22m
 GET /login [32m200[39m in 16ms[2m (next.js: 799µs, application-code: 15ms)[22m
 GET /app [32m200[39m in 22ms[2m (next.js: 858µs, proxy.ts: 2ms, application-code: 18ms)[22m
 POST /login [34m303[39m in 58ms[2m (next.js: 953µs, application-code: 57ms)[22m
  └─ ƒ loginAction({}) in 31ms [2msrc/app/login/actions.ts[22m
 GET /app/search?q=rhythm [32m200[39m in 47ms[2m (next.js: 904µs, proxy.ts: 3ms, application-code: 44ms)[22m
 GET / [32m200[39m in 19ms[2m (next.js: 816µs, application-code: 18ms)[22m
 GET / [32m200[39m in 18ms[2m (next.js: 778µs, application-code: 17ms)[22m
 GET /notes/public-notes-should-read-like-finished-pages-not-dashboards [32m200[39m in 27ms[2m (next.js: 1845µs, application-code: 25ms)[22m
 GET /notes/public-notes-should-read-like-finished-pages-not-dashboards [32m200[39m in 21ms[2m (next.js: 1681µs, application-code: 19ms)[22m
 GET / [32m200[39m in 19ms[2m (next.js: 954µs, application-code: 18ms)[22m
 GET / [32m200[39m in 19ms[2m (next.js: 785µs, application-code: 18ms)[22m
 GET / [32m200[39m in 18ms[2m (next.js: 792µs, application-code: 17ms)[22m
 GET /notes/tag-chips-should-fit-a-calmer-public-hierarchy [32m200[39m in 22ms[2m (next.js: 1683µs, application-code: 21ms)[22m
 GET / [32m200[39m in 18ms[2m (next.js: 903µs, application-code: 17ms)[22m
 GET /login [32m200[39m in 16ms[2m (next.js: 791µs, application-code: 16ms)[22m
 GET /login [32m200[39m in 16ms[2m (next.js: 744µs, application-code: 16ms)[22m
 GET /app [32m200[39m in 21ms[2m (next.js: 1031µs, proxy.ts: 2ms, application-code: 17ms)[22m
 POST /login [34m303[39m in 55ms[2m (next.js: 895µs, application-code: 54ms)[22m
  └─ ƒ loginAction({}) in 30ms [2msrc/app/login/actions.ts[22m
 GET /login [32m200[39m in 16ms[2m (next.js: 935µs, application-code: 15ms)[22m
 GET /app [32m200[39m in 21ms[2m (next.js: 1065µs, proxy.ts: 2ms, application-code: 18ms)[22m
 POST /login [34m303[39m in 56ms[2m (next.js: 966µs, application-code: 55ms)[22m
  └─ ƒ loginAction({}) in 30ms [2msrc/app/login/actions.ts[22m
