
> minakeep@0.1.0 dev
> next dev --hostname 127.0.0.1 --port 3100

[1m[38;2;173;127;168m▲ Next.js 16.2.0[39m[22m (Turbopack)
- Local:         http://127.0.0.1:3100
- Network:       http://127.0.0.1:3100
- Environments: .env
[32m[1m✓[22m[39m Ready in 197ms

 GET /api/health [32m200[39m in 72ms[2m (next.js: 62ms, application-code: 10ms)[22m
 GET /login [32m200[39m in 166ms[2m (next.js: 43ms, application-code: 123ms)[22m
 GET /app [32m200[39m in 97ms[2m (next.js: 13ms, proxy.ts: 38ms, application-code: 46ms)[22m
 POST /login [34m303[39m in 195ms[2m (next.js: 1280µs, application-code: 194ms)[22m
  └─ ƒ loginAction({}) in 87ms [2msrc/app/login/actions.ts[22m
 GET /login [32m200[39m in 24ms[2m (next.js: 969µs, application-code: 23ms)[22m
 GET /app [32m200[39m in 44ms[2m (next.js: 1049µs, proxy.ts: 4ms, application-code: 40ms)[22m
 POST /login [34m303[39m in 56ms[2m (next.js: 1151µs, application-code: 55ms)[22m
  └─ ƒ loginAction({}) in 5ms [2msrc/app/login/actions.ts[22m
 GET /api/auth/session [32m200[39m in 439ms[2m (next.js: 430ms, application-code: 9ms)[22m
 GET /login [32m200[39m in 18ms[2m (next.js: 1087µs, application-code: 17ms)[22m
 GET /app [32m200[39m in 33ms[2m (next.js: 924µs, proxy.ts: 3ms, application-code: 29ms)[22m
 POST /login [34m303[39m in 44ms[2m (next.js: 1680µs, application-code: 42ms)[22m
  └─ ƒ loginAction({}) in 4ms [2msrc/app/login/actions.ts[22m
 GET /app/links [32m200[39m in 103ms[2m (next.js: 12ms, proxy.ts: 3ms, application-code: 88ms)[22m
 GET /app/tags [32m200[39m in 139ms[2m (next.js: 8ms, proxy.ts: 3ms, application-code: 128ms)[22m
 GET /app/search?q=Demo%20workspace [32m200[39m in 134ms[2m (next.js: 8ms, proxy.ts: 3ms, application-code: 123ms)[22m
 GET /app/notes/cmn1bq0ja0000fhybpxuqv4r4/edit [32m200[39m in 271ms[2m (next.js: 208ms, proxy.ts: 3ms, application-code: 60ms)[22m
 GET / [32m200[39m in 39ms[2m (next.js: 8ms, application-code: 31ms)[22m
 GET /login?callbackUrl=http%3A%2F%2Flocalhost%3A3100%2Fapp%2Fsearch [32m200[39m in 16ms[2m (next.js: 758µs, application-code: 15ms)[22m
 GET /login?callbackUrl=http%3A%2F%2Flocalhost%3A3100%2Fapp%2Fnotes%2Fnew [32m200[39m in 17ms[2m (next.js: 730µs, application-code: 16ms)[22m
 GET /app [32m200[39m in 30ms[2m (next.js: 972µs, proxy.ts: 3ms, application-code: 26ms)[22m
 POST /login?callbackUrl=http%3A%2F%2Flocalhost%3A3100%2Fapp%2Fnotes%2Fnew [34m303[39m in 66ms[2m (next.js: 974µs, application-code: 65ms)[22m
  └─ ƒ loginAction({}) in 31ms [2msrc/app/login/actions.ts[22m
 GET /app/notes/new [32m200[39m in 27ms[2m (next.js: 9ms, proxy.ts: 4ms, application-code: 14ms)[22m
 GET /app/notes/cmn1bq2p90000ffyb5oyo6eh1/edit?saved=1 [32m200[39m in 36ms[2m (next.js: 3ms, proxy.ts: 3ms, application-code: 29ms)[22m
 POST /app/notes/new [34m303[39m in 64ms[2m (next.js: 2ms, proxy.ts: 3ms, application-code: 58ms)[22m
  └─ ƒ createNoteAction({}) in 19ms [2msrc/app/app/notes/actions.ts[22m
 POST /app/notes/cmn1bq2p90000ffyb5oyo6eh1/edit?saved=1 [34m303[39m in 112ms[2m (next.js: 5ms, proxy.ts: 4ms, application-code: 103ms)[22m
  └─ ƒ updateNoteAction("cmn1bq2p90000ffyb5oyo6eh1", {}) in 7ms [2msrc/app/app/notes/actions.ts[22m
 GET /app [32m200[39m in 168ms[2m (next.js: 5ms, proxy.ts: 9ms, application-code: 154ms)[22m
 GET /app/notes/cmn1bq2p90000ffyb5oyo6eh1/edit?saved=1 [32m200[39m in 145ms[2m (next.js: 12ms, proxy.ts: 80ms, application-code: 53ms)[22m
 GET /app/notes/cmn1bq2p90000ffyb5oyo6eh1/edit [32m200[39m in 22ms[2m (next.js: 1647µs, proxy.ts: 4ms, application-code: 17ms)[22m
 GET /login [32m200[39m in 22ms[2m (next.js: 822µs, application-code: 21ms)[22m
 GET /app [32m200[39m in 35ms[2m (next.js: 4ms, proxy.ts: 3ms, application-code: 28ms)[22m
 POST /login [34m303[39m in 70ms[2m (next.js: 978µs, application-code: 69ms)[22m
  └─ ƒ loginAction({}) in 31ms [2msrc/app/login/actions.ts[22m
 GET /app/notes/new [32m200[39m in 18ms[2m (next.js: 986µs, proxy.ts: 3ms, application-code: 14ms)[22m
 GET /app/notes/cmn1bq3fa0001ffyblp22fzz9/edit?saved=1 [32m200[39m in 34ms[2m (next.js: 2ms, proxy.ts: 2ms, application-code: 30ms)[22m
 POST /app/notes/new [34m303[39m in 49ms[2m (next.js: 935µs, proxy.ts: 3ms, application-code: 45ms)[22m
  └─ ƒ createNoteAction({}) in 7ms [2msrc/app/app/notes/actions.ts[22m
 POST /api/test/mina/chat/completions [32m200[39m in 1512ms[2m (next.js: 16ms, application-code: 1497ms)[22m
 GET /app/notes/cmn1bq3fa0001ffyblp22fzz9/edit?saved=1 [32m200[39m in 51ms[2m (next.js: 6ms, proxy.ts: 8ms, application-code: 37ms)[22m
 GET /app/notes/cmn1bq3fa0001ffyblp22fzz9/edit?retried=1 [32m200[39m in 35ms[2m (next.js: 1662µs, proxy.ts: 3ms, application-code: 31ms)[22m
 POST /app/notes/cmn1bq3fa0001ffyblp22fzz9/edit?saved=1 [34m303[39m in 58ms[2m (next.js: 5ms, proxy.ts: 7ms, application-code: 46ms)[22m
  └─ ƒ retryNoteEnrichmentAction("cmn1bq3fa0001ffyblp22fzz9") in 7ms [2msrc/app/app/notes/actions.ts[22m
 POST /api/test/mina/chat/completions [32m200[39m in 1508ms[2m (next.js: 708µs, application-code: 1507ms)[22m
 GET /app/notes/cmn1bq3fa0001ffyblp22fzz9/edit?retried=1 [32m200[39m in 55ms[2m (next.js: 7ms, proxy.ts: 9ms, application-code: 38ms)[22m
 GET /login [32m200[39m in 20ms[2m (next.js: 885µs, application-code: 19ms)[22m
 GET /app [32m200[39m in 35ms[2m (next.js: 926µs, proxy.ts: 3ms, application-code: 30ms)[22m
 POST /login [34m303[39m in 69ms[2m (next.js: 954µs, application-code: 68ms)[22m
  └─ ƒ loginAction({}) in 30ms [2msrc/app/login/actions.ts[22m
 GET /app/notes/new [32m200[39m in 18ms[2m (next.js: 1005µs, proxy.ts: 3ms, application-code: 14ms)[22m
 GET /app/notes/cmn1bq8fl0002ffyb1tg1px6s/edit?saved=1 [32m200[39m in 36ms[2m (next.js: 2ms, proxy.ts: 2ms, application-code: 32ms)[22m
 POST /app/notes/new [34m303[39m in 52ms[2m (next.js: 1212µs, proxy.ts: 3ms, application-code: 48ms)[22m
  └─ ƒ createNoteAction({}) in 6ms [2msrc/app/app/notes/actions.ts[22m
 GET /app/notes/cmn1bq8fl0002ffyb1tg1px6s/edit?published=1 [32m200[39m in 34ms[2m (next.js: 1288µs, proxy.ts: 2ms, application-code: 30ms)[22m
 POST /app/notes/cmn1bq8fl0002ffyb1tg1px6s/edit?saved=1 [34m303[39m in 48ms[2m (next.js: 3ms, proxy.ts: 3ms, application-code: 42ms)[22m
  └─ ƒ publishNoteAction("cmn1bq8fl0002ffyb1tg1px6s") in 5ms [2msrc/app/app/notes/actions.ts[22m
 GET / [32m200[39m in 25ms[2m (next.js: 886µs, application-code: 25ms)[22m
 GET /notes/public-note-1774157769313 [32m200[39m in 211ms[2m (next.js: 197ms, application-code: 14ms)[22m
 GET /app [32m200[39m in 62ms[2m (next.js: 983µs, proxy.ts: 3ms, application-code: 58ms)[22m
 GET /app/notes/cmn1bq8fl0002ffyb1tg1px6s/edit [32m200[39m in 21ms[2m (next.js: 2ms, proxy.ts: 3ms, application-code: 16ms)[22m
 GET /app/notes/cmn1bq8fl0002ffyb1tg1px6s/edit?unpublished=1 [32m200[39m in 36ms[2m (next.js: 1194µs, proxy.ts: 2ms, application-code: 32ms)[22m
 POST /app/notes/cmn1bq8fl0002ffyb1tg1px6s/edit [34m303[39m in 49ms[2m (next.js: 1607µs, proxy.ts: 3ms, application-code: 45ms)[22m
  └─ ƒ unpublishNoteAction("cmn1bq8fl0002ffyb1tg1px6s") in 5ms [2msrc/app/app/notes/actions.ts[22m
 GET / [32m200[39m in 26ms[2m (next.js: 934µs, application-code: 25ms)[22m
 GET /notes/public-note-1774157769313 [33m404[39m in 46ms[2m (next.js: 1632µs, application-code: 44ms)[22m
 GET /login [32m200[39m in 22ms[2m (next.js: 861µs, application-code: 21ms)[22m
 GET /app [32m200[39m in 33ms[2m (next.js: 812µs, proxy.ts: 2ms, application-code: 30ms)[22m
 POST /login [34m303[39m in 72ms[2m (next.js: 960µs, application-code: 71ms)[22m
  └─ ƒ loginAction({}) in 30ms [2msrc/app/login/actions.ts[22m
 GET /app/links [32m200[39m in 23ms[2m (next.js: 1012µs, proxy.ts: 3ms, application-code: 19ms)[22m
 GET /app/links?saved=1 [32m200[39m in 38ms[2m (next.js: 1003µs, proxy.ts: 3ms, application-code: 34ms)[22m
 POST /app/links [34m303[39m in 52ms[2m (next.js: 991µs, proxy.ts: 3ms, application-code: 48ms)[22m
  └─ ƒ createLinkAction({}) in 7ms [2msrc/app/app/links/actions.ts[22m
 POST /api/test/mina/chat/completions [32m200[39m in 3ms[2m (next.js: 989µs, application-code: 1901µs)[22m
{"level":"warn","message":"Link favicon could not be resolved.","metadata":{"linkId":"cmn1bq9ow0004ffyb5mv5e3h6","url":"https://example.com/reference-1774157770958"},"timestamp":"2026-03-22T05:36:11.489Z"}
 GET /app/links?saved=1 [32m200[39m in 60ms[2m (next.js: 2ms, proxy.ts: 16ms, application-code: 42ms)[22m
 GET / [32m200[39m in 54ms[2m (next.js: 2ms, application-code: 51ms)[22m
 GET /login [32m200[39m in 18ms[2m (next.js: 815µs, application-code: 17ms)[22m
 GET /app [32m200[39m in 32ms[2m (next.js: 878µs, proxy.ts: 3ms, application-code: 28ms)[22m
 POST /login [34m303[39m in 67ms[2m (next.js: 1022µs, application-code: 66ms)[22m
  └─ ƒ loginAction({}) in 30ms [2msrc/app/login/actions.ts[22m
 GET /app/links [32m200[39m in 25ms[2m (next.js: 972µs, proxy.ts: 3ms, application-code: 20ms)[22m
 GET /app/links?saved=1 [32m200[39m in 39ms[2m (next.js: 881µs, proxy.ts: 2ms, application-code: 35ms)[22m
 POST /app/links [34m303[39m in 52ms[2m (next.js: 1384µs, proxy.ts: 3ms, application-code: 47ms)[22m
  └─ ƒ createLinkAction({}) in 6ms [2msrc/app/app/links/actions.ts[22m
 POST /api/test/mina/chat/completions [32m200[39m in 2ms[2m (next.js: 700µs, application-code: 1697µs)[22m
{"level":"warn","message":"Link favicon could not be resolved.","metadata":{"linkId":"cmn1bqcfj0005ffybvjcm5yji","url":"https://example.com/published-link-1774157774521"},"timestamp":"2026-03-22T05:36:15.040Z"}
 GET /app/links?saved=1 [32m200[39m in 64ms[2m (next.js: 3ms, proxy.ts: 10ms, application-code: 52ms)[22m
 GET /app/links?published=1 [32m200[39m in 43ms[2m (next.js: 1025µs, proxy.ts: 3ms, application-code: 39ms)[22m
 POST /app/links?saved=1 [34m303[39m in 63ms[2m (next.js: 1493µs, proxy.ts: 7ms, application-code: 55ms)[22m
  └─ ƒ publishLinkAction("cmn1bqcfj0005ffybvjcm5yji") in 8ms [2msrc/app/app/links/actions.ts[22m
 GET / [32m200[39m in 25ms[2m (next.js: 894µs, application-code: 24ms)[22m
 GET /app/links [32m200[39m in 77ms[2m (next.js: 947µs, proxy.ts: 3ms, application-code: 73ms)[22m
 GET /app/links?unpublished=1 [32m200[39m in 37ms[2m (next.js: 834µs, proxy.ts: 2ms, application-code: 33ms)[22m
 POST /app/links [34m303[39m in 49ms[2m (next.js: 877µs, proxy.ts: 3ms, application-code: 45ms)[22m
  └─ ƒ unpublishLinkAction("cmn1bqcfj0005ffybvjcm5yji") in 6ms [2msrc/app/app/links/actions.ts[22m
 GET / [32m200[39m in 22ms[2m (next.js: 830µs, application-code: 22ms)[22m
 GET /login [32m200[39m in 23ms[2m (next.js: 742µs, application-code: 22ms)[22m
 GET /app [32m200[39m in 33ms[2m (next.js: 1256µs, proxy.ts: 2ms, application-code: 29ms)[22m
 POST /login [34m303[39m in 68ms[2m (next.js: 1019µs, application-code: 67ms)[22m
  └─ ƒ loginAction({}) in 31ms [2msrc/app/login/actions.ts[22m
 GET /app/links [32m200[39m in 27ms[2m (next.js: 1249µs, proxy.ts: 4ms, application-code: 21ms)[22m
 GET /app/links?saved=1 [32m200[39m in 47ms[2m (next.js: 837µs, proxy.ts: 2ms, application-code: 44ms)[22m
 POST /app/links [34m303[39m in 58ms[2m (next.js: 970µs, proxy.ts: 3ms, application-code: 55ms)[22m
  └─ ƒ createLinkAction({}) in 4ms [2msrc/app/app/links/actions.ts[22m
{"level":"warn","message":"Link favicon could not be resolved.","metadata":{"linkId":"cmn1bqfj20006ffyb8gacimx6","url":"https://example.com/retry-link-1774157778531"},"timestamp":"2026-03-22T05:36:19.062Z"}
 POST /api/test/mina/chat/completions [32m200[39m in 1512ms[2m (next.js: 658µs, application-code: 1511ms)[22m
 GET /app/links?saved=1 [32m200[39m in 64ms[2m (next.js: 3ms, proxy.ts: 9ms, application-code: 52ms)[22m
 GET /app/links?retried=1 [32m200[39m in 45ms[2m (next.js: 1058µs, proxy.ts: 3ms, application-code: 41ms)[22m
 POST /app/links?saved=1 [34m303[39m in 65ms[2m (next.js: 1835µs, proxy.ts: 6ms, application-code: 57ms)[22m
  └─ ƒ retryLinkEnrichmentAction("cmn1bqfj20006ffyb8gacimx6") in 7ms [2msrc/app/app/links/actions.ts[22m
 POST /api/test/mina/chat/completions [32m200[39m in 1508ms[2m (next.js: 725µs, application-code: 1508ms)[22m
 GET /app/links?retried=1 [32m200[39m in 69ms[2m (next.js: 3ms, proxy.ts: 11ms, application-code: 54ms)[22m
 GET /login [32m200[39m in 22ms[2m (next.js: 910µs, application-code: 21ms)[22m
 GET /app [32m200[39m in 35ms[2m (next.js: 1040µs, proxy.ts: 2ms, application-code: 31ms)[22m
 POST /login [34m303[39m in 69ms[2m (next.js: 883µs, application-code: 68ms)[22m
  └─ ƒ loginAction({}) in 30ms [2msrc/app/login/actions.ts[22m
 GET /app/links [32m200[39m in 30ms[2m (next.js: 977µs, proxy.ts: 3ms, application-code: 26ms)[22m
 GET /app/links?error=invalid-url [32m200[39m in 58ms[2m (next.js: 733µs, proxy.ts: 2ms, application-code: 56ms)[22m
 POST /app/links [34m303[39m in 69ms[2m (next.js: 842µs, proxy.ts: 3ms, application-code: 65ms)[22m
  └─ ƒ createLinkAction({}) in 4ms [2msrc/app/app/links/actions.ts[22m
 GET /login [32m200[39m in 19ms[2m (next.js: 736µs, application-code: 18ms)[22m
 GET /app [32m200[39m in 35ms[2m (next.js: 904µs, proxy.ts: 3ms, application-code: 31ms)[22m
 POST /login [34m303[39m in 69ms[2m (next.js: 870µs, application-code: 68ms)[22m
  └─ ƒ loginAction({}) in 30ms [2msrc/app/login/actions.ts[22m
 GET /app/notes/new [32m200[39m in 17ms[2m (next.js: 937µs, proxy.ts: 3ms, application-code: 13ms)[22m
 GET /app/notes/cmn1bql050007ffyb92tct0bs/edit?saved=1 [32m200[39m in 36ms[2m (next.js: 2ms, proxy.ts: 2ms, application-code: 31ms)[22m
 POST /app/notes/new [34m303[39m in 50ms[2m (next.js: 1110µs, proxy.ts: 3ms, application-code: 46ms)[22m
  └─ ƒ createNoteAction({}) in 7ms [2msrc/app/app/notes/actions.ts[22m
 GET /app/links [32m200[39m in 76ms[2m (next.js: 931µs, proxy.ts: 3ms, application-code: 72ms)[22m
 GET /app/links?saved=1 [32m200[39m in 44ms[2m (next.js: 794µs, proxy.ts: 2ms, application-code: 41ms)[22m
 POST /app/links [34m303[39m in 57ms[2m (next.js: 901µs, proxy.ts: 3ms, application-code: 53ms)[22m
  └─ ƒ createLinkAction({}) in 6ms [2msrc/app/app/links/actions.ts[22m
 POST /api/test/mina/chat/completions [32m200[39m in 2ms[2m (next.js: 650µs, application-code: 1435µs)[22m
{"level":"warn","message":"Link favicon could not be resolved.","metadata":{"linkId":"cmn1bql7r0008ffybw2smd2dt","url":"https://example.com/url-needle-1774157785605"},"timestamp":"2026-03-22T05:36:26.424Z"}
 GET /app/links?saved=1 [32m200[39m in 64ms[2m (next.js: 3ms, proxy.ts: 9ms, application-code: 52ms)[22m
 GET /app/tags?tag=ai-owned [32m200[39m in 102ms[2m (next.js: 2ms, proxy.ts: 6ms, application-code: 93ms)[22m
 GET /app/tags [32m200[39m in 76ms[2m (next.js: 888µs, proxy.ts: 3ms, application-code: 72ms)[22m
 GET /app/search?q=Filtered%20note%201774157785605 [32m200[39m in 49ms[2m (next.js: 1215µs, proxy.ts: 4ms, application-code: 45ms)[22m
 GET /app/search?q=url-needle-1774157785605 [32m200[39m in 53ms[2m (next.js: 831µs, proxy.ts: 3ms, application-code: 50ms)[22m
 GET /app/search?q=ai-owned [32m200[39m in 51ms[2m (next.js: 827µs, proxy.ts: 3ms, application-code: 47ms)[22m
 GET /login [32m200[39m in 17ms[2m (next.js: 764µs, application-code: 16ms)[22m
 GET /app [32m200[39m in 39ms[2m (next.js: 911µs, proxy.ts: 3ms, application-code: 36ms)[22m
 POST /login [34m303[39m in 77ms[2m (next.js: 960µs, application-code: 76ms)[22m
  └─ ƒ loginAction({}) in 32ms [2msrc/app/login/actions.ts[22m
 GET /app/links [32m200[39m in 31ms[2m (next.js: 1063µs, proxy.ts: 4ms, application-code: 26ms)[22m
 GET /app/links?saved=1 [32m200[39m in 46ms[2m (next.js: 760µs, proxy.ts: 2ms, application-code: 43ms)[22m
 POST /app/links [34m303[39m in 59ms[2m (next.js: 1161µs, proxy.ts: 3ms, application-code: 55ms)[22m
  └─ ƒ createLinkAction({}) in 6ms [2msrc/app/app/links/actions.ts[22m
{"level":"warn","message":"Link favicon could not be resolved.","metadata":{"linkId":"cmn1bqoaw000affybskmgesoq","url":"https://example.com/ai-enriched-link-1774157789905"},"timestamp":"2026-03-22T05:36:30.436Z"}
 GET /app/links?saved=1 [32m200[39m in 74ms[2m (next.js: 3ms, proxy.ts: 10ms, application-code: 62ms)[22m
 GET /app/search?q=ai [32m200[39m in 68ms[2m (next.js: 1876µs, proxy.ts: 6ms, application-code: 61ms)[22m
 GET /app/tags?tag=ai [32m200[39m in 53ms[2m (next.js: 794µs, proxy.ts: 3ms, application-code: 49ms)[22m
 GET /login [32m200[39m in 16ms[2m (next.js: 744µs, application-code: 16ms)[22m
 GET /app [32m200[39m in 37ms[2m (next.js: 942µs, proxy.ts: 6ms, application-code: 30ms)[22m
 POST /login [34m303[39m in 73ms[2m (next.js: 911µs, application-code: 72ms)[22m
  └─ ƒ loginAction({}) in 31ms [2msrc/app/login/actions.ts[22m
 GET /app/links [32m200[39m in 84ms[2m (next.js: 941µs, proxy.ts: 3ms, application-code: 80ms)[22m
 GET /app/links?saved=1 [32m200[39m in 45ms[2m (next.js: 807µs, proxy.ts: 2ms, application-code: 42ms)[22m
 POST /app/links [34m303[39m in 58ms[2m (next.js: 841µs, proxy.ts: 3ms, application-code: 54ms)[22m
  └─ ƒ createLinkAction({}) in 6ms [2msrc/app/app/links/actions.ts[22m
 POST /api/test/mina/chat/completions [32m200[39m in 2ms[2m (next.js: 602µs, application-code: 1656µs)[22m
 GET /app/links?saved=1 [32m200[39m in 74ms[2m (next.js: 3ms, proxy.ts: 12ms, application-code: 59ms)[22m
 GET /media/c71ff24c-a1b1-4f43-868b-06639890fbc2 [32m200[39m in 434ms[2m (next.js: 425ms, application-code: 9ms)[22m
 GET /app/links?published=1 [32m200[39m in 49ms[2m (next.js: 1012µs, proxy.ts: 3ms, application-code: 45ms)[22m
 POST /app/links?saved=1 [34m303[39m in 72ms[2m (next.js: 2ms, proxy.ts: 8ms, application-code: 62ms)[22m
  └─ ƒ publishLinkAction("cmn1bqr63000dffybh6l5q01b") in 8ms [2msrc/app/app/links/actions.ts[22m
 GET /media/c71ff24c-a1b1-4f43-868b-06639890fbc2 [32m200[39m in 10ms[2m (next.js: 2ms, application-code: 7ms)[22m
 GET / [32m200[39m in 25ms[2m (next.js: 782µs, application-code: 24ms)[22m
 GET /media/c71ff24c-a1b1-4f43-868b-06639890fbc2 [32m200[39m in 10ms[2m (next.js: 1757µs, application-code: 8ms)[22m
 GET /app/links [32m200[39m in 83ms[2m (next.js: 830µs, proxy.ts: 3ms, application-code: 80ms)[22m
 GET /media/c71ff24c-a1b1-4f43-868b-06639890fbc2 [32m200[39m in 16ms[2m (next.js: 1288µs, application-code: 15ms)[22m
 GET /app/links?saved=1 [32m200[39m in 45ms[2m (next.js: 753µs, proxy.ts: 2ms, application-code: 42ms)[22m
 POST /app/links [34m303[39m in 58ms[2m (next.js: 858µs, proxy.ts: 3ms, application-code: 55ms)[22m
  └─ ƒ createLinkAction({}) in 6ms [2msrc/app/app/links/actions.ts[22m
{"level":"warn","message":"Link favicon cache failed.","metadata":{"error":"Configured link favicon fetch failure for Playwright.","linkId":"cmn1bqtru000effybbn238lfo","url":"https://example.com/fallback-favicon-1774157793583"},"timestamp":"2026-03-22T05:36:37.484Z"}
 POST /api/test/mina/chat/completions [32m200[39m in 1837µs[2m (next.js: 599µs, application-code: 1238µs)[22m
 GET /media/c71ff24c-a1b1-4f43-868b-06639890fbc2 [32m200[39m in 18ms[2m (next.js: 1311µs, application-code: 17ms)[22m
 GET /app/links?saved=1 [32m200[39m in 69ms[2m (next.js: 4ms, proxy.ts: 9ms, application-code: 57ms)[22m
 GET /app/links?favicon=1 [32m200[39m in 52ms[2m (next.js: 1127µs, proxy.ts: 3ms, application-code: 48ms)[22m
 POST /app/links?saved=1 [34m303[39m in 72ms[2m (next.js: 1991µs, proxy.ts: 5ms, application-code: 65ms)[22m
  └─ ƒ refreshLinkFaviconAction("cmn1bqtru000effybbn238lfo") in 8ms [2msrc/app/app/links/actions.ts[22m
 GET /media/c71ff24c-a1b1-4f43-868b-06639890fbc2 [32m200[39m in 18ms[2m (next.js: 1743µs, application-code: 16ms)[22m
 GET /media/5d171e5f-2d44-4210-b88e-4c578e197883 [32m200[39m in 21ms[2m (next.js: 4ms, application-code: 17ms)[22m
 GET /media/draft-note-image-1774157800607 [33m404[39m in 5ms[2m (next.js: 703µs, application-code: 4ms)[22m
 GET /login [32m200[39m in 23ms[2m (next.js: 736µs, application-code: 22ms)[22m
 GET /app [32m200[39m in 29ms[2m (next.js: 828µs, proxy.ts: 3ms, application-code: 26ms)[22m
 POST /login [34m303[39m in 64ms[2m (next.js: 901µs, application-code: 64ms)[22m
  └─ ƒ loginAction({}) in 31ms [2msrc/app/login/actions.ts[22m
 GET /media/draft-note-image-1774157800607 [32m200[39m in 8ms[2m (next.js: 1280µs, application-code: 7ms)[22m
 GET /media/draft-note-image-1774157800607 [32m200[39m in 6ms[2m (next.js: 669µs, application-code: 5ms)[22m
 GET /media/published-note-image-1774157800958 [32m200[39m in 11ms[2m (next.js: 7ms, application-code: 4ms)[22m
 GET /media/hidden-note-image-1774157800958 [33m404[39m in 5ms[2m (next.js: 621µs, application-code: 4ms)[22m
 GET /media/published-link-favicon-1774157800958 [32m200[39m in 4ms[2m (next.js: 800µs, application-code: 4ms)[22m
 GET /login [32m200[39m in 18ms[2m (next.js: 781µs, application-code: 18ms)[22m
 GET /app [32m200[39m in 28ms[2m (next.js: 910µs, proxy.ts: 2ms, application-code: 25ms)[22m
 POST /login [34m303[39m in 62ms[2m (next.js: 930µs, application-code: 61ms)[22m
  └─ ƒ loginAction({}) in 30ms [2msrc/app/login/actions.ts[22m
 GET /media/published-note-image-1774157800958 [32m200[39m in 10ms[2m (next.js: 1015µs, application-code: 9ms)[22m
 GET /app/notes/new [32m200[39m in 23ms[2m (next.js: 1716µs, proxy.ts: 3ms, application-code: 18ms)[22m
 GET /app/notes/cmn1bqwwv000fffybfaguijem/edit?saved=1 [32m200[39m in 34ms[2m (next.js: 2ms, proxy.ts: 2ms, application-code: 30ms)[22m
 POST /app/notes/new [34m303[39m in 49ms[2m (next.js: 2ms, proxy.ts: 3ms, application-code: 44ms)[22m
  └─ ƒ createNoteAction({}) in 6ms [2msrc/app/app/notes/actions.ts[22m
 GET /app/notes/cmn1bqwwv000fffybfaguijem/edit?saved=1 [32m200[39m in 53ms[2m (next.js: 6ms, proxy.ts: 9ms, application-code: 38ms)[22m
 GET /app [32m200[39m in 69ms[2m (next.js: 1951µs, proxy.ts: 6ms, application-code: 61ms)[22m
 GET /media/published-note-image-1774157800958 [32m200[39m in 8ms[2m (next.js: 2ms, application-code: 5ms)[22m
 GET /login [32m200[39m in 22ms[2m (next.js: 801µs, application-code: 22ms)[22m
 GET /app [32m200[39m in 28ms[2m (next.js: 845µs, proxy.ts: 3ms, application-code: 25ms)[22m
 POST /login [34m303[39m in 64ms[2m (next.js: 900µs, application-code: 63ms)[22m
  └─ ƒ loginAction({}) in 31ms [2msrc/app/login/actions.ts[22m
 GET /app/notes/new [32m200[39m in 46ms[2m (next.js: 861µs, proxy.ts: 3ms, application-code: 42ms)[22m
 POST /api/notes/images [32m201[39m in 35ms[2m (next.js: 25ms, application-code: 9ms)[22m
 GET /media/398cb84f-b4b6-42c4-9a19-8b79d31f725a [32m200[39m in 15ms[2m (next.js: 5ms, application-code: 9ms)[22m
 GET /app/notes/cmn1bqzrx000jffybog2h4155/edit?saved=1 [32m200[39m in 34ms[2m (next.js: 3ms, proxy.ts: 3ms, application-code: 29ms)[22m
 POST /app/notes/new [34m303[39m in 53ms[2m (next.js: 2ms, proxy.ts: 4ms, application-code: 47ms)[22m
  └─ ƒ createNoteAction({}) in 8ms [2msrc/app/app/notes/actions.ts[22m
 GET /media/398cb84f-b4b6-42c4-9a19-8b79d31f725a [32m200[39m in 10ms[2m (next.js: 1285µs, application-code: 9ms)[22m
 GET / [32m200[39m in 25ms[2m (next.js: 1070µs, application-code: 24ms)[22m
 GET /notes/owner-continuity-public-note [32m200[39m in 44ms[2m (next.js: 1830µs, application-code: 43ms)[22m
 GET /login [32m200[39m in 19ms[2m (next.js: 777µs, application-code: 18ms)[22m
 GET /app [32m200[39m in 29ms[2m (next.js: 853µs, proxy.ts: 2ms, application-code: 26ms)[22m
 POST /login [34m303[39m in 63ms[2m (next.js: 872µs, application-code: 62ms)[22m
  └─ ƒ loginAction({}) in 30ms [2msrc/app/login/actions.ts[22m
 GET / [32m200[39m in 17ms[2m (next.js: 919µs, application-code: 16ms)[22m
 GET /notes/owner-continuity-public-note [32m200[39m in 15ms[2m (next.js: 2ms, application-code: 13ms)[22m
 GET /app [32m200[39m in 27ms[2m (next.js: 946µs, proxy.ts: 3ms, application-code: 23ms)[22m
 GET / [32m200[39m in 21ms[2m (next.js: 770µs, application-code: 20ms)[22m
 GET /login [32m200[39m in 17ms[2m (next.js: 759µs, application-code: 16ms)[22m
 GET /login [32m200[39m in 19ms[2m (next.js: 808µs, application-code: 18ms)[22m
 GET /login [32m200[39m in 17ms[2m (next.js: 781µs, application-code: 16ms)[22m
 GET /app [32m200[39m in 29ms[2m (next.js: 854µs, proxy.ts: 2ms, application-code: 26ms)[22m
 POST /login [34m303[39m in 69ms[2m (next.js: 906µs, application-code: 68ms)[22m
  └─ ƒ loginAction({}) in 35ms [2msrc/app/login/actions.ts[22m
 GET /app/notes/cmn1br16b000cfhyb9ygke8vj/edit [32m200[39m in 53ms[2m (next.js: 2ms, proxy.ts: 3ms, application-code: 48ms)[22m
 GET /login [32m200[39m in 16ms[2m (next.js: 764µs, application-code: 15ms)[22m
 GET /app [32m200[39m in 35ms[2m (next.js: 1137µs, proxy.ts: 2ms, application-code: 31ms)[22m
 POST /login [34m303[39m in 69ms[2m (next.js: 903µs, application-code: 68ms)[22m
  └─ ƒ loginAction({}) in 30ms [2msrc/app/login/actions.ts[22m
 GET /app/notes/cmn1br1np000dfhybasjvugoi/edit [32m200[39m in 47ms[2m (next.js: 2ms, proxy.ts: 2ms, application-code: 42ms)[22m
 GET / [32m200[39m in 21ms[2m (next.js: 964µs, application-code: 20ms)[22m
 GET / [32m200[39m in 19ms[2m (next.js: 757µs, application-code: 19ms)[22m
 GET / [32m200[39m in 23ms[2m (next.js: 796µs, application-code: 23ms)[22m
 GET / [32m200[39m in 19ms[2m (next.js: 763µs, application-code: 18ms)[22m
 GET /login [32m200[39m in 17ms[2m (next.js: 901µs, application-code: 16ms)[22m
 GET /login [32m200[39m in 17ms[2m (next.js: 812µs, application-code: 16ms)[22m
 GET /app [32m200[39m in 29ms[2m (next.js: 839µs, proxy.ts: 3ms, application-code: 25ms)[22m
 POST /login [34m303[39m in 64ms[2m (next.js: 843µs, application-code: 63ms)[22m
  └─ ƒ loginAction({}) in 31ms [2msrc/app/login/actions.ts[22m
 GET / [32m200[39m in 18ms[2m (next.js: 749µs, application-code: 17ms)[22m
 GET /login [32m200[39m in 16ms[2m (next.js: 715µs, application-code: 15ms)[22m
 GET /app [32m200[39m in 30ms[2m (next.js: 1242µs, proxy.ts: 2ms, application-code: 26ms)[22m
 POST /login [34m303[39m in 64ms[2m (next.js: 1006µs, application-code: 63ms)[22m
  └─ ƒ loginAction({}) in 31ms [2msrc/app/login/actions.ts[22m
 GET /app/search [32m200[39m in 36ms[2m (next.js: 881µs, proxy.ts: 2ms, application-code: 33ms)[22m
 GET /app/links [32m200[39m in 47ms[2m (next.js: 829µs, proxy.ts: 3ms, application-code: 43ms)[22m
 GET /app [32m200[39m in 44ms[2m (next.js: 801µs, proxy.ts: 3ms, application-code: 40ms)[22m
 GET /app/notes/cmn1br3f00010fhybgl387vk9/edit [32m200[39m in 22ms[2m (next.js: 3ms, proxy.ts: 3ms, application-code: 16ms)[22m
 GET /login [32m200[39m in 17ms[2m (next.js: 743µs, application-code: 16ms)[22m
 GET /app [32m200[39m in 29ms[2m (next.js: 1169µs, proxy.ts: 2ms, application-code: 26ms)[22m
 POST /login [34m303[39m in 63ms[2m (next.js: 897µs, application-code: 63ms)[22m
  └─ ƒ loginAction({}) in 30ms [2msrc/app/login/actions.ts[22m
 GET /app/notes/new [32m200[39m in 41ms[2m (next.js: 826µs, proxy.ts: 3ms, application-code: 37ms)[22m
 GET /app/notes/cmn1br4ie000kffybwetvr13r/edit?saved=1 [32m200[39m in 32ms[2m (next.js: 2ms, proxy.ts: 2ms, application-code: 28ms)[22m
 POST /app/notes/new [34m303[39m in 45ms[2m (next.js: 835µs, proxy.ts: 3ms, application-code: 42ms)[22m
  └─ ƒ createNoteAction({}) in 6ms [2msrc/app/app/notes/actions.ts[22m
 GET /login [32m200[39m in 18ms[2m (next.js: 733µs, application-code: 17ms)[22m
 GET /app [32m200[39m in 30ms[2m (next.js: 1094µs, proxy.ts: 2ms, application-code: 27ms)[22m
 POST /login [34m303[39m in 64ms[2m (next.js: 897µs, application-code: 63ms)[22m
  └─ ƒ loginAction({}) in 30ms [2msrc/app/login/actions.ts[22m
 GET /app/notes/cmn1br4l90013fhyb54no5io1/edit [32m200[39m in 54ms[2m (next.js: 2ms, proxy.ts: 3ms, application-code: 49ms)[22m
 GET /login [32m200[39m in 18ms[2m (next.js: 792µs, application-code: 17ms)[22m
 GET /app [32m200[39m in 29ms[2m (next.js: 994µs, proxy.ts: 2ms, application-code: 26ms)[22m
 POST /login [34m303[39m in 64ms[2m (next.js: 929µs, application-code: 63ms)[22m
  └─ ƒ loginAction({}) in 31ms [2msrc/app/login/actions.ts[22m
 GET /app/notes/new [32m200[39m in 41ms[2m (next.js: 819µs, proxy.ts: 3ms, application-code: 37ms)[22m
 GET /media/3b92f5a1-6c7b-417c-b948-3dfdce5a8efe-with-extra-wrap-length-for-the-gutter [33m404[39m in 12ms[2m (next.js: 3ms, application-code: 9ms)[22m
 GET /login [32m200[39m in 18ms[2m (next.js: 778µs, application-code: 17ms)[22m
 GET /app [32m200[39m in 29ms[2m (next.js: 1009µs, proxy.ts: 2ms, application-code: 26ms)[22m
 POST /login [34m303[39m in 64ms[2m (next.js: 966µs, application-code: 63ms)[22m
  └─ ƒ loginAction({}) in 31ms [2msrc/app/login/actions.ts[22m
 GET /app/notes/cmn1br5fn0015fhybyklir6xk/edit [32m200[39m in 50ms[2m (next.js: 2ms, proxy.ts: 3ms, application-code: 45ms)[22m
 GET /login [32m200[39m in 22ms[2m (next.js: 763µs, application-code: 21ms)[22m
 GET /app [32m200[39m in 31ms[2m (next.js: 916µs, proxy.ts: 4ms, application-code: 26ms)[22m
 POST /login [34m303[39m in 64ms[2m (next.js: 986µs, application-code: 63ms)[22m
  └─ ƒ loginAction({}) in 29ms [2msrc/app/login/actions.ts[22m
 GET /app/notes/cmn1br5v90016fhybrekm7av6/edit [32m200[39m in 47ms[2m (next.js: 2ms, proxy.ts: 3ms, application-code: 42ms)[22m
 GET /app/notes/cmn1br5v90016fhybrekm7av6/edit?saved=1 [32m200[39m in 40ms[2m (next.js: 1281µs, proxy.ts: 2ms, application-code: 36ms)[22m
 POST /app/notes/cmn1br5v90016fhybrekm7av6/edit [34m303[39m in 56ms[2m (next.js: 2ms, proxy.ts: 3ms, application-code: 51ms)[22m
  └─ ƒ updateNoteAction("cmn1br5v90016fhybrekm7av6", {}) in 7ms [2msrc/app/app/notes/actions.ts[22m
 GET /login [32m200[39m in 17ms[2m (next.js: 776µs, application-code: 17ms)[22m
 GET /app [32m200[39m in 31ms[2m (next.js: 3ms, proxy.ts: 2ms, application-code: 26ms)[22m
 POST /login [34m303[39m in 64ms[2m (next.js: 921µs, application-code: 63ms)[22m
  └─ ƒ loginAction({}) in 30ms [2msrc/app/login/actions.ts[22m
 GET /app/notes/cmn1br6q80017fhybnfoblyxn/edit [32m200[39m in 51ms[2m (next.js: 2ms, proxy.ts: 3ms, application-code: 46ms)[22m
 GET /login [32m200[39m in 17ms[2m (next.js: 795µs, application-code: 16ms)[22m
 GET /app [32m200[39m in 30ms[2m (next.js: 1265µs, proxy.ts: 2ms, application-code: 27ms)[22m
 POST /login [34m303[39m in 65ms[2m (next.js: 915µs, application-code: 64ms)[22m
  └─ ƒ loginAction({}) in 31ms [2msrc/app/login/actions.ts[22m
 GET /app/notes/cmn1br7840018fhyb4xey5aed/edit [32m200[39m in 52ms[2m (next.js: 2ms, proxy.ts: 3ms, application-code: 47ms)[22m
 GET /app/notes/cmn1br7840018fhyb4xey5aed/edit?saved=1 [32m200[39m in 36ms[2m (next.js: 1592µs, proxy.ts: 2ms, application-code: 32ms)[22m
 POST /app/notes/cmn1br7840018fhyb4xey5aed/edit [34m303[39m in 58ms[2m (next.js: 3ms, proxy.ts: 4ms, application-code: 51ms)[22m
  └─ ƒ updateNoteAction("cmn1br7840018fhyb4xey5aed", {}) in 11ms [2msrc/app/app/notes/actions.ts[22m
 GET /app/notes/cmn1br7840018fhyb4xey5aed/edit?saved=1 [32m200[39m in 50ms[2m (next.js: 1505µs, proxy.ts: 3ms, application-code: 46ms)[22m
 GET /login [32m200[39m in 16ms[2m (next.js: 796µs, application-code: 15ms)[22m
 GET /app [32m200[39m in 35ms[2m (next.js: 1040µs, proxy.ts: 3ms, application-code: 31ms)[22m
 POST /login [34m303[39m in 69ms[2m (next.js: 891µs, application-code: 68ms)[22m
  └─ ƒ loginAction({}) in 30ms [2msrc/app/login/actions.ts[22m
 GET /app/notes/cmn1br82h0019fhybxp09cubm/edit [32m200[39m in 52ms[2m (next.js: 2ms, proxy.ts: 3ms, application-code: 47ms)[22m
 GET /login [32m200[39m in 17ms[2m (next.js: 794µs, application-code: 16ms)[22m
 GET /app [32m200[39m in 34ms[2m (next.js: 1106µs, proxy.ts: 2ms, application-code: 30ms)[22m
 POST /login [34m303[39m in 68ms[2m (next.js: 884µs, application-code: 67ms)[22m
  └─ ƒ loginAction({}) in 30ms [2msrc/app/login/actions.ts[22m
 GET /app/notes/cmn1br8jw001afhyb3ytfe96o/edit [32m200[39m in 49ms[2m (next.js: 2ms, proxy.ts: 3ms, application-code: 44ms)[22m
 GET /app/notes/cmn1br8jw001afhyb3ytfe96o/edit?saved=1 [32m200[39m in 36ms[2m (next.js: 1333µs, proxy.ts: 2ms, application-code: 32ms)[22m
 POST /app/notes/cmn1br8jw001afhyb3ytfe96o/edit [34m303[39m in 50ms[2m (next.js: 2ms, proxy.ts: 3ms, application-code: 44ms)[22m
  └─ ƒ updateNoteAction("cmn1br8jw001afhyb3ytfe96o", {}) in 5ms [2msrc/app/app/notes/actions.ts[22m
 GET /login [32m200[39m in 17ms[2m (next.js: 795µs, application-code: 16ms)[22m
 GET /app [32m200[39m in 29ms[2m (next.js: 907µs, proxy.ts: 2ms, application-code: 26ms)[22m
 POST /login [34m303[39m in 67ms[2m (next.js: 1040µs, application-code: 66ms)[22m
  └─ ƒ loginAction({}) in 30ms [2msrc/app/login/actions.ts[22m
 GET /app/notes/new [32m200[39m in 37ms[2m (next.js: 955µs, proxy.ts: 3ms, application-code: 34ms)[22m
 GET /login [32m200[39m in 17ms[2m (next.js: 763µs, application-code: 16ms)[22m
 GET /app [32m200[39m in 34ms[2m (next.js: 1055µs, proxy.ts: 2ms, application-code: 30ms)[22m
 POST /login [34m303[39m in 67ms[2m (next.js: 1049µs, application-code: 66ms)[22m
  └─ ƒ loginAction({}) in 30ms [2msrc/app/login/actions.ts[22m
 GET /app/notes/cmn1br9yg001cfhybjjbvb5q4/edit [32m200[39m in 59ms[2m (next.js: 3ms, proxy.ts: 3ms, application-code: 54ms)[22m
 GET /login [32m200[39m in 17ms[2m (next.js: 796µs, application-code: 16ms)[22m
 GET /app [32m200[39m in 29ms[2m (next.js: 950µs, proxy.ts: 2ms, application-code: 26ms)[22m
 POST /login [34m303[39m in 64ms[2m (next.js: 955µs, application-code: 63ms)[22m
  └─ ƒ loginAction({}) in 31ms [2msrc/app/login/actions.ts[22m
 GET /app/notes/cmn1brafp001dfhybrek8s84w/edit [32m200[39m in 57ms[2m (next.js: 2ms, proxy.ts: 3ms, application-code: 52ms)[22m
 GET /media/ui-note-images-draft-1774157819603 [33m404[39m in 6ms[2m (next.js: 3ms, application-code: 4ms)[22m
 GET /login [32m200[39m in 21ms[2m (next.js: 735µs, application-code: 20ms)[22m
 GET /app [32m200[39m in 30ms[2m (next.js: 838µs, proxy.ts: 2ms, application-code: 27ms)[22m
 POST /login [34m303[39m in 66ms[2m (next.js: 934µs, application-code: 65ms)[22m
  └─ ƒ loginAction({}) in 31ms [2msrc/app/login/actions.ts[22m
 GET /media/ui-note-images-published-first-1774157819603 [32m200[39m in 7ms[2m (next.js: 799µs, application-code: 7ms)[22m
 GET /media/ui-note-images-draft-1774157819603 [32m200[39m in 10ms[2m (next.js: 2ms, application-code: 8ms)[22m
 GET / [32m200[39m in 28ms[2m (next.js: 788µs, application-code: 27ms)[22m
 GET /media/ui-note-images-published-first-1774157819603 [32m200[39m in 11ms[2m (next.js: 1421µs, application-code: 10ms)[22m
 GET /notes/published-note-image-card [32m200[39m in 36ms[2m (next.js: 1772µs, application-code: 34ms)[22m
 GET /media/ui-note-images-published-first-1774157819603 [32m200[39m in 16ms[2m (next.js: 1816µs, application-code: 15ms)[22m
 GET /media/ui-note-images-published-second-1774157819603 [32m200[39m in 16ms[2m (next.js: 6ms, application-code: 11ms)[22m
 GET /login [32m200[39m in 23ms[2m (next.js: 774µs, application-code: 22ms)[22m
 GET /app [32m200[39m in 33ms[2m (next.js: 937µs, proxy.ts: 2ms, application-code: 30ms)[22m
 POST /login [34m303[39m in 68ms[2m (next.js: 881µs, application-code: 67ms)[22m
  └─ ƒ loginAction({}) in 31ms [2msrc/app/login/actions.ts[22m
 GET /login [32m200[39m in 15ms[2m (next.js: 743µs, application-code: 15ms)[22m
 GET /app [32m200[39m in 31ms[2m (next.js: 833µs, proxy.ts: 2ms, application-code: 28ms)[22m
 POST /login [34m303[39m in 66ms[2m (next.js: 886µs, application-code: 65ms)[22m
  └─ ƒ loginAction({}) in 31ms [2msrc/app/login/actions.ts[22m
 GET /login [32m200[39m in 16ms[2m (next.js: 710µs, application-code: 15ms)[22m
 GET /app [32m200[39m in 36ms[2m (next.js: 830µs, proxy.ts: 3ms, application-code: 32ms)[22m
 POST /login [34m303[39m in 71ms[2m (next.js: 888µs, application-code: 70ms)[22m
  └─ ƒ loginAction({}) in 31ms [2msrc/app/login/actions.ts[22m
 GET /login [32m200[39m in 15ms[2m (next.js: 938µs, application-code: 14ms)[22m
 GET /app [32m200[39m in 30ms[2m (next.js: 1043µs, proxy.ts: 2ms, application-code: 26ms)[22m
 POST /login [34m303[39m in 64ms[2m (next.js: 860µs, application-code: 63ms)[22m
  └─ ƒ loginAction({}) in 31ms [2msrc/app/login/actions.ts[22m
 GET /app/links [32m200[39m in 65ms[2m (next.js: 813µs, proxy.ts: 2ms, application-code: 61ms)[22m
 GET /login [32m200[39m in 16ms[2m (next.js: 716µs, application-code: 15ms)[22m
 GET /app [32m200[39m in 30ms[2m (next.js: 877µs, proxy.ts: 2ms, application-code: 27ms)[22m
 POST /login [34m303[39m in 65ms[2m (next.js: 898µs, application-code: 64ms)[22m
  └─ ƒ loginAction({}) in 30ms [2msrc/app/login/actions.ts[22m
 GET /app/links [32m200[39m in 61ms[2m (next.js: 872µs, proxy.ts: 3ms, application-code: 58ms)[22m
 GET /login [32m200[39m in 15ms[2m (next.js: 808µs, application-code: 15ms)[22m
 GET /app [32m200[39m in 30ms[2m (next.js: 971µs, proxy.ts: 3ms, application-code: 26ms)[22m
 POST /login [34m303[39m in 65ms[2m (next.js: 905µs, application-code: 64ms)[22m
  └─ ƒ loginAction({}) in 31ms [2msrc/app/login/actions.ts[22m
 GET /app/tags?tag=studio-systems [32m200[39m in 55ms[2m (next.js: 2ms, proxy.ts: 3ms, application-code: 50ms)[22m
 GET /login [32m200[39m in 15ms[2m (next.js: 728µs, application-code: 15ms)[22m
 GET /app [32m200[39m in 30ms[2m (next.js: 1130µs, proxy.ts: 3ms, application-code: 26ms)[22m
 POST /login [34m303[39m in 63ms[2m (next.js: 880µs, application-code: 62ms)[22m
  └─ ƒ loginAction({}) in 29ms [2msrc/app/login/actions.ts[22m
 GET /app/tags?tag=studio-systems [32m200[39m in 46ms[2m (next.js: 812µs, proxy.ts: 2ms, application-code: 42ms)[22m
 GET /login [32m200[39m in 21ms[2m (next.js: 736µs, application-code: 20ms)[22m
 GET /app [32m200[39m in 30ms[2m (next.js: 1231µs, proxy.ts: 2ms, application-code: 26ms)[22m
 POST /login [34m303[39m in 64ms[2m (next.js: 1048µs, application-code: 63ms)[22m
  └─ ƒ loginAction({}) in 30ms [2msrc/app/login/actions.ts[22m
 GET /app/search?q=rhythm [32m200[39m in 48ms[2m (next.js: 840µs, proxy.ts: 2ms, application-code: 45ms)[22m
 GET /login [32m200[39m in 26ms[2m (next.js: 733µs, application-code: 25ms)[22m
 GET /app [32m200[39m in 30ms[2m (next.js: 860µs, proxy.ts: 2ms, application-code: 27ms)[22m
 POST /login [34m303[39m in 64ms[2m (next.js: 888µs, application-code: 63ms)[22m
  └─ ƒ loginAction({}) in 30ms [2msrc/app/login/actions.ts[22m
 GET /app/search?q=rhythm [32m200[39m in 47ms[2m (next.js: 930µs, proxy.ts: 2ms, application-code: 44ms)[22m
 GET / [32m200[39m in 19ms[2m (next.js: 811µs, application-code: 18ms)[22m
 GET / [32m200[39m in 24ms[2m (next.js: 740µs, application-code: 24ms)[22m
 GET /notes/public-notes-should-read-like-finished-pages-not-dashboards [32m200[39m in 28ms[2m (next.js: 1836µs, application-code: 26ms)[22m
 GET /notes/public-notes-should-read-like-finished-pages-not-dashboards [32m200[39m in 21ms[2m (next.js: 1656µs, application-code: 19ms)[22m
 GET / [32m200[39m in 19ms[2m (next.js: 741µs, application-code: 18ms)[22m
 GET / [32m200[39m in 19ms[2m (next.js: 797µs, application-code: 18ms)[22m
 GET / [32m200[39m in 30ms[2m (next.js: 768µs, application-code: 30ms)[22m
 GET /notes/tag-chips-should-fit-a-calmer-public-hierarchy [32m200[39m in 24ms[2m (next.js: 1908µs, application-code: 22ms)[22m
 GET / [32m200[39m in 19ms[2m (next.js: 1187µs, application-code: 17ms)[22m
 GET /login [32m200[39m in 15ms[2m (next.js: 731µs, application-code: 14ms)[22m
 GET /login [32m200[39m in 15ms[2m (next.js: 728µs, application-code: 15ms)[22m
 GET /app [32m200[39m in 29ms[2m (next.js: 944µs, proxy.ts: 3ms, application-code: 25ms)[22m
 POST /login [34m303[39m in 65ms[2m (next.js: 893µs, application-code: 64ms)[22m
  └─ ƒ loginAction({}) in 31ms [2msrc/app/login/actions.ts[22m
 GET /login [32m200[39m in 16ms[2m (next.js: 876µs, application-code: 15ms)[22m
 GET /app [32m200[39m in 29ms[2m (next.js: 860µs, proxy.ts: 2ms, application-code: 26ms)[22m
 POST /login [34m303[39m in 63ms[2m (next.js: 885µs, application-code: 62ms)[22m
  └─ ƒ loginAction({}) in 31ms [2msrc/app/login/actions.ts[22m
