
> minakeep@0.1.0 dev
> next dev --hostname 127.0.0.1 --port 3100

[1m[38;2;173;127;168m▲ Next.js 16.2.0[39m[22m (Turbopack)
- Local:         http://127.0.0.1:3100
- Network:       http://127.0.0.1:3100
- Environments: .env
[32m[1m✓[22m[39m Ready in 198ms

 GET /api/health [32m200[39m in 110ms[2m (next.js: 100ms, application-code: 10ms)[22m
 GET /login [32m200[39m in 166ms[2m (next.js: 57ms, application-code: 108ms)[22m
 GET /app [32m200[39m in 117ms[2m (next.js: 27ms, proxy.ts: 35ms, application-code: 54ms)[22m
 POST /login [34m303[39m in 213ms[2m (next.js: 1223µs, application-code: 212ms)[22m
  └─ ƒ loginAction({}) in 86ms [2msrc/app/login/actions.ts[22m
 GET / [32m200[39m in 84ms[2m (next.js: 10ms, application-code: 74ms)[22m
 GET /login?callbackUrl=http%3A%2F%2Flocalhost%3A3100%2Fapp%2Fsearch [32m200[39m in 23ms[2m (next.js: 910µs, application-code: 22ms)[22m
 GET /login?callbackUrl=http%3A%2F%2Flocalhost%3A3100%2Fapp%2Fnotes%2Fnew [32m200[39m in 17ms[2m (next.js: 822µs, application-code: 16ms)[22m
 GET /app [32m200[39m in 31ms[2m (next.js: 1035µs, proxy.ts: 3ms, application-code: 27ms)[22m
 POST /login?callbackUrl=http%3A%2F%2Flocalhost%3A3100%2Fapp%2Fnotes%2Fnew [34m303[39m in 68ms[2m (next.js: 1112µs, application-code: 66ms)[22m
  └─ ƒ loginAction({}) in 31ms [2msrc/app/login/actions.ts[22m
 GET /app/notes/new [32m200[39m in 37ms[2m (next.js: 20ms, proxy.ts: 3ms, application-code: 14ms)[22m
 GET /app/notes/cmmzwjms50000enybjrihrky4/edit?saved=1 [32m200[39m in 252ms[2m (next.js: 228ms, proxy.ts: 3ms, application-code: 21ms)[22m
 POST /app/notes/new [34m303[39m in 283ms[2m (next.js: 1044µs, proxy.ts: 3ms, application-code: 278ms)[22m
  └─ ƒ createNoteAction({}) in 20ms [2msrc/app/app/notes/actions.ts[22m
 POST /app/notes/cmmzwjms50000enybjrihrky4/edit?saved=1 [34m303[39m in 124ms[2m (next.js: 4ms, proxy.ts: 3ms, application-code: 116ms)[22m
  └─ ƒ updateNoteAction("cmmzwjms50000enybjrihrky4", {}) in 30ms [2msrc/app/app/notes/actions.ts[22m
 GET /app [32m200[39m in 166ms[2m (next.js: 1821µs, proxy.ts: 8ms, application-code: 157ms)[22m
 GET /app/notes/cmmzwjms50000enybjrihrky4/edit?saved=1 [32m200[39m in 131ms[2m (next.js: 12ms, proxy.ts: 89ms, application-code: 30ms)[22m
 GET /app/notes/cmmzwjms50000enybjrihrky4/edit [32m200[39m in 24ms[2m (next.js: 2ms, proxy.ts: 5ms, application-code: 16ms)[22m
 GET /login [32m200[39m in 21ms[2m (next.js: 778µs, application-code: 20ms)[22m
 GET /app [32m200[39m in 24ms[2m (next.js: 959µs, proxy.ts: 3ms, application-code: 20ms)[22m
 POST /login [34m303[39m in 60ms[2m (next.js: 956µs, application-code: 59ms)[22m
  └─ ƒ loginAction({}) in 31ms [2msrc/app/login/actions.ts[22m
 GET /app/notes/new [32m200[39m in 16ms[2m (next.js: 1022µs, proxy.ts: 3ms, application-code: 12ms)[22m
 GET /app/notes/cmmzwjnn10001enyb4uwbo3wl/edit?saved=1 [32m200[39m in 24ms[2m (next.js: 2ms, proxy.ts: 2ms, application-code: 19ms)[22m
 POST /app/notes/new [34m303[39m in 39ms[2m (next.js: 892µs, proxy.ts: 3ms, application-code: 35ms)[22m
  └─ ƒ createNoteAction({}) in 6ms [2msrc/app/app/notes/actions.ts[22m
 POST /api/test/mina/chat/completions [32m200[39m in 1516ms[2m (next.js: 15ms, application-code: 1501ms)[22m
 GET /app/notes/cmmzwjnn10001enyb4uwbo3wl/edit?saved=1 [32m200[39m in 37ms[2m (next.js: 6ms, proxy.ts: 7ms, application-code: 24ms)[22m
 GET /app/notes/cmmzwjnn10001enyb4uwbo3wl/edit?retried=1 [32m200[39m in 48ms[2m (next.js: 4ms, proxy.ts: 5ms, application-code: 39ms)[22m
 POST /app/notes/cmmzwjnn10001enyb4uwbo3wl/edit?saved=1 [34m303[39m in 73ms[2m (next.js: 4ms, proxy.ts: 5ms, application-code: 64ms)[22m
  └─ ƒ retryNoteEnrichmentAction("cmmzwjnn10001enyb4uwbo3wl") in 6ms [2msrc/app/app/notes/actions.ts[22m
 POST /api/test/mina/chat/completions [32m200[39m in 1509ms[2m (next.js: 698µs, application-code: 1508ms)[22m
 GET /app/notes/cmmzwjnn10001enyb4uwbo3wl/edit?retried=1 [32m200[39m in 45ms[2m (next.js: 7ms, proxy.ts: 10ms, application-code: 28ms)[22m
 GET /login [32m200[39m in 18ms[2m (next.js: 862µs, application-code: 17ms)[22m
 GET /app [32m200[39m in 23ms[2m (next.js: 887µs, proxy.ts: 2ms, application-code: 20ms)[22m
 POST /login [34m303[39m in 60ms[2m (next.js: 916µs, application-code: 59ms)[22m
  └─ ƒ loginAction({}) in 33ms [2msrc/app/login/actions.ts[22m
 GET /app/notes/new [32m200[39m in 16ms[2m (next.js: 1322µs, proxy.ts: 3ms, application-code: 12ms)[22m
 GET /app/notes/cmmzwjsn30002enyb4p5pk5kd/edit?saved=1 [32m200[39m in 23ms[2m (next.js: 2ms, proxy.ts: 2ms, application-code: 18ms)[22m
 POST /app/notes/new [34m303[39m in 36ms[2m (next.js: 895µs, proxy.ts: 3ms, application-code: 32ms)[22m
  └─ ƒ createNoteAction({}) in 7ms [2msrc/app/app/notes/actions.ts[22m
 GET /app/notes/cmmzwjsn30002enyb4p5pk5kd/edit?published=1 [32m200[39m in 24ms[2m (next.js: 1283µs, proxy.ts: 2ms, application-code: 21ms)[22m
 POST /app/notes/cmmzwjsn30002enyb4p5pk5kd/edit?saved=1 [34m303[39m in 38ms[2m (next.js: 1385µs, proxy.ts: 3ms, application-code: 34ms)[22m
  └─ ƒ publishNoteAction("cmmzwjsn30002enyb4p5pk5kd") in 5ms [2msrc/app/app/notes/actions.ts[22m
 GET / [32m200[39m in 20ms[2m (next.js: 892µs, application-code: 19ms)[22m
 GET /notes/public-note-1774071808508 [32m200[39m in 206ms[2m (next.js: 189ms, application-code: 17ms)[22m
 GET /app [32m200[39m in 56ms[2m (next.js: 1003µs, proxy.ts: 3ms, application-code: 52ms)[22m
 GET /app/notes/cmmzwjsn30002enyb4p5pk5kd/edit [32m200[39m in 22ms[2m (next.js: 3ms, proxy.ts: 3ms, application-code: 16ms)[22m
 GET /app/notes/cmmzwjsn30002enyb4p5pk5kd/edit?unpublished=1 [32m200[39m in 21ms[2m (next.js: 1361µs, proxy.ts: 2ms, application-code: 18ms)[22m
 POST /app/notes/cmmzwjsn30002enyb4p5pk5kd/edit [34m303[39m in 36ms[2m (next.js: 1573µs, proxy.ts: 3ms, application-code: 32ms)[22m
  └─ ƒ unpublishNoteAction("cmmzwjsn30002enyb4p5pk5kd") in 6ms [2msrc/app/app/notes/actions.ts[22m
 GET / [32m200[39m in 20ms[2m (next.js: 881µs, application-code: 19ms)[22m
 GET /notes/public-note-1774071808508 [33m404[39m in 29ms[2m (next.js: 1775µs, application-code: 28ms)[22m
 GET /login [32m200[39m in 18ms[2m (next.js: 752µs, application-code: 17ms)[22m
 GET /app [32m200[39m in 25ms[2m (next.js: 1204µs, proxy.ts: 2ms, application-code: 21ms)[22m
 POST /login [34m303[39m in 59ms[2m (next.js: 927µs, application-code: 58ms)[22m
  └─ ƒ loginAction({}) in 30ms [2msrc/app/login/actions.ts[22m
 GET /app/links [32m200[39m in 39ms[2m (next.js: 15ms, proxy.ts: 3ms, application-code: 20ms)[22m
 GET /app/links?saved=1 [32m200[39m in 24ms[2m (next.js: 855µs, proxy.ts: 2ms, application-code: 21ms)[22m
 POST /app/links [34m303[39m in 41ms[2m (next.js: 959µs, proxy.ts: 3ms, application-code: 37ms)[22m
  └─ ƒ createLinkAction({}) in 8ms [2msrc/app/app/links/actions.ts[22m
 POST /api/test/mina/chat/completions [32m200[39m in 2ms[2m (next.js: 612µs, application-code: 1791µs)[22m
 GET /app/links?saved=1 [32m200[39m in 38ms[2m (next.js: 1765µs, proxy.ts: 11ms, application-code: 25ms)[22m
 GET / [32m200[39m in 32ms[2m (next.js: 2ms, application-code: 30ms)[22m
 GET /login [32m200[39m in 18ms[2m (next.js: 796µs, application-code: 17ms)[22m
 GET /app [32m200[39m in 44ms[2m (next.js: 1325µs, proxy.ts: 3ms, application-code: 40ms)[22m
 POST /login [34m303[39m in 83ms[2m (next.js: 911µs, application-code: 82ms)[22m
  └─ ƒ loginAction({}) in 32ms [2msrc/app/login/actions.ts[22m
 GET /app/links [32m200[39m in 37ms[2m (next.js: 2ms, proxy.ts: 10ms, application-code: 26ms)[22m
 GET /app/links?saved=1 [32m200[39m in 30ms[2m (next.js: 1509µs, proxy.ts: 2ms, application-code: 26ms)[22m
 POST /app/links [34m303[39m in 48ms[2m (next.js: 1757µs, proxy.ts: 5ms, application-code: 41ms)[22m
  └─ ƒ createLinkAction({}) in 7ms [2msrc/app/app/links/actions.ts[22m
 POST /api/test/mina/chat/completions [32m200[39m in 3ms[2m (next.js: 854µs, application-code: 1817µs)[22m
 GET /app/links?saved=1 [32m200[39m in 43ms[2m (next.js: 3ms, proxy.ts: 11ms, application-code: 30ms)[22m
 GET /app/links?published=1 [32m200[39m in 29ms[2m (next.js: 1033µs, proxy.ts: 3ms, application-code: 25ms)[22m
 POST /app/links?saved=1 [34m303[39m in 50ms[2m (next.js: 1663µs, proxy.ts: 7ms, application-code: 42ms)[22m
  └─ ƒ publishLinkAction("cmmzwjwul0004enybgs4ka38t") in 8ms [2msrc/app/app/links/actions.ts[22m
 GET / [32m200[39m in 22ms[2m (next.js: 776µs, application-code: 22ms)[22m
 GET /app/links [32m200[39m in 55ms[2m (next.js: 765µs, proxy.ts: 2ms, application-code: 52ms)[22m
 GET /app/links?unpublished=1 [32m200[39m in 23ms[2m (next.js: 751µs, proxy.ts: 2ms, application-code: 19ms)[22m
 POST /app/links [34m303[39m in 36ms[2m (next.js: 846µs, proxy.ts: 3ms, application-code: 32ms)[22m
  └─ ƒ unpublishLinkAction("cmmzwjwul0004enybgs4ka38t") in 5ms [2msrc/app/app/links/actions.ts[22m
 GET / [32m200[39m in 20ms[2m (next.js: 849µs, application-code: 19ms)[22m
 GET /login [32m200[39m in 15ms[2m (next.js: 744µs, application-code: 15ms)[22m
 GET /app [32m200[39m in 24ms[2m (next.js: 846µs, proxy.ts: 2ms, application-code: 20ms)[22m
 POST /login [34m303[39m in 57ms[2m (next.js: 983µs, application-code: 56ms)[22m
  └─ ƒ loginAction({}) in 30ms [2msrc/app/login/actions.ts[22m
 GET /app/links [32m200[39m in 21ms[2m (next.js: 882µs, proxy.ts: 3ms, application-code: 17ms)[22m
 GET /app/links?saved=1 [32m200[39m in 24ms[2m (next.js: 831µs, proxy.ts: 2ms, application-code: 21ms)[22m
 POST /app/links [34m303[39m in 36ms[2m (next.js: 920µs, proxy.ts: 3ms, application-code: 32ms)[22m
  └─ ƒ createLinkAction({}) in 5ms [2msrc/app/app/links/actions.ts[22m
 POST /api/test/mina/chat/completions [32m200[39m in 1511ms[2m (next.js: 589µs, application-code: 1511ms)[22m
 GET /app/links?saved=1 [32m200[39m in 41ms[2m (next.js: 2ms, proxy.ts: 8ms, application-code: 31ms)[22m
 GET /app/links?retried=1 [32m200[39m in 29ms[2m (next.js: 966µs, proxy.ts: 3ms, application-code: 25ms)[22m
 POST /app/links?saved=1 [34m303[39m in 47ms[2m (next.js: 1592µs, proxy.ts: 7ms, application-code: 39ms)[22m
  └─ ƒ retryLinkEnrichmentAction("cmmzwjzwe0005enybver9js6b") in 6ms [2msrc/app/app/links/actions.ts[22m
 POST /api/test/mina/chat/completions [32m200[39m in 1510ms[2m (next.js: 606µs, application-code: 1510ms)[22m
 GET /app/links?retried=1 [32m200[39m in 53ms[2m (next.js: 3ms, proxy.ts: 11ms, application-code: 39ms)[22m
 GET /login [32m200[39m in 17ms[2m (next.js: 941µs, application-code: 16ms)[22m
 GET /app [32m200[39m in 26ms[2m (next.js: 1279µs, proxy.ts: 2ms, application-code: 23ms)[22m
 POST /login [34m303[39m in 62ms[2m (next.js: 937µs, application-code: 61ms)[22m
  └─ ƒ loginAction({}) in 30ms [2msrc/app/login/actions.ts[22m
 GET /app/links [32m200[39m in 24ms[2m (next.js: 1111µs, proxy.ts: 3ms, application-code: 19ms)[22m
 GET /app/links?error=invalid-url [32m200[39m in 24ms[2m (next.js: 830µs, proxy.ts: 3ms, application-code: 20ms)[22m
 POST /app/links [34m303[39m in 35ms[2m (next.js: 869µs, proxy.ts: 3ms, application-code: 31ms)[22m
  └─ ƒ createLinkAction({}) in 4ms [2msrc/app/app/links/actions.ts[22m
 GET /login [32m200[39m in 15ms[2m (next.js: 728µs, application-code: 14ms)[22m
 GET /app [32m200[39m in 25ms[2m (next.js: 927µs, proxy.ts: 3ms, application-code: 21ms)[22m
 POST /login [34m303[39m in 59ms[2m (next.js: 855µs, application-code: 58ms)[22m
  └─ ƒ loginAction({}) in 30ms [2msrc/app/login/actions.ts[22m
 GET /app/notes/new [32m200[39m in 16ms[2m (next.js: 1142µs, proxy.ts: 3ms, application-code: 12ms)[22m
 GET /app/notes/cmmzwk5cq0006enybszh0r0ql/edit?saved=1 [32m200[39m in 23ms[2m (next.js: 2ms, proxy.ts: 3ms, application-code: 18ms)[22m
 POST /app/notes/new [34m303[39m in 36ms[2m (next.js: 847µs, proxy.ts: 3ms, application-code: 33ms)[22m
  └─ ƒ createNoteAction({}) in 6ms [2msrc/app/app/notes/actions.ts[22m
 GET /app/links [32m200[39m in 47ms[2m (next.js: 823µs, proxy.ts: 2ms, application-code: 44ms)[22m
 GET /app/links?saved=1 [32m200[39m in 28ms[2m (next.js: 796µs, proxy.ts: 3ms, application-code: 25ms)[22m
 POST /app/links [34m303[39m in 43ms[2m (next.js: 1547µs, proxy.ts: 3ms, application-code: 38ms)[22m
  └─ ƒ createLinkAction({}) in 6ms [2msrc/app/app/links/actions.ts[22m
 POST /api/test/mina/chat/completions [32m200[39m in 2ms[2m (next.js: 665µs, application-code: 1479µs)[22m
 GET /app/links?saved=1 [32m200[39m in 47ms[2m (next.js: 3ms, proxy.ts: 10ms, application-code: 34ms)[22m
 GET /app/tags?tag=ai-owned [32m200[39m in 126ms[2m (next.js: 23ms, proxy.ts: 5ms, application-code: 99ms)[22m
 GET /app/tags [32m200[39m in 69ms[2m (next.js: 746µs, proxy.ts: 3ms, application-code: 65ms)[22m
 GET /app/search?q=Filtered%20note%201774071824985 [32m200[39m in 94ms[2m (next.js: 15ms, proxy.ts: 3ms, application-code: 76ms)[22m
 GET /app/search?q=url-needle-1774071824985 [32m200[39m in 44ms[2m (next.js: 758µs, proxy.ts: 3ms, application-code: 41ms)[22m
 GET /app/search?q=ai-owned [32m200[39m in 32ms[2m (next.js: 866µs, proxy.ts: 3ms, application-code: 29ms)[22m
 GET /login [32m200[39m in 14ms[2m (next.js: 1005µs, application-code: 13ms)[22m
 GET /app [32m200[39m in 30ms[2m (next.js: 831µs, proxy.ts: 2ms, application-code: 27ms)[22m
 POST /login [34m303[39m in 64ms[2m (next.js: 903µs, application-code: 63ms)[22m
  └─ ƒ loginAction({}) in 29ms [2msrc/app/login/actions.ts[22m
 GET /app/links [32m200[39m in 24ms[2m (next.js: 863µs, proxy.ts: 3ms, application-code: 20ms)[22m
 GET /app/links?saved=1 [32m200[39m in 27ms[2m (next.js: 766µs, proxy.ts: 2ms, application-code: 24ms)[22m
 POST /app/links [34m303[39m in 40ms[2m (next.js: 850µs, proxy.ts: 3ms, application-code: 36ms)[22m
  └─ ƒ createLinkAction({}) in 6ms [2msrc/app/app/links/actions.ts[22m
 GET /app/links?saved=1 [32m200[39m in 47ms[2m (next.js: 2ms, proxy.ts: 11ms, application-code: 34ms)[22m
 GET /app/search?q=ai [32m200[39m in 80ms[2m (next.js: 1944µs, proxy.ts: 5ms, application-code: 73ms)[22m
 GET /app/tags?tag=ai [32m200[39m in 40ms[2m (next.js: 883µs, proxy.ts: 3ms, application-code: 36ms)[22m
 GET /login [32m200[39m in 15ms[2m (next.js: 838µs, application-code: 14ms)[22m
 GET /app [32m200[39m in 25ms[2m (next.js: 1103µs, proxy.ts: 2ms, application-code: 21ms)[22m
 POST /login [34m303[39m in 59ms[2m (next.js: 832µs, application-code: 58ms)[22m
  └─ ƒ loginAction({}) in 30ms [2msrc/app/login/actions.ts[22m
 GET /app/notes/new [32m200[39m in 15ms[2m (next.js: 814µs, proxy.ts: 3ms, application-code: 12ms)[22m
 GET /app/notes/cmmzwkbgt0009enyb3lp68wpi/edit?saved=1 [32m200[39m in 24ms[2m (next.js: 2ms, proxy.ts: 2ms, application-code: 19ms)[22m
 POST /app/notes/new [34m303[39m in 37ms[2m (next.js: 868µs, proxy.ts: 3ms, application-code: 33ms)[22m
  └─ ƒ createNoteAction({}) in 6ms [2msrc/app/app/notes/actions.ts[22m
 GET /app/notes/cmmzwkbgt0009enyb3lp68wpi/edit?saved=1 [32m200[39m in 39ms[2m (next.js: 4ms, proxy.ts: 6ms, application-code: 29ms)[22m
 GET /app [32m200[39m in 60ms[2m (next.js: 2ms, proxy.ts: 7ms, application-code: 52ms)[22m
 GET /login [32m200[39m in 15ms[2m (next.js: 872µs, application-code: 14ms)[22m
 GET /login [32m200[39m in 15ms[2m (next.js: 732µs, application-code: 14ms)[22m
 GET /login [32m200[39m in 15ms[2m (next.js: 739µs, application-code: 14ms)[22m
 GET /app [32m200[39m in 22ms[2m (next.js: 1246µs, proxy.ts: 3ms, application-code: 18ms)[22m
 POST /login [34m303[39m in 56ms[2m (next.js: 865µs, application-code: 55ms)[22m
  └─ ƒ loginAction({}) in 30ms [2msrc/app/login/actions.ts[22m
 GET /app/notes/cmmzwkeba0002epybwwbfwfzz/edit [32m200[39m in 42ms[2m (next.js: 2ms, proxy.ts: 3ms, application-code: 37ms)[22m
 GET /login [32m200[39m in 15ms[2m (next.js: 855µs, application-code: 15ms)[22m
 GET /app [32m200[39m in 22ms[2m (next.js: 803µs, proxy.ts: 2ms, application-code: 19ms)[22m
 POST /login [34m303[39m in 55ms[2m (next.js: 862µs, application-code: 55ms)[22m
  └─ ƒ loginAction({}) in 29ms [2msrc/app/login/actions.ts[22m
 GET /app/notes/cmmzwker20003epybui7ekycq/edit [32m200[39m in 41ms[2m (next.js: 2ms, proxy.ts: 3ms, application-code: 36ms)[22m
 GET / [32m200[39m in 27ms[2m (next.js: 965µs, application-code: 27ms)[22m
 GET / [32m200[39m in 24ms[2m (next.js: 756µs, application-code: 23ms)[22m
 GET / [32m200[39m in 20ms[2m (next.js: 795µs, application-code: 19ms)[22m
 GET / [32m200[39m in 21ms[2m (next.js: 784µs, application-code: 20ms)[22m
 GET /login [32m200[39m in 14ms[2m (next.js: 828µs, application-code: 14ms)[22m
 GET /app [32m200[39m in 25ms[2m (next.js: 1189µs, proxy.ts: 3ms, application-code: 21ms)[22m
 POST /login [34m303[39m in 59ms[2m (next.js: 937µs, application-code: 59ms)[22m
  └─ ƒ loginAction({}) in 30ms [2msrc/app/login/actions.ts[22m
 GET /login [32m200[39m in 15ms[2m (next.js: 825µs, application-code: 15ms)[22m
 GET /app [32m200[39m in 24ms[2m (next.js: 867µs, proxy.ts: 2ms, application-code: 21ms)[22m
 POST /login [34m303[39m in 58ms[2m (next.js: 918µs, application-code: 57ms)[22m
  └─ ƒ loginAction({}) in 30ms [2msrc/app/login/actions.ts[22m
 GET /login [32m200[39m in 15ms[2m (next.js: 813µs, application-code: 14ms)[22m
 GET /app [32m200[39m in 23ms[2m (next.js: 878µs, proxy.ts: 3ms, application-code: 19ms)[22m
 POST /login [34m303[39m in 60ms[2m (next.js: 960µs, application-code: 59ms)[22m
  └─ ƒ loginAction({}) in 30ms [2msrc/app/login/actions.ts[22m
 GET /app/links [32m200[39m in 42ms[2m (next.js: 840µs, proxy.ts: 2ms, application-code: 39ms)[22m
 GET /login [32m200[39m in 15ms[2m (next.js: 724µs, application-code: 14ms)[22m
 GET /app [32m200[39m in 22ms[2m (next.js: 815µs, proxy.ts: 2ms, application-code: 19ms)[22m
 POST /login [34m303[39m in 56ms[2m (next.js: 834µs, application-code: 55ms)[22m
  └─ ƒ loginAction({}) in 29ms [2msrc/app/login/actions.ts[22m
 GET /app/links [32m200[39m in 48ms[2m (next.js: 858µs, proxy.ts: 3ms, application-code: 45ms)[22m
 GET /login [32m200[39m in 15ms[2m (next.js: 733µs, application-code: 14ms)[22m
 GET /app [32m200[39m in 22ms[2m (next.js: 805µs, proxy.ts: 2ms, application-code: 19ms)[22m
 POST /login [34m303[39m in 55ms[2m (next.js: 924µs, application-code: 54ms)[22m
  └─ ƒ loginAction({}) in 30ms [2msrc/app/login/actions.ts[22m
 GET /app/tags?tag=studio-systems [32m200[39m in 37ms[2m (next.js: 833µs, proxy.ts: 3ms, application-code: 34ms)[22m
 GET /login [32m200[39m in 32ms[2m (next.js: 909µs, application-code: 31ms)[22m
 GET /app [32m200[39m in 22ms[2m (next.js: 1026µs, proxy.ts: 3ms, application-code: 18ms)[22m
 POST /login [34m303[39m in 56ms[2m (next.js: 1370µs, application-code: 55ms)[22m
  └─ ƒ loginAction({}) in 30ms [2msrc/app/login/actions.ts[22m
 GET /app/tags?tag=studio-systems [32m200[39m in 33ms[2m (next.js: 823µs, proxy.ts: 3ms, application-code: 30ms)[22m
 GET /login [32m200[39m in 15ms[2m (next.js: 807µs, application-code: 14ms)[22m
 GET /app [32m200[39m in 23ms[2m (next.js: 875µs, proxy.ts: 2ms, application-code: 20ms)[22m
 POST /login [34m303[39m in 57ms[2m (next.js: 956µs, application-code: 56ms)[22m
  └─ ƒ loginAction({}) in 29ms [2msrc/app/login/actions.ts[22m
 GET /app/search?q=rhythm [32m200[39m in 43ms[2m (next.js: 781µs, proxy.ts: 2ms, application-code: 39ms)[22m
 GET /login [32m200[39m in 15ms[2m (next.js: 765µs, application-code: 14ms)[22m
 GET /app [32m200[39m in 23ms[2m (next.js: 900µs, proxy.ts: 2ms, application-code: 20ms)[22m
 POST /login [34m303[39m in 55ms[2m (next.js: 982µs, application-code: 54ms)[22m
  └─ ƒ loginAction({}) in 28ms [2msrc/app/login/actions.ts[22m
 GET /app/search?q=rhythm [32m200[39m in 37ms[2m (next.js: 870µs, proxy.ts: 3ms, application-code: 33ms)[22m
 GET /notes/public-notes-should-read-like-finished-pages-not-dashboards [32m200[39m in 42ms[2m (next.js: 1801µs, application-code: 40ms)[22m
 GET /notes/public-notes-should-read-like-finished-pages-not-dashboards [32m200[39m in 20ms[2m (next.js: 1713µs, application-code: 18ms)[22m
 GET / [32m200[39m in 17ms[2m (next.js: 779µs, application-code: 16ms)[22m
 GET /login [32m200[39m in 15ms[2m (next.js: 873µs, application-code: 15ms)[22m
 GET /login [32m200[39m in 16ms[2m (next.js: 821µs, application-code: 15ms)[22m
 GET /app [32m200[39m in 30ms[2m (next.js: 779µs, proxy.ts: 3ms, application-code: 26ms)[22m
 POST /login [34m303[39m in 63ms[2m (next.js: 945µs, application-code: 62ms)[22m
  └─ ƒ loginAction({}) in 28ms [2msrc/app/login/actions.ts[22m
 GET /login [32m200[39m in 15ms[2m (next.js: 1060µs, application-code: 13ms)[22m
 GET /app [32m200[39m in 21ms[2m (next.js: 802µs, proxy.ts: 2ms, application-code: 18ms)[22m
 POST /login [34m303[39m in 55ms[2m (next.js: 892µs, application-code: 54ms)[22m
  └─ ƒ loginAction({}) in 30ms [2msrc/app/login/actions.ts[22m
