
> minakeep@0.1.0 dev
> next dev --hostname 127.0.0.1 --port 3100

[1m[38;2;173;127;168m▲ Next.js 16.2.0[39m[22m (Turbopack)
- Local:         http://127.0.0.1:3100
- Network:       http://127.0.0.1:3100
- Environments: .env
[32m[1m✓[22m[39m Ready in 197ms

 GET /api/health [32m200[39m in 129ms[2m (next.js: 119ms, application-code: 10ms)[22m
 GET /login [32m200[39m in 159ms[2m (next.js: 52ms, application-code: 107ms)[22m
 GET /app [32m200[39m in 118ms[2m (next.js: 27ms, proxy.ts: 37ms, application-code: 54ms)[22m
 POST /login [34m303[39m in 225ms[2m (next.js: 1286µs, application-code: 224ms)[22m
  └─ ƒ loginAction({}) in 97ms [2msrc/app/login/actions.ts[22m
 GET / [32m200[39m in 72ms[2m (next.js: 9ms, application-code: 63ms)[22m
 GET /login?callbackUrl=http%3A%2F%2Flocalhost%3A3100%2Fapp%2Fsearch [32m200[39m in 19ms[2m (next.js: 859µs, application-code: 18ms)[22m
 GET /login?callbackUrl=http%3A%2F%2Flocalhost%3A3100%2Fapp%2Fnotes%2Fnew [32m200[39m in 18ms[2m (next.js: 857µs, application-code: 17ms)[22m
 GET /app [32m200[39m in 30ms[2m (next.js: 1114µs, proxy.ts: 3ms, application-code: 26ms)[22m
 POST /login?callbackUrl=http%3A%2F%2Flocalhost%3A3100%2Fapp%2Fnotes%2Fnew [34m303[39m in 66ms[2m (next.js: 1062µs, application-code: 65ms)[22m
  └─ ƒ loginAction({}) in 31ms [2msrc/app/login/actions.ts[22m
 GET /app/notes/new [32m200[39m in 37ms[2m (next.js: 20ms, proxy.ts: 3ms, application-code: 14ms)[22m
 GET /app/notes/cmmzpegtd0000spybitonqk78/edit?saved=1 [32m200[39m in 237ms[2m (next.js: 212ms, proxy.ts: 3ms, application-code: 22ms)[22m
 POST /app/notes/new [34m303[39m in 267ms[2m (next.js: 1026µs, proxy.ts: 3ms, application-code: 262ms)[22m
  └─ ƒ createNoteAction({}) in 20ms [2msrc/app/app/notes/actions.ts[22m
 POST /app/notes/cmmzpegtd0000spybitonqk78/edit?saved=1 [34m303[39m in 112ms[2m (next.js: 5ms, proxy.ts: 4ms, application-code: 104ms)[22m
  └─ ƒ updateNoteAction("cmmzpegtd0000spybitonqk78", {}) in 28ms [2msrc/app/app/notes/actions.ts[22m
 GET /app [32m200[39m in 151ms[2m (next.js: 1239µs, proxy.ts: 8ms, application-code: 143ms)[22m
 GET /app/notes/cmmzpegtd0000spybitonqk78/edit?saved=1 [32m200[39m in 125ms[2m (next.js: 15ms, proxy.ts: 82ms, application-code: 28ms)[22m
 GET /app/notes/cmmzpegtd0000spybitonqk78/edit [32m200[39m in 22ms[2m (next.js: 2ms, proxy.ts: 4ms, application-code: 16ms)[22m
 GET /login [32m200[39m in 17ms[2m (next.js: 823µs, application-code: 16ms)[22m
 GET /app [32m200[39m in 22ms[2m (next.js: 854µs, proxy.ts: 2ms, application-code: 19ms)[22m
 POST /login [34m303[39m in 59ms[2m (next.js: 1144µs, application-code: 58ms)[22m
  └─ ƒ loginAction({}) in 31ms [2msrc/app/login/actions.ts[22m
 GET /app/notes/new [32m200[39m in 16ms[2m (next.js: 1465µs, proxy.ts: 3ms, application-code: 11ms)[22m
 GET /app/notes/cmmzpehnz0001spyb8umqlhxa/edit?saved=1 [32m200[39m in 22ms[2m (next.js: 2ms, proxy.ts: 2ms, application-code: 17ms)[22m
 POST /app/notes/new [34m303[39m in 35ms[2m (next.js: 1036µs, proxy.ts: 3ms, application-code: 31ms)[22m
  └─ ƒ createNoteAction({}) in 6ms [2msrc/app/app/notes/actions.ts[22m
 POST /api/test/mina/chat/completions [32m200[39m in 1512ms[2m (next.js: 14ms, application-code: 1498ms)[22m
 GET /app/notes/cmmzpehnz0001spyb8umqlhxa/edit?saved=1 [32m200[39m in 42ms[2m (next.js: 7ms, proxy.ts: 9ms, application-code: 26ms)[22m
 GET /app/notes/cmmzpehnz0001spyb8umqlhxa/edit?retried=1 [32m200[39m in 25ms[2m (next.js: 1670µs, proxy.ts: 3ms, application-code: 21ms)[22m
 POST /app/notes/cmmzpehnz0001spyb8umqlhxa/edit?saved=1 [34m303[39m in 48ms[2m (next.js: 4ms, proxy.ts: 7ms, application-code: 37ms)[22m
  └─ ƒ retryNoteEnrichmentAction("cmmzpehnz0001spyb8umqlhxa") in 7ms [2msrc/app/app/notes/actions.ts[22m
 POST /api/test/mina/chat/completions [32m200[39m in 1510ms[2m (next.js: 666µs, application-code: 1509ms)[22m
 GET /app/notes/cmmzpehnz0001spyb8umqlhxa/edit?retried=1 [32m200[39m in 47ms[2m (next.js: 7ms, proxy.ts: 9ms, application-code: 31ms)[22m
 GET /login [32m200[39m in 18ms[2m (next.js: 866µs, application-code: 17ms)[22m
 GET /app [32m200[39m in 23ms[2m (next.js: 874µs, proxy.ts: 3ms, application-code: 20ms)[22m
 POST /login [34m303[39m in 58ms[2m (next.js: 980µs, application-code: 57ms)[22m
  └─ ƒ loginAction({}) in 30ms [2msrc/app/login/actions.ts[22m
 GET /app/notes/new [32m200[39m in 15ms[2m (next.js: 1032µs, proxy.ts: 3ms, application-code: 11ms)[22m
 GET /app/notes/cmmzpemoj0003spybar2uvxf4/edit?saved=1 [32m200[39m in 22ms[2m (next.js: 2ms, proxy.ts: 2ms, application-code: 17ms)[22m
 POST /app/notes/new [34m303[39m in 36ms[2m (next.js: 862µs, proxy.ts: 3ms, application-code: 32ms)[22m
  └─ ƒ createNoteAction({}) in 6ms [2msrc/app/app/notes/actions.ts[22m
 GET /app/notes/cmmzpemoj0003spybar2uvxf4/edit?published=1 [32m200[39m in 21ms[2m (next.js: 1269µs, proxy.ts: 2ms, application-code: 17ms)[22m
 POST /app/notes/cmmzpemoj0003spybar2uvxf4/edit?saved=1 [34m303[39m in 34ms[2m (next.js: 1326µs, proxy.ts: 3ms, application-code: 29ms)[22m
  └─ ƒ publishNoteAction("cmmzpemoj0003spybar2uvxf4") in 6ms [2msrc/app/app/notes/actions.ts[22m
 GET / [32m200[39m in 19ms[2m (next.js: 901µs, application-code: 18ms)[22m
 GET /notes/public-note-1774059810182 [32m200[39m in 196ms[2m (next.js: 181ms, application-code: 16ms)[22m
 GET /app [32m200[39m in 48ms[2m (next.js: 1015µs, proxy.ts: 3ms, application-code: 44ms)[22m
 GET /app/notes/cmmzpemoj0003spybar2uvxf4/edit [32m200[39m in 23ms[2m (next.js: 3ms, proxy.ts: 3ms, application-code: 17ms)[22m
 GET /app/notes/cmmzpemoj0003spybar2uvxf4/edit?unpublished=1 [32m200[39m in 21ms[2m (next.js: 1317µs, proxy.ts: 2ms, application-code: 17ms)[22m
 POST /app/notes/cmmzpemoj0003spybar2uvxf4/edit [34m303[39m in 34ms[2m (next.js: 1485µs, proxy.ts: 3ms, application-code: 30ms)[22m
  └─ ƒ unpublishNoteAction("cmmzpemoj0003spybar2uvxf4") in 6ms [2msrc/app/app/notes/actions.ts[22m
 GET / [32m200[39m in 18ms[2m (next.js: 843µs, application-code: 17ms)[22m
 GET /notes/public-note-1774059810182 [33m404[39m in 28ms[2m (next.js: 1787µs, application-code: 26ms)[22m
 GET /login [32m200[39m in 17ms[2m (next.js: 775µs, application-code: 16ms)[22m
 GET /app [32m200[39m in 24ms[2m (next.js: 997µs, proxy.ts: 2ms, application-code: 20ms)[22m
 POST /login [34m303[39m in 57ms[2m (next.js: 860µs, application-code: 56ms)[22m
  └─ ƒ loginAction({}) in 29ms [2msrc/app/login/actions.ts[22m
 GET /app/links [32m200[39m in 212ms[2m (next.js: 13ms, proxy.ts: 3ms, application-code: 196ms)[22m
 GET /app/links?saved=1 [32m200[39m in 172ms[2m (next.js: 786µs, proxy.ts: 2ms, application-code: 169ms)[22m
 POST /app/links [34m303[39m in 188ms[2m (next.js: 1559µs, proxy.ts: 3ms, application-code: 183ms)[22m
  └─ ƒ createLinkAction({}) in 7ms [2msrc/app/app/links/actions.ts[22m
 POST /api/test/mina/chat/completions [32m200[39m in 2ms[2m (next.js: 637µs, application-code: 1693µs)[22m
 GET /app/links?saved=1 [32m200[39m in 199ms[2m (next.js: 1263µs, proxy.ts: 4ms, application-code: 194ms)[22m
 GET / [32m200[39m in 22ms[2m (next.js: 1117µs, application-code: 21ms)[22m
 GET /login [32m200[39m in 16ms[2m (next.js: 752µs, application-code: 15ms)[22m
 GET /app [32m200[39m in 24ms[2m (next.js: 917µs, proxy.ts: 2ms, application-code: 21ms)[22m
 POST /login [34m303[39m in 58ms[2m (next.js: 1033µs, application-code: 57ms)[22m
  └─ ƒ loginAction({}) in 29ms [2msrc/app/login/actions.ts[22m
 GET /app/links [32m200[39m in 204ms[2m (next.js: 923µs, proxy.ts: 3ms, application-code: 200ms)[22m
 GET /app/links?saved=1 [32m200[39m in 176ms[2m (next.js: 861µs, proxy.ts: 2ms, application-code: 173ms)[22m
 POST /app/links [34m303[39m in 191ms[2m (next.js: 1841µs, proxy.ts: 3ms, application-code: 186ms)[22m
  └─ ƒ createLinkAction({}) in 7ms [2msrc/app/app/links/actions.ts[22m
 POST /api/test/mina/chat/completions [32m200[39m in 1511ms[2m (next.js: 681µs, application-code: 1510ms)[22m
 GET /app/links?saved=1 [32m200[39m in 210ms[2m (next.js: 1957µs, proxy.ts: 6ms, application-code: 202ms)[22m
 GET /app/links?retried=1 [32m200[39m in 276ms[2m (next.js: 887µs, proxy.ts: 2ms, application-code: 273ms)[22m
 POST /app/links?saved=1 [34m303[39m in 292ms[2m (next.js: 1191µs, proxy.ts: 4ms, application-code: 287ms)[22m
  └─ ƒ retryLinkEnrichmentAction("cmmzperaj0005spybgbl8hqqf") in 7ms [2msrc/app/app/links/actions.ts[22m
 GET /app/links?retried=1 [32m200[39m in 180ms[2m (next.js: 3ms, proxy.ts: 9ms, application-code: 168ms)[22m
 POST /api/test/mina/chat/completions [32m200[39m in 1510ms[2m (next.js: 605µs, application-code: 1509ms)[22m
 GET /app/links?retried=1 [32m200[39m in 227ms[2m (next.js: 3ms, proxy.ts: 10ms, application-code: 215ms)[22m
 GET /login [32m200[39m in 17ms[2m (next.js: 951µs, application-code: 16ms)[22m
 GET /app [32m200[39m in 24ms[2m (next.js: 848µs, proxy.ts: 3ms, application-code: 20ms)[22m
 POST /login [34m303[39m in 59ms[2m (next.js: 876µs, application-code: 58ms)[22m
  └─ ƒ loginAction({}) in 31ms [2msrc/app/login/actions.ts[22m
 GET /app/links [32m200[39m in 168ms[2m (next.js: 1226µs, proxy.ts: 3ms, application-code: 163ms)[22m
 GET /app/links?error=invalid-url [32m200[39m in 221ms[2m (next.js: 891µs, proxy.ts: 3ms, application-code: 216ms)[22m
 POST /app/links [34m303[39m in 232ms[2m (next.js: 856µs, proxy.ts: 3ms, application-code: 228ms)[22m
  └─ ƒ createLinkAction({}) in 3ms [2msrc/app/app/links/actions.ts[22m
 GET /login [32m200[39m in 16ms[2m (next.js: 851µs, application-code: 15ms)[22m
 GET /app [32m200[39m in 24ms[2m (next.js: 859µs, proxy.ts: 2ms, application-code: 21ms)[22m
 POST /login [34m303[39m in 57ms[2m (next.js: 983µs, application-code: 56ms)[22m
  └─ ƒ loginAction({}) in 29ms [2msrc/app/login/actions.ts[22m
 GET /app/notes/new [32m200[39m in 15ms[2m (next.js: 879µs, proxy.ts: 3ms, application-code: 12ms)[22m
 GET /app/notes/cmmzpexo50006spybgyn3l8mm/edit?saved=1 [32m200[39m in 23ms[2m (next.js: 2ms, proxy.ts: 2ms, application-code: 18ms)[22m
 POST /app/notes/new [34m303[39m in 37ms[2m (next.js: 1543µs, proxy.ts: 3ms, application-code: 32ms)[22m
  └─ ƒ createNoteAction({}) in 6ms [2msrc/app/app/notes/actions.ts[22m
 GET /app/links [32m200[39m in 388ms[2m (next.js: 930µs, proxy.ts: 3ms, application-code: 384ms)[22m
 GET /app/links?saved=1 [32m200[39m in 226ms[2m (next.js: 981µs, proxy.ts: 2ms, application-code: 223ms)[22m
 POST /app/links [34m303[39m in 249ms[2m (next.js: 2ms, proxy.ts: 13ms, application-code: 234ms)[22m
  └─ ƒ createLinkAction({}) in 4ms [2msrc/app/app/links/actions.ts[22m
 POST /api/test/mina/chat/completions [32m200[39m in 1994µs[2m (next.js: 637µs, application-code: 1357µs)[22m
 GET /app/links?saved=1 [32m200[39m in 231ms[2m (next.js: 3ms, proxy.ts: 8ms, application-code: 220ms)[22m
 GET /app/tags?tag=ai-owned [32m200[39m in 267ms[2m (next.js: 22ms, proxy.ts: 4ms, application-code: 240ms)[22m
 GET /app/tags [32m200[39m in 451ms[2m (next.js: 913µs, proxy.ts: 3ms, application-code: 447ms)[22m
 GET /app/search?q=Filtered%20note%201774059824442 [32m200[39m in 88ms[2m (next.js: 19ms, proxy.ts: 3ms, application-code: 67ms)[22m
 GET /app/search?q=url-needle-1774059824442 [32m200[39m in 42ms[2m (next.js: 821µs, proxy.ts: 3ms, application-code: 38ms)[22m
 GET /app/search?q=ai-owned [32m200[39m in 162ms[2m (next.js: 921µs, proxy.ts: 3ms, application-code: 158ms)[22m
 GET /login [32m200[39m in 16ms[2m (next.js: 878µs, application-code: 15ms)[22m
 GET /app [32m200[39m in 25ms[2m (next.js: 958µs, proxy.ts: 2ms, application-code: 21ms)[22m
 POST /login [34m303[39m in 59ms[2m (next.js: 897µs, application-code: 58ms)[22m
  └─ ƒ loginAction({}) in 30ms [2msrc/app/login/actions.ts[22m
 GET /app/links [32m200[39m in 220ms[2m (next.js: 903µs, proxy.ts: 3ms, application-code: 217ms)[22m
 GET /app/links?saved=1 [32m200[39m in 190ms[2m (next.js: 896µs, proxy.ts: 3ms, application-code: 187ms)[22m
 POST /app/links [34m303[39m in 204ms[2m (next.js: 874µs, proxy.ts: 3ms, application-code: 200ms)[22m
  └─ ƒ createLinkAction({}) in 6ms [2msrc/app/app/links/actions.ts[22m
 GET /app/links?saved=1 [32m200[39m in 224ms[2m (next.js: 1375µs, proxy.ts: 14ms, application-code: 208ms)[22m
 GET /app/search?q=ai [32m200[39m in 281ms[2m (next.js: 1084µs, proxy.ts: 8ms, application-code: 271ms)[22m
 GET /app/tags?tag=ai [32m200[39m in 155ms[2m (next.js: 944µs, proxy.ts: 3ms, application-code: 152ms)[22m
 GET /login [32m200[39m in 15ms[2m (next.js: 791µs, application-code: 14ms)[22m
 GET /app [32m200[39m in 26ms[2m (next.js: 958µs, proxy.ts: 3ms, application-code: 22ms)[22m
 POST /login [34m303[39m in 61ms[2m (next.js: 1058µs, application-code: 60ms)[22m
  └─ ƒ loginAction({}) in 30ms [2msrc/app/login/actions.ts[22m
 GET /app/notes/new [32m200[39m in 17ms[2m (next.js: 2ms, proxy.ts: 4ms, application-code: 12ms)[22m
 GET /app/notes/cmmzpf5zf000aspybsbmvdjl5/edit?saved=1 [32m200[39m in 23ms[2m (next.js: 2ms, proxy.ts: 2ms, application-code: 18ms)[22m
 POST /app/notes/new [34m303[39m in 37ms[2m (next.js: 1004µs, proxy.ts: 3ms, application-code: 33ms)[22m
  └─ ƒ createNoteAction({}) in 6ms [2msrc/app/app/notes/actions.ts[22m
 GET /app/notes/cmmzpf5zf000aspybsbmvdjl5/edit?saved=1 [32m200[39m in 44ms[2m (next.js: 6ms, proxy.ts: 10ms, application-code: 27ms)[22m
 GET / [32m200[39m in 37ms[2m (next.js: 2ms, application-code: 35ms)[22m
 GET / [32m200[39m in 28ms[2m (next.js: 767µs, application-code: 27ms)[22m
 GET / [32m200[39m in 23ms[2m (next.js: 695µs, application-code: 22ms)[22m
 GET / [32m200[39m in 21ms[2m (next.js: 729µs, application-code: 21ms)[22m
 GET /notes/public-notes-should-read-like-finished-pages-not-dashboards [32m200[39m in 51ms[2m (next.js: 3ms, application-code: 48ms)[22m
 GET /notes/public-notes-should-read-like-finished-pages-not-dashboards [32m200[39m in 23ms[2m (next.js: 1568µs, application-code: 22ms)[22m
 GET / [32m200[39m in 19ms[2m (next.js: 741µs, application-code: 19ms)[22m
 GET /login [32m200[39m in 16ms[2m (next.js: 744µs, application-code: 15ms)[22m
 GET /login [32m200[39m in 18ms[2m (next.js: 833µs, application-code: 18ms)[22m
 GET /app [32m200[39m in 24ms[2m (next.js: 915µs, proxy.ts: 3ms, application-code: 21ms)[22m
 POST /login [34m303[39m in 58ms[2m (next.js: 900µs, application-code: 58ms)[22m
  └─ ƒ loginAction({}) in 30ms [2msrc/app/login/actions.ts[22m
 GET /login [32m200[39m in 15ms[2m (next.js: 700µs, application-code: 15ms)[22m
 GET /app [32m200[39m in 21ms[2m (next.js: 881µs, proxy.ts: 2ms, application-code: 18ms)[22m
 POST /login [34m303[39m in 54ms[2m (next.js: 900µs, application-code: 53ms)[22m
  └─ ƒ loginAction({}) in 29ms [2msrc/app/login/actions.ts[22m
