
> minakeep@0.1.0 dev
> next dev --hostname 127.0.0.1 --port 3100

[1m[38;2;173;127;168m▲ Next.js 16.2.0[39m[22m (Turbopack)
- Local:         http://127.0.0.1:3100
- Network:       http://127.0.0.1:3100
- Environments: .env
[32m[1m✓[22m[39m Ready in 196ms

 GET /api/health [32m200[39m in 103ms[2m (next.js: 93ms, application-code: 10ms)[22m
 GET /login [32m200[39m in 154ms[2m (next.js: 47ms, application-code: 107ms)[22m
 GET /app [32m200[39m in 121ms[2m (next.js: 32ms, proxy.ts: 36ms, application-code: 53ms)[22m
 POST /login [34m303[39m in 224ms[2m (next.js: 1268µs, application-code: 222ms)[22m
  └─ ƒ loginAction({}) in 92ms [2msrc/app/login/actions.ts[22m
 GET / [32m200[39m in 50ms[2m (next.js: 10ms, application-code: 40ms)[22m
 GET /login?callbackUrl=http%3A%2F%2Flocalhost%3A3100%2Fapp%2Fsearch [32m200[39m in 22ms[2m (next.js: 870µs, application-code: 22ms)[22m
 GET /login?callbackUrl=http%3A%2F%2Flocalhost%3A3100%2Fapp%2Fnotes%2Fnew [32m200[39m in 43ms[2m (next.js: 838µs, application-code: 43ms)[22m
 GET /app [32m200[39m in 23ms[2m (next.js: 984µs, proxy.ts: 3ms, application-code: 19ms)[22m
 POST /login?callbackUrl=http%3A%2F%2Flocalhost%3A3100%2Fapp%2Fnotes%2Fnew [34m303[39m in 60ms[2m (next.js: 1120µs, application-code: 59ms)[22m
  └─ ƒ loginAction({}) in 31ms [2msrc/app/login/actions.ts[22m
 GET /app/notes/new [32m200[39m in 37ms[2m (next.js: 20ms, proxy.ts: 4ms, application-code: 13ms)[22m
 GET /app/notes/cmn11gxor0000f1yb4ulcisfp/edit?saved=1 [32m200[39m in 265ms[2m (next.js: 237ms, proxy.ts: 3ms, application-code: 26ms)[22m
 POST /app/notes/new [34m303[39m in 294ms[2m (next.js: 1427µs, proxy.ts: 3ms, application-code: 289ms)[22m
  └─ ƒ createNoteAction({}) in 20ms [2msrc/app/app/notes/actions.ts[22m
 POST /app/notes/cmn11gxor0000f1yb4ulcisfp/edit?saved=1 [34m303[39m in 163ms[2m (next.js: 4ms, proxy.ts: 5ms, application-code: 154ms)[22m
  └─ ƒ updateNoteAction("cmn11gxor0000f1yb4ulcisfp", {}) in 28ms [2msrc/app/app/notes/actions.ts[22m
 GET /app [32m200[39m in 210ms[2m (next.js: 1279µs, proxy.ts: 9ms, application-code: 200ms)[22m
 GET /app/notes/cmn11gxor0000f1yb4ulcisfp/edit?saved=1 [32m200[39m in 174ms[2m (next.js: 14ms, proxy.ts: 126ms, application-code: 34ms)[22m
 GET /app/notes/cmn11gxor0000f1yb4ulcisfp/edit [32m200[39m in 23ms[2m (next.js: 2ms, proxy.ts: 4ms, application-code: 16ms)[22m
 GET /login [32m200[39m in 22ms[2m (next.js: 885µs, application-code: 21ms)[22m
 GET /app [32m200[39m in 23ms[2m (next.js: 1099µs, proxy.ts: 2ms, application-code: 19ms)[22m
 POST /login [34m303[39m in 57ms[2m (next.js: 936µs, application-code: 56ms)[22m
  └─ ƒ loginAction({}) in 30ms [2msrc/app/login/actions.ts[22m
 GET /app/notes/new [32m200[39m in 17ms[2m (next.js: 972µs, proxy.ts: 3ms, application-code: 13ms)[22m
 GET /app/notes/cmn11gymv0001f1ybsj4509q7/edit?saved=1 [32m200[39m in 24ms[2m (next.js: 2ms, proxy.ts: 2ms, application-code: 19ms)[22m
 POST /app/notes/new [34m303[39m in 38ms[2m (next.js: 1136µs, proxy.ts: 3ms, application-code: 34ms)[22m
  └─ ƒ createNoteAction({}) in 6ms [2msrc/app/app/notes/actions.ts[22m
 POST /api/test/mina/chat/completions [32m200[39m in 1517ms[2m (next.js: 13ms, application-code: 1503ms)[22m
 GET /app/notes/cmn11gymv0001f1ybsj4509q7/edit?saved=1 [32m200[39m in 46ms[2m (next.js: 7ms, proxy.ts: 11ms, application-code: 28ms)[22m
 GET /app/notes/cmn11gymv0001f1ybsj4509q7/edit?retried=1 [32m200[39m in 35ms[2m (next.js: 1667µs, proxy.ts: 3ms, application-code: 30ms)[22m
 POST /app/notes/cmn11gymv0001f1ybsj4509q7/edit?saved=1 [34m303[39m in 57ms[2m (next.js: 4ms, proxy.ts: 6ms, application-code: 46ms)[22m
  └─ ƒ retryNoteEnrichmentAction("cmn11gymv0001f1ybsj4509q7") in 6ms [2msrc/app/app/notes/actions.ts[22m
 POST /api/test/mina/chat/completions [32m200[39m in 1509ms[2m (next.js: 1609µs, application-code: 1507ms)[22m
 GET /app/notes/cmn11gymv0001f1ybsj4509q7/edit?retried=1 [32m200[39m in 41ms[2m (next.js: 6ms, proxy.ts: 10ms, application-code: 26ms)[22m
 GET /login [32m200[39m in 17ms[2m (next.js: 848µs, application-code: 16ms)[22m
 GET /app [32m200[39m in 23ms[2m (next.js: 860µs, proxy.ts: 3ms, application-code: 19ms)[22m
 POST /login [34m303[39m in 57ms[2m (next.js: 899µs, application-code: 56ms)[22m
  └─ ƒ loginAction({}) in 30ms [2msrc/app/login/actions.ts[22m
 GET /app/notes/new [32m200[39m in 16ms[2m (next.js: 1029µs, proxy.ts: 3ms, application-code: 11ms)[22m
 GET /app/notes/cmn11h3nn0002f1ybr8msvw9j/edit?saved=1 [32m200[39m in 23ms[2m (next.js: 2ms, proxy.ts: 2ms, application-code: 18ms)[22m
 POST /app/notes/new [34m303[39m in 37ms[2m (next.js: 895µs, proxy.ts: 3ms, application-code: 34ms)[22m
  └─ ƒ createNoteAction({}) in 6ms [2msrc/app/app/notes/actions.ts[22m
 GET /app/notes/cmn11h3nn0002f1ybr8msvw9j/edit?published=1 [32m200[39m in 25ms[2m (next.js: 1363µs, proxy.ts: 2ms, application-code: 22ms)[22m
 POST /app/notes/cmn11h3nn0002f1ybr8msvw9j/edit?saved=1 [34m303[39m in 39ms[2m (next.js: 1368µs, proxy.ts: 3ms, application-code: 34ms)[22m
  └─ ƒ publishNoteAction("cmn11h3nn0002f1ybr8msvw9j") in 5ms [2msrc/app/app/notes/actions.ts[22m
 GET / [32m200[39m in 18ms[2m (next.js: 1047µs, application-code: 17ms)[22m
 GET /notes/public-note-1774140547056 [32m200[39m in 210ms[2m (next.js: 194ms, application-code: 16ms)[22m
 GET /app [32m200[39m in 44ms[2m (next.js: 973µs, proxy.ts: 3ms, application-code: 40ms)[22m
 GET /app/notes/cmn11h3nn0002f1ybr8msvw9j/edit [32m200[39m in 22ms[2m (next.js: 2ms, proxy.ts: 3ms, application-code: 16ms)[22m
 GET /app/notes/cmn11h3nn0002f1ybr8msvw9j/edit?unpublished=1 [32m200[39m in 22ms[2m (next.js: 1181µs, proxy.ts: 2ms, application-code: 18ms)[22m
 POST /app/notes/cmn11h3nn0002f1ybr8msvw9j/edit [34m303[39m in 36ms[2m (next.js: 2ms, proxy.ts: 3ms, application-code: 30ms)[22m
  └─ ƒ unpublishNoteAction("cmn11h3nn0002f1ybr8msvw9j") in 5ms [2msrc/app/app/notes/actions.ts[22m
 GET / [32m200[39m in 17ms[2m (next.js: 956µs, application-code: 16ms)[22m
 GET /notes/public-note-1774140547056 [33m404[39m in 36ms[2m (next.js: 1669µs, application-code: 34ms)[22m
 GET /login [32m200[39m in 19ms[2m (next.js: 743µs, application-code: 18ms)[22m
 GET /app [32m200[39m in 23ms[2m (next.js: 981µs, proxy.ts: 3ms, application-code: 20ms)[22m
 POST /login [34m303[39m in 58ms[2m (next.js: 904µs, application-code: 57ms)[22m
  └─ ƒ loginAction({}) in 30ms [2msrc/app/login/actions.ts[22m
 GET /app/links [32m200[39m in 44ms[2m (next.js: 20ms, proxy.ts: 3ms, application-code: 21ms)[22m
 GET /app/links?saved=1 [32m200[39m in 24ms[2m (next.js: 803µs, proxy.ts: 2ms, application-code: 21ms)[22m
 POST /app/links [34m303[39m in 40ms[2m (next.js: 923µs, proxy.ts: 3ms, application-code: 36ms)[22m
  └─ ƒ createLinkAction({}) in 8ms [2msrc/app/app/links/actions.ts[22m
 POST /api/test/mina/chat/completions [32m200[39m in 2ms[2m (next.js: 647µs, application-code: 1654µs)[22m
{"level":"warn","message":"Link favicon could not be resolved.","metadata":{"linkId":"cmn11h4vu0003f1yb5u9bagvh","url":"https://example.com/reference-1774140548670"},"timestamp":"2026-03-22T00:49:09.188Z"}
 GET /app/links?saved=1 [32m200[39m in 35ms[2m (next.js: 1336µs, proxy.ts: 4ms, application-code: 30ms)[22m
 GET / [32m200[39m in 29ms[2m (next.js: 2ms, application-code: 27ms)[22m
 GET /login [32m200[39m in 17ms[2m (next.js: 783µs, application-code: 16ms)[22m
 GET /app [32m200[39m in 54ms[2m (next.js: 923µs, proxy.ts: 2ms, application-code: 51ms)[22m
 POST /login [34m303[39m in 90ms[2m (next.js: 901µs, application-code: 90ms)[22m
  └─ ƒ loginAction({}) in 30ms [2msrc/app/login/actions.ts[22m
 GET /app/links [32m200[39m in 22ms[2m (next.js: 904µs, proxy.ts: 3ms, application-code: 18ms)[22m
 GET /app/links?saved=1 [32m200[39m in 24ms[2m (next.js: 828µs, proxy.ts: 3ms, application-code: 20ms)[22m
 POST /app/links [34m303[39m in 36ms[2m (next.js: 826µs, proxy.ts: 3ms, application-code: 33ms)[22m
  └─ ƒ createLinkAction({}) in 5ms [2msrc/app/app/links/actions.ts[22m
 POST /api/test/mina/chat/completions [32m200[39m in 2ms[2m (next.js: 971µs, application-code: 1484µs)[22m
{"level":"warn","message":"Link favicon could not be resolved.","metadata":{"linkId":"cmn11h7lx0004f1yb24zgkhg9","url":"https://example.com/published-link-1774140552211"},"timestamp":"2026-03-22T00:49:12.718Z"}
 GET /app/links?saved=1 [32m200[39m in 38ms[2m (next.js: 1871µs, proxy.ts: 8ms, application-code: 28ms)[22m
 GET /app/links?published=1 [32m200[39m in 29ms[2m (next.js: 1047µs, proxy.ts: 3ms, application-code: 25ms)[22m
 POST /app/links?saved=1 [34m303[39m in 50ms[2m (next.js: 1747µs, proxy.ts: 6ms, application-code: 42ms)[22m
  └─ ƒ publishLinkAction("cmn11h7lx0004f1yb24zgkhg9") in 8ms [2msrc/app/app/links/actions.ts[22m
 GET / [32m200[39m in 18ms[2m (next.js: 844µs, application-code: 17ms)[22m
 GET /app/links [32m200[39m in 69ms[2m (next.js: 1025µs, proxy.ts: 2ms, application-code: 66ms)[22m
 GET /app/links?unpublished=1 [32m200[39m in 25ms[2m (next.js: 788µs, proxy.ts: 2ms, application-code: 22ms)[22m
 POST /app/links [34m303[39m in 38ms[2m (next.js: 892µs, proxy.ts: 3ms, application-code: 34ms)[22m
  └─ ƒ unpublishLinkAction("cmn11h7lx0004f1yb24zgkhg9") in 6ms [2msrc/app/app/links/actions.ts[22m
 GET / [32m200[39m in 18ms[2m (next.js: 890µs, application-code: 17ms)[22m
 GET /login [32m200[39m in 17ms[2m (next.js: 821µs, application-code: 16ms)[22m
 GET /app [32m200[39m in 25ms[2m (next.js: 904µs, proxy.ts: 2ms, application-code: 21ms)[22m
 POST /login [34m303[39m in 60ms[2m (next.js: 904µs, application-code: 59ms)[22m
  └─ ƒ loginAction({}) in 30ms [2msrc/app/login/actions.ts[22m
 GET /app/links [32m200[39m in 23ms[2m (next.js: 913µs, proxy.ts: 3ms, application-code: 19ms)[22m
 GET /app/links?saved=1 [32m200[39m in 26ms[2m (next.js: 746µs, proxy.ts: 2ms, application-code: 23ms)[22m
 POST /app/links [34m303[39m in 40ms[2m (next.js: 1110µs, proxy.ts: 3ms, application-code: 36ms)[22m
  └─ ƒ createLinkAction({}) in 6ms [2msrc/app/app/links/actions.ts[22m
{"level":"warn","message":"Link favicon could not be resolved.","metadata":{"linkId":"cmn11hapr0005f1yb3s022ltk","url":"https://example.com/retry-link-1774140556240"},"timestamp":"2026-03-22T00:49:16.744Z"}
 POST /api/test/mina/chat/completions [32m200[39m in 1510ms[2m (next.js: 642µs, application-code: 1510ms)[22m
 GET /app/links?saved=1 [32m200[39m in 47ms[2m (next.js: 3ms, proxy.ts: 9ms, application-code: 35ms)[22m
 GET /app/links?retried=1 [32m200[39m in 30ms[2m (next.js: 1101µs, proxy.ts: 3ms, application-code: 26ms)[22m
 POST /app/links?saved=1 [34m303[39m in 52ms[2m (next.js: 1472µs, proxy.ts: 6ms, application-code: 45ms)[22m
  └─ ƒ retryLinkEnrichmentAction("cmn11hapr0005f1yb3s022ltk") in 11ms [2msrc/app/app/links/actions.ts[22m
 POST /api/test/mina/chat/completions [32m200[39m in 1510ms[2m (next.js: 607µs, application-code: 1510ms)[22m
 GET /app/links?retried=1 [32m200[39m in 49ms[2m (next.js: 3ms, proxy.ts: 10ms, application-code: 36ms)[22m
 GET /login [32m200[39m in 17ms[2m (next.js: 865µs, application-code: 16ms)[22m
 GET /app [32m200[39m in 24ms[2m (next.js: 873µs, proxy.ts: 2ms, application-code: 21ms)[22m
 POST /login [34m303[39m in 59ms[2m (next.js: 906µs, application-code: 58ms)[22m
  └─ ƒ loginAction({}) in 29ms [2msrc/app/login/actions.ts[22m
 GET /app/links [32m200[39m in 37ms[2m (next.js: 900µs, proxy.ts: 3ms, application-code: 33ms)[22m
 GET /app/links?error=invalid-url [32m200[39m in 25ms[2m (next.js: 845µs, proxy.ts: 2ms, application-code: 22ms)[22m
 POST /app/links [34m303[39m in 36ms[2m (next.js: 1777µs, proxy.ts: 3ms, application-code: 32ms)[22m
  └─ ƒ createLinkAction({}) in 3ms [2msrc/app/app/links/actions.ts[22m
 GET /login [32m200[39m in 14ms[2m (next.js: 759µs, application-code: 14ms)[22m
 GET /app [32m200[39m in 24ms[2m (next.js: 1237µs, proxy.ts: 2ms, application-code: 20ms)[22m
 POST /login [34m303[39m in 58ms[2m (next.js: 1042µs, application-code: 57ms)[22m
  └─ ƒ loginAction({}) in 31ms [2msrc/app/login/actions.ts[22m
 GET /app/notes/new [32m200[39m in 17ms[2m (next.js: 2ms, proxy.ts: 3ms, application-code: 12ms)[22m
 GET /app/notes/cmn11hg6b0006f1ybip5nvfhk/edit?saved=1 [32m200[39m in 24ms[2m (next.js: 2ms, proxy.ts: 2ms, application-code: 19ms)[22m
 POST /app/notes/new [34m303[39m in 38ms[2m (next.js: 933µs, proxy.ts: 3ms, application-code: 34ms)[22m
  └─ ƒ createNoteAction({}) in 6ms [2msrc/app/app/notes/actions.ts[22m
 GET /app/links [32m200[39m in 60ms[2m (next.js: 919µs, proxy.ts: 2ms, application-code: 57ms)[22m
 GET /app/links?saved=1 [32m200[39m in 29ms[2m (next.js: 806µs, proxy.ts: 2ms, application-code: 26ms)[22m
 POST /app/links [34m303[39m in 44ms[2m (next.js: 873µs, proxy.ts: 3ms, application-code: 40ms)[22m
  └─ ƒ createLinkAction({}) in 7ms [2msrc/app/app/links/actions.ts[22m
 POST /api/test/mina/chat/completions [32m200[39m in 4ms[2m (next.js: 1487µs, application-code: 2ms)[22m
{"level":"warn","message":"Link favicon could not be resolved.","metadata":{"linkId":"cmn11hgd90007f1ybmmz8gyvw","url":"https://example.com/url-needle-1774140563293"},"timestamp":"2026-03-22T00:49:24.076Z"}
 GET /app/links?saved=1 [32m200[39m in 43ms[2m (next.js: 2ms, proxy.ts: 6ms, application-code: 34ms)[22m
 GET /app/tags?tag=ai-owned [32m200[39m in 150ms[2m (next.js: 24ms, proxy.ts: 15ms, application-code: 111ms)[22m
 GET /app/tags [32m200[39m in 65ms[2m (next.js: 732µs, proxy.ts: 3ms, application-code: 62ms)[22m
 GET /app/search?q=Filtered%20note%201774140563293 [32m200[39m in 85ms[2m (next.js: 16ms, proxy.ts: 2ms, application-code: 67ms)[22m
 GET /app/search?q=url-needle-1774140563293 [32m200[39m in 55ms[2m (next.js: 895µs, proxy.ts: 2ms, application-code: 52ms)[22m
 GET /app/search?q=ai-owned [32m200[39m in 49ms[2m (next.js: 1690µs, proxy.ts: 4ms, application-code: 43ms)[22m
 GET /login [32m200[39m in 15ms[2m (next.js: 818µs, application-code: 14ms)[22m
 GET /app [32m200[39m in 25ms[2m (next.js: 972µs, proxy.ts: 2ms, application-code: 21ms)[22m
 POST /login [34m303[39m in 60ms[2m (next.js: 904µs, application-code: 59ms)[22m
  └─ ƒ loginAction({}) in 31ms [2msrc/app/login/actions.ts[22m
 GET /app/links [32m200[39m in 26ms[2m (next.js: 901µs, proxy.ts: 3ms, application-code: 23ms)[22m
 GET /app/links?saved=1 [32m200[39m in 34ms[2m (next.js: 840µs, proxy.ts: 2ms, application-code: 31ms)[22m
 POST /app/links [34m303[39m in 47ms[2m (next.js: 929µs, proxy.ts: 3ms, application-code: 44ms)[22m
  └─ ƒ createLinkAction({}) in 6ms [2msrc/app/app/links/actions.ts[22m
{"level":"warn","message":"Link favicon could not be resolved.","metadata":{"linkId":"cmn11hjhp0008f1ybysmjhi1f","url":"https://example.com/ai-enriched-link-1774140567617"},"timestamp":"2026-03-22T00:49:28.122Z"}
 GET /app/links?saved=1 [32m200[39m in 49ms[2m (next.js: 2ms, proxy.ts: 9ms, application-code: 38ms)[22m
 GET /app/search?q=ai [32m200[39m in 61ms[2m (next.js: 1905µs, proxy.ts: 6ms, application-code: 54ms)[22m
 GET /app/tags?tag=ai [32m200[39m in 59ms[2m (next.js: 760µs, proxy.ts: 3ms, application-code: 55ms)[22m
 GET /login [32m200[39m in 15ms[2m (next.js: 823µs, application-code: 15ms)[22m
 GET /app [32m200[39m in 24ms[2m (next.js: 1053µs, proxy.ts: 2ms, application-code: 20ms)[22m
 POST /login [34m303[39m in 58ms[2m (next.js: 883µs, application-code: 57ms)[22m
  └─ ƒ loginAction({}) in 30ms [2msrc/app/login/actions.ts[22m
 GET /app/links [32m200[39m in 57ms[2m (next.js: 819µs, proxy.ts: 3ms, application-code: 54ms)[22m
 GET /app/links?saved=1 [32m200[39m in 33ms[2m (next.js: 797µs, proxy.ts: 2ms, application-code: 30ms)[22m
 POST /app/links [34m303[39m in 46ms[2m (next.js: 766µs, proxy.ts: 3ms, application-code: 43ms)[22m
  └─ ƒ createLinkAction({}) in 7ms [2msrc/app/app/links/actions.ts[22m
 POST /api/test/mina/chat/completions [32m200[39m in 2ms[2m (next.js: 639µs, application-code: 1487µs)[22m
 GET /app/links?saved=1 [32m200[39m in 51ms[2m (next.js: 3ms, proxy.ts: 9ms, application-code: 40ms)[22m
 GET /media/a9c23a7a-17be-4047-9a3c-821e1dce8f4a [32m200[39m in 510ms[2m (next.js: 499ms, application-code: 10ms)[22m
 GET /app/links?published=1 [32m200[39m in 45ms[2m (next.js: 1117µs, proxy.ts: 3ms, application-code: 41ms)[22m
 POST /app/links?saved=1 [34m303[39m in 62ms[2m (next.js: 1367µs, proxy.ts: 6ms, application-code: 55ms)[22m
  └─ ƒ publishLinkAction("cmn11hmc8000af1yb12cjr8c1") in 6ms [2msrc/app/app/links/actions.ts[22m
 GET /media/a9c23a7a-17be-4047-9a3c-821e1dce8f4a [32m200[39m in 22ms[2m (next.js: 2ms, application-code: 20ms)[22m
 GET / [32m200[39m in 30ms[2m (next.js: 1420µs, application-code: 29ms)[22m
 GET /media/a9c23a7a-17be-4047-9a3c-821e1dce8f4a [32m200[39m in 11ms[2m (next.js: 1762µs, application-code: 9ms)[22m
 GET /app/links [32m200[39m in 64ms[2m (next.js: 933µs, proxy.ts: 2ms, application-code: 61ms)[22m
 GET /media/a9c23a7a-17be-4047-9a3c-821e1dce8f4a [32m200[39m in 13ms[2m (next.js: 1701µs, application-code: 11ms)[22m
 GET /app/links?saved=1 [32m200[39m in 35ms[2m (next.js: 777µs, proxy.ts: 2ms, application-code: 32ms)[22m
 POST /app/links [34m303[39m in 48ms[2m (next.js: 836µs, proxy.ts: 3ms, application-code: 45ms)[22m
  └─ ƒ createLinkAction({}) in 7ms [2msrc/app/app/links/actions.ts[22m
{"level":"warn","message":"Link favicon cache failed.","metadata":{"error":"Configured link favicon fetch failure for Playwright.","linkId":"cmn11howu000bf1ybd6xagu7x","url":"https://example.com/fallback-favicon-1774140571292"},"timestamp":"2026-03-22T00:49:35.109Z"}
 POST /api/test/mina/chat/completions [32m200[39m in 1777µs[2m (next.js: 550µs, application-code: 1228µs)[22m
 GET /media/a9c23a7a-17be-4047-9a3c-821e1dce8f4a [32m200[39m in 7ms[2m (next.js: 1454µs, application-code: 6ms)[22m
 GET /app/links?saved=1 [32m200[39m in 55ms[2m (next.js: 3ms, proxy.ts: 9ms, application-code: 43ms)[22m
 GET /app/links?favicon=1 [32m200[39m in 37ms[2m (next.js: 999µs, proxy.ts: 3ms, application-code: 34ms)[22m
 POST /app/links?saved=1 [34m303[39m in 54ms[2m (next.js: 1338µs, proxy.ts: 5ms, application-code: 48ms)[22m
  └─ ƒ refreshLinkFaviconAction("cmn11howu000bf1ybd6xagu7x") in 7ms [2msrc/app/app/links/actions.ts[22m
 GET /media/a9c23a7a-17be-4047-9a3c-821e1dce8f4a [32m200[39m in 9ms[2m (next.js: 1836µs, application-code: 8ms)[22m
 GET /media/dd6f3d0d-0d7a-4bfd-aec5-52d340e0c355 [32m200[39m in 10ms[2m (next.js: 4ms, application-code: 6ms)[22m
 GET /media/draft-note-image-1774140578308 [33m404[39m in 5ms[2m (next.js: 1337µs, application-code: 3ms)[22m
 GET /login [32m200[39m in 28ms[2m (next.js: 754µs, application-code: 27ms)[22m
 GET /app [32m200[39m in 21ms[2m (next.js: 903µs, proxy.ts: 2ms, application-code: 18ms)[22m
 POST /login [34m303[39m in 59ms[2m (next.js: 1261µs, application-code: 58ms)[22m
  └─ ƒ loginAction({}) in 32ms [2msrc/app/login/actions.ts[22m
 GET /media/draft-note-image-1774140578308 [32m200[39m in 10ms[2m (next.js: 1745µs, application-code: 8ms)[22m
 GET /media/draft-note-image-1774140578308 [32m200[39m in 6ms[2m (next.js: 621µs, application-code: 5ms)[22m
 GET /media/published-note-image-1774140578678 [32m200[39m in 5ms[2m (next.js: 1396µs, application-code: 4ms)[22m
 GET /media/hidden-note-image-1774140578678 [33m404[39m in 4ms[2m (next.js: 675µs, application-code: 3ms)[22m
 GET /media/published-link-favicon-1774140578678 [32m200[39m in 4ms[2m (next.js: 624µs, application-code: 4ms)[22m
 GET /login [32m200[39m in 14ms[2m (next.js: 811µs, application-code: 14ms)[22m
 GET /app [32m200[39m in 23ms[2m (next.js: 944µs, proxy.ts: 3ms, application-code: 19ms)[22m
 POST /login [34m303[39m in 59ms[2m (next.js: 935µs, application-code: 58ms)[22m
  └─ ƒ loginAction({}) in 31ms [2msrc/app/login/actions.ts[22m
 GET /media/published-note-image-1774140578678 [32m200[39m in 9ms[2m (next.js: 1085µs, application-code: 8ms)[22m
 GET /app/notes/new [32m200[39m in 17ms[2m (next.js: 2ms, proxy.ts: 3ms, application-code: 11ms)[22m
 GET /app/notes/cmn11hs3x000cf1yb4wewpt20/edit?saved=1 [32m200[39m in 24ms[2m (next.js: 2ms, proxy.ts: 2ms, application-code: 19ms)[22m
 POST /app/notes/new [34m303[39m in 38ms[2m (next.js: 883µs, proxy.ts: 3ms, application-code: 34ms)[22m
  └─ ƒ createNoteAction({}) in 6ms [2msrc/app/app/notes/actions.ts[22m
 GET /app/notes/cmn11hs3x000cf1yb4wewpt20/edit?saved=1 [32m200[39m in 38ms[2m (next.js: 4ms, proxy.ts: 5ms, application-code: 28ms)[22m
 GET /app [32m200[39m in 54ms[2m (next.js: 1802µs, proxy.ts: 5ms, application-code: 47ms)[22m
 GET /media/published-note-image-1774140578678 [32m200[39m in 11ms[2m (next.js: 3ms, application-code: 7ms)[22m
 GET /login [32m200[39m in 17ms[2m (next.js: 865µs, application-code: 16ms)[22m
 GET /app [32m200[39m in 20ms[2m (next.js: 1096µs, proxy.ts: 2ms, application-code: 17ms)[22m
 POST /login [34m303[39m in 54ms[2m (next.js: 965µs, application-code: 53ms)[22m
  └─ ƒ loginAction({}) in 30ms [2msrc/app/login/actions.ts[22m
 GET /app/notes/new [32m200[39m in 54ms[2m (next.js: 1051µs, proxy.ts: 3ms, application-code: 50ms)[22m
 POST /api/notes/images [32m201[39m in 35ms[2m (next.js: 26ms, application-code: 9ms)[22m
 GET /media/d02e2303-fd66-4394-95df-8f44907fa193 [32m200[39m in 13ms[2m (next.js: 5ms, application-code: 8ms)[22m
 GET /app/notes/cmn11huyq000df1ybfw2ehopf/edit?saved=1 [32m200[39m in 23ms[2m (next.js: 2ms, proxy.ts: 2ms, application-code: 18ms)[22m
 POST /app/notes/new [34m303[39m in 40ms[2m (next.js: 1184µs, proxy.ts: 3ms, application-code: 36ms)[22m
  └─ ƒ createNoteAction({}) in 8ms [2msrc/app/app/notes/actions.ts[22m
 GET /media/d02e2303-fd66-4394-95df-8f44907fa193 [32m200[39m in 10ms[2m (next.js: 1259µs, application-code: 9ms)[22m
 GET / [32m200[39m in 19ms[2m (next.js: 1758µs, application-code: 18ms)[22m
 GET /login [32m200[39m in 15ms[2m (next.js: 716µs, application-code: 14ms)[22m
 GET /login [32m200[39m in 15ms[2m (next.js: 748µs, application-code: 14ms)[22m
 GET /login [32m200[39m in 15ms[2m (next.js: 730µs, application-code: 14ms)[22m
 GET /app [32m200[39m in 26ms[2m (next.js: 845µs, proxy.ts: 2ms, application-code: 23ms)[22m
 POST /login [34m303[39m in 60ms[2m (next.js: 862µs, application-code: 59ms)[22m
  └─ ƒ loginAction({}) in 30ms [2msrc/app/login/actions.ts[22m
 GET /app/notes/cmn11hvnm0008f3yb6owoq1ad/edit [32m200[39m in 44ms[2m (next.js: 2ms, proxy.ts: 3ms, application-code: 40ms)[22m
 GET /login [32m200[39m in 15ms[2m (next.js: 794µs, application-code: 15ms)[22m
 GET /app [32m200[39m in 22ms[2m (next.js: 1050µs, proxy.ts: 2ms, application-code: 18ms)[22m
 POST /login [34m303[39m in 56ms[2m (next.js: 904µs, application-code: 55ms)[22m
  └─ ƒ loginAction({}) in 30ms [2msrc/app/login/actions.ts[22m
 GET /app/notes/cmn11hw540009f3yb6anx5bn6/edit [32m200[39m in 50ms[2m (next.js: 2ms, proxy.ts: 3ms, application-code: 45ms)[22m
 GET / [32m200[39m in 18ms[2m (next.js: 846µs, application-code: 17ms)[22m
 GET / [32m200[39m in 18ms[2m (next.js: 822µs, application-code: 17ms)[22m
 GET / [32m200[39m in 17ms[2m (next.js: 741µs, application-code: 16ms)[22m
 GET / [32m200[39m in 17ms[2m (next.js: 780µs, application-code: 17ms)[22m
 GET /login [32m200[39m in 15ms[2m (next.js: 836µs, application-code: 14ms)[22m
 GET /app [32m200[39m in 20ms[2m (next.js: 801µs, proxy.ts: 2ms, application-code: 17ms)[22m
 POST /login [34m303[39m in 54ms[2m (next.js: 958µs, application-code: 53ms)[22m
  └─ ƒ loginAction({}) in 30ms [2msrc/app/login/actions.ts[22m
 GET /app/notes/new [32m200[39m in 26ms[2m (next.js: 862µs, proxy.ts: 3ms, application-code: 23ms)[22m
 GET /app/notes/cmn11hxz6000ef1ybribuhod2/edit?saved=1 [32m200[39m in 22ms[2m (next.js: 2ms, proxy.ts: 2ms, application-code: 18ms)[22m
 POST /app/notes/new [34m303[39m in 34ms[2m (next.js: 864µs, proxy.ts: 3ms, application-code: 30ms)[22m
  └─ ƒ createNoteAction({}) in 6ms [2msrc/app/app/notes/actions.ts[22m
 GET /login [32m200[39m in 17ms[2m (next.js: 815µs, application-code: 16ms)[22m
 GET /app [32m200[39m in 28ms[2m (next.js: 815µs, proxy.ts: 2ms, application-code: 25ms)[22m
 POST /login [34m303[39m in 62ms[2m (next.js: 1004µs, application-code: 61ms)[22m
  └─ ƒ loginAction({}) in 30ms [2msrc/app/login/actions.ts[22m
 GET /app/notes/cmn11hy22000tf3ybkg61k7xy/edit [32m200[39m in 43ms[2m (next.js: 2ms, proxy.ts: 2ms, application-code: 38ms)[22m
 GET /login [32m200[39m in 16ms[2m (next.js: 762µs, application-code: 15ms)[22m
 GET /app [32m200[39m in 22ms[2m (next.js: 1245µs, proxy.ts: 2ms, application-code: 18ms)[22m
 POST /login [34m303[39m in 56ms[2m (next.js: 925µs, application-code: 55ms)[22m
  └─ ƒ loginAction({}) in 30ms [2msrc/app/login/actions.ts[22m
 GET /app/notes/new [32m200[39m in 38ms[2m (next.js: 910µs, proxy.ts: 3ms, application-code: 34ms)[22m
 GET /media/3b92f5a1-6c7b-417c-b948-3dfdce5a8efe-with-extra-wrap-length-for-the-gutter [33m404[39m in 11ms[2m (next.js: 3ms, application-code: 8ms)[22m
 GET /login [32m200[39m in 17ms[2m (next.js: 792µs, application-code: 17ms)[22m
 GET /app [32m200[39m in 22ms[2m (next.js: 870µs, proxy.ts: 3ms, application-code: 18ms)[22m
 POST /login [34m303[39m in 56ms[2m (next.js: 923µs, application-code: 55ms)[22m
  └─ ƒ loginAction({}) in 30ms [2msrc/app/login/actions.ts[22m
 GET /app/notes/cmn11hyvp000vf3ybskkvoesj/edit [32m200[39m in 45ms[2m (next.js: 2ms, proxy.ts: 3ms, application-code: 40ms)[22m
 GET /login [32m200[39m in 15ms[2m (next.js: 887µs, application-code: 14ms)[22m
 GET /app [32m200[39m in 27ms[2m (next.js: 1021µs, proxy.ts: 2ms, application-code: 24ms)[22m
 POST /login [34m303[39m in 61ms[2m (next.js: 928µs, application-code: 60ms)[22m
  └─ ƒ loginAction({}) in 30ms [2msrc/app/login/actions.ts[22m
 GET /app/notes/cmn11hzb8000wf3ybdrep5j0a/edit [32m200[39m in 44ms[2m (next.js: 4ms, proxy.ts: 3ms, application-code: 38ms)[22m
 GET /app/notes/cmn11hzb8000wf3ybdrep5j0a/edit?saved=1 [32m200[39m in 23ms[2m (next.js: 1292µs, proxy.ts: 2ms, application-code: 20ms)[22m
 POST /app/notes/cmn11hzb8000wf3ybdrep5j0a/edit [34m303[39m in 40ms[2m (next.js: 2ms, proxy.ts: 3ms, application-code: 35ms)[22m
  └─ ƒ updateNoteAction("cmn11hzb8000wf3ybdrep5j0a", {}) in 6ms [2msrc/app/app/notes/actions.ts[22m
 GET /login [32m200[39m in 17ms[2m (next.js: 1029µs, application-code: 16ms)[22m
 GET /app [32m200[39m in 26ms[2m (next.js: 864µs, proxy.ts: 3ms, application-code: 23ms)[22m
 POST /login [34m303[39m in 60ms[2m (next.js: 1026µs, application-code: 59ms)[22m
  └─ ƒ loginAction({}) in 29ms [2msrc/app/login/actions.ts[22m
 GET /app/notes/cmn11i05m000xf3ybr0w6g358/edit [32m200[39m in 43ms[2m (next.js: 2ms, proxy.ts: 2ms, application-code: 39ms)[22m
 GET /login [32m200[39m in 15ms[2m (next.js: 807µs, application-code: 15ms)[22m
 GET /app [32m200[39m in 21ms[2m (next.js: 870µs, proxy.ts: 2ms, application-code: 18ms)[22m
 POST /login [34m303[39m in 55ms[2m (next.js: 954µs, application-code: 54ms)[22m
  └─ ƒ loginAction({}) in 30ms [2msrc/app/login/actions.ts[22m
 GET /app/notes/cmn11i0mu000yf3ybhz7iytco/edit [32m200[39m in 46ms[2m (next.js: 2ms, proxy.ts: 3ms, application-code: 41ms)[22m
 GET /app/notes/cmn11i0mu000yf3ybhz7iytco/edit?saved=1 [32m200[39m in 24ms[2m (next.js: 1238µs, proxy.ts: 2ms, application-code: 20ms)[22m
 POST /app/notes/cmn11i0mu000yf3ybhz7iytco/edit [34m303[39m in 38ms[2m (next.js: 2ms, proxy.ts: 3ms, application-code: 33ms)[22m
  └─ ƒ updateNoteAction("cmn11i0mu000yf3ybhz7iytco", {}) in 6ms [2msrc/app/app/notes/actions.ts[22m
 GET /app/notes/cmn11i0mu000yf3ybhz7iytco/edit?saved=1 [32m200[39m in 44ms[2m (next.js: 1494µs, proxy.ts: 3ms, application-code: 39ms)[22m
 GET /login [32m200[39m in 18ms[2m (next.js: 822µs, application-code: 17ms)[22m
 GET /app [32m200[39m in 22ms[2m (next.js: 962µs, proxy.ts: 3ms, application-code: 18ms)[22m
 POST /login [34m303[39m in 57ms[2m (next.js: 1154µs, application-code: 56ms)[22m
  └─ ƒ loginAction({}) in 31ms [2msrc/app/login/actions.ts[22m
 GET /app/notes/cmn11i1gg000zf3ybg1ebulex/edit [32m200[39m in 50ms[2m (next.js: 2ms, proxy.ts: 3ms, application-code: 45ms)[22m
 GET /login [32m200[39m in 16ms[2m (next.js: 773µs, application-code: 15ms)[22m
 GET /app [32m200[39m in 22ms[2m (next.js: 1047µs, proxy.ts: 2ms, application-code: 18ms)[22m
 POST /login [34m303[39m in 56ms[2m (next.js: 872µs, application-code: 55ms)[22m
  └─ ƒ loginAction({}) in 30ms [2msrc/app/login/actions.ts[22m
 GET /app/notes/cmn11i1ya0010f3ybojlsjwy6/edit [32m200[39m in 44ms[2m (next.js: 2ms, proxy.ts: 3ms, application-code: 39ms)[22m
 GET /app/notes/cmn11i1ya0010f3ybojlsjwy6/edit?saved=1 [32m200[39m in 29ms[2m (next.js: 1321µs, proxy.ts: 2ms, application-code: 25ms)[22m
 POST /app/notes/cmn11i1ya0010f3ybojlsjwy6/edit [34m303[39m in 44ms[2m (next.js: 3ms, proxy.ts: 3ms, application-code: 38ms)[22m
  └─ ƒ updateNoteAction("cmn11i1ya0010f3ybojlsjwy6", {}) in 6ms [2msrc/app/app/notes/actions.ts[22m
 GET /login [32m200[39m in 16ms[2m (next.js: 874µs, application-code: 15ms)[22m
 GET /app [32m200[39m in 23ms[2m (next.js: 850µs, proxy.ts: 3ms, application-code: 19ms)[22m
 POST /login [34m303[39m in 57ms[2m (next.js: 913µs, application-code: 57ms)[22m
  └─ ƒ loginAction({}) in 30ms [2msrc/app/login/actions.ts[22m
 GET /app/notes/new [32m200[39m in 33ms[2m (next.js: 1006µs, proxy.ts: 3ms, application-code: 29ms)[22m
 GET /login [32m200[39m in 17ms[2m (next.js: 772µs, application-code: 16ms)[22m
 GET /app [32m200[39m in 28ms[2m (next.js: 1068µs, proxy.ts: 3ms, application-code: 24ms)[22m
 POST /login [34m303[39m in 69ms[2m (next.js: 6ms, application-code: 62ms)[22m
  └─ ƒ loginAction({}) in 31ms [2msrc/app/login/actions.ts[22m
 GET /app/notes/cmn11i3co0012f3ybpl7nb25i/edit [32m200[39m in 44ms[2m (next.js: 2ms, proxy.ts: 3ms, application-code: 39ms)[22m
 GET /login [32m200[39m in 16ms[2m (next.js: 808µs, application-code: 15ms)[22m
 GET /app [32m200[39m in 22ms[2m (next.js: 1084µs, proxy.ts: 3ms, application-code: 18ms)[22m
 POST /login [34m303[39m in 57ms[2m (next.js: 956µs, application-code: 56ms)[22m
  └─ ƒ loginAction({}) in 31ms [2msrc/app/login/actions.ts[22m
 GET /app/notes/cmn11i3tt0013f3yb7x21sj9u/edit [32m200[39m in 49ms[2m (next.js: 2ms, proxy.ts: 3ms, application-code: 45ms)[22m
 GET /media/ui-note-images-draft-1774140594979 [33m404[39m in 6ms[2m (next.js: 2ms, application-code: 3ms)[22m
 GET /login [32m200[39m in 20ms[2m (next.js: 814µs, application-code: 19ms)[22m
 GET /app [32m200[39m in 22ms[2m (next.js: 920µs, proxy.ts: 2ms, application-code: 19ms)[22m
 POST /login [34m303[39m in 57ms[2m (next.js: 866µs, application-code: 56ms)[22m
  └─ ƒ loginAction({}) in 30ms [2msrc/app/login/actions.ts[22m
 GET /media/ui-note-images-published-first-1774140594979 [32m200[39m in 8ms[2m (next.js: 1331µs, application-code: 7ms)[22m
 GET /media/ui-note-images-draft-1774140594979 [32m200[39m in 9ms[2m (next.js: 2ms, application-code: 7ms)[22m
 GET / [32m200[39m in 17ms[2m (next.js: 868µs, application-code: 16ms)[22m
 GET /media/ui-note-images-published-first-1774140594979 [32m200[39m in 11ms[2m (next.js: 1333µs, application-code: 10ms)[22m
 GET /notes/published-note-image-card [32m200[39m in 44ms[2m (next.js: 3ms, application-code: 41ms)[22m
 GET /media/ui-note-images-published-second-1774140594979 [32m200[39m in 3ms[2m (next.js: 2ms, application-code: 894µs)[22m
 GET /media/ui-note-images-published-first-1774140594979 [32m200[39m in 4ms[2m (next.js: 1420µs, application-code: 2ms)[22m
 GET /login [32m200[39m in 17ms[2m (next.js: 771µs, application-code: 17ms)[22m
 GET /app [32m200[39m in 24ms[2m (next.js: 899µs, proxy.ts: 3ms, application-code: 20ms)[22m
 POST /login [34m303[39m in 57ms[2m (next.js: 973µs, application-code: 56ms)[22m
  └─ ƒ loginAction({}) in 30ms [2msrc/app/login/actions.ts[22m
 GET /login [32m200[39m in 16ms[2m (next.js: 795µs, application-code: 15ms)[22m
 GET /app [32m200[39m in 23ms[2m (next.js: 851µs, proxy.ts: 2ms, application-code: 20ms)[22m
 POST /login [34m303[39m in 57ms[2m (next.js: 1069µs, application-code: 56ms)[22m
  └─ ƒ loginAction({}) in 29ms [2msrc/app/login/actions.ts[22m
 GET /login [32m200[39m in 23ms[2m (next.js: 962µs, application-code: 22ms)[22m
 GET /app [32m200[39m in 22ms[2m (next.js: 871µs, proxy.ts: 3ms, application-code: 19ms)[22m
 POST /login [34m303[39m in 57ms[2m (next.js: 1096µs, application-code: 56ms)[22m
  └─ ƒ loginAction({}) in 30ms [2msrc/app/login/actions.ts[22m
 GET /app/links [32m200[39m in 52ms[2m (next.js: 2ms, proxy.ts: 3ms, application-code: 47ms)[22m
 GET /login [32m200[39m in 15ms[2m (next.js: 749µs, application-code: 15ms)[22m
 GET /app [32m200[39m in 29ms[2m (next.js: 1087µs, proxy.ts: 2ms, application-code: 26ms)[22m
 POST /login [34m303[39m in 64ms[2m (next.js: 949µs, application-code: 63ms)[22m
  └─ ƒ loginAction({}) in 30ms [2msrc/app/login/actions.ts[22m
 GET /app/links [32m200[39m in 49ms[2m (next.js: 855µs, proxy.ts: 3ms, application-code: 45ms)[22m
 GET /login [32m200[39m in 17ms[2m (next.js: 801µs, application-code: 16ms)[22m
 GET /app [32m200[39m in 28ms[2m (next.js: 1033µs, proxy.ts: 3ms, application-code: 24ms)[22m
 POST /login [34m303[39m in 62ms[2m (next.js: 1104µs, application-code: 61ms)[22m
  └─ ƒ loginAction({}) in 30ms [2msrc/app/login/actions.ts[22m
 GET /app/tags?tag=studio-systems [32m200[39m in 43ms[2m (next.js: 2ms, proxy.ts: 3ms, application-code: 38ms)[22m
 GET /login [32m200[39m in 17ms[2m (next.js: 883µs, application-code: 16ms)[22m
 GET /app [32m200[39m in 22ms[2m (next.js: 824µs, proxy.ts: 2ms, application-code: 19ms)[22m
 POST /login [34m303[39m in 56ms[2m (next.js: 904µs, application-code: 56ms)[22m
  └─ ƒ loginAction({}) in 30ms [2msrc/app/login/actions.ts[22m
 GET /app/tags?tag=studio-systems [32m200[39m in 45ms[2m (next.js: 906µs, proxy.ts: 3ms, application-code: 42ms)[22m
 GET /login [32m200[39m in 17ms[2m (next.js: 749µs, application-code: 16ms)[22m
 GET /app [32m200[39m in 22ms[2m (next.js: 1054µs, proxy.ts: 3ms, application-code: 19ms)[22m
 POST /login [34m303[39m in 57ms[2m (next.js: 900µs, application-code: 56ms)[22m
  └─ ƒ loginAction({}) in 31ms [2msrc/app/login/actions.ts[22m
 GET /app/search?q=rhythm [32m200[39m in 40ms[2m (next.js: 1434µs, proxy.ts: 2ms, application-code: 37ms)[22m
 GET /login [32m200[39m in 16ms[2m (next.js: 764µs, application-code: 15ms)[22m
 GET /app [32m200[39m in 23ms[2m (next.js: 826µs, proxy.ts: 3ms, application-code: 19ms)[22m
 POST /login [34m303[39m in 61ms[2m (next.js: 971µs, application-code: 60ms)[22m
  └─ ƒ loginAction({}) in 29ms [2msrc/app/login/actions.ts[22m
 GET /app/search?q=rhythm [32m200[39m in 39ms[2m (next.js: 1035µs, proxy.ts: 3ms, application-code: 36ms)[22m
 GET / [32m200[39m in 18ms[2m (next.js: 783µs, application-code: 17ms)[22m
 GET / [32m200[39m in 18ms[2m (next.js: 800µs, application-code: 18ms)[22m
 GET /notes/public-notes-should-read-like-finished-pages-not-dashboards [32m200[39m in 33ms[2m (next.js: 1831µs, application-code: 31ms)[22m
 GET /notes/public-notes-should-read-like-finished-pages-not-dashboards [32m200[39m in 20ms[2m (next.js: 1889µs, application-code: 18ms)[22m
 GET / [32m200[39m in 18ms[2m (next.js: 807µs, application-code: 17ms)[22m
 GET / [32m200[39m in 18ms[2m (next.js: 771µs, application-code: 17ms)[22m
 GET / [32m200[39m in 17ms[2m (next.js: 777µs, application-code: 16ms)[22m
 GET /login [32m200[39m in 16ms[2m (next.js: 809µs, application-code: 15ms)[22m
 GET /login [32m200[39m in 21ms[2m (next.js: 831µs, application-code: 20ms)[22m
 GET /app [32m200[39m in 22ms[2m (next.js: 1000µs, proxy.ts: 3ms, application-code: 18ms)[22m
 POST /login [34m303[39m in 56ms[2m (next.js: 919µs, application-code: 55ms)[22m
  └─ ƒ loginAction({}) in 30ms [2msrc/app/login/actions.ts[22m
 GET /login [32m200[39m in 16ms[2m (next.js: 929µs, application-code: 15ms)[22m
 GET /app [32m200[39m in 22ms[2m (next.js: 1041µs, proxy.ts: 3ms, application-code: 18ms)[22m
 POST /login [34m303[39m in 56ms[2m (next.js: 888µs, application-code: 55ms)[22m
  └─ ƒ loginAction({}) in 30ms [2msrc/app/login/actions.ts[22m
