
> minakeep@0.1.0 dev
> next dev --hostname 127.0.0.1 --port 3100

[1m[38;2;173;127;168m▲ Next.js 16.2.0[39m[22m (Turbopack)
- Local:         http://127.0.0.1:3100
- Network:       http://127.0.0.1:3100
- Environments: .env
[32m[1m✓[22m[39m Ready in 199ms

 GET /api/health [32m200[39m in 98ms[2m (next.js: 88ms, application-code: 10ms)[22m
 GET /login [32m200[39m in 160ms[2m (next.js: 51ms, application-code: 110ms)[22m
 GET /app [32m200[39m in 117ms[2m (next.js: 26ms, proxy.ts: 37ms, application-code: 54ms)[22m
 POST /login [34m303[39m in 225ms[2m (next.js: 1422µs, application-code: 224ms)[22m
  └─ ƒ loginAction({}) in 98ms [2msrc/app/login/actions.ts[22m
 GET / [32m200[39m in 37ms[2m (next.js: 9ms, application-code: 28ms)[22m
 GET /login?callbackUrl=http%3A%2F%2Flocalhost%3A3100%2Fapp%2Fsearch [32m200[39m in 28ms[2m (next.js: 859µs, application-code: 27ms)[22m
 GET /login?callbackUrl=http%3A%2F%2Flocalhost%3A3100%2Fapp%2Fnotes%2Fnew [32m200[39m in 19ms[2m (next.js: 942µs, application-code: 18ms)[22m
 GET /app [32m200[39m in 23ms[2m (next.js: 1095µs, proxy.ts: 3ms, application-code: 19ms)[22m
 POST /login?callbackUrl=http%3A%2F%2Flocalhost%3A3100%2Fapp%2Fnotes%2Fnew [34m303[39m in 58ms[2m (next.js: 1000µs, application-code: 57ms)[22m
  └─ ƒ loginAction({}) in 29ms [2msrc/app/login/actions.ts[22m
 GET /app/notes/new [32m200[39m in 36ms[2m (next.js: 19ms, proxy.ts: 3ms, application-code: 14ms)[22m
 GET /app/notes/cmn0bzmel0000ohybx93duaru/edit?saved=1 [32m200[39m in 247ms[2m (next.js: 222ms, proxy.ts: 4ms, application-code: 21ms)[22m
 POST /app/notes/new [34m303[39m in 287ms[2m (next.js: 1059µs, proxy.ts: 3ms, application-code: 282ms)[22m
  └─ ƒ createNoteAction({}) in 22ms [2msrc/app/app/notes/actions.ts[22m
 POST /app/notes/cmn0bzmel0000ohybx93duaru/edit?saved=1 [34m303[39m in 141ms[2m (next.js: 4ms, proxy.ts: 4ms, application-code: 133ms)[22m
  └─ ƒ updateNoteAction("cmn0bzmel0000ohybx93duaru", {}) in 8ms [2msrc/app/app/notes/actions.ts[22m
 GET /app [32m200[39m in 183ms[2m (next.js: 6ms, proxy.ts: 8ms, application-code: 169ms)[22m
 GET /app/notes/cmn0bzmel0000ohybx93duaru/edit?saved=1 [32m200[39m in 149ms[2m (next.js: 8ms, proxy.ts: 103ms, application-code: 37ms)[22m
 GET /app/notes/cmn0bzmel0000ohybx93duaru/edit [32m200[39m in 24ms[2m (next.js: 3ms, proxy.ts: 5ms, application-code: 17ms)[22m
 GET /login [32m200[39m in 19ms[2m (next.js: 891µs, application-code: 18ms)[22m
 GET /app [32m200[39m in 23ms[2m (next.js: 1041µs, proxy.ts: 3ms, application-code: 19ms)[22m
 POST /login [34m303[39m in 57ms[2m (next.js: 950µs, application-code: 56ms)[22m
  └─ ƒ loginAction({}) in 30ms [2msrc/app/login/actions.ts[22m
 GET /app/notes/new [32m200[39m in 22ms[2m (next.js: 1038µs, proxy.ts: 3ms, application-code: 17ms)[22m
 GET /app/notes/cmn0bznc10001ohybp0bn7le7/edit?saved=1 [32m200[39m in 31ms[2m (next.js: 2ms, proxy.ts: 2ms, application-code: 27ms)[22m
 POST /app/notes/new [34m303[39m in 47ms[2m (next.js: 1011µs, proxy.ts: 3ms, application-code: 43ms)[22m
  └─ ƒ createNoteAction({}) in 7ms [2msrc/app/app/notes/actions.ts[22m
 POST /api/test/mina/chat/completions [32m200[39m in 1514ms[2m (next.js: 13ms, application-code: 1501ms)[22m
 GET /app/notes/cmn0bznc10001ohybp0bn7le7/edit?saved=1 [32m200[39m in 37ms[2m (next.js: 5ms, proxy.ts: 7ms, application-code: 24ms)[22m
 GET /app/notes/cmn0bznc10001ohybp0bn7le7/edit?retried=1 [32m200[39m in 26ms[2m (next.js: 1642µs, proxy.ts: 3ms, application-code: 21ms)[22m
 POST /app/notes/cmn0bznc10001ohybp0bn7le7/edit?saved=1 [34m303[39m in 46ms[2m (next.js: 5ms, proxy.ts: 5ms, application-code: 36ms)[22m
  └─ ƒ retryNoteEnrichmentAction("cmn0bznc10001ohybp0bn7le7") in 5ms [2msrc/app/app/notes/actions.ts[22m
 POST /api/test/mina/chat/completions [32m200[39m in 1509ms[2m (next.js: 676µs, application-code: 1508ms)[22m
 GET /app/notes/cmn0bznc10001ohybp0bn7le7/edit?retried=1 [32m200[39m in 42ms[2m (next.js: 6ms, proxy.ts: 9ms, application-code: 27ms)[22m
 GET /login [32m200[39m in 21ms[2m (next.js: 864µs, application-code: 20ms)[22m
 GET /app [32m200[39m in 25ms[2m (next.js: 927µs, proxy.ts: 3ms, application-code: 22ms)[22m
 POST /login [34m303[39m in 60ms[2m (next.js: 981µs, application-code: 59ms)[22m
  └─ ƒ loginAction({}) in 30ms [2msrc/app/login/actions.ts[22m
 GET /app/notes/new [32m200[39m in 18ms[2m (next.js: 874µs, proxy.ts: 3ms, application-code: 14ms)[22m
 GET /app/notes/cmn0bzscl0002ohyb6ye6b5sk/edit?saved=1 [32m200[39m in 26ms[2m (next.js: 2ms, proxy.ts: 2ms, application-code: 22ms)[22m
 POST /app/notes/new [34m303[39m in 41ms[2m (next.js: 1010µs, proxy.ts: 3ms, application-code: 37ms)[22m
  └─ ƒ createNoteAction({}) in 6ms [2msrc/app/app/notes/actions.ts[22m
 GET /app/notes/cmn0bzscl0002ohyb6ye6b5sk/edit?published=1 [32m200[39m in 23ms[2m (next.js: 1269µs, proxy.ts: 3ms, application-code: 19ms)[22m
 POST /app/notes/cmn0bzscl0002ohyb6ye6b5sk/edit?saved=1 [34m303[39m in 38ms[2m (next.js: 1438µs, proxy.ts: 3ms, application-code: 34ms)[22m
  └─ ƒ publishNoteAction("cmn0bzscl0002ohyb6ye6b5sk") in 6ms [2msrc/app/app/notes/actions.ts[22m
 GET / [32m200[39m in 18ms[2m (next.js: 1024µs, application-code: 17ms)[22m
 GET /notes/public-note-1774097748844 [32m200[39m in 204ms[2m (next.js: 185ms, application-code: 19ms)[22m
 GET /app [32m200[39m in 48ms[2m (next.js: 940µs, proxy.ts: 3ms, application-code: 45ms)[22m
 GET /app/notes/cmn0bzscl0002ohyb6ye6b5sk/edit [32m200[39m in 21ms[2m (next.js: 2ms, proxy.ts: 3ms, application-code: 16ms)[22m
 GET /app/notes/cmn0bzscl0002ohyb6ye6b5sk/edit?unpublished=1 [32m200[39m in 22ms[2m (next.js: 1355µs, proxy.ts: 2ms, application-code: 18ms)[22m
 POST /app/notes/cmn0bzscl0002ohyb6ye6b5sk/edit [34m303[39m in 37ms[2m (next.js: 1488µs, proxy.ts: 3ms, application-code: 33ms)[22m
  └─ ƒ unpublishNoteAction("cmn0bzscl0002ohyb6ye6b5sk") in 5ms [2msrc/app/app/notes/actions.ts[22m
 GET / [32m200[39m in 28ms[2m (next.js: 925µs, application-code: 27ms)[22m
 GET /notes/public-note-1774097748844 [33m404[39m in 28ms[2m (next.js: 1929µs, application-code: 26ms)[22m
 GET /login [32m200[39m in 20ms[2m (next.js: 797µs, application-code: 19ms)[22m
 GET /app [32m200[39m in 28ms[2m (next.js: 1226µs, proxy.ts: 2ms, application-code: 24ms)[22m
 POST /login [34m303[39m in 62ms[2m (next.js: 861µs, application-code: 61ms)[22m
  └─ ƒ loginAction({}) in 30ms [2msrc/app/login/actions.ts[22m
 GET /app/links [32m200[39m in 36ms[2m (next.js: 16ms, proxy.ts: 3ms, application-code: 17ms)[22m
 GET /app/links?saved=1 [32m200[39m in 24ms[2m (next.js: 919µs, proxy.ts: 2ms, application-code: 20ms)[22m
 POST /app/links [34m303[39m in 41ms[2m (next.js: 932µs, proxy.ts: 3ms, application-code: 37ms)[22m
  └─ ƒ createLinkAction({}) in 8ms [2msrc/app/app/links/actions.ts[22m
 POST /api/test/mina/chat/completions [32m200[39m in 3ms[2m (next.js: 773µs, application-code: 2ms)[22m
 GET /app/links?saved=1 [32m200[39m in 38ms[2m (next.js: 1969µs, proxy.ts: 11ms, application-code: 25ms)[22m
 GET / [32m200[39m in 30ms[2m (next.js: 2ms, application-code: 28ms)[22m
 GET /login [32m200[39m in 17ms[2m (next.js: 856µs, application-code: 16ms)[22m
 GET /app [32m200[39m in 24ms[2m (next.js: 915µs, proxy.ts: 3ms, application-code: 20ms)[22m
 POST /login [34m303[39m in 77ms[2m (next.js: 940µs, application-code: 76ms)[22m
  └─ ƒ loginAction({}) in 48ms [2msrc/app/login/actions.ts[22m
 GET /app/links [32m200[39m in 25ms[2m (next.js: 3ms, proxy.ts: 4ms, application-code: 19ms)[22m
 GET /app/links?saved=1 [32m200[39m in 26ms[2m (next.js: 857µs, proxy.ts: 2ms, application-code: 22ms)[22m
 POST /app/links [34m303[39m in 40ms[2m (next.js: 890µs, proxy.ts: 3ms, application-code: 36ms)[22m
  └─ ƒ createLinkAction({}) in 6ms [2msrc/app/app/links/actions.ts[22m
 POST /api/test/mina/chat/completions [32m200[39m in 2ms[2m (next.js: 625µs, application-code: 1441µs)[22m
 GET /app/links?saved=1 [32m200[39m in 37ms[2m (next.js: 1773µs, proxy.ts: 7ms, application-code: 28ms)[22m
 GET /app/links?published=1 [32m200[39m in 28ms[2m (next.js: 961µs, proxy.ts: 3ms, application-code: 24ms)[22m
 POST /app/links?saved=1 [34m303[39m in 48ms[2m (next.js: 1743µs, proxy.ts: 6ms, application-code: 40ms)[22m
  └─ ƒ publishLinkAction("cmn0bzwa70004ohybfdpxqqyf") in 7ms [2msrc/app/app/links/actions.ts[22m
 GET / [32m200[39m in 22ms[2m (next.js: 816µs, application-code: 21ms)[22m
 GET /app/links [32m200[39m in 60ms[2m (next.js: 937µs, proxy.ts: 2ms, application-code: 56ms)[22m
 GET /app/links?unpublished=1 [32m200[39m in 24ms[2m (next.js: 803µs, proxy.ts: 2ms, application-code: 21ms)[22m
 POST /app/links [34m303[39m in 37ms[2m (next.js: 897µs, proxy.ts: 3ms, application-code: 33ms)[22m
  └─ ƒ unpublishLinkAction("cmn0bzwa70004ohybfdpxqqyf") in 5ms [2msrc/app/app/links/actions.ts[22m
 GET / [32m200[39m in 17ms[2m (next.js: 848µs, application-code: 17ms)[22m
 GET /login [32m200[39m in 17ms[2m (next.js: 754µs, application-code: 16ms)[22m
 GET /app [32m200[39m in 26ms[2m (next.js: 1310µs, proxy.ts: 2ms, application-code: 22ms)[22m
 POST /login [34m303[39m in 60ms[2m (next.js: 974µs, application-code: 59ms)[22m
  └─ ƒ loginAction({}) in 30ms [2msrc/app/login/actions.ts[22m
 GET /app/links [32m200[39m in 23ms[2m (next.js: 958µs, proxy.ts: 3ms, application-code: 19ms)[22m
 GET /app/links?saved=1 [32m200[39m in 27ms[2m (next.js: 823µs, proxy.ts: 2ms, application-code: 24ms)[22m
 POST /app/links [34m303[39m in 40ms[2m (next.js: 1042µs, proxy.ts: 3ms, application-code: 36ms)[22m
  └─ ƒ createLinkAction({}) in 5ms [2msrc/app/app/links/actions.ts[22m
 POST /api/test/mina/chat/completions [32m200[39m in 1512ms[2m (next.js: 607µs, application-code: 1511ms)[22m
 GET /app/links?saved=1 [32m200[39m in 49ms[2m (next.js: 3ms, proxy.ts: 11ms, application-code: 35ms)[22m
 GET /app/links?retried=1 [32m200[39m in 49ms[2m (next.js: 1447µs, proxy.ts: 4ms, application-code: 43ms)[22m
 POST /app/links?saved=1 [34m303[39m in 74ms[2m (next.js: 1511µs, proxy.ts: 6ms, application-code: 66ms)[22m
  └─ ƒ retryLinkEnrichmentAction("cmn0bzzct0005ohyb53npe1vy") in 7ms [2msrc/app/app/links/actions.ts[22m
 POST /api/test/mina/chat/completions [32m200[39m in 1509ms[2m (next.js: 672µs, application-code: 1509ms)[22m
 GET /app/links?retried=1 [32m200[39m in 44ms[2m (next.js: 3ms, proxy.ts: 9ms, application-code: 32ms)[22m
 GET /login [32m200[39m in 18ms[2m (next.js: 942µs, application-code: 17ms)[22m
 GET /app [32m200[39m in 23ms[2m (next.js: 895µs, proxy.ts: 2ms, application-code: 20ms)[22m
 POST /login [34m303[39m in 57ms[2m (next.js: 873µs, application-code: 56ms)[22m
  └─ ƒ loginAction({}) in 30ms [2msrc/app/login/actions.ts[22m
 GET /app/links [32m200[39m in 23ms[2m (next.js: 926µs, proxy.ts: 3ms, application-code: 19ms)[22m
 GET /app/links?error=invalid-url [32m200[39m in 25ms[2m (next.js: 818µs, proxy.ts: 2ms, application-code: 21ms)[22m
 POST /app/links [34m303[39m in 36ms[2m (next.js: 1108µs, proxy.ts: 3ms, application-code: 32ms)[22m
  └─ ƒ createLinkAction({}) in 3ms [2msrc/app/app/links/actions.ts[22m
 GET /login [32m200[39m in 19ms[2m (next.js: 769µs, application-code: 18ms)[22m
 GET /app [32m200[39m in 24ms[2m (next.js: 985µs, proxy.ts: 2ms, application-code: 20ms)[22m
 POST /login [34m303[39m in 57ms[2m (next.js: 997µs, application-code: 56ms)[22m
  └─ ƒ loginAction({}) in 30ms [2msrc/app/login/actions.ts[22m
 GET /app/notes/new [32m200[39m in 16ms[2m (next.js: 990µs, proxy.ts: 3ms, application-code: 12ms)[22m
 GET /app/notes/cmn0c04th0006ohybesmp117w/edit?saved=1 [32m200[39m in 38ms[2m (next.js: 2ms, proxy.ts: 17ms, application-code: 19ms)[22m
 POST /app/notes/new [34m303[39m in 56ms[2m (next.js: 1796µs, proxy.ts: 4ms, application-code: 50ms)[22m
  └─ ƒ createNoteAction({}) in 7ms [2msrc/app/app/notes/actions.ts[22m
 GET /app/links [32m200[39m in 46ms[2m (next.js: 812µs, proxy.ts: 2ms, application-code: 43ms)[22m
 GET /app/links?saved=1 [32m200[39m in 28ms[2m (next.js: 930µs, proxy.ts: 3ms, application-code: 25ms)[22m
 POST /app/links [34m303[39m in 43ms[2m (next.js: 1012µs, proxy.ts: 3ms, application-code: 39ms)[22m
  └─ ƒ createLinkAction({}) in 6ms [2msrc/app/app/links/actions.ts[22m
 POST /api/test/mina/chat/completions [32m200[39m in 2ms[2m (next.js: 630µs, application-code: 1498µs)[22m
 GET /app/links?saved=1 [32m200[39m in 40ms[2m (next.js: 1996µs, proxy.ts: 7ms, application-code: 31ms)[22m
 GET /app/tags?tag=ai-owned [32m200[39m in 121ms[2m (next.js: 24ms, proxy.ts: 6ms, application-code: 90ms)[22m
 GET /app/tags [32m200[39m in 116ms[2m (next.js: 777µs, proxy.ts: 3ms, application-code: 112ms)[22m
 GET /app/search?q=Filtered%20note%201774097765014 [32m200[39m in 80ms[2m (next.js: 14ms, proxy.ts: 3ms, application-code: 63ms)[22m
 GET /app/search?q=url-needle-1774097765014 [32m200[39m in 44ms[2m (next.js: 888µs, proxy.ts: 3ms, application-code: 41ms)[22m
 GET /app/search?q=ai-owned [32m200[39m in 36ms[2m (next.js: 836µs, proxy.ts: 3ms, application-code: 32ms)[22m
 GET /login [32m200[39m in 17ms[2m (next.js: 860µs, application-code: 16ms)[22m
 GET /app [32m200[39m in 26ms[2m (next.js: 1028µs, proxy.ts: 2ms, application-code: 23ms)[22m
 POST /login [34m303[39m in 62ms[2m (next.js: 868µs, application-code: 61ms)[22m
  └─ ƒ loginAction({}) in 30ms [2msrc/app/login/actions.ts[22m
 GET /app/links [32m200[39m in 30ms[2m (next.js: 1230µs, proxy.ts: 3ms, application-code: 26ms)[22m
 GET /app/links?saved=1 [32m200[39m in 28ms[2m (next.js: 763µs, proxy.ts: 2ms, application-code: 25ms)[22m
 POST /app/links [34m303[39m in 42ms[2m (next.js: 875µs, proxy.ts: 3ms, application-code: 38ms)[22m
  └─ ƒ createLinkAction({}) in 7ms [2msrc/app/app/links/actions.ts[22m
 GET /app/links?saved=1 [32m200[39m in 46ms[2m (next.js: 2ms, proxy.ts: 9ms, application-code: 35ms)[22m
 GET /app/search?q=ai [32m200[39m in 54ms[2m (next.js: 1966µs, proxy.ts: 5ms, application-code: 47ms)[22m
 GET /app/tags?tag=ai [32m200[39m in 62ms[2m (next.js: 832µs, proxy.ts: 3ms, application-code: 59ms)[22m
 GET /media/draft-note-image-1774097773048 [33m404[39m in 423ms[2m (next.js: 415ms, application-code: 8ms)[22m
 GET /login [32m200[39m in 15ms[2m (next.js: 889µs, application-code: 14ms)[22m
 GET /app [32m200[39m in 21ms[2m (next.js: 887µs, proxy.ts: 3ms, application-code: 18ms)[22m
 POST /login [34m303[39m in 56ms[2m (next.js: 878µs, application-code: 55ms)[22m
  └─ ƒ loginAction({}) in 30ms [2msrc/app/login/actions.ts[22m
 GET /media/draft-note-image-1774097773048 [32m200[39m in 9ms[2m (next.js: 1534µs, application-code: 7ms)[22m
 GET /media/published-note-image-1774097773826 [32m200[39m in 5ms[2m (next.js: 1339µs, application-code: 4ms)[22m
 GET /media/hidden-note-image-1774097773826 [33m404[39m in 4ms[2m (next.js: 809µs, application-code: 4ms)[22m
 GET /media/published-link-favicon-1774097773826 [32m200[39m in 5ms[2m (next.js: 800µs, application-code: 4ms)[22m
 GET /login [32m200[39m in 15ms[2m (next.js: 742µs, application-code: 14ms)[22m
 GET /app [32m200[39m in 22ms[2m (next.js: 1171µs, proxy.ts: 2ms, application-code: 19ms)[22m
 POST /login [34m303[39m in 57ms[2m (next.js: 915µs, application-code: 56ms)[22m
  └─ ƒ loginAction({}) in 31ms [2msrc/app/login/actions.ts[22m
 GET /app/notes/new [32m200[39m in 17ms[2m (next.js: 889µs, proxy.ts: 3ms, application-code: 13ms)[22m
 GET /app/notes/cmn0c0bo30009ohybkfhtrojk/edit?saved=1 [32m200[39m in 29ms[2m (next.js: 2ms, proxy.ts: 7ms, application-code: 19ms)[22m
 POST /app/notes/new [34m303[39m in 49ms[2m (next.js: 1025µs, proxy.ts: 5ms, application-code: 43ms)[22m
  └─ ƒ createNoteAction({}) in 10ms [2msrc/app/app/notes/actions.ts[22m
 GET /app/notes/cmn0c0bo30009ohybkfhtrojk/edit?saved=1 [32m200[39m in 44ms[2m (next.js: 7ms, proxy.ts: 11ms, application-code: 26ms)[22m
 GET /app [32m200[39m in 53ms[2m (next.js: 2ms, proxy.ts: 6ms, application-code: 45ms)[22m
 GET /login [32m200[39m in 17ms[2m (next.js: 827µs, application-code: 16ms)[22m
 GET /app [32m200[39m in 30ms[2m (next.js: 1087µs, proxy.ts: 3ms, application-code: 26ms)[22m
 POST /login [34m303[39m in 64ms[2m (next.js: 958µs, application-code: 63ms)[22m
  └─ ƒ loginAction({}) in 30ms [2msrc/app/login/actions.ts[22m
 GET /app/notes/new [32m200[39m in 29ms[2m (next.js: 907µs, proxy.ts: 3ms, application-code: 25ms)[22m
 POST /api/notes/images [32m201[39m in 26ms[2m (next.js: 16ms, application-code: 9ms)[22m
 GET /media/9bc7bf7b-3f43-49f0-a2cd-87e6a90755fa [32m200[39m in 10ms[2m (next.js: 4ms, application-code: 7ms)[22m
 GET /app/notes/cmn0c0ehs000aohyb2w51w97a/edit?saved=1 [32m200[39m in 23ms[2m (next.js: 2ms, proxy.ts: 2ms, application-code: 18ms)[22m
 POST /app/notes/new [34m303[39m in 40ms[2m (next.js: 1294µs, proxy.ts: 3ms, application-code: 36ms)[22m
  └─ ƒ createNoteAction({}) in 8ms [2msrc/app/app/notes/actions.ts[22m
 GET /media/9bc7bf7b-3f43-49f0-a2cd-87e6a90755fa [32m200[39m in 10ms[2m (next.js: 1362µs, application-code: 9ms)[22m
 GET / [32m200[39m in 18ms[2m (next.js: 835µs, application-code: 17ms)[22m
 GET /login [32m200[39m in 15ms[2m (next.js: 738µs, application-code: 14ms)[22m
 GET /login [32m200[39m in 15ms[2m (next.js: 723µs, application-code: 15ms)[22m
 GET /login [32m200[39m in 19ms[2m (next.js: 840µs, application-code: 18ms)[22m
 GET /app [32m200[39m in 21ms[2m (next.js: 882µs, proxy.ts: 2ms, application-code: 18ms)[22m
 POST /login [34m303[39m in 55ms[2m (next.js: 956µs, application-code: 54ms)[22m
  └─ ƒ loginAction({}) in 30ms [2msrc/app/login/actions.ts[22m
 GET /app/notes/cmn0c0f710008ojyb7f3z9o0l/edit [32m200[39m in 41ms[2m (next.js: 2ms, proxy.ts: 3ms, application-code: 37ms)[22m
 GET /login [32m200[39m in 16ms[2m (next.js: 814µs, application-code: 15ms)[22m
 GET /app [32m200[39m in 30ms[2m (next.js: 1013µs, proxy.ts: 2ms, application-code: 26ms)[22m
 POST /login [34m303[39m in 64ms[2m (next.js: 925µs, application-code: 63ms)[22m
  └─ ƒ loginAction({}) in 30ms [2msrc/app/login/actions.ts[22m
 GET /app/notes/cmn0c0for0009ojybnlfsj5o6/edit [32m200[39m in 41ms[2m (next.js: 2ms, proxy.ts: 3ms, application-code: 36ms)[22m
 GET / [32m200[39m in 18ms[2m (next.js: 788µs, application-code: 17ms)[22m
 GET / [32m200[39m in 18ms[2m (next.js: 818µs, application-code: 17ms)[22m
 GET / [32m200[39m in 17ms[2m (next.js: 791µs, application-code: 16ms)[22m
 GET / [32m200[39m in 18ms[2m (next.js: 769µs, application-code: 17ms)[22m
 GET /login [32m200[39m in 22ms[2m (next.js: 804µs, application-code: 21ms)[22m
 GET /app [32m200[39m in 21ms[2m (next.js: 905µs, proxy.ts: 2ms, application-code: 18ms)[22m
 POST /login [34m303[39m in 56ms[2m (next.js: 988µs, application-code: 55ms)[22m
  └─ ƒ loginAction({}) in 30ms [2msrc/app/login/actions.ts[22m
 GET /app/notes/new [32m200[39m in 26ms[2m (next.js: 913µs, proxy.ts: 3ms, application-code: 23ms)[22m
 GET /app/notes/cmn0c0hm7000bohyb5jd57ke4/edit?saved=1 [32m200[39m in 24ms[2m (next.js: 2ms, proxy.ts: 2ms, application-code: 19ms)[22m
 POST /app/notes/new [34m303[39m in 36ms[2m (next.js: 942µs, proxy.ts: 3ms, application-code: 32ms)[22m
  └─ ƒ createNoteAction({}) in 6ms [2msrc/app/app/notes/actions.ts[22m
 GET /login [32m200[39m in 18ms[2m (next.js: 911µs, application-code: 17ms)[22m
 GET /app [32m200[39m in 29ms[2m (next.js: 959µs, proxy.ts: 3ms, application-code: 25ms)[22m
 POST /login [34m303[39m in 63ms[2m (next.js: 994µs, application-code: 62ms)[22m
  └─ ƒ loginAction({}) in 30ms [2msrc/app/login/actions.ts[22m
 GET /app/notes/cmn0c0hp3000tojybchkw3jhn/edit [32m200[39m in 43ms[2m (next.js: 2ms, proxy.ts: 3ms, application-code: 38ms)[22m
 GET /login [32m200[39m in 16ms[2m (next.js: 829µs, application-code: 15ms)[22m
 GET /app [32m200[39m in 22ms[2m (next.js: 844µs, proxy.ts: 3ms, application-code: 19ms)[22m
 POST /login [34m303[39m in 56ms[2m (next.js: 920µs, application-code: 55ms)[22m
  └─ ƒ loginAction({}) in 29ms [2msrc/app/login/actions.ts[22m
 GET /app/notes/cmn0c0i6q000uojybposyp7qi/edit [32m200[39m in 49ms[2m (next.js: 2ms, proxy.ts: 3ms, application-code: 43ms)[22m
 GET /login [32m200[39m in 16ms[2m (next.js: 820µs, application-code: 15ms)[22m
 GET /app [32m200[39m in 22ms[2m (next.js: 981µs, proxy.ts: 3ms, application-code: 18ms)[22m
 POST /login [34m303[39m in 58ms[2m (next.js: 3ms, application-code: 55ms)[22m
  └─ ƒ loginAction({}) in 30ms [2msrc/app/login/actions.ts[22m
 GET /app/notes/cmn0c0ilv000vojyb5xeqpaek/edit [32m200[39m in 39ms[2m (next.js: 2ms, proxy.ts: 3ms, application-code: 34ms)[22m
 GET /app/notes/cmn0c0ilv000vojyb5xeqpaek/edit?saved=1 [32m200[39m in 24ms[2m (next.js: 1279µs, proxy.ts: 2ms, application-code: 20ms)[22m
 POST /app/notes/cmn0c0ilv000vojyb5xeqpaek/edit [34m303[39m in 39ms[2m (next.js: 2ms, proxy.ts: 3ms, application-code: 34ms)[22m
  └─ ƒ updateNoteAction("cmn0c0ilv000vojyb5xeqpaek", {}) in 6ms [2msrc/app/app/notes/actions.ts[22m
 GET /login [32m200[39m in 24ms[2m (next.js: 810µs, application-code: 24ms)[22m
 GET /app [32m200[39m in 24ms[2m (next.js: 1170µs, proxy.ts: 2ms, application-code: 20ms)[22m
 POST /login [34m303[39m in 58ms[2m (next.js: 925µs, application-code: 57ms)[22m
  └─ ƒ loginAction({}) in 30ms [2msrc/app/login/actions.ts[22m
 GET /app/notes/cmn0c0je2000wojybwlkcs2uj/edit [32m200[39m in 40ms[2m (next.js: 2ms, proxy.ts: 3ms, application-code: 35ms)[22m
 GET /login [32m200[39m in 15ms[2m (next.js: 829µs, application-code: 14ms)[22m
 GET /app [32m200[39m in 22ms[2m (next.js: 860µs, proxy.ts: 2ms, application-code: 19ms)[22m
 POST /login [34m303[39m in 56ms[2m (next.js: 921µs, application-code: 55ms)[22m
  └─ ƒ loginAction({}) in 30ms [2msrc/app/login/actions.ts[22m
 GET /app/notes/cmn0c0jvx000xojybl6tw6317/edit [32m200[39m in 46ms[2m (next.js: 2ms, proxy.ts: 3ms, application-code: 41ms)[22m
 GET /app/notes/cmn0c0jvx000xojybl6tw6317/edit?saved=1 [32m200[39m in 27ms[2m (next.js: 1464µs, proxy.ts: 3ms, application-code: 23ms)[22m
 POST /app/notes/cmn0c0jvx000xojybl6tw6317/edit [34m303[39m in 44ms[2m (next.js: 2ms, proxy.ts: 5ms, application-code: 37ms)[22m
  └─ ƒ updateNoteAction("cmn0c0jvx000xojybl6tw6317", {}) in 6ms [2msrc/app/app/notes/actions.ts[22m
 GET /app/notes/cmn0c0jvx000xojybl6tw6317/edit?saved=1 [32m200[39m in 40ms[2m (next.js: 1532µs, proxy.ts: 3ms, application-code: 36ms)[22m
 GET /login [32m200[39m in 19ms[2m (next.js: 823µs, application-code: 18ms)[22m
 GET /app [32m200[39m in 27ms[2m (next.js: 913µs, proxy.ts: 2ms, application-code: 24ms)[22m
 POST /login [34m303[39m in 62ms[2m (next.js: 1064µs, application-code: 61ms)[22m
  └─ ƒ loginAction({}) in 30ms [2msrc/app/login/actions.ts[22m
 GET /app/notes/cmn0c0kpb000yojybhdw181xl/edit [32m200[39m in 44ms[2m (next.js: 2ms, proxy.ts: 3ms, application-code: 39ms)[22m
 GET /login [32m200[39m in 17ms[2m (next.js: 883µs, application-code: 16ms)[22m
 GET /app [32m200[39m in 22ms[2m (next.js: 1006µs, proxy.ts: 3ms, application-code: 19ms)[22m
 POST /login [34m303[39m in 57ms[2m (next.js: 891µs, application-code: 56ms)[22m
  └─ ƒ loginAction({}) in 30ms [2msrc/app/login/actions.ts[22m
 GET /app/notes/cmn0c0l6i000zojybuigj51mv/edit [32m200[39m in 43ms[2m (next.js: 2ms, proxy.ts: 2ms, application-code: 38ms)[22m
 GET /app/notes/cmn0c0l6i000zojybuigj51mv/edit?saved=1 [32m200[39m in 26ms[2m (next.js: 1550µs, proxy.ts: 3ms, application-code: 21ms)[22m
 POST /app/notes/cmn0c0l6i000zojybuigj51mv/edit [34m303[39m in 47ms[2m (next.js: 2ms, proxy.ts: 3ms, application-code: 42ms)[22m
  └─ ƒ updateNoteAction("cmn0c0l6i000zojybuigj51mv", {}) in 6ms [2msrc/app/app/notes/actions.ts[22m
 GET /login [32m200[39m in 16ms[2m (next.js: 922µs, application-code: 15ms)[22m
 GET /app [32m200[39m in 23ms[2m (next.js: 1039µs, proxy.ts: 2ms, application-code: 20ms)[22m
 POST /login [34m303[39m in 57ms[2m (next.js: 965µs, application-code: 56ms)[22m
  └─ ƒ loginAction({}) in 30ms [2msrc/app/login/actions.ts[22m
 GET /app/notes/new [32m200[39m in 27ms[2m (next.js: 931µs, proxy.ts: 3ms, application-code: 24ms)[22m
 GET /login [32m200[39m in 16ms[2m (next.js: 989µs, application-code: 15ms)[22m
 GET /app [32m200[39m in 27ms[2m (next.js: 1084µs, proxy.ts: 2ms, application-code: 24ms)[22m
 POST /login [34m303[39m in 61ms[2m (next.js: 887µs, application-code: 60ms)[22m
  └─ ƒ loginAction({}) in 29ms [2msrc/app/login/actions.ts[22m
 GET /app/notes/cmn0c0mij0011ojybv68srmhn/edit [32m200[39m in 44ms[2m (next.js: 2ms, proxy.ts: 2ms, application-code: 39ms)[22m
 GET /login [32m200[39m in 16ms[2m (next.js: 827µs, application-code: 15ms)[22m
 GET /app [32m200[39m in 22ms[2m (next.js: 1082µs, proxy.ts: 2ms, application-code: 18ms)[22m
 POST /login [34m303[39m in 56ms[2m (next.js: 937µs, application-code: 55ms)[22m
  └─ ƒ loginAction({}) in 30ms [2msrc/app/login/actions.ts[22m
 GET /app/notes/cmn0c0mz20012ojyb1olpwy8f/edit [32m200[39m in 45ms[2m (next.js: 2ms, proxy.ts: 3ms, application-code: 40ms)[22m
 GET /login [32m200[39m in 16ms[2m (next.js: 1014µs, application-code: 15ms)[22m
 GET /app [32m200[39m in 24ms[2m (next.js: 1094µs, proxy.ts: 2ms, application-code: 20ms)[22m
 POST /login [34m303[39m in 58ms[2m (next.js: 920µs, application-code: 57ms)[22m
  └─ ƒ loginAction({}) in 30ms [2msrc/app/login/actions.ts[22m
 GET /login [32m200[39m in 16ms[2m (next.js: 834µs, application-code: 15ms)[22m
 GET /app [32m200[39m in 25ms[2m (next.js: 986µs, proxy.ts: 2ms, application-code: 21ms)[22m
 POST /login [34m303[39m in 58ms[2m (next.js: 1037µs, application-code: 57ms)[22m
  └─ ƒ loginAction({}) in 30ms [2msrc/app/login/actions.ts[22m
 GET /login [32m200[39m in 16ms[2m (next.js: 821µs, application-code: 15ms)[22m
 GET /app [32m200[39m in 28ms[2m (next.js: 1118µs, proxy.ts: 8ms, application-code: 19ms)[22m
 POST /login [34m303[39m in 62ms[2m (next.js: 905µs, application-code: 61ms)[22m
  └─ ƒ loginAction({}) in 30ms [2msrc/app/login/actions.ts[22m
 GET /app/links [32m200[39m in 47ms[2m (next.js: 2ms, proxy.ts: 3ms, application-code: 42ms)[22m
 GET /login [32m200[39m in 16ms[2m (next.js: 790µs, application-code: 16ms)[22m
 GET /app [32m200[39m in 26ms[2m (next.js: 1092µs, proxy.ts: 2ms, application-code: 22ms)[22m
 POST /login [34m303[39m in 60ms[2m (next.js: 924µs, application-code: 59ms)[22m
  └─ ƒ loginAction({}) in 30ms [2msrc/app/login/actions.ts[22m
 GET /app/links [32m200[39m in 48ms[2m (next.js: 884µs, proxy.ts: 3ms, application-code: 45ms)[22m
 GET /login [32m200[39m in 15ms[2m (next.js: 775µs, application-code: 14ms)[22m
 GET /app [32m200[39m in 23ms[2m (next.js: 996µs, proxy.ts: 2ms, application-code: 20ms)[22m
 POST /login [34m303[39m in 57ms[2m (next.js: 857µs, application-code: 57ms)[22m
  └─ ƒ loginAction({}) in 30ms [2msrc/app/login/actions.ts[22m
 GET /app/tags?tag=studio-systems [32m200[39m in 43ms[2m (next.js: 2ms, proxy.ts: 3ms, application-code: 38ms)[22m
 GET /login [32m200[39m in 21ms[2m (next.js: 782µs, application-code: 20ms)[22m
 GET /app [32m200[39m in 23ms[2m (next.js: 821µs, proxy.ts: 2ms, application-code: 20ms)[22m
 POST /login [34m303[39m in 56ms[2m (next.js: 935µs, application-code: 55ms)[22m
  └─ ƒ loginAction({}) in 29ms [2msrc/app/login/actions.ts[22m
 GET /app/tags?tag=studio-systems [32m200[39m in 40ms[2m (next.js: 889µs, proxy.ts: 3ms, application-code: 36ms)[22m
 GET /login [32m200[39m in 16ms[2m (next.js: 742µs, application-code: 15ms)[22m
 GET /app [32m200[39m in 30ms[2m (next.js: 1048µs, proxy.ts: 2ms, application-code: 26ms)[22m
 POST /login [34m303[39m in 64ms[2m (next.js: 849µs, application-code: 63ms)[22m
  └─ ƒ loginAction({}) in 30ms [2msrc/app/login/actions.ts[22m
 GET /app/search?q=rhythm [32m200[39m in 40ms[2m (next.js: 1209µs, proxy.ts: 2ms, application-code: 36ms)[22m
 GET /login [32m200[39m in 16ms[2m (next.js: 766µs, application-code: 15ms)[22m
 GET /app [32m200[39m in 23ms[2m (next.js: 902µs, proxy.ts: 2ms, application-code: 20ms)[22m
 POST /login [34m303[39m in 57ms[2m (next.js: 977µs, application-code: 56ms)[22m
  └─ ƒ loginAction({}) in 30ms [2msrc/app/login/actions.ts[22m
 GET /app/search?q=rhythm [32m200[39m in 39ms[2m (next.js: 920µs, proxy.ts: 3ms, application-code: 35ms)[22m
 GET / [32m200[39m in 19ms[2m (next.js: 1666µs, application-code: 17ms)[22m
 GET / [32m200[39m in 17ms[2m (next.js: 813µs, application-code: 16ms)[22m
 GET /notes/public-notes-should-read-like-finished-pages-not-dashboards [32m200[39m in 40ms[2m (next.js: 3ms, application-code: 37ms)[22m
 GET /notes/public-notes-should-read-like-finished-pages-not-dashboards [32m200[39m in 19ms[2m (next.js: 1745µs, application-code: 18ms)[22m
 GET / [32m200[39m in 22ms[2m (next.js: 785µs, application-code: 21ms)[22m
 GET / [32m200[39m in 17ms[2m (next.js: 816µs, application-code: 17ms)[22m
 GET / [32m200[39m in 16ms[2m (next.js: 851µs, application-code: 15ms)[22m
 GET /login [32m200[39m in 16ms[2m (next.js: 797µs, application-code: 15ms)[22m
 GET /login [32m200[39m in 16ms[2m (next.js: 832µs, application-code: 15ms)[22m
 GET /app [32m200[39m in 21ms[2m (next.js: 1116µs, proxy.ts: 2ms, application-code: 18ms)[22m
 POST /login [34m303[39m in 56ms[2m (next.js: 902µs, application-code: 55ms)[22m
  └─ ƒ loginAction({}) in 30ms [2msrc/app/login/actions.ts[22m
 GET /login [32m200[39m in 21ms[2m (next.js: 739µs, application-code: 20ms)[22m
 GET /app [32m200[39m in 22ms[2m (next.js: 868µs, proxy.ts: 2ms, application-code: 19ms)[22m
 POST /login [34m303[39m in 56ms[2m (next.js: 926µs, application-code: 55ms)[22m
  └─ ƒ loginAction({}) in 30ms [2msrc/app/login/actions.ts[22m
