
> minakeep@0.1.0 dev
> next dev --hostname 127.0.0.1 --port 3100

[1m[38;2;173;127;168m▲ Next.js 16.2.0[39m[22m (Turbopack)
- Local:         http://127.0.0.1:3100
- Network:       http://127.0.0.1:3100
- Environments: .env
[32m[1m✓[22m[39m Ready in 195ms

 GET /api/health [32m200[39m in 73ms[2m (next.js: 64ms, application-code: 9ms)[22m
 GET /login [32m200[39m in 157ms[2m (next.js: 50ms, application-code: 107ms)[22m
 GET /app [32m200[39m in 341ms[2m (next.js: 25ms, proxy.ts: 37ms, application-code: 280ms)[22m
 POST /login [34m303[39m in 442ms[2m (next.js: 1505µs, application-code: 441ms)[22m
  └─ ƒ loginAction({}) in 90ms [2msrc/app/login/actions.ts[22m
 GET / [32m200[39m in 80ms[2m (next.js: 10ms, application-code: 71ms)[22m
 GET /login?callbackUrl=http%3A%2F%2Flocalhost%3A3100%2Fapp%2Fsearch [32m200[39m in 18ms[2m (next.js: 1298µs, application-code: 17ms)[22m
 GET /login?callbackUrl=http%3A%2F%2Flocalhost%3A3100%2Fapp%2Fnotes%2Fnew [32m200[39m in 15ms[2m (next.js: 772µs, application-code: 15ms)[22m
 GET /app [32m200[39m in 264ms[2m (next.js: 985µs, proxy.ts: 3ms, application-code: 260ms)[22m
 POST /login?callbackUrl=http%3A%2F%2Flocalhost%3A3100%2Fapp%2Fnotes%2Fnew [34m303[39m in 299ms[2m (next.js: 1090µs, application-code: 298ms)[22m
  └─ ƒ loginAction({}) in 30ms [2msrc/app/login/actions.ts[22m
 GET /app/notes/new [32m200[39m in 49ms[2m (next.js: 27ms, proxy.ts: 7ms, application-code: 15ms)[22m
 GET /app/notes/cmmznk2a60000yiybnd5dgx2x/edit?saved=1 [32m200[39m in 228ms[2m (next.js: 205ms, proxy.ts: 3ms, application-code: 21ms)[22m
 POST /app/notes/new [34m303[39m in 257ms[2m (next.js: 1238µs, proxy.ts: 4ms, application-code: 253ms)[22m
  └─ ƒ createNoteAction({}) in 20ms [2msrc/app/app/notes/actions.ts[22m
 POST /app/notes/cmmznk2a60000yiybnd5dgx2x/edit?saved=1 [34m303[39m in 492ms[2m (next.js: 4ms, proxy.ts: 5ms, application-code: 483ms)[22m
  └─ ƒ updateNoteAction("cmmznk2a60000yiybnd5dgx2x", {}) in 26ms [2msrc/app/app/notes/actions.ts[22m
 GET /app/notes/cmmznk2a60000yiybnd5dgx2x/edit?saved=1 [32m200[39m in 518ms[2m (next.js: 9ms, proxy.ts: 459ms, application-code: 49ms)[22m
 GET /app [32m200[39m in 575ms[2m (next.js: 1115µs, proxy.ts: 7ms, application-code: 567ms)[22m
 GET /app/notes/cmmznk2a60000yiybnd5dgx2x/edit [32m200[39m in 58ms[2m (next.js: 1635µs, proxy.ts: 4ms, application-code: 53ms)[22m
 GET /login [32m200[39m in 15ms[2m (next.js: 828µs, application-code: 14ms)[22m
 GET /app [32m200[39m in 247ms[2m (next.js: 941µs, proxy.ts: 3ms, application-code: 243ms)[22m
 POST /login [34m303[39m in 284ms[2m (next.js: 939µs, application-code: 283ms)[22m
  └─ ƒ loginAction({}) in 31ms [2msrc/app/login/actions.ts[22m
 GET /app/notes/new [32m200[39m in 24ms[2m (next.js: 1726µs, proxy.ts: 6ms, application-code: 16ms)[22m
 GET /app/notes/cmmznk46k0001yiyb2g05hjzw/edit?saved=1 [32m200[39m in 29ms[2m (next.js: 2ms, proxy.ts: 2ms, application-code: 24ms)[22m
 POST /app/notes/new [34m303[39m in 43ms[2m (next.js: 1295µs, proxy.ts: 3ms, application-code: 39ms)[22m
  └─ ƒ createNoteAction({}) in 6ms [2msrc/app/app/notes/actions.ts[22m
 POST /api/test/mina/chat/completions [32m200[39m in 1515ms[2m (next.js: 14ms, application-code: 1501ms)[22m
 GET /app/notes/cmmznk46k0001yiyb2g05hjzw/edit?saved=1 [32m200[39m in 40ms[2m (next.js: 6ms, proxy.ts: 9ms, application-code: 25ms)[22m
 GET /app/notes/cmmznk46k0001yiyb2g05hjzw/edit?retried=1 [32m200[39m in 26ms[2m (next.js: 1836µs, proxy.ts: 5ms, application-code: 19ms)[22m
 POST /app/notes/cmmznk46k0001yiyb2g05hjzw/edit?saved=1 [34m303[39m in 48ms[2m (next.js: 4ms, proxy.ts: 6ms, application-code: 38ms)[22m
  └─ ƒ retryNoteEnrichmentAction("cmmznk46k0001yiyb2g05hjzw") in 7ms [2msrc/app/app/notes/actions.ts[22m
 POST /api/test/mina/chat/completions [32m200[39m in 1508ms[2m (next.js: 632µs, application-code: 1508ms)[22m
 GET /app/notes/cmmznk46k0001yiyb2g05hjzw/edit?retried=1 [32m200[39m in 40ms[2m (next.js: 6ms, proxy.ts: 6ms, application-code: 28ms)[22m
 GET /login [32m200[39m in 20ms[2m (next.js: 875µs, application-code: 19ms)[22m
 GET /app [32m200[39m in 238ms[2m (next.js: 939µs, proxy.ts: 3ms, application-code: 234ms)[22m
 POST /login [34m303[39m in 274ms[2m (next.js: 847µs, application-code: 273ms)[22m
  └─ ƒ loginAction({}) in 31ms [2msrc/app/login/actions.ts[22m
 GET /app/notes/new [32m200[39m in 27ms[2m (next.js: 1719µs, proxy.ts: 6ms, application-code: 19ms)[22m
 GET /app/notes/cmmznk9sn0002yiybo969mmp6/edit?saved=1 [32m200[39m in 23ms[2m (next.js: 2ms, proxy.ts: 2ms, application-code: 19ms)[22m
 POST /app/notes/new [34m303[39m in 38ms[2m (next.js: 1708µs, proxy.ts: 3ms, application-code: 33ms)[22m
  └─ ƒ createNoteAction({}) in 6ms [2msrc/app/app/notes/actions.ts[22m
 GET /app/notes/cmmznk9sn0002yiybo969mmp6/edit?published=1 [32m200[39m in 21ms[2m (next.js: 1284µs, proxy.ts: 3ms, application-code: 17ms)[22m
 POST /app/notes/cmmznk9sn0002yiybo969mmp6/edit?saved=1 [34m303[39m in 34ms[2m (next.js: 1486µs, proxy.ts: 3ms, application-code: 30ms)[22m
  └─ ƒ publishNoteAction("cmmznk9sn0002yiybo969mmp6") in 6ms [2msrc/app/app/notes/actions.ts[22m
 GET / [32m200[39m in 23ms[2m (next.js: 3ms, application-code: 20ms)[22m
 GET /notes/public-note-1774056713406 [32m200[39m in 195ms[2m (next.js: 178ms, application-code: 17ms)[22m
 GET /app [32m200[39m in 474ms[2m (next.js: 1039µs, proxy.ts: 3ms, application-code: 470ms)[22m
 GET /app/notes/cmmznk9sn0002yiybo969mmp6/edit [32m200[39m in 40ms[2m (next.js: 3ms, proxy.ts: 3ms, application-code: 34ms)[22m
 GET /app/notes/cmmznk9sn0002yiybo969mmp6/edit?unpublished=1 [32m200[39m in 22ms[2m (next.js: 1284µs, proxy.ts: 2ms, application-code: 18ms)[22m
 POST /app/notes/cmmznk9sn0002yiybo969mmp6/edit [34m303[39m in 36ms[2m (next.js: 1586µs, proxy.ts: 4ms, application-code: 30ms)[22m
  └─ ƒ unpublishNoteAction("cmmznk9sn0002yiybo969mmp6") in 6ms [2msrc/app/app/notes/actions.ts[22m
 GET / [32m200[39m in 20ms[2m (next.js: 946µs, application-code: 19ms)[22m
 GET /notes/public-note-1774056713406 [33m404[39m in 26ms[2m (next.js: 1945µs, application-code: 24ms)[22m
 GET /login [32m200[39m in 26ms[2m (next.js: 919µs, application-code: 25ms)[22m
 GET /app [32m200[39m in 237ms[2m (next.js: 1097µs, proxy.ts: 2ms, application-code: 234ms)[22m
 POST /login [34m303[39m in 272ms[2m (next.js: 922µs, application-code: 271ms)[22m
  └─ ƒ loginAction({}) in 30ms [2msrc/app/login/actions.ts[22m
 GET /app/links [32m200[39m in 146ms[2m (next.js: 16ms, proxy.ts: 6ms, application-code: 124ms)[22m
 GET /app/links?saved=1 [32m200[39m in 168ms[2m (next.js: 774µs, proxy.ts: 2ms, application-code: 165ms)[22m
 POST /app/links [34m303[39m in 185ms[2m (next.js: 988µs, proxy.ts: 3ms, application-code: 182ms)[22m
  └─ ƒ createLinkAction({}) in 8ms [2msrc/app/app/links/actions.ts[22m
 POST /api/test/mina/chat/completions [32m200[39m in 3ms[2m (next.js: 705µs, application-code: 1836µs)[22m
 GET /app/links?saved=1 [32m200[39m in 155ms[2m (next.js: 1353µs, proxy.ts: 5ms, application-code: 149ms)[22m
 GET / [32m200[39m in 24ms[2m (next.js: 1215µs, application-code: 23ms)[22m
 GET /login [32m200[39m in 22ms[2m (next.js: 791µs, application-code: 21ms)[22m
 GET /app [32m200[39m in 236ms[2m (next.js: 954µs, proxy.ts: 3ms, application-code: 232ms)[22m
 POST /login [34m303[39m in 270ms[2m (next.js: 969µs, application-code: 269ms)[22m
  └─ ƒ loginAction({}) in 29ms [2msrc/app/login/actions.ts[22m
 GET /app/links [32m200[39m in 140ms[2m (next.js: 1224µs, proxy.ts: 7ms, application-code: 131ms)[22m
 GET /app/links?saved=1 [32m200[39m in 171ms[2m (next.js: 837µs, proxy.ts: 2ms, application-code: 167ms)[22m
 POST /app/links [34m303[39m in 187ms[2m (next.js: 978µs, proxy.ts: 3ms, application-code: 182ms)[22m
  └─ ƒ createLinkAction({}) in 6ms [2msrc/app/app/links/actions.ts[22m
 POST /api/test/mina/chat/completions [32m200[39m in 1513ms[2m (next.js: 732µs, application-code: 1513ms)[22m
 GET /app/links?saved=1 [32m200[39m in 175ms[2m (next.js: 2ms, proxy.ts: 10ms, application-code: 162ms)[22m
 GET /app/links?retried=1 [32m200[39m in 173ms[2m (next.js: 1078µs, proxy.ts: 3ms, application-code: 169ms)[22m
 POST /app/links?saved=1 [34m303[39m in 188ms[2m (next.js: 1136µs, proxy.ts: 4ms, application-code: 183ms)[22m
  └─ ƒ retryLinkEnrichmentAction("cmmznkfb80004yiybgtiou7z4") in 6ms [2msrc/app/app/links/actions.ts[22m
 GET /app/links?retried=1 [32m200[39m in 177ms[2m (next.js: 4ms, proxy.ts: 10ms, application-code: 163ms)[22m
 POST /api/test/mina/chat/completions [32m200[39m in 1511ms[2m (next.js: 694µs, application-code: 1510ms)[22m
 GET /app/links?retried=1 [32m200[39m in 180ms[2m (next.js: 3ms, proxy.ts: 10ms, application-code: 167ms)[22m
 GET /login [32m200[39m in 16ms[2m (next.js: 1122µs, application-code: 14ms)[22m
 GET /app [32m200[39m in 221ms[2m (next.js: 963µs, proxy.ts: 3ms, application-code: 218ms)[22m
 POST /login [34m303[39m in 257ms[2m (next.js: 973µs, application-code: 256ms)[22m
  └─ ƒ loginAction({}) in 30ms [2msrc/app/login/actions.ts[22m
 GET /app/links [32m200[39m in 74ms[2m (next.js: 983µs, proxy.ts: 3ms, application-code: 70ms)[22m
 GET /app/links?error=invalid-url [32m200[39m in 192ms[2m (next.js: 958µs, proxy.ts: 3ms, application-code: 189ms)[22m
 POST /app/links [34m303[39m in 208ms[2m (next.js: 1861µs, proxy.ts: 4ms, application-code: 202ms)[22m
  └─ ƒ createLinkAction({}) in 4ms [2msrc/app/app/links/actions.ts[22m
 GET /login [32m200[39m in 16ms[2m (next.js: 853µs, application-code: 15ms)[22m
 GET /app [32m200[39m in 237ms[2m (next.js: 984µs, proxy.ts: 3ms, application-code: 234ms)[22m
 POST /login [34m303[39m in 273ms[2m (next.js: 1015µs, application-code: 272ms)[22m
  └─ ƒ loginAction({}) in 31ms [2msrc/app/login/actions.ts[22m
 GET /app/notes/new [32m200[39m in 19ms[2m (next.js: 1257µs, proxy.ts: 7ms, application-code: 11ms)[22m
 GET /app/notes/cmmznkm4k0005yiyb4xyglb10/edit?saved=1 [32m200[39m in 22ms[2m (next.js: 2ms, proxy.ts: 2ms, application-code: 18ms)[22m
 POST /app/notes/new [34m303[39m in 35ms[2m (next.js: 1290µs, proxy.ts: 3ms, application-code: 31ms)[22m
  └─ ƒ createNoteAction({}) in 6ms [2msrc/app/app/notes/actions.ts[22m
 GET /app/links [32m200[39m in 340ms[2m (next.js: 987µs, proxy.ts: 3ms, application-code: 337ms)[22m
 GET /app/links?saved=1 [32m200[39m in 211ms[2m (next.js: 1058µs, proxy.ts: 2ms, application-code: 207ms)[22m
 POST /app/links [34m303[39m in 227ms[2m (next.js: 2ms, proxy.ts: 4ms, application-code: 222ms)[22m
  └─ ƒ createLinkAction({}) in 7ms [2msrc/app/app/links/actions.ts[22m
 POST /api/test/mina/chat/completions [32m200[39m in 2ms[2m (next.js: 683µs, application-code: 1580µs)[22m
 GET /app/links?saved=1 [32m200[39m in 325ms[2m (next.js: 2ms, proxy.ts: 8ms, application-code: 315ms)[22m
 GET /app/tags?tag=ai-owned [32m200[39m in 248ms[2m (next.js: 25ms, proxy.ts: 5ms, application-code: 218ms)[22m
 GET /app/tags [32m200[39m in 712ms[2m (next.js: 860µs, proxy.ts: 3ms, application-code: 709ms)[22m
 GET /app/search?q=Filtered%20note%201774056729875 [32m200[39m in 81ms[2m (next.js: 17ms, proxy.ts: 3ms, application-code: 61ms)[22m
 GET /app/search?q=url-needle-1774056729875 [32m200[39m in 45ms[2m (next.js: 774µs, proxy.ts: 3ms, application-code: 42ms)[22m
 GET /app/search?q=ai-owned [32m200[39m in 103ms[2m (next.js: 916µs, proxy.ts: 3ms, application-code: 100ms)[22m
 GET /login [32m200[39m in 16ms[2m (next.js: 842µs, application-code: 15ms)[22m
 GET /app [32m200[39m in 248ms[2m (next.js: 890µs, proxy.ts: 2ms, application-code: 244ms)[22m
 POST /login [34m303[39m in 283ms[2m (next.js: 926µs, application-code: 282ms)[22m
  └─ ƒ loginAction({}) in 30ms [2msrc/app/login/actions.ts[22m
 GET /app/links [32m200[39m in 170ms[2m (next.js: 1955µs, proxy.ts: 6ms, application-code: 161ms)[22m
 GET /app/links?saved=1 [32m200[39m in 179ms[2m (next.js: 821µs, proxy.ts: 2ms, application-code: 176ms)[22m
 POST /app/links [34m303[39m in 194ms[2m (next.js: 878µs, proxy.ts: 3ms, application-code: 190ms)[22m
  └─ ƒ createLinkAction({}) in 7ms [2msrc/app/app/links/actions.ts[22m
 GET /app/links?saved=1 [32m200[39m in 169ms[2m (next.js: 1957µs, proxy.ts: 6ms, application-code: 161ms)[22m
 GET /app/search?q=ai [32m200[39m in 285ms[2m (next.js: 1160µs, proxy.ts: 3ms, application-code: 280ms)[22m
 GET /app/tags?tag=ai [32m200[39m in 160ms[2m (next.js: 956µs, proxy.ts: 4ms, application-code: 155ms)[22m
 GET /login [32m200[39m in 14ms[2m (next.js: 824µs, application-code: 14ms)[22m
 GET /app [32m200[39m in 202ms[2m (next.js: 890µs, proxy.ts: 2ms, application-code: 199ms)[22m
 POST /login [34m303[39m in 236ms[2m (next.js: 924µs, application-code: 235ms)[22m
  └─ ƒ loginAction({}) in 29ms [2msrc/app/login/actions.ts[22m
 GET /app/notes/new [32m200[39m in 18ms[2m (next.js: 1342µs, proxy.ts: 6ms, application-code: 11ms)[22m
 GET /app/notes/cmmznkv9f000byiybgez8d6o8/edit?saved=1 [32m200[39m in 22ms[2m (next.js: 3ms, proxy.ts: 2ms, application-code: 18ms)[22m
 POST /app/notes/new [34m303[39m in 35ms[2m (next.js: 968µs, proxy.ts: 3ms, application-code: 31ms)[22m
  └─ ƒ createNoteAction({}) in 6ms [2msrc/app/app/notes/actions.ts[22m
 GET /app/notes/cmmznkv9f000byiybgez8d6o8/edit?saved=1 [32m200[39m in 31ms[2m (next.js: 4ms, proxy.ts: 5ms, application-code: 23ms)[22m
 GET /app [32m200[39m in 533ms[2m (next.js: 2ms, proxy.ts: 3ms, application-code: 528ms)[22m
 GET / [32m200[39m in 22ms[2m (next.js: 1755µs, application-code: 20ms)[22m
 GET /login [32m200[39m in 18ms[2m (next.js: 803µs, application-code: 17ms)[22m
 GET /login [32m200[39m in 15ms[2m (next.js: 783µs, application-code: 14ms)[22m
 GET /app [32m200[39m in 247ms[2m (next.js: 1286µs, proxy.ts: 3ms, application-code: 243ms)[22m
 POST /login [34m303[39m in 283ms[2m (next.js: 891µs, application-code: 282ms)[22m
  └─ ƒ loginAction({}) in 30ms [2msrc/app/login/actions.ts[22m
 GET /login [32m200[39m in 15ms[2m (next.js: 756µs, application-code: 14ms)[22m
 GET /app [32m200[39m in 246ms[2m (next.js: 788µs, proxy.ts: 2ms, application-code: 243ms)[22m
 POST /login [34m303[39m in 279ms[2m (next.js: 916µs, application-code: 278ms)[22m
  └─ ƒ loginAction({}) in 29ms [2msrc/app/login/actions.ts[22m
