
> minakeep@0.1.0 dev
> next dev --hostname 127.0.0.1 --port 3100

[1m[38;2;173;127;168m▲ Next.js 16.2.0[39m[22m (Turbopack)
- Local:         http://127.0.0.1:3100
- Network:       http://127.0.0.1:3100
- Environments: .env
[32m[1m✓[22m[39m Ready in 199ms

 GET /api/health [32m200[39m in 129ms[2m (next.js: 116ms, application-code: 13ms)[22m
 GET /login [32m200[39m in 151ms[2m (next.js: 49ms, application-code: 102ms)[22m
 GET /app [32m200[39m in 115ms[2m (next.js: 25ms, proxy.ts: 36ms, application-code: 54ms)[22m
 POST /login [34m303[39m in 224ms[2m (next.js: 1375µs, application-code: 222ms)[22m
  └─ ƒ loginAction({}) in 97ms [2msrc/app/login/actions.ts[22m
 GET / [32m200[39m in 68ms[2m (next.js: 9ms, application-code: 59ms)[22m
 GET /login?callbackUrl=http%3A%2F%2Flocalhost%3A3100%2Fapp%2Fsearch [32m200[39m in 24ms[2m (next.js: 893µs, application-code: 23ms)[22m
 GET /login?callbackUrl=http%3A%2F%2Flocalhost%3A3100%2Fapp%2Fnotes%2Fnew [32m200[39m in 20ms[2m (next.js: 1052µs, application-code: 19ms)[22m
 GET /app [32m200[39m in 25ms[2m (next.js: 1163µs, proxy.ts: 3ms, application-code: 21ms)[22m
 POST /login?callbackUrl=http%3A%2F%2Flocalhost%3A3100%2Fapp%2Fnotes%2Fnew [34m303[39m in 60ms[2m (next.js: 1082µs, application-code: 59ms)[22m
  └─ ƒ loginAction({}) in 29ms [2msrc/app/login/actions.ts[22m
 GET /app/notes/new [32m200[39m in 50ms[2m (next.js: 20ms, proxy.ts: 4ms, application-code: 27ms)[22m
 GET /app/notes/cmmzvec4e0000pkybxwo32444/edit?saved=1 [32m200[39m in 243ms[2m (next.js: 218ms, proxy.ts: 3ms, application-code: 21ms)[22m
 POST /app/notes/new [34m303[39m in 274ms[2m (next.js: 1750µs, proxy.ts: 3ms, application-code: 269ms)[22m
  └─ ƒ createNoteAction({}) in 22ms [2msrc/app/app/notes/actions.ts[22m
 POST /app/notes/cmmzvec4e0000pkybxwo32444/edit?saved=1 [34m303[39m in 120ms[2m (next.js: 4ms, proxy.ts: 5ms, application-code: 111ms)[22m
  └─ ƒ updateNoteAction("cmmzvec4e0000pkybxwo32444", {}) in 26ms [2msrc/app/app/notes/actions.ts[22m
 GET /app [32m200[39m in 163ms[2m (next.js: 1139µs, proxy.ts: 9ms, application-code: 152ms)[22m
 GET /app/notes/cmmzvec4e0000pkybxwo32444/edit?saved=1 [32m200[39m in 129ms[2m (next.js: 14ms, proxy.ts: 88ms, application-code: 28ms)[22m
 GET /app/notes/cmmzvec4e0000pkybxwo32444/edit [32m200[39m in 22ms[2m (next.js: 3ms, proxy.ts: 4ms, application-code: 16ms)[22m
 GET /login [32m200[39m in 17ms[2m (next.js: 947µs, application-code: 16ms)[22m
 GET /app [32m200[39m in 24ms[2m (next.js: 948µs, proxy.ts: 3ms, application-code: 21ms)[22m
 POST /login [34m303[39m in 60ms[2m (next.js: 933µs, application-code: 59ms)[22m
  └─ ƒ loginAction({}) in 31ms [2msrc/app/login/actions.ts[22m
 GET /app/notes/new [32m200[39m in 17ms[2m (next.js: 1663µs, proxy.ts: 3ms, application-code: 12ms)[22m
 GET /app/notes/cmmzved0m0001pkybwde95ldk/edit?saved=1 [32m200[39m in 23ms[2m (next.js: 2ms, proxy.ts: 2ms, application-code: 18ms)[22m
 POST /app/notes/new [34m303[39m in 38ms[2m (next.js: 977µs, proxy.ts: 3ms, application-code: 34ms)[22m
  └─ ƒ createNoteAction({}) in 7ms [2msrc/app/app/notes/actions.ts[22m
 POST /api/test/mina/chat/completions [32m200[39m in 1519ms[2m (next.js: 15ms, application-code: 1505ms)[22m
 GET /app/notes/cmmzved0m0001pkybwde95ldk/edit?saved=1 [32m200[39m in 45ms[2m (next.js: 7ms, proxy.ts: 9ms, application-code: 29ms)[22m
 GET /app/notes/cmmzved0m0001pkybwde95ldk/edit?retried=1 [32m200[39m in 48ms[2m (next.js: 4ms, proxy.ts: 6ms, application-code: 38ms)[22m
 POST /app/notes/cmmzved0m0001pkybwde95ldk/edit?saved=1 [34m303[39m in 75ms[2m (next.js: 6ms, proxy.ts: 7ms, application-code: 62ms)[22m
  └─ ƒ retryNoteEnrichmentAction("cmmzved0m0001pkybwde95ldk") in 5ms [2msrc/app/app/notes/actions.ts[22m
 POST /api/test/mina/chat/completions [32m200[39m in 1510ms[2m (next.js: 792µs, application-code: 1509ms)[22m
 GET /app/notes/cmmzved0m0001pkybwde95ldk/edit?retried=1 [32m200[39m in 42ms[2m (next.js: 6ms, proxy.ts: 9ms, application-code: 28ms)[22m
 GET /login [32m200[39m in 18ms[2m (next.js: 1031µs, application-code: 17ms)[22m
 GET /app [32m200[39m in 23ms[2m (next.js: 1034µs, proxy.ts: 3ms, application-code: 20ms)[22m
 POST /login [34m303[39m in 58ms[2m (next.js: 923µs, application-code: 57ms)[22m
  └─ ƒ loginAction({}) in 30ms [2msrc/app/login/actions.ts[22m
 GET /app/notes/new [32m200[39m in 16ms[2m (next.js: 839µs, proxy.ts: 3ms, application-code: 12ms)[22m
 GET /app/notes/cmmzvei1c0002pkyb9gtqgdji/edit?saved=1 [32m200[39m in 23ms[2m (next.js: 2ms, proxy.ts: 2ms, application-code: 19ms)[22m
 POST /app/notes/new [34m303[39m in 44ms[2m (next.js: 3ms, proxy.ts: 6ms, application-code: 36ms)[22m
  └─ ƒ createNoteAction({}) in 8ms [2msrc/app/app/notes/actions.ts[22m
 GET /app/notes/cmmzvei1c0002pkyb9gtqgdji/edit?published=1 [32m200[39m in 25ms[2m (next.js: 1336µs, proxy.ts: 2ms, application-code: 22ms)[22m
 POST /app/notes/cmmzvei1c0002pkyb9gtqgdji/edit?saved=1 [34m303[39m in 39ms[2m (next.js: 1481µs, proxy.ts: 3ms, application-code: 34ms)[22m
  └─ ƒ publishNoteAction("cmmzvei1c0002pkyb9gtqgdji") in 5ms [2msrc/app/app/notes/actions.ts[22m
 GET / [32m200[39m in 20ms[2m (next.js: 935µs, application-code: 19ms)[22m
 GET /notes/public-note-1774069881859 [32m200[39m in 200ms[2m (next.js: 185ms, application-code: 15ms)[22m
 GET /app [32m200[39m in 48ms[2m (next.js: 980µs, proxy.ts: 9ms, application-code: 39ms)[22m
 GET /app/notes/cmmzvei1c0002pkyb9gtqgdji/edit [32m200[39m in 25ms[2m (next.js: 3ms, proxy.ts: 3ms, application-code: 19ms)[22m
 GET /app/notes/cmmzvei1c0002pkyb9gtqgdji/edit?unpublished=1 [32m200[39m in 22ms[2m (next.js: 1232µs, proxy.ts: 2ms, application-code: 18ms)[22m
 POST /app/notes/cmmzvei1c0002pkyb9gtqgdji/edit [34m303[39m in 35ms[2m (next.js: 1400µs, proxy.ts: 3ms, application-code: 31ms)[22m
  └─ ƒ unpublishNoteAction("cmmzvei1c0002pkyb9gtqgdji") in 5ms [2msrc/app/app/notes/actions.ts[22m
 GET / [32m200[39m in 20ms[2m (next.js: 897µs, application-code: 19ms)[22m
 GET /notes/public-note-1774069881859 [33m404[39m in 26ms[2m (next.js: 1979µs, application-code: 24ms)[22m
 GET /login [32m200[39m in 19ms[2m (next.js: 784µs, application-code: 18ms)[22m
 GET /app [32m200[39m in 24ms[2m (next.js: 921µs, proxy.ts: 3ms, application-code: 21ms)[22m
 POST /login [34m303[39m in 59ms[2m (next.js: 897µs, application-code: 58ms)[22m
  └─ ƒ loginAction({}) in 30ms [2msrc/app/login/actions.ts[22m
 GET /app/links [32m200[39m in 43ms[2m (next.js: 16ms, proxy.ts: 3ms, application-code: 24ms)[22m
 GET /app/links?saved=1 [32m200[39m in 25ms[2m (next.js: 793µs, proxy.ts: 2ms, application-code: 22ms)[22m
 POST /app/links [34m303[39m in 40ms[2m (next.js: 972µs, proxy.ts: 3ms, application-code: 36ms)[22m
  └─ ƒ createLinkAction({}) in 7ms [2msrc/app/app/links/actions.ts[22m
 POST /api/test/mina/chat/completions [32m200[39m in 3ms[2m (next.js: 687µs, application-code: 2ms)[22m
 GET /app/links?saved=1 [32m200[39m in 49ms[2m (next.js: 2ms, proxy.ts: 17ms, application-code: 30ms)[22m
 GET / [32m200[39m in 34ms[2m (next.js: 1989µs, application-code: 32ms)[22m
 GET /login [32m200[39m in 16ms[2m (next.js: 789µs, application-code: 15ms)[22m
 GET /app [32m200[39m in 49ms[2m (next.js: 7ms, proxy.ts: 3ms, application-code: 39ms)[22m
 POST /login [34m303[39m in 85ms[2m (next.js: 1067µs, application-code: 83ms)[22m
  └─ ƒ loginAction({}) in 29ms [2msrc/app/login/actions.ts[22m
 GET /app/links [32m200[39m in 24ms[2m (next.js: 1475µs, proxy.ts: 3ms, application-code: 19ms)[22m
 GET /app/links?saved=1 [32m200[39m in 25ms[2m (next.js: 806µs, proxy.ts: 2ms, application-code: 23ms)[22m
 POST /app/links [34m303[39m in 40ms[2m (next.js: 1005µs, proxy.ts: 3ms, application-code: 36ms)[22m
  └─ ƒ createLinkAction({}) in 5ms [2msrc/app/app/links/actions.ts[22m
 POST /api/test/mina/chat/completions [32m200[39m in 1512ms[2m (next.js: 690µs, application-code: 1511ms)[22m
 GET /app/links?saved=1 [32m200[39m in 47ms[2m (next.js: 3ms, proxy.ts: 10ms, application-code: 34ms)[22m
 GET /app/links?retried=1 [32m200[39m in 30ms[2m (next.js: 1018µs, proxy.ts: 3ms, application-code: 26ms)[22m
 POST /app/links?saved=1 [34m303[39m in 49ms[2m (next.js: 1489µs, proxy.ts: 6ms, application-code: 42ms)[22m
  └─ ƒ retryLinkEnrichmentAction("cmmzvem000004pkybu0waivgx") in 7ms [2msrc/app/app/links/actions.ts[22m
 GET /app/links?retried=1 [32m200[39m in 47ms[2m (next.js: 9ms, proxy.ts: 8ms, application-code: 29ms)[22m
 POST /api/test/mina/chat/completions [32m200[39m in 1511ms[2m (next.js: 572µs, application-code: 1510ms)[22m
 GET /app/links?retried=1 [32m200[39m in 49ms[2m (next.js: 3ms, proxy.ts: 13ms, application-code: 33ms)[22m
 GET /login [32m200[39m in 19ms[2m (next.js: 864µs, application-code: 18ms)[22m
 GET /app [32m200[39m in 24ms[2m (next.js: 886µs, proxy.ts: 3ms, application-code: 21ms)[22m
 POST /login [34m303[39m in 60ms[2m (next.js: 968µs, application-code: 59ms)[22m
  └─ ƒ loginAction({}) in 31ms [2msrc/app/login/actions.ts[22m
 GET /app/links [32m200[39m in 34ms[2m (next.js: 1293µs, proxy.ts: 3ms, application-code: 29ms)[22m
 GET /app/links?error=invalid-url [32m200[39m in 26ms[2m (next.js: 834µs, proxy.ts: 3ms, application-code: 22ms)[22m
 POST /app/links [34m303[39m in 37ms[2m (next.js: 932µs, proxy.ts: 3ms, application-code: 33ms)[22m
  └─ ƒ createLinkAction({}) in 3ms [2msrc/app/app/links/actions.ts[22m
 GET /login [32m200[39m in 16ms[2m (next.js: 768µs, application-code: 16ms)[22m
 GET /app [32m200[39m in 24ms[2m (next.js: 868µs, proxy.ts: 2ms, application-code: 21ms)[22m
 POST /login [34m303[39m in 58ms[2m (next.js: 975µs, application-code: 57ms)[22m
  └─ ƒ loginAction({}) in 30ms [2msrc/app/login/actions.ts[22m
 GET /app/notes/new [32m200[39m in 15ms[2m (next.js: 930µs, proxy.ts: 3ms, application-code: 12ms)[22m
 GET /app/notes/cmmzves8l0005pkybz4f1bl90/edit?saved=1 [32m200[39m in 23ms[2m (next.js: 2ms, proxy.ts: 3ms, application-code: 18ms)[22m
 POST /app/notes/new [34m303[39m in 37ms[2m (next.js: 908µs, proxy.ts: 3ms, application-code: 33ms)[22m
  └─ ƒ createNoteAction({}) in 7ms [2msrc/app/app/notes/actions.ts[22m
 GET /app/links [32m200[39m in 73ms[2m (next.js: 1088µs, proxy.ts: 3ms, application-code: 69ms)[22m
 GET /app/links?saved=1 [32m200[39m in 27ms[2m (next.js: 1034µs, proxy.ts: 2ms, application-code: 24ms)[22m
 POST /app/links [34m303[39m in 43ms[2m (next.js: 1841µs, proxy.ts: 3ms, application-code: 38ms)[22m
  └─ ƒ createLinkAction({}) in 7ms [2msrc/app/app/links/actions.ts[22m
 POST /api/test/mina/chat/completions [32m200[39m in 2ms[2m (next.js: 733µs, application-code: 1661µs)[22m
 GET /app/links?saved=1 [32m200[39m in 59ms[2m (next.js: 3ms, proxy.ts: 10ms, application-code: 46ms)[22m
 GET /app/tags?tag=ai-owned [32m200[39m in 117ms[2m (next.js: 24ms, proxy.ts: 6ms, application-code: 87ms)[22m
 GET /app/tags [32m200[39m in 77ms[2m (next.js: 731µs, proxy.ts: 2ms, application-code: 73ms)[22m
 GET /app/search?q=Filtered%20note%201774069895086 [32m200[39m in 100ms[2m (next.js: 20ms, proxy.ts: 3ms, application-code: 78ms)[22m
 GET /app/search?q=url-needle-1774069895086 [32m200[39m in 45ms[2m (next.js: 845µs, proxy.ts: 3ms, application-code: 41ms)[22m
 GET /app/search?q=ai-owned [32m200[39m in 36ms[2m (next.js: 762µs, proxy.ts: 2ms, application-code: 33ms)[22m
 GET /login [32m200[39m in 16ms[2m (next.js: 880µs, application-code: 15ms)[22m
 GET /app [32m200[39m in 25ms[2m (next.js: 935µs, proxy.ts: 3ms, application-code: 22ms)[22m
 POST /login [34m303[39m in 62ms[2m (next.js: 864µs, application-code: 61ms)[22m
  └─ ƒ loginAction({}) in 32ms [2msrc/app/login/actions.ts[22m
 GET /app/links [32m200[39m in 26ms[2m (next.js: 848µs, proxy.ts: 3ms, application-code: 22ms)[22m
 GET /app/links?saved=1 [32m200[39m in 44ms[2m (next.js: 893µs, proxy.ts: 2ms, application-code: 41ms)[22m
 POST /app/links [34m303[39m in 60ms[2m (next.js: 942µs, proxy.ts: 4ms, application-code: 55ms)[22m
  └─ ƒ createLinkAction({}) in 7ms [2msrc/app/app/links/actions.ts[22m
 GET /app/links?saved=1 [32m200[39m in 52ms[2m (next.js: 3ms, proxy.ts: 11ms, application-code: 38ms)[22m
 GET /app/search?q=ai [32m200[39m in 51ms[2m (next.js: 1699µs, proxy.ts: 6ms, application-code: 44ms)[22m
 GET /app/tags?tag=ai [32m200[39m in 43ms[2m (next.js: 765µs, proxy.ts: 3ms, application-code: 40ms)[22m
 GET /login [32m200[39m in 28ms[2m (next.js: 853µs, application-code: 28ms)[22m
 GET /app [32m200[39m in 27ms[2m (next.js: 903µs, proxy.ts: 3ms, application-code: 23ms)[22m
 POST /login [34m303[39m in 61ms[2m (next.js: 882µs, application-code: 60ms)[22m
  └─ ƒ loginAction({}) in 30ms [2msrc/app/login/actions.ts[22m
 GET /app/notes/new [32m200[39m in 19ms[2m (next.js: 1326µs, proxy.ts: 4ms, application-code: 14ms)[22m
 GET /app/notes/cmmzveygy000bpkyb4jrkdxro/edit?saved=1 [32m200[39m in 24ms[2m (next.js: 2ms, proxy.ts: 2ms, application-code: 19ms)[22m
 POST /app/notes/new [34m303[39m in 39ms[2m (next.js: 910µs, proxy.ts: 3ms, application-code: 35ms)[22m
  └─ ƒ createNoteAction({}) in 6ms [2msrc/app/app/notes/actions.ts[22m
 GET /app/notes/cmmzveygy000bpkyb4jrkdxro/edit?saved=1 [32m200[39m in 32ms[2m (next.js: 4ms, proxy.ts: 5ms, application-code: 22ms)[22m
 GET /app [32m200[39m in 73ms[2m (next.js: 1695µs, proxy.ts: 6ms, application-code: 66ms)[22m
 GET /login [32m200[39m in 15ms[2m (next.js: 796µs, application-code: 14ms)[22m
 GET /login [32m200[39m in 15ms[2m (next.js: 764µs, application-code: 14ms)[22m
 GET /login [32m200[39m in 15ms[2m (next.js: 725µs, application-code: 14ms)[22m
 GET /app [32m200[39m in 22ms[2m (next.js: 808µs, proxy.ts: 3ms, application-code: 18ms)[22m
 POST /login [34m303[39m in 56ms[2m (next.js: 909µs, application-code: 55ms)[22m
  └─ ƒ loginAction({}) in 30ms [2msrc/app/login/actions.ts[22m
 GET /app/notes/cmmzvf1b60002pmybpmhqdcvb/edit [32m200[39m in 41ms[2m (next.js: 2ms, proxy.ts: 2ms, application-code: 36ms)[22m
 GET /login [32m200[39m in 15ms[2m (next.js: 898µs, application-code: 14ms)[22m
 GET /app [32m200[39m in 22ms[2m (next.js: 899µs, proxy.ts: 3ms, application-code: 18ms)[22m
 POST /login [34m303[39m in 55ms[2m (next.js: 871µs, application-code: 54ms)[22m
  └─ ƒ loginAction({}) in 30ms [2msrc/app/login/actions.ts[22m
 GET /app/notes/cmmzvf1r20003pmyby429kg4y/edit [32m200[39m in 42ms[2m (next.js: 2ms, proxy.ts: 3ms, application-code: 37ms)[22m
 GET / [32m200[39m in 25ms[2m (next.js: 1614µs, application-code: 24ms)[22m
 GET / [32m200[39m in 21ms[2m (next.js: 789µs, application-code: 21ms)[22m
 GET / [32m200[39m in 19ms[2m (next.js: 1179µs, application-code: 18ms)[22m
 GET / [32m200[39m in 18ms[2m (next.js: 799µs, application-code: 17ms)[22m
 GET /login [32m200[39m in 16ms[2m (next.js: 766µs, application-code: 15ms)[22m
 GET /app [32m200[39m in 24ms[2m (next.js: 808µs, proxy.ts: 2ms, application-code: 21ms)[22m
 POST /login [34m303[39m in 58ms[2m (next.js: 902µs, application-code: 57ms)[22m
  └─ ƒ loginAction({}) in 29ms [2msrc/app/login/actions.ts[22m
 GET /login [32m200[39m in 15ms[2m (next.js: 924µs, application-code: 14ms)[22m
 GET /app [32m200[39m in 24ms[2m (next.js: 838µs, proxy.ts: 2ms, application-code: 21ms)[22m
 POST /login [34m303[39m in 58ms[2m (next.js: 865µs, application-code: 57ms)[22m
  └─ ƒ loginAction({}) in 30ms [2msrc/app/login/actions.ts[22m
 GET /login [32m200[39m in 18ms[2m (next.js: 1048µs, application-code: 16ms)[22m
 GET /app [32m200[39m in 26ms[2m (next.js: 853µs, proxy.ts: 2ms, application-code: 23ms)[22m
 POST /login [34m303[39m in 61ms[2m (next.js: 968µs, application-code: 60ms)[22m
  └─ ƒ loginAction({}) in 30ms [2msrc/app/login/actions.ts[22m
 GET /app/links [32m200[39m in 37ms[2m (next.js: 856µs, proxy.ts: 3ms, application-code: 33ms)[22m
 GET /login [32m200[39m in 15ms[2m (next.js: 850µs, application-code: 14ms)[22m
 GET /app [32m200[39m in 22ms[2m (next.js: 890µs, proxy.ts: 2ms, application-code: 19ms)[22m
 POST /login [34m303[39m in 56ms[2m (next.js: 854µs, application-code: 55ms)[22m
  └─ ƒ loginAction({}) in 30ms [2msrc/app/login/actions.ts[22m
 GET /app/links [32m200[39m in 43ms[2m (next.js: 925µs, proxy.ts: 3ms, application-code: 39ms)[22m
 GET /login [32m200[39m in 15ms[2m (next.js: 970µs, application-code: 14ms)[22m
 GET /app [32m200[39m in 22ms[2m (next.js: 906µs, proxy.ts: 2ms, application-code: 19ms)[22m
 POST /login [34m303[39m in 55ms[2m (next.js: 952µs, application-code: 54ms)[22m
  └─ ƒ loginAction({}) in 29ms [2msrc/app/login/actions.ts[22m
 GET /app/tags?tag=studio-systems [32m200[39m in 37ms[2m (next.js: 934µs, proxy.ts: 3ms, application-code: 33ms)[22m
 GET /login [32m200[39m in 16ms[2m (next.js: 774µs, application-code: 15ms)[22m
 GET /app [32m200[39m in 23ms[2m (next.js: 882µs, proxy.ts: 2ms, application-code: 20ms)[22m
 POST /login [34m303[39m in 62ms[2m (next.js: 1029µs, application-code: 61ms)[22m
  └─ ƒ loginAction({}) in 35ms [2msrc/app/login/actions.ts[22m
 GET /app/tags?tag=studio-systems [32m200[39m in 36ms[2m (next.js: 974µs, proxy.ts: 3ms, application-code: 33ms)[22m
 GET /login [32m200[39m in 16ms[2m (next.js: 739µs, application-code: 15ms)[22m
 GET /app [32m200[39m in 22ms[2m (next.js: 1062µs, proxy.ts: 2ms, application-code: 19ms)[22m
 POST /login [34m303[39m in 55ms[2m (next.js: 913µs, application-code: 54ms)[22m
  └─ ƒ loginAction({}) in 29ms [2msrc/app/login/actions.ts[22m
 GET /app/search?q=rhythm [32m200[39m in 46ms[2m (next.js: 2ms, proxy.ts: 3ms, application-code: 41ms)[22m
 GET /login [32m200[39m in 15ms[2m (next.js: 769µs, application-code: 14ms)[22m
 GET /app [32m200[39m in 23ms[2m (next.js: 922µs, proxy.ts: 3ms, application-code: 20ms)[22m
 POST /login [34m303[39m in 57ms[2m (next.js: 903µs, application-code: 56ms)[22m
  └─ ƒ loginAction({}) in 30ms [2msrc/app/login/actions.ts[22m
 GET /app/search?q=rhythm [32m200[39m in 38ms[2m (next.js: 873µs, proxy.ts: 3ms, application-code: 34ms)[22m
 GET /notes/public-notes-should-read-like-finished-pages-not-dashboards [32m200[39m in 43ms[2m (next.js: 3ms, application-code: 40ms)[22m
 GET /notes/public-notes-should-read-like-finished-pages-not-dashboards [32m200[39m in 20ms[2m (next.js: 1998µs, application-code: 18ms)[22m
 GET / [32m200[39m in 17ms[2m (next.js: 903µs, application-code: 16ms)[22m
 GET /login [32m200[39m in 15ms[2m (next.js: 842µs, application-code: 14ms)[22m
 GET /login [32m200[39m in 15ms[2m (next.js: 798µs, application-code: 14ms)[22m
 GET /app [32m200[39m in 22ms[2m (next.js: 944µs, proxy.ts: 2ms, application-code: 18ms)[22m
 POST /login [34m303[39m in 56ms[2m (next.js: 978µs, application-code: 56ms)[22m
  └─ ƒ loginAction({}) in 31ms [2msrc/app/login/actions.ts[22m
 GET /login [32m200[39m in 15ms[2m (next.js: 825µs, application-code: 14ms)[22m
 GET /app [32m200[39m in 23ms[2m (next.js: 947µs, proxy.ts: 3ms, application-code: 19ms)[22m
 POST /login [34m303[39m in 58ms[2m (next.js: 896µs, application-code: 57ms)[22m
  └─ ƒ loginAction({}) in 30ms [2msrc/app/login/actions.ts[22m
