[main f28371b] ralph: 013-link-capture 2026-03-20T17:41:17+09:00
 37 files changed, 1744 insertions(+), 87 deletions(-)
 rename docs/exec-plans/{active => completed}/012-public-note-publishing.md (91%)
 create mode 100644 src/app/app/links/actions.ts
 create mode 100644 src/features/links/normalize.ts
 create mode 100644 src/features/links/repo.ts
 create mode 100644 src/features/links/service.ts
 create mode 100644 src/features/links/types.ts
 create mode 100644 state/artifacts/20260320T171025-012-public-note-publishing/backlog.log
 create mode 100644 state/artifacts/20260320T171025-012-public-note-publishing/promote.log
 create mode 100644 state/artifacts/20260320T172643-013-link-capture/backlog.log
 create mode 100644 state/artifacts/20260320T172643-013-link-capture/commit.log
 create mode 100644 state/artifacts/20260320T172643-013-link-capture/evaluator.log
 create mode 100644 state/artifacts/20260320T172643-013-link-capture/promote.log
 create mode 100644 state/artifacts/20260320T172643-013-link-capture/task-prompt.log
 create mode 100644 state/artifacts/20260320T172643-013-link-capture/worker.jsonl
 create mode 100644 state/artifacts/20260320T173459-013-link-capture/commit.log
 create mode 100644 state/artifacts/20260320T173459-013-link-capture/evaluator.log
 create mode 100644 state/artifacts/20260320T173459-013-link-capture/task-prompt.log
 create mode 100644 state/artifacts/20260320T173459-013-link-capture/worker.jsonl
 create mode 100644 tests/unit/link-normalize.test.ts
commit: created
