
> minakeep@0.1.0 dev
> next dev --hostname 127.0.0.1 --port 3100

[1m[38;2;173;127;168m▲ Next.js 16.2.0[39m[22m (Turbopack)
- Local:         http://127.0.0.1:3100
- Network:       http://127.0.0.1:3100
- Environments: .env
[32m[1m✓[22m[39m Ready in 196ms

 GET /api/health [32m200[39m in 98ms[2m (next.js: 85ms, application-code: 13ms)[22m
 GET /login [32m200[39m in 152ms[2m (next.js: 49ms, application-code: 104ms)[22m
 GET /app [32m200[39m in 117ms[2m (next.js: 26ms, proxy.ts: 37ms, application-code: 54ms)[22m
 POST /login [34m303[39m in 217ms[2m (next.js: 1269µs, application-code: 215ms)[22m
  └─ ƒ loginAction({}) in 89ms [2msrc/app/login/actions.ts[22m
 GET / [32m200[39m in 69ms[2m (next.js: 9ms, application-code: 60ms)[22m
 GET /login?callbackUrl=http%3A%2F%2Flocalhost%3A3100%2Fapp%2Fsearch [32m200[39m in 18ms[2m (next.js: 946µs, application-code: 18ms)[22m
 GET /login?callbackUrl=http%3A%2F%2Flocalhost%3A3100%2Fapp%2Fnotes%2Fnew [32m200[39m in 17ms[2m (next.js: 821µs, application-code: 16ms)[22m
 GET /app [32m200[39m in 45ms[2m (next.js: 1042µs, proxy.ts: 3ms, application-code: 40ms)[22m
 POST /login?callbackUrl=http%3A%2F%2Flocalhost%3A3100%2Fapp%2Fnotes%2Fnew [34m303[39m in 80ms[2m (next.js: 1017µs, application-code: 79ms)[22m
  └─ ƒ loginAction({}) in 30ms [2msrc/app/login/actions.ts[22m
 GET /app/notes/new [32m200[39m in 37ms[2m (next.js: 20ms, proxy.ts: 4ms, application-code: 14ms)[22m
 GET /app/notes/cmmzo19ii0000tbybsrz61x7a/edit?saved=1 [32m200[39m in 233ms[2m (next.js: 209ms, proxy.ts: 3ms, application-code: 21ms)[22m
 POST /app/notes/new [34m303[39m in 262ms[2m (next.js: 1069µs, proxy.ts: 3ms, application-code: 257ms)[22m
  └─ ƒ createNoteAction({}) in 20ms [2msrc/app/app/notes/actions.ts[22m
 POST /app/notes/cmmzo19ii0000tbybsrz61x7a/edit?saved=1 [34m303[39m in 117ms[2m (next.js: 4ms, proxy.ts: 5ms, application-code: 108ms)[22m
  └─ ƒ updateNoteAction("cmmzo19ii0000tbybsrz61x7a", {}) in 27ms [2msrc/app/app/notes/actions.ts[22m
 GET /app [32m200[39m in 153ms[2m (next.js: 1008µs, proxy.ts: 8ms, application-code: 144ms)[22m
 GET /app/notes/cmmzo19ii0000tbybsrz61x7a/edit?saved=1 [32m200[39m in 125ms[2m (next.js: 12ms, proxy.ts: 83ms, application-code: 31ms)[22m
 GET /app/notes/cmmzo19ii0000tbybsrz61x7a/edit [32m200[39m in 22ms[2m (next.js: 2ms, proxy.ts: 3ms, application-code: 17ms)[22m
 GET /login [32m200[39m in 19ms[2m (next.js: 777µs, application-code: 18ms)[22m
 GET /app [32m200[39m in 24ms[2m (next.js: 958µs, proxy.ts: 3ms, application-code: 21ms)[22m
 POST /login [34m303[39m in 59ms[2m (next.js: 923µs, application-code: 58ms)[22m
  └─ ƒ loginAction({}) in 31ms [2msrc/app/login/actions.ts[22m
 GET /app/notes/new [32m200[39m in 15ms[2m (next.js: 945µs, proxy.ts: 3ms, application-code: 11ms)[22m
 GET /app/notes/cmmzo1add0001tbyb1cg9stxo/edit?saved=1 [32m200[39m in 22ms[2m (next.js: 2ms, proxy.ts: 2ms, application-code: 18ms)[22m
 POST /app/notes/new [34m303[39m in 37ms[2m (next.js: 941µs, proxy.ts: 3ms, application-code: 33ms)[22m
  └─ ƒ createNoteAction({}) in 7ms [2msrc/app/app/notes/actions.ts[22m
 POST /api/test/mina/chat/completions [32m200[39m in 1512ms[2m (next.js: 13ms, application-code: 1499ms)[22m
 GET /app/notes/cmmzo1add0001tbyb1cg9stxo/edit?saved=1 [32m200[39m in 43ms[2m (next.js: 7ms, proxy.ts: 10ms, application-code: 27ms)[22m
 GET /app/notes/cmmzo1add0001tbyb1cg9stxo/edit?retried=1 [32m200[39m in 33ms[2m (next.js: 1743µs, proxy.ts: 3ms, application-code: 28ms)[22m
 POST /app/notes/cmmzo1add0001tbyb1cg9stxo/edit?saved=1 [34m303[39m in 56ms[2m (next.js: 4ms, proxy.ts: 8ms, application-code: 44ms)[22m
  └─ ƒ retryNoteEnrichmentAction("cmmzo1add0001tbyb1cg9stxo") in 7ms [2msrc/app/app/notes/actions.ts[22m
 POST /api/test/mina/chat/completions [32m200[39m in 1508ms[2m (next.js: 785µs, application-code: 1507ms)[22m
 GET /app/notes/cmmzo1add0001tbyb1cg9stxo/edit?retried=1 [32m200[39m in 46ms[2m (next.js: 8ms, proxy.ts: 9ms, application-code: 29ms)[22m
 GET /login [32m200[39m in 18ms[2m (next.js: 1499µs, application-code: 16ms)[22m
 GET /app [32m200[39m in 24ms[2m (next.js: 843µs, proxy.ts: 2ms, application-code: 20ms)[22m
 POST /login [34m303[39m in 59ms[2m (next.js: 968µs, application-code: 58ms)[22m
  └─ ƒ loginAction({}) in 31ms [2msrc/app/login/actions.ts[22m
 GET /app/notes/new [32m200[39m in 15ms[2m (next.js: 859µs, proxy.ts: 3ms, application-code: 11ms)[22m
 GET /app/notes/cmmzo1fdr0002tbybioesk6rc/edit?saved=1 [32m200[39m in 23ms[2m (next.js: 2ms, proxy.ts: 2ms, application-code: 18ms)[22m
 POST /app/notes/new [34m303[39m in 39ms[2m (next.js: 3ms, proxy.ts: 3ms, application-code: 33ms)[22m
  └─ ƒ createNoteAction({}) in 6ms [2msrc/app/app/notes/actions.ts[22m
 GET /app/notes/cmmzo1fdr0002tbybioesk6rc/edit?published=1 [32m200[39m in 25ms[2m (next.js: 1253µs, proxy.ts: 2ms, application-code: 21ms)[22m
 POST /app/notes/cmmzo1fdr0002tbybioesk6rc/edit?saved=1 [34m303[39m in 37ms[2m (next.js: 1423µs, proxy.ts: 3ms, application-code: 32ms)[22m
  └─ ƒ publishNoteAction("cmmzo1fdr0002tbybioesk6rc") in 5ms [2msrc/app/app/notes/actions.ts[22m
 GET / [32m200[39m in 23ms[2m (next.js: 847µs, application-code: 22ms)[22m
 GET /notes/public-note-1774057514595 [32m200[39m in 199ms[2m (next.js: 183ms, application-code: 16ms)[22m
 GET /app [32m200[39m in 46ms[2m (next.js: 925µs, proxy.ts: 3ms, application-code: 42ms)[22m
 GET /app/notes/cmmzo1fdr0002tbybioesk6rc/edit [32m200[39m in 27ms[2m (next.js: 3ms, proxy.ts: 3ms, application-code: 21ms)[22m
 GET /app/notes/cmmzo1fdr0002tbybioesk6rc/edit?unpublished=1 [32m200[39m in 21ms[2m (next.js: 1271µs, proxy.ts: 2ms, application-code: 17ms)[22m
 POST /app/notes/cmmzo1fdr0002tbybioesk6rc/edit [34m303[39m in 34ms[2m (next.js: 1380µs, proxy.ts: 3ms, application-code: 29ms)[22m
  └─ ƒ unpublishNoteAction("cmmzo1fdr0002tbybioesk6rc") in 5ms [2msrc/app/app/notes/actions.ts[22m
 GET / [32m200[39m in 20ms[2m (next.js: 925µs, application-code: 19ms)[22m
 GET /notes/public-note-1774057514595 [33m404[39m in 26ms[2m (next.js: 1931µs, application-code: 24ms)[22m
 GET /login [32m200[39m in 17ms[2m (next.js: 773µs, application-code: 16ms)[22m
 GET /app [32m200[39m in 26ms[2m (next.js: 1128µs, proxy.ts: 2ms, application-code: 23ms)[22m
 POST /login [34m303[39m in 60ms[2m (next.js: 936µs, application-code: 59ms)[22m
  └─ ƒ loginAction({}) in 30ms [2msrc/app/login/actions.ts[22m
 GET /app/links [32m200[39m in 205ms[2m (next.js: 15ms, proxy.ts: 3ms, application-code: 187ms)[22m
 GET /app/links?saved=1 [32m200[39m in 166ms[2m (next.js: 731µs, proxy.ts: 2ms, application-code: 163ms)[22m
 POST /app/links [34m303[39m in 183ms[2m (next.js: 2ms, proxy.ts: 3ms, application-code: 178ms)[22m
  └─ ƒ createLinkAction({}) in 7ms [2msrc/app/app/links/actions.ts[22m
 POST /api/test/mina/chat/completions [32m200[39m in 2ms[2m (next.js: 641µs, application-code: 1838µs)[22m
 GET /app/links?saved=1 [32m200[39m in 194ms[2m (next.js: 1195µs, proxy.ts: 4ms, application-code: 189ms)[22m
 GET / [32m200[39m in 25ms[2m (next.js: 1082µs, application-code: 24ms)[22m
 GET /login [32m200[39m in 15ms[2m (next.js: 767µs, application-code: 14ms)[22m
 GET /app [32m200[39m in 24ms[2m (next.js: 854µs, proxy.ts: 3ms, application-code: 21ms)[22m
 POST /login [34m303[39m in 59ms[2m (next.js: 878µs, application-code: 58ms)[22m
  └─ ƒ loginAction({}) in 30ms [2msrc/app/login/actions.ts[22m
 GET /app/links [32m200[39m in 164ms[2m (next.js: 912µs, proxy.ts: 3ms, application-code: 160ms)[22m
 GET /app/links?saved=1 [32m200[39m in 167ms[2m (next.js: 860µs, proxy.ts: 2ms, application-code: 164ms)[22m
 POST /app/links [34m303[39m in 181ms[2m (next.js: 1068µs, proxy.ts: 3ms, application-code: 177ms)[22m
  └─ ƒ createLinkAction({}) in 6ms [2msrc/app/app/links/actions.ts[22m
 POST /api/test/mina/chat/completions [32m200[39m in 1511ms[2m (next.js: 667µs, application-code: 1510ms)[22m
 GET /app/links?saved=1 [32m200[39m in 182ms[2m (next.js: 3ms, proxy.ts: 10ms, application-code: 170ms)[22m
 GET /app/links?retried=1 [32m200[39m in 173ms[2m (next.js: 868µs, proxy.ts: 3ms, application-code: 170ms)[22m
 POST /app/links?saved=1 [34m303[39m in 190ms[2m (next.js: 1455µs, proxy.ts: 4ms, application-code: 185ms)[22m
  └─ ƒ retryLinkEnrichmentAction("cmmzo1jzn0004tbybt6wfxm69") in 6ms [2msrc/app/app/links/actions.ts[22m
 GET /app/links?retried=1 [32m200[39m in 180ms[2m (next.js: 3ms, proxy.ts: 9ms, application-code: 168ms)[22m
 POST /api/test/mina/chat/completions [32m200[39m in 1508ms[2m (next.js: 639µs, application-code: 1508ms)[22m
 GET /app/links?retried=1 [32m200[39m in 188ms[2m (next.js: 3ms, proxy.ts: 9ms, application-code: 176ms)[22m
 GET /login [32m200[39m in 16ms[2m (next.js: 1094µs, application-code: 15ms)[22m
 GET /app [32m200[39m in 25ms[2m (next.js: 916µs, proxy.ts: 3ms, application-code: 21ms)[22m
 POST /login [34m303[39m in 60ms[2m (next.js: 948µs, application-code: 59ms)[22m
  └─ ƒ loginAction({}) in 31ms [2msrc/app/login/actions.ts[22m
 GET /app/links [32m200[39m in 181ms[2m (next.js: 878µs, proxy.ts: 3ms, application-code: 177ms)[22m
 GET /app/links?error=invalid-url [32m200[39m in 180ms[2m (next.js: 888µs, proxy.ts: 2ms, application-code: 177ms)[22m
 POST /app/links [34m303[39m in 192ms[2m (next.js: 806µs, proxy.ts: 3ms, application-code: 188ms)[22m
  └─ ƒ createLinkAction({}) in 5ms [2msrc/app/app/links/actions.ts[22m
 GET /login [32m200[39m in 15ms[2m (next.js: 780µs, application-code: 15ms)[22m
 GET /app [32m200[39m in 31ms[2m (next.js: 827µs, proxy.ts: 2ms, application-code: 28ms)[22m
 POST /login [34m303[39m in 64ms[2m (next.js: 948µs, application-code: 63ms)[22m
  └─ ƒ loginAction({}) in 29ms [2msrc/app/login/actions.ts[22m
 GET /app/notes/new [32m200[39m in 20ms[2m (next.js: 2ms, proxy.ts: 3ms, application-code: 15ms)[22m
 GET /app/notes/cmmzo1qbv0005tbybfswmsm6f/edit?saved=1 [32m200[39m in 23ms[2m (next.js: 2ms, proxy.ts: 3ms, application-code: 18ms)[22m
 POST /app/notes/new [34m303[39m in 35ms[2m (next.js: 901µs, proxy.ts: 3ms, application-code: 32ms)[22m
  └─ ƒ createNoteAction({}) in 5ms [2msrc/app/app/notes/actions.ts[22m
 GET /app/links [32m200[39m in 375ms[2m (next.js: 996µs, proxy.ts: 3ms, application-code: 371ms)[22m
 GET /app/links?saved=1 [32m200[39m in 190ms[2m (next.js: 942µs, proxy.ts: 2ms, application-code: 187ms)[22m
 POST /app/links [34m303[39m in 215ms[2m (next.js: 9ms, proxy.ts: 3ms, application-code: 203ms)[22m
  └─ ƒ createLinkAction({}) in 6ms [2msrc/app/app/links/actions.ts[22m
 POST /api/test/mina/chat/completions [32m200[39m in 2ms[2m (next.js: 665µs, application-code: 1554µs)[22m
 GET /app/links?saved=1 [32m200[39m in 185ms[2m (next.js: 2ms, proxy.ts: 7ms, application-code: 177ms)[22m
 GET /app/tags?tag=ai-owned [32m200[39m in 236ms[2m (next.js: 23ms, proxy.ts: 4ms, application-code: 210ms)[22m
 GET /app/tags [32m200[39m in 380ms[2m (next.js: 1024µs, proxy.ts: 3ms, application-code: 377ms)[22m
 GET /app/search?q=Filtered%20note%201774057528794 [32m200[39m in 82ms[2m (next.js: 17ms, proxy.ts: 3ms, application-code: 62ms)[22m
 GET /app/search?q=url-needle-1774057528794 [32m200[39m in 45ms[2m (next.js: 790µs, proxy.ts: 3ms, application-code: 42ms)[22m
 GET /app/search?q=ai-owned [32m200[39m in 122ms[2m (next.js: 820µs, proxy.ts: 3ms, application-code: 119ms)[22m
 GET /login [32m200[39m in 17ms[2m (next.js: 901µs, application-code: 16ms)[22m
 GET /app [32m200[39m in 32ms[2m (next.js: 964µs, proxy.ts: 2ms, application-code: 29ms)[22m
 POST /login [34m303[39m in 66ms[2m (next.js: 963µs, application-code: 65ms)[22m
  └─ ƒ loginAction({}) in 30ms [2msrc/app/login/actions.ts[22m
 GET /app/links [32m200[39m in 179ms[2m (next.js: 1090µs, proxy.ts: 3ms, application-code: 175ms)[22m
 GET /app/links?saved=1 [32m200[39m in 167ms[2m (next.js: 875µs, proxy.ts: 2ms, application-code: 164ms)[22m
 POST /app/links [34m303[39m in 181ms[2m (next.js: 1018µs, proxy.ts: 3ms, application-code: 177ms)[22m
  └─ ƒ createLinkAction({}) in 6ms [2msrc/app/app/links/actions.ts[22m
 GET /app/links?saved=1 [32m200[39m in 196ms[2m (next.js: 1845µs, proxy.ts: 6ms, application-code: 188ms)[22m
 GET /app/search?q=ai [32m200[39m in 205ms[2m (next.js: 1213µs, proxy.ts: 4ms, application-code: 201ms)[22m
 GET /app/tags?tag=ai [32m200[39m in 138ms[2m (next.js: 970µs, proxy.ts: 3ms, application-code: 134ms)[22m
 GET /login [32m200[39m in 24ms[2m (next.js: 809µs, application-code: 23ms)[22m
 GET /app [32m200[39m in 26ms[2m (next.js: 916µs, proxy.ts: 3ms, application-code: 23ms)[22m
 POST /login [34m303[39m in 63ms[2m (next.js: 948µs, application-code: 62ms)[22m
  └─ ƒ loginAction({}) in 30ms [2msrc/app/login/actions.ts[22m
 GET /app/notes/new [32m200[39m in 17ms[2m (next.js: 2ms, proxy.ts: 3ms, application-code: 12ms)[22m
 GET /app/notes/cmmzo1yay000atbybk75cawf7/edit?saved=1 [32m200[39m in 24ms[2m (next.js: 2ms, proxy.ts: 3ms, application-code: 19ms)[22m
 POST /app/notes/new [34m303[39m in 38ms[2m (next.js: 1533µs, proxy.ts: 3ms, application-code: 34ms)[22m
  └─ ƒ createNoteAction({}) in 5ms [2msrc/app/app/notes/actions.ts[22m
 GET /app/notes/cmmzo1yay000atbybk75cawf7/edit?saved=1 [32m200[39m in 42ms[2m (next.js: 7ms, proxy.ts: 8ms, application-code: 27ms)[22m
 GET /app [32m200[39m in 228ms[2m (next.js: 2ms, proxy.ts: 6ms, application-code: 219ms)[22m
 GET / [32m200[39m in 23ms[2m (next.js: 1661µs, application-code: 22ms)[22m
 GET / [32m200[39m in 18ms[2m (next.js: 768µs, application-code: 17ms)[22m
 GET / [32m200[39m in 18ms[2m (next.js: 700µs, application-code: 17ms)[22m
 GET /login [32m200[39m in 13ms[2m (next.js: 711µs, application-code: 13ms)[22m
 GET /login [32m200[39m in 14ms[2m (next.js: 726µs, application-code: 13ms)[22m
 GET /app [32m200[39m in 22ms[2m (next.js: 1003µs, proxy.ts: 2ms, application-code: 19ms)[22m
 POST /login [34m303[39m in 56ms[2m (next.js: 837µs, application-code: 56ms)[22m
  └─ ƒ loginAction({}) in 30ms [2msrc/app/login/actions.ts[22m
 GET /login [32m200[39m in 18ms[2m (next.js: 796µs, application-code: 18ms)[22m
 GET /app [32m200[39m in 21ms[2m (next.js: 815µs, proxy.ts: 2ms, application-code: 18ms)[22m
 POST /login [34m303[39m in 54ms[2m (next.js: 880µs, application-code: 53ms)[22m
  └─ ƒ loginAction({}) in 29ms [2msrc/app/login/actions.ts[22m
