
> minakeep@0.1.0 dev
> next dev --hostname 127.0.0.1 --port 3100

[1m[38;2;173;127;168m▲ Next.js 16.2.0[39m[22m (Turbopack)
- Local:         http://127.0.0.1:3100
- Network:       http://127.0.0.1:3100
- Environments: .env
[32m[1m✓[22m[39m Ready in 183ms

 GET /api/health [32m200[39m in 69ms[2m (next.js: 60ms, application-code: 10ms)[22m
 GET /login [32m200[39m in 170ms[2m (next.js: 42ms, application-code: 128ms)[22m
 GET /app [32m200[39m in 95ms[2m (next.js: 12ms, proxy.ts: 33ms, application-code: 49ms)[22m
 POST /login [34m303[39m in 202ms[2m (next.js: 1389µs, application-code: 201ms)[22m
  └─ ƒ loginAction({}) in 92ms [2msrc/app/login/actions.ts[22m
 GET /login [32m200[39m in 20ms[2m (next.js: 937µs, application-code: 19ms)[22m
 GET /app [32m200[39m in 31ms[2m (next.js: 1501µs, proxy.ts: 3ms, application-code: 26ms)[22m
 POST /login [34m303[39m in 42ms[2m (next.js: 1062µs, application-code: 41ms)[22m
  └─ ƒ loginAction({}) in 5ms [2msrc/app/login/actions.ts[22m
 GET /api/auth/session [32m200[39m in 439ms[2m (next.js: 430ms, application-code: 9ms)[22m
 GET / [32m200[39m in 50ms[2m (next.js: 9ms, application-code: 41ms)[22m
 GET /login?callbackUrl=http%3A%2F%2Flocalhost%3A3100%2Fapp%2Fsearch [32m200[39m in 19ms[2m (next.js: 865µs, application-code: 18ms)[22m
 GET /login?callbackUrl=http%3A%2F%2Flocalhost%3A3100%2Fapp%2Fnotes%2Fnew [32m200[39m in 18ms[2m (next.js: 792µs, application-code: 18ms)[22m
 GET /app [32m200[39m in 48ms[2m (next.js: 1211µs, proxy.ts: 3ms, application-code: 44ms)[22m
 POST /login?callbackUrl=http%3A%2F%2Flocalhost%3A3100%2Fapp%2Fnotes%2Fnew [34m303[39m in 82ms[2m (next.js: 1020µs, application-code: 81ms)[22m
  └─ ƒ loginAction({}) in 29ms [2msrc/app/login/actions.ts[22m
 GET /app/notes/new [32m200[39m in 30ms[2m (next.js: 12ms, proxy.ts: 4ms, application-code: 14ms)[22m
 GET /app/notes/cmn1av5lf0000bdybqjtgpeuq/edit?saved=1 [32m200[39m in 234ms[2m (next.js: 203ms, proxy.ts: 3ms, application-code: 27ms)[22m
 POST /app/notes/new [34m303[39m in 263ms[2m (next.js: 1484µs, proxy.ts: 3ms, application-code: 258ms)[22m
  └─ ƒ createNoteAction({}) in 20ms [2msrc/app/app/notes/actions.ts[22m
 POST /app/notes/cmn1av5lf0000bdybqjtgpeuq/edit?saved=1 [34m303[39m in 131ms[2m (next.js: 4ms, proxy.ts: 5ms, application-code: 122ms)[22m
  └─ ƒ updateNoteAction("cmn1av5lf0000bdybqjtgpeuq", {}) in 23ms [2msrc/app/app/notes/actions.ts[22m
 GET /app [32m200[39m in 187ms[2m (next.js: 1149µs, proxy.ts: 8ms, application-code: 179ms)[22m
 GET /app/notes/cmn1av5lf0000bdybqjtgpeuq/edit?saved=1 [32m200[39m in 158ms[2m (next.js: 11ms, proxy.ts: 97ms, application-code: 50ms)[22m
 GET /app/notes/cmn1av5lf0000bdybqjtgpeuq/edit [32m200[39m in 22ms[2m (next.js: 2ms, proxy.ts: 4ms, application-code: 16ms)[22m
 GET /login [32m200[39m in 17ms[2m (next.js: 782µs, application-code: 16ms)[22m
 GET /app [32m200[39m in 34ms[2m (next.js: 1321µs, proxy.ts: 2ms, application-code: 30ms)[22m
 POST /login [34m303[39m in 68ms[2m (next.js: 949µs, application-code: 67ms)[22m
  └─ ƒ loginAction({}) in 30ms [2msrc/app/login/actions.ts[22m
 GET /app/notes/new [32m200[39m in 18ms[2m (next.js: 932µs, proxy.ts: 3ms, application-code: 14ms)[22m
 GET /app/notes/cmn1av6hw0001bdybdjzjsny6/edit?saved=1 [32m200[39m in 29ms[2m (next.js: 2ms, proxy.ts: 2ms, application-code: 25ms)[22m
 POST /app/notes/new [34m303[39m in 44ms[2m (next.js: 902µs, proxy.ts: 3ms, application-code: 40ms)[22m
  └─ ƒ createNoteAction({}) in 7ms [2msrc/app/app/notes/actions.ts[22m
 POST /api/test/mina/chat/completions [32m200[39m in 1513ms[2m (next.js: 13ms, application-code: 1500ms)[22m
 GET /app/notes/cmn1av6hw0001bdybdjzjsny6/edit?saved=1 [32m200[39m in 51ms[2m (next.js: 7ms, proxy.ts: 10ms, application-code: 35ms)[22m
 GET /app/notes/cmn1av6hw0001bdybdjzjsny6/edit?retried=1 [32m200[39m in 42ms[2m (next.js: 1754µs, proxy.ts: 3ms, application-code: 37ms)[22m
 POST /app/notes/cmn1av6hw0001bdybdjzjsny6/edit?saved=1 [34m303[39m in 65ms[2m (next.js: 4ms, proxy.ts: 7ms, application-code: 54ms)[22m
  └─ ƒ retryNoteEnrichmentAction("cmn1av6hw0001bdybdjzjsny6") in 7ms [2msrc/app/app/notes/actions.ts[22m
 POST /api/test/mina/chat/completions [32m200[39m in 1495ms[2m (next.js: 1597µs, application-code: 1493ms)[22m
 GET /app/notes/cmn1av6hw0001bdybdjzjsny6/edit?retried=1 [32m200[39m in 50ms[2m (next.js: 8ms, proxy.ts: 9ms, application-code: 33ms)[22m
 GET /login [32m200[39m in 18ms[2m (next.js: 877µs, application-code: 17ms)[22m
 GET /app [32m200[39m in 28ms[2m (next.js: 901µs, proxy.ts: 3ms, application-code: 25ms)[22m
 POST /login [34m303[39m in 64ms[2m (next.js: 913µs, application-code: 63ms)[22m
  └─ ƒ loginAction({}) in 31ms [2msrc/app/login/actions.ts[22m
 GET /app/notes/new [32m200[39m in 18ms[2m (next.js: 941µs, proxy.ts: 3ms, application-code: 14ms)[22m
 GET /app/notes/cmn1avbj20002bdybfkzwpsui/edit?saved=1 [32m200[39m in 29ms[2m (next.js: 3ms, proxy.ts: 2ms, application-code: 25ms)[22m
 POST /app/notes/new [34m303[39m in 48ms[2m (next.js: 1245µs, proxy.ts: 5ms, application-code: 42ms)[22m
  └─ ƒ createNoteAction({}) in 8ms [2msrc/app/app/notes/actions.ts[22m
 GET /app/notes/cmn1avbj20002bdybfkzwpsui/edit?published=1 [32m200[39m in 28ms[2m (next.js: 1381µs, proxy.ts: 3ms, application-code: 24ms)[22m
 POST /app/notes/cmn1avbj20002bdybfkzwpsui/edit?saved=1 [34m303[39m in 45ms[2m (next.js: 2ms, proxy.ts: 3ms, application-code: 39ms)[22m
  └─ ƒ publishNoteAction("cmn1avbj20002bdybfkzwpsui") in 5ms [2msrc/app/app/notes/actions.ts[22m
 GET / [32m200[39m in 27ms[2m (next.js: 811µs, application-code: 26ms)[22m
 GET /notes/public-note-1774156326981 [32m200[39m in 205ms[2m (next.js: 193ms, application-code: 13ms)[22m
 GET /app [32m200[39m in 50ms[2m (next.js: 1006µs, proxy.ts: 3ms, application-code: 46ms)[22m
 GET /app/notes/cmn1avbj20002bdybfkzwpsui/edit [32m200[39m in 35ms[2m (next.js: 2ms, proxy.ts: 3ms, application-code: 29ms)[22m
 GET /app/notes/cmn1avbj20002bdybfkzwpsui/edit?unpublished=1 [32m200[39m in 28ms[2m (next.js: 1288µs, proxy.ts: 2ms, application-code: 25ms)[22m
 POST /app/notes/cmn1avbj20002bdybfkzwpsui/edit [34m303[39m in 42ms[2m (next.js: 1343µs, proxy.ts: 3ms, application-code: 38ms)[22m
  └─ ƒ unpublishNoteAction("cmn1avbj20002bdybfkzwpsui") in 6ms [2msrc/app/app/notes/actions.ts[22m
 GET / [32m200[39m in 24ms[2m (next.js: 868µs, application-code: 23ms)[22m
 GET /notes/public-note-1774156326981 [33m404[39m in 39ms[2m (next.js: 1650µs, application-code: 37ms)[22m
 GET /login [32m200[39m in 18ms[2m (next.js: 911µs, application-code: 18ms)[22m
 GET /app [32m200[39m in 34ms[2m (next.js: 872µs, proxy.ts: 2ms, application-code: 31ms)[22m
 POST /login [34m303[39m in 68ms[2m (next.js: 870µs, application-code: 67ms)[22m
  └─ ƒ loginAction({}) in 30ms [2msrc/app/login/actions.ts[22m
 GET /app/links [32m200[39m in 33ms[2m (next.js: 13ms, proxy.ts: 3ms, application-code: 17ms)[22m
 GET /app/links?saved=1 [32m200[39m in 29ms[2m (next.js: 841µs, proxy.ts: 2ms, application-code: 26ms)[22m
 POST /app/links [34m303[39m in 44ms[2m (next.js: 986µs, proxy.ts: 3ms, application-code: 40ms)[22m
  └─ ƒ createLinkAction({}) in 8ms [2msrc/app/app/links/actions.ts[22m
 POST /api/test/mina/chat/completions [32m200[39m in 2ms[2m (next.js: 614µs, application-code: 1568µs)[22m
{"level":"warn","message":"Link favicon could not be resolved.","metadata":{"linkId":"cmn1avcrd0005bdyb5gp0xgre","url":"https://example.com/reference-1774156328619"},"timestamp":"2026-03-22T05:12:09.125Z"}
 GET /app/links?saved=1 [32m200[39m in 42ms[2m (next.js: 1563µs, proxy.ts: 5ms, application-code: 35ms)[22m
 GET / [32m200[39m in 38ms[2m (next.js: 3ms, application-code: 35ms)[22m
 GET /login [32m200[39m in 16ms[2m (next.js: 818µs, application-code: 15ms)[22m
 GET /app [32m200[39m in 29ms[2m (next.js: 845µs, proxy.ts: 3ms, application-code: 26ms)[22m
 POST /login [34m303[39m in 63ms[2m (next.js: 901µs, application-code: 62ms)[22m
  └─ ƒ loginAction({}) in 29ms [2msrc/app/login/actions.ts[22m
 GET /app/links [32m200[39m in 22ms[2m (next.js: 899µs, proxy.ts: 3ms, application-code: 18ms)[22m
 GET /app/links?saved=1 [32m200[39m in 30ms[2m (next.js: 947µs, proxy.ts: 2ms, application-code: 27ms)[22m
 POST /app/links [34m303[39m in 42ms[2m (next.js: 870µs, proxy.ts: 3ms, application-code: 38ms)[22m
  └─ ƒ createLinkAction({}) in 5ms [2msrc/app/app/links/actions.ts[22m
 POST /api/test/mina/chat/completions [32m200[39m in 2ms[2m (next.js: 609µs, application-code: 1742µs)[22m
{"level":"warn","message":"Link favicon could not be resolved.","metadata":{"linkId":"cmn1avfhg0006bdyb7bulhedu","url":"https://example.com/published-link-1774156332146"},"timestamp":"2026-03-22T05:12:12.654Z"}
 GET /app/links?saved=1 [32m200[39m in 55ms[2m (next.js: 3ms, proxy.ts: 10ms, application-code: 42ms)[22m
 GET /app/links?published=1 [32m200[39m in 36ms[2m (next.js: 1050µs, proxy.ts: 3ms, application-code: 31ms)[22m
 POST /app/links?saved=1 [34m303[39m in 57ms[2m (next.js: 1674µs, proxy.ts: 7ms, application-code: 48ms)[22m
  └─ ƒ publishLinkAction("cmn1avfhg0006bdyb7bulhedu") in 8ms [2msrc/app/app/links/actions.ts[22m
 GET / [32m200[39m in 21ms[2m (next.js: 874µs, application-code: 20ms)[22m
 GET /app/links [32m200[39m in 122ms[2m (next.js: 790µs, proxy.ts: 2ms, application-code: 118ms)[22m
 GET /app/links?unpublished=1 [32m200[39m in 29ms[2m (next.js: 770µs, proxy.ts: 2ms, application-code: 26ms)[22m
 POST /app/links [34m303[39m in 42ms[2m (next.js: 883µs, proxy.ts: 3ms, application-code: 38ms)[22m
  └─ ƒ unpublishLinkAction("cmn1avfhg0006bdyb7bulhedu") in 5ms [2msrc/app/app/links/actions.ts[22m
 GET / [32m200[39m in 20ms[2m (next.js: 847µs, application-code: 19ms)[22m
 GET /login [32m200[39m in 17ms[2m (next.js: 681µs, application-code: 17ms)[22m
 GET /app [32m200[39m in 29ms[2m (next.js: 875µs, proxy.ts: 2ms, application-code: 26ms)[22m
 POST /login [34m303[39m in 64ms[2m (next.js: 1000µs, application-code: 63ms)[22m
  └─ ƒ loginAction({}) in 29ms [2msrc/app/login/actions.ts[22m
 GET /app/links [32m200[39m in 28ms[2m (next.js: 947µs, proxy.ts: 3ms, application-code: 24ms)[22m
 GET /app/links?saved=1 [32m200[39m in 32ms[2m (next.js: 886µs, proxy.ts: 2ms, application-code: 29ms)[22m
 POST /app/links [34m303[39m in 44ms[2m (next.js: 873µs, proxy.ts: 3ms, application-code: 41ms)[22m
  └─ ƒ createLinkAction({}) in 6ms [2msrc/app/app/links/actions.ts[22m
{"level":"warn","message":"Link favicon could not be resolved.","metadata":{"linkId":"cmn1avil10007bdybn5y622sp","url":"https://example.com/retry-link-1774156336171"},"timestamp":"2026-03-22T05:12:16.676Z"}
 POST /api/test/mina/chat/completions [32m200[39m in 1512ms[2m (next.js: 666µs, application-code: 1511ms)[22m
 GET /app/links?saved=1 [32m200[39m in 53ms[2m (next.js: 3ms, proxy.ts: 9ms, application-code: 42ms)[22m
 GET /app/links?retried=1 [32m200[39m in 47ms[2m (next.js: 1076µs, proxy.ts: 3ms, application-code: 42ms)[22m
 POST /app/links?saved=1 [34m303[39m in 68ms[2m (next.js: 2ms, proxy.ts: 7ms, application-code: 59ms)[22m
  └─ ƒ retryLinkEnrichmentAction("cmn1avil10007bdybn5y622sp") in 7ms [2msrc/app/app/links/actions.ts[22m
 POST /api/test/mina/chat/completions [32m200[39m in 1508ms[2m (next.js: 667µs, application-code: 1507ms)[22m
 GET /app/links?retried=1 [32m200[39m in 55ms[2m (next.js: 3ms, proxy.ts: 11ms, application-code: 41ms)[22m
 GET /login [32m200[39m in 17ms[2m (next.js: 834µs, application-code: 16ms)[22m
 GET /app [32m200[39m in 29ms[2m (next.js: 862µs, proxy.ts: 2ms, application-code: 25ms)[22m
 POST /login [34m303[39m in 63ms[2m (next.js: 957µs, application-code: 62ms)[22m
  └─ ƒ loginAction({}) in 30ms [2msrc/app/login/actions.ts[22m
 GET /app/links [32m200[39m in 27ms[2m (next.js: 882µs, proxy.ts: 3ms, application-code: 23ms)[22m
 GET /app/links?error=invalid-url [32m200[39m in 34ms[2m (next.js: 784µs, proxy.ts: 1965µs, application-code: 32ms)[22m
 POST /app/links [34m303[39m in 44ms[2m (next.js: 789µs, proxy.ts: 3ms, application-code: 41ms)[22m
  └─ ƒ createLinkAction({}) in 3ms [2msrc/app/app/links/actions.ts[22m
 GET /login [32m200[39m in 15ms[2m (next.js: 826µs, application-code: 14ms)[22m
 GET /app [32m200[39m in 29ms[2m (next.js: 1013µs, proxy.ts: 2ms, application-code: 26ms)[22m
 POST /login [34m303[39m in 64ms[2m (next.js: 938µs, application-code: 63ms)[22m
  └─ ƒ loginAction({}) in 30ms [2msrc/app/login/actions.ts[22m
 GET /app/notes/new [32m200[39m in 17ms[2m (next.js: 910µs, proxy.ts: 3ms, application-code: 14ms)[22m
 GET /app/notes/cmn1avo0g0008bdyb1vw9i0p5/edit?saved=1 [32m200[39m in 29ms[2m (next.js: 2ms, proxy.ts: 2ms, application-code: 25ms)[22m
 POST /app/notes/new [34m303[39m in 50ms[2m (next.js: 1046µs, proxy.ts: 3ms, application-code: 47ms)[22m
  └─ ƒ createNoteAction({}) in 6ms [2msrc/app/app/notes/actions.ts[22m
 GET /app/links [32m200[39m in 57ms[2m (next.js: 893µs, proxy.ts: 3ms, application-code: 54ms)[22m
 GET /app/links?saved=1 [32m200[39m in 33ms[2m (next.js: 863µs, proxy.ts: 2ms, application-code: 30ms)[22m
 POST /app/links [34m303[39m in 46ms[2m (next.js: 1614µs, proxy.ts: 3ms, application-code: 42ms)[22m
  └─ ƒ createLinkAction({}) in 5ms [2msrc/app/app/links/actions.ts[22m
 POST /api/test/mina/chat/completions [32m200[39m in 2ms[2m (next.js: 742µs, application-code: 1406µs)[22m
{"level":"warn","message":"Link favicon could not be resolved.","metadata":{"linkId":"cmn1avo7m0009bdybggfbvig3","url":"https://example.com/url-needle-1774156343182"},"timestamp":"2026-03-22T05:12:23.963Z"}
 GET /app/links?saved=1 [32m200[39m in 60ms[2m (next.js: 3ms, proxy.ts: 10ms, application-code: 48ms)[22m
 GET /app/tags?tag=ai-owned [32m200[39m in 133ms[2m (next.js: 20ms, proxy.ts: 6ms, application-code: 107ms)[22m
 GET /app/tags [32m200[39m in 69ms[2m (next.js: 754µs, proxy.ts: 3ms, application-code: 66ms)[22m
 GET /app/search?q=Filtered%20note%201774156343182 [32m200[39m in 79ms[2m (next.js: 11ms, proxy.ts: 2ms, application-code: 66ms)[22m
 GET /app/search?q=url-needle-1774156343182 [32m200[39m in 68ms[2m (next.js: 827µs, proxy.ts: 3ms, application-code: 65ms)[22m
 GET /app/search?q=ai-owned [32m200[39m in 56ms[2m (next.js: 900µs, proxy.ts: 3ms, application-code: 53ms)[22m
 GET /login [32m200[39m in 16ms[2m (next.js: 914µs, application-code: 15ms)[22m
 GET /app [32m200[39m in 36ms[2m (next.js: 6ms, proxy.ts: 2ms, application-code: 28ms)[22m
 POST /login [34m303[39m in 71ms[2m (next.js: 906µs, application-code: 70ms)[22m
  └─ ƒ loginAction({}) in 30ms [2msrc/app/login/actions.ts[22m
 GET /app/links [32m200[39m in 29ms[2m (next.js: 2ms, proxy.ts: 3ms, application-code: 23ms)[22m
 GET /app/links?saved=1 [32m200[39m in 37ms[2m (next.js: 868µs, proxy.ts: 2ms, application-code: 34ms)[22m
 POST /app/links [34m303[39m in 49ms[2m (next.js: 890µs, proxy.ts: 3ms, application-code: 45ms)[22m
  └─ ƒ createLinkAction({}) in 6ms [2msrc/app/app/links/actions.ts[22m
{"level":"warn","message":"Link favicon could not be resolved.","metadata":{"linkId":"cmn1avrcj000cbdybqkio1b8x","url":"https://example.com/ai-enriched-link-1774156347518"},"timestamp":"2026-03-22T05:12:28.031Z"}
 GET /app/links?saved=1 [32m200[39m in 87ms[2m (next.js: 3ms, proxy.ts: 10ms, application-code: 74ms)[22m
 GET /app/search?q=ai [32m200[39m in 64ms[2m (next.js: 1944µs, proxy.ts: 6ms, application-code: 56ms)[22m
 GET /app/tags?tag=ai [32m200[39m in 44ms[2m (next.js: 910µs, proxy.ts: 2ms, application-code: 41ms)[22m
 GET /login [32m200[39m in 15ms[2m (next.js: 756µs, application-code: 14ms)[22m
 GET /app [32m200[39m in 35ms[2m (next.js: 839µs, proxy.ts: 2ms, application-code: 32ms)[22m
 POST /login [34m303[39m in 70ms[2m (next.js: 863µs, application-code: 69ms)[22m
  └─ ƒ loginAction({}) in 30ms [2msrc/app/login/actions.ts[22m
 GET /app/links [32m200[39m in 65ms[2m (next.js: 812µs, proxy.ts: 3ms, application-code: 61ms)[22m
 GET /app/links?saved=1 [32m200[39m in 42ms[2m (next.js: 922µs, proxy.ts: 2ms, application-code: 39ms)[22m
 POST /app/links [34m303[39m in 53ms[2m (next.js: 1004µs, proxy.ts: 3ms, application-code: 49ms)[22m
  └─ ƒ createLinkAction({}) in 4ms [2msrc/app/app/links/actions.ts[22m
 POST /api/test/mina/chat/completions [32m200[39m in 1979µs[2m (next.js: 586µs, application-code: 1393µs)[22m
 GET /app/links?saved=1 [32m200[39m in 57ms[2m (next.js: 2ms, proxy.ts: 8ms, application-code: 47ms)[22m
 GET /media/337ff8ce-a093-4c41-9b2c-90311e59bd1a [32m200[39m in 431ms[2m (next.js: 421ms, application-code: 10ms)[22m
 GET /app/links?published=1 [32m200[39m in 51ms[2m (next.js: 1197µs, proxy.ts: 3ms, application-code: 47ms)[22m
 POST /app/links?saved=1 [34m303[39m in 72ms[2m (next.js: 2ms, proxy.ts: 7ms, application-code: 63ms)[22m
  └─ ƒ publishLinkAction("cmn1avu73000ebdybddulic2e") in 7ms [2msrc/app/app/links/actions.ts[22m
 GET /media/337ff8ce-a093-4c41-9b2c-90311e59bd1a [32m200[39m in 27ms[2m (next.js: 1640µs, application-code: 26ms)[22m
 GET / [32m200[39m in 32ms[2m (next.js: 2ms, application-code: 30ms)[22m
 GET /media/337ff8ce-a093-4c41-9b2c-90311e59bd1a [32m200[39m in 9ms[2m (next.js: 1062µs, application-code: 8ms)[22m
 GET /app/links [32m200[39m in 69ms[2m (next.js: 800µs, proxy.ts: 3ms, application-code: 66ms)[22m
 GET /media/337ff8ce-a093-4c41-9b2c-90311e59bd1a [32m200[39m in 14ms[2m (next.js: 1463µs, application-code: 12ms)[22m
 GET /app/links?saved=1 [32m200[39m in 42ms[2m (next.js: 785µs, proxy.ts: 2ms, application-code: 39ms)[22m
 POST /app/links [34m303[39m in 53ms[2m (next.js: 820µs, proxy.ts: 3ms, application-code: 50ms)[22m
  └─ ƒ createLinkAction({}) in 5ms [2msrc/app/app/links/actions.ts[22m
{"level":"warn","message":"Link favicon cache failed.","metadata":{"error":"Configured link favicon fetch failure for Playwright.","linkId":"cmn1avwsc000fbdybyhib0gj3","url":"https://example.com/fallback-favicon-1774156351191"},"timestamp":"2026-03-22T05:12:35.050Z"}
 POST /api/test/mina/chat/completions [32m200[39m in 2ms[2m (next.js: 605µs, application-code: 1507µs)[22m
 GET /media/337ff8ce-a093-4c41-9b2c-90311e59bd1a [32m200[39m in 7ms[2m (next.js: 783µs, application-code: 6ms)[22m
 GET /app/links?saved=1 [32m200[39m in 63ms[2m (next.js: 4ms, proxy.ts: 8ms, application-code: 51ms)[22m
 GET /app/links?favicon=1 [32m200[39m in 54ms[2m (next.js: 972µs, proxy.ts: 3ms, application-code: 50ms)[22m
 POST /app/links?saved=1 [34m303[39m in 73ms[2m (next.js: 1448µs, proxy.ts: 5ms, application-code: 66ms)[22m
  └─ ƒ refreshLinkFaviconAction("cmn1avwsc000fbdybyhib0gj3") in 8ms [2msrc/app/app/links/actions.ts[22m
 GET /media/337ff8ce-a093-4c41-9b2c-90311e59bd1a [32m200[39m in 8ms[2m (next.js: 3ms, application-code: 5ms)[22m
 GET /media/e4e83da2-bc60-443a-9d58-bfab1589fcf9 [32m200[39m in 8ms[2m (next.js: 4ms, application-code: 4ms)[22m
 GET /media/draft-note-image-1774156358172 [33m404[39m in 4ms[2m (next.js: 669µs, application-code: 4ms)[22m
 GET /login [32m200[39m in 21ms[2m (next.js: 792µs, application-code: 20ms)[22m
 GET /app [32m200[39m in 25ms[2m (next.js: 843µs, proxy.ts: 2ms, application-code: 22ms)[22m
 POST /login [34m303[39m in 59ms[2m (next.js: 921µs, application-code: 58ms)[22m
  └─ ƒ loginAction({}) in 30ms [2msrc/app/login/actions.ts[22m
 GET /media/draft-note-image-1774156358172 [32m200[39m in 8ms[2m (next.js: 968µs, application-code: 7ms)[22m
 GET /media/draft-note-image-1774156358172 [32m200[39m in 6ms[2m (next.js: 629µs, application-code: 5ms)[22m
 GET /media/published-note-image-1774156358522 [32m200[39m in 10ms[2m (next.js: 6ms, application-code: 4ms)[22m
 GET /media/hidden-note-image-1774156358522 [33m404[39m in 6ms[2m (next.js: 2ms, application-code: 4ms)[22m
 GET /media/published-link-favicon-1774156358522 [32m200[39m in 4ms[2m (next.js: 617µs, application-code: 4ms)[22m
 GET /login [32m200[39m in 16ms[2m (next.js: 756µs, application-code: 16ms)[22m
 GET /app [32m200[39m in 25ms[2m (next.js: 902µs, proxy.ts: 3ms, application-code: 22ms)[22m
 POST /login [34m303[39m in 59ms[2m (next.js: 863µs, application-code: 58ms)[22m
  └─ ƒ loginAction({}) in 30ms [2msrc/app/login/actions.ts[22m
 GET /media/published-note-image-1774156358522 [32m200[39m in 6ms[2m (next.js: 944µs, application-code: 5ms)[22m
 GET /app/notes/new [32m200[39m in 23ms[2m (next.js: 2ms, proxy.ts: 3ms, application-code: 18ms)[22m
 GET /app/notes/cmn1avzx5000gbdybctcx5tt4/edit?saved=1 [32m200[39m in 30ms[2m (next.js: 3ms, proxy.ts: 2ms, application-code: 25ms)[22m
 POST /app/notes/new [34m303[39m in 43ms[2m (next.js: 829µs, proxy.ts: 3ms, application-code: 40ms)[22m
  └─ ƒ createNoteAction({}) in 7ms [2msrc/app/app/notes/actions.ts[22m
 GET /app/notes/cmn1avzx5000gbdybctcx5tt4/edit?saved=1 [32m200[39m in 51ms[2m (next.js: 7ms, proxy.ts: 9ms, application-code: 35ms)[22m
 GET /app [32m200[39m in 62ms[2m (next.js: 2ms, proxy.ts: 6ms, application-code: 53ms)[22m
 GET /media/published-note-image-1774156358522 [32m200[39m in 34ms[2m (next.js: 4ms, application-code: 30ms)[22m
 GET /login [32m200[39m in 17ms[2m (next.js: 778µs, application-code: 16ms)[22m
 GET /app [32m200[39m in 24ms[2m (next.js: 1000µs, proxy.ts: 2ms, application-code: 21ms)[22m
 POST /login [34m303[39m in 58ms[2m (next.js: 869µs, application-code: 57ms)[22m
  └─ ƒ loginAction({}) in 29ms [2msrc/app/login/actions.ts[22m
 GET /app/notes/new [32m200[39m in 40ms[2m (next.js: 890µs, proxy.ts: 3ms, application-code: 37ms)[22m
 POST /api/notes/images [32m201[39m in 32ms[2m (next.js: 23ms, application-code: 9ms)[22m
 GET /media/8e639f7c-c8e2-4df1-97e1-685324e690e4 [32m200[39m in 14ms[2m (next.js: 6ms, application-code: 8ms)[22m
 GET /app/notes/cmn1aw2rb000kbdybr5se5ekm/edit?saved=1 [32m200[39m in 29ms[2m (next.js: 2ms, proxy.ts: 2ms, application-code: 24ms)[22m
 POST /app/notes/new [34m303[39m in 47ms[2m (next.js: 2ms, proxy.ts: 3ms, application-code: 42ms)[22m
  └─ ƒ createNoteAction({}) in 8ms [2msrc/app/app/notes/actions.ts[22m
 GET /media/8e639f7c-c8e2-4df1-97e1-685324e690e4 [32m200[39m in 11ms[2m (next.js: 1341µs, application-code: 10ms)[22m
 GET / [32m200[39m in 23ms[2m (next.js: 1713µs, application-code: 21ms)[22m
 GET /notes/owner-continuity-public-note [32m200[39m in 42ms[2m (next.js: 3ms, application-code: 38ms)[22m
 GET /login [32m200[39m in 18ms[2m (next.js: 760µs, application-code: 18ms)[22m
 GET /app [32m200[39m in 26ms[2m (next.js: 843µs, proxy.ts: 2ms, application-code: 22ms)[22m
 POST /login [34m303[39m in 61ms[2m (next.js: 885µs, application-code: 60ms)[22m
  └─ ƒ loginAction({}) in 32ms [2msrc/app/login/actions.ts[22m
 GET / [32m200[39m in 10ms[2m (next.js: 911µs, application-code: 9ms)[22m
 GET /notes/owner-continuity-public-note [32m200[39m in 21ms[2m (next.js: 1995µs, application-code: 19ms)[22m
 GET /app [32m200[39m in 20ms[2m (next.js: 918µs, proxy.ts: 3ms, application-code: 16ms)[22m
 GET / [32m200[39m in 18ms[2m (next.js: 781µs, application-code: 17ms)[22m
 GET /login [32m200[39m in 15ms[2m (next.js: 761µs, application-code: 15ms)[22m
 GET /login [32m200[39m in 15ms[2m (next.js: 739µs, application-code: 15ms)[22m
 GET /login [32m200[39m in 17ms[2m (next.js: 748µs, application-code: 16ms)[22m
 GET /app [32m200[39m in 32ms[2m (next.js: 920µs, proxy.ts: 2ms, application-code: 29ms)[22m
 POST /login [34m303[39m in 67ms[2m (next.js: 902µs, application-code: 66ms)[22m
  └─ ƒ loginAction({}) in 29ms [2msrc/app/login/actions.ts[22m
 GET /app/notes/cmn1aw46e000bbfybmo4lhggc/edit [32m200[39m in 50ms[2m (next.js: 2ms, proxy.ts: 3ms, application-code: 45ms)[22m
 GET /login [32m200[39m in 16ms[2m (next.js: 774µs, application-code: 15ms)[22m
 GET /app [32m200[39m in 26ms[2m (next.js: 907µs, proxy.ts: 3ms, application-code: 22ms)[22m
 POST /login [34m303[39m in 59ms[2m (next.js: 897µs, application-code: 58ms)[22m
  └─ ƒ loginAction({}) in 29ms [2msrc/app/login/actions.ts[22m
 GET /app/notes/cmn1aw4nq000cbfybjfb7s3ff/edit [32m200[39m in 50ms[2m (next.js: 2ms, proxy.ts: 3ms, application-code: 45ms)[22m
 GET / [32m200[39m in 20ms[2m (next.js: 788µs, application-code: 19ms)[22m
 GET / [32m200[39m in 18ms[2m (next.js: 782µs, application-code: 18ms)[22m
 GET / [32m200[39m in 18ms[2m (next.js: 749µs, application-code: 17ms)[22m
 GET / [32m200[39m in 18ms[2m (next.js: 747µs, application-code: 17ms)[22m
 GET /login [32m200[39m in 15ms[2m (next.js: 771µs, application-code: 15ms)[22m
 GET /login [32m200[39m in 18ms[2m (next.js: 773µs, application-code: 17ms)[22m
 GET /app [32m200[39m in 26ms[2m (next.js: 906µs, proxy.ts: 3ms, application-code: 22ms)[22m
 POST /login [34m303[39m in 61ms[2m (next.js: 1031µs, application-code: 60ms)[22m
  └─ ƒ loginAction({}) in 30ms [2msrc/app/login/actions.ts[22m
 GET / [32m200[39m in 21ms[2m (next.js: 762µs, application-code: 20ms)[22m
 GET /login [32m200[39m in 16ms[2m (next.js: 741µs, application-code: 15ms)[22m
 GET /app [32m200[39m in 31ms[2m (next.js: 1035µs, proxy.ts: 8ms, application-code: 22ms)[22m
 POST /login [34m303[39m in 65ms[2m (next.js: 895µs, application-code: 64ms)[22m
  └─ ƒ loginAction({}) in 30ms [2msrc/app/login/actions.ts[22m
 GET /app/search [32m200[39m in 31ms[2m (next.js: 1768µs, proxy.ts: 2ms, application-code: 27ms)[22m
 GET /app/links [32m200[39m in 46ms[2m (next.js: 887µs, proxy.ts: 3ms, application-code: 42ms)[22m
 GET /app [32m200[39m in 42ms[2m (next.js: 793µs, proxy.ts: 3ms, application-code: 39ms)[22m
 GET /app/notes/cmn1aw6ey000zbfybvuy0ldxq/edit [32m200[39m in 21ms[2m (next.js: 3ms, proxy.ts: 3ms, application-code: 16ms)[22m
 GET /login [32m200[39m in 18ms[2m (next.js: 926µs, application-code: 17ms)[22m
 GET /app [32m200[39m in 26ms[2m (next.js: 1235µs, proxy.ts: 2ms, application-code: 22ms)[22m
 POST /login [34m303[39m in 60ms[2m (next.js: 1026µs, application-code: 59ms)[22m
  └─ ƒ loginAction({}) in 30ms [2msrc/app/login/actions.ts[22m
 GET /app/notes/new [32m200[39m in 36ms[2m (next.js: 947µs, proxy.ts: 3ms, application-code: 32ms)[22m
 GET /app/notes/cmn1aw7h4000lbdybp0vwu6cu/edit?saved=1 [32m200[39m in 29ms[2m (next.js: 2ms, proxy.ts: 2ms, application-code: 25ms)[22m
 POST /app/notes/new [34m303[39m in 42ms[2m (next.js: 860µs, proxy.ts: 3ms, application-code: 39ms)[22m
  └─ ƒ createNoteAction({}) in 6ms [2msrc/app/app/notes/actions.ts[22m
 GET /login [32m200[39m in 18ms[2m (next.js: 816µs, application-code: 17ms)[22m
 GET /app [32m200[39m in 27ms[2m (next.js: 948µs, proxy.ts: 3ms, application-code: 23ms)[22m
 POST /login [34m303[39m in 61ms[2m (next.js: 912µs, application-code: 60ms)[22m
  └─ ƒ loginAction({}) in 30ms [2msrc/app/login/actions.ts[22m
 GET /app/notes/cmn1aw7jy0012bfybgfrrt3hm/edit [32m200[39m in 52ms[2m (next.js: 2ms, proxy.ts: 3ms, application-code: 47ms)[22m
 GET /login [32m200[39m in 16ms[2m (next.js: 832µs, application-code: 15ms)[22m
 GET /app [32m200[39m in 26ms[2m (next.js: 1016µs, proxy.ts: 2ms, application-code: 22ms)[22m
 POST /login [34m303[39m in 60ms[2m (next.js: 896µs, application-code: 59ms)[22m
  └─ ƒ loginAction({}) in 30ms [2msrc/app/login/actions.ts[22m
 GET /app/notes/new [32m200[39m in 32ms[2m (next.js: 983µs, proxy.ts: 3ms, application-code: 29ms)[22m
 GET /media/3b92f5a1-6c7b-417c-b948-3dfdce5a8efe-with-extra-wrap-length-for-the-gutter [33m404[39m in 10ms[2m (next.js: 2ms, application-code: 8ms)[22m
 GET /login [32m200[39m in 23ms[2m (next.js: 782µs, application-code: 23ms)[22m
 GET /app [32m200[39m in 27ms[2m (next.js: 1013µs, proxy.ts: 3ms, application-code: 24ms)[22m
 POST /login [34m303[39m in 61ms[2m (next.js: 940µs, application-code: 60ms)[22m
  └─ ƒ loginAction({}) in 29ms [2msrc/app/login/actions.ts[22m
 GET /app/notes/cmn1aw8dl0014bfybj56x8bno/edit [32m200[39m in 49ms[2m (next.js: 2ms, proxy.ts: 3ms, application-code: 44ms)[22m
 GET /login [32m200[39m in 16ms[2m (next.js: 836µs, application-code: 15ms)[22m
 GET /app [32m200[39m in 31ms[2m (next.js: 903µs, proxy.ts: 2ms, application-code: 28ms)[22m
 POST /login [34m303[39m in 64ms[2m (next.js: 928µs, application-code: 63ms)[22m
  └─ ƒ loginAction({}) in 28ms [2msrc/app/login/actions.ts[22m
 GET /app/notes/cmn1aw8t40015bfyb3lmb8td0/edit [32m200[39m in 47ms[2m (next.js: 2ms, proxy.ts: 3ms, application-code: 42ms)[22m
 GET /app/notes/cmn1aw8t40015bfyb3lmb8td0/edit?saved=1 [32m200[39m in 30ms[2m (next.js: 1278µs, proxy.ts: 2ms, application-code: 27ms)[22m
 POST /app/notes/cmn1aw8t40015bfyb3lmb8td0/edit [34m303[39m in 47ms[2m (next.js: 3ms, proxy.ts: 3ms, application-code: 41ms)[22m
  └─ ƒ updateNoteAction("cmn1aw8t40015bfyb3lmb8td0", {}) in 7ms [2msrc/app/app/notes/actions.ts[22m
 GET /login [32m200[39m in 17ms[2m (next.js: 817µs, application-code: 16ms)[22m
 GET /app [32m200[39m in 87ms[2m (next.js: 1362µs, proxy.ts: 3ms, application-code: 83ms)[22m
 POST /login [34m303[39m in 127ms[2m (next.js: 923µs, application-code: 126ms)[22m
  └─ ƒ loginAction({}) in 36ms [2msrc/app/login/actions.ts[22m
 GET /app/notes/cmn1aw9nh0016bfyb4kxxax1f/edit [32m200[39m in 67ms[2m (next.js: 6ms, proxy.ts: 9ms, application-code: 52ms)[22m
 GET /login [32m200[39m in 15ms[2m (next.js: 724µs, application-code: 15ms)[22m
 GET /app [32m200[39m in 26ms[2m (next.js: 774µs, proxy.ts: 2ms, application-code: 23ms)[22m
 POST /login [34m303[39m in 60ms[2m (next.js: 823µs, application-code: 59ms)[22m
  └─ ƒ loginAction({}) in 31ms [2msrc/app/login/actions.ts[22m
 GET /app/notes/cmn1awacm0017bfybkro3v558/edit [32m200[39m in 41ms[2m (next.js: 2ms, proxy.ts: 2ms, application-code: 37ms)[22m
 GET /app/notes/cmn1awacm0017bfybkro3v558/edit?saved=1 [32m200[39m in 31ms[2m (next.js: 1395µs, proxy.ts: 2ms, application-code: 27ms)[22m
 POST /app/notes/cmn1awacm0017bfybkro3v558/edit [34m303[39m in 51ms[2m (next.js: 3ms, proxy.ts: 8ms, application-code: 40ms)[22m
  └─ ƒ updateNoteAction("cmn1awacm0017bfybkro3v558", {}) in 6ms [2msrc/app/app/notes/actions.ts[22m
 GET /app/notes/cmn1awacm0017bfybkro3v558/edit?saved=1 [32m200[39m in 44ms[2m (next.js: 1320µs, proxy.ts: 3ms, application-code: 40ms)[22m
 GET /login [32m200[39m in 16ms[2m (next.js: 720µs, application-code: 15ms)[22m
 GET /app [32m200[39m in 32ms[2m (next.js: 834µs, proxy.ts: 2ms, application-code: 29ms)[22m
 POST /login [34m303[39m in 67ms[2m (next.js: 887µs, application-code: 66ms)[22m
  └─ ƒ loginAction({}) in 31ms [2msrc/app/login/actions.ts[22m
 GET /app/notes/cmn1awb690018bfybua9dp416/edit [32m200[39m in 46ms[2m (next.js: 2ms, proxy.ts: 2ms, application-code: 41ms)[22m
 GET /login [32m200[39m in 16ms[2m (next.js: 759µs, application-code: 15ms)[22m
 GET /app [32m200[39m in 26ms[2m (next.js: 821µs, proxy.ts: 2ms, application-code: 23ms)[22m
 POST /login [34m303[39m in 60ms[2m (next.js: 941µs, application-code: 59ms)[22m
  └─ ƒ loginAction({}) in 30ms [2msrc/app/login/actions.ts[22m
 GET /app/notes/cmn1awbnl0019bfybf5p1wa22/edit [32m200[39m in 51ms[2m (next.js: 2ms, proxy.ts: 2ms, application-code: 46ms)[22m
 GET /app/notes/cmn1awbnl0019bfybf5p1wa22/edit?saved=1 [32m200[39m in 29ms[2m (next.js: 1180µs, proxy.ts: 2ms, application-code: 25ms)[22m
 POST /app/notes/cmn1awbnl0019bfybf5p1wa22/edit [34m303[39m in 44ms[2m (next.js: 2ms, proxy.ts: 3ms, application-code: 39ms)[22m
  └─ ƒ updateNoteAction("cmn1awbnl0019bfybf5p1wa22", {}) in 7ms [2msrc/app/app/notes/actions.ts[22m
 GET /login [32m200[39m in 15ms[2m (next.js: 712µs, application-code: 14ms)[22m
 GET /app [32m200[39m in 26ms[2m (next.js: 1002µs, proxy.ts: 2ms, application-code: 23ms)[22m
 POST /login [34m303[39m in 60ms[2m (next.js: 870µs, application-code: 59ms)[22m
  └─ ƒ loginAction({}) in 30ms [2msrc/app/login/actions.ts[22m
 GET /app/notes/new [32m200[39m in 32ms[2m (next.js: 862µs, proxy.ts: 2ms, application-code: 29ms)[22m
 GET /login [32m200[39m in 15ms[2m (next.js: 860µs, application-code: 14ms)[22m
 GET /app [32m200[39m in 26ms[2m (next.js: 1137µs, proxy.ts: 2ms, application-code: 22ms)[22m
 POST /login [34m303[39m in 60ms[2m (next.js: 931µs, application-code: 59ms)[22m
  └─ ƒ loginAction({}) in 30ms [2msrc/app/login/actions.ts[22m
 GET /app/notes/cmn1awd1c001bbfyb6kellk1r/edit [32m200[39m in 50ms[2m (next.js: 2ms, proxy.ts: 2ms, application-code: 46ms)[22m
 GET /login [32m200[39m in 16ms[2m (next.js: 726µs, application-code: 15ms)[22m
 GET /app [32m200[39m in 25ms[2m (next.js: 871µs, proxy.ts: 2ms, application-code: 22ms)[22m
 POST /login [34m303[39m in 59ms[2m (next.js: 879µs, application-code: 58ms)[22m
  └─ ƒ loginAction({}) in 30ms [2msrc/app/login/actions.ts[22m
 GET /app/notes/cmn1awdi0001cbfyb7gvoizti/edit [32m200[39m in 46ms[2m (next.js: 2ms, proxy.ts: 2ms, application-code: 41ms)[22m
 GET /media/ui-note-images-draft-1774156377222 [33m404[39m in 5ms[2m (next.js: 1667µs, application-code: 4ms)[22m
 GET /login [32m200[39m in 26ms[2m (next.js: 763µs, application-code: 26ms)[22m
 GET /app [32m200[39m in 26ms[2m (next.js: 859µs, proxy.ts: 2ms, application-code: 23ms)[22m
 POST /login [34m303[39m in 61ms[2m (next.js: 895µs, application-code: 60ms)[22m
  └─ ƒ loginAction({}) in 31ms [2msrc/app/login/actions.ts[22m
 GET /media/ui-note-images-published-first-1774156377222 [32m200[39m in 8ms[2m (next.js: 750µs, application-code: 7ms)[22m
 GET /media/ui-note-images-draft-1774156377222 [32m200[39m in 9ms[2m (next.js: 1790µs, application-code: 7ms)[22m
 GET / [32m200[39m in 20ms[2m (next.js: 740µs, application-code: 20ms)[22m
 GET /media/ui-note-images-published-first-1774156377222 [32m200[39m in 8ms[2m (next.js: 1132µs, application-code: 7ms)[22m
 GET /notes/published-note-image-card [32m200[39m in 37ms[2m (next.js: 3ms, application-code: 34ms)[22m
 GET /media/ui-note-images-published-first-1774156377222 [32m200[39m in 17ms[2m (next.js: 3ms, application-code: 14ms)[22m
 GET /media/ui-note-images-published-second-1774156377222 [32m200[39m in 17ms[2m (next.js: 4ms, application-code: 13ms)[22m
 GET /login [32m200[39m in 24ms[2m (next.js: 745µs, application-code: 23ms)[22m
 GET /app [32m200[39m in 29ms[2m (next.js: 816µs, proxy.ts: 2ms, application-code: 26ms)[22m
 POST /login [34m303[39m in 63ms[2m (next.js: 841µs, application-code: 62ms)[22m
  └─ ƒ loginAction({}) in 29ms [2msrc/app/login/actions.ts[22m
 GET /login [32m200[39m in 16ms[2m (next.js: 697µs, application-code: 15ms)[22m
 GET /app [32m200[39m in 29ms[2m (next.js: 949µs, proxy.ts: 2ms, application-code: 25ms)[22m
 POST /login [34m303[39m in 63ms[2m (next.js: 940µs, application-code: 62ms)[22m
  └─ ƒ loginAction({}) in 30ms [2msrc/app/login/actions.ts[22m
 GET /login [32m200[39m in 15ms[2m (next.js: 732µs, application-code: 15ms)[22m
 GET /app [32m200[39m in 29ms[2m (next.js: 850µs, proxy.ts: 2ms, application-code: 26ms)[22m
 POST /login [34m303[39m in 64ms[2m (next.js: 946µs, application-code: 63ms)[22m
  └─ ƒ loginAction({}) in 30ms [2msrc/app/login/actions.ts[22m
 GET /login [32m200[39m in 16ms[2m (next.js: 928µs, application-code: 16ms)[22m
 GET /app [32m200[39m in 28ms[2m (next.js: 1222µs, proxy.ts: 3ms, application-code: 24ms)[22m
 POST /login [34m303[39m in 61ms[2m (next.js: 1025µs, application-code: 60ms)[22m
  └─ ƒ loginAction({}) in 29ms [2msrc/app/login/actions.ts[22m
 GET /app/links [32m200[39m in 60ms[2m (next.js: 856µs, proxy.ts: 2ms, application-code: 57ms)[22m
 GET /login [32m200[39m in 17ms[2m (next.js: 734µs, application-code: 16ms)[22m
 GET /app [32m200[39m in 26ms[2m (next.js: 874µs, proxy.ts: 2ms, application-code: 23ms)[22m
 POST /login [34m303[39m in 60ms[2m (next.js: 902µs, application-code: 59ms)[22m
  └─ ƒ loginAction({}) in 30ms [2msrc/app/login/actions.ts[22m
 GET /app/links [32m200[39m in 58ms[2m (next.js: 850µs, proxy.ts: 3ms, application-code: 54ms)[22m
 GET /login [32m200[39m in 18ms[2m (next.js: 741µs, application-code: 17ms)[22m
 GET /app [32m200[39m in 28ms[2m (next.js: 1191µs, proxy.ts: 2ms, application-code: 24ms)[22m
 POST /login [34m303[39m in 62ms[2m (next.js: 889µs, application-code: 61ms)[22m
  └─ ƒ loginAction({}) in 30ms [2msrc/app/login/actions.ts[22m
 GET /app/tags?tag=studio-systems [32m200[39m in 47ms[2m (next.js: 2ms, proxy.ts: 2ms, application-code: 42ms)[22m
 GET /login [32m200[39m in 20ms[2m (next.js: 718µs, application-code: 19ms)[22m
 GET /app [32m200[39m in 27ms[2m (next.js: 1079µs, proxy.ts: 2ms, application-code: 24ms)[22m
 POST /login [34m303[39m in 63ms[2m (next.js: 882µs, application-code: 62ms)[22m
  └─ ƒ loginAction({}) in 31ms [2msrc/app/login/actions.ts[22m
 GET /app/tags?tag=studio-systems [32m200[39m in 49ms[2m (next.js: 926µs, proxy.ts: 3ms, application-code: 45ms)[22m
 GET /login [32m200[39m in 16ms[2m (next.js: 770µs, application-code: 15ms)[22m
 GET /app [32m200[39m in 33ms[2m (next.js: 1179µs, proxy.ts: 2ms, application-code: 29ms)[22m
 POST /login [34m303[39m in 67ms[2m (next.js: 1044µs, application-code: 66ms)[22m
  └─ ƒ loginAction({}) in 30ms [2msrc/app/login/actions.ts[22m
 GET /app/search?q=rhythm [32m200[39m in 46ms[2m (next.js: 1306µs, proxy.ts: 3ms, application-code: 42ms)[22m
 GET /login [32m200[39m in 16ms[2m (next.js: 747µs, application-code: 16ms)[22m
 GET /app [32m200[39m in 26ms[2m (next.js: 909µs, proxy.ts: 2ms, application-code: 23ms)[22m
 POST /login [34m303[39m in 61ms[2m (next.js: 921µs, application-code: 61ms)[22m
  └─ ƒ loginAction({}) in 30ms [2msrc/app/login/actions.ts[22m
 GET /app/search?q=rhythm [32m200[39m in 49ms[2m (next.js: 886µs, proxy.ts: 3ms, application-code: 45ms)[22m
 GET / [32m200[39m in 19ms[2m (next.js: 771µs, application-code: 18ms)[22m
 GET / [32m200[39m in 19ms[2m (next.js: 818µs, application-code: 19ms)[22m
 GET /notes/public-notes-should-read-like-finished-pages-not-dashboards [32m200[39m in 28ms[2m (next.js: 1687µs, application-code: 27ms)[22m
 GET /notes/public-notes-should-read-like-finished-pages-not-dashboards [32m200[39m in 28ms[2m (next.js: 1567µs, application-code: 27ms)[22m
 GET / [32m200[39m in 19ms[2m (next.js: 732µs, application-code: 18ms)[22m
 GET / [32m200[39m in 18ms[2m (next.js: 712µs, application-code: 17ms)[22m
 GET / [32m200[39m in 18ms[2m (next.js: 761µs, application-code: 18ms)[22m
 GET /notes/tag-chips-should-fit-a-calmer-public-hierarchy [32m200[39m in 23ms[2m (next.js: 1634µs, application-code: 21ms)[22m
 GET / [32m200[39m in 19ms[2m (next.js: 771µs, application-code: 18ms)[22m
 GET /login [32m200[39m in 17ms[2m (next.js: 775µs, application-code: 16ms)[22m
 GET /login [32m200[39m in 15ms[2m (next.js: 731µs, application-code: 15ms)[22m
 GET /app [32m200[39m in 26ms[2m (next.js: 1038µs, proxy.ts: 2ms, application-code: 22ms)[22m
 POST /login [34m303[39m in 60ms[2m (next.js: 889µs, application-code: 59ms)[22m
  └─ ƒ loginAction({}) in 30ms [2msrc/app/login/actions.ts[22m
 GET /login [32m200[39m in 16ms[2m (next.js: 773µs, application-code: 15ms)[22m
 GET /app [32m200[39m in 31ms[2m (next.js: 868µs, proxy.ts: 2ms, application-code: 28ms)[22m
 POST /login [34m303[39m in 66ms[2m (next.js: 908µs, application-code: 65ms)[22m
  └─ ƒ loginAction({}) in 31ms [2msrc/app/login/actions.ts[22m
