
> minakeep@0.1.0 dev
> next dev --hostname 127.0.0.1 --port 3100

[1m[38;2;173;127;168m▲ Next.js 16.2.0[39m[22m (Turbopack)
- Local:         http://127.0.0.1:3100
- Network:       http://127.0.0.1:3100
- Environments: .env
[32m[1m✓[22m[39m Ready in 191ms

 GET /api/health [32m200[39m in 114ms[2m (next.js: 98ms, application-code: 15ms)[22m
 GET /login [32m200[39m in 154ms[2m (next.js: 48ms, application-code: 106ms)[22m
 GET /app [32m200[39m in 120ms[2m (next.js: 30ms, proxy.ts: 38ms, application-code: 53ms)[22m
 POST /login [34m303[39m in 218ms[2m (next.js: 1321µs, application-code: 217ms)[22m
  └─ ƒ loginAction({}) in 89ms [2msrc/app/login/actions.ts[22m
 GET / [32m200[39m in 72ms[2m (next.js: 9ms, application-code: 63ms)[22m
 GET /login?callbackUrl=http%3A%2F%2Flocalhost%3A3100%2Fapp%2Fsearch [32m200[39m in 20ms[2m (next.js: 907µs, application-code: 19ms)[22m
 GET /login?callbackUrl=http%3A%2F%2Flocalhost%3A3100%2Fapp%2Fnotes%2Fnew [32m200[39m in 20ms[2m (next.js: 836µs, application-code: 19ms)[22m
 GET /app [32m200[39m in 43ms[2m (next.js: 9ms, proxy.ts: 3ms, application-code: 31ms)[22m
 POST /login?callbackUrl=http%3A%2F%2Flocalhost%3A3100%2Fapp%2Fnotes%2Fnew [34m303[39m in 80ms[2m (next.js: 1131µs, application-code: 79ms)[22m
  └─ ƒ loginAction({}) in 31ms [2msrc/app/login/actions.ts[22m
 GET /app/notes/new [32m200[39m in 36ms[2m (next.js: 19ms, proxy.ts: 4ms, application-code: 13ms)[22m
 GET /app/notes/cmmztw4dp0000ioybdou9j1qn/edit?saved=1 [32m200[39m in 231ms[2m (next.js: 207ms, proxy.ts: 2ms, application-code: 21ms)[22m
 POST /app/notes/new [34m303[39m in 261ms[2m (next.js: 1001µs, proxy.ts: 3ms, application-code: 257ms)[22m
  └─ ƒ createNoteAction({}) in 20ms [2msrc/app/app/notes/actions.ts[22m
 POST /app/notes/cmmztw4dp0000ioybdou9j1qn/edit?saved=1 [34m303[39m in 118ms[2m (next.js: 5ms, proxy.ts: 3ms, application-code: 110ms)[22m
  └─ ƒ updateNoteAction("cmmztw4dp0000ioybdou9j1qn", {}) in 28ms [2msrc/app/app/notes/actions.ts[22m
 GET /app [32m200[39m in 168ms[2m (next.js: 1624µs, proxy.ts: 8ms, application-code: 158ms)[22m
 GET /app/notes/cmmztw4dp0000ioybdou9j1qn/edit?saved=1 [32m200[39m in 134ms[2m (next.js: 10ms, proxy.ts: 84ms, application-code: 41ms)[22m
 GET /app/notes/cmmztw4dp0000ioybdou9j1qn/edit [32m200[39m in 22ms[2m (next.js: 1765µs, proxy.ts: 5ms, application-code: 15ms)[22m
 GET /login [32m200[39m in 21ms[2m (next.js: 839µs, application-code: 20ms)[22m
 GET /app [32m200[39m in 23ms[2m (next.js: 1066µs, proxy.ts: 3ms, application-code: 20ms)[22m
 POST /login [34m303[39m in 58ms[2m (next.js: 924µs, application-code: 57ms)[22m
  └─ ƒ loginAction({}) in 30ms [2msrc/app/login/actions.ts[22m
 GET /app/notes/new [32m200[39m in 16ms[2m (next.js: 1105µs, proxy.ts: 4ms, application-code: 10ms)[22m
 GET /app/notes/cmmztw59i0001ioybwho422r2/edit?saved=1 [32m200[39m in 22ms[2m (next.js: 2ms, proxy.ts: 2ms, application-code: 18ms)[22m
 POST /app/notes/new [34m303[39m in 37ms[2m (next.js: 1054µs, proxy.ts: 3ms, application-code: 32ms)[22m
  └─ ƒ createNoteAction({}) in 7ms [2msrc/app/app/notes/actions.ts[22m
 POST /api/test/mina/chat/completions [32m200[39m in 1514ms[2m (next.js: 15ms, application-code: 1499ms)[22m
 GET /app/notes/cmmztw59i0001ioybwho422r2/edit?saved=1 [32m200[39m in 43ms[2m (next.js: 6ms, proxy.ts: 10ms, application-code: 27ms)[22m
 GET /app/notes/cmmztw59i0001ioybwho422r2/edit?retried=1 [32m200[39m in 26ms[2m (next.js: 1717µs, proxy.ts: 3ms, application-code: 22ms)[22m
 POST /app/notes/cmmztw59i0001ioybwho422r2/edit?saved=1 [34m303[39m in 50ms[2m (next.js: 4ms, proxy.ts: 8ms, application-code: 37ms)[22m
  └─ ƒ retryNoteEnrichmentAction("cmmztw59i0001ioybwho422r2") in 6ms [2msrc/app/app/notes/actions.ts[22m
 POST /api/test/mina/chat/completions [32m200[39m in 1510ms[2m (next.js: 668µs, application-code: 1509ms)[22m
 GET /app/notes/cmmztw59i0001ioybwho422r2/edit?retried=1 [32m200[39m in 43ms[2m (next.js: 6ms, proxy.ts: 9ms, application-code: 27ms)[22m
 GET /login [32m200[39m in 18ms[2m (next.js: 843µs, application-code: 17ms)[22m
 GET /app [32m200[39m in 23ms[2m (next.js: 890µs, proxy.ts: 3ms, application-code: 19ms)[22m
 POST /login [34m303[39m in 56ms[2m (next.js: 971µs, application-code: 55ms)[22m
  └─ ƒ loginAction({}) in 29ms [2msrc/app/login/actions.ts[22m
 GET /app/notes/new [32m200[39m in 17ms[2m (next.js: 872µs, proxy.ts: 4ms, application-code: 12ms)[22m
 GET /app/notes/cmmztwa9u0002ioybl33sybbc/edit?saved=1 [32m200[39m in 27ms[2m (next.js: 2ms, proxy.ts: 2ms, application-code: 22ms)[22m
 POST /app/notes/new [34m303[39m in 41ms[2m (next.js: 2ms, proxy.ts: 3ms, application-code: 36ms)[22m
  └─ ƒ createNoteAction({}) in 6ms [2msrc/app/app/notes/actions.ts[22m
 GET /app/notes/cmmztwa9u0002ioybl33sybbc/edit?published=1 [32m200[39m in 21ms[2m (next.js: 1273µs, proxy.ts: 2ms, application-code: 17ms)[22m
 POST /app/notes/cmmztwa9u0002ioybl33sybbc/edit?saved=1 [34m303[39m in 35ms[2m (next.js: 1438µs, proxy.ts: 3ms, application-code: 30ms)[22m
  └─ ƒ publishNoteAction("cmmztwa9u0002ioybl33sybbc") in 5ms [2msrc/app/app/notes/actions.ts[22m
 GET / [32m200[39m in 19ms[2m (next.js: 850µs, application-code: 18ms)[22m
 GET /notes/public-note-1774067352394 [32m200[39m in 197ms[2m (next.js: 181ms, application-code: 15ms)[22m
 GET /app [32m200[39m in 64ms[2m (next.js: 1059µs, proxy.ts: 3ms, application-code: 60ms)[22m
 GET /app/notes/cmmztwa9u0002ioybl33sybbc/edit [32m200[39m in 22ms[2m (next.js: 3ms, proxy.ts: 3ms, application-code: 15ms)[22m
 GET /app/notes/cmmztwa9u0002ioybl33sybbc/edit?unpublished=1 [32m200[39m in 22ms[2m (next.js: 1398µs, proxy.ts: 2ms, application-code: 18ms)[22m
 POST /app/notes/cmmztwa9u0002ioybl33sybbc/edit [34m303[39m in 35ms[2m (next.js: 1330µs, proxy.ts: 3ms, application-code: 31ms)[22m
  └─ ƒ unpublishNoteAction("cmmztwa9u0002ioybl33sybbc") in 5ms [2msrc/app/app/notes/actions.ts[22m
 GET / [32m200[39m in 18ms[2m (next.js: 863µs, application-code: 18ms)[22m
 GET /notes/public-note-1774067352394 [33m404[39m in 27ms[2m (next.js: 1822µs, application-code: 25ms)[22m
 GET /login [32m200[39m in 18ms[2m (next.js: 813µs, application-code: 17ms)[22m
 GET /app [32m200[39m in 29ms[2m (next.js: 1219µs, proxy.ts: 2ms, application-code: 26ms)[22m
 POST /login [34m303[39m in 63ms[2m (next.js: 881µs, application-code: 62ms)[22m
  └─ ƒ loginAction({}) in 30ms [2msrc/app/login/actions.ts[22m
 GET /app/links [32m200[39m in 40ms[2m (next.js: 16ms, proxy.ts: 3ms, application-code: 21ms)[22m
 GET /app/links?saved=1 [32m200[39m in 25ms[2m (next.js: 815µs, proxy.ts: 3ms, application-code: 22ms)[22m
 POST /app/links [34m303[39m in 40ms[2m (next.js: 906µs, proxy.ts: 3ms, application-code: 36ms)[22m
  └─ ƒ createLinkAction({}) in 7ms [2msrc/app/app/links/actions.ts[22m
 POST /api/test/mina/chat/completions [32m200[39m in 2ms[2m (next.js: 617µs, application-code: 1836µs)[22m
 GET /app/links?saved=1 [32m200[39m in 51ms[2m (next.js: 1993µs, proxy.ts: 18ms, application-code: 31ms)[22m
 GET / [32m200[39m in 34ms[2m (next.js: 2ms, application-code: 31ms)[22m
 GET /login [32m200[39m in 31ms[2m (next.js: 1051µs, application-code: 30ms)[22m
 GET /app [32m200[39m in 23ms[2m (next.js: 832µs, proxy.ts: 3ms, application-code: 19ms)[22m
 POST /login [34m303[39m in 57ms[2m (next.js: 1623µs, application-code: 56ms)[22m
  └─ ƒ loginAction({}) in 29ms [2msrc/app/login/actions.ts[22m
 GET /app/links [32m200[39m in 22ms[2m (next.js: 877µs, proxy.ts: 3ms, application-code: 19ms)[22m
 GET /app/links?saved=1 [32m200[39m in 25ms[2m (next.js: 840µs, proxy.ts: 2ms, application-code: 22ms)[22m
 POST /app/links [34m303[39m in 38ms[2m (next.js: 882µs, proxy.ts: 3ms, application-code: 34ms)[22m
  └─ ƒ createLinkAction({}) in 6ms [2msrc/app/app/links/actions.ts[22m
 POST /api/test/mina/chat/completions [32m200[39m in 1512ms[2m (next.js: 598µs, application-code: 1511ms)[22m
 GET /app/links?saved=1 [32m200[39m in 46ms[2m (next.js: 3ms, proxy.ts: 9ms, application-code: 34ms)[22m
 GET /app/links?retried=1 [32m200[39m in 36ms[2m (next.js: 1096µs, proxy.ts: 3ms, application-code: 31ms)[22m
 POST /app/links?saved=1 [34m303[39m in 55ms[2m (next.js: 1567µs, proxy.ts: 6ms, application-code: 47ms)[22m
  └─ ƒ retryLinkEnrichmentAction("cmmztwe840004ioybsdhfcwkm") in 7ms [2msrc/app/app/links/actions.ts[22m
 GET /app/links?retried=1 [32m200[39m in 47ms[2m (next.js: 3ms, proxy.ts: 8ms, application-code: 35ms)[22m
 POST /api/test/mina/chat/completions [32m200[39m in 1507ms[2m (next.js: 713µs, application-code: 1506ms)[22m
 GET /app/links?retried=1 [32m200[39m in 47ms[2m (next.js: 3ms, proxy.ts: 9ms, application-code: 34ms)[22m
 GET /login [32m200[39m in 20ms[2m (next.js: 1029µs, application-code: 19ms)[22m
 GET /app [32m200[39m in 29ms[2m (next.js: 918µs, proxy.ts: 3ms, application-code: 26ms)[22m
 POST /login [34m303[39m in 66ms[2m (next.js: 913µs, application-code: 65ms)[22m
  └─ ƒ loginAction({}) in 30ms [2msrc/app/login/actions.ts[22m
 GET /app/links [32m200[39m in 25ms[2m (next.js: 852µs, proxy.ts: 3ms, application-code: 21ms)[22m
 GET /app/links?error=invalid-url [32m200[39m in 25ms[2m (next.js: 1034µs, proxy.ts: 2ms, application-code: 22ms)[22m
 POST /app/links [34m303[39m in 36ms[2m (next.js: 873µs, proxy.ts: 3ms, application-code: 32ms)[22m
  └─ ƒ createLinkAction({}) in 4ms [2msrc/app/app/links/actions.ts[22m
 GET /login [32m200[39m in 16ms[2m (next.js: 772µs, application-code: 15ms)[22m
 GET /app [32m200[39m in 24ms[2m (next.js: 785µs, proxy.ts: 2ms, application-code: 21ms)[22m
 POST /login [34m303[39m in 58ms[2m (next.js: 904µs, application-code: 57ms)[22m
  └─ ƒ loginAction({}) in 30ms [2msrc/app/login/actions.ts[22m
 GET /app/notes/new [32m200[39m in 15ms[2m (next.js: 910µs, proxy.ts: 3ms, application-code: 12ms)[22m
 GET /app/notes/cmmztwkfs0005ioybngam354g/edit?saved=1 [32m200[39m in 27ms[2m (next.js: 2ms, proxy.ts: 2ms, application-code: 23ms)[22m
 POST /app/notes/new [34m303[39m in 41ms[2m (next.js: 1656µs, proxy.ts: 3ms, application-code: 36ms)[22m
  └─ ƒ createNoteAction({}) in 6ms [2msrc/app/app/notes/actions.ts[22m
 GET /app/links [32m200[39m in 70ms[2m (next.js: 952µs, proxy.ts: 2ms, application-code: 66ms)[22m
 GET /app/links?saved=1 [32m200[39m in 28ms[2m (next.js: 874µs, proxy.ts: 3ms, application-code: 25ms)[22m
 POST /app/links [34m303[39m in 41ms[2m (next.js: 1132µs, proxy.ts: 3ms, application-code: 37ms)[22m
  └─ ƒ createLinkAction({}) in 5ms [2msrc/app/app/links/actions.ts[22m
 POST /api/test/mina/chat/completions [32m200[39m in 2ms[2m (next.js: 669µs, application-code: 1592µs)[22m
 GET /app/links?saved=1 [32m200[39m in 48ms[2m (next.js: 3ms, proxy.ts: 10ms, application-code: 36ms)[22m
 GET /app/tags?tag=ai-owned [32m200[39m in 115ms[2m (next.js: 25ms, proxy.ts: 6ms, application-code: 84ms)[22m
 GET /app/tags [32m200[39m in 76ms[2m (next.js: 821µs, proxy.ts: 2ms, application-code: 73ms)[22m
 GET /app/search?q=Filtered%20note%201774067365558 [32m200[39m in 97ms[2m (next.js: 16ms, proxy.ts: 2ms, application-code: 79ms)[22m
 GET /app/search?q=url-needle-1774067365558 [32m200[39m in 44ms[2m (next.js: 743µs, proxy.ts: 3ms, application-code: 40ms)[22m
 GET /app/search?q=ai-owned [32m200[39m in 31ms[2m (next.js: 837µs, proxy.ts: 3ms, application-code: 28ms)[22m
 GET /login [32m200[39m in 14ms[2m (next.js: 755µs, application-code: 14ms)[22m
 GET /app [32m200[39m in 28ms[2m (next.js: 843µs, proxy.ts: 2ms, application-code: 25ms)[22m
 POST /login [34m303[39m in 64ms[2m (next.js: 958µs, application-code: 63ms)[22m
  └─ ƒ loginAction({}) in 31ms [2msrc/app/login/actions.ts[22m
 GET /app/links [32m200[39m in 25ms[2m (next.js: 896µs, proxy.ts: 3ms, application-code: 21ms)[22m
 GET /app/links?saved=1 [32m200[39m in 29ms[2m (next.js: 781µs, proxy.ts: 2ms, application-code: 26ms)[22m
 POST /app/links [34m303[39m in 42ms[2m (next.js: 920µs, proxy.ts: 3ms, application-code: 38ms)[22m
  └─ ƒ createLinkAction({}) in 5ms [2msrc/app/app/links/actions.ts[22m
 GET /app/links?saved=1 [32m200[39m in 60ms[2m (next.js: 3ms, proxy.ts: 10ms, application-code: 47ms)[22m
 GET /app/search?q=ai [32m200[39m in 49ms[2m (next.js: 1863µs, proxy.ts: 6ms, application-code: 41ms)[22m
 GET /app/tags?tag=ai [32m200[39m in 40ms[2m (next.js: 742µs, proxy.ts: 2ms, application-code: 37ms)[22m
 GET /login [32m200[39m in 15ms[2m (next.js: 714µs, application-code: 15ms)[22m
 GET /app [32m200[39m in 25ms[2m (next.js: 959µs, proxy.ts: 2ms, application-code: 21ms)[22m
 POST /login [34m303[39m in 59ms[2m (next.js: 854µs, application-code: 59ms)[22m
  └─ ƒ loginAction({}) in 29ms [2msrc/app/login/actions.ts[22m
 GET /app/notes/new [32m200[39m in 20ms[2m (next.js: 972µs, proxy.ts: 3ms, application-code: 16ms)[22m
 GET /app/notes/cmmztwqkk0009ioybfb5ys35i/edit?saved=1 [32m200[39m in 22ms[2m (next.js: 2ms, proxy.ts: 2ms, application-code: 18ms)[22m
 POST /app/notes/new [34m303[39m in 34ms[2m (next.js: 909µs, proxy.ts: 3ms, application-code: 31ms)[22m
  └─ ƒ createNoteAction({}) in 6ms [2msrc/app/app/notes/actions.ts[22m
 GET /app/notes/cmmztwqkk0009ioybfb5ys35i/edit?saved=1 [32m200[39m in 43ms[2m (next.js: 7ms, proxy.ts: 8ms, application-code: 29ms)[22m
 GET /app [32m200[39m in 58ms[2m (next.js: 2ms, proxy.ts: 7ms, application-code: 49ms)[22m
 GET /login [32m200[39m in 31ms[2m (next.js: 757µs, application-code: 30ms)[22m
 GET /login [32m200[39m in 15ms[2m (next.js: 765µs, application-code: 14ms)[22m
 GET /login [32m200[39m in 14ms[2m (next.js: 715µs, application-code: 13ms)[22m
 GET /app [32m200[39m in 21ms[2m (next.js: 1104µs, proxy.ts: 3ms, application-code: 17ms)[22m
 POST /login [34m303[39m in 55ms[2m (next.js: 880µs, application-code: 54ms)[22m
  └─ ƒ loginAction({}) in 30ms [2msrc/app/login/actions.ts[22m
 GET /app/notes/cmmztwtfe0002iqyb11xvuvui/edit [32m200[39m in 43ms[2m (next.js: 2ms, proxy.ts: 3ms, application-code: 39ms)[22m
 GET /login [32m200[39m in 14ms[2m (next.js: 785µs, application-code: 14ms)[22m
 GET /app [32m200[39m in 24ms[2m (next.js: 858µs, proxy.ts: 2ms, application-code: 21ms)[22m
 POST /login [34m303[39m in 57ms[2m (next.js: 883µs, application-code: 56ms)[22m
  └─ ƒ loginAction({}) in 29ms [2msrc/app/login/actions.ts[22m
 GET /app/notes/cmmztwtun0003iqybgksyq788/edit [32m200[39m in 38ms[2m (next.js: 2ms, proxy.ts: 3ms, application-code: 33ms)[22m
 GET / [32m200[39m in 24ms[2m (next.js: 1734µs, application-code: 22ms)[22m
 GET / [32m200[39m in 23ms[2m (next.js: 727µs, application-code: 22ms)[22m
 GET / [32m200[39m in 28ms[2m (next.js: 785µs, application-code: 27ms)[22m
 GET / [32m200[39m in 19ms[2m (next.js: 801µs, application-code: 19ms)[22m
 GET /login [32m200[39m in 18ms[2m (next.js: 806µs, application-code: 17ms)[22m
 GET /app [32m200[39m in 25ms[2m (next.js: 940µs, proxy.ts: 2ms, application-code: 21ms)[22m
 POST /login [34m303[39m in 59ms[2m (next.js: 1010µs, application-code: 58ms)[22m
  └─ ƒ loginAction({}) in 30ms [2msrc/app/login/actions.ts[22m
 GET /login [32m200[39m in 15ms[2m (next.js: 780µs, application-code: 14ms)[22m
 GET /app [32m200[39m in 30ms[2m (next.js: 854µs, proxy.ts: 2ms, application-code: 27ms)[22m
 POST /login [34m303[39m in 64ms[2m (next.js: 970µs, application-code: 63ms)[22m
  └─ ƒ loginAction({}) in 30ms [2msrc/app/login/actions.ts[22m
 GET /login [32m200[39m in 15ms[2m (next.js: 869µs, application-code: 14ms)[22m
 GET /app [32m200[39m in 22ms[2m (next.js: 855µs, proxy.ts: 2ms, application-code: 18ms)[22m
 POST /login [34m303[39m in 55ms[2m (next.js: 915µs, application-code: 54ms)[22m
  └─ ƒ loginAction({}) in 30ms [2msrc/app/login/actions.ts[22m
 GET /app/links [32m200[39m in 36ms[2m (next.js: 985µs, proxy.ts: 3ms, application-code: 33ms)[22m
 GET /login [32m200[39m in 23ms[2m (next.js: 814µs, application-code: 22ms)[22m
 GET /app [32m200[39m in 23ms[2m (next.js: 1177µs, proxy.ts: 2ms, application-code: 19ms)[22m
 POST /login [34m303[39m in 58ms[2m (next.js: 921µs, application-code: 57ms)[22m
  └─ ƒ loginAction({}) in 31ms [2msrc/app/login/actions.ts[22m
 GET /app/links [32m200[39m in 36ms[2m (next.js: 986µs, proxy.ts: 3ms, application-code: 32ms)[22m
 GET /login [32m200[39m in 15ms[2m (next.js: 747µs, application-code: 14ms)[22m
 GET /app [32m200[39m in 28ms[2m (next.js: 970µs, proxy.ts: 2ms, application-code: 25ms)[22m
 POST /login [34m303[39m in 63ms[2m (next.js: 1037µs, application-code: 62ms)[22m
  └─ ƒ loginAction({}) in 31ms [2msrc/app/login/actions.ts[22m
 GET /app/tags?tag=studio-systems [32m200[39m in 37ms[2m (next.js: 895µs, proxy.ts: 2ms, application-code: 33ms)[22m
 GET /login [32m200[39m in 15ms[2m (next.js: 782µs, application-code: 15ms)[22m
 GET /app [32m200[39m in 24ms[2m (next.js: 961µs, proxy.ts: 2ms, application-code: 21ms)[22m
 POST /login [34m303[39m in 57ms[2m (next.js: 984µs, application-code: 56ms)[22m
  └─ ƒ loginAction({}) in 30ms [2msrc/app/login/actions.ts[22m
 GET /app/tags?tag=studio-systems [32m200[39m in 41ms[2m (next.js: 889µs, proxy.ts: 3ms, application-code: 38ms)[22m
 GET /login [32m200[39m in 16ms[2m (next.js: 816µs, application-code: 15ms)[22m
 GET /app [32m200[39m in 22ms[2m (next.js: 843µs, proxy.ts: 2ms, application-code: 18ms)[22m
 POST /login [34m303[39m in 55ms[2m (next.js: 936µs, application-code: 54ms)[22m
  └─ ƒ loginAction({}) in 30ms [2msrc/app/login/actions.ts[22m
 GET /app/search?q=rhythm [32m200[39m in 40ms[2m (next.js: 855µs, proxy.ts: 3ms, application-code: 36ms)[22m
 GET /login [32m200[39m in 14ms[2m (next.js: 758µs, application-code: 14ms)[22m
 GET /app [32m200[39m in 27ms[2m (next.js: 6ms, proxy.ts: 2ms, application-code: 19ms)[22m
 POST /login [34m303[39m in 61ms[2m (next.js: 909µs, application-code: 61ms)[22m
  └─ ƒ loginAction({}) in 30ms [2msrc/app/login/actions.ts[22m
 GET /app/search?q=rhythm [32m200[39m in 36ms[2m (next.js: 850µs, proxy.ts: 3ms, application-code: 33ms)[22m
 GET /notes/public-notes-should-read-like-finished-pages-not-dashboards [32m200[39m in 37ms[2m (next.js: 3ms, application-code: 34ms)[22m
 GET /notes/public-notes-should-read-like-finished-pages-not-dashboards [32m200[39m in 24ms[2m (next.js: 1805µs, application-code: 22ms)[22m
 GET / [32m200[39m in 17ms[2m (next.js: 813µs, application-code: 16ms)[22m
 GET /login [32m200[39m in 15ms[2m (next.js: 726µs, application-code: 14ms)[22m
 GET /login [32m200[39m in 18ms[2m (next.js: 1661µs, application-code: 17ms)[22m
 GET /app [32m200[39m in 21ms[2m (next.js: 929µs, proxy.ts: 2ms, application-code: 18ms)[22m
 POST /login [34m303[39m in 55ms[2m (next.js: 913µs, application-code: 54ms)[22m
  └─ ƒ loginAction({}) in 30ms [2msrc/app/login/actions.ts[22m
 GET /login [32m200[39m in 15ms[2m (next.js: 761µs, application-code: 14ms)[22m
 GET /app [32m200[39m in 22ms[2m (next.js: 843µs, proxy.ts: 2ms, application-code: 19ms)[22m
 POST /login [34m303[39m in 55ms[2m (next.js: 909µs, application-code: 55ms)[22m
  └─ ƒ loginAction({}) in 30ms [2msrc/app/login/actions.ts[22m
