
> minakeep@0.1.0 dev
> next dev --hostname 127.0.0.1 --port 3100

[1m[38;2;173;127;168m▲ Next.js 16.2.0[39m[22m (Turbopack)
- Local:         http://127.0.0.1:3100
- Network:       http://127.0.0.1:3100
- Environments: .env
[32m[1m✓[22m[39m Ready in 193ms

 GET /api/health [32m200[39m in 103ms[2m (next.js: 90ms, application-code: 13ms)[22m
 GET /login [32m200[39m in 161ms[2m (next.js: 48ms, application-code: 113ms)[22m
 GET /app [32m200[39m in 117ms[2m (next.js: 26ms, proxy.ts: 39ms, application-code: 53ms)[22m
 POST /login [34m303[39m in 226ms[2m (next.js: 1221µs, application-code: 225ms)[22m
  └─ ƒ loginAction({}) in 98ms [2msrc/app/login/actions.ts[22m
 GET / [32m200[39m in 34ms[2m (next.js: 9ms, application-code: 25ms)[22m
 GET /login?callbackUrl=http%3A%2F%2Flocalhost%3A3100%2Fapp%2Fsearch [32m200[39m in 20ms[2m (next.js: 843µs, application-code: 19ms)[22m
 GET /login?callbackUrl=http%3A%2F%2Flocalhost%3A3100%2Fapp%2Fnotes%2Fnew [32m200[39m in 24ms[2m (next.js: 972µs, application-code: 23ms)[22m
 GET /app [32m200[39m in 23ms[2m (next.js: 1019µs, proxy.ts: 3ms, application-code: 19ms)[22m
 POST /login?callbackUrl=http%3A%2F%2Flocalhost%3A3100%2Fapp%2Fnotes%2Fnew [34m303[39m in 59ms[2m (next.js: 1130µs, application-code: 58ms)[22m
  └─ ƒ loginAction({}) in 30ms [2msrc/app/login/actions.ts[22m
 GET /app/notes/new [32m200[39m in 37ms[2m (next.js: 19ms, proxy.ts: 3ms, application-code: 14ms)[22m
 GET /app/notes/cmmzydn6q0000lbybtfmknqec/edit?saved=1 [32m200[39m in 238ms[2m (next.js: 214ms, proxy.ts: 3ms, application-code: 21ms)[22m
 POST /app/notes/new [34m303[39m in 269ms[2m (next.js: 1489µs, proxy.ts: 4ms, application-code: 263ms)[22m
  └─ ƒ createNoteAction({}) in 21ms [2msrc/app/app/notes/actions.ts[22m
 POST /app/notes/cmmzydn6q0000lbybtfmknqec/edit?saved=1 [34m303[39m in 123ms[2m (next.js: 4ms, proxy.ts: 4ms, application-code: 114ms)[22m
  └─ ƒ updateNoteAction("cmmzydn6q0000lbybtfmknqec", {}) in 28ms [2msrc/app/app/notes/actions.ts[22m
 GET /app [32m200[39m in 164ms[2m (next.js: 1172µs, proxy.ts: 7ms, application-code: 156ms)[22m
 GET /app/notes/cmmzydn6q0000lbybtfmknqec/edit?saved=1 [32m200[39m in 135ms[2m (next.js: 15ms, proxy.ts: 93ms, application-code: 26ms)[22m
 GET /app/notes/cmmzydn6q0000lbybtfmknqec/edit [32m200[39m in 22ms[2m (next.js: 2ms, proxy.ts: 4ms, application-code: 16ms)[22m
 GET /login [32m200[39m in 16ms[2m (next.js: 797µs, application-code: 15ms)[22m
 GET /app [32m200[39m in 27ms[2m (next.js: 1385µs, proxy.ts: 2ms, application-code: 23ms)[22m
 POST /login [34m303[39m in 60ms[2m (next.js: 999µs, application-code: 59ms)[22m
  └─ ƒ loginAction({}) in 28ms [2msrc/app/login/actions.ts[22m
 GET /app/notes/new [32m200[39m in 17ms[2m (next.js: 1295µs, proxy.ts: 4ms, application-code: 11ms)[22m
 GET /app/notes/cmmzydo1k0001lbyb9f99n3vh/edit?saved=1 [32m200[39m in 24ms[2m (next.js: 2ms, proxy.ts: 2ms, application-code: 19ms)[22m
 POST /app/notes/new [34m303[39m in 37ms[2m (next.js: 862µs, proxy.ts: 3ms, application-code: 34ms)[22m
  └─ ƒ createNoteAction({}) in 6ms [2msrc/app/app/notes/actions.ts[22m
 POST /api/test/mina/chat/completions [32m200[39m in 1515ms[2m (next.js: 14ms, application-code: 1501ms)[22m
 GET /app/notes/cmmzydo1k0001lbyb9f99n3vh/edit?saved=1 [32m200[39m in 36ms[2m (next.js: 5ms, proxy.ts: 7ms, application-code: 24ms)[22m
 GET /app/notes/cmmzydo1k0001lbyb9f99n3vh/edit?retried=1 [32m200[39m in 25ms[2m (next.js: 1656µs, proxy.ts: 3ms, application-code: 21ms)[22m
 POST /app/notes/cmmzydo1k0001lbyb9f99n3vh/edit?saved=1 [34m303[39m in 47ms[2m (next.js: 4ms, proxy.ts: 6ms, application-code: 36ms)[22m
  └─ ƒ retryNoteEnrichmentAction("cmmzydo1k0001lbyb9f99n3vh") in 6ms [2msrc/app/app/notes/actions.ts[22m
 POST /api/test/mina/chat/completions [32m200[39m in 1509ms[2m (next.js: 1426µs, application-code: 1507ms)[22m
 GET /app/notes/cmmzydo1k0001lbyb9f99n3vh/edit?retried=1 [32m200[39m in 52ms[2m (next.js: 6ms, proxy.ts: 10ms, application-code: 36ms)[22m
 GET /login [32m200[39m in 18ms[2m (next.js: 901µs, application-code: 17ms)[22m
 GET /app [32m200[39m in 23ms[2m (next.js: 849µs, proxy.ts: 3ms, application-code: 20ms)[22m
 POST /login [34m303[39m in 59ms[2m (next.js: 912µs, application-code: 58ms)[22m
  └─ ƒ loginAction({}) in 31ms [2msrc/app/login/actions.ts[22m
 GET /app/notes/new [32m200[39m in 16ms[2m (next.js: 871µs, proxy.ts: 3ms, application-code: 12ms)[22m
 GET /app/notes/cmmzydt2c0002lbybqu590h9o/edit?saved=1 [32m200[39m in 23ms[2m (next.js: 2ms, proxy.ts: 2ms, application-code: 18ms)[22m
 POST /app/notes/new [34m303[39m in 37ms[2m (next.js: 1421µs, proxy.ts: 3ms, application-code: 33ms)[22m
  └─ ƒ createNoteAction({}) in 6ms [2msrc/app/app/notes/actions.ts[22m
 GET /app/notes/cmmzydt2c0002lbybqu590h9o/edit?published=1 [32m200[39m in 21ms[2m (next.js: 1322µs, proxy.ts: 2ms, application-code: 17ms)[22m
 POST /app/notes/cmmzydt2c0002lbybqu590h9o/edit?saved=1 [34m303[39m in 36ms[2m (next.js: 1999µs, proxy.ts: 4ms, application-code: 30ms)[22m
  └─ ƒ publishNoteAction("cmmzydt2c0002lbybqu590h9o") in 6ms [2msrc/app/app/notes/actions.ts[22m
 GET / [32m200[39m in 16ms[2m (next.js: 883µs, application-code: 15ms)[22m
 GET /notes/public-note-1774074888349 [32m200[39m in 197ms[2m (next.js: 182ms, application-code: 15ms)[22m
 GET /app [32m200[39m in 47ms[2m (next.js: 956µs, proxy.ts: 3ms, application-code: 43ms)[22m
 GET /app/notes/cmmzydt2c0002lbybqu590h9o/edit [32m200[39m in 25ms[2m (next.js: 2ms, proxy.ts: 3ms, application-code: 20ms)[22m
 GET /app/notes/cmmzydt2c0002lbybqu590h9o/edit?unpublished=1 [32m200[39m in 21ms[2m (next.js: 1286µs, proxy.ts: 2ms, application-code: 18ms)[22m
 POST /app/notes/cmmzydt2c0002lbybqu590h9o/edit [34m303[39m in 35ms[2m (next.js: 1468µs, proxy.ts: 3ms, application-code: 31ms)[22m
  └─ ƒ unpublishNoteAction("cmmzydt2c0002lbybqu590h9o") in 6ms [2msrc/app/app/notes/actions.ts[22m
 GET / [32m200[39m in 17ms[2m (next.js: 935µs, application-code: 16ms)[22m
 GET /notes/public-note-1774074888349 [33m404[39m in 24ms[2m (next.js: 1651µs, application-code: 23ms)[22m
 GET /login [32m200[39m in 17ms[2m (next.js: 809µs, application-code: 17ms)[22m
 GET /app [32m200[39m in 25ms[2m (next.js: 1164µs, proxy.ts: 2ms, application-code: 21ms)[22m
 POST /login [34m303[39m in 59ms[2m (next.js: 883µs, application-code: 58ms)[22m
  └─ ƒ loginAction({}) in 30ms [2msrc/app/login/actions.ts[22m
 GET /app/links [32m200[39m in 36ms[2m (next.js: 17ms, proxy.ts: 3ms, application-code: 16ms)[22m
 GET /app/links?saved=1 [32m200[39m in 23ms[2m (next.js: 934µs, proxy.ts: 2ms, application-code: 20ms)[22m
 POST /app/links [34m303[39m in 42ms[2m (next.js: 1123µs, proxy.ts: 7ms, application-code: 34ms)[22m
  └─ ƒ createLinkAction({}) in 8ms [2msrc/app/app/links/actions.ts[22m
 POST /api/test/mina/chat/completions [32m200[39m in 3ms[2m (next.js: 727µs, application-code: 2ms)[22m
 GET /app/links?saved=1 [32m200[39m in 36ms[2m (next.js: 1943µs, proxy.ts: 9ms, application-code: 25ms)[22m
 GET / [32m200[39m in 31ms[2m (next.js: 1887µs, application-code: 29ms)[22m
 GET /login [32m200[39m in 16ms[2m (next.js: 792µs, application-code: 15ms)[22m
 GET /app [32m200[39m in 33ms[2m (next.js: 932µs, proxy.ts: 3ms, application-code: 30ms)[22m
 POST /login [34m303[39m in 70ms[2m (next.js: 911µs, application-code: 69ms)[22m
  └─ ƒ loginAction({}) in 29ms [2msrc/app/login/actions.ts[22m
 GET /app/links [32m200[39m in 23ms[2m (next.js: 891µs, proxy.ts: 3ms, application-code: 19ms)[22m
 GET /app/links?saved=1 [32m200[39m in 23ms[2m (next.js: 808µs, proxy.ts: 2ms, application-code: 20ms)[22m
 POST /app/links [34m303[39m in 37ms[2m (next.js: 909µs, proxy.ts: 3ms, application-code: 33ms)[22m
  └─ ƒ createLinkAction({}) in 6ms [2msrc/app/app/links/actions.ts[22m
 POST /api/test/mina/chat/completions [32m200[39m in 2ms[2m (next.js: 729µs, application-code: 1533µs)[22m
 GET /app/links?saved=1 [32m200[39m in 36ms[2m (next.js: 1879µs, proxy.ts: 7ms, application-code: 28ms)[22m
 GET /app/links?published=1 [32m200[39m in 27ms[2m (next.js: 990µs, proxy.ts: 3ms, application-code: 23ms)[22m
 POST /app/links?saved=1 [34m303[39m in 48ms[2m (next.js: 1529µs, proxy.ts: 7ms, application-code: 40ms)[22m
  └─ ƒ publishLinkAction("cmmzydx080004lbybg2oio4ps") in 8ms [2msrc/app/app/links/actions.ts[22m
 GET / [32m200[39m in 18ms[2m (next.js: 831µs, application-code: 17ms)[22m
 GET /app/links [32m200[39m in 54ms[2m (next.js: 961µs, proxy.ts: 2ms, application-code: 50ms)[22m
 GET /app/links?unpublished=1 [32m200[39m in 22ms[2m (next.js: 828µs, proxy.ts: 2ms, application-code: 19ms)[22m
 POST /app/links [34m303[39m in 34ms[2m (next.js: 1589µs, proxy.ts: 3ms, application-code: 30ms)[22m
  └─ ƒ unpublishLinkAction("cmmzydx080004lbybg2oio4ps") in 4ms [2msrc/app/app/links/actions.ts[22m
 GET / [32m200[39m in 17ms[2m (next.js: 884µs, application-code: 16ms)[22m
 GET /login [32m200[39m in 16ms[2m (next.js: 741µs, application-code: 15ms)[22m
 GET /app [32m200[39m in 24ms[2m (next.js: 914µs, proxy.ts: 3ms, application-code: 20ms)[22m
 POST /login [34m303[39m in 57ms[2m (next.js: 1013µs, application-code: 56ms)[22m
  └─ ƒ loginAction({}) in 29ms [2msrc/app/login/actions.ts[22m
 GET /app/links [32m200[39m in 21ms[2m (next.js: 1115µs, proxy.ts: 3ms, application-code: 17ms)[22m
 GET /app/links?saved=1 [32m200[39m in 24ms[2m (next.js: 863µs, proxy.ts: 2ms, application-code: 21ms)[22m
 POST /app/links [34m303[39m in 36ms[2m (next.js: 920µs, proxy.ts: 3ms, application-code: 32ms)[22m
  └─ ƒ createLinkAction({}) in 6ms [2msrc/app/app/links/actions.ts[22m
 POST /api/test/mina/chat/completions [32m200[39m in 1512ms[2m (next.js: 540µs, application-code: 1511ms)[22m
 GET /app/links?saved=1 [32m200[39m in 38ms[2m (next.js: 2ms, proxy.ts: 6ms, application-code: 30ms)[22m
 GET /app/links?retried=1 [32m200[39m in 33ms[2m (next.js: 968µs, proxy.ts: 3ms, application-code: 29ms)[22m
 POST /app/links?saved=1 [34m303[39m in 50ms[2m (next.js: 1474µs, proxy.ts: 6ms, application-code: 43ms)[22m
  └─ ƒ retryLinkEnrichmentAction("cmmzye03a0005lbybtzzdq6xk") in 5ms [2msrc/app/app/links/actions.ts[22m
 POST /api/test/mina/chat/completions [32m200[39m in 1510ms[2m (next.js: 726µs, application-code: 1509ms)[22m
 GET /app/links?retried=1 [32m200[39m in 41ms[2m (next.js: 2ms, proxy.ts: 7ms, application-code: 31ms)[22m
 GET /login [32m200[39m in 18ms[2m (next.js: 960µs, application-code: 17ms)[22m
 GET /app [32m200[39m in 24ms[2m (next.js: 847µs, proxy.ts: 2ms, application-code: 21ms)[22m
 POST /login [34m303[39m in 56ms[2m (next.js: 897µs, application-code: 55ms)[22m
  └─ ƒ loginAction({}) in 28ms [2msrc/app/login/actions.ts[22m
 GET /app/links [32m200[39m in 23ms[2m (next.js: 1134µs, proxy.ts: 3ms, application-code: 19ms)[22m
 GET /app/links?error=invalid-url [32m200[39m in 57ms[2m (next.js: 834µs, proxy.ts: 2ms, application-code: 54ms)[22m
 POST /app/links [34m303[39m in 68ms[2m (next.js: 954µs, proxy.ts: 3ms, application-code: 64ms)[22m
  └─ ƒ createLinkAction({}) in 3ms [2msrc/app/app/links/actions.ts[22m
 GET /login [32m200[39m in 15ms[2m (next.js: 833µs, application-code: 14ms)[22m
 GET /app [32m200[39m in 23ms[2m (next.js: 842µs, proxy.ts: 3ms, application-code: 20ms)[22m
 POST /login [34m303[39m in 57ms[2m (next.js: 921µs, application-code: 56ms)[22m
  └─ ƒ loginAction({}) in 30ms [2msrc/app/login/actions.ts[22m
 GET /app/notes/new [32m200[39m in 16ms[2m (next.js: 963µs, proxy.ts: 3ms, application-code: 12ms)[22m
 GET /app/notes/cmmzye5kc0006lbyb2kfttysu/edit?saved=1 [32m200[39m in 23ms[2m (next.js: 2ms, proxy.ts: 2ms, application-code: 18ms)[22m
 POST /app/notes/new [34m303[39m in 36ms[2m (next.js: 989µs, proxy.ts: 3ms, application-code: 32ms)[22m
  └─ ƒ createNoteAction({}) in 6ms [2msrc/app/app/notes/actions.ts[22m
 GET /app/links [32m200[39m in 53ms[2m (next.js: 866µs, proxy.ts: 3ms, application-code: 50ms)[22m
 GET /app/links?saved=1 [32m200[39m in 26ms[2m (next.js: 897µs, proxy.ts: 2ms, application-code: 23ms)[22m
 POST /app/links [34m303[39m in 44ms[2m (next.js: 1110µs, proxy.ts: 8ms, application-code: 34ms)[22m
  └─ ƒ createLinkAction({}) in 5ms [2msrc/app/app/links/actions.ts[22m
 POST /api/test/mina/chat/completions [32m200[39m in 2ms[2m (next.js: 584µs, application-code: 1646µs)[22m
 GET /app/links?saved=1 [32m200[39m in 48ms[2m (next.js: 3ms, proxy.ts: 10ms, application-code: 35ms)[22m
 GET /app/tags?tag=ai-owned [32m200[39m in 167ms[2m (next.js: 24ms, proxy.ts: 7ms, application-code: 135ms)[22m
 GET /app/tags [32m200[39m in 66ms[2m (next.js: 764µs, proxy.ts: 3ms, application-code: 62ms)[22m
 GET /app/search?q=Filtered%20note%201774074904555 [32m200[39m in 79ms[2m (next.js: 14ms, proxy.ts: 2ms, application-code: 63ms)[22m
 GET /app/search?q=url-needle-1774074904555 [32m200[39m in 44ms[2m (next.js: 822µs, proxy.ts: 3ms, application-code: 40ms)[22m
 GET /app/search?q=ai-owned [32m200[39m in 42ms[2m (next.js: 854µs, proxy.ts: 3ms, application-code: 38ms)[22m
 GET /login [32m200[39m in 17ms[2m (next.js: 816µs, application-code: 16ms)[22m
 GET /app [32m200[39m in 27ms[2m (next.js: 1304µs, proxy.ts: 2ms, application-code: 23ms)[22m
 POST /login [34m303[39m in 62ms[2m (next.js: 930µs, application-code: 61ms)[22m
  └─ ƒ loginAction({}) in 30ms [2msrc/app/login/actions.ts[22m
 GET /app/links [32m200[39m in 24ms[2m (next.js: 904µs, proxy.ts: 3ms, application-code: 21ms)[22m
 GET /app/links?saved=1 [32m200[39m in 31ms[2m (next.js: 765µs, proxy.ts: 2ms, application-code: 28ms)[22m
 POST /app/links [34m303[39m in 47ms[2m (next.js: 920µs, proxy.ts: 3ms, application-code: 43ms)[22m
  └─ ƒ createLinkAction({}) in 7ms [2msrc/app/app/links/actions.ts[22m
 GET /app/links?saved=1 [32m200[39m in 48ms[2m (next.js: 3ms, proxy.ts: 9ms, application-code: 36ms)[22m
 GET /app/search?q=ai [32m200[39m in 51ms[2m (next.js: 1335µs, proxy.ts: 4ms, application-code: 45ms)[22m
 GET /app/tags?tag=ai [32m200[39m in 52ms[2m (next.js: 784µs, proxy.ts: 3ms, application-code: 48ms)[22m
 GET /login [32m200[39m in 15ms[2m (next.js: 828µs, application-code: 14ms)[22m
 GET /app [32m200[39m in 26ms[2m (next.js: 898µs, proxy.ts: 2ms, application-code: 22ms)[22m
 POST /login [34m303[39m in 60ms[2m (next.js: 825µs, application-code: 60ms)[22m
  └─ ƒ loginAction({}) in 30ms [2msrc/app/login/actions.ts[22m
 GET /app/notes/new [32m200[39m in 15ms[2m (next.js: 819µs, proxy.ts: 3ms, application-code: 11ms)[22m
 GET /app/notes/cmmzyeboq0009lbybm4jjomxr/edit?saved=1 [32m200[39m in 23ms[2m (next.js: 2ms, proxy.ts: 2ms, application-code: 18ms)[22m
 POST /app/notes/new [34m303[39m in 37ms[2m (next.js: 813µs, proxy.ts: 3ms, application-code: 34ms)[22m
  └─ ƒ createNoteAction({}) in 8ms [2msrc/app/app/notes/actions.ts[22m
 GET /app/notes/cmmzyeboq0009lbybm4jjomxr/edit?saved=1 [32m200[39m in 34ms[2m (next.js: 5ms, proxy.ts: 6ms, application-code: 24ms)[22m
 GET /app [32m200[39m in 64ms[2m (next.js: 2ms, proxy.ts: 6ms, application-code: 56ms)[22m
 GET / [32m200[39m in 17ms[2m (next.js: 916µs, application-code: 16ms)[22m
 GET /login [32m200[39m in 16ms[2m (next.js: 841µs, application-code: 16ms)[22m
 GET /login [32m200[39m in 15ms[2m (next.js: 751µs, application-code: 14ms)[22m
 GET /login [32m200[39m in 15ms[2m (next.js: 766µs, application-code: 14ms)[22m
 GET /app [32m200[39m in 22ms[2m (next.js: 1422µs, proxy.ts: 2ms, application-code: 18ms)[22m
 POST /login [34m303[39m in 55ms[2m (next.js: 983µs, application-code: 54ms)[22m
  └─ ƒ loginAction({}) in 29ms [2msrc/app/login/actions.ts[22m
 GET /app/notes/cmmzyeeor0008ldybpcoh8ecu/edit [32m200[39m in 40ms[2m (next.js: 3ms, proxy.ts: 3ms, application-code: 35ms)[22m
 GET /login [32m200[39m in 15ms[2m (next.js: 854µs, application-code: 14ms)[22m
 GET /app [32m200[39m in 21ms[2m (next.js: 889µs, proxy.ts: 2ms, application-code: 17ms)[22m
 POST /login [34m303[39m in 55ms[2m (next.js: 897µs, application-code: 54ms)[22m
  └─ ƒ loginAction({}) in 31ms [2msrc/app/login/actions.ts[22m
 GET /app/notes/cmmzyef400009ldybc9rqrao9/edit [32m200[39m in 42ms[2m (next.js: 2ms, proxy.ts: 3ms, application-code: 37ms)[22m
 GET / [32m200[39m in 16ms[2m (next.js: 749µs, application-code: 15ms)[22m
 GET / [32m200[39m in 16ms[2m (next.js: 830µs, application-code: 16ms)[22m
 GET / [32m200[39m in 16ms[2m (next.js: 785µs, application-code: 15ms)[22m
 GET / [32m200[39m in 15ms[2m (next.js: 847µs, application-code: 14ms)[22m
 GET /login [32m200[39m in 28ms[2m (next.js: 894µs, application-code: 27ms)[22m
 GET /app [32m200[39m in 24ms[2m (next.js: 1018µs, proxy.ts: 2ms, application-code: 20ms)[22m
 POST /login [34m303[39m in 58ms[2m (next.js: 970µs, application-code: 57ms)[22m
  └─ ƒ loginAction({}) in 30ms [2msrc/app/login/actions.ts[22m
 GET /login [32m200[39m in 16ms[2m (next.js: 737µs, application-code: 15ms)[22m
 GET /app [32m200[39m in 24ms[2m (next.js: 803µs, proxy.ts: 2ms, application-code: 21ms)[22m
 POST /login [34m303[39m in 58ms[2m (next.js: 888µs, application-code: 57ms)[22m
  └─ ƒ loginAction({}) in 30ms [2msrc/app/login/actions.ts[22m
 GET /login [32m200[39m in 14ms[2m (next.js: 816µs, application-code: 13ms)[22m
 GET /app [32m200[39m in 22ms[2m (next.js: 1045µs, proxy.ts: 2ms, application-code: 19ms)[22m
 POST /login [34m303[39m in 57ms[2m (next.js: 884µs, application-code: 56ms)[22m
  └─ ƒ loginAction({}) in 30ms [2msrc/app/login/actions.ts[22m
 GET /app/links [32m200[39m in 45ms[2m (next.js: 878µs, proxy.ts: 3ms, application-code: 41ms)[22m
 GET /login [32m200[39m in 16ms[2m (next.js: 761µs, application-code: 15ms)[22m
 GET /app [32m200[39m in 22ms[2m (next.js: 1263µs, proxy.ts: 2ms, application-code: 19ms)[22m
 POST /login [34m303[39m in 56ms[2m (next.js: 928µs, application-code: 56ms)[22m
  └─ ƒ loginAction({}) in 30ms [2msrc/app/login/actions.ts[22m
 GET /app/links [32m200[39m in 46ms[2m (next.js: 828µs, proxy.ts: 3ms, application-code: 43ms)[22m
 GET /login [32m200[39m in 14ms[2m (next.js: 741µs, application-code: 14ms)[22m
 GET /app [32m200[39m in 22ms[2m (next.js: 815µs, proxy.ts: 2ms, application-code: 19ms)[22m
 POST /login [34m303[39m in 57ms[2m (next.js: 917µs, application-code: 56ms)[22m
  └─ ƒ loginAction({}) in 30ms [2msrc/app/login/actions.ts[22m
 GET /app/tags?tag=studio-systems [32m200[39m in 35ms[2m (next.js: 864µs, proxy.ts: 2ms, application-code: 32ms)[22m
 GET /login [32m200[39m in 15ms[2m (next.js: 762µs, application-code: 14ms)[22m
 GET /app [32m200[39m in 28ms[2m (next.js: 987µs, proxy.ts: 8ms, application-code: 20ms)[22m
 POST /login [34m303[39m in 62ms[2m (next.js: 938µs, application-code: 61ms)[22m
  └─ ƒ loginAction({}) in 30ms [2msrc/app/login/actions.ts[22m
 GET /app/tags?tag=studio-systems [32m200[39m in 34ms[2m (next.js: 901µs, proxy.ts: 3ms, application-code: 30ms)[22m
 GET /login [32m200[39m in 15ms[2m (next.js: 787µs, application-code: 14ms)[22m
 GET /app [32m200[39m in 22ms[2m (next.js: 934µs, proxy.ts: 3ms, application-code: 18ms)[22m
 POST /login [34m303[39m in 56ms[2m (next.js: 971µs, application-code: 55ms)[22m
  └─ ƒ loginAction({}) in 30ms [2msrc/app/login/actions.ts[22m
 GET /app/search?q=rhythm [32m200[39m in 43ms[2m (next.js: 851µs, proxy.ts: 2ms, application-code: 40ms)[22m
 GET /login [32m200[39m in 15ms[2m (next.js: 860µs, application-code: 14ms)[22m
 GET /app [32m200[39m in 23ms[2m (next.js: 881µs, proxy.ts: 2ms, application-code: 20ms)[22m
 POST /login [34m303[39m in 57ms[2m (next.js: 960µs, application-code: 56ms)[22m
  └─ ƒ loginAction({}) in 30ms [2msrc/app/login/actions.ts[22m
 GET /app/search?q=rhythm [32m200[39m in 40ms[2m (next.js: 1050µs, proxy.ts: 3ms, application-code: 37ms)[22m
 GET /notes/public-notes-should-read-like-finished-pages-not-dashboards [32m200[39m in 41ms[2m (next.js: 1956µs, application-code: 39ms)[22m
 GET /notes/public-notes-should-read-like-finished-pages-not-dashboards [32m200[39m in 19ms[2m (next.js: 1693µs, application-code: 18ms)[22m
 GET / [32m200[39m in 15ms[2m (next.js: 814µs, application-code: 14ms)[22m
 GET /login [32m200[39m in 17ms[2m (next.js: 794µs, application-code: 16ms)[22m
 GET /login [32m200[39m in 15ms[2m (next.js: 784µs, application-code: 14ms)[22m
 GET /app [32m200[39m in 27ms[2m (next.js: 1047µs, proxy.ts: 8ms, application-code: 18ms)[22m
 POST /login [34m303[39m in 61ms[2m (next.js: 927µs, application-code: 60ms)[22m
  └─ ƒ loginAction({}) in 29ms [2msrc/app/login/actions.ts[22m
 GET /login [32m200[39m in 16ms[2m (next.js: 783µs, application-code: 15ms)[22m
 GET /app [32m200[39m in 23ms[2m (next.js: 810µs, proxy.ts: 2ms, application-code: 20ms)[22m
 POST /login [34m303[39m in 57ms[2m (next.js: 905µs, application-code: 56ms)[22m
  └─ ƒ loginAction({}) in 30ms [2msrc/app/login/actions.ts[22m
