
> minakeep@0.1.0 dev
> next dev --hostname 127.0.0.1 --port 3100

[1m[38;2;173;127;168m▲ Next.js 16.2.0[39m[22m (Turbopack)
- Local:         http://127.0.0.1:3100
- Network:       http://127.0.0.1:3100
- Environments: .env
[32m[1m✓[22m[39m Ready in 196ms

 GET /api/health [32m200[39m in 105ms[2m (next.js: 92ms, application-code: 13ms)[22m
 GET /login [32m200[39m in 160ms[2m (next.js: 50ms, application-code: 110ms)[22m
 GET /app [32m200[39m in 117ms[2m (next.js: 27ms, proxy.ts: 35ms, application-code: 55ms)[22m
 POST /login [34m303[39m in 232ms[2m (next.js: 1282µs, application-code: 231ms)[22m
  └─ ƒ loginAction({}) in 102ms [2msrc/app/login/actions.ts[22m
 GET / [32m200[39m in 36ms[2m (next.js: 9ms, application-code: 27ms)[22m
 GET /login?callbackUrl=http%3A%2F%2Flocalhost%3A3100%2Fapp%2Fsearch [32m200[39m in 23ms[2m (next.js: 872µs, application-code: 22ms)[22m
 GET /login?callbackUrl=http%3A%2F%2Flocalhost%3A3100%2Fapp%2Fnotes%2Fnew [32m200[39m in 24ms[2m (next.js: 843µs, application-code: 23ms)[22m
 GET /app [32m200[39m in 23ms[2m (next.js: 1169µs, proxy.ts: 3ms, application-code: 19ms)[22m
 POST /login?callbackUrl=http%3A%2F%2Flocalhost%3A3100%2Fapp%2Fnotes%2Fnew [34m303[39m in 60ms[2m (next.js: 1058µs, application-code: 58ms)[22m
  └─ ƒ loginAction({}) in 31ms [2msrc/app/login/actions.ts[22m
 GET /app/notes/new [32m200[39m in 36ms[2m (next.js: 20ms, proxy.ts: 3ms, application-code: 14ms)[22m
 GET /app/notes/cmn009u9o000012ybxrwmnpie/edit?saved=1 [32m200[39m in 264ms[2m (next.js: 233ms, proxy.ts: 3ms, application-code: 28ms)[22m
 POST /app/notes/new [34m303[39m in 295ms[2m (next.js: 1105µs, proxy.ts: 4ms, application-code: 291ms)[22m
  └─ ƒ createNoteAction({}) in 22ms [2msrc/app/app/notes/actions.ts[22m
 POST /app/notes/cmn009u9o000012ybxrwmnpie/edit?saved=1 [34m303[39m in 131ms[2m (next.js: 5ms, proxy.ts: 3ms, application-code: 123ms)[22m
  └─ ƒ updateNoteAction("cmn009u9o000012ybxrwmnpie", {}) in 27ms [2msrc/app/app/notes/actions.ts[22m
 GET /app [32m200[39m in 175ms[2m (next.js: 1826µs, proxy.ts: 8ms, application-code: 165ms)[22m
 GET /app/notes/cmn009u9o000012ybxrwmnpie/edit?saved=1 [32m200[39m in 141ms[2m (next.js: 11ms, proxy.ts: 95ms, application-code: 35ms)[22m
 GET /app/notes/cmn009u9o000012ybxrwmnpie/edit [32m200[39m in 23ms[2m (next.js: 2ms, proxy.ts: 5ms, application-code: 16ms)[22m
 GET /login [32m200[39m in 17ms[2m (next.js: 830µs, application-code: 16ms)[22m
 GET /app [32m200[39m in 48ms[2m (next.js: 1159µs, proxy.ts: 3ms, application-code: 44ms)[22m
 POST /login [34m303[39m in 82ms[2m (next.js: 956µs, application-code: 82ms)[22m
  └─ ƒ loginAction({}) in 30ms [2msrc/app/login/actions.ts[22m
 GET /app/notes/new [32m200[39m in 16ms[2m (next.js: 1518µs, proxy.ts: 3ms, application-code: 11ms)[22m
 GET /app/notes/cmn009v4q000112yb9r6pp28d/edit?saved=1 [32m200[39m in 23ms[2m (next.js: 2ms, proxy.ts: 2ms, application-code: 18ms)[22m
 POST /app/notes/new [34m303[39m in 37ms[2m (next.js: 844µs, proxy.ts: 3ms, application-code: 33ms)[22m
  └─ ƒ createNoteAction({}) in 6ms [2msrc/app/app/notes/actions.ts[22m
 POST /api/test/mina/chat/completions [32m200[39m in 1513ms[2m (next.js: 13ms, application-code: 1499ms)[22m
 GET /app/notes/cmn009v4q000112yb9r6pp28d/edit?saved=1 [32m200[39m in 32ms[2m (next.js: 4ms, proxy.ts: 6ms, application-code: 23ms)[22m
 GET /app/notes/cmn009v4q000112yb9r6pp28d/edit?retried=1 [32m200[39m in 25ms[2m (next.js: 1613µs, proxy.ts: 3ms, application-code: 20ms)[22m
 POST /app/notes/cmn009v4q000112yb9r6pp28d/edit?saved=1 [34m303[39m in 46ms[2m (next.js: 4ms, proxy.ts: 6ms, application-code: 35ms)[22m
  └─ ƒ retryNoteEnrichmentAction("cmn009v4q000112yb9r6pp28d") in 6ms [2msrc/app/app/notes/actions.ts[22m
 POST /api/test/mina/chat/completions [32m200[39m in 1511ms[2m (next.js: 711µs, application-code: 1510ms)[22m
 GET /app/notes/cmn009v4q000112yb9r6pp28d/edit?retried=1 [32m200[39m in 47ms[2m (next.js: 7ms, proxy.ts: 11ms, application-code: 29ms)[22m
 GET /login [32m200[39m in 18ms[2m (next.js: 882µs, application-code: 17ms)[22m
 GET /app [32m200[39m in 41ms[2m (next.js: 918µs, proxy.ts: 3ms, application-code: 38ms)[22m
 POST /login [34m303[39m in 76ms[2m (next.js: 1004µs, application-code: 75ms)[22m
  └─ ƒ loginAction({}) in 30ms [2msrc/app/login/actions.ts[22m
 GET /app/notes/new [32m200[39m in 17ms[2m (next.js: 988µs, proxy.ts: 4ms, application-code: 11ms)[22m
 GET /app/notes/cmn00a053000212yb3eguvwj8/edit?saved=1 [32m200[39m in 22ms[2m (next.js: 2ms, proxy.ts: 2ms, application-code: 17ms)[22m
 POST /app/notes/new [34m303[39m in 36ms[2m (next.js: 1181µs, proxy.ts: 3ms, application-code: 32ms)[22m
  └─ ƒ createNoteAction({}) in 7ms [2msrc/app/app/notes/actions.ts[22m
 GET /app/notes/cmn00a053000212yb3eguvwj8/edit?published=1 [32m200[39m in 21ms[2m (next.js: 1317µs, proxy.ts: 2ms, application-code: 18ms)[22m
 POST /app/notes/cmn00a053000212yb3eguvwj8/edit?saved=1 [34m303[39m in 35ms[2m (next.js: 2ms, proxy.ts: 3ms, application-code: 30ms)[22m
  └─ ƒ publishNoteAction("cmn00a053000212yb3eguvwj8") in 5ms [2msrc/app/app/notes/actions.ts[22m
 GET / [32m200[39m in 17ms[2m (next.js: 865µs, application-code: 16ms)[22m
 GET /notes/public-note-1774078070136 [32m200[39m in 201ms[2m (next.js: 186ms, application-code: 15ms)[22m
 GET /app [32m200[39m in 45ms[2m (next.js: 866µs, proxy.ts: 3ms, application-code: 41ms)[22m
 GET /app/notes/cmn00a053000212yb3eguvwj8/edit [32m200[39m in 20ms[2m (next.js: 3ms, proxy.ts: 3ms, application-code: 15ms)[22m
 GET /app/notes/cmn00a053000212yb3eguvwj8/edit?unpublished=1 [32m200[39m in 21ms[2m (next.js: 1391µs, proxy.ts: 2ms, application-code: 18ms)[22m
 POST /app/notes/cmn00a053000212yb3eguvwj8/edit [34m303[39m in 35ms[2m (next.js: 1562µs, proxy.ts: 3ms, application-code: 31ms)[22m
  └─ ƒ unpublishNoteAction("cmn00a053000212yb3eguvwj8") in 5ms [2msrc/app/app/notes/actions.ts[22m
 GET / [32m200[39m in 17ms[2m (next.js: 933µs, application-code: 16ms)[22m
 GET /notes/public-note-1774078070136 [33m404[39m in 31ms[2m (next.js: 2ms, application-code: 29ms)[22m
 GET /login [32m200[39m in 20ms[2m (next.js: 829µs, application-code: 19ms)[22m
 GET /app [32m200[39m in 25ms[2m (next.js: 835µs, proxy.ts: 3ms, application-code: 21ms)[22m
 POST /login [34m303[39m in 60ms[2m (next.js: 902µs, application-code: 59ms)[22m
  └─ ƒ loginAction({}) in 31ms [2msrc/app/login/actions.ts[22m
 GET /app/links [32m200[39m in 36ms[2m (next.js: 17ms, proxy.ts: 3ms, application-code: 16ms)[22m
 GET /app/links?saved=1 [32m200[39m in 22ms[2m (next.js: 794µs, proxy.ts: 2ms, application-code: 19ms)[22m
 POST /app/links [34m303[39m in 39ms[2m (next.js: 1216µs, proxy.ts: 3ms, application-code: 34ms)[22m
  └─ ƒ createLinkAction({}) in 8ms [2msrc/app/app/links/actions.ts[22m
 POST /api/test/mina/chat/completions [32m200[39m in 2ms[2m (next.js: 575µs, application-code: 1816µs)[22m
 GET /app/links?saved=1 [32m200[39m in 43ms[2m (next.js: 2ms, proxy.ts: 14ms, application-code: 27ms)[22m
 GET / [32m200[39m in 30ms[2m (next.js: 2ms, application-code: 28ms)[22m
 GET /login [32m200[39m in 16ms[2m (next.js: 865µs, application-code: 15ms)[22m
 GET /app [32m200[39m in 24ms[2m (next.js: 1071µs, proxy.ts: 2ms, application-code: 21ms)[22m
 POST /login [34m303[39m in 59ms[2m (next.js: 953µs, application-code: 58ms)[22m
  └─ ƒ loginAction({}) in 30ms [2msrc/app/login/actions.ts[22m
 GET /app/links [32m200[39m in 20ms[2m (next.js: 917µs, proxy.ts: 3ms, application-code: 16ms)[22m
 GET /app/links?saved=1 [32m200[39m in 24ms[2m (next.js: 815µs, proxy.ts: 2ms, application-code: 20ms)[22m
 POST /app/links [34m303[39m in 37ms[2m (next.js: 898µs, proxy.ts: 3ms, application-code: 33ms)[22m
  └─ ƒ createLinkAction({}) in 6ms [2msrc/app/app/links/actions.ts[22m
 POST /api/test/mina/chat/completions [32m200[39m in 2ms[2m (next.js: 754µs, application-code: 1415µs)[22m
 GET /app/links?saved=1 [32m200[39m in 41ms[2m (next.js: 2ms, proxy.ts: 9ms, application-code: 29ms)[22m
 GET /app/links?published=1 [32m200[39m in 43ms[2m (next.js: 3ms, proxy.ts: 4ms, application-code: 36ms)[22m
 POST /app/links?saved=1 [34m303[39m in 70ms[2m (next.js: 1667µs, proxy.ts: 6ms, application-code: 62ms)[22m
  └─ ƒ publishLinkAction("cmn00a42x000412ybxzpfk6qc") in 8ms [2msrc/app/app/links/actions.ts[22m
 GET / [32m200[39m in 17ms[2m (next.js: 815µs, application-code: 16ms)[22m
 GET /app/links [32m200[39m in 52ms[2m (next.js: 913µs, proxy.ts: 2ms, application-code: 48ms)[22m
 GET /app/links?unpublished=1 [32m200[39m in 22ms[2m (next.js: 733µs, proxy.ts: 2ms, application-code: 19ms)[22m
 POST /app/links [34m303[39m in 35ms[2m (next.js: 887µs, proxy.ts: 3ms, application-code: 31ms)[22m
  └─ ƒ unpublishLinkAction("cmn00a42x000412ybxzpfk6qc") in 5ms [2msrc/app/app/links/actions.ts[22m
 GET / [32m200[39m in 17ms[2m (next.js: 899µs, application-code: 16ms)[22m
 GET /login [32m200[39m in 20ms[2m (next.js: 778µs, application-code: 19ms)[22m
 GET /app [32m200[39m in 24ms[2m (next.js: 1127µs, proxy.ts: 2ms, application-code: 20ms)[22m
 POST /login [34m303[39m in 58ms[2m (next.js: 1044µs, application-code: 57ms)[22m
  └─ ƒ loginAction({}) in 30ms [2msrc/app/login/actions.ts[22m
 GET /app/links [32m200[39m in 21ms[2m (next.js: 946µs, proxy.ts: 3ms, application-code: 17ms)[22m
 GET /app/links?saved=1 [32m200[39m in 25ms[2m (next.js: 828µs, proxy.ts: 2ms, application-code: 22ms)[22m
 POST /app/links [34m303[39m in 39ms[2m (next.js: 1049µs, proxy.ts: 4ms, application-code: 34ms)[22m
  └─ ƒ createLinkAction({}) in 6ms [2msrc/app/app/links/actions.ts[22m
 POST /api/test/mina/chat/completions [32m200[39m in 1513ms[2m (next.js: 544µs, application-code: 1512ms)[22m
 GET /app/links?saved=1 [32m200[39m in 55ms[2m (next.js: 2ms, proxy.ts: 8ms, application-code: 45ms)[22m
 GET /app/links?retried=1 [32m200[39m in 29ms[2m (next.js: 940µs, proxy.ts: 3ms, application-code: 25ms)[22m
 POST /app/links?saved=1 [34m303[39m in 47ms[2m (next.js: 1488µs, proxy.ts: 6ms, application-code: 39ms)[22m
  └─ ƒ retryLinkEnrichmentAction("cmn00a75d000512ybbrbv6erz") in 6ms [2msrc/app/app/links/actions.ts[22m
 POST /api/test/mina/chat/completions [32m200[39m in 1510ms[2m (next.js: 643µs, application-code: 1509ms)[22m
 GET /app/links?retried=1 [32m200[39m in 40ms[2m (next.js: 2ms, proxy.ts: 7ms, application-code: 31ms)[22m
 GET /login [32m200[39m in 17ms[2m (next.js: 931µs, application-code: 16ms)[22m
 GET /app [32m200[39m in 24ms[2m (next.js: 1003µs, proxy.ts: 2ms, application-code: 20ms)[22m
 POST /login [34m303[39m in 57ms[2m (next.js: 915µs, application-code: 56ms)[22m
  └─ ƒ loginAction({}) in 30ms [2msrc/app/login/actions.ts[22m
 GET /app/links [32m200[39m in 23ms[2m (next.js: 894µs, proxy.ts: 3ms, application-code: 19ms)[22m
 GET /app/links?error=invalid-url [32m200[39m in 28ms[2m (next.js: 891µs, proxy.ts: 2ms, application-code: 25ms)[22m
 POST /app/links [34m303[39m in 39ms[2m (next.js: 1012µs, proxy.ts: 3ms, application-code: 36ms)[22m
  └─ ƒ createLinkAction({}) in 3ms [2msrc/app/app/links/actions.ts[22m
 GET /login [32m200[39m in 15ms[2m (next.js: 840µs, application-code: 14ms)[22m
 GET /app [32m200[39m in 25ms[2m (next.js: 869µs, proxy.ts: 2ms, application-code: 22ms)[22m
 POST /login [34m303[39m in 58ms[2m (next.js: 913µs, application-code: 57ms)[22m
  └─ ƒ loginAction({}) in 29ms [2msrc/app/login/actions.ts[22m
 GET /app/notes/new [32m200[39m in 16ms[2m (next.js: 939µs, proxy.ts: 3ms, application-code: 12ms)[22m
 GET /app/notes/cmn00acle000612ybbtm3akgp/edit?saved=1 [32m200[39m in 26ms[2m (next.js: 3ms, proxy.ts: 3ms, application-code: 21ms)[22m
 POST /app/notes/new [34m303[39m in 40ms[2m (next.js: 912µs, proxy.ts: 3ms, application-code: 36ms)[22m
  └─ ƒ createNoteAction({}) in 6ms [2msrc/app/app/notes/actions.ts[22m
 GET /app/links [32m200[39m in 44ms[2m (next.js: 898µs, proxy.ts: 3ms, application-code: 41ms)[22m
 GET /app/links?saved=1 [32m200[39m in 27ms[2m (next.js: 909µs, proxy.ts: 2ms, application-code: 23ms)[22m
 POST /app/links [34m303[39m in 41ms[2m (next.js: 895µs, proxy.ts: 3ms, application-code: 37ms)[22m
  └─ ƒ createLinkAction({}) in 7ms [2msrc/app/app/links/actions.ts[22m
 POST /api/test/mina/chat/completions [32m200[39m in 2ms[2m (next.js: 619µs, application-code: 1571µs)[22m
 GET /app/links?saved=1 [32m200[39m in 42ms[2m (next.js: 2ms, proxy.ts: 8ms, application-code: 32ms)[22m
 GET /app/tags?tag=ai-owned [32m200[39m in 120ms[2m (next.js: 25ms, proxy.ts: 6ms, application-code: 89ms)[22m
 GET /app/tags [32m200[39m in 82ms[2m (next.js: 747µs, proxy.ts: 2ms, application-code: 79ms)[22m
 GET /app/search?q=Filtered%20note%201774078086275 [32m200[39m in 79ms[2m (next.js: 16ms, proxy.ts: 3ms, application-code: 60ms)[22m
 GET /app/search?q=url-needle-1774078086275 [32m200[39m in 44ms[2m (next.js: 792µs, proxy.ts: 3ms, application-code: 40ms)[22m
 GET /app/search?q=ai-owned [32m200[39m in 35ms[2m (next.js: 872µs, proxy.ts: 5ms, application-code: 30ms)[22m
 GET /login [32m200[39m in 15ms[2m (next.js: 809µs, application-code: 14ms)[22m
 GET /app [32m200[39m in 31ms[2m (next.js: 953µs, proxy.ts: 2ms, application-code: 28ms)[22m
 POST /login [34m303[39m in 66ms[2m (next.js: 906µs, application-code: 65ms)[22m
  └─ ƒ loginAction({}) in 30ms [2msrc/app/login/actions.ts[22m
 GET /app/links [32m200[39m in 26ms[2m (next.js: 889µs, proxy.ts: 3ms, application-code: 23ms)[22m
 GET /app/links?saved=1 [32m200[39m in 28ms[2m (next.js: 812µs, proxy.ts: 2ms, application-code: 25ms)[22m
 POST /app/links [34m303[39m in 41ms[2m (next.js: 863µs, proxy.ts: 3ms, application-code: 37ms)[22m
  └─ ƒ createLinkAction({}) in 6ms [2msrc/app/app/links/actions.ts[22m
 GET /app/links?saved=1 [32m200[39m in 45ms[2m (next.js: 2ms, proxy.ts: 8ms, application-code: 34ms)[22m
 GET /app/search?q=ai [32m200[39m in 72ms[2m (next.js: 1798µs, proxy.ts: 5ms, application-code: 65ms)[22m
 GET /app/tags?tag=ai [32m200[39m in 42ms[2m (next.js: 740µs, proxy.ts: 3ms, application-code: 38ms)[22m
 GET /login [32m200[39m in 15ms[2m (next.js: 828µs, application-code: 14ms)[22m
 GET /app [32m200[39m in 25ms[2m (next.js: 1223µs, proxy.ts: 2ms, application-code: 22ms)[22m
 POST /login [34m303[39m in 60ms[2m (next.js: 851µs, application-code: 59ms)[22m
  └─ ƒ loginAction({}) in 30ms [2msrc/app/login/actions.ts[22m
 GET /app/notes/new [32m200[39m in 16ms[2m (next.js: 867µs, proxy.ts: 3ms, application-code: 12ms)[22m
 GET /app/notes/cmn00aipb000912yb187hf6tc/edit?saved=1 [32m200[39m in 23ms[2m (next.js: 2ms, proxy.ts: 2ms, application-code: 18ms)[22m
 POST /app/notes/new [34m303[39m in 36ms[2m (next.js: 895µs, proxy.ts: 3ms, application-code: 33ms)[22m
  └─ ƒ createNoteAction({}) in 6ms [2msrc/app/app/notes/actions.ts[22m
 GET /app/notes/cmn00aipb000912yb187hf6tc/edit?saved=1 [32m200[39m in 42ms[2m (next.js: 4ms, proxy.ts: 15ms, application-code: 23ms)[22m
 GET /app [32m200[39m in 60ms[2m (next.js: 2ms, proxy.ts: 6ms, application-code: 52ms)[22m
 GET / [32m200[39m in 17ms[2m (next.js: 840µs, application-code: 16ms)[22m
 GET /login [32m200[39m in 18ms[2m (next.js: 1101µs, application-code: 17ms)[22m
 GET /login [32m200[39m in 21ms[2m (next.js: 854µs, application-code: 20ms)[22m
 GET /login [32m200[39m in 15ms[2m (next.js: 1005µs, application-code: 14ms)[22m
 GET /app [32m200[39m in 21ms[2m (next.js: 1032µs, proxy.ts: 3ms, application-code: 18ms)[22m
 POST /login [34m303[39m in 55ms[2m (next.js: 1004µs, application-code: 54ms)[22m
  └─ ƒ loginAction({}) in 29ms [2msrc/app/login/actions.ts[22m
 GET /app/notes/cmn00alr9000814ybk1irz4yb/edit [32m200[39m in 42ms[2m (next.js: 2ms, proxy.ts: 3ms, application-code: 37ms)[22m
 GET /login [32m200[39m in 15ms[2m (next.js: 763µs, application-code: 14ms)[22m
 GET /app [32m200[39m in 21ms[2m (next.js: 938µs, proxy.ts: 2ms, application-code: 18ms)[22m
 POST /login [34m303[39m in 55ms[2m (next.js: 884µs, application-code: 54ms)[22m
  └─ ƒ loginAction({}) in 30ms [2msrc/app/login/actions.ts[22m
 GET /app/notes/cmn00am6y000914yb7oy6qvtv/edit [32m200[39m in 43ms[2m (next.js: 2ms, proxy.ts: 3ms, application-code: 38ms)[22m
 GET / [32m200[39m in 16ms[2m (next.js: 791µs, application-code: 15ms)[22m
 GET / [32m200[39m in 17ms[2m (next.js: 861µs, application-code: 16ms)[22m
 GET / [32m200[39m in 16ms[2m (next.js: 758µs, application-code: 15ms)[22m
 GET / [32m200[39m in 16ms[2m (next.js: 854µs, application-code: 15ms)[22m
 GET /login [32m200[39m in 28ms[2m (next.js: 845µs, application-code: 27ms)[22m
 GET /app [32m200[39m in 23ms[2m (next.js: 1071µs, proxy.ts: 2ms, application-code: 20ms)[22m
 POST /login [34m303[39m in 58ms[2m (next.js: 1009µs, application-code: 57ms)[22m
  └─ ƒ loginAction({}) in 30ms [2msrc/app/login/actions.ts[22m
 GET /login [32m200[39m in 14ms[2m (next.js: 750µs, application-code: 14ms)[22m
 GET /app [32m200[39m in 22ms[2m (next.js: 793µs, proxy.ts: 2ms, application-code: 19ms)[22m
 POST /login [34m303[39m in 56ms[2m (next.js: 981µs, application-code: 55ms)[22m
  └─ ƒ loginAction({}) in 30ms [2msrc/app/login/actions.ts[22m
 GET /login [32m200[39m in 16ms[2m (next.js: 890µs, application-code: 15ms)[22m
 GET /app [32m200[39m in 22ms[2m (next.js: 855µs, proxy.ts: 2ms, application-code: 18ms)[22m
 POST /login [34m303[39m in 55ms[2m (next.js: 896µs, application-code: 55ms)[22m
  └─ ƒ loginAction({}) in 30ms [2msrc/app/login/actions.ts[22m
 GET /app/links [32m200[39m in 46ms[2m (next.js: 917µs, proxy.ts: 3ms, application-code: 43ms)[22m
 GET /login [32m200[39m in 15ms[2m (next.js: 761µs, application-code: 14ms)[22m
 GET /app [32m200[39m in 22ms[2m (next.js: 886µs, proxy.ts: 2ms, application-code: 19ms)[22m
 POST /login [34m303[39m in 56ms[2m (next.js: 929µs, application-code: 55ms)[22m
  └─ ƒ loginAction({}) in 30ms [2msrc/app/login/actions.ts[22m
 GET /app/links [32m200[39m in 48ms[2m (next.js: 965µs, proxy.ts: 3ms, application-code: 45ms)[22m
 GET /login [32m200[39m in 15ms[2m (next.js: 779µs, application-code: 14ms)[22m
 GET /app [32m200[39m in 22ms[2m (next.js: 915µs, proxy.ts: 2ms, application-code: 18ms)[22m
 POST /login [34m303[39m in 55ms[2m (next.js: 954µs, application-code: 54ms)[22m
  └─ ƒ loginAction({}) in 30ms [2msrc/app/login/actions.ts[22m
 GET /app/tags?tag=studio-systems [32m200[39m in 40ms[2m (next.js: 892µs, proxy.ts: 3ms, application-code: 37ms)[22m
 GET /login [32m200[39m in 15ms[2m (next.js: 754µs, application-code: 14ms)[22m
 GET /app [32m200[39m in 28ms[2m (next.js: 1012µs, proxy.ts: 2ms, application-code: 25ms)[22m
 POST /login [34m303[39m in 62ms[2m (next.js: 1023µs, application-code: 61ms)[22m
  └─ ƒ loginAction({}) in 30ms [2msrc/app/login/actions.ts[22m
 GET /app/tags?tag=studio-systems [32m200[39m in 35ms[2m (next.js: 961µs, proxy.ts: 3ms, application-code: 31ms)[22m
 GET /login [32m200[39m in 15ms[2m (next.js: 868µs, application-code: 14ms)[22m
 GET /app [32m200[39m in 22ms[2m (next.js: 1084µs, proxy.ts: 2ms, application-code: 19ms)[22m
 POST /login [34m303[39m in 57ms[2m (next.js: 1021µs, application-code: 56ms)[22m
  └─ ƒ loginAction({}) in 30ms [2msrc/app/login/actions.ts[22m
 GET /app/search?q=rhythm [32m200[39m in 43ms[2m (next.js: 884µs, proxy.ts: 3ms, application-code: 40ms)[22m
 GET /login [32m200[39m in 15ms[2m (next.js: 856µs, application-code: 14ms)[22m
 GET /app [32m200[39m in 22ms[2m (next.js: 852µs, proxy.ts: 2ms, application-code: 19ms)[22m
 POST /login [34m303[39m in 56ms[2m (next.js: 1011µs, application-code: 55ms)[22m
  └─ ƒ loginAction({}) in 30ms [2msrc/app/login/actions.ts[22m
 GET /app/search?q=rhythm [32m200[39m in 38ms[2m (next.js: 1149µs, proxy.ts: 3ms, application-code: 34ms)[22m
 GET /notes/public-notes-should-read-like-finished-pages-not-dashboards [32m200[39m in 41ms[2m (next.js: 2ms, application-code: 39ms)[22m
 GET /notes/public-notes-should-read-like-finished-pages-not-dashboards [32m200[39m in 20ms[2m (next.js: 1693µs, application-code: 19ms)[22m
 GET / [32m200[39m in 17ms[2m (next.js: 941µs, application-code: 16ms)[22m
 GET / [32m200[39m in 17ms[2m (next.js: 768µs, application-code: 17ms)[22m
 GET / [32m200[39m in 15ms[2m (next.js: 819µs, application-code: 14ms)[22m
 GET /login [32m200[39m in 15ms[2m (next.js: 1015µs, application-code: 14ms)[22m
 GET /login [32m200[39m in 15ms[2m (next.js: 772µs, application-code: 14ms)[22m
 GET /app [32m200[39m in 23ms[2m (next.js: 986µs, proxy.ts: 2ms, application-code: 20ms)[22m
 POST /login [34m303[39m in 57ms[2m (next.js: 938µs, application-code: 57ms)[22m
  └─ ƒ loginAction({}) in 30ms [2msrc/app/login/actions.ts[22m
 GET /login [32m200[39m in 15ms[2m (next.js: 798µs, application-code: 14ms)[22m
 GET /app [32m200[39m in 22ms[2m (next.js: 970µs, proxy.ts: 2ms, application-code: 19ms)[22m
 POST /login [34m303[39m in 57ms[2m (next.js: 1023µs, application-code: 56ms)[22m
  └─ ƒ loginAction({}) in 30ms [2msrc/app/login/actions.ts[22m
