
> minakeep@0.1.0 dev
> next dev --hostname 127.0.0.1 --port 3100

[1m[38;2;173;127;168m▲ Next.js 16.2.0[39m[22m (Turbopack)
- Local:         http://127.0.0.1:3100
- Network:       http://127.0.0.1:3100
- Environments: .env
[32m[1m✓[22m[39m Ready in 194ms

 GET /api/health [32m200[39m in 102ms[2m (next.js: 89ms, application-code: 13ms)[22m
 GET /login [32m200[39m in 145ms[2m (next.js: 47ms, application-code: 98ms)[22m
 GET /app [32m200[39m in 113ms[2m (next.js: 24ms, proxy.ts: 37ms, application-code: 53ms)[22m
 POST /login [34m303[39m in 218ms[2m (next.js: 1346µs, application-code: 217ms)[22m
  └─ ƒ loginAction({}) in 94ms [2msrc/app/login/actions.ts[22m
 GET / [32m200[39m in 70ms[2m (next.js: 9ms, application-code: 61ms)[22m
 GET /login?callbackUrl=http%3A%2F%2Flocalhost%3A3100%2Fapp%2Fsearch [32m200[39m in 18ms[2m (next.js: 928µs, application-code: 17ms)[22m
 GET /login?callbackUrl=http%3A%2F%2Flocalhost%3A3100%2Fapp%2Fnotes%2Fnew [32m200[39m in 18ms[2m (next.js: 788µs, application-code: 17ms)[22m
 GET /app [32m200[39m in 25ms[2m (next.js: 1025µs, proxy.ts: 3ms, application-code: 21ms)[22m
 POST /login?callbackUrl=http%3A%2F%2Flocalhost%3A3100%2Fapp%2Fnotes%2Fnew [34m303[39m in 61ms[2m (next.js: 1087µs, application-code: 60ms)[22m
  └─ ƒ loginAction({}) in 31ms [2msrc/app/login/actions.ts[22m
 GET /app/notes/new [32m200[39m in 42ms[2m (next.js: 19ms, proxy.ts: 4ms, application-code: 19ms)[22m
 GET /app/notes/cmmzojoej00004uyb763fetl5/edit?saved=1 [32m200[39m in 225ms[2m (next.js: 202ms, proxy.ts: 3ms, application-code: 20ms)[22m
 POST /app/notes/new [34m303[39m in 253ms[2m (next.js: 1002µs, proxy.ts: 3ms, application-code: 249ms)[22m
  └─ ƒ createNoteAction({}) in 19ms [2msrc/app/app/notes/actions.ts[22m
 POST /app/notes/cmmzojoej00004uyb763fetl5/edit?saved=1 [34m303[39m in 117ms[2m (next.js: 4ms, proxy.ts: 6ms, application-code: 107ms)[22m
  └─ ƒ updateNoteAction("cmmzojoej00004uyb763fetl5", {}) in 27ms [2msrc/app/app/notes/actions.ts[22m
 GET /app [32m200[39m in 162ms[2m (next.js: 1219µs, proxy.ts: 8ms, application-code: 153ms)[22m
 GET /app/notes/cmmzojoej00004uyb763fetl5/edit?saved=1 [32m200[39m in 135ms[2m (next.js: 9ms, proxy.ts: 82ms, application-code: 43ms)[22m
 GET /app/notes/cmmzojoej00004uyb763fetl5/edit [32m200[39m in 22ms[2m (next.js: 1628µs, proxy.ts: 4ms, application-code: 16ms)[22m
 GET /login [32m200[39m in 17ms[2m (next.js: 782µs, application-code: 16ms)[22m
 GET /app [32m200[39m in 24ms[2m (next.js: 997µs, proxy.ts: 3ms, application-code: 21ms)[22m
 POST /login [34m303[39m in 61ms[2m (next.js: 898µs, application-code: 60ms)[22m
  └─ ƒ loginAction({}) in 32ms [2msrc/app/login/actions.ts[22m
 GET /app/notes/new [32m200[39m in 16ms[2m (next.js: 1021µs, proxy.ts: 3ms, application-code: 12ms)[22m
 GET /app/notes/cmmzojp9l00014uybwoze8pma/edit?saved=1 [32m200[39m in 24ms[2m (next.js: 2ms, proxy.ts: 3ms, application-code: 18ms)[22m
 POST /app/notes/new [34m303[39m in 36ms[2m (next.js: 1161µs, proxy.ts: 3ms, application-code: 32ms)[22m
  └─ ƒ createNoteAction({}) in 5ms [2msrc/app/app/notes/actions.ts[22m
 POST /api/test/mina/chat/completions [32m200[39m in 1520ms[2m (next.js: 13ms, application-code: 1507ms)[22m
 GET /app/notes/cmmzojp9l00014uybwoze8pma/edit?saved=1 [32m200[39m in 44ms[2m (next.js: 7ms, proxy.ts: 10ms, application-code: 27ms)[22m
 GET /app/notes/cmmzojp9l00014uybwoze8pma/edit?retried=1 [32m200[39m in 33ms[2m (next.js: 1826µs, proxy.ts: 3ms, application-code: 28ms)[22m
 POST /app/notes/cmmzojp9l00014uybwoze8pma/edit?saved=1 [34m303[39m in 57ms[2m (next.js: 4ms, proxy.ts: 7ms, application-code: 46ms)[22m
  └─ ƒ retryNoteEnrichmentAction("cmmzojp9l00014uybwoze8pma") in 7ms [2msrc/app/app/notes/actions.ts[22m
 POST /api/test/mina/chat/completions [32m200[39m in 1508ms[2m (next.js: 763µs, application-code: 1507ms)[22m
 GET /app/notes/cmmzojp9l00014uybwoze8pma/edit?retried=1 [32m200[39m in 43ms[2m (next.js: 6ms, proxy.ts: 9ms, application-code: 28ms)[22m
 GET /login [32m200[39m in 18ms[2m (next.js: 852µs, application-code: 17ms)[22m
 GET /app [32m200[39m in 24ms[2m (next.js: 972µs, proxy.ts: 2ms, application-code: 21ms)[22m
 POST /login [34m303[39m in 57ms[2m (next.js: 957µs, application-code: 56ms)[22m
  └─ ƒ loginAction({}) in 29ms [2msrc/app/login/actions.ts[22m
 GET /app/notes/new [32m200[39m in 15ms[2m (next.js: 844µs, proxy.ts: 3ms, application-code: 11ms)[22m
 GET /app/notes/cmmzoju9h00024uybaqcoujtt/edit?saved=1 [32m200[39m in 22ms[2m (next.js: 2ms, proxy.ts: 2ms, application-code: 17ms)[22m
 POST /app/notes/new [34m303[39m in 36ms[2m (next.js: 1835µs, proxy.ts: 3ms, application-code: 31ms)[22m
  └─ ƒ createNoteAction({}) in 6ms [2msrc/app/app/notes/actions.ts[22m
 GET /app/notes/cmmzoju9h00024uybaqcoujtt/edit?published=1 [32m200[39m in 25ms[2m (next.js: 1467µs, proxy.ts: 3ms, application-code: 21ms)[22m
 POST /app/notes/cmmzoju9h00024uybaqcoujtt/edit?saved=1 [34m303[39m in 39ms[2m (next.js: 1392µs, proxy.ts: 3ms, application-code: 34ms)[22m
  └─ ƒ publishNoteAction("cmmzoju9h00024uybaqcoujtt") in 5ms [2msrc/app/app/notes/actions.ts[22m
 GET / [32m200[39m in 21ms[2m (next.js: 907µs, application-code: 20ms)[22m
 GET /notes/public-note-1774058373697 [32m200[39m in 193ms[2m (next.js: 178ms, application-code: 14ms)[22m
 GET /app [32m200[39m in 45ms[2m (next.js: 926µs, proxy.ts: 3ms, application-code: 41ms)[22m
 GET /app/notes/cmmzoju9h00024uybaqcoujtt/edit [32m200[39m in 21ms[2m (next.js: 2ms, proxy.ts: 3ms, application-code: 16ms)[22m
 GET /app/notes/cmmzoju9h00024uybaqcoujtt/edit?unpublished=1 [32m200[39m in 40ms[2m (next.js: 1721µs, proxy.ts: 3ms, application-code: 35ms)[22m
 POST /app/notes/cmmzoju9h00024uybaqcoujtt/edit [34m303[39m in 54ms[2m (next.js: 1571µs, proxy.ts: 3ms, application-code: 50ms)[22m
  └─ ƒ unpublishNoteAction("cmmzoju9h00024uybaqcoujtt") in 5ms [2msrc/app/app/notes/actions.ts[22m
 GET / [32m200[39m in 21ms[2m (next.js: 780µs, application-code: 20ms)[22m
 GET /notes/public-note-1774058373697 [33m404[39m in 24ms[2m (next.js: 1806µs, application-code: 22ms)[22m
 GET /login [32m200[39m in 17ms[2m (next.js: 848µs, application-code: 16ms)[22m
 GET /app [32m200[39m in 26ms[2m (next.js: 832µs, proxy.ts: 2ms, application-code: 22ms)[22m
 POST /login [34m303[39m in 60ms[2m (next.js: 881µs, application-code: 59ms)[22m
  └─ ƒ loginAction({}) in 29ms [2msrc/app/login/actions.ts[22m
 GET /app/links [32m200[39m in 209ms[2m (next.js: 12ms, proxy.ts: 3ms, application-code: 194ms)[22m
 GET /app/links?saved=1 [32m200[39m in 179ms[2m (next.js: 760µs, proxy.ts: 2ms, application-code: 176ms)[22m
 POST /app/links [34m303[39m in 194ms[2m (next.js: 825µs, proxy.ts: 3ms, application-code: 190ms)[22m
  └─ ƒ createLinkAction({}) in 7ms [2msrc/app/app/links/actions.ts[22m
 POST /api/test/mina/chat/completions [32m200[39m in 3ms[2m (next.js: 647µs, application-code: 1884µs)[22m
 GET /app/links?saved=1 [32m200[39m in 210ms[2m (next.js: 1336µs, proxy.ts: 4ms, application-code: 204ms)[22m
 GET / [32m200[39m in 26ms[2m (next.js: 1165µs, application-code: 25ms)[22m
 GET /login [32m200[39m in 14ms[2m (next.js: 714µs, application-code: 14ms)[22m
 GET /app [32m200[39m in 25ms[2m (next.js: 859µs, proxy.ts: 3ms, application-code: 21ms)[22m
 POST /login [34m303[39m in 61ms[2m (next.js: 1141µs, application-code: 60ms)[22m
  └─ ƒ loginAction({}) in 31ms [2msrc/app/login/actions.ts[22m
 GET /app/links [32m200[39m in 172ms[2m (next.js: 877µs, proxy.ts: 3ms, application-code: 168ms)[22m
 GET /app/links?saved=1 [32m200[39m in 166ms[2m (next.js: 871µs, proxy.ts: 2ms, application-code: 163ms)[22m
 POST /app/links [34m303[39m in 179ms[2m (next.js: 938µs, proxy.ts: 3ms, application-code: 175ms)[22m
  └─ ƒ createLinkAction({}) in 6ms [2msrc/app/app/links/actions.ts[22m
 POST /api/test/mina/chat/completions [32m200[39m in 1509ms[2m (next.js: 625µs, application-code: 1508ms)[22m
 GET /app/links?saved=1 [32m200[39m in 181ms[2m (next.js: 1614µs, proxy.ts: 6ms, application-code: 173ms)[22m
 GET /app/links?retried=1 [32m200[39m in 188ms[2m (next.js: 867µs, proxy.ts: 3ms, application-code: 184ms)[22m
 POST /app/links?saved=1 [34m303[39m in 201ms[2m (next.js: 1001µs, proxy.ts: 3ms, application-code: 197ms)[22m
  └─ ƒ retryLinkEnrichmentAction("cmmzojyve00044uyb7e4hzk0h") in 5ms [2msrc/app/app/links/actions.ts[22m
 GET /app/links?retried=1 [32m200[39m in 185ms[2m (next.js: 4ms, proxy.ts: 9ms, application-code: 172ms)[22m
 POST /api/test/mina/chat/completions [32m200[39m in 1508ms[2m (next.js: 663µs, application-code: 1508ms)[22m
 GET /app/links?retried=1 [32m200[39m in 203ms[2m (next.js: 3ms, proxy.ts: 11ms, application-code: 190ms)[22m
 GET /login [32m200[39m in 16ms[2m (next.js: 1109µs, application-code: 15ms)[22m
 GET /app [32m200[39m in 26ms[2m (next.js: 926µs, proxy.ts: 3ms, application-code: 22ms)[22m
 POST /login [34m303[39m in 62ms[2m (next.js: 970µs, application-code: 61ms)[22m
  └─ ƒ loginAction({}) in 31ms [2msrc/app/login/actions.ts[22m
 GET /app/links [32m200[39m in 176ms[2m (next.js: 1570µs, proxy.ts: 4ms, application-code: 170ms)[22m
 GET /app/links?error=invalid-url [32m200[39m in 202ms[2m (next.js: 878µs, proxy.ts: 2ms, application-code: 199ms)[22m
 POST /app/links [34m303[39m in 213ms[2m (next.js: 1500µs, proxy.ts: 3ms, application-code: 209ms)[22m
  └─ ƒ createLinkAction({}) in 3ms [2msrc/app/app/links/actions.ts[22m
 GET /login [32m200[39m in 16ms[2m (next.js: 766µs, application-code: 16ms)[22m
 GET /app [32m200[39m in 25ms[2m (next.js: 896µs, proxy.ts: 2ms, application-code: 22ms)[22m
 POST /login [34m303[39m in 59ms[2m (next.js: 958µs, application-code: 58ms)[22m
  └─ ƒ loginAction({}) in 29ms [2msrc/app/login/actions.ts[22m
 GET /app/notes/new [32m200[39m in 17ms[2m (next.js: 2ms, proxy.ts: 3ms, application-code: 12ms)[22m
 GET /app/notes/cmmzok59100054uyb20lxb05t/edit?saved=1 [32m200[39m in 23ms[2m (next.js: 3ms, proxy.ts: 2ms, application-code: 18ms)[22m
 POST /app/notes/new [34m303[39m in 37ms[2m (next.js: 1292µs, proxy.ts: 3ms, application-code: 33ms)[22m
  └─ ƒ createNoteAction({}) in 6ms [2msrc/app/app/notes/actions.ts[22m
 GET /app/links [32m200[39m in 385ms[2m (next.js: 955µs, proxy.ts: 3ms, application-code: 382ms)[22m
 GET /app/links?saved=1 [32m200[39m in 206ms[2m (next.js: 1768µs, proxy.ts: 4ms, application-code: 201ms)[22m
 POST /app/links [34m303[39m in 230ms[2m (next.js: 3ms, proxy.ts: 9ms, application-code: 217ms)[22m
  └─ ƒ createLinkAction({}) in 6ms [2msrc/app/app/links/actions.ts[22m
 POST /api/test/mina/chat/completions [32m200[39m in 2ms[2m (next.js: 597µs, application-code: 1420µs)[22m
 GET /app/links?saved=1 [32m200[39m in 203ms[2m (next.js: 3ms, proxy.ts: 9ms, application-code: 191ms)[22m
 GET /app/tags?tag=ai-owned [32m200[39m in 259ms[2m (next.js: 30ms, proxy.ts: 11ms, application-code: 219ms)[22m
 GET /app/tags [32m200[39m in 409ms[2m (next.js: 1118µs, proxy.ts: 3ms, application-code: 405ms)[22m
 GET /app/search?q=Filtered%20note%201774058387938 [32m200[39m in 84ms[2m (next.js: 21ms, proxy.ts: 3ms, application-code: 61ms)[22m
 GET /app/search?q=url-needle-1774058387938 [32m200[39m in 41ms[2m (next.js: 925µs, proxy.ts: 3ms, application-code: 38ms)[22m
 GET /app/search?q=ai-owned [32m200[39m in 132ms[2m (next.js: 815µs, proxy.ts: 3ms, application-code: 128ms)[22m
 GET /login [32m200[39m in 15ms[2m (next.js: 808µs, application-code: 14ms)[22m
 GET /app [32m200[39m in 27ms[2m (next.js: 919µs, proxy.ts: 2ms, application-code: 23ms)[22m
 POST /login [34m303[39m in 62ms[2m (next.js: 971µs, application-code: 61ms)[22m
  └─ ƒ loginAction({}) in 30ms [2msrc/app/login/actions.ts[22m
 GET /app/links [32m200[39m in 195ms[2m (next.js: 916µs, proxy.ts: 3ms, application-code: 191ms)[22m
 GET /app/links?saved=1 [32m200[39m in 162ms[2m (next.js: 892µs, proxy.ts: 2ms, application-code: 159ms)[22m
 POST /app/links [34m303[39m in 176ms[2m (next.js: 1011µs, proxy.ts: 3ms, application-code: 172ms)[22m
  └─ ƒ createLinkAction({}) in 6ms [2msrc/app/app/links/actions.ts[22m
 GET /app/links?saved=1 [32m200[39m in 240ms[2m (next.js: 3ms, proxy.ts: 6ms, application-code: 230ms)[22m
 GET /app/search?q=ai [32m200[39m in 234ms[2m (next.js: 1069µs, proxy.ts: 4ms, application-code: 230ms)[22m
 GET /app/tags?tag=ai [32m200[39m in 137ms[2m (next.js: 932µs, proxy.ts: 3ms, application-code: 134ms)[22m
 GET /login [32m200[39m in 15ms[2m (next.js: 747µs, application-code: 14ms)[22m
 GET /app [32m200[39m in 26ms[2m (next.js: 969µs, proxy.ts: 2ms, application-code: 23ms)[22m
 POST /login [34m303[39m in 61ms[2m (next.js: 862µs, application-code: 60ms)[22m
  └─ ƒ loginAction({}) in 30ms [2msrc/app/login/actions.ts[22m
 GET /app/notes/new [32m200[39m in 20ms[2m (next.js: 2ms, proxy.ts: 5ms, application-code: 12ms)[22m
 GET /app/notes/cmmzokdb200084uybwnjizqxq/edit?saved=1 [32m200[39m in 25ms[2m (next.js: 3ms, proxy.ts: 3ms, application-code: 19ms)[22m
 POST /app/notes/new [34m303[39m in 39ms[2m (next.js: 1603µs, proxy.ts: 3ms, application-code: 34ms)[22m
  └─ ƒ createNoteAction({}) in 6ms [2msrc/app/app/notes/actions.ts[22m
 GET /app/notes/cmmzokdb200084uybwnjizqxq/edit?saved=1 [32m200[39m in 41ms[2m (next.js: 5ms, proxy.ts: 6ms, application-code: 30ms)[22m
 GET /app [32m200[39m in 71ms[2m (next.js: 3ms, proxy.ts: 6ms, application-code: 62ms)[22m
 GET / [32m200[39m in 25ms[2m (next.js: 1573µs, application-code: 23ms)[22m
 GET / [32m200[39m in 22ms[2m (next.js: 761µs, application-code: 21ms)[22m
 GET / [32m200[39m in 18ms[2m (next.js: 719µs, application-code: 17ms)[22m
 GET / [32m200[39m in 22ms[2m (next.js: 846µs, application-code: 21ms)[22m
 GET / [32m200[39m in 19ms[2m (next.js: 726µs, application-code: 18ms)[22m
 GET /login [32m200[39m in 15ms[2m (next.js: 765µs, application-code: 15ms)[22m
 GET /login [32m200[39m in 14ms[2m (next.js: 753µs, application-code: 14ms)[22m
 GET /app [32m200[39m in 23ms[2m (next.js: 906µs, proxy.ts: 2ms, application-code: 20ms)[22m
 POST /login [34m303[39m in 58ms[2m (next.js: 892µs, application-code: 57ms)[22m
  └─ ƒ loginAction({}) in 30ms [2msrc/app/login/actions.ts[22m
 GET /login [32m200[39m in 21ms[2m (next.js: 765µs, application-code: 20ms)[22m
 GET /app [32m200[39m in 22ms[2m (next.js: 817µs, proxy.ts: 2ms, application-code: 19ms)[22m
 POST /login [34m303[39m in 56ms[2m (next.js: 907µs, application-code: 55ms)[22m
  └─ ƒ loginAction({}) in 30ms [2msrc/app/login/actions.ts[22m
