
> minakeep@0.1.0 dev
> next dev --hostname 127.0.0.1 --port 3100

[1m[38;2;173;127;168m▲ Next.js 16.2.0[39m[22m (Turbopack)
- Local:         http://127.0.0.1:3100
- Network:       http://127.0.0.1:3100
- Environments: .env
[32m[1m✓[22m[39m Ready in 197ms

 GET /api/health [32m200[39m in 108ms[2m (next.js: 94ms, application-code: 14ms)[22m
 GET /login [32m200[39m in 161ms[2m (next.js: 53ms, application-code: 108ms)[22m
 GET /app [32m200[39m in 126ms[2m (next.js: 25ms, proxy.ts: 45ms, application-code: 56ms)[22m
 POST /login [34m303[39m in 229ms[2m (next.js: 1388µs, application-code: 227ms)[22m
  └─ ƒ loginAction({}) in 89ms [2msrc/app/login/actions.ts[22m
 GET / [32m200[39m in 37ms[2m (next.js: 9ms, application-code: 28ms)[22m
 GET /login?callbackUrl=http%3A%2F%2Flocalhost%3A3100%2Fapp%2Fsearch [32m200[39m in 28ms[2m (next.js: 791µs, application-code: 27ms)[22m
 GET /login?callbackUrl=http%3A%2F%2Flocalhost%3A3100%2Fapp%2Fnotes%2Fnew [32m200[39m in 17ms[2m (next.js: 825µs, application-code: 16ms)[22m
 GET /app [32m200[39m in 23ms[2m (next.js: 1023µs, proxy.ts: 3ms, application-code: 19ms)[22m
 POST /login?callbackUrl=http%3A%2F%2Flocalhost%3A3100%2Fapp%2Fnotes%2Fnew [34m303[39m in 58ms[2m (next.js: 1109µs, application-code: 57ms)[22m
  └─ ƒ loginAction({}) in 30ms [2msrc/app/login/actions.ts[22m
 GET /app/notes/new [32m200[39m in 38ms[2m (next.js: 20ms, proxy.ts: 3ms, application-code: 14ms)[22m
 GET /app/notes/cmn03lxb60000jsyb6b52kgea/edit?saved=1 [32m200[39m in 239ms[2m (next.js: 215ms, proxy.ts: 3ms, application-code: 20ms)[22m
 POST /app/notes/new [34m303[39m in 287ms[2m (next.js: 1088µs, proxy.ts: 3ms, application-code: 283ms)[22m
  └─ ƒ createNoteAction({}) in 31ms [2msrc/app/app/notes/actions.ts[22m
 POST /app/notes/cmn03lxb60000jsyb6b52kgea/edit?saved=1 [34m303[39m in 119ms[2m (next.js: 4ms, proxy.ts: 6ms, application-code: 110ms)[22m
  └─ ƒ updateNoteAction("cmn03lxb60000jsyb6b52kgea", {}) in 26ms [2msrc/app/app/notes/actions.ts[22m
 GET /app [32m200[39m in 158ms[2m (next.js: 1270µs, proxy.ts: 7ms, application-code: 149ms)[22m
 GET /app/notes/cmn03lxb60000jsyb6b52kgea/edit?saved=1 [32m200[39m in 126ms[2m (next.js: 7ms, proxy.ts: 84ms, application-code: 35ms)[22m
 GET /app/notes/cmn03lxb60000jsyb6b52kgea/edit [32m200[39m in 22ms[2m (next.js: 1499µs, proxy.ts: 4ms, application-code: 16ms)[22m
 GET /login [32m200[39m in 17ms[2m (next.js: 780µs, application-code: 16ms)[22m
 GET /app [32m200[39m in 27ms[2m (next.js: 1021µs, proxy.ts: 2ms, application-code: 24ms)[22m
 POST /login [34m303[39m in 60ms[2m (next.js: 910µs, application-code: 59ms)[22m
  └─ ƒ loginAction({}) in 29ms [2msrc/app/login/actions.ts[22m
 GET /app/notes/new [32m200[39m in 17ms[2m (next.js: 1073µs, proxy.ts: 3ms, application-code: 12ms)[22m
 GET /app/notes/cmn03ly760001jsybgstwny59/edit?saved=1 [32m200[39m in 22ms[2m (next.js: 2ms, proxy.ts: 2ms, application-code: 17ms)[22m
 POST /app/notes/new [34m303[39m in 37ms[2m (next.js: 1560µs, proxy.ts: 4ms, application-code: 32ms)[22m
  └─ ƒ createNoteAction({}) in 7ms [2msrc/app/app/notes/actions.ts[22m
 POST /api/test/mina/chat/completions [32m200[39m in 1514ms[2m (next.js: 13ms, application-code: 1501ms)[22m
 GET /app/notes/cmn03ly760001jsybgstwny59/edit?saved=1 [32m200[39m in 43ms[2m (next.js: 6ms, proxy.ts: 11ms, application-code: 26ms)[22m
 GET /app/notes/cmn03ly760001jsybgstwny59/edit?retried=1 [32m200[39m in 26ms[2m (next.js: 1754µs, proxy.ts: 3ms, application-code: 21ms)[22m
 POST /app/notes/cmn03ly760001jsybgstwny59/edit?saved=1 [34m303[39m in 48ms[2m (next.js: 4ms, proxy.ts: 7ms, application-code: 37ms)[22m
  └─ ƒ retryNoteEnrichmentAction("cmn03ly760001jsybgstwny59") in 7ms [2msrc/app/app/notes/actions.ts[22m
 POST /api/test/mina/chat/completions [32m200[39m in 1510ms[2m (next.js: 636µs, application-code: 1509ms)[22m
 GET /app/notes/cmn03ly760001jsybgstwny59/edit?retried=1 [32m200[39m in 52ms[2m (next.js: 7ms, proxy.ts: 10ms, application-code: 35ms)[22m
 GET /login [32m200[39m in 18ms[2m (next.js: 917µs, application-code: 17ms)[22m
 GET /app [32m200[39m in 23ms[2m (next.js: 926µs, proxy.ts: 3ms, application-code: 20ms)[22m
 POST /login [34m303[39m in 58ms[2m (next.js: 887µs, application-code: 57ms)[22m
  └─ ƒ loginAction({}) in 31ms [2msrc/app/login/actions.ts[22m
 GET /app/notes/new [32m200[39m in 16ms[2m (next.js: 895µs, proxy.ts: 3ms, application-code: 12ms)[22m
 GET /app/notes/cmn03m3820002jsybfmy2pnrp/edit?saved=1 [32m200[39m in 22ms[2m (next.js: 2ms, proxy.ts: 2ms, application-code: 18ms)[22m
 POST /app/notes/new [34m303[39m in 36ms[2m (next.js: 1000µs, proxy.ts: 4ms, application-code: 31ms)[22m
  └─ ƒ createNoteAction({}) in 6ms [2msrc/app/app/notes/actions.ts[22m
 GET /app/notes/cmn03m3820002jsybfmy2pnrp/edit?published=1 [32m200[39m in 21ms[2m (next.js: 1243µs, proxy.ts: 3ms, application-code: 17ms)[22m
 POST /app/notes/cmn03m3820002jsybfmy2pnrp/edit?saved=1 [34m303[39m in 35ms[2m (next.js: 1728µs, proxy.ts: 3ms, application-code: 30ms)[22m
  └─ ƒ publishNoteAction("cmn03m3820002jsybfmy2pnrp") in 6ms [2msrc/app/app/notes/actions.ts[22m
 GET / [32m200[39m in 19ms[2m (next.js: 938µs, application-code: 18ms)[22m
 GET /notes/public-note-1774083672840 [32m200[39m in 200ms[2m (next.js: 184ms, application-code: 16ms)[22m
 GET /app [32m200[39m in 43ms[2m (next.js: 906µs, proxy.ts: 3ms, application-code: 39ms)[22m
 GET /app/notes/cmn03m3820002jsybfmy2pnrp/edit [32m200[39m in 27ms[2m (next.js: 2ms, proxy.ts: 3ms, application-code: 21ms)[22m
 GET /app/notes/cmn03m3820002jsybfmy2pnrp/edit?unpublished=1 [32m200[39m in 21ms[2m (next.js: 1229µs, proxy.ts: 3ms, application-code: 17ms)[22m
 POST /app/notes/cmn03m3820002jsybfmy2pnrp/edit [34m303[39m in 34ms[2m (next.js: 1476µs, proxy.ts: 3ms, application-code: 30ms)[22m
  └─ ƒ unpublishNoteAction("cmn03m3820002jsybfmy2pnrp") in 6ms [2msrc/app/app/notes/actions.ts[22m
 GET / [32m200[39m in 16ms[2m (next.js: 855µs, application-code: 15ms)[22m
 GET /notes/public-note-1774083672840 [33m404[39m in 24ms[2m (next.js: 1745µs, application-code: 23ms)[22m
 GET /login [32m200[39m in 18ms[2m (next.js: 792µs, application-code: 17ms)[22m
 GET /app [32m200[39m in 24ms[2m (next.js: 859µs, proxy.ts: 3ms, application-code: 21ms)[22m
 POST /login [34m303[39m in 59ms[2m (next.js: 910µs, application-code: 58ms)[22m
  └─ ƒ loginAction({}) in 30ms [2msrc/app/login/actions.ts[22m
 GET /app/links [32m200[39m in 36ms[2m (next.js: 17ms, proxy.ts: 3ms, application-code: 16ms)[22m
 GET /app/links?saved=1 [32m200[39m in 23ms[2m (next.js: 1048µs, proxy.ts: 2ms, application-code: 20ms)[22m
 POST /app/links [34m303[39m in 41ms[2m (next.js: 1063µs, proxy.ts: 7ms, application-code: 33ms)[22m
  └─ ƒ createLinkAction({}) in 7ms [2msrc/app/app/links/actions.ts[22m
 POST /api/test/mina/chat/completions [32m200[39m in 4ms[2m (next.js: 710µs, application-code: 3ms)[22m
 GET /app/links?saved=1 [32m200[39m in 44ms[2m (next.js: 1830µs, proxy.ts: 16ms, application-code: 26ms)[22m
 GET / [32m200[39m in 34ms[2m (next.js: 1962µs, application-code: 32ms)[22m
 GET /login [32m200[39m in 16ms[2m (next.js: 941µs, application-code: 15ms)[22m
 GET /app [32m200[39m in 31ms[2m (next.js: 961µs, proxy.ts: 2ms, application-code: 28ms)[22m
 POST /login [34m303[39m in 67ms[2m (next.js: 954µs, application-code: 66ms)[22m
  └─ ƒ loginAction({}) in 30ms [2msrc/app/login/actions.ts[22m
 GET /app/links [32m200[39m in 21ms[2m (next.js: 933µs, proxy.ts: 3ms, application-code: 17ms)[22m
 GET /app/links?saved=1 [32m200[39m in 23ms[2m (next.js: 836µs, proxy.ts: 3ms, application-code: 19ms)[22m
 POST /app/links [34m303[39m in 37ms[2m (next.js: 1785µs, proxy.ts: 3ms, application-code: 32ms)[22m
  └─ ƒ createLinkAction({}) in 6ms [2msrc/app/app/links/actions.ts[22m
 POST /api/test/mina/chat/completions [32m200[39m in 2ms[2m (next.js: 616µs, application-code: 1387µs)[22m
 GET /app/links?saved=1 [32m200[39m in 43ms[2m (next.js: 3ms, proxy.ts: 9ms, application-code: 31ms)[22m
 GET /app/links?published=1 [32m200[39m in 27ms[2m (next.js: 961µs, proxy.ts: 3ms, application-code: 24ms)[22m
 POST /app/links?saved=1 [34m303[39m in 47ms[2m (next.js: 1477µs, proxy.ts: 6ms, application-code: 39ms)[22m
  └─ ƒ publishLinkAction("cmn03m75c0004jsybsgoup8xg") in 7ms [2msrc/app/app/links/actions.ts[22m
 GET / [32m200[39m in 17ms[2m (next.js: 833µs, application-code: 17ms)[22m
 GET /app/links [32m200[39m in 56ms[2m (next.js: 879µs, proxy.ts: 2ms, application-code: 53ms)[22m
 GET /app/links?unpublished=1 [32m200[39m in 22ms[2m (next.js: 819µs, proxy.ts: 2ms, application-code: 19ms)[22m
 POST /app/links [34m303[39m in 34ms[2m (next.js: 1068µs, proxy.ts: 3ms, application-code: 30ms)[22m
  └─ ƒ unpublishLinkAction("cmn03m75c0004jsybsgoup8xg") in 5ms [2msrc/app/app/links/actions.ts[22m
 GET / [32m200[39m in 17ms[2m (next.js: 928µs, application-code: 16ms)[22m
 GET /login [32m200[39m in 17ms[2m (next.js: 777µs, application-code: 17ms)[22m
 GET /app [32m200[39m in 24ms[2m (next.js: 970µs, proxy.ts: 2ms, application-code: 20ms)[22m
 POST /login [34m303[39m in 58ms[2m (next.js: 962µs, application-code: 57ms)[22m
  └─ ƒ loginAction({}) in 30ms [2msrc/app/login/actions.ts[22m
 GET /app/links [32m200[39m in 22ms[2m (next.js: 962µs, proxy.ts: 3ms, application-code: 18ms)[22m
 GET /app/links?saved=1 [32m200[39m in 24ms[2m (next.js: 764µs, proxy.ts: 2ms, application-code: 21ms)[22m
 POST /app/links [34m303[39m in 38ms[2m (next.js: 1242µs, proxy.ts: 3ms, application-code: 34ms)[22m
  └─ ƒ createLinkAction({}) in 6ms [2msrc/app/app/links/actions.ts[22m
 POST /api/test/mina/chat/completions [32m200[39m in 1512ms[2m (next.js: 604µs, application-code: 1511ms)[22m
 GET /app/links?saved=1 [32m200[39m in 45ms[2m (next.js: 3ms, proxy.ts: 9ms, application-code: 33ms)[22m
 GET /app/links?retried=1 [32m200[39m in 31ms[2m (next.js: 964µs, proxy.ts: 3ms, application-code: 28ms)[22m
 POST /app/links?saved=1 [34m303[39m in 53ms[2m (next.js: 2ms, proxy.ts: 7ms, application-code: 44ms)[22m
  └─ ƒ retryLinkEnrichmentAction("cmn03ma800005jsybv3ahzlv5") in 7ms [2msrc/app/app/links/actions.ts[22m
 POST /api/test/mina/chat/completions [32m200[39m in 1510ms[2m (next.js: 554µs, application-code: 1509ms)[22m
 GET /app/links?retried=1 [32m200[39m in 45ms[2m (next.js: 3ms, proxy.ts: 9ms, application-code: 33ms)[22m
 GET /login [32m200[39m in 17ms[2m (next.js: 871µs, application-code: 16ms)[22m
 GET /app [32m200[39m in 24ms[2m (next.js: 827µs, proxy.ts: 2ms, application-code: 21ms)[22m
 POST /login [34m303[39m in 58ms[2m (next.js: 886µs, application-code: 57ms)[22m
  └─ ƒ loginAction({}) in 30ms [2msrc/app/login/actions.ts[22m
 GET /app/links [32m200[39m in 25ms[2m (next.js: 1033µs, proxy.ts: 3ms, application-code: 21ms)[22m
 GET /app/links?error=invalid-url [32m200[39m in 24ms[2m (next.js: 777µs, proxy.ts: 2ms, application-code: 21ms)[22m
 POST /app/links [34m303[39m in 35ms[2m (next.js: 911µs, proxy.ts: 3ms, application-code: 31ms)[22m
  └─ ƒ createLinkAction({}) in 4ms [2msrc/app/app/links/actions.ts[22m
 GET /login [32m200[39m in 14ms[2m (next.js: 781µs, application-code: 14ms)[22m
 GET /app [32m200[39m in 23ms[2m (next.js: 819µs, proxy.ts: 2ms, application-code: 20ms)[22m
 POST /login [34m303[39m in 56ms[2m (next.js: 860µs, application-code: 55ms)[22m
  └─ ƒ loginAction({}) in 29ms [2msrc/app/login/actions.ts[22m
 GET /app/notes/new [32m200[39m in 15ms[2m (next.js: 903µs, proxy.ts: 3ms, application-code: 12ms)[22m
 GET /app/notes/cmn03mfob0006jsyb3rnwcmni/edit?saved=1 [32m200[39m in 22ms[2m (next.js: 2ms, proxy.ts: 2ms, application-code: 17ms)[22m
 POST /app/notes/new [34m303[39m in 36ms[2m (next.js: 1823µs, proxy.ts: 3ms, application-code: 31ms)[22m
  └─ ƒ createNoteAction({}) in 6ms [2msrc/app/app/notes/actions.ts[22m
 GET /app/links [32m200[39m in 48ms[2m (next.js: 923µs, proxy.ts: 3ms, application-code: 45ms)[22m
 GET /app/links?saved=1 [32m200[39m in 27ms[2m (next.js: 793µs, proxy.ts: 2ms, application-code: 24ms)[22m
 POST /app/links [34m303[39m in 41ms[2m (next.js: 1682µs, proxy.ts: 4ms, application-code: 36ms)[22m
  └─ ƒ createLinkAction({}) in 6ms [2msrc/app/app/links/actions.ts[22m
 POST /api/test/mina/chat/completions [32m200[39m in 2ms[2m (next.js: 594µs, application-code: 1478µs)[22m
 GET /app/links?saved=1 [32m200[39m in 47ms[2m (next.js: 3ms, proxy.ts: 10ms, application-code: 34ms)[22m
 GET /app/tags?tag=ai-owned [32m200[39m in 139ms[2m (next.js: 26ms, proxy.ts: 6ms, application-code: 106ms)[22m
 GET /app/tags [32m200[39m in 67ms[2m (next.js: 790µs, proxy.ts: 3ms, application-code: 63ms)[22m
 GET /app/search?q=Filtered%20note%201774083688983 [32m200[39m in 84ms[2m (next.js: 18ms, proxy.ts: 3ms, application-code: 63ms)[22m
 GET /app/search?q=url-needle-1774083688983 [32m200[39m in 46ms[2m (next.js: 879µs, proxy.ts: 3ms, application-code: 42ms)[22m
 GET /app/search?q=ai-owned [32m200[39m in 42ms[2m (next.js: 875µs, proxy.ts: 3ms, application-code: 38ms)[22m
 GET /login [32m200[39m in 16ms[2m (next.js: 1346µs, application-code: 15ms)[22m
 GET /app [32m200[39m in 25ms[2m (next.js: 1047µs, proxy.ts: 2ms, application-code: 22ms)[22m
 POST /login [34m303[39m in 60ms[2m (next.js: 914µs, application-code: 59ms)[22m
  └─ ƒ loginAction({}) in 30ms [2msrc/app/login/actions.ts[22m
 GET /app/links [32m200[39m in 25ms[2m (next.js: 904µs, proxy.ts: 3ms, application-code: 21ms)[22m
 GET /app/links?saved=1 [32m200[39m in 33ms[2m (next.js: 793µs, proxy.ts: 2ms, application-code: 30ms)[22m
 POST /app/links [34m303[39m in 47ms[2m (next.js: 904µs, proxy.ts: 3ms, application-code: 43ms)[22m
  └─ ƒ createLinkAction({}) in 6ms [2msrc/app/app/links/actions.ts[22m
 GET /app/links?saved=1 [32m200[39m in 50ms[2m (next.js: 3ms, proxy.ts: 9ms, application-code: 38ms)[22m
 GET /app/search?q=ai [32m200[39m in 56ms[2m (next.js: 1974µs, proxy.ts: 6ms, application-code: 48ms)[22m
 GET /app/tags?tag=ai [32m200[39m in 54ms[2m (next.js: 826µs, proxy.ts: 3ms, application-code: 51ms)[22m
 GET /login [32m200[39m in 15ms[2m (next.js: 793µs, application-code: 15ms)[22m
 GET /app [32m200[39m in 25ms[2m (next.js: 896µs, proxy.ts: 3ms, application-code: 21ms)[22m
 POST /login [34m303[39m in 59ms[2m (next.js: 994µs, application-code: 58ms)[22m
  └─ ƒ loginAction({}) in 30ms [2msrc/app/login/actions.ts[22m
 GET /app/notes/new [32m200[39m in 16ms[2m (next.js: 948µs, proxy.ts: 3ms, application-code: 12ms)[22m
 GET /app/notes/cmn03mltb000bjsyb0j6o2p9t/edit?saved=1 [32m200[39m in 22ms[2m (next.js: 3ms, proxy.ts: 2ms, application-code: 18ms)[22m
 POST /app/notes/new [34m303[39m in 38ms[2m (next.js: 952µs, proxy.ts: 7ms, application-code: 30ms)[22m
  └─ ƒ createNoteAction({}) in 5ms [2msrc/app/app/notes/actions.ts[22m
 GET /app/notes/cmn03mltb000bjsyb0j6o2p9t/edit?saved=1 [32m200[39m in 28ms[2m (next.js: 3ms, proxy.ts: 4ms, application-code: 20ms)[22m
 GET /app [32m200[39m in 62ms[2m (next.js: 1842µs, proxy.ts: 6ms, application-code: 54ms)[22m
 GET / [32m200[39m in 17ms[2m (next.js: 838µs, application-code: 16ms)[22m
 GET /login [32m200[39m in 18ms[2m (next.js: 786µs, application-code: 17ms)[22m
 GET /login [32m200[39m in 15ms[2m (next.js: 772µs, application-code: 14ms)[22m
 GET /login [32m200[39m in 15ms[2m (next.js: 754µs, application-code: 14ms)[22m
 GET /app [32m200[39m in 21ms[2m (next.js: 926µs, proxy.ts: 3ms, application-code: 17ms)[22m
 POST /login [34m303[39m in 55ms[2m (next.js: 924µs, application-code: 54ms)[22m
  └─ ƒ loginAction({}) in 30ms [2msrc/app/login/actions.ts[22m
 GET /app/notes/cmn03mouu0008juybp2egkaym/edit [32m200[39m in 44ms[2m (next.js: 2ms, proxy.ts: 3ms, application-code: 39ms)[22m
 GET /login [32m200[39m in 15ms[2m (next.js: 796µs, application-code: 14ms)[22m
 GET /app [32m200[39m in 21ms[2m (next.js: 919µs, proxy.ts: 2ms, application-code: 18ms)[22m
 POST /login [34m303[39m in 56ms[2m (next.js: 867µs, application-code: 55ms)[22m
  └─ ƒ loginAction({}) in 30ms [2msrc/app/login/actions.ts[22m
 GET /app/notes/cmn03mpbp0009juybt7mq0owj/edit [32m200[39m in 42ms[2m (next.js: 2ms, proxy.ts: 2ms, application-code: 37ms)[22m
 GET / [32m200[39m in 16ms[2m (next.js: 821µs, application-code: 15ms)[22m
 GET / [32m200[39m in 17ms[2m (next.js: 789µs, application-code: 16ms)[22m
 GET / [32m200[39m in 16ms[2m (next.js: 745µs, application-code: 15ms)[22m
 GET / [32m200[39m in 15ms[2m (next.js: 753µs, application-code: 14ms)[22m
 GET /login [32m200[39m in 15ms[2m (next.js: 772µs, application-code: 14ms)[22m
 GET /app [32m200[39m in 21ms[2m (next.js: 1082µs, proxy.ts: 2ms, application-code: 18ms)[22m
 POST /login [34m303[39m in 55ms[2m (next.js: 946µs, application-code: 54ms)[22m
  └─ ƒ loginAction({}) in 30ms [2msrc/app/login/actions.ts[22m
 GET /app/notes/new [32m200[39m in 24ms[2m (next.js: 770µs, proxy.ts: 3ms, application-code: 21ms)[22m
 GET /app/notes/cmn03mr88000cjsybpuqopjgk/edit?saved=1 [32m200[39m in 22ms[2m (next.js: 2ms, proxy.ts: 2ms, application-code: 18ms)[22m
 POST /app/notes/new [34m303[39m in 34ms[2m (next.js: 911µs, proxy.ts: 3ms, application-code: 31ms)[22m
  └─ ƒ createNoteAction({}) in 6ms [2msrc/app/app/notes/actions.ts[22m
 GET /login [32m200[39m in 17ms[2m (next.js: 764µs, application-code: 16ms)[22m
 GET /app [32m200[39m in 21ms[2m (next.js: 851µs, proxy.ts: 2ms, application-code: 18ms)[22m
 POST /login [34m303[39m in 57ms[2m (next.js: 817µs, application-code: 56ms)[22m
  └─ ƒ loginAction({}) in 31ms [2msrc/app/login/actions.ts[22m
 GET /app/notes/cmn03mrb4000tjuybuwulx7xt/edit [32m200[39m in 39ms[2m (next.js: 2ms, proxy.ts: 3ms, application-code: 34ms)[22m
 GET /login [32m200[39m in 15ms[2m (next.js: 732µs, application-code: 15ms)[22m
 GET /app [32m200[39m in 22ms[2m (next.js: 831µs, proxy.ts: 3ms, application-code: 18ms)[22m
 POST /login [34m303[39m in 55ms[2m (next.js: 909µs, application-code: 54ms)[22m
  └─ ƒ loginAction({}) in 30ms [2msrc/app/login/actions.ts[22m
 GET /app/notes/cmn03mrs3000ujuybqdh0rk5n/edit [32m200[39m in 34ms[2m (next.js: 2ms, proxy.ts: 2ms, application-code: 29ms)[22m
 GET /login [32m200[39m in 15ms[2m (next.js: 695µs, application-code: 14ms)[22m
 GET /app [32m200[39m in 21ms[2m (next.js: 801µs, proxy.ts: 2ms, application-code: 18ms)[22m
 POST /login [34m303[39m in 54ms[2m (next.js: 867µs, application-code: 53ms)[22m
  └─ ƒ loginAction({}) in 29ms [2msrc/app/login/actions.ts[22m
 GET /app/notes/cmn03ms7d000vjuybx3lz3s7r/edit [32m200[39m in 34ms[2m (next.js: 2ms, proxy.ts: 3ms, application-code: 30ms)[22m
 GET /app/notes/cmn03ms7d000vjuybx3lz3s7r/edit?saved=1 [32m200[39m in 23ms[2m (next.js: 1408µs, proxy.ts: 3ms, application-code: 19ms)[22m
 POST /app/notes/cmn03ms7d000vjuybx3lz3s7r/edit [34m303[39m in 39ms[2m (next.js: 2ms, proxy.ts: 4ms, application-code: 32ms)[22m
  └─ ƒ updateNoteAction("cmn03ms7d000vjuybx3lz3s7r", {}) in 6ms [2msrc/app/app/notes/actions.ts[22m
 GET /login [32m200[39m in 16ms[2m (next.js: 740µs, application-code: 16ms)[22m
 GET /app [32m200[39m in 21ms[2m (next.js: 853µs, proxy.ts: 2ms, application-code: 18ms)[22m
 POST /login [34m303[39m in 54ms[2m (next.js: 1019µs, application-code: 53ms)[22m
  └─ ƒ loginAction({}) in 29ms [2msrc/app/login/actions.ts[22m
 GET /app/notes/cmn03msxg000wjuybry12dow4/edit [32m200[39m in 37ms[2m (next.js: 2ms, proxy.ts: 3ms, application-code: 32ms)[22m
 GET /login [32m200[39m in 19ms[2m (next.js: 1772µs, application-code: 18ms)[22m
 GET /app [32m200[39m in 22ms[2m (next.js: 1075µs, proxy.ts: 2ms, application-code: 18ms)[22m
 POST /login [34m303[39m in 56ms[2m (next.js: 921µs, application-code: 55ms)[22m
  └─ ƒ loginAction({}) in 31ms [2msrc/app/login/actions.ts[22m
 GET /app/notes/cmn03mte7000xjuybfkfcsyc1/edit [32m200[39m in 34ms[2m (next.js: 2ms, proxy.ts: 3ms, application-code: 29ms)[22m
 GET /login [32m200[39m in 14ms[2m (next.js: 737µs, application-code: 14ms)[22m
 GET /app [32m200[39m in 21ms[2m (next.js: 764µs, proxy.ts: 2ms, application-code: 18ms)[22m
 POST /login [34m303[39m in 55ms[2m (next.js: 879µs, application-code: 54ms)[22m
  └─ ƒ loginAction({}) in 30ms [2msrc/app/login/actions.ts[22m
 GET /app/notes/new [32m200[39m in 24ms[2m (next.js: 838µs, proxy.ts: 2ms, application-code: 20ms)[22m
 GET /login [32m200[39m in 19ms[2m (next.js: 800µs, application-code: 18ms)[22m
 GET /app [32m200[39m in 22ms[2m (next.js: 1076µs, proxy.ts: 2ms, application-code: 19ms)[22m
 POST /login [34m303[39m in 56ms[2m (next.js: 944µs, application-code: 55ms)[22m
  └─ ƒ loginAction({}) in 30ms [2msrc/app/login/actions.ts[22m
 GET /app/notes/cmn03mudg000zjuyb73gbfd4f/edit [32m200[39m in 36ms[2m (next.js: 2ms, proxy.ts: 2ms, application-code: 31ms)[22m
 GET /login [32m200[39m in 15ms[2m (next.js: 845µs, application-code: 14ms)[22m
 GET /app [32m200[39m in 29ms[2m (next.js: 887µs, proxy.ts: 2ms, application-code: 25ms)[22m
 POST /login [34m303[39m in 63ms[2m (next.js: 987µs, application-code: 62ms)[22m
  └─ ƒ loginAction({}) in 30ms [2msrc/app/login/actions.ts[22m
 GET /app/notes/cmn03mutv0010juybmyfslzro/edit [32m200[39m in 40ms[2m (next.js: 2ms, proxy.ts: 3ms, application-code: 35ms)[22m
 GET /login [32m200[39m in 15ms[2m (next.js: 796µs, application-code: 15ms)[22m
 GET /app [32m200[39m in 24ms[2m (next.js: 1062µs, proxy.ts: 2ms, application-code: 21ms)[22m
 POST /login [34m303[39m in 59ms[2m (next.js: 887µs, application-code: 58ms)[22m
  └─ ƒ loginAction({}) in 31ms [2msrc/app/login/actions.ts[22m
 GET /login [32m200[39m in 15ms[2m (next.js: 751µs, application-code: 15ms)[22m
 GET /app [32m200[39m in 30ms[2m (next.js: 867µs, proxy.ts: 2ms, application-code: 27ms)[22m
 POST /login [34m303[39m in 64ms[2m (next.js: 924µs, application-code: 63ms)[22m
  └─ ƒ loginAction({}) in 30ms [2msrc/app/login/actions.ts[22m
 GET /login [32m200[39m in 16ms[2m (next.js: 1675µs, application-code: 14ms)[22m
 GET /app [32m200[39m in 22ms[2m (next.js: 941µs, proxy.ts: 2ms, application-code: 19ms)[22m
 POST /login [34m303[39m in 56ms[2m (next.js: 904µs, application-code: 55ms)[22m
  └─ ƒ loginAction({}) in 30ms [2msrc/app/login/actions.ts[22m
 GET /app/links [32m200[39m in 45ms[2m (next.js: 2ms, proxy.ts: 3ms, application-code: 40ms)[22m
 GET /login [32m200[39m in 21ms[2m (next.js: 761µs, application-code: 20ms)[22m
 GET /app [32m200[39m in 22ms[2m (next.js: 876µs, proxy.ts: 3ms, application-code: 18ms)[22m
 POST /login [34m303[39m in 56ms[2m (next.js: 904µs, application-code: 55ms)[22m
  └─ ƒ loginAction({}) in 30ms [2msrc/app/login/actions.ts[22m
 GET /app/links [32m200[39m in 41ms[2m (next.js: 874µs, proxy.ts: 3ms, application-code: 38ms)[22m
 GET /login [32m200[39m in 15ms[2m (next.js: 733µs, application-code: 15ms)[22m
 GET /app [32m200[39m in 27ms[2m (next.js: 1053µs, proxy.ts: 3ms, application-code: 24ms)[22m
 POST /login [34m303[39m in 62ms[2m (next.js: 912µs, application-code: 61ms)[22m
  └─ ƒ loginAction({}) in 30ms [2msrc/app/login/actions.ts[22m
 GET /app/tags?tag=studio-systems [32m200[39m in 40ms[2m (next.js: 2ms, proxy.ts: 3ms, application-code: 35ms)[22m
 GET /login [32m200[39m in 16ms[2m (next.js: 748µs, application-code: 15ms)[22m
 GET /app [32m200[39m in 24ms[2m (next.js: 1092µs, proxy.ts: 4ms, application-code: 19ms)[22m
 POST /login [34m303[39m in 57ms[2m (next.js: 938µs, application-code: 56ms)[22m
  └─ ƒ loginAction({}) in 29ms [2msrc/app/login/actions.ts[22m
 GET /app/tags?tag=studio-systems [32m200[39m in 44ms[2m (next.js: 879µs, proxy.ts: 3ms, application-code: 41ms)[22m
 GET /login [32m200[39m in 16ms[2m (next.js: 902µs, application-code: 15ms)[22m
 GET /app [32m200[39m in 22ms[2m (next.js: 815µs, proxy.ts: 2ms, application-code: 19ms)[22m
 POST /login [34m303[39m in 55ms[2m (next.js: 891µs, application-code: 54ms)[22m
  └─ ƒ loginAction({}) in 30ms [2msrc/app/login/actions.ts[22m
 GET /app/search?q=rhythm [32m200[39m in 40ms[2m (next.js: 1343µs, proxy.ts: 3ms, application-code: 36ms)[22m
 GET /login [32m200[39m in 15ms[2m (next.js: 786µs, application-code: 14ms)[22m
 GET /app [32m200[39m in 23ms[2m (next.js: 854µs, proxy.ts: 2ms, application-code: 20ms)[22m
 POST /login [34m303[39m in 56ms[2m (next.js: 846µs, application-code: 55ms)[22m
  └─ ƒ loginAction({}) in 29ms [2msrc/app/login/actions.ts[22m
 GET /app/search?q=rhythm [32m200[39m in 38ms[2m (next.js: 908µs, proxy.ts: 3ms, application-code: 34ms)[22m
 GET / [32m200[39m in 17ms[2m (next.js: 1072µs, application-code: 16ms)[22m
 GET / [32m200[39m in 17ms[2m (next.js: 763µs, application-code: 16ms)[22m
 GET /notes/public-notes-should-read-like-finished-pages-not-dashboards [32m200[39m in 81ms[2m (next.js: 3ms, application-code: 79ms)[22m
 GET /notes/public-notes-should-read-like-finished-pages-not-dashboards [32m200[39m in 19ms[2m (next.js: 1707µs, application-code: 17ms)[22m
 GET / [32m200[39m in 16ms[2m (next.js: 730µs, application-code: 15ms)[22m
 GET / [32m200[39m in 16ms[2m (next.js: 739µs, application-code: 15ms)[22m
 GET / [32m200[39m in 16ms[2m (next.js: 721µs, application-code: 15ms)[22m
 GET /login [32m200[39m in 15ms[2m (next.js: 742µs, application-code: 14ms)[22m
 GET /login [32m200[39m in 14ms[2m (next.js: 699µs, application-code: 14ms)[22m
 GET /app [32m200[39m in 25ms[2m (next.js: 846µs, proxy.ts: 3ms, application-code: 21ms)[22m
 POST /login [34m303[39m in 59ms[2m (next.js: 890µs, application-code: 58ms)[22m
  └─ ƒ loginAction({}) in 30ms [2msrc/app/login/actions.ts[22m
 GET /login [32m200[39m in 15ms[2m (next.js: 733µs, application-code: 14ms)[22m
 GET /app [32m200[39m in 21ms[2m (next.js: 763µs, proxy.ts: 2ms, application-code: 18ms)[22m
 POST /login [34m303[39m in 55ms[2m (next.js: 944µs, application-code: 54ms)[22m
  └─ ƒ loginAction({}) in 29ms [2msrc/app/login/actions.ts[22m
