
> minakeep@0.1.0 dev
> next dev --hostname 127.0.0.1 --port 3100

[1m[38;2;173;127;168m▲ Next.js 16.2.0[39m[22m (Turbopack)
- Local:         http://127.0.0.1:3100
- Network:       http://127.0.0.1:3100
- Environments: .env
[32m[1m✓[22m[39m Ready in 196ms

 GET /api/health [32m200[39m in 101ms[2m (next.js: 92ms, application-code: 10ms)[22m
 GET /login [32m200[39m in 154ms[2m (next.js: 49ms, application-code: 106ms)[22m
 GET /app [32m200[39m in 114ms[2m (next.js: 24ms, proxy.ts: 33ms, application-code: 58ms)[22m
 POST /login [34m303[39m in 211ms[2m (next.js: 1374µs, application-code: 210ms)[22m
  └─ ƒ loginAction({}) in 87ms [2msrc/app/login/actions.ts[22m
 GET / [32m200[39m in 35ms[2m (next.js: 9ms, application-code: 25ms)[22m
 GET /login?callbackUrl=http%3A%2F%2Flocalhost%3A3100%2Fapp%2Fsearch [32m200[39m in 24ms[2m (next.js: 776µs, application-code: 24ms)[22m
 GET /login?callbackUrl=http%3A%2F%2Flocalhost%3A3100%2Fapp%2Fnotes%2Fnew [32m200[39m in 18ms[2m (next.js: 889µs, application-code: 17ms)[22m
 GET /app [32m200[39m in 24ms[2m (next.js: 1062µs, proxy.ts: 3ms, application-code: 19ms)[22m
 POST /login?callbackUrl=http%3A%2F%2Flocalhost%3A3100%2Fapp%2Fnotes%2Fnew [34m303[39m in 58ms[2m (next.js: 1005µs, application-code: 57ms)[22m
  └─ ƒ loginAction({}) in 30ms [2msrc/app/login/actions.ts[22m
 GET /app/notes/new [32m200[39m in 39ms[2m (next.js: 21ms, proxy.ts: 4ms, application-code: 14ms)[22m
 GET /app/notes/cmmzywk740000faybqnd29ktm/edit?saved=1 [32m200[39m in 237ms[2m (next.js: 213ms, proxy.ts: 3ms, application-code: 21ms)[22m
 POST /app/notes/new [34m303[39m in 274ms[2m (next.js: 1724µs, proxy.ts: 5ms, application-code: 267ms)[22m
  └─ ƒ createNoteAction({}) in 21ms [2msrc/app/app/notes/actions.ts[22m
 POST /app/notes/cmmzywk740000faybqnd29ktm/edit?saved=1 [34m303[39m in 120ms[2m (next.js: 5ms, proxy.ts: 4ms, application-code: 111ms)[22m
  └─ ƒ updateNoteAction("cmmzywk740000faybqnd29ktm", {}) in 28ms [2msrc/app/app/notes/actions.ts[22m
 GET /app [32m200[39m in 162ms[2m (next.js: 1195µs, proxy.ts: 8ms, application-code: 153ms)[22m
 GET /app/notes/cmmzywk740000faybqnd29ktm/edit?saved=1 [32m200[39m in 133ms[2m (next.js: 18ms, proxy.ts: 88ms, application-code: 27ms)[22m
 GET /app/notes/cmmzywk740000faybqnd29ktm/edit [32m200[39m in 22ms[2m (next.js: 1859µs, proxy.ts: 4ms, application-code: 16ms)[22m
 GET /login [32m200[39m in 18ms[2m (next.js: 778µs, application-code: 17ms)[22m
 GET /app [32m200[39m in 28ms[2m (next.js: 947µs, proxy.ts: 3ms, application-code: 24ms)[22m
 POST /login [34m303[39m in 66ms[2m (next.js: 947µs, application-code: 65ms)[22m
  └─ ƒ loginAction({}) in 33ms [2msrc/app/login/actions.ts[22m
 GET /app/notes/new [32m200[39m in 17ms[2m (next.js: 1020µs, proxy.ts: 3ms, application-code: 12ms)[22m
 GET /app/notes/cmmzywl2v0001faybhqvzm18r/edit?saved=1 [32m200[39m in 23ms[2m (next.js: 2ms, proxy.ts: 2ms, application-code: 19ms)[22m
 POST /app/notes/new [34m303[39m in 39ms[2m (next.js: 1100µs, proxy.ts: 3ms, application-code: 34ms)[22m
  └─ ƒ createNoteAction({}) in 7ms [2msrc/app/app/notes/actions.ts[22m
 POST /api/test/mina/chat/completions [32m200[39m in 1516ms[2m (next.js: 15ms, application-code: 1501ms)[22m
 GET /app/notes/cmmzywl2v0001faybhqvzm18r/edit?saved=1 [32m200[39m in 46ms[2m (next.js: 8ms, proxy.ts: 10ms, application-code: 28ms)[22m
 GET /app/notes/cmmzywl2v0001faybhqvzm18r/edit?retried=1 [32m200[39m in 26ms[2m (next.js: 1854µs, proxy.ts: 3ms, application-code: 21ms)[22m
 POST /app/notes/cmmzywl2v0001faybhqvzm18r/edit?saved=1 [34m303[39m in 48ms[2m (next.js: 4ms, proxy.ts: 6ms, application-code: 38ms)[22m
  └─ ƒ retryNoteEnrichmentAction("cmmzywl2v0001faybhqvzm18r") in 7ms [2msrc/app/app/notes/actions.ts[22m
 POST /api/test/mina/chat/completions [32m200[39m in 1509ms[2m (next.js: 716µs, application-code: 1508ms)[22m
 GET /app/notes/cmmzywl2v0001faybhqvzm18r/edit?retried=1 [32m200[39m in 51ms[2m (next.js: 6ms, proxy.ts: 9ms, application-code: 36ms)[22m
 GET /login [32m200[39m in 19ms[2m (next.js: 923µs, application-code: 18ms)[22m
 GET /app [32m200[39m in 23ms[2m (next.js: 836µs, proxy.ts: 3ms, application-code: 20ms)[22m
 POST /login [34m303[39m in 61ms[2m (next.js: 964µs, application-code: 60ms)[22m
  └─ ƒ loginAction({}) in 32ms [2msrc/app/login/actions.ts[22m
 GET /app/notes/new [32m200[39m in 16ms[2m (next.js: 842µs, proxy.ts: 3ms, application-code: 12ms)[22m
 GET /app/notes/cmmzywq2y0002faybpnw680ja/edit?saved=1 [32m200[39m in 23ms[2m (next.js: 2ms, proxy.ts: 2ms, application-code: 18ms)[22m
 POST /app/notes/new [34m303[39m in 37ms[2m (next.js: 908µs, proxy.ts: 3ms, application-code: 33ms)[22m
  └─ ƒ createNoteAction({}) in 6ms [2msrc/app/app/notes/actions.ts[22m
 GET /app/notes/cmmzywq2y0002faybpnw680ja/edit?published=1 [32m200[39m in 21ms[2m (next.js: 1318µs, proxy.ts: 2ms, application-code: 18ms)[22m
 POST /app/notes/cmmzywq2y0002faybpnw680ja/edit?saved=1 [34m303[39m in 36ms[2m (next.js: 1720µs, proxy.ts: 4ms, application-code: 30ms)[22m
  └─ ƒ publishNoteAction("cmmzywq2y0002faybpnw680ja") in 5ms [2msrc/app/app/notes/actions.ts[22m
 GET / [32m200[39m in 16ms[2m (next.js: 873µs, application-code: 15ms)[22m
 GET /notes/public-note-1774075770961 [32m200[39m in 200ms[2m (next.js: 181ms, application-code: 19ms)[22m
 GET /app [32m200[39m in 44ms[2m (next.js: 942µs, proxy.ts: 3ms, application-code: 40ms)[22m
 GET /app/notes/cmmzywq2y0002faybpnw680ja/edit [32m200[39m in 22ms[2m (next.js: 3ms, proxy.ts: 3ms, application-code: 16ms)[22m
 GET /app/notes/cmmzywq2y0002faybpnw680ja/edit?unpublished=1 [32m200[39m in 22ms[2m (next.js: 1406µs, proxy.ts: 3ms, application-code: 18ms)[22m
 POST /app/notes/cmmzywq2y0002faybpnw680ja/edit [34m303[39m in 35ms[2m (next.js: 1533µs, proxy.ts: 3ms, application-code: 30ms)[22m
  └─ ƒ unpublishNoteAction("cmmzywq2y0002faybpnw680ja") in 5ms [2msrc/app/app/notes/actions.ts[22m
 GET / [32m200[39m in 16ms[2m (next.js: 881µs, application-code: 15ms)[22m
 GET /notes/public-note-1774075770961 [33m404[39m in 41ms[2m (next.js: 5ms, application-code: 36ms)[22m
 GET /login [32m200[39m in 18ms[2m (next.js: 842µs, application-code: 17ms)[22m
 GET /app [32m200[39m in 25ms[2m (next.js: 1238µs, proxy.ts: 2ms, application-code: 21ms)[22m
 POST /login [34m303[39m in 59ms[2m (next.js: 865µs, application-code: 58ms)[22m
  └─ ƒ loginAction({}) in 30ms [2msrc/app/login/actions.ts[22m
 GET /app/links [32m200[39m in 34ms[2m (next.js: 15ms, proxy.ts: 3ms, application-code: 16ms)[22m
 GET /app/links?saved=1 [32m200[39m in 24ms[2m (next.js: 825µs, proxy.ts: 2ms, application-code: 21ms)[22m
 POST /app/links [34m303[39m in 39ms[2m (next.js: 1052µs, proxy.ts: 3ms, application-code: 35ms)[22m
  └─ ƒ createLinkAction({}) in 8ms [2msrc/app/app/links/actions.ts[22m
 POST /api/test/mina/chat/completions [32m200[39m in 2ms[2m (next.js: 619µs, application-code: 1783µs)[22m
 GET /app/links?saved=1 [32m200[39m in 40ms[2m (next.js: 2ms, proxy.ts: 13ms, application-code: 26ms)[22m
 GET / [32m200[39m in 29ms[2m (next.js: 1909µs, application-code: 27ms)[22m
 GET /login [32m200[39m in 19ms[2m (next.js: 754µs, application-code: 18ms)[22m
 GET /app [32m200[39m in 45ms[2m (next.js: 1043µs, proxy.ts: 2ms, application-code: 42ms)[22m
 POST /login [34m303[39m in 81ms[2m (next.js: 993µs, application-code: 80ms)[22m
  └─ ƒ loginAction({}) in 30ms [2msrc/app/login/actions.ts[22m
 GET /app/links [32m200[39m in 23ms[2m (next.js: 1207µs, proxy.ts: 4ms, application-code: 18ms)[22m
 GET /app/links?saved=1 [32m200[39m in 23ms[2m (next.js: 856µs, proxy.ts: 2ms, application-code: 20ms)[22m
 POST /app/links [34m303[39m in 38ms[2m (next.js: 1121µs, proxy.ts: 3ms, application-code: 34ms)[22m
  └─ ƒ createLinkAction({}) in 6ms [2msrc/app/app/links/actions.ts[22m
 POST /api/test/mina/chat/completions [32m200[39m in 2ms[2m (next.js: 616µs, application-code: 1419µs)[22m
 GET /app/links?saved=1 [32m200[39m in 35ms[2m (next.js: 1765µs, proxy.ts: 6ms, application-code: 27ms)[22m
 GET /app/links?published=1 [32m200[39m in 28ms[2m (next.js: 988µs, proxy.ts: 3ms, application-code: 24ms)[22m
 POST /app/links?saved=1 [34m303[39m in 49ms[2m (next.js: 1738µs, proxy.ts: 6ms, application-code: 40ms)[22m
  └─ ƒ publishLinkAction("cmmzywu1s0005faybo856w8me") in 8ms [2msrc/app/app/links/actions.ts[22m
 GET / [32m200[39m in 17ms[2m (next.js: 839µs, application-code: 17ms)[22m
 GET /app/links [32m200[39m in 55ms[2m (next.js: 932µs, proxy.ts: 3ms, application-code: 51ms)[22m
 GET /app/links?unpublished=1 [32m200[39m in 23ms[2m (next.js: 754µs, proxy.ts: 2ms, application-code: 20ms)[22m
 POST /app/links [34m303[39m in 36ms[2m (next.js: 873µs, proxy.ts: 3ms, application-code: 32ms)[22m
  └─ ƒ unpublishLinkAction("cmmzywu1s0005faybo856w8me") in 6ms [2msrc/app/app/links/actions.ts[22m
 GET / [32m200[39m in 17ms[2m (next.js: 880µs, application-code: 16ms)[22m
 GET /login [32m200[39m in 17ms[2m (next.js: 707µs, application-code: 17ms)[22m
 GET /app [32m200[39m in 25ms[2m (next.js: 953µs, proxy.ts: 3ms, application-code: 22ms)[22m
 POST /login [34m303[39m in 62ms[2m (next.js: 969µs, application-code: 61ms)[22m
  └─ ƒ loginAction({}) in 31ms [2msrc/app/login/actions.ts[22m
 GET /app/links [32m200[39m in 22ms[2m (next.js: 1975µs, proxy.ts: 3ms, application-code: 17ms)[22m
 GET /app/links?saved=1 [32m200[39m in 25ms[2m (next.js: 773µs, proxy.ts: 2ms, application-code: 22ms)[22m
 POST /app/links [34m303[39m in 39ms[2m (next.js: 1093µs, proxy.ts: 3ms, application-code: 35ms)[22m
  └─ ƒ createLinkAction({}) in 6ms [2msrc/app/app/links/actions.ts[22m
 POST /api/test/mina/chat/completions [32m200[39m in 1513ms[2m (next.js: 575µs, application-code: 1512ms)[22m
 GET /app/links?saved=1 [32m200[39m in 38ms[2m (next.js: 2ms, proxy.ts: 6ms, application-code: 30ms)[22m
 GET /app/links?retried=1 [32m200[39m in 28ms[2m (next.js: 950µs, proxy.ts: 3ms, application-code: 24ms)[22m
 POST /app/links?saved=1 [34m303[39m in 47ms[2m (next.js: 1531µs, proxy.ts: 6ms, application-code: 39ms)[22m
  └─ ƒ retryLinkEnrichmentAction("cmmzywx5c0006faybc8cu6urs") in 7ms [2msrc/app/app/links/actions.ts[22m
 POST /api/test/mina/chat/completions [32m200[39m in 1510ms[2m (next.js: 611µs, application-code: 1509ms)[22m
 GET /app/links?retried=1 [32m200[39m in 52ms[2m (next.js: 3ms, proxy.ts: 10ms, application-code: 39ms)[22m
 GET /login [32m200[39m in 17ms[2m (next.js: 976µs, application-code: 16ms)[22m
 GET /app [32m200[39m in 29ms[2m (next.js: 915µs, proxy.ts: 3ms, application-code: 26ms)[22m
 POST /login [34m303[39m in 80ms[2m (next.js: 876µs, application-code: 79ms)[22m
  └─ ƒ loginAction({}) in 30ms [2msrc/app/login/actions.ts[22m
 GET /app/links [32m200[39m in 24ms[2m (next.js: 898µs, proxy.ts: 3ms, application-code: 20ms)[22m
 GET /app/links?error=invalid-url [32m200[39m in 24ms[2m (next.js: 912µs, proxy.ts: 2ms, application-code: 21ms)[22m
 POST /app/links [34m303[39m in 35ms[2m (next.js: 1377µs, proxy.ts: 3ms, application-code: 31ms)[22m
  └─ ƒ createLinkAction({}) in 3ms [2msrc/app/app/links/actions.ts[22m
 GET /login [32m200[39m in 15ms[2m (next.js: 813µs, application-code: 14ms)[22m
 GET /app [32m200[39m in 25ms[2m (next.js: 860µs, proxy.ts: 2ms, application-code: 22ms)[22m
 POST /login [34m303[39m in 58ms[2m (next.js: 877µs, application-code: 57ms)[22m
  └─ ƒ loginAction({}) in 29ms [2msrc/app/login/actions.ts[22m
 GET /app/notes/new [32m200[39m in 16ms[2m (next.js: 857µs, proxy.ts: 3ms, application-code: 12ms)[22m
 GET /app/notes/cmmzyx2l60007faybx34lncln/edit?saved=1 [32m200[39m in 23ms[2m (next.js: 2ms, proxy.ts: 3ms, application-code: 18ms)[22m
 POST /app/notes/new [34m303[39m in 36ms[2m (next.js: 1217µs, proxy.ts: 3ms, application-code: 32ms)[22m
  └─ ƒ createNoteAction({}) in 6ms [2msrc/app/app/notes/actions.ts[22m
 GET /app/links [32m200[39m in 51ms[2m (next.js: 4ms, proxy.ts: 3ms, application-code: 44ms)[22m
 GET /app/links?saved=1 [32m200[39m in 28ms[2m (next.js: 1236µs, proxy.ts: 2ms, application-code: 24ms)[22m
 POST /app/links [34m303[39m in 42ms[2m (next.js: 2ms, proxy.ts: 3ms, application-code: 36ms)[22m
  └─ ƒ createLinkAction({}) in 5ms [2msrc/app/app/links/actions.ts[22m
 POST /api/test/mina/chat/completions [32m200[39m in 2ms[2m (next.js: 591µs, application-code: 1646µs)[22m
 GET /app/links?saved=1 [32m200[39m in 42ms[2m (next.js: 2ms, proxy.ts: 7ms, application-code: 33ms)[22m
 GET /app/tags?tag=ai-owned [32m200[39m in 125ms[2m (next.js: 23ms, proxy.ts: 6ms, application-code: 96ms)[22m
 GET /app/tags [32m200[39m in 65ms[2m (next.js: 734µs, proxy.ts: 2ms, application-code: 62ms)[22m
 GET /app/search?q=Filtered%20note%201774075787170 [32m200[39m in 86ms[2m (next.js: 13ms, proxy.ts: 3ms, application-code: 70ms)[22m
 GET /app/search?q=url-needle-1774075787170 [32m200[39m in 45ms[2m (next.js: 787µs, proxy.ts: 3ms, application-code: 41ms)[22m
 GET /app/search?q=ai-owned [32m200[39m in 31ms[2m (next.js: 904µs, proxy.ts: 3ms, application-code: 28ms)[22m
 GET /login [32m200[39m in 14ms[2m (next.js: 747µs, application-code: 13ms)[22m
 GET /app [32m200[39m in 24ms[2m (next.js: 1094µs, proxy.ts: 2ms, application-code: 21ms)[22m
 POST /login [34m303[39m in 63ms[2m (next.js: 859µs, application-code: 63ms)[22m
  └─ ƒ loginAction({}) in 29ms [2msrc/app/login/actions.ts[22m
 GET /app/links [32m200[39m in 24ms[2m (next.js: 849µs, proxy.ts: 3ms, application-code: 20ms)[22m
 GET /app/links?saved=1 [32m200[39m in 26ms[2m (next.js: 777µs, proxy.ts: 2ms, application-code: 23ms)[22m
 POST /app/links [34m303[39m in 39ms[2m (next.js: 852µs, proxy.ts: 3ms, application-code: 35ms)[22m
  └─ ƒ createLinkAction({}) in 6ms [2msrc/app/app/links/actions.ts[22m
 GET /app/links?saved=1 [32m200[39m in 49ms[2m (next.js: 3ms, proxy.ts: 10ms, application-code: 36ms)[22m
 GET /app/search?q=ai [32m200[39m in 76ms[2m (next.js: 1795µs, proxy.ts: 5ms, application-code: 69ms)[22m
 GET /app/tags?tag=ai [32m200[39m in 40ms[2m (next.js: 1019µs, proxy.ts: 3ms, application-code: 36ms)[22m
 GET /login [32m200[39m in 14ms[2m (next.js: 816µs, application-code: 13ms)[22m
 GET /app [32m200[39m in 25ms[2m (next.js: 1114µs, proxy.ts: 2ms, application-code: 21ms)[22m
 POST /login [34m303[39m in 60ms[2m (next.js: 868µs, application-code: 59ms)[22m
  └─ ƒ loginAction({}) in 30ms [2msrc/app/login/actions.ts[22m
 GET /app/notes/new [32m200[39m in 16ms[2m (next.js: 928µs, proxy.ts: 3ms, application-code: 12ms)[22m
 GET /app/notes/cmmzyx8p2000bfaybr3mgtk1s/edit?saved=1 [32m200[39m in 24ms[2m (next.js: 2ms, proxy.ts: 2ms, application-code: 19ms)[22m
 POST /app/notes/new [34m303[39m in 37ms[2m (next.js: 852µs, proxy.ts: 3ms, application-code: 33ms)[22m
  └─ ƒ createNoteAction({}) in 6ms [2msrc/app/app/notes/actions.ts[22m
 GET /app/notes/cmmzyx8p2000bfaybr3mgtk1s/edit?saved=1 [32m200[39m in 47ms[2m (next.js: 6ms, proxy.ts: 10ms, application-code: 32ms)[22m
 GET /app [32m200[39m in 60ms[2m (next.js: 1982µs, proxy.ts: 7ms, application-code: 51ms)[22m
 GET / [32m200[39m in 18ms[2m (next.js: 1712µs, application-code: 16ms)[22m
 GET /login [32m200[39m in 20ms[2m (next.js: 838µs, application-code: 19ms)[22m
 GET /login [32m200[39m in 15ms[2m (next.js: 766µs, application-code: 14ms)[22m
 GET /login [32m200[39m in 14ms[2m (next.js: 709µs, application-code: 13ms)[22m
 GET /app [32m200[39m in 21ms[2m (next.js: 873µs, proxy.ts: 3ms, application-code: 18ms)[22m
 POST /login [34m303[39m in 56ms[2m (next.js: 923µs, application-code: 55ms)[22m
  └─ ƒ loginAction({}) in 30ms [2msrc/app/login/actions.ts[22m
 GET /app/notes/cmmzyxbq00008fcyblfbv4oc5/edit [32m200[39m in 42ms[2m (next.js: 2ms, proxy.ts: 3ms, application-code: 37ms)[22m
 GET /login [32m200[39m in 14ms[2m (next.js: 754µs, application-code: 14ms)[22m
 GET /app [32m200[39m in 27ms[2m (next.js: 1061µs, proxy.ts: 2ms, application-code: 24ms)[22m
 POST /login [34m303[39m in 62ms[2m (next.js: 924µs, application-code: 61ms)[22m
  └─ ƒ loginAction({}) in 30ms [2msrc/app/login/actions.ts[22m
 GET /app/notes/cmmzyxc5j0009fcyb1ti5bxbp/edit [32m200[39m in 35ms[2m (next.js: 2ms, proxy.ts: 3ms, application-code: 30ms)[22m
 GET / [32m200[39m in 17ms[2m (next.js: 765µs, application-code: 16ms)[22m
 GET / [32m200[39m in 17ms[2m (next.js: 894µs, application-code: 16ms)[22m
 GET / [32m200[39m in 16ms[2m (next.js: 767µs, application-code: 15ms)[22m
 GET / [32m200[39m in 16ms[2m (next.js: 835µs, application-code: 15ms)[22m
 GET /login [32m200[39m in 14ms[2m (next.js: 813µs, application-code: 14ms)[22m
 GET /app [32m200[39m in 24ms[2m (next.js: 813µs, proxy.ts: 3ms, application-code: 20ms)[22m
 POST /login [34m303[39m in 59ms[2m (next.js: 1036µs, application-code: 58ms)[22m
  └─ ƒ loginAction({}) in 30ms [2msrc/app/login/actions.ts[22m
 GET /login [32m200[39m in 14ms[2m (next.js: 715µs, application-code: 13ms)[22m
 GET /app [32m200[39m in 23ms[2m (next.js: 848µs, proxy.ts: 2ms, application-code: 20ms)[22m
 POST /login [34m303[39m in 56ms[2m (next.js: 931µs, application-code: 55ms)[22m
  └─ ƒ loginAction({}) in 30ms [2msrc/app/login/actions.ts[22m
 GET /login [32m200[39m in 15ms[2m (next.js: 855µs, application-code: 14ms)[22m
 GET /app [32m200[39m in 22ms[2m (next.js: 1034µs, proxy.ts: 2ms, application-code: 18ms)[22m
 POST /login [34m303[39m in 56ms[2m (next.js: 921µs, application-code: 55ms)[22m
  └─ ƒ loginAction({}) in 30ms [2msrc/app/login/actions.ts[22m
 GET /app/links [32m200[39m in 45ms[2m (next.js: 843µs, proxy.ts: 3ms, application-code: 41ms)[22m
 GET /login [32m200[39m in 14ms[2m (next.js: 756µs, application-code: 14ms)[22m
 GET /app [32m200[39m in 23ms[2m (next.js: 847µs, proxy.ts: 2ms, application-code: 19ms)[22m
 POST /login [34m303[39m in 56ms[2m (next.js: 945µs, application-code: 55ms)[22m
  └─ ƒ loginAction({}) in 30ms [2msrc/app/login/actions.ts[22m
 GET /app/links [32m200[39m in 39ms[2m (next.js: 858µs, proxy.ts: 3ms, application-code: 36ms)[22m
 GET /login [32m200[39m in 15ms[2m (next.js: 778µs, application-code: 14ms)[22m
 GET /app [32m200[39m in 22ms[2m (next.js: 805µs, proxy.ts: 2ms, application-code: 19ms)[22m
 POST /login [34m303[39m in 55ms[2m (next.js: 934µs, application-code: 54ms)[22m
  └─ ƒ loginAction({}) in 29ms [2msrc/app/login/actions.ts[22m
 GET /app/tags?tag=studio-systems [32m200[39m in 40ms[2m (next.js: 903µs, proxy.ts: 2ms, application-code: 37ms)[22m
 GET /login [32m200[39m in 15ms[2m (next.js: 775µs, application-code: 14ms)[22m
 GET /app [32m200[39m in 22ms[2m (next.js: 1029µs, proxy.ts: 2ms, application-code: 19ms)[22m
 POST /login [34m303[39m in 56ms[2m (next.js: 892µs, application-code: 55ms)[22m
  └─ ƒ loginAction({}) in 30ms [2msrc/app/login/actions.ts[22m
 GET /app/tags?tag=studio-systems [32m200[39m in 45ms[2m (next.js: 899µs, proxy.ts: 3ms, application-code: 42ms)[22m
 GET /login [32m200[39m in 15ms[2m (next.js: 813µs, application-code: 14ms)[22m
 GET /app [32m200[39m in 22ms[2m (next.js: 942µs, proxy.ts: 3ms, application-code: 19ms)[22m
 POST /login [34m303[39m in 57ms[2m (next.js: 988µs, application-code: 56ms)[22m
  └─ ƒ loginAction({}) in 31ms [2msrc/app/login/actions.ts[22m
 GET /app/search?q=rhythm [32m200[39m in 38ms[2m (next.js: 837µs, proxy.ts: 3ms, application-code: 35ms)[22m
 GET /login [32m200[39m in 21ms[2m (next.js: 863µs, application-code: 20ms)[22m
 GET /app [32m200[39m in 24ms[2m (next.js: 1143µs, proxy.ts: 2ms, application-code: 20ms)[22m
 POST /login [34m303[39m in 58ms[2m (next.js: 988µs, application-code: 57ms)[22m
  └─ ƒ loginAction({}) in 30ms [2msrc/app/login/actions.ts[22m
 GET /app/search?q=rhythm [32m200[39m in 38ms[2m (next.js: 1060µs, proxy.ts: 3ms, application-code: 34ms)[22m
 GET /notes/public-notes-should-read-like-finished-pages-not-dashboards [32m200[39m in 35ms[2m (next.js: 3ms, application-code: 33ms)[22m
 GET /notes/public-notes-should-read-like-finished-pages-not-dashboards [32m200[39m in 25ms[2m (next.js: 1710µs, application-code: 23ms)[22m
 GET / [32m200[39m in 17ms[2m (next.js: 840µs, application-code: 16ms)[22m
 GET / [32m200[39m in 16ms[2m (next.js: 744µs, application-code: 16ms)[22m
 GET / [32m200[39m in 15ms[2m (next.js: 778µs, application-code: 14ms)[22m
 GET /login [32m200[39m in 15ms[2m (next.js: 768µs, application-code: 15ms)[22m
 GET /login [32m200[39m in 15ms[2m (next.js: 809µs, application-code: 14ms)[22m
 GET /app [32m200[39m in 28ms[2m (next.js: 1028µs, proxy.ts: 8ms, application-code: 19ms)[22m
 POST /login [34m303[39m in 62ms[2m (next.js: 959µs, application-code: 61ms)[22m
  └─ ƒ loginAction({}) in 30ms [2msrc/app/login/actions.ts[22m
 GET /login [32m200[39m in 17ms[2m (next.js: 763µs, application-code: 16ms)[22m
 GET /app [32m200[39m in 21ms[2m (next.js: 866µs, proxy.ts: 2ms, application-code: 18ms)[22m
 POST /login [34m303[39m in 54ms[2m (next.js: 979µs, application-code: 53ms)[22m
  └─ ƒ loginAction({}) in 29ms [2msrc/app/login/actions.ts[22m
